[2026-02-04T01:29:26.923+0000] {local_task_job_runner.py:120} INFO - ::group::Pre task execution logs
[2026-02-04T01:29:26.962+0000] {taskinstance.py:2076} INFO - Dependencies all met for dep_context=non-requeueable deps ti=<TaskInstance: minio_to_snowflake.download_minio scheduled__2026-02-04T01:28:00+00:00 [queued]>
[2026-02-04T01:29:26.971+0000] {taskinstance.py:2076} INFO - Dependencies all met for dep_context=requeueable deps ti=<TaskInstance: minio_to_snowflake.download_minio scheduled__2026-02-04T01:28:00+00:00 [queued]>
[2026-02-04T01:29:26.972+0000] {taskinstance.py:2306} INFO - Starting attempt 1 of 2
[2026-02-04T01:29:26.983+0000] {taskinstance.py:2330} INFO - Executing <Task(PythonOperator): download_minio> on 2026-02-04 01:28:00+00:00
[2026-02-04T01:29:26.993+0000] {standard_task_runner.py:90} INFO - Running: ['***', 'tasks', 'run', 'minio_to_snowflake', 'download_minio', 'scheduled__2026-02-04T01:28:00+00:00', '--job-id', '442', '--raw', '--subdir', 'DAGS_FOLDER/minio_to_snowflake.py', '--cfg-path', '/tmp/tmpaub9voyr']
[2026-02-04T01:29:26.997+0000] {standard_task_runner.py:91} INFO - Job 442: Subtask download_minio
[2026-02-04T01:29:26.997+0000] {logging_mixin.py:188} WARNING - /home/***/.local/lib/python3.12/site-packages/***/task/task_runner/standard_task_runner.py:62 DeprecationWarning: This process (pid=2835) is multi-threaded, use of fork() may lead to deadlocks in the child.
[2026-02-04T01:29:26.998+0000] {standard_task_runner.py:64} INFO - Started process 2859 to run task
[2026-02-04T01:29:27.079+0000] {task_command.py:426} INFO - Running <TaskInstance: minio_to_snowflake.download_minio scheduled__2026-02-04T01:28:00+00:00 [running]> on host e6e1c513bfd4
[2026-02-04T01:29:27.145+0000] {taskinstance.py:2648} INFO - Exporting env vars: AIRFLOW_CTX_DAG_OWNER='***' AIRFLOW_CTX_DAG_ID='minio_to_snowflake' AIRFLOW_CTX_TASK_ID='download_minio' AIRFLOW_CTX_EXECUTION_DATE='2026-02-04T01:28:00+00:00' AIRFLOW_CTX_TRY_NUMBER='1' AIRFLOW_CTX_DAG_RUN_ID='scheduled__2026-02-04T01:28:00+00:00'
[2026-02-04T01:29:27.151+0000] {taskinstance.py:430} INFO - ::endgroup::
[2026-02-04T01:29:27.642+0000] {logging_mixin.py:188} INFO - Downloaded AAPL/1770167508850.json -> /tmp/minio_downloads/1770167508850.json
[2026-02-04T01:29:27.650+0000] {logging_mixin.py:188} INFO - Downloaded AAPL/1770167508876.json -> /tmp/minio_downloads/1770167508876.json
[2026-02-04T01:29:27.658+0000] {logging_mixin.py:188} INFO - Downloaded AAPL/1770167508927.json -> /tmp/minio_downloads/1770167508927.json
[2026-02-04T01:29:27.664+0000] {logging_mixin.py:188} INFO - Downloaded AAPL/1770167508952.json -> /tmp/minio_downloads/1770167508952.json
[2026-02-04T01:29:27.670+0000] {logging_mixin.py:188} INFO - Downloaded AAPL/1770167508978.json -> /tmp/minio_downloads/1770167508978.json
[2026-02-04T01:29:27.676+0000] {logging_mixin.py:188} INFO - Downloaded AAPL/1770167509011.json -> /tmp/minio_downloads/1770167509011.json
[2026-02-04T01:29:27.683+0000] {logging_mixin.py:188} INFO - Downloaded AAPL/1770167509075.json -> /tmp/minio_downloads/1770167509075.json
[2026-02-04T01:29:27.689+0000] {logging_mixin.py:188} INFO - Downloaded AAPL/1770167509107.json -> /tmp/minio_downloads/1770167509107.json
[2026-02-04T01:29:27.695+0000] {logging_mixin.py:188} INFO - Downloaded AAPL/1770167509167.json -> /tmp/minio_downloads/1770167509167.json
[2026-02-04T01:29:27.701+0000] {logging_mixin.py:188} INFO - Downloaded AAPL/1770167509185.json -> /tmp/minio_downloads/1770167509185.json
[2026-02-04T01:29:27.707+0000] {logging_mixin.py:188} INFO - Downloaded AAPL/1770167509277.json -> /tmp/minio_downloads/1770167509277.json
[2026-02-04T01:29:27.713+0000] {logging_mixin.py:188} INFO - Downloaded AAPL/1770167509362.json -> /tmp/minio_downloads/1770167509362.json
[2026-02-04T01:29:27.720+0000] {logging_mixin.py:188} INFO - Downloaded AAPL/1770167509416.json -> /tmp/minio_downloads/1770167509416.json
[2026-02-04T01:29:27.727+0000] {logging_mixin.py:188} INFO - Downloaded AAPL/1770167509427.json -> /tmp/minio_downloads/1770167509427.json
[2026-02-04T01:29:27.733+0000] {logging_mixin.py:188} INFO - Downloaded AAPL/1770167509458.json -> /tmp/minio_downloads/1770167509458.json
[2026-02-04T01:29:27.739+0000] {logging_mixin.py:188} INFO - Downloaded AAPL/1770167509485.json -> /tmp/minio_downloads/1770167509485.json
[2026-02-04T01:29:27.744+0000] {logging_mixin.py:188} INFO - Downloaded AAPL/1770167509504.json -> /tmp/minio_downloads/1770167509504.json
[2026-02-04T01:29:27.750+0000] {logging_mixin.py:188} INFO - Downloaded AAPL/1770167509520.json -> /tmp/minio_downloads/1770167509520.json
[2026-02-04T01:29:27.756+0000] {logging_mixin.py:188} INFO - Downloaded AAPL/1770167509558.json -> /tmp/minio_downloads/1770167509558.json
[2026-02-04T01:29:27.762+0000] {logging_mixin.py:188} INFO - Downloaded AAPL/1770167509564.json -> /tmp/minio_downloads/1770167509564.json
[2026-02-04T01:29:27.768+0000] {logging_mixin.py:188} INFO - Downloaded AAPL/1770167509603.json -> /tmp/minio_downloads/1770167509603.json
[2026-02-04T01:29:27.774+0000] {logging_mixin.py:188} INFO - Downloaded AAPL/1770167509615.json -> /tmp/minio_downloads/1770167509615.json
[2026-02-04T01:29:27.780+0000] {logging_mixin.py:188} INFO - Downloaded AAPL/1770167509620.json -> /tmp/minio_downloads/1770167509620.json
[2026-02-04T01:29:27.786+0000] {logging_mixin.py:188} INFO - Downloaded AAPL/1770167509645.json -> /tmp/minio_downloads/1770167509645.json
[2026-02-04T01:29:27.791+0000] {logging_mixin.py:188} INFO - Downloaded AAPL/1770167509680.json -> /tmp/minio_downloads/1770167509680.json
[2026-02-04T01:29:27.798+0000] {logging_mixin.py:188} INFO - Downloaded AAPL/1770167509702.json -> /tmp/minio_downloads/1770167509702.json
[2026-02-04T01:29:27.804+0000] {logging_mixin.py:188} INFO - Downloaded AAPL/1770167509742.json -> /tmp/minio_downloads/1770167509742.json
[2026-02-04T01:29:27.811+0000] {logging_mixin.py:188} INFO - Downloaded AAPL/1770167509766.json -> /tmp/minio_downloads/1770167509766.json
[2026-02-04T01:29:27.817+0000] {logging_mixin.py:188} INFO - Downloaded AAPL/1770167509797.json -> /tmp/minio_downloads/1770167509797.json
[2026-02-04T01:29:27.823+0000] {logging_mixin.py:188} INFO - Downloaded AAPL/1770167509847.json -> /tmp/minio_downloads/1770167509847.json
[2026-02-04T01:29:27.830+0000] {logging_mixin.py:188} INFO - Downloaded AAPL/1770167509885.json -> /tmp/minio_downloads/1770167509885.json
[2026-02-04T01:29:27.836+0000] {logging_mixin.py:188} INFO - Downloaded AAPL/1770167509925.json -> /tmp/minio_downloads/1770167509925.json
[2026-02-04T01:29:27.843+0000] {logging_mixin.py:188} INFO - Downloaded AAPL/1770167509936.json -> /tmp/minio_downloads/1770167509936.json
[2026-02-04T01:29:27.849+0000] {logging_mixin.py:188} INFO - Downloaded AAPL/1770167509982.json -> /tmp/minio_downloads/1770167509982.json
[2026-02-04T01:29:27.855+0000] {logging_mixin.py:188} INFO - Downloaded AAPL/1770167510028.json -> /tmp/minio_downloads/1770167510028.json
[2026-02-04T01:29:27.861+0000] {logging_mixin.py:188} INFO - Downloaded AAPL/1770167510039.json -> /tmp/minio_downloads/1770167510039.json
[2026-02-04T01:29:27.868+0000] {logging_mixin.py:188} INFO - Downloaded AAPL/1770167510044.json -> /tmp/minio_downloads/1770167510044.json
[2026-02-04T01:29:27.874+0000] {logging_mixin.py:188} INFO - Downloaded AAPL/1770167510094.json -> /tmp/minio_downloads/1770167510094.json
[2026-02-04T01:29:27.880+0000] {logging_mixin.py:188} INFO - Downloaded AAPL/1770167510100.json -> /tmp/minio_downloads/1770167510100.json
[2026-02-04T01:29:27.887+0000] {logging_mixin.py:188} INFO - Downloaded AAPL/1770167510111.json -> /tmp/minio_downloads/1770167510111.json
[2026-02-04T01:29:27.893+0000] {logging_mixin.py:188} INFO - Downloaded AAPL/1770167510148.json -> /tmp/minio_downloads/1770167510148.json
[2026-02-04T01:29:27.900+0000] {logging_mixin.py:188} INFO - Downloaded AAPL/1770167510165.json -> /tmp/minio_downloads/1770167510165.json
[2026-02-04T01:29:27.908+0000] {logging_mixin.py:188} INFO - Downloaded AAPL/1770167510206.json -> /tmp/minio_downloads/1770167510206.json
[2026-02-04T01:29:27.914+0000] {logging_mixin.py:188} INFO - Downloaded AAPL/1770167510217.json -> /tmp/minio_downloads/1770167510217.json
[2026-02-04T01:29:27.920+0000] {logging_mixin.py:188} INFO - Downloaded AAPL/1770167510234.json -> /tmp/minio_downloads/1770167510234.json
[2026-02-04T01:29:27.927+0000] {logging_mixin.py:188} INFO - Downloaded AAPL/1770167510239.json -> /tmp/minio_downloads/1770167510239.json
[2026-02-04T01:29:27.933+0000] {logging_mixin.py:188} INFO - Downloaded AAPL/1770167510255.json -> /tmp/minio_downloads/1770167510255.json
[2026-02-04T01:29:27.939+0000] {logging_mixin.py:188} INFO - Downloaded AAPL/1770167510267.json -> /tmp/minio_downloads/1770167510267.json
[2026-02-04T01:29:27.944+0000] {logging_mixin.py:188} INFO - Downloaded AAPL/1770167510317.json -> /tmp/minio_downloads/1770167510317.json
[2026-02-04T01:29:27.949+0000] {logging_mixin.py:188} INFO - Downloaded AAPL/1770167510328.json -> /tmp/minio_downloads/1770167510328.json
[2026-02-04T01:29:27.954+0000] {logging_mixin.py:188} INFO - Downloaded AAPL/1770167510350.json -> /tmp/minio_downloads/1770167510350.json
[2026-02-04T01:29:27.960+0000] {logging_mixin.py:188} INFO - Downloaded AAPL/1770167510417.json -> /tmp/minio_downloads/1770167510417.json
[2026-02-04T01:29:27.965+0000] {logging_mixin.py:188} INFO - Downloaded AAPL/1770167510447.json -> /tmp/minio_downloads/1770167510447.json
[2026-02-04T01:29:27.970+0000] {logging_mixin.py:188} INFO - Downloaded AAPL/1770167510479.json -> /tmp/minio_downloads/1770167510479.json
[2026-02-04T01:29:27.975+0000] {logging_mixin.py:188} INFO - Downloaded AAPL/1770167510507.json -> /tmp/minio_downloads/1770167510507.json
[2026-02-04T01:29:27.980+0000] {logging_mixin.py:188} INFO - Downloaded AAPL/1770167510598.json -> /tmp/minio_downloads/1770167510598.json
[2026-02-04T01:29:27.985+0000] {logging_mixin.py:188} INFO - Downloaded AAPL/1770167510667.json -> /tmp/minio_downloads/1770167510667.json
[2026-02-04T01:29:27.991+0000] {logging_mixin.py:188} INFO - Downloaded AAPL/1770167510679.json -> /tmp/minio_downloads/1770167510679.json
[2026-02-04T01:29:27.996+0000] {logging_mixin.py:188} INFO - Downloaded AAPL/1770167510706.json -> /tmp/minio_downloads/1770167510706.json
[2026-02-04T01:29:28.001+0000] {logging_mixin.py:188} INFO - Downloaded AAPL/1770167510740.json -> /tmp/minio_downloads/1770167510740.json
[2026-02-04T01:29:28.006+0000] {logging_mixin.py:188} INFO - Downloaded AAPL/1770167510752.json -> /tmp/minio_downloads/1770167510752.json
[2026-02-04T01:29:28.011+0000] {logging_mixin.py:188} INFO - Downloaded AAPL/1770167510775.json -> /tmp/minio_downloads/1770167510775.json
[2026-02-04T01:29:28.016+0000] {logging_mixin.py:188} INFO - Downloaded AAPL/1770167510788.json -> /tmp/minio_downloads/1770167510788.json
[2026-02-04T01:29:28.021+0000] {logging_mixin.py:188} INFO - Downloaded AAPL/1770167510793.json -> /tmp/minio_downloads/1770167510793.json
[2026-02-04T01:29:28.026+0000] {logging_mixin.py:188} INFO - Downloaded AAPL/1770167510812.json -> /tmp/minio_downloads/1770167510812.json
[2026-02-04T01:29:28.030+0000] {logging_mixin.py:188} INFO - Downloaded AAPL/1770167510830.json -> /tmp/minio_downloads/1770167510830.json
[2026-02-04T01:29:28.035+0000] {logging_mixin.py:188} INFO - Downloaded AAPL/1770167510877.json -> /tmp/minio_downloads/1770167510877.json
[2026-02-04T01:29:28.039+0000] {logging_mixin.py:188} INFO - Downloaded AAPL/1770167510895.json -> /tmp/minio_downloads/1770167510895.json
[2026-02-04T01:29:28.044+0000] {logging_mixin.py:188} INFO - Downloaded AAPL/1770167510931.json -> /tmp/minio_downloads/1770167510931.json
[2026-02-04T01:29:28.049+0000] {logging_mixin.py:188} INFO - Downloaded AAPL/1770167510938.json -> /tmp/minio_downloads/1770167510938.json
[2026-02-04T01:29:28.054+0000] {logging_mixin.py:188} INFO - Downloaded AAPL/1770167510962.json -> /tmp/minio_downloads/1770167510962.json
[2026-02-04T01:29:28.060+0000] {logging_mixin.py:188} INFO - Downloaded AAPL/1770167510980.json -> /tmp/minio_downloads/1770167510980.json
[2026-02-04T01:29:28.065+0000] {logging_mixin.py:188} INFO - Downloaded AAPL/1770167511036.json -> /tmp/minio_downloads/1770167511036.json
[2026-02-04T01:29:28.070+0000] {logging_mixin.py:188} INFO - Downloaded AAPL/1770167511054.json -> /tmp/minio_downloads/1770167511054.json
[2026-02-04T01:29:28.075+0000] {logging_mixin.py:188} INFO - Downloaded AAPL/1770167511104.json -> /tmp/minio_downloads/1770167511104.json
[2026-02-04T01:29:28.080+0000] {logging_mixin.py:188} INFO - Downloaded AAPL/1770167511122.json -> /tmp/minio_downloads/1770167511122.json
[2026-02-04T01:29:28.085+0000] {logging_mixin.py:188} INFO - Downloaded AAPL/1770167511146.json -> /tmp/minio_downloads/1770167511146.json
[2026-02-04T01:29:28.091+0000] {logging_mixin.py:188} INFO - Downloaded AAPL/1770167511176.json -> /tmp/minio_downloads/1770167511176.json
[2026-02-04T01:29:28.097+0000] {logging_mixin.py:188} INFO - Downloaded AAPL/1770167511208.json -> /tmp/minio_downloads/1770167511208.json
[2026-02-04T01:29:28.103+0000] {logging_mixin.py:188} INFO - Downloaded AAPL/1770167511237.json -> /tmp/minio_downloads/1770167511237.json
[2026-02-04T01:29:28.109+0000] {logging_mixin.py:188} INFO - Downloaded AAPL/1770167511282.json -> /tmp/minio_downloads/1770167511282.json
[2026-02-04T01:29:28.115+0000] {logging_mixin.py:188} INFO - Downloaded AAPL/1770167511299.json -> /tmp/minio_downloads/1770167511299.json
[2026-02-04T01:29:28.120+0000] {logging_mixin.py:188} INFO - Downloaded AAPL/1770167511315.json -> /tmp/minio_downloads/1770167511315.json
[2026-02-04T01:29:28.125+0000] {logging_mixin.py:188} INFO - Downloaded AAPL/1770167511327.json -> /tmp/minio_downloads/1770167511327.json
[2026-02-04T01:29:28.131+0000] {logging_mixin.py:188} INFO - Downloaded AAPL/1770167511343.json -> /tmp/minio_downloads/1770167511343.json
[2026-02-04T01:29:28.137+0000] {logging_mixin.py:188} INFO - Downloaded AAPL/1770167511397.json -> /tmp/minio_downloads/1770167511397.json
[2026-02-04T01:29:28.143+0000] {logging_mixin.py:188} INFO - Downloaded AAPL/1770167511414.json -> /tmp/minio_downloads/1770167511414.json
[2026-02-04T01:29:28.149+0000] {logging_mixin.py:188} INFO - Downloaded AAPL/1770167511421.json -> /tmp/minio_downloads/1770167511421.json
[2026-02-04T01:29:28.154+0000] {logging_mixin.py:188} INFO - Downloaded AMZN/1770167508856.json -> /tmp/minio_downloads/1770167508856.json
[2026-02-04T01:29:28.160+0000] {logging_mixin.py:188} INFO - Downloaded AMZN/1770167508940.json -> /tmp/minio_downloads/1770167508940.json
[2026-02-04T01:29:28.166+0000] {logging_mixin.py:188} INFO - Downloaded AMZN/1770167508971.json -> /tmp/minio_downloads/1770167508971.json
[2026-02-04T01:29:28.172+0000] {logging_mixin.py:188} INFO - Downloaded AMZN/1770167509005.json -> /tmp/minio_downloads/1770167509005.json
[2026-02-04T01:29:28.178+0000] {logging_mixin.py:188} INFO - Downloaded AMZN/1770167509145.json -> /tmp/minio_downloads/1770167509145.json
[2026-02-04T01:29:28.186+0000] {logging_mixin.py:188} INFO - Downloaded AMZN/1770167509180.json -> /tmp/minio_downloads/1770167509180.json
[2026-02-04T01:29:28.193+0000] {logging_mixin.py:188} INFO - Downloaded AMZN/1770167509249.json -> /tmp/minio_downloads/1770167509249.json
[2026-02-04T01:29:28.200+0000] {logging_mixin.py:188} INFO - Downloaded AMZN/1770167509260.json -> /tmp/minio_downloads/1770167509260.json
[2026-02-04T01:29:28.206+0000] {logging_mixin.py:188} INFO - Downloaded AMZN/1770167509328.json -> /tmp/minio_downloads/1770167509328.json
[2026-02-04T01:29:28.213+0000] {logging_mixin.py:188} INFO - Downloaded AMZN/1770167509350.json -> /tmp/minio_downloads/1770167509350.json
[2026-02-04T01:29:28.220+0000] {logging_mixin.py:188} INFO - Downloaded AMZN/1770167509392.json -> /tmp/minio_downloads/1770167509392.json
[2026-02-04T01:29:28.227+0000] {logging_mixin.py:188} INFO - Downloaded AMZN/1770167509398.json -> /tmp/minio_downloads/1770167509398.json
[2026-02-04T01:29:28.234+0000] {logging_mixin.py:188} INFO - Downloaded AMZN/1770167509411.json -> /tmp/minio_downloads/1770167509411.json
[2026-02-04T01:29:28.240+0000] {logging_mixin.py:188} INFO - Downloaded AMZN/1770167509515.json -> /tmp/minio_downloads/1770167509515.json
[2026-02-04T01:29:28.246+0000] {logging_mixin.py:188} INFO - Downloaded AMZN/1770167509536.json -> /tmp/minio_downloads/1770167509536.json
[2026-02-04T01:29:28.253+0000] {logging_mixin.py:188} INFO - Downloaded AMZN/1770167509553.json -> /tmp/minio_downloads/1770167509553.json
[2026-02-04T01:29:28.259+0000] {logging_mixin.py:188} INFO - Downloaded AMZN/1770167509581.json -> /tmp/minio_downloads/1770167509581.json
[2026-02-04T01:29:28.266+0000] {logging_mixin.py:188} INFO - Downloaded AMZN/1770167509598.json -> /tmp/minio_downloads/1770167509598.json
[2026-02-04T01:29:28.272+0000] {logging_mixin.py:188} INFO - Downloaded AMZN/1770167509656.json -> /tmp/minio_downloads/1770167509656.json
[2026-02-04T01:29:28.279+0000] {logging_mixin.py:188} INFO - Downloaded AMZN/1770167509667.json -> /tmp/minio_downloads/1770167509667.json
[2026-02-04T01:29:28.285+0000] {logging_mixin.py:188} INFO - Downloaded AMZN/1770167509713.json -> /tmp/minio_downloads/1770167509713.json
[2026-02-04T01:29:28.291+0000] {logging_mixin.py:188} INFO - Downloaded AMZN/1770167509737.json -> /tmp/minio_downloads/1770167509737.json
[2026-02-04T01:29:28.298+0000] {logging_mixin.py:188} INFO - Downloaded AMZN/1770167509759.json -> /tmp/minio_downloads/1770167509759.json
[2026-02-04T01:29:28.304+0000] {logging_mixin.py:188} INFO - Downloaded AMZN/1770167509779.json -> /tmp/minio_downloads/1770167509779.json
[2026-02-04T01:29:28.310+0000] {logging_mixin.py:188} INFO - Downloaded AMZN/1770167509790.json -> /tmp/minio_downloads/1770167509790.json
[2026-02-04T01:29:28.316+0000] {logging_mixin.py:188} INFO - Downloaded AMZN/1770167509825.json -> /tmp/minio_downloads/1770167509825.json
[2026-02-04T01:29:28.322+0000] {logging_mixin.py:188} INFO - Downloaded AMZN/1770167509841.json -> /tmp/minio_downloads/1770167509841.json
[2026-02-04T01:29:28.328+0000] {logging_mixin.py:188} INFO - Downloaded AMZN/1770167509879.json -> /tmp/minio_downloads/1770167509879.json
[2026-02-04T01:29:28.334+0000] {logging_mixin.py:188} INFO - Downloaded AMZN/1770167509902.json -> /tmp/minio_downloads/1770167509902.json
[2026-02-04T01:29:28.341+0000] {logging_mixin.py:188} INFO - Downloaded AMZN/1770167509920.json -> /tmp/minio_downloads/1770167509920.json
[2026-02-04T01:29:28.347+0000] {logging_mixin.py:188} INFO - Downloaded AMZN/1770167509931.json -> /tmp/minio_downloads/1770167509931.json
[2026-02-04T01:29:28.353+0000] {logging_mixin.py:188} INFO - Downloaded AMZN/1770167509965.json -> /tmp/minio_downloads/1770167509965.json
[2026-02-04T01:29:28.360+0000] {logging_mixin.py:188} INFO - Downloaded AMZN/1770167509978.json -> /tmp/minio_downloads/1770167509978.json
[2026-02-04T01:29:28.366+0000] {logging_mixin.py:188} INFO - Downloaded AMZN/1770167509993.json -> /tmp/minio_downloads/1770167509993.json
[2026-02-04T01:29:28.373+0000] {logging_mixin.py:188} INFO - Downloaded AMZN/1770167510004.json -> /tmp/minio_downloads/1770167510004.json
[2026-02-04T01:29:28.379+0000] {logging_mixin.py:188} INFO - Downloaded AMZN/1770167510061.json -> /tmp/minio_downloads/1770167510061.json
[2026-02-04T01:29:28.386+0000] {logging_mixin.py:188} INFO - Downloaded AMZN/1770167510077.json -> /tmp/minio_downloads/1770167510077.json
[2026-02-04T01:29:28.392+0000] {logging_mixin.py:188} INFO - Downloaded AMZN/1770167510088.json -> /tmp/minio_downloads/1770167510088.json
[2026-02-04T01:29:28.397+0000] {logging_mixin.py:188} INFO - Downloaded AMZN/1770167510106.json -> /tmp/minio_downloads/1770167510106.json
[2026-02-04T01:29:28.403+0000] {logging_mixin.py:188} INFO - Downloaded AMZN/1770167510128.json -> /tmp/minio_downloads/1770167510128.json
[2026-02-04T01:29:28.409+0000] {logging_mixin.py:188} INFO - Downloaded AMZN/1770167510140.json -> /tmp/minio_downloads/1770167510140.json
[2026-02-04T01:29:28.416+0000] {logging_mixin.py:188} INFO - Downloaded AMZN/1770167510173.json -> /tmp/minio_downloads/1770167510173.json
[2026-02-04T01:29:28.425+0000] {logging_mixin.py:188} INFO - Downloaded AMZN/1770167510196.json -> /tmp/minio_downloads/1770167510196.json
[2026-02-04T01:29:28.433+0000] {logging_mixin.py:188} INFO - Downloaded AMZN/1770167510201.json -> /tmp/minio_downloads/1770167510201.json
[2026-02-04T01:29:28.439+0000] {logging_mixin.py:188} INFO - Downloaded AMZN/1770167510249.json -> /tmp/minio_downloads/1770167510249.json
[2026-02-04T01:29:28.447+0000] {logging_mixin.py:188} INFO - Downloaded AMZN/1770167510280.json -> /tmp/minio_downloads/1770167510280.json
[2026-02-04T01:29:28.456+0000] {logging_mixin.py:188} INFO - Downloaded AMZN/1770167510345.json -> /tmp/minio_downloads/1770167510345.json
[2026-02-04T01:29:28.463+0000] {logging_mixin.py:188} INFO - Downloaded AMZN/1770167510356.json -> /tmp/minio_downloads/1770167510356.json
[2026-02-04T01:29:28.471+0000] {logging_mixin.py:188} INFO - Downloaded AMZN/1770167510367.json -> /tmp/minio_downloads/1770167510367.json
[2026-02-04T01:29:28.481+0000] {logging_mixin.py:188} INFO - Downloaded AMZN/1770167510384.json -> /tmp/minio_downloads/1770167510384.json
[2026-02-04T01:29:28.491+0000] {logging_mixin.py:188} INFO - Downloaded AMZN/1770167510411.json -> /tmp/minio_downloads/1770167510411.json
[2026-02-04T01:29:28.500+0000] {logging_mixin.py:188} INFO - Downloaded AMZN/1770167510501.json -> /tmp/minio_downloads/1770167510501.json
[2026-02-04T01:29:28.509+0000] {logging_mixin.py:188} INFO - Downloaded AMZN/1770167510548.json -> /tmp/minio_downloads/1770167510548.json
[2026-02-04T01:29:28.522+0000] {logging_mixin.py:188} INFO - Downloaded AMZN/1770167510560.json -> /tmp/minio_downloads/1770167510560.json
[2026-02-04T01:29:28.534+0000] {logging_mixin.py:188} INFO - Downloaded AMZN/1770167510581.json -> /tmp/minio_downloads/1770167510581.json
[2026-02-04T01:29:28.546+0000] {logging_mixin.py:188} INFO - Downloaded AMZN/1770167510617.json -> /tmp/minio_downloads/1770167510617.json
[2026-02-04T01:29:28.557+0000] {logging_mixin.py:188} INFO - Downloaded AMZN/1770167510643.json -> /tmp/minio_downloads/1770167510643.json
[2026-02-04T01:29:28.567+0000] {logging_mixin.py:188} INFO - Downloaded AMZN/1770167510690.json -> /tmp/minio_downloads/1770167510690.json
[2026-02-04T01:29:28.581+0000] {logging_mixin.py:188} INFO - Downloaded AMZN/1770167510702.json -> /tmp/minio_downloads/1770167510702.json
[2026-02-04T01:29:28.592+0000] {logging_mixin.py:188} INFO - Downloaded AMZN/1770167510718.json -> /tmp/minio_downloads/1770167510718.json
[2026-02-04T01:29:28.602+0000] {logging_mixin.py:188} INFO - Downloaded AMZN/1770167510769.json -> /tmp/minio_downloads/1770167510769.json
[2026-02-04T01:29:28.613+0000] {logging_mixin.py:188} INFO - Downloaded AMZN/1770167510806.json -> /tmp/minio_downloads/1770167510806.json
[2026-02-04T01:29:28.623+0000] {logging_mixin.py:188} INFO - Downloaded AMZN/1770167510818.json -> /tmp/minio_downloads/1770167510818.json
[2026-02-04T01:29:28.631+0000] {logging_mixin.py:188} INFO - Downloaded AMZN/1770167510824.json -> /tmp/minio_downloads/1770167510824.json
[2026-02-04T01:29:28.638+0000] {logging_mixin.py:188} INFO - Downloaded AMZN/1770167510837.json -> /tmp/minio_downloads/1770167510837.json
[2026-02-04T01:29:28.646+0000] {logging_mixin.py:188} INFO - Downloaded AMZN/1770167510854.json -> /tmp/minio_downloads/1770167510854.json
[2026-02-04T01:29:28.653+0000] {logging_mixin.py:188} INFO - Downloaded AMZN/1770167510872.json -> /tmp/minio_downloads/1770167510872.json
[2026-02-04T01:29:28.662+0000] {logging_mixin.py:188} INFO - Downloaded AMZN/1770167510911.json -> /tmp/minio_downloads/1770167510911.json
[2026-02-04T01:29:28.669+0000] {logging_mixin.py:188} INFO - Downloaded AMZN/1770167510973.json -> /tmp/minio_downloads/1770167510973.json
[2026-02-04T01:29:28.676+0000] {logging_mixin.py:188} INFO - Downloaded AMZN/1770167510986.json -> /tmp/minio_downloads/1770167510986.json
[2026-02-04T01:29:28.684+0000] {logging_mixin.py:188} INFO - Downloaded AMZN/1770167510999.json -> /tmp/minio_downloads/1770167510999.json
[2026-02-04T01:29:28.691+0000] {logging_mixin.py:188} INFO - Downloaded AMZN/1770167511025.json -> /tmp/minio_downloads/1770167511025.json
[2026-02-04T01:29:28.697+0000] {logging_mixin.py:188} INFO - Downloaded AMZN/1770167511047.json -> /tmp/minio_downloads/1770167511047.json
[2026-02-04T01:29:28.704+0000] {logging_mixin.py:188} INFO - Downloaded AMZN/1770167511082.json -> /tmp/minio_downloads/1770167511082.json
[2026-02-04T01:29:28.713+0000] {logging_mixin.py:188} INFO - Downloaded AMZN/1770167511116.json -> /tmp/minio_downloads/1770167511116.json
[2026-02-04T01:29:28.721+0000] {logging_mixin.py:188} INFO - Downloaded AMZN/1770167511140.json -> /tmp/minio_downloads/1770167511140.json
[2026-02-04T01:29:28.731+0000] {logging_mixin.py:188} INFO - Downloaded AMZN/1770167511170.json -> /tmp/minio_downloads/1770167511170.json
[2026-02-04T01:29:28.741+0000] {logging_mixin.py:188} INFO - Downloaded AMZN/1770167511186.json -> /tmp/minio_downloads/1770167511186.json
[2026-02-04T01:29:28.752+0000] {logging_mixin.py:188} INFO - Downloaded AMZN/1770167511203.json -> /tmp/minio_downloads/1770167511203.json
[2026-02-04T01:29:28.761+0000] {logging_mixin.py:188} INFO - Downloaded AMZN/1770167511225.json -> /tmp/minio_downloads/1770167511225.json
[2026-02-04T01:29:28.771+0000] {logging_mixin.py:188} INFO - Downloaded AMZN/1770167511254.json -> /tmp/minio_downloads/1770167511254.json
[2026-02-04T01:29:28.781+0000] {logging_mixin.py:188} INFO - Downloaded AMZN/1770167511276.json -> /tmp/minio_downloads/1770167511276.json
[2026-02-04T01:29:28.792+0000] {logging_mixin.py:188} INFO - Downloaded AMZN/1770167511293.json -> /tmp/minio_downloads/1770167511293.json
[2026-02-04T01:29:28.801+0000] {logging_mixin.py:188} INFO - Downloaded AMZN/1770167511309.json -> /tmp/minio_downloads/1770167511309.json
[2026-02-04T01:29:28.808+0000] {logging_mixin.py:188} INFO - Downloaded AMZN/1770167511362.json -> /tmp/minio_downloads/1770167511362.json
[2026-02-04T01:29:28.817+0000] {logging_mixin.py:188} INFO - Downloaded AMZN/1770167511386.json -> /tmp/minio_downloads/1770167511386.json
[2026-02-04T01:29:28.825+0000] {logging_mixin.py:188} INFO - Downloaded AMZN/1770167511392.json -> /tmp/minio_downloads/1770167511392.json
[2026-02-04T01:29:28.832+0000] {logging_mixin.py:188} INFO - Downloaded AMZN/1770167511436.json -> /tmp/minio_downloads/1770167511436.json
[2026-02-04T01:29:28.844+0000] {logging_mixin.py:188} INFO - Downloaded GOOGL/1770167508869.json -> /tmp/minio_downloads/1770167508869.json
[2026-02-04T01:29:28.855+0000] {logging_mixin.py:188} INFO - Downloaded GOOGL/1770167508883.json -> /tmp/minio_downloads/1770167508883.json
[2026-02-04T01:29:28.867+0000] {logging_mixin.py:188} INFO - Downloaded GOOGL/1770167508907.json -> /tmp/minio_downloads/1770167508907.json
[2026-02-04T01:29:28.877+0000] {logging_mixin.py:188} INFO - Downloaded GOOGL/1770167508962.json -> /tmp/minio_downloads/1770167508962.json
[2026-02-04T01:29:28.889+0000] {logging_mixin.py:188} INFO - Downloaded GOOGL/1770167508993.json -> /tmp/minio_downloads/1770167508993.json
[2026-02-04T01:29:28.903+0000] {logging_mixin.py:188} INFO - Downloaded GOOGL/1770167509022.json -> /tmp/minio_downloads/1770167509022.json
[2026-02-04T01:29:28.914+0000] {logging_mixin.py:188} INFO - Downloaded GOOGL/1770167509041.json -> /tmp/minio_downloads/1770167509041.json
[2026-02-04T01:29:28.924+0000] {logging_mixin.py:188} INFO - Downloaded GOOGL/1770167509064.json -> /tmp/minio_downloads/1770167509064.json
[2026-02-04T01:29:28.935+0000] {logging_mixin.py:188} INFO - Downloaded GOOGL/1770167509069.json -> /tmp/minio_downloads/1770167509069.json
[2026-02-04T01:29:28.945+0000] {logging_mixin.py:188} INFO - Downloaded GOOGL/1770167509090.json -> /tmp/minio_downloads/1770167509090.json
[2026-02-04T01:29:28.955+0000] {logging_mixin.py:188} INFO - Downloaded GOOGL/1770167509101.json -> /tmp/minio_downloads/1770167509101.json
[2026-02-04T01:29:28.963+0000] {logging_mixin.py:188} INFO - Downloaded GOOGL/1770167509131.json -> /tmp/minio_downloads/1770167509131.json
[2026-02-04T01:29:28.972+0000] {logging_mixin.py:188} INFO - Downloaded GOOGL/1770167509155.json -> /tmp/minio_downloads/1770167509155.json
[2026-02-04T01:29:28.982+0000] {logging_mixin.py:188} INFO - Downloaded GOOGL/1770167509161.json -> /tmp/minio_downloads/1770167509161.json
[2026-02-04T01:29:28.990+0000] {logging_mixin.py:188} INFO - Downloaded GOOGL/1770167509196.json -> /tmp/minio_downloads/1770167509196.json
[2026-02-04T01:29:28.998+0000] {logging_mixin.py:188} INFO - Downloaded GOOGL/1770167509215.json -> /tmp/minio_downloads/1770167509215.json
[2026-02-04T01:29:29.007+0000] {logging_mixin.py:188} INFO - Downloaded GOOGL/1770167509243.json -> /tmp/minio_downloads/1770167509243.json
[2026-02-04T01:29:29.016+0000] {logging_mixin.py:188} INFO - Downloaded GOOGL/1770167509254.json -> /tmp/minio_downloads/1770167509254.json
[2026-02-04T01:29:29.023+0000] {logging_mixin.py:188} INFO - Downloaded GOOGL/1770167509271.json -> /tmp/minio_downloads/1770167509271.json
[2026-02-04T01:29:29.031+0000] {logging_mixin.py:188} INFO - Downloaded GOOGL/1770167509293.json -> /tmp/minio_downloads/1770167509293.json
[2026-02-04T01:29:29.039+0000] {logging_mixin.py:188} INFO - Downloaded GOOGL/1770167509317.json -> /tmp/minio_downloads/1770167509317.json
[2026-02-04T01:29:29.048+0000] {logging_mixin.py:188} INFO - Downloaded GOOGL/1770167509345.json -> /tmp/minio_downloads/1770167509345.json
[2026-02-04T01:29:29.054+0000] {logging_mixin.py:188} INFO - Downloaded GOOGL/1770167509381.json -> /tmp/minio_downloads/1770167509381.json
[2026-02-04T01:29:29.062+0000] {logging_mixin.py:188} INFO - Downloaded GOOGL/1770167509386.json -> /tmp/minio_downloads/1770167509386.json
[2026-02-04T01:29:29.068+0000] {logging_mixin.py:188} INFO - Downloaded GOOGL/1770167509404.json -> /tmp/minio_downloads/1770167509404.json
[2026-02-04T01:29:29.074+0000] {logging_mixin.py:188} INFO - Downloaded GOOGL/1770167509438.json -> /tmp/minio_downloads/1770167509438.json
[2026-02-04T01:29:29.082+0000] {logging_mixin.py:188} INFO - Downloaded GOOGL/1770167509479.json -> /tmp/minio_downloads/1770167509479.json
[2026-02-04T01:29:29.087+0000] {logging_mixin.py:188} INFO - Downloaded GOOGL/1770167509497.json -> /tmp/minio_downloads/1770167509497.json
[2026-02-04T01:29:29.094+0000] {logging_mixin.py:188} INFO - Downloaded GOOGL/1770167509509.json -> /tmp/minio_downloads/1770167509509.json
[2026-02-04T01:29:29.100+0000] {logging_mixin.py:188} INFO - Downloaded GOOGL/1770167509525.json -> /tmp/minio_downloads/1770167509525.json
[2026-02-04T01:29:29.109+0000] {logging_mixin.py:188} INFO - Downloaded GOOGL/1770167509576.json -> /tmp/minio_downloads/1770167509576.json
[2026-02-04T01:29:29.116+0000] {logging_mixin.py:188} INFO - Downloaded GOOGL/1770167509586.json -> /tmp/minio_downloads/1770167509586.json
[2026-02-04T01:29:29.123+0000] {logging_mixin.py:188} INFO - Downloaded GOOGL/1770167509592.json -> /tmp/minio_downloads/1770167509592.json
[2026-02-04T01:29:29.129+0000] {logging_mixin.py:188} INFO - Downloaded GOOGL/1770167509609.json -> /tmp/minio_downloads/1770167509609.json
[2026-02-04T01:29:29.135+0000] {logging_mixin.py:188} INFO - Downloaded GOOGL/1770167509632.json -> /tmp/minio_downloads/1770167509632.json
[2026-02-04T01:29:29.142+0000] {logging_mixin.py:188} INFO - Downloaded GOOGL/1770167509638.json -> /tmp/minio_downloads/1770167509638.json
[2026-02-04T01:29:29.148+0000] {logging_mixin.py:188} INFO - Downloaded GOOGL/1770167509651.json -> /tmp/minio_downloads/1770167509651.json
[2026-02-04T01:29:29.155+0000] {logging_mixin.py:188} INFO - Downloaded GOOGL/1770167509673.json -> /tmp/minio_downloads/1770167509673.json
[2026-02-04T01:29:29.161+0000] {logging_mixin.py:188} INFO - Downloaded GOOGL/1770167509690.json -> /tmp/minio_downloads/1770167509690.json
[2026-02-04T01:29:29.167+0000] {logging_mixin.py:188} INFO - Downloaded GOOGL/1770167509730.json -> /tmp/minio_downloads/1770167509730.json
[2026-02-04T01:29:29.174+0000] {logging_mixin.py:188} INFO - Downloaded GOOGL/1770167509773.json -> /tmp/minio_downloads/1770167509773.json
[2026-02-04T01:29:29.181+0000] {logging_mixin.py:188} INFO - Downloaded GOOGL/1770167509803.json -> /tmp/minio_downloads/1770167509803.json
[2026-02-04T01:29:29.187+0000] {logging_mixin.py:188} INFO - Downloaded GOOGL/1770167509860.json -> /tmp/minio_downloads/1770167509860.json
[2026-02-04T01:29:29.193+0000] {logging_mixin.py:188} INFO - Downloaded GOOGL/1770167509873.json -> /tmp/minio_downloads/1770167509873.json
[2026-02-04T01:29:29.199+0000] {logging_mixin.py:188} INFO - Downloaded GOOGL/1770167509914.json -> /tmp/minio_downloads/1770167509914.json
[2026-02-04T01:29:29.204+0000] {logging_mixin.py:188} INFO - Downloaded GOOGL/1770167509952.json -> /tmp/minio_downloads/1770167509952.json
[2026-02-04T01:29:29.213+0000] {logging_mixin.py:188} INFO - Downloaded GOOGL/1770167509972.json -> /tmp/minio_downloads/1770167509972.json
[2026-02-04T01:29:29.220+0000] {logging_mixin.py:188} INFO - Downloaded GOOGL/1770167510022.json -> /tmp/minio_downloads/1770167510022.json
[2026-02-04T01:29:29.228+0000] {logging_mixin.py:188} INFO - Downloaded GOOGL/1770167510033.json -> /tmp/minio_downloads/1770167510033.json
[2026-02-04T01:29:29.235+0000] {logging_mixin.py:188} INFO - Downloaded GOOGL/1770167510159.json -> /tmp/minio_downloads/1770167510159.json
[2026-02-04T01:29:29.243+0000] {logging_mixin.py:188} INFO - Downloaded GOOGL/1770167510190.json -> /tmp/minio_downloads/1770167510190.json
[2026-02-04T01:29:29.249+0000] {logging_mixin.py:188} INFO - Downloaded GOOGL/1770167510291.json -> /tmp/minio_downloads/1770167510291.json
[2026-02-04T01:29:29.255+0000] {logging_mixin.py:188} INFO - Downloaded GOOGL/1770167510311.json -> /tmp/minio_downloads/1770167510311.json
[2026-02-04T01:29:29.262+0000] {logging_mixin.py:188} INFO - Downloaded GOOGL/1770167510323.json -> /tmp/minio_downloads/1770167510323.json
[2026-02-04T01:29:29.269+0000] {logging_mixin.py:188} INFO - Downloaded GOOGL/1770167510340.json -> /tmp/minio_downloads/1770167510340.json
[2026-02-04T01:29:29.276+0000] {logging_mixin.py:188} INFO - Downloaded GOOGL/1770167510405.json -> /tmp/minio_downloads/1770167510405.json
[2026-02-04T01:29:29.282+0000] {logging_mixin.py:188} INFO - Downloaded GOOGL/1770167510466.json -> /tmp/minio_downloads/1770167510466.json
[2026-02-04T01:29:29.288+0000] {logging_mixin.py:188} INFO - Downloaded GOOGL/1770167510513.json -> /tmp/minio_downloads/1770167510513.json
[2026-02-04T01:29:29.296+0000] {logging_mixin.py:188} INFO - Downloaded GOOGL/1770167510525.json -> /tmp/minio_downloads/1770167510525.json
[2026-02-04T01:29:29.304+0000] {logging_mixin.py:188} INFO - Downloaded GOOGL/1770167510537.json -> /tmp/minio_downloads/1770167510537.json
[2026-02-04T01:29:29.313+0000] {logging_mixin.py:188} INFO - Downloaded GOOGL/1770167510553.json -> /tmp/minio_downloads/1770167510553.json
[2026-02-04T01:29:29.322+0000] {logging_mixin.py:188} INFO - Downloaded GOOGL/1770167510610.json -> /tmp/minio_downloads/1770167510610.json
[2026-02-04T01:29:29.329+0000] {logging_mixin.py:188} INFO - Downloaded GOOGL/1770167510630.json -> /tmp/minio_downloads/1770167510630.json
[2026-02-04T01:29:29.335+0000] {logging_mixin.py:188} INFO - Downloaded GOOGL/1770167510655.json -> /tmp/minio_downloads/1770167510655.json
[2026-02-04T01:29:29.343+0000] {logging_mixin.py:188} INFO - Downloaded GOOGL/1770167510673.json -> /tmp/minio_downloads/1770167510673.json
[2026-02-04T01:29:29.351+0000] {logging_mixin.py:188} INFO - Downloaded GOOGL/1770167510712.json -> /tmp/minio_downloads/1770167510712.json
[2026-02-04T01:29:29.359+0000] {logging_mixin.py:188} INFO - Downloaded GOOGL/1770167510729.json -> /tmp/minio_downloads/1770167510729.json
[2026-02-04T01:29:29.366+0000] {logging_mixin.py:188} INFO - Downloaded GOOGL/1770167510735.json -> /tmp/minio_downloads/1770167510735.json
[2026-02-04T01:29:29.374+0000] {logging_mixin.py:188} INFO - Downloaded GOOGL/1770167510763.json -> /tmp/minio_downloads/1770167510763.json
[2026-02-04T01:29:29.381+0000] {logging_mixin.py:188} INFO - Downloaded GOOGL/1770167510867.json -> /tmp/minio_downloads/1770167510867.json
[2026-02-04T01:29:29.388+0000] {logging_mixin.py:188} INFO - Downloaded GOOGL/1770167510889.json -> /tmp/minio_downloads/1770167510889.json
[2026-02-04T01:29:29.395+0000] {logging_mixin.py:188} INFO - Downloaded GOOGL/1770167510901.json -> /tmp/minio_downloads/1770167510901.json
[2026-02-04T01:29:29.400+0000] {logging_mixin.py:188} INFO - Downloaded GOOGL/1770167510918.json -> /tmp/minio_downloads/1770167510918.json
[2026-02-04T01:29:29.407+0000] {logging_mixin.py:188} INFO - Downloaded GOOGL/1770167510925.json -> /tmp/minio_downloads/1770167510925.json
[2026-02-04T01:29:29.416+0000] {logging_mixin.py:188} INFO - Downloaded GOOGL/1770167510968.json -> /tmp/minio_downloads/1770167510968.json
[2026-02-04T01:29:29.423+0000] {logging_mixin.py:188} INFO - Downloaded GOOGL/1770167510992.json -> /tmp/minio_downloads/1770167510992.json
[2026-02-04T01:29:29.429+0000] {logging_mixin.py:188} INFO - Downloaded GOOGL/1770167511012.json -> /tmp/minio_downloads/1770167511012.json
[2026-02-04T01:29:29.435+0000] {logging_mixin.py:188} INFO - Downloaded GOOGL/1770167511018.json -> /tmp/minio_downloads/1770167511018.json
[2026-02-04T01:29:29.441+0000] {logging_mixin.py:188} INFO - Downloaded GOOGL/1770167511092.json -> /tmp/minio_downloads/1770167511092.json
[2026-02-04T01:29:29.448+0000] {logging_mixin.py:188} INFO - Downloaded GOOGL/1770167511098.json -> /tmp/minio_downloads/1770167511098.json
[2026-02-04T01:29:29.455+0000] {logging_mixin.py:188} INFO - Downloaded GOOGL/1770167511110.json -> /tmp/minio_downloads/1770167511110.json
[2026-02-04T01:29:29.461+0000] {logging_mixin.py:188} INFO - Downloaded GOOGL/1770167511133.json -> /tmp/minio_downloads/1770167511133.json
[2026-02-04T01:29:29.467+0000] {logging_mixin.py:188} INFO - Downloaded GOOGL/1770167511164.json -> /tmp/minio_downloads/1770167511164.json
[2026-02-04T01:29:29.473+0000] {logging_mixin.py:188} INFO - Downloaded GOOGL/1770167511197.json -> /tmp/minio_downloads/1770167511197.json
[2026-02-04T01:29:29.480+0000] {logging_mixin.py:188} INFO - Downloaded GOOGL/1770167511232.json -> /tmp/minio_downloads/1770167511232.json
[2026-02-04T01:29:29.487+0000] {logging_mixin.py:188} INFO - Downloaded GOOGL/1770167511243.json -> /tmp/minio_downloads/1770167511243.json
[2026-02-04T01:29:29.494+0000] {logging_mixin.py:188} INFO - Downloaded GOOGL/1770167511259.json -> /tmp/minio_downloads/1770167511259.json
[2026-02-04T01:29:29.499+0000] {logging_mixin.py:188} INFO - Downloaded GOOGL/1770167511381.json -> /tmp/minio_downloads/1770167511381.json
[2026-02-04T01:29:29.506+0000] {logging_mixin.py:188} INFO - Downloaded MSFT/1770167508863.json -> /tmp/minio_downloads/1770167508863.json
[2026-02-04T01:29:29.512+0000] {logging_mixin.py:188} INFO - Downloaded MSFT/1770167508889.json -> /tmp/minio_downloads/1770167508889.json
[2026-02-04T01:29:29.519+0000] {logging_mixin.py:188} INFO - Downloaded MSFT/1770167508901.json -> /tmp/minio_downloads/1770167508901.json
[2026-02-04T01:29:29.525+0000] {logging_mixin.py:188} INFO - Downloaded MSFT/1770167508914.json -> /tmp/minio_downloads/1770167508914.json
[2026-02-04T01:29:29.531+0000] {logging_mixin.py:188} INFO - Downloaded MSFT/1770167508921.json -> /tmp/minio_downloads/1770167508921.json
[2026-02-04T01:29:29.538+0000] {logging_mixin.py:188} INFO - Downloaded MSFT/1770167508934.json -> /tmp/minio_downloads/1770167508934.json
[2026-02-04T01:29:29.544+0000] {logging_mixin.py:188} INFO - Downloaded MSFT/1770167508999.json -> /tmp/minio_downloads/1770167508999.json
[2026-02-04T01:29:29.552+0000] {logging_mixin.py:188} INFO - Downloaded MSFT/1770167509017.json -> /tmp/minio_downloads/1770167509017.json
[2026-02-04T01:29:29.559+0000] {logging_mixin.py:188} INFO - Downloaded MSFT/1770167509035.json -> /tmp/minio_downloads/1770167509035.json
[2026-02-04T01:29:29.566+0000] {logging_mixin.py:188} INFO - Downloaded MSFT/1770167509047.json -> /tmp/minio_downloads/1770167509047.json
[2026-02-04T01:29:29.573+0000] {logging_mixin.py:188} INFO - Downloaded MSFT/1770167509058.json -> /tmp/minio_downloads/1770167509058.json
[2026-02-04T01:29:29.587+0000] {logging_mixin.py:188} INFO - Downloaded MSFT/1770167509080.json -> /tmp/minio_downloads/1770167509080.json
[2026-02-04T01:29:29.601+0000] {logging_mixin.py:188} INFO - Downloaded MSFT/1770167509096.json -> /tmp/minio_downloads/1770167509096.json
[2026-02-04T01:29:29.617+0000] {logging_mixin.py:188} INFO - Downloaded MSFT/1770167509114.json -> /tmp/minio_downloads/1770167509114.json
[2026-02-04T01:29:29.627+0000] {logging_mixin.py:188} INFO - Downloaded MSFT/1770167509119.json -> /tmp/minio_downloads/1770167509119.json
[2026-02-04T01:29:29.636+0000] {logging_mixin.py:188} INFO - Downloaded MSFT/1770167509137.json -> /tmp/minio_downloads/1770167509137.json
[2026-02-04T01:29:29.648+0000] {logging_mixin.py:188} INFO - Downloaded MSFT/1770167509173.json -> /tmp/minio_downloads/1770167509173.json
[2026-02-04T01:29:29.656+0000] {logging_mixin.py:188} INFO - Downloaded MSFT/1770167509191.json -> /tmp/minio_downloads/1770167509191.json
[2026-02-04T01:29:29.663+0000] {logging_mixin.py:188} INFO - Downloaded MSFT/1770167509202.json -> /tmp/minio_downloads/1770167509202.json
[2026-02-04T01:29:29.670+0000] {logging_mixin.py:188} INFO - Downloaded MSFT/1770167509221.json -> /tmp/minio_downloads/1770167509221.json
[2026-02-04T01:29:29.677+0000] {logging_mixin.py:188} INFO - Downloaded MSFT/1770167509232.json -> /tmp/minio_downloads/1770167509232.json
[2026-02-04T01:29:29.684+0000] {logging_mixin.py:188} INFO - Downloaded MSFT/1770167509266.json -> /tmp/minio_downloads/1770167509266.json
[2026-02-04T01:29:29.691+0000] {logging_mixin.py:188} INFO - Downloaded MSFT/1770167509283.json -> /tmp/minio_downloads/1770167509283.json
[2026-02-04T01:29:29.697+0000] {logging_mixin.py:188} INFO - Downloaded MSFT/1770167509299.json -> /tmp/minio_downloads/1770167509299.json
[2026-02-04T01:29:29.704+0000] {logging_mixin.py:188} INFO - Downloaded MSFT/1770167509322.json -> /tmp/minio_downloads/1770167509322.json
[2026-02-04T01:29:29.711+0000] {logging_mixin.py:188} INFO - Downloaded MSFT/1770167509334.json -> /tmp/minio_downloads/1770167509334.json
[2026-02-04T01:29:29.719+0000] {logging_mixin.py:188} INFO - Downloaded MSFT/1770167509369.json -> /tmp/minio_downloads/1770167509369.json
[2026-02-04T01:29:29.726+0000] {logging_mixin.py:188} INFO - Downloaded MSFT/1770167509432.json -> /tmp/minio_downloads/1770167509432.json
[2026-02-04T01:29:29.733+0000] {logging_mixin.py:188} INFO - Downloaded MSFT/1770167509446.json -> /tmp/minio_downloads/1770167509446.json
[2026-02-04T01:29:29.739+0000] {logging_mixin.py:188} INFO - Downloaded MSFT/1770167509463.json -> /tmp/minio_downloads/1770167509463.json
[2026-02-04T01:29:29.748+0000] {logging_mixin.py:188} INFO - Downloaded MSFT/1770167509474.json -> /tmp/minio_downloads/1770167509474.json
[2026-02-04T01:29:29.755+0000] {logging_mixin.py:188} INFO - Downloaded MSFT/1770167509491.json -> /tmp/minio_downloads/1770167509491.json
[2026-02-04T01:29:29.763+0000] {logging_mixin.py:188} INFO - Downloaded MSFT/1770167509531.json -> /tmp/minio_downloads/1770167509531.json
[2026-02-04T01:29:29.769+0000] {logging_mixin.py:188} INFO - Downloaded MSFT/1770167509541.json -> /tmp/minio_downloads/1770167509541.json
[2026-02-04T01:29:29.777+0000] {logging_mixin.py:188} INFO - Downloaded MSFT/1770167509686.json -> /tmp/minio_downloads/1770167509686.json
[2026-02-04T01:29:29.784+0000] {logging_mixin.py:188} INFO - Downloaded MSFT/1770167509696.json -> /tmp/minio_downloads/1770167509696.json
[2026-02-04T01:29:29.791+0000] {logging_mixin.py:188} INFO - Downloaded MSFT/1770167509719.json -> /tmp/minio_downloads/1770167509719.json
[2026-02-04T01:29:29.800+0000] {logging_mixin.py:188} INFO - Downloaded MSFT/1770167509747.json -> /tmp/minio_downloads/1770167509747.json
[2026-02-04T01:29:29.809+0000] {logging_mixin.py:188} INFO - Downloaded MSFT/1770167509784.json -> /tmp/minio_downloads/1770167509784.json
[2026-02-04T01:29:29.819+0000] {logging_mixin.py:188} INFO - Downloaded MSFT/1770167509813.json -> /tmp/minio_downloads/1770167509813.json
[2026-02-04T01:29:29.828+0000] {logging_mixin.py:188} INFO - Downloaded MSFT/1770167509836.json -> /tmp/minio_downloads/1770167509836.json
[2026-02-04T01:29:29.838+0000] {logging_mixin.py:188} INFO - Downloaded MSFT/1770167509891.json -> /tmp/minio_downloads/1770167509891.json
[2026-02-04T01:29:29.849+0000] {logging_mixin.py:188} INFO - Downloaded MSFT/1770167509908.json -> /tmp/minio_downloads/1770167509908.json
[2026-02-04T01:29:29.859+0000] {logging_mixin.py:188} INFO - Downloaded MSFT/1770167509941.json -> /tmp/minio_downloads/1770167509941.json
[2026-02-04T01:29:29.868+0000] {logging_mixin.py:188} INFO - Downloaded MSFT/1770167509958.json -> /tmp/minio_downloads/1770167509958.json
[2026-02-04T01:29:29.877+0000] {logging_mixin.py:188} INFO - Downloaded MSFT/1770167510050.json -> /tmp/minio_downloads/1770167510050.json
[2026-02-04T01:29:29.884+0000] {logging_mixin.py:188} INFO - Downloaded MSFT/1770167510055.json -> /tmp/minio_downloads/1770167510055.json
[2026-02-04T01:29:29.893+0000] {logging_mixin.py:188} INFO - Downloaded MSFT/1770167510117.json -> /tmp/minio_downloads/1770167510117.json
[2026-02-04T01:29:29.905+0000] {logging_mixin.py:188} INFO - Downloaded MSFT/1770167510134.json -> /tmp/minio_downloads/1770167510134.json
[2026-02-04T01:29:29.916+0000] {logging_mixin.py:188} INFO - Downloaded MSFT/1770167510153.json -> /tmp/minio_downloads/1770167510153.json
[2026-02-04T01:29:29.929+0000] {logging_mixin.py:188} INFO - Downloaded MSFT/1770167510179.json -> /tmp/minio_downloads/1770167510179.json
[2026-02-04T01:29:29.939+0000] {logging_mixin.py:188} INFO - Downloaded MSFT/1770167510212.json -> /tmp/minio_downloads/1770167510212.json
[2026-02-04T01:29:29.947+0000] {logging_mixin.py:188} INFO - Downloaded MSFT/1770167510222.json -> /tmp/minio_downloads/1770167510222.json
[2026-02-04T01:29:29.955+0000] {logging_mixin.py:188} INFO - Downloaded MSFT/1770167510261.json -> /tmp/minio_downloads/1770167510261.json
[2026-02-04T01:29:29.962+0000] {logging_mixin.py:188} INFO - Downloaded MSFT/1770167510296.json -> /tmp/minio_downloads/1770167510296.json
[2026-02-04T01:29:29.969+0000] {logging_mixin.py:188} INFO - Downloaded MSFT/1770167510334.json -> /tmp/minio_downloads/1770167510334.json
[2026-02-04T01:29:29.979+0000] {logging_mixin.py:188} INFO - Downloaded MSFT/1770167510372.json -> /tmp/minio_downloads/1770167510372.json
[2026-02-04T01:29:29.987+0000] {logging_mixin.py:188} INFO - Downloaded MSFT/1770167510378.json -> /tmp/minio_downloads/1770167510378.json
[2026-02-04T01:29:29.995+0000] {logging_mixin.py:188} INFO - Downloaded MSFT/1770167510389.json -> /tmp/minio_downloads/1770167510389.json
[2026-02-04T01:29:30.004+0000] {logging_mixin.py:188} INFO - Downloaded MSFT/1770167510398.json -> /tmp/minio_downloads/1770167510398.json
[2026-02-04T01:29:30.014+0000] {logging_mixin.py:188} INFO - Downloaded MSFT/1770167510428.json -> /tmp/minio_downloads/1770167510428.json
[2026-02-04T01:29:30.022+0000] {logging_mixin.py:188} INFO - Downloaded MSFT/1770167510440.json -> /tmp/minio_downloads/1770167510440.json
[2026-02-04T01:29:30.031+0000] {logging_mixin.py:188} INFO - Downloaded MSFT/1770167510460.json -> /tmp/minio_downloads/1770167510460.json
[2026-02-04T01:29:30.040+0000] {logging_mixin.py:188} INFO - Downloaded MSFT/1770167510473.json -> /tmp/minio_downloads/1770167510473.json
[2026-02-04T01:29:30.052+0000] {logging_mixin.py:188} INFO - Downloaded MSFT/1770167510488.json -> /tmp/minio_downloads/1770167510488.json
[2026-02-04T01:29:30.061+0000] {logging_mixin.py:188} INFO - Downloaded MSFT/1770167510519.json -> /tmp/minio_downloads/1770167510519.json
[2026-02-04T01:29:30.070+0000] {logging_mixin.py:188} INFO - Downloaded MSFT/1770167510570.json -> /tmp/minio_downloads/1770167510570.json
[2026-02-04T01:29:30.080+0000] {logging_mixin.py:188} INFO - Downloaded MSFT/1770167510575.json -> /tmp/minio_downloads/1770167510575.json
[2026-02-04T01:29:30.089+0000] {logging_mixin.py:188} INFO - Downloaded MSFT/1770167510587.json -> /tmp/minio_downloads/1770167510587.json
[2026-02-04T01:29:30.099+0000] {logging_mixin.py:188} INFO - Downloaded MSFT/1770167510605.json -> /tmp/minio_downloads/1770167510605.json
[2026-02-04T01:29:30.108+0000] {logging_mixin.py:188} INFO - Downloaded MSFT/1770167510623.json -> /tmp/minio_downloads/1770167510623.json
[2026-02-04T01:29:30.119+0000] {logging_mixin.py:188} INFO - Downloaded MSFT/1770167510636.json -> /tmp/minio_downloads/1770167510636.json
[2026-02-04T01:29:30.131+0000] {logging_mixin.py:188} INFO - Downloaded MSFT/1770167510746.json -> /tmp/minio_downloads/1770167510746.json
[2026-02-04T01:29:30.143+0000] {logging_mixin.py:188} INFO - Downloaded MSFT/1770167510799.json -> /tmp/minio_downloads/1770167510799.json
[2026-02-04T01:29:30.152+0000] {logging_mixin.py:188} INFO - Downloaded MSFT/1770167510848.json -> /tmp/minio_downloads/1770167510848.json
[2026-02-04T01:29:30.162+0000] {logging_mixin.py:188} INFO - Downloaded MSFT/1770167510906.json -> /tmp/minio_downloads/1770167510906.json
[2026-02-04T01:29:30.173+0000] {logging_mixin.py:188} INFO - Downloaded MSFT/1770167511031.json -> /tmp/minio_downloads/1770167511031.json
[2026-02-04T01:29:30.185+0000] {logging_mixin.py:188} INFO - Downloaded MSFT/1770167511042.json -> /tmp/minio_downloads/1770167511042.json
[2026-02-04T01:29:30.196+0000] {logging_mixin.py:188} INFO - Downloaded MSFT/1770167511060.json -> /tmp/minio_downloads/1770167511060.json
[2026-02-04T01:29:30.207+0000] {logging_mixin.py:188} INFO - Downloaded MSFT/1770167511076.json -> /tmp/minio_downloads/1770167511076.json
[2026-02-04T01:29:30.217+0000] {logging_mixin.py:188} INFO - Downloaded MSFT/1770167511214.json -> /tmp/minio_downloads/1770167511214.json
[2026-02-04T01:29:30.227+0000] {logging_mixin.py:188} INFO - Downloaded MSFT/1770167511265.json -> /tmp/minio_downloads/1770167511265.json
[2026-02-04T01:29:30.236+0000] {logging_mixin.py:188} INFO - Downloaded MSFT/1770167511304.json -> /tmp/minio_downloads/1770167511304.json
[2026-02-04T01:29:30.246+0000] {logging_mixin.py:188} INFO - Downloaded MSFT/1770167511321.json -> /tmp/minio_downloads/1770167511321.json
[2026-02-04T01:29:30.255+0000] {logging_mixin.py:188} INFO - Downloaded MSFT/1770167511332.json -> /tmp/minio_downloads/1770167511332.json
[2026-02-04T01:29:30.264+0000] {logging_mixin.py:188} INFO - Downloaded MSFT/1770167511347.json -> /tmp/minio_downloads/1770167511347.json
[2026-02-04T01:29:30.272+0000] {logging_mixin.py:188} INFO - Downloaded MSFT/1770167511358.json -> /tmp/minio_downloads/1770167511358.json
[2026-02-04T01:29:30.280+0000] {logging_mixin.py:188} INFO - Downloaded MSFT/1770167511369.json -> /tmp/minio_downloads/1770167511369.json
[2026-02-04T01:29:30.290+0000] {logging_mixin.py:188} INFO - Downloaded TSLA/1770167508843.json -> /tmp/minio_downloads/1770167508843.json
[2026-02-04T01:29:30.298+0000] {logging_mixin.py:188} INFO - Downloaded TSLA/1770167508895.json -> /tmp/minio_downloads/1770167508895.json
[2026-02-04T01:29:30.306+0000] {logging_mixin.py:188} INFO - Downloaded TSLA/1770167508987.json -> /tmp/minio_downloads/1770167508987.json
[2026-02-04T01:29:30.315+0000] {logging_mixin.py:188} INFO - Downloaded TSLA/1770167509028.json -> /tmp/minio_downloads/1770167509028.json
[2026-02-04T01:29:30.327+0000] {logging_mixin.py:188} INFO - Downloaded TSLA/1770167509052.json -> /tmp/minio_downloads/1770167509052.json
[2026-02-04T01:29:30.341+0000] {logging_mixin.py:188} INFO - Downloaded TSLA/1770167509085.json -> /tmp/minio_downloads/1770167509085.json
[2026-02-04T01:29:30.350+0000] {logging_mixin.py:188} INFO - Downloaded TSLA/1770167509124.json -> /tmp/minio_downloads/1770167509124.json
[2026-02-04T01:29:30.359+0000] {logging_mixin.py:188} INFO - Downloaded TSLA/1770167509150.json -> /tmp/minio_downloads/1770167509150.json
[2026-02-04T01:29:30.370+0000] {logging_mixin.py:188} INFO - Downloaded TSLA/1770167509208.json -> /tmp/minio_downloads/1770167509208.json
[2026-02-04T01:29:30.382+0000] {logging_mixin.py:188} INFO - Downloaded TSLA/1770167509226.json -> /tmp/minio_downloads/1770167509226.json
[2026-02-04T01:29:30.392+0000] {logging_mixin.py:188} INFO - Downloaded TSLA/1770167509238.json -> /tmp/minio_downloads/1770167509238.json
[2026-02-04T01:29:30.402+0000] {logging_mixin.py:188} INFO - Downloaded TSLA/1770167509287.json -> /tmp/minio_downloads/1770167509287.json
[2026-02-04T01:29:30.412+0000] {logging_mixin.py:188} INFO - Downloaded TSLA/1770167509304.json -> /tmp/minio_downloads/1770167509304.json
[2026-02-04T01:29:30.423+0000] {logging_mixin.py:188} INFO - Downloaded TSLA/1770167509311.json -> /tmp/minio_downloads/1770167509311.json
[2026-02-04T01:29:30.433+0000] {logging_mixin.py:188} INFO - Downloaded TSLA/1770167509340.json -> /tmp/minio_downloads/1770167509340.json
[2026-02-04T01:29:30.443+0000] {logging_mixin.py:188} INFO - Downloaded TSLA/1770167509375.json -> /tmp/minio_downloads/1770167509375.json
[2026-02-04T01:29:30.453+0000] {logging_mixin.py:188} INFO - Downloaded TSLA/1770167509421.json -> /tmp/minio_downloads/1770167509421.json
[2026-02-04T01:29:30.463+0000] {logging_mixin.py:188} INFO - Downloaded TSLA/1770167509451.json -> /tmp/minio_downloads/1770167509451.json
[2026-02-04T01:29:30.472+0000] {logging_mixin.py:188} INFO - Downloaded TSLA/1770167509469.json -> /tmp/minio_downloads/1770167509469.json
[2026-02-04T01:29:30.483+0000] {logging_mixin.py:188} INFO - Downloaded TSLA/1770167509548.json -> /tmp/minio_downloads/1770167509548.json
[2026-02-04T01:29:30.492+0000] {logging_mixin.py:188} INFO - Downloaded TSLA/1770167509570.json -> /tmp/minio_downloads/1770167509570.json
[2026-02-04T01:29:30.504+0000] {logging_mixin.py:188} INFO - Downloaded TSLA/1770167509627.json -> /tmp/minio_downloads/1770167509627.json
[2026-02-04T01:29:30.515+0000] {logging_mixin.py:188} INFO - Downloaded TSLA/1770167509662.json -> /tmp/minio_downloads/1770167509662.json
[2026-02-04T01:29:30.527+0000] {logging_mixin.py:188} INFO - Downloaded TSLA/1770167509707.json -> /tmp/minio_downloads/1770167509707.json
[2026-02-04T01:29:30.537+0000] {logging_mixin.py:188} INFO - Downloaded TSLA/1770167509724.json -> /tmp/minio_downloads/1770167509724.json
[2026-02-04T01:29:30.548+0000] {logging_mixin.py:188} INFO - Downloaded TSLA/1770167509754.json -> /tmp/minio_downloads/1770167509754.json
[2026-02-04T01:29:30.559+0000] {logging_mixin.py:188} INFO - Downloaded TSLA/1770167509808.json -> /tmp/minio_downloads/1770167509808.json
[2026-02-04T01:29:30.570+0000] {logging_mixin.py:188} INFO - Downloaded TSLA/1770167509819.json -> /tmp/minio_downloads/1770167509819.json
[2026-02-04T01:29:30.582+0000] {logging_mixin.py:188} INFO - Downloaded TSLA/1770167509830.json -> /tmp/minio_downloads/1770167509830.json
[2026-02-04T01:29:30.595+0000] {logging_mixin.py:188} INFO - Downloaded TSLA/1770167509854.json -> /tmp/minio_downloads/1770167509854.json
[2026-02-04T01:29:30.610+0000] {logging_mixin.py:188} INFO - Downloaded TSLA/1770167509866.json -> /tmp/minio_downloads/1770167509866.json
[2026-02-04T01:29:30.623+0000] {logging_mixin.py:188} INFO - Downloaded TSLA/1770167509896.json -> /tmp/minio_downloads/1770167509896.json
[2026-02-04T01:29:30.640+0000] {logging_mixin.py:188} INFO - Downloaded TSLA/1770167509947.json -> /tmp/minio_downloads/1770167509947.json
[2026-02-04T01:29:30.654+0000] {logging_mixin.py:188} INFO - Downloaded TSLA/1770167509988.json -> /tmp/minio_downloads/1770167509988.json
[2026-02-04T01:29:30.666+0000] {logging_mixin.py:188} INFO - Downloaded TSLA/1770167509999.json -> /tmp/minio_downloads/1770167509999.json
[2026-02-04T01:29:30.676+0000] {logging_mixin.py:188} INFO - Downloaded TSLA/1770167510011.json -> /tmp/minio_downloads/1770167510011.json
[2026-02-04T01:29:30.686+0000] {logging_mixin.py:188} INFO - Downloaded TSLA/1770167510017.json -> /tmp/minio_downloads/1770167510017.json
[2026-02-04T01:29:30.695+0000] {logging_mixin.py:188} INFO - Downloaded TSLA/1770167510067.json -> /tmp/minio_downloads/1770167510067.json
[2026-02-04T01:29:30.704+0000] {logging_mixin.py:188} INFO - Downloaded TSLA/1770167510072.json -> /tmp/minio_downloads/1770167510072.json
[2026-02-04T01:29:30.715+0000] {logging_mixin.py:188} INFO - Downloaded TSLA/1770167510083.json -> /tmp/minio_downloads/1770167510083.json
[2026-02-04T01:29:30.726+0000] {logging_mixin.py:188} INFO - Downloaded TSLA/1770167510123.json -> /tmp/minio_downloads/1770167510123.json
[2026-02-04T01:29:30.734+0000] {logging_mixin.py:188} INFO - Downloaded TSLA/1770167510184.json -> /tmp/minio_downloads/1770167510184.json
[2026-02-04T01:29:30.745+0000] {logging_mixin.py:188} INFO - Downloaded TSLA/1770167510228.json -> /tmp/minio_downloads/1770167510228.json
[2026-02-04T01:29:30.755+0000] {logging_mixin.py:188} INFO - Downloaded TSLA/1770167510245.json -> /tmp/minio_downloads/1770167510245.json
[2026-02-04T01:29:30.763+0000] {logging_mixin.py:188} INFO - Downloaded TSLA/1770167510273.json -> /tmp/minio_downloads/1770167510273.json
[2026-02-04T01:29:30.773+0000] {logging_mixin.py:188} INFO - Downloaded TSLA/1770167510285.json -> /tmp/minio_downloads/1770167510285.json
[2026-02-04T01:29:30.781+0000] {logging_mixin.py:188} INFO - Downloaded TSLA/1770167510304.json -> /tmp/minio_downloads/1770167510304.json
[2026-02-04T01:29:30.788+0000] {logging_mixin.py:188} INFO - Downloaded TSLA/1770167510361.json -> /tmp/minio_downloads/1770167510361.json
[2026-02-04T01:29:30.794+0000] {logging_mixin.py:188} INFO - Downloaded TSLA/1770167510423.json -> /tmp/minio_downloads/1770167510423.json
[2026-02-04T01:29:30.801+0000] {logging_mixin.py:188} INFO - Downloaded TSLA/1770167510433.json -> /tmp/minio_downloads/1770167510433.json
[2026-02-04T01:29:30.808+0000] {logging_mixin.py:188} INFO - Downloaded TSLA/1770167510454.json -> /tmp/minio_downloads/1770167510454.json
[2026-02-04T01:29:30.819+0000] {logging_mixin.py:188} INFO - Downloaded TSLA/1770167510495.json -> /tmp/minio_downloads/1770167510495.json
[2026-02-04T01:29:30.829+0000] {logging_mixin.py:188} INFO - Downloaded TSLA/1770167510532.json -> /tmp/minio_downloads/1770167510532.json
[2026-02-04T01:29:30.836+0000] {logging_mixin.py:188} INFO - Downloaded TSLA/1770167510542.json -> /tmp/minio_downloads/1770167510542.json
[2026-02-04T01:29:30.848+0000] {logging_mixin.py:188} INFO - Downloaded TSLA/1770167510565.json -> /tmp/minio_downloads/1770167510565.json
[2026-02-04T01:29:30.857+0000] {logging_mixin.py:188} INFO - Downloaded TSLA/1770167510592.json -> /tmp/minio_downloads/1770167510592.json
[2026-02-04T01:29:30.868+0000] {logging_mixin.py:188} INFO - Downloaded TSLA/1770167510649.json -> /tmp/minio_downloads/1770167510649.json
[2026-02-04T01:29:30.877+0000] {logging_mixin.py:188} INFO - Downloaded TSLA/1770167510661.json -> /tmp/minio_downloads/1770167510661.json
[2026-02-04T01:29:30.886+0000] {logging_mixin.py:188} INFO - Downloaded TSLA/1770167510684.json -> /tmp/minio_downloads/1770167510684.json
[2026-02-04T01:29:30.898+0000] {logging_mixin.py:188} INFO - Downloaded TSLA/1770167510696.json -> /tmp/minio_downloads/1770167510696.json
[2026-02-04T01:29:30.912+0000] {logging_mixin.py:188} INFO - Downloaded TSLA/1770167510724.json -> /tmp/minio_downloads/1770167510724.json
[2026-02-04T01:29:30.922+0000] {logging_mixin.py:188} INFO - Downloaded TSLA/1770167510757.json -> /tmp/minio_downloads/1770167510757.json
[2026-02-04T01:29:30.932+0000] {logging_mixin.py:188} INFO - Downloaded TSLA/1770167510782.json -> /tmp/minio_downloads/1770167510782.json
[2026-02-04T01:29:30.944+0000] {logging_mixin.py:188} INFO - Downloaded TSLA/1770167510842.json -> /tmp/minio_downloads/1770167510842.json
[2026-02-04T01:29:30.956+0000] {logging_mixin.py:188} INFO - Downloaded TSLA/1770167510861.json -> /tmp/minio_downloads/1770167510861.json
[2026-02-04T01:29:30.967+0000] {logging_mixin.py:188} INFO - Downloaded TSLA/1770167510883.json -> /tmp/minio_downloads/1770167510883.json
[2026-02-04T01:29:30.979+0000] {logging_mixin.py:188} INFO - Downloaded TSLA/1770167510943.json -> /tmp/minio_downloads/1770167510943.json
[2026-02-04T01:29:30.990+0000] {logging_mixin.py:188} INFO - Downloaded TSLA/1770167510951.json -> /tmp/minio_downloads/1770167510951.json
[2026-02-04T01:29:30.999+0000] {logging_mixin.py:188} INFO - Downloaded TSLA/1770167510956.json -> /tmp/minio_downloads/1770167510956.json
[2026-02-04T01:29:31.009+0000] {logging_mixin.py:188} INFO - Downloaded TSLA/1770167511005.json -> /tmp/minio_downloads/1770167511005.json
[2026-02-04T01:29:31.019+0000] {logging_mixin.py:188} INFO - Downloaded TSLA/1770167511065.json -> /tmp/minio_downloads/1770167511065.json
[2026-02-04T01:29:31.031+0000] {logging_mixin.py:188} INFO - Downloaded TSLA/1770167511071.json -> /tmp/minio_downloads/1770167511071.json
[2026-02-04T01:29:31.039+0000] {logging_mixin.py:188} INFO - Downloaded TSLA/1770167511087.json -> /tmp/minio_downloads/1770167511087.json
[2026-02-04T01:29:31.049+0000] {logging_mixin.py:188} INFO - Downloaded TSLA/1770167511127.json -> /tmp/minio_downloads/1770167511127.json
[2026-02-04T01:29:31.057+0000] {logging_mixin.py:188} INFO - Downloaded TSLA/1770167511152.json -> /tmp/minio_downloads/1770167511152.json
[2026-02-04T01:29:31.065+0000] {logging_mixin.py:188} INFO - Downloaded TSLA/1770167511157.json -> /tmp/minio_downloads/1770167511157.json
[2026-02-04T01:29:31.073+0000] {logging_mixin.py:188} INFO - Downloaded TSLA/1770167511181.json -> /tmp/minio_downloads/1770167511181.json
[2026-02-04T01:29:31.086+0000] {logging_mixin.py:188} INFO - Downloaded TSLA/1770167511192.json -> /tmp/minio_downloads/1770167511192.json
[2026-02-04T01:29:31.095+0000] {logging_mixin.py:188} INFO - Downloaded TSLA/1770167511220.json -> /tmp/minio_downloads/1770167511220.json
[2026-02-04T01:29:31.103+0000] {logging_mixin.py:188} INFO - Downloaded TSLA/1770167511249.json -> /tmp/minio_downloads/1770167511249.json
[2026-02-04T01:29:31.112+0000] {logging_mixin.py:188} INFO - Downloaded TSLA/1770167511271.json -> /tmp/minio_downloads/1770167511271.json
[2026-02-04T01:29:31.120+0000] {logging_mixin.py:188} INFO - Downloaded TSLA/1770167511288.json -> /tmp/minio_downloads/1770167511288.json
[2026-02-04T01:29:31.130+0000] {logging_mixin.py:188} INFO - Downloaded TSLA/1770167511337.json -> /tmp/minio_downloads/1770167511337.json
[2026-02-04T01:29:31.139+0000] {logging_mixin.py:188} INFO - Downloaded TSLA/1770167511353.json -> /tmp/minio_downloads/1770167511353.json
[2026-02-04T01:29:31.146+0000] {logging_mixin.py:188} INFO - Downloaded TSLA/1770167511375.json -> /tmp/minio_downloads/1770167511375.json
[2026-02-04T01:29:31.155+0000] {logging_mixin.py:188} INFO - Downloaded TSLA/1770167511403.json -> /tmp/minio_downloads/1770167511403.json
[2026-02-04T01:29:31.164+0000] {logging_mixin.py:188} INFO - Downloaded TSLA/1770167511409.json -> /tmp/minio_downloads/1770167511409.json
[2026-02-04T01:29:31.172+0000] {logging_mixin.py:188} INFO - Downloaded TSLA/1770167511427.json -> /tmp/minio_downloads/1770167511427.json
[2026-02-04T01:29:31.173+0000] {python.py:237} INFO - Done. Returned value was: ['/tmp/minio_downloads/1770167508850.json', '/tmp/minio_downloads/1770167508876.json', '/tmp/minio_downloads/1770167508927.json', '/tmp/minio_downloads/1770167508952.json', '/tmp/minio_downloads/1770167508978.json', '/tmp/minio_downloads/1770167509011.json', '/tmp/minio_downloads/1770167509075.json', '/tmp/minio_downloads/1770167509107.json', '/tmp/minio_downloads/1770167509167.json', '/tmp/minio_downloads/1770167509185.json', '/tmp/minio_downloads/1770167509277.json', '/tmp/minio_downloads/1770167509362.json', '/tmp/minio_downloads/1770167509416.json', '/tmp/minio_downloads/1770167509427.json', '/tmp/minio_downloads/1770167509458.json', '/tmp/minio_downloads/1770167509485.json', '/tmp/minio_downloads/1770167509504.json', '/tmp/minio_downloads/1770167509520.json', '/tmp/minio_downloads/1770167509558.json', '/tmp/minio_downloads/1770167509564.json', '/tmp/minio_downloads/1770167509603.json', '/tmp/minio_downloads/1770167509615.json', '/tmp/minio_downloads/1770167509620.json', '/tmp/minio_downloads/1770167509645.json', '/tmp/minio_downloads/1770167509680.json', '/tmp/minio_downloads/1770167509702.json', '/tmp/minio_downloads/1770167509742.json', '/tmp/minio_downloads/1770167509766.json', '/tmp/minio_downloads/1770167509797.json', '/tmp/minio_downloads/1770167509847.json', '/tmp/minio_downloads/1770167509885.json', '/tmp/minio_downloads/1770167509925.json', '/tmp/minio_downloads/1770167509936.json', '/tmp/minio_downloads/1770167509982.json', '/tmp/minio_downloads/1770167510028.json', '/tmp/minio_downloads/1770167510039.json', '/tmp/minio_downloads/1770167510044.json', '/tmp/minio_downloads/1770167510094.json', '/tmp/minio_downloads/1770167510100.json', '/tmp/minio_downloads/1770167510111.json', '/tmp/minio_downloads/1770167510148.json', '/tmp/minio_downloads/1770167510165.json', '/tmp/minio_downloads/1770167510206.json', '/tmp/minio_downloads/1770167510217.json', '/tmp/minio_downloads/1770167510234.json', '/tmp/minio_downloads/1770167510239.json', '/tmp/minio_downloads/1770167510255.json', '/tmp/minio_downloads/1770167510267.json', '/tmp/minio_downloads/1770167510317.json', '/tmp/minio_downloads/1770167510328.json', '/tmp/minio_downloads/1770167510350.json', '/tmp/minio_downloads/1770167510417.json', '/tmp/minio_downloads/1770167510447.json', '/tmp/minio_downloads/1770167510479.json', '/tmp/minio_downloads/1770167510507.json', '/tmp/minio_downloads/1770167510598.json', '/tmp/minio_downloads/1770167510667.json', '/tmp/minio_downloads/1770167510679.json', '/tmp/minio_downloads/1770167510706.json', '/tmp/minio_downloads/1770167510740.json', '/tmp/minio_downloads/1770167510752.json', '/tmp/minio_downloads/1770167510775.json', '/tmp/minio_downloads/1770167510788.json', '/tmp/minio_downloads/1770167510793.json', '/tmp/minio_downloads/1770167510812.json', '/tmp/minio_downloads/1770167510830.json', '/tmp/minio_downloads/1770167510877.json', '/tmp/minio_downloads/1770167510895.json', '/tmp/minio_downloads/1770167510931.json', '/tmp/minio_downloads/1770167510938.json', '/tmp/minio_downloads/1770167510962.json', '/tmp/minio_downloads/1770167510980.json', '/tmp/minio_downloads/1770167511036.json', '/tmp/minio_downloads/1770167511054.json', '/tmp/minio_downloads/1770167511104.json', '/tmp/minio_downloads/1770167511122.json', '/tmp/minio_downloads/1770167511146.json', '/tmp/minio_downloads/1770167511176.json', '/tmp/minio_downloads/1770167511208.json', '/tmp/minio_downloads/1770167511237.json', '/tmp/minio_downloads/1770167511282.json', '/tmp/minio_downloads/1770167511299.json', '/tmp/minio_downloads/1770167511315.json', '/tmp/minio_downloads/1770167511327.json', '/tmp/minio_downloads/1770167511343.json', '/tmp/minio_downloads/1770167511397.json', '/tmp/minio_downloads/1770167511414.json', '/tmp/minio_downloads/1770167511421.json', '/tmp/minio_downloads/1770167508856.json', '/tmp/minio_downloads/1770167508940.json', '/tmp/minio_downloads/1770167508971.json', '/tmp/minio_downloads/1770167509005.json', '/tmp/minio_downloads/1770167509145.json', '/tmp/minio_downloads/1770167509180.json', '/tmp/minio_downloads/1770167509249.json', '/tmp/minio_downloads/1770167509260.json', '/tmp/minio_downloads/1770167509328.json', '/tmp/minio_downloads/1770167509350.json', '/tmp/minio_downloads/1770167509392.json', '/tmp/minio_downloads/1770167509398.json', '/tmp/minio_downloads/1770167509411.json', '/tmp/minio_downloads/1770167509515.json', '/tmp/minio_downloads/1770167509536.json', '/tmp/minio_downloads/1770167509553.json', '/tmp/minio_downloads/1770167509581.json', '/tmp/minio_downloads/1770167509598.json', '/tmp/minio_downloads/1770167509656.json', '/tmp/minio_downloads/1770167509667.json', '/tmp/minio_downloads/1770167509713.json', '/tmp/minio_downloads/1770167509737.json', '/tmp/minio_downloads/1770167509759.json', '/tmp/minio_downloads/1770167509779.json', '/tmp/minio_downloads/1770167509790.json', '/tmp/minio_downloads/1770167509825.json', '/tmp/minio_downloads/1770167509841.json', '/tmp/minio_downloads/1770167509879.json', '/tmp/minio_downloads/1770167509902.json', '/tmp/minio_downloads/1770167509920.json', '/tmp/minio_downloads/1770167509931.json', '/tmp/minio_downloads/1770167509965.json', '/tmp/minio_downloads/1770167509978.json', '/tmp/minio_downloads/1770167509993.json', '/tmp/minio_downloads/1770167510004.json', '/tmp/minio_downloads/1770167510061.json', '/tmp/minio_downloads/1770167510077.json', '/tmp/minio_downloads/1770167510088.json', '/tmp/minio_downloads/1770167510106.json', '/tmp/minio_downloads/1770167510128.json', '/tmp/minio_downloads/1770167510140.json', '/tmp/minio_downloads/1770167510173.json', '/tmp/minio_downloads/1770167510196.json', '/tmp/minio_downloads/1770167510201.json', '/tmp/minio_downloads/1770167510249.json', '/tmp/minio_downloads/1770167510280.json', '/tmp/minio_downloads/1770167510345.json', '/tmp/minio_downloads/1770167510356.json', '/tmp/minio_downloads/1770167510367.json', '/tmp/minio_downloads/1770167510384.json', '/tmp/minio_downloads/1770167510411.json', '/tmp/minio_downloads/1770167510501.json', '/tmp/minio_downloads/1770167510548.json', '/tmp/minio_downloads/1770167510560.json', '/tmp/minio_downloads/1770167510581.json', '/tmp/minio_downloads/1770167510617.json', '/tmp/minio_downloads/1770167510643.json', '/tmp/minio_downloads/1770167510690.json', '/tmp/minio_downloads/1770167510702.json', '/tmp/minio_downloads/1770167510718.json', '/tmp/minio_downloads/1770167510769.json', '/tmp/minio_downloads/1770167510806.json', '/tmp/minio_downloads/1770167510818.json', '/tmp/minio_downloads/1770167510824.json', '/tmp/minio_downloads/1770167510837.json', '/tmp/minio_downloads/1770167510854.json', '/tmp/minio_downloads/1770167510872.json', '/tmp/minio_downloads/1770167510911.json', '/tmp/minio_downloads/1770167510973.json', '/tmp/minio_downloads/1770167510986.json', '/tmp/minio_downloads/1770167510999.json', '/tmp/minio_downloads/1770167511025.json', '/tmp/minio_downloads/1770167511047.json', '/tmp/minio_downloads/1770167511082.json', '/tmp/minio_downloads/1770167511116.json', '/tmp/minio_downloads/1770167511140.json', '/tmp/minio_downloads/1770167511170.json', '/tmp/minio_downloads/1770167511186.json', '/tmp/minio_downloads/1770167511203.json', '/tmp/minio_downloads/1770167511225.json', '/tmp/minio_downloads/1770167511254.json', '/tmp/minio_downloads/1770167511276.json', '/tmp/minio_downloads/1770167511293.json', '/tmp/minio_downloads/1770167511309.json', '/tmp/minio_downloads/1770167511362.json', '/tmp/minio_downloads/1770167511386.json', '/tmp/minio_downloads/1770167511392.json', '/tmp/minio_downloads/1770167511436.json', '/tmp/minio_downloads/1770167508869.json', '/tmp/minio_downloads/1770167508883.json', '/tmp/minio_downloads/1770167508907.json', '/tmp/minio_downloads/1770167508962.json', '/tmp/minio_downloads/1770167508993.json', '/tmp/minio_downloads/1770167509022.json', '/tmp/minio_downloads/1770167509041.json', '/tmp/minio_downloads/1770167509064.json', '/tmp/minio_downloads/1770167509069.json', '/tmp/minio_downloads/1770167509090.json', '/tmp/minio_downloads/1770167509101.json', '/tmp/minio_downloads/1770167509131.json', '/tmp/minio_downloads/1770167509155.json', '/tmp/minio_downloads/1770167509161.json', '/tmp/minio_downloads/1770167509196.json', '/tmp/minio_downloads/1770167509215.json', '/tmp/minio_downloads/1770167509243.json', '/tmp/minio_downloads/1770167509254.json', '/tmp/minio_downloads/1770167509271.json', '/tmp/minio_downloads/1770167509293.json', '/tmp/minio_downloads/1770167509317.json', '/tmp/minio_downloads/1770167509345.json', '/tmp/minio_downloads/1770167509381.json', '/tmp/minio_downloads/1770167509386.json', '/tmp/minio_downloads/1770167509404.json', '/tmp/minio_downloads/1770167509438.json', '/tmp/minio_downloads/1770167509479.json', '/tmp/minio_downloads/1770167509497.json', '/tmp/minio_downloads/1770167509509.json', '/tmp/minio_downloads/1770167509525.json', '/tmp/minio_downloads/1770167509576.json', '/tmp/minio_downloads/1770167509586.json', '/tmp/minio_downloads/1770167509592.json', '/tmp/minio_downloads/1770167509609.json', '/tmp/minio_downloads/1770167509632.json', '/tmp/minio_downloads/1770167509638.json', '/tmp/minio_downloads/1770167509651.json', '/tmp/minio_downloads/1770167509673.json', '/tmp/minio_downloads/1770167509690.json', '/tmp/minio_downloads/1770167509730.json', '/tmp/minio_downloads/1770167509773.json', '/tmp/minio_downloads/1770167509803.json', '/tmp/minio_downloads/1770167509860.json', '/tmp/minio_downloads/1770167509873.json', '/tmp/minio_downloads/1770167509914.json', '/tmp/minio_downloads/1770167509952.json', '/tmp/minio_downloads/1770167509972.json', '/tmp/minio_downloads/1770167510022.json', '/tmp/minio_downloads/1770167510033.json', '/tmp/minio_downloads/1770167510159.json', '/tmp/minio_downloads/1770167510190.json', '/tmp/minio_downloads/1770167510291.json', '/tmp/minio_downloads/1770167510311.json', '/tmp/minio_downloads/1770167510323.json', '/tmp/minio_downloads/1770167510340.json', '/tmp/minio_downloads/1770167510405.json', '/tmp/minio_downloads/1770167510466.json', '/tmp/minio_downloads/1770167510513.json', '/tmp/minio_downloads/1770167510525.json', '/tmp/minio_downloads/1770167510537.json', '/tmp/minio_downloads/1770167510553.json', '/tmp/minio_downloads/1770167510610.json', '/tmp/minio_downloads/1770167510630.json', '/tmp/minio_downloads/1770167510655.json', '/tmp/minio_downloads/1770167510673.json', '/tmp/minio_downloads/1770167510712.json', '/tmp/minio_downloads/1770167510729.json', '/tmp/minio_downloads/1770167510735.json', '/tmp/minio_downloads/1770167510763.json', '/tmp/minio_downloads/1770167510867.json', '/tmp/minio_downloads/1770167510889.json', '/tmp/minio_downloads/1770167510901.json', '/tmp/minio_downloads/1770167510918.json', '/tmp/minio_downloads/1770167510925.json', '/tmp/minio_downloads/1770167510968.json', '/tmp/minio_downloads/1770167510992.json', '/tmp/minio_downloads/1770167511012.json', '/tmp/minio_downloads/1770167511018.json', '/tmp/minio_downloads/1770167511092.json', '/tmp/minio_downloads/1770167511098.json', '/tmp/minio_downloads/1770167511110.json', '/tmp/minio_downloads/1770167511133.json', '/tmp/minio_downloads/1770167511164.json', '/tmp/minio_downloads/1770167511197.json', '/tmp/minio_downloads/1770167511232.json', '/tmp/minio_downloads/1770167511243.json', '/tmp/minio_downloads/1770167511259.json', '/tmp/minio_downloads/1770167511381.json', '/tmp/minio_downloads/1770167508863.json', '/tmp/minio_downloads/1770167508889.json', '/tmp/minio_downloads/1770167508901.json', '/tmp/minio_downloads/1770167508914.json', '/tmp/minio_downloads/1770167508921.json', '/tmp/minio_downloads/1770167508934.json', '/tmp/minio_downloads/1770167508999.json', '/tmp/minio_downloads/1770167509017.json', '/tmp/minio_downloads/1770167509035.json', '/tmp/minio_downloads/1770167509047.json', '/tmp/minio_downloads/1770167509058.json', '/tmp/minio_downloads/1770167509080.json', '/tmp/minio_downloads/1770167509096.json', '/tmp/minio_downloads/1770167509114.json', '/tmp/minio_downloads/1770167509119.json', '/tmp/minio_downloads/1770167509137.json', '/tmp/minio_downloads/1770167509173.json', '/tmp/minio_downloads/1770167509191.json', '/tmp/minio_downloads/1770167509202.json', '/tmp/minio_downloads/1770167509221.json', '/tmp/minio_downloads/1770167509232.json', '/tmp/minio_downloads/1770167509266.json', '/tmp/minio_downloads/1770167509283.json', '/tmp/minio_downloads/1770167509299.json', '/tmp/minio_downloads/1770167509322.json', '/tmp/minio_downloads/1770167509334.json', '/tmp/minio_downloads/1770167509369.json', '/tmp/minio_downloads/1770167509432.json', '/tmp/minio_downloads/1770167509446.json', '/tmp/minio_downloads/1770167509463.json', '/tmp/minio_downloads/1770167509474.json', '/tmp/minio_downloads/1770167509491.json', '/tmp/minio_downloads/1770167509531.json', '/tmp/minio_downloads/1770167509541.json', '/tmp/minio_downloads/1770167509686.json', '/tmp/minio_downloads/1770167509696.json', '/tmp/minio_downloads/1770167509719.json', '/tmp/minio_downloads/1770167509747.json', '/tmp/minio_downloads/1770167509784.json', '/tmp/minio_downloads/1770167509813.json', '/tmp/minio_downloads/1770167509836.json', '/tmp/minio_downloads/1770167509891.json', '/tmp/minio_downloads/1770167509908.json', '/tmp/minio_downloads/1770167509941.json', '/tmp/minio_downloads/1770167509958.json', '/tmp/minio_downloads/1770167510050.json', '/tmp/minio_downloads/1770167510055.json', '/tmp/minio_downloads/1770167510117.json', '/tmp/minio_downloads/1770167510134.json', '/tmp/minio_downloads/1770167510153.json', '/tmp/minio_downloads/1770167510179.json', '/tmp/minio_downloads/1770167510212.json', '/tmp/minio_downloads/1770167510222.json', '/tmp/minio_downloads/1770167510261.json', '/tmp/minio_downloads/1770167510296.json', '/tmp/minio_downloads/1770167510334.json', '/tmp/minio_downloads/1770167510372.json', '/tmp/minio_downloads/1770167510378.json', '/tmp/minio_downloads/1770167510389.json', '/tmp/minio_downloads/1770167510398.json', '/tmp/minio_downloads/1770167510428.json', '/tmp/minio_downloads/1770167510440.json', '/tmp/minio_downloads/1770167510460.json', '/tmp/minio_downloads/1770167510473.json', '/tmp/minio_downloads/1770167510488.json', '/tmp/minio_downloads/1770167510519.json', '/tmp/minio_downloads/1770167510570.json', '/tmp/minio_downloads/1770167510575.json', '/tmp/minio_downloads/1770167510587.json', '/tmp/minio_downloads/1770167510605.json', '/tmp/minio_downloads/1770167510623.json', '/tmp/minio_downloads/1770167510636.json', '/tmp/minio_downloads/1770167510746.json', '/tmp/minio_downloads/1770167510799.json', '/tmp/minio_downloads/1770167510848.json', '/tmp/minio_downloads/1770167510906.json', '/tmp/minio_downloads/1770167511031.json', '/tmp/minio_downloads/1770167511042.json', '/tmp/minio_downloads/1770167511060.json', '/tmp/minio_downloads/1770167511076.json', '/tmp/minio_downloads/1770167511214.json', '/tmp/minio_downloads/1770167511265.json', '/tmp/minio_downloads/1770167511304.json', '/tmp/minio_downloads/1770167511321.json', '/tmp/minio_downloads/1770167511332.json', '/tmp/minio_downloads/1770167511347.json', '/tmp/minio_downloads/1770167511358.json', '/tmp/minio_downloads/1770167511369.json', '/tmp/minio_downloads/1770167508843.json', '/tmp/minio_downloads/1770167508895.json', '/tmp/minio_downloads/1770167508987.json', '/tmp/minio_downloads/1770167509028.json', '/tmp/minio_downloads/1770167509052.json', '/tmp/minio_downloads/1770167509085.json', '/tmp/minio_downloads/1770167509124.json', '/tmp/minio_downloads/1770167509150.json', '/tmp/minio_downloads/1770167509208.json', '/tmp/minio_downloads/1770167509226.json', '/tmp/minio_downloads/1770167509238.json', '/tmp/minio_downloads/1770167509287.json', '/tmp/minio_downloads/1770167509304.json', '/tmp/minio_downloads/1770167509311.json', '/tmp/minio_downloads/1770167509340.json', '/tmp/minio_downloads/1770167509375.json', '/tmp/minio_downloads/1770167509421.json', '/tmp/minio_downloads/1770167509451.json', '/tmp/minio_downloads/1770167509469.json', '/tmp/minio_downloads/1770167509548.json', '/tmp/minio_downloads/1770167509570.json', '/tmp/minio_downloads/1770167509627.json', '/tmp/minio_downloads/1770167509662.json', '/tmp/minio_downloads/1770167509707.json', '/tmp/minio_downloads/1770167509724.json', '/tmp/minio_downloads/1770167509754.json', '/tmp/minio_downloads/1770167509808.json', '/tmp/minio_downloads/1770167509819.json', '/tmp/minio_downloads/1770167509830.json', '/tmp/minio_downloads/1770167509854.json', '/tmp/minio_downloads/1770167509866.json', '/tmp/minio_downloads/1770167509896.json', '/tmp/minio_downloads/1770167509947.json', '/tmp/minio_downloads/1770167509988.json', '/tmp/minio_downloads/1770167509999.json', '/tmp/minio_downloads/1770167510011.json', '/tmp/minio_downloads/1770167510017.json', '/tmp/minio_downloads/1770167510067.json', '/tmp/minio_downloads/1770167510072.json', '/tmp/minio_downloads/1770167510083.json', '/tmp/minio_downloads/1770167510123.json', '/tmp/minio_downloads/1770167510184.json', '/tmp/minio_downloads/1770167510228.json', '/tmp/minio_downloads/1770167510245.json', '/tmp/minio_downloads/1770167510273.json', '/tmp/minio_downloads/1770167510285.json', '/tmp/minio_downloads/1770167510304.json', '/tmp/minio_downloads/1770167510361.json', '/tmp/minio_downloads/1770167510423.json', '/tmp/minio_downloads/1770167510433.json', '/tmp/minio_downloads/1770167510454.json', '/tmp/minio_downloads/1770167510495.json', '/tmp/minio_downloads/1770167510532.json', '/tmp/minio_downloads/1770167510542.json', '/tmp/minio_downloads/1770167510565.json', '/tmp/minio_downloads/1770167510592.json', '/tmp/minio_downloads/1770167510649.json', '/tmp/minio_downloads/1770167510661.json', '/tmp/minio_downloads/1770167510684.json', '/tmp/minio_downloads/1770167510696.json', '/tmp/minio_downloads/1770167510724.json', '/tmp/minio_downloads/1770167510757.json', '/tmp/minio_downloads/1770167510782.json', '/tmp/minio_downloads/1770167510842.json', '/tmp/minio_downloads/1770167510861.json', '/tmp/minio_downloads/1770167510883.json', '/tmp/minio_downloads/1770167510943.json', '/tmp/minio_downloads/1770167510951.json', '/tmp/minio_downloads/1770167510956.json', '/tmp/minio_downloads/1770167511005.json', '/tmp/minio_downloads/1770167511065.json', '/tmp/minio_downloads/1770167511071.json', '/tmp/minio_downloads/1770167511087.json', '/tmp/minio_downloads/1770167511127.json', '/tmp/minio_downloads/1770167511152.json', '/tmp/minio_downloads/1770167511157.json', '/tmp/minio_downloads/1770167511181.json', '/tmp/minio_downloads/1770167511192.json', '/tmp/minio_downloads/1770167511220.json', '/tmp/minio_downloads/1770167511249.json', '/tmp/minio_downloads/1770167511271.json', '/tmp/minio_downloads/1770167511288.json', '/tmp/minio_downloads/1770167511337.json', '/tmp/minio_downloads/1770167511353.json', '/tmp/minio_downloads/1770167511375.json', '/tmp/minio_downloads/1770167511403.json', '/tmp/minio_downloads/1770167511409.json', '/tmp/minio_downloads/1770167511427.json']
[2026-02-04T01:29:31.175+0000] {taskinstance.py:441} INFO - ::group::Post task execution logs
[2026-02-04T01:29:31.210+0000] {taskinstance.py:1206} INFO - Marking task as SUCCESS. dag_id=minio_to_snowflake, task_id=download_minio, run_id=scheduled__2026-02-04T01:28:00+00:00, execution_date=20260204T012800, start_date=20260204T012926, end_date=20260204T012931
[2026-02-04T01:29:31.267+0000] {local_task_job_runner.py:243} INFO - Task exited with return code 0
[2026-02-04T01:29:31.290+0000] {taskinstance.py:3503} INFO - 1 downstream tasks scheduled from follow-on schedule check
[2026-02-04T01:29:31.293+0000] {local_task_job_runner.py:222} INFO - ::endgroup::
