[2026-02-03T21:49:13.262+0000] {local_task_job_runner.py:120} INFO - ::group::Pre task execution logs
[2026-02-03T21:49:13.280+0000] {taskinstance.py:2076} INFO - Dependencies all met for dep_context=non-requeueable deps ti=<TaskInstance: minio_to_snowflake.download_minio scheduled__2026-02-03T21:48:00+00:00 [queued]>
[2026-02-03T21:49:13.286+0000] {taskinstance.py:2076} INFO - Dependencies all met for dep_context=requeueable deps ti=<TaskInstance: minio_to_snowflake.download_minio scheduled__2026-02-03T21:48:00+00:00 [queued]>
[2026-02-03T21:49:13.287+0000] {taskinstance.py:2306} INFO - Starting attempt 1 of 2
[2026-02-03T21:49:13.294+0000] {taskinstance.py:2330} INFO - Executing <Task(PythonOperator): download_minio> on 2026-02-03 21:48:00+00:00
[2026-02-03T21:49:13.301+0000] {standard_task_runner.py:90} INFO - Running: ['***', 'tasks', 'run', 'minio_to_snowflake', 'download_minio', 'scheduled__2026-02-03T21:48:00+00:00', '--job-id', '370', '--raw', '--subdir', 'DAGS_FOLDER/minio_to_snowflake.py', '--cfg-path', '/tmp/tmpmyshujsg']
[2026-02-03T21:49:13.304+0000] {standard_task_runner.py:91} INFO - Job 370: Subtask download_minio
[2026-02-03T21:49:13.304+0000] {logging_mixin.py:188} WARNING - /home/***/.local/lib/python3.12/site-packages/***/task/task_runner/standard_task_runner.py:62 DeprecationWarning: This process (pid=42994) is multi-threaded, use of fork() may lead to deadlocks in the child.
[2026-02-03T21:49:13.305+0000] {standard_task_runner.py:64} INFO - Started process 43018 to run task
[2026-02-03T21:49:13.358+0000] {task_command.py:426} INFO - Running <TaskInstance: minio_to_snowflake.download_minio scheduled__2026-02-03T21:48:00+00:00 [running]> on host e6e1c513bfd4
[2026-02-03T21:49:13.418+0000] {taskinstance.py:2648} INFO - Exporting env vars: AIRFLOW_CTX_DAG_OWNER='***' AIRFLOW_CTX_DAG_ID='minio_to_snowflake' AIRFLOW_CTX_TASK_ID='download_minio' AIRFLOW_CTX_EXECUTION_DATE='2026-02-03T21:48:00+00:00' AIRFLOW_CTX_TRY_NUMBER='1' AIRFLOW_CTX_DAG_RUN_ID='scheduled__2026-02-03T21:48:00+00:00'
[2026-02-03T21:49:13.418+0000] {taskinstance.py:430} INFO - ::endgroup::
[2026-02-03T21:49:13.661+0000] {logging_mixin.py:188} INFO - Downloaded AAPL/1769900678.json -> /tmp/minio_downloads/AAPL/1769900678.json
[2026-02-03T21:49:13.666+0000] {logging_mixin.py:188} INFO - Downloaded AAPL/1769900679.json -> /tmp/minio_downloads/AAPL/1769900679.json
[2026-02-03T21:49:13.671+0000] {logging_mixin.py:188} INFO - Downloaded AAPL/1769900680.json -> /tmp/minio_downloads/AAPL/1769900680.json
[2026-02-03T21:49:13.677+0000] {logging_mixin.py:188} INFO - Downloaded AAPL/1769900681.json -> /tmp/minio_downloads/AAPL/1769900681.json
[2026-02-03T21:49:13.682+0000] {logging_mixin.py:188} INFO - Downloaded AAPL/1769900682.json -> /tmp/minio_downloads/AAPL/1769900682.json
[2026-02-03T21:49:13.687+0000] {logging_mixin.py:188} INFO - Downloaded AAPL/1769900683.json -> /tmp/minio_downloads/AAPL/1769900683.json
[2026-02-03T21:49:13.692+0000] {logging_mixin.py:188} INFO - Downloaded AAPL/1769900684.json -> /tmp/minio_downloads/AAPL/1769900684.json
[2026-02-03T21:49:13.698+0000] {logging_mixin.py:188} INFO - Downloaded AAPL/1769900685.json -> /tmp/minio_downloads/AAPL/1769900685.json
[2026-02-03T21:49:13.703+0000] {logging_mixin.py:188} INFO - Downloaded AAPL/1769900686.json -> /tmp/minio_downloads/AAPL/1769900686.json
[2026-02-03T21:49:13.708+0000] {logging_mixin.py:188} INFO - Downloaded AAPL/1769900687.json -> /tmp/minio_downloads/AAPL/1769900687.json
[2026-02-03T21:49:13.713+0000] {logging_mixin.py:188} INFO - Downloaded AAPL/1769900688.json -> /tmp/minio_downloads/AAPL/1769900688.json
[2026-02-03T21:49:13.717+0000] {logging_mixin.py:188} INFO - Downloaded AAPL/1769900689.json -> /tmp/minio_downloads/AAPL/1769900689.json
[2026-02-03T21:49:13.722+0000] {logging_mixin.py:188} INFO - Downloaded AAPL/1769900690.json -> /tmp/minio_downloads/AAPL/1769900690.json
[2026-02-03T21:49:13.727+0000] {logging_mixin.py:188} INFO - Downloaded AAPL/1769900691.json -> /tmp/minio_downloads/AAPL/1769900691.json
[2026-02-03T21:49:13.732+0000] {logging_mixin.py:188} INFO - Downloaded AAPL/1769900692.json -> /tmp/minio_downloads/AAPL/1769900692.json
[2026-02-03T21:49:13.736+0000] {logging_mixin.py:188} INFO - Downloaded AAPL/1769900693.json -> /tmp/minio_downloads/AAPL/1769900693.json
[2026-02-03T21:49:13.741+0000] {logging_mixin.py:188} INFO - Downloaded AAPL/1769900694.json -> /tmp/minio_downloads/AAPL/1769900694.json
[2026-02-03T21:49:13.746+0000] {logging_mixin.py:188} INFO - Downloaded AAPL/1769900695.json -> /tmp/minio_downloads/AAPL/1769900695.json
[2026-02-03T21:49:13.750+0000] {logging_mixin.py:188} INFO - Downloaded AAPL/1769900696.json -> /tmp/minio_downloads/AAPL/1769900696.json
[2026-02-03T21:49:13.755+0000] {logging_mixin.py:188} INFO - Downloaded AAPL/1769900697.json -> /tmp/minio_downloads/AAPL/1769900697.json
[2026-02-03T21:49:13.760+0000] {logging_mixin.py:188} INFO - Downloaded AAPL/1769900698.json -> /tmp/minio_downloads/AAPL/1769900698.json
[2026-02-03T21:49:13.765+0000] {logging_mixin.py:188} INFO - Downloaded AAPL/1769900699.json -> /tmp/minio_downloads/AAPL/1769900699.json
[2026-02-03T21:49:13.770+0000] {logging_mixin.py:188} INFO - Downloaded AAPL/1769900700.json -> /tmp/minio_downloads/AAPL/1769900700.json
[2026-02-03T21:49:13.774+0000] {logging_mixin.py:188} INFO - Downloaded AAPL/1769900701.json -> /tmp/minio_downloads/AAPL/1769900701.json
[2026-02-03T21:49:13.779+0000] {logging_mixin.py:188} INFO - Downloaded AAPL/1769900702.json -> /tmp/minio_downloads/AAPL/1769900702.json
[2026-02-03T21:49:13.783+0000] {logging_mixin.py:188} INFO - Downloaded AAPL/1769900703.json -> /tmp/minio_downloads/AAPL/1769900703.json
[2026-02-03T21:49:13.787+0000] {logging_mixin.py:188} INFO - Downloaded AAPL/1769900704.json -> /tmp/minio_downloads/AAPL/1769900704.json
[2026-02-03T21:49:13.792+0000] {logging_mixin.py:188} INFO - Downloaded AAPL/1769900705.json -> /tmp/minio_downloads/AAPL/1769900705.json
[2026-02-03T21:49:13.797+0000] {logging_mixin.py:188} INFO - Downloaded AAPL/1769900706.json -> /tmp/minio_downloads/AAPL/1769900706.json
[2026-02-03T21:49:13.809+0000] {logging_mixin.py:188} INFO - Downloaded AAPL/1769900707.json -> /tmp/minio_downloads/AAPL/1769900707.json
[2026-02-03T21:49:13.814+0000] {logging_mixin.py:188} INFO - Downloaded AAPL/1769900708.json -> /tmp/minio_downloads/AAPL/1769900708.json
[2026-02-03T21:49:13.818+0000] {logging_mixin.py:188} INFO - Downloaded AAPL/1769900709.json -> /tmp/minio_downloads/AAPL/1769900709.json
[2026-02-03T21:49:13.823+0000] {logging_mixin.py:188} INFO - Downloaded AAPL/1769900710.json -> /tmp/minio_downloads/AAPL/1769900710.json
[2026-02-03T21:49:13.827+0000] {logging_mixin.py:188} INFO - Downloaded AAPL/1769900711.json -> /tmp/minio_downloads/AAPL/1769900711.json
[2026-02-03T21:49:13.832+0000] {logging_mixin.py:188} INFO - Downloaded AAPL/1769900712.json -> /tmp/minio_downloads/AAPL/1769900712.json
[2026-02-03T21:49:13.837+0000] {logging_mixin.py:188} INFO - Downloaded AAPL/1769900713.json -> /tmp/minio_downloads/AAPL/1769900713.json
[2026-02-03T21:49:13.841+0000] {logging_mixin.py:188} INFO - Downloaded AAPL/1769900714.json -> /tmp/minio_downloads/AAPL/1769900714.json
[2026-02-03T21:49:13.846+0000] {logging_mixin.py:188} INFO - Downloaded AAPL/1769900715.json -> /tmp/minio_downloads/AAPL/1769900715.json
[2026-02-03T21:49:13.851+0000] {logging_mixin.py:188} INFO - Downloaded AAPL/1769900716.json -> /tmp/minio_downloads/AAPL/1769900716.json
[2026-02-03T21:49:13.855+0000] {logging_mixin.py:188} INFO - Downloaded AAPL/1769900717.json -> /tmp/minio_downloads/AAPL/1769900717.json
[2026-02-03T21:49:13.860+0000] {logging_mixin.py:188} INFO - Downloaded AAPL/1769900718.json -> /tmp/minio_downloads/AAPL/1769900718.json
[2026-02-03T21:49:13.864+0000] {logging_mixin.py:188} INFO - Downloaded AAPL/1769900719.json -> /tmp/minio_downloads/AAPL/1769900719.json
[2026-02-03T21:49:13.869+0000] {logging_mixin.py:188} INFO - Downloaded AAPL/1769900720.json -> /tmp/minio_downloads/AAPL/1769900720.json
[2026-02-03T21:49:13.873+0000] {logging_mixin.py:188} INFO - Downloaded AAPL/1769900721.json -> /tmp/minio_downloads/AAPL/1769900721.json
[2026-02-03T21:49:13.878+0000] {logging_mixin.py:188} INFO - Downloaded AAPL/1769900722.json -> /tmp/minio_downloads/AAPL/1769900722.json
[2026-02-03T21:49:13.882+0000] {logging_mixin.py:188} INFO - Downloaded AAPL/1769900723.json -> /tmp/minio_downloads/AAPL/1769900723.json
[2026-02-03T21:49:13.887+0000] {logging_mixin.py:188} INFO - Downloaded AAPL/1769900724.json -> /tmp/minio_downloads/AAPL/1769900724.json
[2026-02-03T21:49:13.892+0000] {logging_mixin.py:188} INFO - Downloaded AAPL/1769900725.json -> /tmp/minio_downloads/AAPL/1769900725.json
[2026-02-03T21:49:13.897+0000] {logging_mixin.py:188} INFO - Downloaded AAPL/1769900726.json -> /tmp/minio_downloads/AAPL/1769900726.json
[2026-02-03T21:49:13.904+0000] {logging_mixin.py:188} INFO - Downloaded AAPL/1769900727.json -> /tmp/minio_downloads/AAPL/1769900727.json
[2026-02-03T21:49:13.910+0000] {logging_mixin.py:188} INFO - Downloaded AAPL/1769900728.json -> /tmp/minio_downloads/AAPL/1769900728.json
[2026-02-03T21:49:13.915+0000] {logging_mixin.py:188} INFO - Downloaded AAPL/1769900729.json -> /tmp/minio_downloads/AAPL/1769900729.json
[2026-02-03T21:49:13.920+0000] {logging_mixin.py:188} INFO - Downloaded AAPL/1769900730.json -> /tmp/minio_downloads/AAPL/1769900730.json
[2026-02-03T21:49:13.925+0000] {logging_mixin.py:188} INFO - Downloaded AAPL/1769900731.json -> /tmp/minio_downloads/AAPL/1769900731.json
[2026-02-03T21:49:13.931+0000] {logging_mixin.py:188} INFO - Downloaded AAPL/1769900732.json -> /tmp/minio_downloads/AAPL/1769900732.json
[2026-02-03T21:49:13.935+0000] {logging_mixin.py:188} INFO - Downloaded AAPL/1769900733.json -> /tmp/minio_downloads/AAPL/1769900733.json
[2026-02-03T21:49:13.940+0000] {logging_mixin.py:188} INFO - Downloaded AAPL/1769900734.json -> /tmp/minio_downloads/AAPL/1769900734.json
[2026-02-03T21:49:13.944+0000] {logging_mixin.py:188} INFO - Downloaded AAPL/1769900735.json -> /tmp/minio_downloads/AAPL/1769900735.json
[2026-02-03T21:49:13.949+0000] {logging_mixin.py:188} INFO - Downloaded AAPL/1769900736.json -> /tmp/minio_downloads/AAPL/1769900736.json
[2026-02-03T21:49:13.953+0000] {logging_mixin.py:188} INFO - Downloaded AAPL/1769900737.json -> /tmp/minio_downloads/AAPL/1769900737.json
[2026-02-03T21:49:13.957+0000] {logging_mixin.py:188} INFO - Downloaded AAPL/1769900738.json -> /tmp/minio_downloads/AAPL/1769900738.json
[2026-02-03T21:49:13.962+0000] {logging_mixin.py:188} INFO - Downloaded AAPL/1769900739.json -> /tmp/minio_downloads/AAPL/1769900739.json
[2026-02-03T21:49:13.966+0000] {logging_mixin.py:188} INFO - Downloaded AAPL/1769900740.json -> /tmp/minio_downloads/AAPL/1769900740.json
[2026-02-03T21:49:13.971+0000] {logging_mixin.py:188} INFO - Downloaded AAPL/1769900741.json -> /tmp/minio_downloads/AAPL/1769900741.json
[2026-02-03T21:49:13.975+0000] {logging_mixin.py:188} INFO - Downloaded AAPL/1769900742.json -> /tmp/minio_downloads/AAPL/1769900742.json
[2026-02-03T21:49:13.980+0000] {logging_mixin.py:188} INFO - Downloaded AAPL/1769900743.json -> /tmp/minio_downloads/AAPL/1769900743.json
[2026-02-03T21:49:13.984+0000] {logging_mixin.py:188} INFO - Downloaded AAPL/1769900744.json -> /tmp/minio_downloads/AAPL/1769900744.json
[2026-02-03T21:49:13.989+0000] {logging_mixin.py:188} INFO - Downloaded AAPL/1769900745.json -> /tmp/minio_downloads/AAPL/1769900745.json
[2026-02-03T21:49:13.993+0000] {logging_mixin.py:188} INFO - Downloaded AAPL/1769900746.json -> /tmp/minio_downloads/AAPL/1769900746.json
[2026-02-03T21:49:13.997+0000] {logging_mixin.py:188} INFO - Downloaded AAPL/1769900747.json -> /tmp/minio_downloads/AAPL/1769900747.json
[2026-02-03T21:49:14.002+0000] {logging_mixin.py:188} INFO - Downloaded AAPL/1769900748.json -> /tmp/minio_downloads/AAPL/1769900748.json
[2026-02-03T21:49:14.006+0000] {logging_mixin.py:188} INFO - Downloaded AAPL/1769900749.json -> /tmp/minio_downloads/AAPL/1769900749.json
[2026-02-03T21:49:14.012+0000] {logging_mixin.py:188} INFO - Downloaded AAPL/1769900750.json -> /tmp/minio_downloads/AAPL/1769900750.json
[2026-02-03T21:49:14.017+0000] {logging_mixin.py:188} INFO - Downloaded AAPL/1769900751.json -> /tmp/minio_downloads/AAPL/1769900751.json
[2026-02-03T21:49:14.022+0000] {logging_mixin.py:188} INFO - Downloaded AAPL/1769900752.json -> /tmp/minio_downloads/AAPL/1769900752.json
[2026-02-03T21:49:14.027+0000] {logging_mixin.py:188} INFO - Downloaded AAPL/1769900753.json -> /tmp/minio_downloads/AAPL/1769900753.json
[2026-02-03T21:49:14.032+0000] {logging_mixin.py:188} INFO - Downloaded AAPL/1769900754.json -> /tmp/minio_downloads/AAPL/1769900754.json
[2026-02-03T21:49:14.037+0000] {logging_mixin.py:188} INFO - Downloaded AAPL/1769900755.json -> /tmp/minio_downloads/AAPL/1769900755.json
[2026-02-03T21:49:14.041+0000] {logging_mixin.py:188} INFO - Downloaded AAPL/1769900756.json -> /tmp/minio_downloads/AAPL/1769900756.json
[2026-02-03T21:49:14.046+0000] {logging_mixin.py:188} INFO - Downloaded AAPL/1769900757.json -> /tmp/minio_downloads/AAPL/1769900757.json
[2026-02-03T21:49:14.050+0000] {logging_mixin.py:188} INFO - Downloaded AAPL/1769900758.json -> /tmp/minio_downloads/AAPL/1769900758.json
[2026-02-03T21:49:14.055+0000] {logging_mixin.py:188} INFO - Downloaded AAPL/1769900759.json -> /tmp/minio_downloads/AAPL/1769900759.json
[2026-02-03T21:49:14.060+0000] {logging_mixin.py:188} INFO - Downloaded AAPL/1769900760.json -> /tmp/minio_downloads/AAPL/1769900760.json
[2026-02-03T21:49:14.064+0000] {logging_mixin.py:188} INFO - Downloaded AAPL/1769900761.json -> /tmp/minio_downloads/AAPL/1769900761.json
[2026-02-03T21:49:14.068+0000] {logging_mixin.py:188} INFO - Downloaded AAPL/1769900762.json -> /tmp/minio_downloads/AAPL/1769900762.json
[2026-02-03T21:49:14.073+0000] {logging_mixin.py:188} INFO - Downloaded AAPL/1769900763.json -> /tmp/minio_downloads/AAPL/1769900763.json
[2026-02-03T21:49:14.077+0000] {logging_mixin.py:188} INFO - Downloaded AAPL/1769900764.json -> /tmp/minio_downloads/AAPL/1769900764.json
[2026-02-03T21:49:14.082+0000] {logging_mixin.py:188} INFO - Downloaded AAPL/1769900765.json -> /tmp/minio_downloads/AAPL/1769900765.json
[2026-02-03T21:49:14.086+0000] {logging_mixin.py:188} INFO - Downloaded AAPL/1769900766.json -> /tmp/minio_downloads/AAPL/1769900766.json
[2026-02-03T21:49:14.091+0000] {logging_mixin.py:188} INFO - Downloaded AMZN/1769900678.json -> /tmp/minio_downloads/AMZN/1769900678.json
[2026-02-03T21:49:14.096+0000] {logging_mixin.py:188} INFO - Downloaded AMZN/1769900679.json -> /tmp/minio_downloads/AMZN/1769900679.json
[2026-02-03T21:49:14.101+0000] {logging_mixin.py:188} INFO - Downloaded AMZN/1769900680.json -> /tmp/minio_downloads/AMZN/1769900680.json
[2026-02-03T21:49:14.106+0000] {logging_mixin.py:188} INFO - Downloaded AMZN/1769900681.json -> /tmp/minio_downloads/AMZN/1769900681.json
[2026-02-03T21:49:14.111+0000] {logging_mixin.py:188} INFO - Downloaded AMZN/1769900682.json -> /tmp/minio_downloads/AMZN/1769900682.json
[2026-02-03T21:49:14.116+0000] {logging_mixin.py:188} INFO - Downloaded AMZN/1769900683.json -> /tmp/minio_downloads/AMZN/1769900683.json
[2026-02-03T21:49:14.120+0000] {logging_mixin.py:188} INFO - Downloaded AMZN/1769900684.json -> /tmp/minio_downloads/AMZN/1769900684.json
[2026-02-03T21:49:14.125+0000] {logging_mixin.py:188} INFO - Downloaded AMZN/1769900685.json -> /tmp/minio_downloads/AMZN/1769900685.json
[2026-02-03T21:49:14.129+0000] {logging_mixin.py:188} INFO - Downloaded AMZN/1769900686.json -> /tmp/minio_downloads/AMZN/1769900686.json
[2026-02-03T21:49:14.134+0000] {logging_mixin.py:188} INFO - Downloaded AMZN/1769900687.json -> /tmp/minio_downloads/AMZN/1769900687.json
[2026-02-03T21:49:14.138+0000] {logging_mixin.py:188} INFO - Downloaded AMZN/1769900688.json -> /tmp/minio_downloads/AMZN/1769900688.json
[2026-02-03T21:49:14.142+0000] {logging_mixin.py:188} INFO - Downloaded AMZN/1769900689.json -> /tmp/minio_downloads/AMZN/1769900689.json
[2026-02-03T21:49:14.147+0000] {logging_mixin.py:188} INFO - Downloaded AMZN/1769900690.json -> /tmp/minio_downloads/AMZN/1769900690.json
[2026-02-03T21:49:14.152+0000] {logging_mixin.py:188} INFO - Downloaded AMZN/1769900691.json -> /tmp/minio_downloads/AMZN/1769900691.json
[2026-02-03T21:49:14.157+0000] {logging_mixin.py:188} INFO - Downloaded AMZN/1769900692.json -> /tmp/minio_downloads/AMZN/1769900692.json
[2026-02-03T21:49:14.162+0000] {logging_mixin.py:188} INFO - Downloaded AMZN/1769900693.json -> /tmp/minio_downloads/AMZN/1769900693.json
[2026-02-03T21:49:14.166+0000] {logging_mixin.py:188} INFO - Downloaded AMZN/1769900694.json -> /tmp/minio_downloads/AMZN/1769900694.json
[2026-02-03T21:49:14.171+0000] {logging_mixin.py:188} INFO - Downloaded AMZN/1769900695.json -> /tmp/minio_downloads/AMZN/1769900695.json
[2026-02-03T21:49:14.176+0000] {logging_mixin.py:188} INFO - Downloaded AMZN/1769900696.json -> /tmp/minio_downloads/AMZN/1769900696.json
[2026-02-03T21:49:14.181+0000] {logging_mixin.py:188} INFO - Downloaded AMZN/1769900697.json -> /tmp/minio_downloads/AMZN/1769900697.json
[2026-02-03T21:49:14.185+0000] {logging_mixin.py:188} INFO - Downloaded AMZN/1769900698.json -> /tmp/minio_downloads/AMZN/1769900698.json
[2026-02-03T21:49:14.190+0000] {logging_mixin.py:188} INFO - Downloaded AMZN/1769900699.json -> /tmp/minio_downloads/AMZN/1769900699.json
[2026-02-03T21:49:14.194+0000] {logging_mixin.py:188} INFO - Downloaded AMZN/1769900700.json -> /tmp/minio_downloads/AMZN/1769900700.json
[2026-02-03T21:49:14.198+0000] {logging_mixin.py:188} INFO - Downloaded AMZN/1769900701.json -> /tmp/minio_downloads/AMZN/1769900701.json
[2026-02-03T21:49:14.203+0000] {logging_mixin.py:188} INFO - Downloaded AMZN/1769900702.json -> /tmp/minio_downloads/AMZN/1769900702.json
[2026-02-03T21:49:14.208+0000] {logging_mixin.py:188} INFO - Downloaded AMZN/1769900703.json -> /tmp/minio_downloads/AMZN/1769900703.json
[2026-02-03T21:49:14.213+0000] {logging_mixin.py:188} INFO - Downloaded AMZN/1769900704.json -> /tmp/minio_downloads/AMZN/1769900704.json
[2026-02-03T21:49:14.217+0000] {logging_mixin.py:188} INFO - Downloaded AMZN/1769900705.json -> /tmp/minio_downloads/AMZN/1769900705.json
[2026-02-03T21:49:14.222+0000] {logging_mixin.py:188} INFO - Downloaded AMZN/1769900706.json -> /tmp/minio_downloads/AMZN/1769900706.json
[2026-02-03T21:49:14.226+0000] {logging_mixin.py:188} INFO - Downloaded AMZN/1769900707.json -> /tmp/minio_downloads/AMZN/1769900707.json
[2026-02-03T21:49:14.231+0000] {logging_mixin.py:188} INFO - Downloaded AMZN/1769900708.json -> /tmp/minio_downloads/AMZN/1769900708.json
[2026-02-03T21:49:14.235+0000] {logging_mixin.py:188} INFO - Downloaded AMZN/1769900709.json -> /tmp/minio_downloads/AMZN/1769900709.json
[2026-02-03T21:49:14.240+0000] {logging_mixin.py:188} INFO - Downloaded AMZN/1769900710.json -> /tmp/minio_downloads/AMZN/1769900710.json
[2026-02-03T21:49:14.245+0000] {logging_mixin.py:188} INFO - Downloaded AMZN/1769900711.json -> /tmp/minio_downloads/AMZN/1769900711.json
[2026-02-03T21:49:14.250+0000] {logging_mixin.py:188} INFO - Downloaded AMZN/1769900712.json -> /tmp/minio_downloads/AMZN/1769900712.json
[2026-02-03T21:49:14.255+0000] {logging_mixin.py:188} INFO - Downloaded AMZN/1769900713.json -> /tmp/minio_downloads/AMZN/1769900713.json
[2026-02-03T21:49:14.259+0000] {logging_mixin.py:188} INFO - Downloaded AMZN/1769900714.json -> /tmp/minio_downloads/AMZN/1769900714.json
[2026-02-03T21:49:14.264+0000] {logging_mixin.py:188} INFO - Downloaded AMZN/1769900715.json -> /tmp/minio_downloads/AMZN/1769900715.json
[2026-02-03T21:49:14.269+0000] {logging_mixin.py:188} INFO - Downloaded AMZN/1769900716.json -> /tmp/minio_downloads/AMZN/1769900716.json
[2026-02-03T21:49:14.274+0000] {logging_mixin.py:188} INFO - Downloaded AMZN/1769900717.json -> /tmp/minio_downloads/AMZN/1769900717.json
[2026-02-03T21:49:14.278+0000] {logging_mixin.py:188} INFO - Downloaded AMZN/1769900718.json -> /tmp/minio_downloads/AMZN/1769900718.json
[2026-02-03T21:49:14.282+0000] {logging_mixin.py:188} INFO - Downloaded AMZN/1769900719.json -> /tmp/minio_downloads/AMZN/1769900719.json
[2026-02-03T21:49:14.287+0000] {logging_mixin.py:188} INFO - Downloaded AMZN/1769900720.json -> /tmp/minio_downloads/AMZN/1769900720.json
[2026-02-03T21:49:14.292+0000] {logging_mixin.py:188} INFO - Downloaded AMZN/1769900721.json -> /tmp/minio_downloads/AMZN/1769900721.json
[2026-02-03T21:49:14.296+0000] {logging_mixin.py:188} INFO - Downloaded AMZN/1769900722.json -> /tmp/minio_downloads/AMZN/1769900722.json
[2026-02-03T21:49:14.301+0000] {logging_mixin.py:188} INFO - Downloaded AMZN/1769900723.json -> /tmp/minio_downloads/AMZN/1769900723.json
[2026-02-03T21:49:14.306+0000] {logging_mixin.py:188} INFO - Downloaded AMZN/1769900724.json -> /tmp/minio_downloads/AMZN/1769900724.json
[2026-02-03T21:49:14.311+0000] {logging_mixin.py:188} INFO - Downloaded AMZN/1769900725.json -> /tmp/minio_downloads/AMZN/1769900725.json
[2026-02-03T21:49:14.315+0000] {logging_mixin.py:188} INFO - Downloaded AMZN/1769900726.json -> /tmp/minio_downloads/AMZN/1769900726.json
[2026-02-03T21:49:14.320+0000] {logging_mixin.py:188} INFO - Downloaded AMZN/1769900727.json -> /tmp/minio_downloads/AMZN/1769900727.json
[2026-02-03T21:49:14.325+0000] {logging_mixin.py:188} INFO - Downloaded AMZN/1769900728.json -> /tmp/minio_downloads/AMZN/1769900728.json
[2026-02-03T21:49:14.329+0000] {logging_mixin.py:188} INFO - Downloaded AMZN/1769900729.json -> /tmp/minio_downloads/AMZN/1769900729.json
[2026-02-03T21:49:14.334+0000] {logging_mixin.py:188} INFO - Downloaded AMZN/1769900730.json -> /tmp/minio_downloads/AMZN/1769900730.json
[2026-02-03T21:49:14.338+0000] {logging_mixin.py:188} INFO - Downloaded AMZN/1769900731.json -> /tmp/minio_downloads/AMZN/1769900731.json
[2026-02-03T21:49:14.342+0000] {logging_mixin.py:188} INFO - Downloaded AMZN/1769900732.json -> /tmp/minio_downloads/AMZN/1769900732.json
[2026-02-03T21:49:14.347+0000] {logging_mixin.py:188} INFO - Downloaded AMZN/1769900733.json -> /tmp/minio_downloads/AMZN/1769900733.json
[2026-02-03T21:49:14.351+0000] {logging_mixin.py:188} INFO - Downloaded AMZN/1769900734.json -> /tmp/minio_downloads/AMZN/1769900734.json
[2026-02-03T21:49:14.356+0000] {logging_mixin.py:188} INFO - Downloaded AMZN/1769900735.json -> /tmp/minio_downloads/AMZN/1769900735.json
[2026-02-03T21:49:14.361+0000] {logging_mixin.py:188} INFO - Downloaded AMZN/1769900736.json -> /tmp/minio_downloads/AMZN/1769900736.json
[2026-02-03T21:49:14.365+0000] {logging_mixin.py:188} INFO - Downloaded AMZN/1769900737.json -> /tmp/minio_downloads/AMZN/1769900737.json
[2026-02-03T21:49:14.370+0000] {logging_mixin.py:188} INFO - Downloaded AMZN/1769900738.json -> /tmp/minio_downloads/AMZN/1769900738.json
[2026-02-03T21:49:14.374+0000] {logging_mixin.py:188} INFO - Downloaded AMZN/1769900739.json -> /tmp/minio_downloads/AMZN/1769900739.json
[2026-02-03T21:49:14.381+0000] {logging_mixin.py:188} INFO - Downloaded AMZN/1769900740.json -> /tmp/minio_downloads/AMZN/1769900740.json
[2026-02-03T21:49:14.387+0000] {logging_mixin.py:188} INFO - Downloaded AMZN/1769900741.json -> /tmp/minio_downloads/AMZN/1769900741.json
[2026-02-03T21:49:14.393+0000] {logging_mixin.py:188} INFO - Downloaded AMZN/1769900742.json -> /tmp/minio_downloads/AMZN/1769900742.json
[2026-02-03T21:49:14.399+0000] {logging_mixin.py:188} INFO - Downloaded AMZN/1769900743.json -> /tmp/minio_downloads/AMZN/1769900743.json
[2026-02-03T21:49:14.405+0000] {logging_mixin.py:188} INFO - Downloaded AMZN/1769900744.json -> /tmp/minio_downloads/AMZN/1769900744.json
[2026-02-03T21:49:14.412+0000] {logging_mixin.py:188} INFO - Downloaded AMZN/1769900745.json -> /tmp/minio_downloads/AMZN/1769900745.json
[2026-02-03T21:49:14.418+0000] {logging_mixin.py:188} INFO - Downloaded AMZN/1769900746.json -> /tmp/minio_downloads/AMZN/1769900746.json
[2026-02-03T21:49:14.424+0000] {logging_mixin.py:188} INFO - Downloaded AMZN/1769900747.json -> /tmp/minio_downloads/AMZN/1769900747.json
[2026-02-03T21:49:14.431+0000] {logging_mixin.py:188} INFO - Downloaded AMZN/1769900748.json -> /tmp/minio_downloads/AMZN/1769900748.json
[2026-02-03T21:49:14.440+0000] {logging_mixin.py:188} INFO - Downloaded AMZN/1769900749.json -> /tmp/minio_downloads/AMZN/1769900749.json
[2026-02-03T21:49:14.449+0000] {logging_mixin.py:188} INFO - Downloaded AMZN/1769900750.json -> /tmp/minio_downloads/AMZN/1769900750.json
[2026-02-03T21:49:14.458+0000] {logging_mixin.py:188} INFO - Downloaded AMZN/1769900751.json -> /tmp/minio_downloads/AMZN/1769900751.json
[2026-02-03T21:49:14.465+0000] {logging_mixin.py:188} INFO - Downloaded AMZN/1769900752.json -> /tmp/minio_downloads/AMZN/1769900752.json
[2026-02-03T21:49:14.473+0000] {logging_mixin.py:188} INFO - Downloaded AMZN/1769900753.json -> /tmp/minio_downloads/AMZN/1769900753.json
[2026-02-03T21:49:14.480+0000] {logging_mixin.py:188} INFO - Downloaded AMZN/1769900754.json -> /tmp/minio_downloads/AMZN/1769900754.json
[2026-02-03T21:49:14.488+0000] {logging_mixin.py:188} INFO - Downloaded AMZN/1769900755.json -> /tmp/minio_downloads/AMZN/1769900755.json
[2026-02-03T21:49:14.496+0000] {logging_mixin.py:188} INFO - Downloaded AMZN/1769900756.json -> /tmp/minio_downloads/AMZN/1769900756.json
[2026-02-03T21:49:14.505+0000] {logging_mixin.py:188} INFO - Downloaded AMZN/1769900757.json -> /tmp/minio_downloads/AMZN/1769900757.json
[2026-02-03T21:49:14.516+0000] {logging_mixin.py:188} INFO - Downloaded AMZN/1769900758.json -> /tmp/minio_downloads/AMZN/1769900758.json
[2026-02-03T21:49:14.523+0000] {logging_mixin.py:188} INFO - Downloaded AMZN/1769900759.json -> /tmp/minio_downloads/AMZN/1769900759.json
[2026-02-03T21:49:14.531+0000] {logging_mixin.py:188} INFO - Downloaded AMZN/1769900760.json -> /tmp/minio_downloads/AMZN/1769900760.json
[2026-02-03T21:49:14.540+0000] {logging_mixin.py:188} INFO - Downloaded AMZN/1769900761.json -> /tmp/minio_downloads/AMZN/1769900761.json
[2026-02-03T21:49:14.547+0000] {logging_mixin.py:188} INFO - Downloaded AMZN/1769900762.json -> /tmp/minio_downloads/AMZN/1769900762.json
[2026-02-03T21:49:14.554+0000] {logging_mixin.py:188} INFO - Downloaded AMZN/1769900763.json -> /tmp/minio_downloads/AMZN/1769900763.json
[2026-02-03T21:49:14.560+0000] {logging_mixin.py:188} INFO - Downloaded AMZN/1769900764.json -> /tmp/minio_downloads/AMZN/1769900764.json
[2026-02-03T21:49:14.566+0000] {logging_mixin.py:188} INFO - Downloaded AMZN/1769900765.json -> /tmp/minio_downloads/AMZN/1769900765.json
[2026-02-03T21:49:14.571+0000] {logging_mixin.py:188} INFO - Downloaded AMZN/1769900766.json -> /tmp/minio_downloads/AMZN/1769900766.json
[2026-02-03T21:49:14.577+0000] {logging_mixin.py:188} INFO - Downloaded GOOGL/1769900678.json -> /tmp/minio_downloads/GOOGL/1769900678.json
[2026-02-03T21:49:14.583+0000] {logging_mixin.py:188} INFO - Downloaded GOOGL/1769900679.json -> /tmp/minio_downloads/GOOGL/1769900679.json
[2026-02-03T21:49:14.589+0000] {logging_mixin.py:188} INFO - Downloaded GOOGL/1769900680.json -> /tmp/minio_downloads/GOOGL/1769900680.json
[2026-02-03T21:49:14.594+0000] {logging_mixin.py:188} INFO - Downloaded GOOGL/1769900681.json -> /tmp/minio_downloads/GOOGL/1769900681.json
[2026-02-03T21:49:14.599+0000] {logging_mixin.py:188} INFO - Downloaded GOOGL/1769900682.json -> /tmp/minio_downloads/GOOGL/1769900682.json
[2026-02-03T21:49:14.605+0000] {logging_mixin.py:188} INFO - Downloaded GOOGL/1769900683.json -> /tmp/minio_downloads/GOOGL/1769900683.json
[2026-02-03T21:49:14.612+0000] {logging_mixin.py:188} INFO - Downloaded GOOGL/1769900684.json -> /tmp/minio_downloads/GOOGL/1769900684.json
[2026-02-03T21:49:14.618+0000] {logging_mixin.py:188} INFO - Downloaded GOOGL/1769900685.json -> /tmp/minio_downloads/GOOGL/1769900685.json
[2026-02-03T21:49:14.624+0000] {logging_mixin.py:188} INFO - Downloaded GOOGL/1769900686.json -> /tmp/minio_downloads/GOOGL/1769900686.json
[2026-02-03T21:49:14.630+0000] {logging_mixin.py:188} INFO - Downloaded GOOGL/1769900687.json -> /tmp/minio_downloads/GOOGL/1769900687.json
[2026-02-03T21:49:14.636+0000] {logging_mixin.py:188} INFO - Downloaded GOOGL/1769900688.json -> /tmp/minio_downloads/GOOGL/1769900688.json
[2026-02-03T21:49:14.642+0000] {logging_mixin.py:188} INFO - Downloaded GOOGL/1769900689.json -> /tmp/minio_downloads/GOOGL/1769900689.json
[2026-02-03T21:49:14.646+0000] {logging_mixin.py:188} INFO - Downloaded GOOGL/1769900690.json -> /tmp/minio_downloads/GOOGL/1769900690.json
[2026-02-03T21:49:14.652+0000] {logging_mixin.py:188} INFO - Downloaded GOOGL/1769900691.json -> /tmp/minio_downloads/GOOGL/1769900691.json
[2026-02-03T21:49:14.657+0000] {logging_mixin.py:188} INFO - Downloaded GOOGL/1769900692.json -> /tmp/minio_downloads/GOOGL/1769900692.json
[2026-02-03T21:49:14.662+0000] {logging_mixin.py:188} INFO - Downloaded GOOGL/1769900693.json -> /tmp/minio_downloads/GOOGL/1769900693.json
[2026-02-03T21:49:14.668+0000] {logging_mixin.py:188} INFO - Downloaded GOOGL/1769900694.json -> /tmp/minio_downloads/GOOGL/1769900694.json
[2026-02-03T21:49:14.673+0000] {logging_mixin.py:188} INFO - Downloaded GOOGL/1769900695.json -> /tmp/minio_downloads/GOOGL/1769900695.json
[2026-02-03T21:49:14.678+0000] {logging_mixin.py:188} INFO - Downloaded GOOGL/1769900696.json -> /tmp/minio_downloads/GOOGL/1769900696.json
[2026-02-03T21:49:14.683+0000] {logging_mixin.py:188} INFO - Downloaded GOOGL/1769900697.json -> /tmp/minio_downloads/GOOGL/1769900697.json
[2026-02-03T21:49:14.688+0000] {logging_mixin.py:188} INFO - Downloaded GOOGL/1769900698.json -> /tmp/minio_downloads/GOOGL/1769900698.json
[2026-02-03T21:49:14.693+0000] {logging_mixin.py:188} INFO - Downloaded GOOGL/1769900699.json -> /tmp/minio_downloads/GOOGL/1769900699.json
[2026-02-03T21:49:14.699+0000] {logging_mixin.py:188} INFO - Downloaded GOOGL/1769900700.json -> /tmp/minio_downloads/GOOGL/1769900700.json
[2026-02-03T21:49:14.705+0000] {logging_mixin.py:188} INFO - Downloaded GOOGL/1769900701.json -> /tmp/minio_downloads/GOOGL/1769900701.json
[2026-02-03T21:49:14.710+0000] {logging_mixin.py:188} INFO - Downloaded GOOGL/1769900702.json -> /tmp/minio_downloads/GOOGL/1769900702.json
[2026-02-03T21:49:14.716+0000] {logging_mixin.py:188} INFO - Downloaded GOOGL/1769900703.json -> /tmp/minio_downloads/GOOGL/1769900703.json
[2026-02-03T21:49:14.723+0000] {logging_mixin.py:188} INFO - Downloaded GOOGL/1769900704.json -> /tmp/minio_downloads/GOOGL/1769900704.json
[2026-02-03T21:49:14.729+0000] {logging_mixin.py:188} INFO - Downloaded GOOGL/1769900705.json -> /tmp/minio_downloads/GOOGL/1769900705.json
[2026-02-03T21:49:14.735+0000] {logging_mixin.py:188} INFO - Downloaded GOOGL/1769900706.json -> /tmp/minio_downloads/GOOGL/1769900706.json
[2026-02-03T21:49:14.741+0000] {logging_mixin.py:188} INFO - Downloaded GOOGL/1769900707.json -> /tmp/minio_downloads/GOOGL/1769900707.json
[2026-02-03T21:49:14.746+0000] {logging_mixin.py:188} INFO - Downloaded GOOGL/1769900708.json -> /tmp/minio_downloads/GOOGL/1769900708.json
[2026-02-03T21:49:14.751+0000] {logging_mixin.py:188} INFO - Downloaded GOOGL/1769900709.json -> /tmp/minio_downloads/GOOGL/1769900709.json
[2026-02-03T21:49:14.757+0000] {logging_mixin.py:188} INFO - Downloaded GOOGL/1769900710.json -> /tmp/minio_downloads/GOOGL/1769900710.json
[2026-02-03T21:49:14.763+0000] {logging_mixin.py:188} INFO - Downloaded GOOGL/1769900711.json -> /tmp/minio_downloads/GOOGL/1769900711.json
[2026-02-03T21:49:14.770+0000] {logging_mixin.py:188} INFO - Downloaded GOOGL/1769900712.json -> /tmp/minio_downloads/GOOGL/1769900712.json
[2026-02-03T21:49:14.775+0000] {logging_mixin.py:188} INFO - Downloaded GOOGL/1769900713.json -> /tmp/minio_downloads/GOOGL/1769900713.json
[2026-02-03T21:49:14.781+0000] {logging_mixin.py:188} INFO - Downloaded GOOGL/1769900714.json -> /tmp/minio_downloads/GOOGL/1769900714.json
[2026-02-03T21:49:14.787+0000] {logging_mixin.py:188} INFO - Downloaded GOOGL/1769900715.json -> /tmp/minio_downloads/GOOGL/1769900715.json
[2026-02-03T21:49:14.792+0000] {logging_mixin.py:188} INFO - Downloaded GOOGL/1769900716.json -> /tmp/minio_downloads/GOOGL/1769900716.json
[2026-02-03T21:49:14.798+0000] {logging_mixin.py:188} INFO - Downloaded GOOGL/1769900717.json -> /tmp/minio_downloads/GOOGL/1769900717.json
[2026-02-03T21:49:14.803+0000] {logging_mixin.py:188} INFO - Downloaded GOOGL/1769900718.json -> /tmp/minio_downloads/GOOGL/1769900718.json
[2026-02-03T21:49:14.809+0000] {logging_mixin.py:188} INFO - Downloaded GOOGL/1769900719.json -> /tmp/minio_downloads/GOOGL/1769900719.json
[2026-02-03T21:49:14.814+0000] {logging_mixin.py:188} INFO - Downloaded GOOGL/1769900720.json -> /tmp/minio_downloads/GOOGL/1769900720.json
[2026-02-03T21:49:14.820+0000] {logging_mixin.py:188} INFO - Downloaded GOOGL/1769900721.json -> /tmp/minio_downloads/GOOGL/1769900721.json
[2026-02-03T21:49:14.826+0000] {logging_mixin.py:188} INFO - Downloaded GOOGL/1769900722.json -> /tmp/minio_downloads/GOOGL/1769900722.json
[2026-02-03T21:49:14.831+0000] {logging_mixin.py:188} INFO - Downloaded GOOGL/1769900723.json -> /tmp/minio_downloads/GOOGL/1769900723.json
[2026-02-03T21:49:14.837+0000] {logging_mixin.py:188} INFO - Downloaded GOOGL/1769900724.json -> /tmp/minio_downloads/GOOGL/1769900724.json
[2026-02-03T21:49:14.844+0000] {logging_mixin.py:188} INFO - Downloaded GOOGL/1769900725.json -> /tmp/minio_downloads/GOOGL/1769900725.json
[2026-02-03T21:49:14.849+0000] {logging_mixin.py:188} INFO - Downloaded GOOGL/1769900726.json -> /tmp/minio_downloads/GOOGL/1769900726.json
[2026-02-03T21:49:14.855+0000] {logging_mixin.py:188} INFO - Downloaded GOOGL/1769900727.json -> /tmp/minio_downloads/GOOGL/1769900727.json
[2026-02-03T21:49:14.860+0000] {logging_mixin.py:188} INFO - Downloaded GOOGL/1769900728.json -> /tmp/minio_downloads/GOOGL/1769900728.json
[2026-02-03T21:49:14.865+0000] {logging_mixin.py:188} INFO - Downloaded GOOGL/1769900729.json -> /tmp/minio_downloads/GOOGL/1769900729.json
[2026-02-03T21:49:14.871+0000] {logging_mixin.py:188} INFO - Downloaded GOOGL/1769900730.json -> /tmp/minio_downloads/GOOGL/1769900730.json
[2026-02-03T21:49:14.876+0000] {logging_mixin.py:188} INFO - Downloaded GOOGL/1769900731.json -> /tmp/minio_downloads/GOOGL/1769900731.json
[2026-02-03T21:49:14.880+0000] {logging_mixin.py:188} INFO - Downloaded GOOGL/1769900732.json -> /tmp/minio_downloads/GOOGL/1769900732.json
[2026-02-03T21:49:14.885+0000] {logging_mixin.py:188} INFO - Downloaded GOOGL/1769900733.json -> /tmp/minio_downloads/GOOGL/1769900733.json
[2026-02-03T21:49:14.891+0000] {logging_mixin.py:188} INFO - Downloaded GOOGL/1769900734.json -> /tmp/minio_downloads/GOOGL/1769900734.json
[2026-02-03T21:49:14.896+0000] {logging_mixin.py:188} INFO - Downloaded GOOGL/1769900735.json -> /tmp/minio_downloads/GOOGL/1769900735.json
[2026-02-03T21:49:14.902+0000] {logging_mixin.py:188} INFO - Downloaded GOOGL/1769900736.json -> /tmp/minio_downloads/GOOGL/1769900736.json
[2026-02-03T21:49:14.906+0000] {logging_mixin.py:188} INFO - Downloaded GOOGL/1769900737.json -> /tmp/minio_downloads/GOOGL/1769900737.json
[2026-02-03T21:49:14.911+0000] {logging_mixin.py:188} INFO - Downloaded GOOGL/1769900738.json -> /tmp/minio_downloads/GOOGL/1769900738.json
[2026-02-03T21:49:14.916+0000] {logging_mixin.py:188} INFO - Downloaded GOOGL/1769900739.json -> /tmp/minio_downloads/GOOGL/1769900739.json
[2026-02-03T21:49:14.921+0000] {logging_mixin.py:188} INFO - Downloaded GOOGL/1769900740.json -> /tmp/minio_downloads/GOOGL/1769900740.json
[2026-02-03T21:49:14.926+0000] {logging_mixin.py:188} INFO - Downloaded GOOGL/1769900741.json -> /tmp/minio_downloads/GOOGL/1769900741.json
[2026-02-03T21:49:14.931+0000] {logging_mixin.py:188} INFO - Downloaded GOOGL/1769900742.json -> /tmp/minio_downloads/GOOGL/1769900742.json
[2026-02-03T21:49:14.936+0000] {logging_mixin.py:188} INFO - Downloaded GOOGL/1769900743.json -> /tmp/minio_downloads/GOOGL/1769900743.json
[2026-02-03T21:49:14.941+0000] {logging_mixin.py:188} INFO - Downloaded GOOGL/1769900744.json -> /tmp/minio_downloads/GOOGL/1769900744.json
[2026-02-03T21:49:14.947+0000] {logging_mixin.py:188} INFO - Downloaded GOOGL/1769900745.json -> /tmp/minio_downloads/GOOGL/1769900745.json
[2026-02-03T21:49:14.952+0000] {logging_mixin.py:188} INFO - Downloaded GOOGL/1769900746.json -> /tmp/minio_downloads/GOOGL/1769900746.json
[2026-02-03T21:49:14.957+0000] {logging_mixin.py:188} INFO - Downloaded GOOGL/1769900747.json -> /tmp/minio_downloads/GOOGL/1769900747.json
[2026-02-03T21:49:14.963+0000] {logging_mixin.py:188} INFO - Downloaded GOOGL/1769900748.json -> /tmp/minio_downloads/GOOGL/1769900748.json
[2026-02-03T21:49:14.968+0000] {logging_mixin.py:188} INFO - Downloaded GOOGL/1769900749.json -> /tmp/minio_downloads/GOOGL/1769900749.json
[2026-02-03T21:49:14.973+0000] {logging_mixin.py:188} INFO - Downloaded GOOGL/1769900750.json -> /tmp/minio_downloads/GOOGL/1769900750.json
[2026-02-03T21:49:14.978+0000] {logging_mixin.py:188} INFO - Downloaded GOOGL/1769900751.json -> /tmp/minio_downloads/GOOGL/1769900751.json
[2026-02-03T21:49:14.983+0000] {logging_mixin.py:188} INFO - Downloaded GOOGL/1769900752.json -> /tmp/minio_downloads/GOOGL/1769900752.json
[2026-02-03T21:49:14.988+0000] {logging_mixin.py:188} INFO - Downloaded GOOGL/1769900753.json -> /tmp/minio_downloads/GOOGL/1769900753.json
[2026-02-03T21:49:14.992+0000] {logging_mixin.py:188} INFO - Downloaded GOOGL/1769900754.json -> /tmp/minio_downloads/GOOGL/1769900754.json
[2026-02-03T21:49:14.997+0000] {logging_mixin.py:188} INFO - Downloaded GOOGL/1769900755.json -> /tmp/minio_downloads/GOOGL/1769900755.json
[2026-02-03T21:49:15.002+0000] {logging_mixin.py:188} INFO - Downloaded GOOGL/1769900756.json -> /tmp/minio_downloads/GOOGL/1769900756.json
[2026-02-03T21:49:15.006+0000] {logging_mixin.py:188} INFO - Downloaded GOOGL/1769900757.json -> /tmp/minio_downloads/GOOGL/1769900757.json
[2026-02-03T21:49:15.012+0000] {logging_mixin.py:188} INFO - Downloaded GOOGL/1769900758.json -> /tmp/minio_downloads/GOOGL/1769900758.json
[2026-02-03T21:49:15.018+0000] {logging_mixin.py:188} INFO - Downloaded GOOGL/1769900759.json -> /tmp/minio_downloads/GOOGL/1769900759.json
[2026-02-03T21:49:15.023+0000] {logging_mixin.py:188} INFO - Downloaded GOOGL/1769900760.json -> /tmp/minio_downloads/GOOGL/1769900760.json
[2026-02-03T21:49:15.028+0000] {logging_mixin.py:188} INFO - Downloaded GOOGL/1769900761.json -> /tmp/minio_downloads/GOOGL/1769900761.json
[2026-02-03T21:49:15.033+0000] {logging_mixin.py:188} INFO - Downloaded GOOGL/1769900762.json -> /tmp/minio_downloads/GOOGL/1769900762.json
[2026-02-03T21:49:15.037+0000] {logging_mixin.py:188} INFO - Downloaded GOOGL/1769900763.json -> /tmp/minio_downloads/GOOGL/1769900763.json
[2026-02-03T21:49:15.042+0000] {logging_mixin.py:188} INFO - Downloaded GOOGL/1769900764.json -> /tmp/minio_downloads/GOOGL/1769900764.json
[2026-02-03T21:49:15.046+0000] {logging_mixin.py:188} INFO - Downloaded GOOGL/1769900765.json -> /tmp/minio_downloads/GOOGL/1769900765.json
[2026-02-03T21:49:15.050+0000] {logging_mixin.py:188} INFO - Downloaded GOOGL/1769900766.json -> /tmp/minio_downloads/GOOGL/1769900766.json
[2026-02-03T21:49:15.055+0000] {logging_mixin.py:188} INFO - Downloaded MSFT/1769900678.json -> /tmp/minio_downloads/MSFT/1769900678.json
[2026-02-03T21:49:15.060+0000] {logging_mixin.py:188} INFO - Downloaded MSFT/1769900679.json -> /tmp/minio_downloads/MSFT/1769900679.json
[2026-02-03T21:49:15.064+0000] {logging_mixin.py:188} INFO - Downloaded MSFT/1769900680.json -> /tmp/minio_downloads/MSFT/1769900680.json
[2026-02-03T21:49:15.068+0000] {logging_mixin.py:188} INFO - Downloaded MSFT/1769900681.json -> /tmp/minio_downloads/MSFT/1769900681.json
[2026-02-03T21:49:15.073+0000] {logging_mixin.py:188} INFO - Downloaded MSFT/1769900682.json -> /tmp/minio_downloads/MSFT/1769900682.json
[2026-02-03T21:49:15.077+0000] {logging_mixin.py:188} INFO - Downloaded MSFT/1769900683.json -> /tmp/minio_downloads/MSFT/1769900683.json
[2026-02-03T21:49:15.081+0000] {logging_mixin.py:188} INFO - Downloaded MSFT/1769900684.json -> /tmp/minio_downloads/MSFT/1769900684.json
[2026-02-03T21:49:15.085+0000] {logging_mixin.py:188} INFO - Downloaded MSFT/1769900685.json -> /tmp/minio_downloads/MSFT/1769900685.json
[2026-02-03T21:49:15.090+0000] {logging_mixin.py:188} INFO - Downloaded MSFT/1769900686.json -> /tmp/minio_downloads/MSFT/1769900686.json
[2026-02-03T21:49:15.094+0000] {logging_mixin.py:188} INFO - Downloaded MSFT/1769900687.json -> /tmp/minio_downloads/MSFT/1769900687.json
[2026-02-03T21:49:15.099+0000] {logging_mixin.py:188} INFO - Downloaded MSFT/1769900688.json -> /tmp/minio_downloads/MSFT/1769900688.json
[2026-02-03T21:49:15.105+0000] {logging_mixin.py:188} INFO - Downloaded MSFT/1769900689.json -> /tmp/minio_downloads/MSFT/1769900689.json
[2026-02-03T21:49:15.110+0000] {logging_mixin.py:188} INFO - Downloaded MSFT/1769900690.json -> /tmp/minio_downloads/MSFT/1769900690.json
[2026-02-03T21:49:15.115+0000] {logging_mixin.py:188} INFO - Downloaded MSFT/1769900691.json -> /tmp/minio_downloads/MSFT/1769900691.json
[2026-02-03T21:49:15.120+0000] {logging_mixin.py:188} INFO - Downloaded MSFT/1769900692.json -> /tmp/minio_downloads/MSFT/1769900692.json
[2026-02-03T21:49:15.125+0000] {logging_mixin.py:188} INFO - Downloaded MSFT/1769900693.json -> /tmp/minio_downloads/MSFT/1769900693.json
[2026-02-03T21:49:15.129+0000] {logging_mixin.py:188} INFO - Downloaded MSFT/1769900694.json -> /tmp/minio_downloads/MSFT/1769900694.json
[2026-02-03T21:49:15.134+0000] {logging_mixin.py:188} INFO - Downloaded MSFT/1769900695.json -> /tmp/minio_downloads/MSFT/1769900695.json
[2026-02-03T21:49:15.138+0000] {logging_mixin.py:188} INFO - Downloaded MSFT/1769900696.json -> /tmp/minio_downloads/MSFT/1769900696.json
[2026-02-03T21:49:15.142+0000] {logging_mixin.py:188} INFO - Downloaded MSFT/1769900697.json -> /tmp/minio_downloads/MSFT/1769900697.json
[2026-02-03T21:49:15.146+0000] {logging_mixin.py:188} INFO - Downloaded MSFT/1769900698.json -> /tmp/minio_downloads/MSFT/1769900698.json
[2026-02-03T21:49:15.150+0000] {logging_mixin.py:188} INFO - Downloaded MSFT/1769900699.json -> /tmp/minio_downloads/MSFT/1769900699.json
[2026-02-03T21:49:15.154+0000] {logging_mixin.py:188} INFO - Downloaded MSFT/1769900700.json -> /tmp/minio_downloads/MSFT/1769900700.json
[2026-02-03T21:49:15.159+0000] {logging_mixin.py:188} INFO - Downloaded MSFT/1769900701.json -> /tmp/minio_downloads/MSFT/1769900701.json
[2026-02-03T21:49:15.163+0000] {logging_mixin.py:188} INFO - Downloaded MSFT/1769900702.json -> /tmp/minio_downloads/MSFT/1769900702.json
[2026-02-03T21:49:15.167+0000] {logging_mixin.py:188} INFO - Downloaded MSFT/1769900703.json -> /tmp/minio_downloads/MSFT/1769900703.json
[2026-02-03T21:49:15.172+0000] {logging_mixin.py:188} INFO - Downloaded MSFT/1769900704.json -> /tmp/minio_downloads/MSFT/1769900704.json
[2026-02-03T21:49:15.176+0000] {logging_mixin.py:188} INFO - Downloaded MSFT/1769900705.json -> /tmp/minio_downloads/MSFT/1769900705.json
[2026-02-03T21:49:15.180+0000] {logging_mixin.py:188} INFO - Downloaded MSFT/1769900706.json -> /tmp/minio_downloads/MSFT/1769900706.json
[2026-02-03T21:49:15.184+0000] {logging_mixin.py:188} INFO - Downloaded MSFT/1769900707.json -> /tmp/minio_downloads/MSFT/1769900707.json
[2026-02-03T21:49:15.188+0000] {logging_mixin.py:188} INFO - Downloaded MSFT/1769900708.json -> /tmp/minio_downloads/MSFT/1769900708.json
[2026-02-03T21:49:15.192+0000] {logging_mixin.py:188} INFO - Downloaded MSFT/1769900709.json -> /tmp/minio_downloads/MSFT/1769900709.json
[2026-02-03T21:49:15.196+0000] {logging_mixin.py:188} INFO - Downloaded MSFT/1769900710.json -> /tmp/minio_downloads/MSFT/1769900710.json
[2026-02-03T21:49:15.201+0000] {logging_mixin.py:188} INFO - Downloaded MSFT/1769900711.json -> /tmp/minio_downloads/MSFT/1769900711.json
[2026-02-03T21:49:15.205+0000] {logging_mixin.py:188} INFO - Downloaded MSFT/1769900712.json -> /tmp/minio_downloads/MSFT/1769900712.json
[2026-02-03T21:49:15.209+0000] {logging_mixin.py:188} INFO - Downloaded MSFT/1769900713.json -> /tmp/minio_downloads/MSFT/1769900713.json
[2026-02-03T21:49:15.213+0000] {logging_mixin.py:188} INFO - Downloaded MSFT/1769900714.json -> /tmp/minio_downloads/MSFT/1769900714.json
[2026-02-03T21:49:15.218+0000] {logging_mixin.py:188} INFO - Downloaded MSFT/1769900715.json -> /tmp/minio_downloads/MSFT/1769900715.json
[2026-02-03T21:49:15.222+0000] {logging_mixin.py:188} INFO - Downloaded MSFT/1769900716.json -> /tmp/minio_downloads/MSFT/1769900716.json
[2026-02-03T21:49:15.226+0000] {logging_mixin.py:188} INFO - Downloaded MSFT/1769900717.json -> /tmp/minio_downloads/MSFT/1769900717.json
[2026-02-03T21:49:15.231+0000] {logging_mixin.py:188} INFO - Downloaded MSFT/1769900718.json -> /tmp/minio_downloads/MSFT/1769900718.json
[2026-02-03T21:49:15.235+0000] {logging_mixin.py:188} INFO - Downloaded MSFT/1769900719.json -> /tmp/minio_downloads/MSFT/1769900719.json
[2026-02-03T21:49:15.239+0000] {logging_mixin.py:188} INFO - Downloaded MSFT/1769900720.json -> /tmp/minio_downloads/MSFT/1769900720.json
[2026-02-03T21:49:15.244+0000] {logging_mixin.py:188} INFO - Downloaded MSFT/1769900721.json -> /tmp/minio_downloads/MSFT/1769900721.json
[2026-02-03T21:49:15.248+0000] {logging_mixin.py:188} INFO - Downloaded MSFT/1769900722.json -> /tmp/minio_downloads/MSFT/1769900722.json
[2026-02-03T21:49:15.253+0000] {logging_mixin.py:188} INFO - Downloaded MSFT/1769900723.json -> /tmp/minio_downloads/MSFT/1769900723.json
[2026-02-03T21:49:15.257+0000] {logging_mixin.py:188} INFO - Downloaded MSFT/1769900724.json -> /tmp/minio_downloads/MSFT/1769900724.json
[2026-02-03T21:49:15.261+0000] {logging_mixin.py:188} INFO - Downloaded MSFT/1769900725.json -> /tmp/minio_downloads/MSFT/1769900725.json
[2026-02-03T21:49:15.265+0000] {logging_mixin.py:188} INFO - Downloaded MSFT/1769900726.json -> /tmp/minio_downloads/MSFT/1769900726.json
[2026-02-03T21:49:15.269+0000] {logging_mixin.py:188} INFO - Downloaded MSFT/1769900727.json -> /tmp/minio_downloads/MSFT/1769900727.json
[2026-02-03T21:49:15.273+0000] {logging_mixin.py:188} INFO - Downloaded MSFT/1769900728.json -> /tmp/minio_downloads/MSFT/1769900728.json
[2026-02-03T21:49:15.278+0000] {logging_mixin.py:188} INFO - Downloaded MSFT/1769900729.json -> /tmp/minio_downloads/MSFT/1769900729.json
[2026-02-03T21:49:15.282+0000] {logging_mixin.py:188} INFO - Downloaded MSFT/1769900730.json -> /tmp/minio_downloads/MSFT/1769900730.json
[2026-02-03T21:49:15.286+0000] {logging_mixin.py:188} INFO - Downloaded MSFT/1769900731.json -> /tmp/minio_downloads/MSFT/1769900731.json
[2026-02-03T21:49:15.290+0000] {logging_mixin.py:188} INFO - Downloaded MSFT/1769900732.json -> /tmp/minio_downloads/MSFT/1769900732.json
[2026-02-03T21:49:15.294+0000] {logging_mixin.py:188} INFO - Downloaded MSFT/1769900733.json -> /tmp/minio_downloads/MSFT/1769900733.json
[2026-02-03T21:49:15.299+0000] {logging_mixin.py:188} INFO - Downloaded MSFT/1769900734.json -> /tmp/minio_downloads/MSFT/1769900734.json
[2026-02-03T21:49:15.303+0000] {logging_mixin.py:188} INFO - Downloaded MSFT/1769900735.json -> /tmp/minio_downloads/MSFT/1769900735.json
[2026-02-03T21:49:15.307+0000] {logging_mixin.py:188} INFO - Downloaded MSFT/1769900736.json -> /tmp/minio_downloads/MSFT/1769900736.json
[2026-02-03T21:49:15.311+0000] {logging_mixin.py:188} INFO - Downloaded MSFT/1769900737.json -> /tmp/minio_downloads/MSFT/1769900737.json
[2026-02-03T21:49:15.315+0000] {logging_mixin.py:188} INFO - Downloaded MSFT/1769900738.json -> /tmp/minio_downloads/MSFT/1769900738.json
[2026-02-03T21:49:15.319+0000] {logging_mixin.py:188} INFO - Downloaded MSFT/1769900739.json -> /tmp/minio_downloads/MSFT/1769900739.json
[2026-02-03T21:49:15.324+0000] {logging_mixin.py:188} INFO - Downloaded MSFT/1769900740.json -> /tmp/minio_downloads/MSFT/1769900740.json
[2026-02-03T21:49:15.328+0000] {logging_mixin.py:188} INFO - Downloaded MSFT/1769900741.json -> /tmp/minio_downloads/MSFT/1769900741.json
[2026-02-03T21:49:15.333+0000] {logging_mixin.py:188} INFO - Downloaded MSFT/1769900742.json -> /tmp/minio_downloads/MSFT/1769900742.json
[2026-02-03T21:49:15.337+0000] {logging_mixin.py:188} INFO - Downloaded MSFT/1769900743.json -> /tmp/minio_downloads/MSFT/1769900743.json
[2026-02-03T21:49:15.341+0000] {logging_mixin.py:188} INFO - Downloaded MSFT/1769900744.json -> /tmp/minio_downloads/MSFT/1769900744.json
[2026-02-03T21:49:15.346+0000] {logging_mixin.py:188} INFO - Downloaded MSFT/1769900745.json -> /tmp/minio_downloads/MSFT/1769900745.json
[2026-02-03T21:49:15.350+0000] {logging_mixin.py:188} INFO - Downloaded MSFT/1769900746.json -> /tmp/minio_downloads/MSFT/1769900746.json
[2026-02-03T21:49:15.354+0000] {logging_mixin.py:188} INFO - Downloaded MSFT/1769900747.json -> /tmp/minio_downloads/MSFT/1769900747.json
[2026-02-03T21:49:15.359+0000] {logging_mixin.py:188} INFO - Downloaded MSFT/1769900748.json -> /tmp/minio_downloads/MSFT/1769900748.json
[2026-02-03T21:49:15.363+0000] {logging_mixin.py:188} INFO - Downloaded MSFT/1769900749.json -> /tmp/minio_downloads/MSFT/1769900749.json
[2026-02-03T21:49:15.367+0000] {logging_mixin.py:188} INFO - Downloaded MSFT/1769900750.json -> /tmp/minio_downloads/MSFT/1769900750.json
[2026-02-03T21:49:15.373+0000] {logging_mixin.py:188} INFO - Downloaded MSFT/1769900751.json -> /tmp/minio_downloads/MSFT/1769900751.json
[2026-02-03T21:49:15.378+0000] {logging_mixin.py:188} INFO - Downloaded MSFT/1769900752.json -> /tmp/minio_downloads/MSFT/1769900752.json
[2026-02-03T21:49:15.382+0000] {logging_mixin.py:188} INFO - Downloaded MSFT/1769900753.json -> /tmp/minio_downloads/MSFT/1769900753.json
[2026-02-03T21:49:15.387+0000] {logging_mixin.py:188} INFO - Downloaded MSFT/1769900754.json -> /tmp/minio_downloads/MSFT/1769900754.json
[2026-02-03T21:49:15.391+0000] {logging_mixin.py:188} INFO - Downloaded MSFT/1769900755.json -> /tmp/minio_downloads/MSFT/1769900755.json
[2026-02-03T21:49:15.396+0000] {logging_mixin.py:188} INFO - Downloaded MSFT/1769900756.json -> /tmp/minio_downloads/MSFT/1769900756.json
[2026-02-03T21:49:15.400+0000] {logging_mixin.py:188} INFO - Downloaded MSFT/1769900757.json -> /tmp/minio_downloads/MSFT/1769900757.json
[2026-02-03T21:49:15.405+0000] {logging_mixin.py:188} INFO - Downloaded MSFT/1769900758.json -> /tmp/minio_downloads/MSFT/1769900758.json
[2026-02-03T21:49:15.409+0000] {logging_mixin.py:188} INFO - Downloaded MSFT/1769900759.json -> /tmp/minio_downloads/MSFT/1769900759.json
[2026-02-03T21:49:15.413+0000] {logging_mixin.py:188} INFO - Downloaded MSFT/1769900760.json -> /tmp/minio_downloads/MSFT/1769900760.json
[2026-02-03T21:49:15.417+0000] {logging_mixin.py:188} INFO - Downloaded MSFT/1769900761.json -> /tmp/minio_downloads/MSFT/1769900761.json
[2026-02-03T21:49:15.421+0000] {logging_mixin.py:188} INFO - Downloaded MSFT/1769900762.json -> /tmp/minio_downloads/MSFT/1769900762.json
[2026-02-03T21:49:15.425+0000] {logging_mixin.py:188} INFO - Downloaded MSFT/1769900763.json -> /tmp/minio_downloads/MSFT/1769900763.json
[2026-02-03T21:49:15.432+0000] {logging_mixin.py:188} INFO - Downloaded MSFT/1769900764.json -> /tmp/minio_downloads/MSFT/1769900764.json
[2026-02-03T21:49:15.440+0000] {logging_mixin.py:188} INFO - Downloaded MSFT/1769900765.json -> /tmp/minio_downloads/MSFT/1769900765.json
[2026-02-03T21:49:15.444+0000] {logging_mixin.py:188} INFO - Downloaded MSFT/1769900766.json -> /tmp/minio_downloads/MSFT/1769900766.json
[2026-02-03T21:49:15.449+0000] {logging_mixin.py:188} INFO - Downloaded TSLA/1769900678.json -> /tmp/minio_downloads/TSLA/1769900678.json
[2026-02-03T21:49:15.453+0000] {logging_mixin.py:188} INFO - Downloaded TSLA/1769900679.json -> /tmp/minio_downloads/TSLA/1769900679.json
[2026-02-03T21:49:15.457+0000] {logging_mixin.py:188} INFO - Downloaded TSLA/1769900680.json -> /tmp/minio_downloads/TSLA/1769900680.json
[2026-02-03T21:49:15.461+0000] {logging_mixin.py:188} INFO - Downloaded TSLA/1769900681.json -> /tmp/minio_downloads/TSLA/1769900681.json
[2026-02-03T21:49:15.466+0000] {logging_mixin.py:188} INFO - Downloaded TSLA/1769900682.json -> /tmp/minio_downloads/TSLA/1769900682.json
[2026-02-03T21:49:15.471+0000] {logging_mixin.py:188} INFO - Downloaded TSLA/1769900683.json -> /tmp/minio_downloads/TSLA/1769900683.json
[2026-02-03T21:49:15.476+0000] {logging_mixin.py:188} INFO - Downloaded TSLA/1769900684.json -> /tmp/minio_downloads/TSLA/1769900684.json
[2026-02-03T21:49:15.480+0000] {logging_mixin.py:188} INFO - Downloaded TSLA/1769900685.json -> /tmp/minio_downloads/TSLA/1769900685.json
[2026-02-03T21:49:15.485+0000] {logging_mixin.py:188} INFO - Downloaded TSLA/1769900686.json -> /tmp/minio_downloads/TSLA/1769900686.json
[2026-02-03T21:49:15.489+0000] {logging_mixin.py:188} INFO - Downloaded TSLA/1769900687.json -> /tmp/minio_downloads/TSLA/1769900687.json
[2026-02-03T21:49:15.494+0000] {logging_mixin.py:188} INFO - Downloaded TSLA/1769900688.json -> /tmp/minio_downloads/TSLA/1769900688.json
[2026-02-03T21:49:15.499+0000] {logging_mixin.py:188} INFO - Downloaded TSLA/1769900689.json -> /tmp/minio_downloads/TSLA/1769900689.json
[2026-02-03T21:49:15.504+0000] {logging_mixin.py:188} INFO - Downloaded TSLA/1769900690.json -> /tmp/minio_downloads/TSLA/1769900690.json
[2026-02-03T21:49:15.509+0000] {logging_mixin.py:188} INFO - Downloaded TSLA/1769900691.json -> /tmp/minio_downloads/TSLA/1769900691.json
[2026-02-03T21:49:15.513+0000] {logging_mixin.py:188} INFO - Downloaded TSLA/1769900692.json -> /tmp/minio_downloads/TSLA/1769900692.json
[2026-02-03T21:49:15.518+0000] {logging_mixin.py:188} INFO - Downloaded TSLA/1769900693.json -> /tmp/minio_downloads/TSLA/1769900693.json
[2026-02-03T21:49:15.522+0000] {logging_mixin.py:188} INFO - Downloaded TSLA/1769900694.json -> /tmp/minio_downloads/TSLA/1769900694.json
[2026-02-03T21:49:15.528+0000] {logging_mixin.py:188} INFO - Downloaded TSLA/1769900695.json -> /tmp/minio_downloads/TSLA/1769900695.json
[2026-02-03T21:49:15.532+0000] {logging_mixin.py:188} INFO - Downloaded TSLA/1769900696.json -> /tmp/minio_downloads/TSLA/1769900696.json
[2026-02-03T21:49:15.537+0000] {logging_mixin.py:188} INFO - Downloaded TSLA/1769900697.json -> /tmp/minio_downloads/TSLA/1769900697.json
[2026-02-03T21:49:15.543+0000] {logging_mixin.py:188} INFO - Downloaded TSLA/1769900698.json -> /tmp/minio_downloads/TSLA/1769900698.json
[2026-02-03T21:49:15.548+0000] {logging_mixin.py:188} INFO - Downloaded TSLA/1769900699.json -> /tmp/minio_downloads/TSLA/1769900699.json
[2026-02-03T21:49:15.552+0000] {logging_mixin.py:188} INFO - Downloaded TSLA/1769900700.json -> /tmp/minio_downloads/TSLA/1769900700.json
[2026-02-03T21:49:15.558+0000] {logging_mixin.py:188} INFO - Downloaded TSLA/1769900701.json -> /tmp/minio_downloads/TSLA/1769900701.json
[2026-02-03T21:49:15.563+0000] {logging_mixin.py:188} INFO - Downloaded TSLA/1769900702.json -> /tmp/minio_downloads/TSLA/1769900702.json
[2026-02-03T21:49:15.569+0000] {logging_mixin.py:188} INFO - Downloaded TSLA/1769900703.json -> /tmp/minio_downloads/TSLA/1769900703.json
[2026-02-03T21:49:15.573+0000] {logging_mixin.py:188} INFO - Downloaded TSLA/1769900704.json -> /tmp/minio_downloads/TSLA/1769900704.json
[2026-02-03T21:49:15.578+0000] {logging_mixin.py:188} INFO - Downloaded TSLA/1769900705.json -> /tmp/minio_downloads/TSLA/1769900705.json
[2026-02-03T21:49:15.582+0000] {logging_mixin.py:188} INFO - Downloaded TSLA/1769900706.json -> /tmp/minio_downloads/TSLA/1769900706.json
[2026-02-03T21:49:15.587+0000] {logging_mixin.py:188} INFO - Downloaded TSLA/1769900707.json -> /tmp/minio_downloads/TSLA/1769900707.json
[2026-02-03T21:49:15.591+0000] {logging_mixin.py:188} INFO - Downloaded TSLA/1769900708.json -> /tmp/minio_downloads/TSLA/1769900708.json
[2026-02-03T21:49:15.596+0000] {logging_mixin.py:188} INFO - Downloaded TSLA/1769900709.json -> /tmp/minio_downloads/TSLA/1769900709.json
[2026-02-03T21:49:15.600+0000] {logging_mixin.py:188} INFO - Downloaded TSLA/1769900710.json -> /tmp/minio_downloads/TSLA/1769900710.json
[2026-02-03T21:49:15.605+0000] {logging_mixin.py:188} INFO - Downloaded TSLA/1769900711.json -> /tmp/minio_downloads/TSLA/1769900711.json
[2026-02-03T21:49:15.609+0000] {logging_mixin.py:188} INFO - Downloaded TSLA/1769900712.json -> /tmp/minio_downloads/TSLA/1769900712.json
[2026-02-03T21:49:15.613+0000] {logging_mixin.py:188} INFO - Downloaded TSLA/1769900713.json -> /tmp/minio_downloads/TSLA/1769900713.json
[2026-02-03T21:49:15.618+0000] {logging_mixin.py:188} INFO - Downloaded TSLA/1769900714.json -> /tmp/minio_downloads/TSLA/1769900714.json
[2026-02-03T21:49:15.623+0000] {logging_mixin.py:188} INFO - Downloaded TSLA/1769900715.json -> /tmp/minio_downloads/TSLA/1769900715.json
[2026-02-03T21:49:15.628+0000] {logging_mixin.py:188} INFO - Downloaded TSLA/1769900716.json -> /tmp/minio_downloads/TSLA/1769900716.json
[2026-02-03T21:49:15.632+0000] {logging_mixin.py:188} INFO - Downloaded TSLA/1769900717.json -> /tmp/minio_downloads/TSLA/1769900717.json
[2026-02-03T21:49:15.637+0000] {logging_mixin.py:188} INFO - Downloaded TSLA/1769900718.json -> /tmp/minio_downloads/TSLA/1769900718.json
[2026-02-03T21:49:15.643+0000] {logging_mixin.py:188} INFO - Downloaded TSLA/1769900719.json -> /tmp/minio_downloads/TSLA/1769900719.json
[2026-02-03T21:49:15.648+0000] {logging_mixin.py:188} INFO - Downloaded TSLA/1769900720.json -> /tmp/minio_downloads/TSLA/1769900720.json
[2026-02-03T21:49:15.653+0000] {logging_mixin.py:188} INFO - Downloaded TSLA/1769900721.json -> /tmp/minio_downloads/TSLA/1769900721.json
[2026-02-03T21:49:15.658+0000] {logging_mixin.py:188} INFO - Downloaded TSLA/1769900722.json -> /tmp/minio_downloads/TSLA/1769900722.json
[2026-02-03T21:49:15.663+0000] {logging_mixin.py:188} INFO - Downloaded TSLA/1769900723.json -> /tmp/minio_downloads/TSLA/1769900723.json
[2026-02-03T21:49:15.668+0000] {logging_mixin.py:188} INFO - Downloaded TSLA/1769900724.json -> /tmp/minio_downloads/TSLA/1769900724.json
[2026-02-03T21:49:15.672+0000] {logging_mixin.py:188} INFO - Downloaded TSLA/1769900725.json -> /tmp/minio_downloads/TSLA/1769900725.json
[2026-02-03T21:49:15.677+0000] {logging_mixin.py:188} INFO - Downloaded TSLA/1769900726.json -> /tmp/minio_downloads/TSLA/1769900726.json
[2026-02-03T21:49:15.681+0000] {logging_mixin.py:188} INFO - Downloaded TSLA/1769900727.json -> /tmp/minio_downloads/TSLA/1769900727.json
[2026-02-03T21:49:15.686+0000] {logging_mixin.py:188} INFO - Downloaded TSLA/1769900728.json -> /tmp/minio_downloads/TSLA/1769900728.json
[2026-02-03T21:49:15.691+0000] {logging_mixin.py:188} INFO - Downloaded TSLA/1769900729.json -> /tmp/minio_downloads/TSLA/1769900729.json
[2026-02-03T21:49:15.695+0000] {logging_mixin.py:188} INFO - Downloaded TSLA/1769900730.json -> /tmp/minio_downloads/TSLA/1769900730.json
[2026-02-03T21:49:15.700+0000] {logging_mixin.py:188} INFO - Downloaded TSLA/1769900731.json -> /tmp/minio_downloads/TSLA/1769900731.json
[2026-02-03T21:49:15.705+0000] {logging_mixin.py:188} INFO - Downloaded TSLA/1769900732.json -> /tmp/minio_downloads/TSLA/1769900732.json
[2026-02-03T21:49:15.709+0000] {logging_mixin.py:188} INFO - Downloaded TSLA/1769900733.json -> /tmp/minio_downloads/TSLA/1769900733.json
[2026-02-03T21:49:15.714+0000] {logging_mixin.py:188} INFO - Downloaded TSLA/1769900734.json -> /tmp/minio_downloads/TSLA/1769900734.json
[2026-02-03T21:49:15.719+0000] {logging_mixin.py:188} INFO - Downloaded TSLA/1769900735.json -> /tmp/minio_downloads/TSLA/1769900735.json
[2026-02-03T21:49:15.723+0000] {logging_mixin.py:188} INFO - Downloaded TSLA/1769900736.json -> /tmp/minio_downloads/TSLA/1769900736.json
[2026-02-03T21:49:15.728+0000] {logging_mixin.py:188} INFO - Downloaded TSLA/1769900737.json -> /tmp/minio_downloads/TSLA/1769900737.json
[2026-02-03T21:49:15.733+0000] {logging_mixin.py:188} INFO - Downloaded TSLA/1769900738.json -> /tmp/minio_downloads/TSLA/1769900738.json
[2026-02-03T21:49:15.737+0000] {logging_mixin.py:188} INFO - Downloaded TSLA/1769900739.json -> /tmp/minio_downloads/TSLA/1769900739.json
[2026-02-03T21:49:15.742+0000] {logging_mixin.py:188} INFO - Downloaded TSLA/1769900740.json -> /tmp/minio_downloads/TSLA/1769900740.json
[2026-02-03T21:49:15.748+0000] {logging_mixin.py:188} INFO - Downloaded TSLA/1769900741.json -> /tmp/minio_downloads/TSLA/1769900741.json
[2026-02-03T21:49:15.753+0000] {logging_mixin.py:188} INFO - Downloaded TSLA/1769900742.json -> /tmp/minio_downloads/TSLA/1769900742.json
[2026-02-03T21:49:15.758+0000] {logging_mixin.py:188} INFO - Downloaded TSLA/1769900743.json -> /tmp/minio_downloads/TSLA/1769900743.json
[2026-02-03T21:49:15.763+0000] {logging_mixin.py:188} INFO - Downloaded TSLA/1769900744.json -> /tmp/minio_downloads/TSLA/1769900744.json
[2026-02-03T21:49:15.767+0000] {logging_mixin.py:188} INFO - Downloaded TSLA/1769900745.json -> /tmp/minio_downloads/TSLA/1769900745.json
[2026-02-03T21:49:15.771+0000] {logging_mixin.py:188} INFO - Downloaded TSLA/1769900746.json -> /tmp/minio_downloads/TSLA/1769900746.json
[2026-02-03T21:49:15.776+0000] {logging_mixin.py:188} INFO - Downloaded TSLA/1769900747.json -> /tmp/minio_downloads/TSLA/1769900747.json
[2026-02-03T21:49:15.781+0000] {logging_mixin.py:188} INFO - Downloaded TSLA/1769900748.json -> /tmp/minio_downloads/TSLA/1769900748.json
[2026-02-03T21:49:15.785+0000] {logging_mixin.py:188} INFO - Downloaded TSLA/1769900749.json -> /tmp/minio_downloads/TSLA/1769900749.json
[2026-02-03T21:49:15.790+0000] {logging_mixin.py:188} INFO - Downloaded TSLA/1769900750.json -> /tmp/minio_downloads/TSLA/1769900750.json
[2026-02-03T21:49:15.795+0000] {logging_mixin.py:188} INFO - Downloaded TSLA/1769900751.json -> /tmp/minio_downloads/TSLA/1769900751.json
[2026-02-03T21:49:15.800+0000] {logging_mixin.py:188} INFO - Downloaded TSLA/1769900752.json -> /tmp/minio_downloads/TSLA/1769900752.json
[2026-02-03T21:49:15.805+0000] {logging_mixin.py:188} INFO - Downloaded TSLA/1769900753.json -> /tmp/minio_downloads/TSLA/1769900753.json
[2026-02-03T21:49:15.810+0000] {logging_mixin.py:188} INFO - Downloaded TSLA/1769900754.json -> /tmp/minio_downloads/TSLA/1769900754.json
[2026-02-03T21:49:15.814+0000] {logging_mixin.py:188} INFO - Downloaded TSLA/1769900755.json -> /tmp/minio_downloads/TSLA/1769900755.json
[2026-02-03T21:49:15.819+0000] {logging_mixin.py:188} INFO - Downloaded TSLA/1769900756.json -> /tmp/minio_downloads/TSLA/1769900756.json
[2026-02-03T21:49:15.824+0000] {logging_mixin.py:188} INFO - Downloaded TSLA/1769900757.json -> /tmp/minio_downloads/TSLA/1769900757.json
[2026-02-03T21:49:15.828+0000] {logging_mixin.py:188} INFO - Downloaded TSLA/1769900758.json -> /tmp/minio_downloads/TSLA/1769900758.json
[2026-02-03T21:49:15.833+0000] {logging_mixin.py:188} INFO - Downloaded TSLA/1769900759.json -> /tmp/minio_downloads/TSLA/1769900759.json
[2026-02-03T21:49:15.837+0000] {logging_mixin.py:188} INFO - Downloaded TSLA/1769900760.json -> /tmp/minio_downloads/TSLA/1769900760.json
[2026-02-03T21:49:15.844+0000] {logging_mixin.py:188} INFO - Downloaded TSLA/1769900761.json -> /tmp/minio_downloads/TSLA/1769900761.json
[2026-02-03T21:49:15.849+0000] {logging_mixin.py:188} INFO - Downloaded TSLA/1769900762.json -> /tmp/minio_downloads/TSLA/1769900762.json
[2026-02-03T21:49:15.854+0000] {logging_mixin.py:188} INFO - Downloaded TSLA/1769900763.json -> /tmp/minio_downloads/TSLA/1769900763.json
[2026-02-03T21:49:15.859+0000] {logging_mixin.py:188} INFO - Downloaded TSLA/1769900764.json -> /tmp/minio_downloads/TSLA/1769900764.json
[2026-02-03T21:49:15.864+0000] {logging_mixin.py:188} INFO - Downloaded TSLA/1769900765.json -> /tmp/minio_downloads/TSLA/1769900765.json
[2026-02-03T21:49:15.869+0000] {logging_mixin.py:188} INFO - Downloaded TSLA/1769900766.json -> /tmp/minio_downloads/TSLA/1769900766.json
[2026-02-03T21:49:15.870+0000] {python.py:237} INFO - Done. Returned value was: ['/tmp/minio_downloads/AAPL/1769900678.json', '/tmp/minio_downloads/AAPL/1769900679.json', '/tmp/minio_downloads/AAPL/1769900680.json', '/tmp/minio_downloads/AAPL/1769900681.json', '/tmp/minio_downloads/AAPL/1769900682.json', '/tmp/minio_downloads/AAPL/1769900683.json', '/tmp/minio_downloads/AAPL/1769900684.json', '/tmp/minio_downloads/AAPL/1769900685.json', '/tmp/minio_downloads/AAPL/1769900686.json', '/tmp/minio_downloads/AAPL/1769900687.json', '/tmp/minio_downloads/AAPL/1769900688.json', '/tmp/minio_downloads/AAPL/1769900689.json', '/tmp/minio_downloads/AAPL/1769900690.json', '/tmp/minio_downloads/AAPL/1769900691.json', '/tmp/minio_downloads/AAPL/1769900692.json', '/tmp/minio_downloads/AAPL/1769900693.json', '/tmp/minio_downloads/AAPL/1769900694.json', '/tmp/minio_downloads/AAPL/1769900695.json', '/tmp/minio_downloads/AAPL/1769900696.json', '/tmp/minio_downloads/AAPL/1769900697.json', '/tmp/minio_downloads/AAPL/1769900698.json', '/tmp/minio_downloads/AAPL/1769900699.json', '/tmp/minio_downloads/AAPL/1769900700.json', '/tmp/minio_downloads/AAPL/1769900701.json', '/tmp/minio_downloads/AAPL/1769900702.json', '/tmp/minio_downloads/AAPL/1769900703.json', '/tmp/minio_downloads/AAPL/1769900704.json', '/tmp/minio_downloads/AAPL/1769900705.json', '/tmp/minio_downloads/AAPL/1769900706.json', '/tmp/minio_downloads/AAPL/1769900707.json', '/tmp/minio_downloads/AAPL/1769900708.json', '/tmp/minio_downloads/AAPL/1769900709.json', '/tmp/minio_downloads/AAPL/1769900710.json', '/tmp/minio_downloads/AAPL/1769900711.json', '/tmp/minio_downloads/AAPL/1769900712.json', '/tmp/minio_downloads/AAPL/1769900713.json', '/tmp/minio_downloads/AAPL/1769900714.json', '/tmp/minio_downloads/AAPL/1769900715.json', '/tmp/minio_downloads/AAPL/1769900716.json', '/tmp/minio_downloads/AAPL/1769900717.json', '/tmp/minio_downloads/AAPL/1769900718.json', '/tmp/minio_downloads/AAPL/1769900719.json', '/tmp/minio_downloads/AAPL/1769900720.json', '/tmp/minio_downloads/AAPL/1769900721.json', '/tmp/minio_downloads/AAPL/1769900722.json', '/tmp/minio_downloads/AAPL/1769900723.json', '/tmp/minio_downloads/AAPL/1769900724.json', '/tmp/minio_downloads/AAPL/1769900725.json', '/tmp/minio_downloads/AAPL/1769900726.json', '/tmp/minio_downloads/AAPL/1769900727.json', '/tmp/minio_downloads/AAPL/1769900728.json', '/tmp/minio_downloads/AAPL/1769900729.json', '/tmp/minio_downloads/AAPL/1769900730.json', '/tmp/minio_downloads/AAPL/1769900731.json', '/tmp/minio_downloads/AAPL/1769900732.json', '/tmp/minio_downloads/AAPL/1769900733.json', '/tmp/minio_downloads/AAPL/1769900734.json', '/tmp/minio_downloads/AAPL/1769900735.json', '/tmp/minio_downloads/AAPL/1769900736.json', '/tmp/minio_downloads/AAPL/1769900737.json', '/tmp/minio_downloads/AAPL/1769900738.json', '/tmp/minio_downloads/AAPL/1769900739.json', '/tmp/minio_downloads/AAPL/1769900740.json', '/tmp/minio_downloads/AAPL/1769900741.json', '/tmp/minio_downloads/AAPL/1769900742.json', '/tmp/minio_downloads/AAPL/1769900743.json', '/tmp/minio_downloads/AAPL/1769900744.json', '/tmp/minio_downloads/AAPL/1769900745.json', '/tmp/minio_downloads/AAPL/1769900746.json', '/tmp/minio_downloads/AAPL/1769900747.json', '/tmp/minio_downloads/AAPL/1769900748.json', '/tmp/minio_downloads/AAPL/1769900749.json', '/tmp/minio_downloads/AAPL/1769900750.json', '/tmp/minio_downloads/AAPL/1769900751.json', '/tmp/minio_downloads/AAPL/1769900752.json', '/tmp/minio_downloads/AAPL/1769900753.json', '/tmp/minio_downloads/AAPL/1769900754.json', '/tmp/minio_downloads/AAPL/1769900755.json', '/tmp/minio_downloads/AAPL/1769900756.json', '/tmp/minio_downloads/AAPL/1769900757.json', '/tmp/minio_downloads/AAPL/1769900758.json', '/tmp/minio_downloads/AAPL/1769900759.json', '/tmp/minio_downloads/AAPL/1769900760.json', '/tmp/minio_downloads/AAPL/1769900761.json', '/tmp/minio_downloads/AAPL/1769900762.json', '/tmp/minio_downloads/AAPL/1769900763.json', '/tmp/minio_downloads/AAPL/1769900764.json', '/tmp/minio_downloads/AAPL/1769900765.json', '/tmp/minio_downloads/AAPL/1769900766.json', '/tmp/minio_downloads/AMZN/1769900678.json', '/tmp/minio_downloads/AMZN/1769900679.json', '/tmp/minio_downloads/AMZN/1769900680.json', '/tmp/minio_downloads/AMZN/1769900681.json', '/tmp/minio_downloads/AMZN/1769900682.json', '/tmp/minio_downloads/AMZN/1769900683.json', '/tmp/minio_downloads/AMZN/1769900684.json', '/tmp/minio_downloads/AMZN/1769900685.json', '/tmp/minio_downloads/AMZN/1769900686.json', '/tmp/minio_downloads/AMZN/1769900687.json', '/tmp/minio_downloads/AMZN/1769900688.json', '/tmp/minio_downloads/AMZN/1769900689.json', '/tmp/minio_downloads/AMZN/1769900690.json', '/tmp/minio_downloads/AMZN/1769900691.json', '/tmp/minio_downloads/AMZN/1769900692.json', '/tmp/minio_downloads/AMZN/1769900693.json', '/tmp/minio_downloads/AMZN/1769900694.json', '/tmp/minio_downloads/AMZN/1769900695.json', '/tmp/minio_downloads/AMZN/1769900696.json', '/tmp/minio_downloads/AMZN/1769900697.json', '/tmp/minio_downloads/AMZN/1769900698.json', '/tmp/minio_downloads/AMZN/1769900699.json', '/tmp/minio_downloads/AMZN/1769900700.json', '/tmp/minio_downloads/AMZN/1769900701.json', '/tmp/minio_downloads/AMZN/1769900702.json', '/tmp/minio_downloads/AMZN/1769900703.json', '/tmp/minio_downloads/AMZN/1769900704.json', '/tmp/minio_downloads/AMZN/1769900705.json', '/tmp/minio_downloads/AMZN/1769900706.json', '/tmp/minio_downloads/AMZN/1769900707.json', '/tmp/minio_downloads/AMZN/1769900708.json', '/tmp/minio_downloads/AMZN/1769900709.json', '/tmp/minio_downloads/AMZN/1769900710.json', '/tmp/minio_downloads/AMZN/1769900711.json', '/tmp/minio_downloads/AMZN/1769900712.json', '/tmp/minio_downloads/AMZN/1769900713.json', '/tmp/minio_downloads/AMZN/1769900714.json', '/tmp/minio_downloads/AMZN/1769900715.json', '/tmp/minio_downloads/AMZN/1769900716.json', '/tmp/minio_downloads/AMZN/1769900717.json', '/tmp/minio_downloads/AMZN/1769900718.json', '/tmp/minio_downloads/AMZN/1769900719.json', '/tmp/minio_downloads/AMZN/1769900720.json', '/tmp/minio_downloads/AMZN/1769900721.json', '/tmp/minio_downloads/AMZN/1769900722.json', '/tmp/minio_downloads/AMZN/1769900723.json', '/tmp/minio_downloads/AMZN/1769900724.json', '/tmp/minio_downloads/AMZN/1769900725.json', '/tmp/minio_downloads/AMZN/1769900726.json', '/tmp/minio_downloads/AMZN/1769900727.json', '/tmp/minio_downloads/AMZN/1769900728.json', '/tmp/minio_downloads/AMZN/1769900729.json', '/tmp/minio_downloads/AMZN/1769900730.json', '/tmp/minio_downloads/AMZN/1769900731.json', '/tmp/minio_downloads/AMZN/1769900732.json', '/tmp/minio_downloads/AMZN/1769900733.json', '/tmp/minio_downloads/AMZN/1769900734.json', '/tmp/minio_downloads/AMZN/1769900735.json', '/tmp/minio_downloads/AMZN/1769900736.json', '/tmp/minio_downloads/AMZN/1769900737.json', '/tmp/minio_downloads/AMZN/1769900738.json', '/tmp/minio_downloads/AMZN/1769900739.json', '/tmp/minio_downloads/AMZN/1769900740.json', '/tmp/minio_downloads/AMZN/1769900741.json', '/tmp/minio_downloads/AMZN/1769900742.json', '/tmp/minio_downloads/AMZN/1769900743.json', '/tmp/minio_downloads/AMZN/1769900744.json', '/tmp/minio_downloads/AMZN/1769900745.json', '/tmp/minio_downloads/AMZN/1769900746.json', '/tmp/minio_downloads/AMZN/1769900747.json', '/tmp/minio_downloads/AMZN/1769900748.json', '/tmp/minio_downloads/AMZN/1769900749.json', '/tmp/minio_downloads/AMZN/1769900750.json', '/tmp/minio_downloads/AMZN/1769900751.json', '/tmp/minio_downloads/AMZN/1769900752.json', '/tmp/minio_downloads/AMZN/1769900753.json', '/tmp/minio_downloads/AMZN/1769900754.json', '/tmp/minio_downloads/AMZN/1769900755.json', '/tmp/minio_downloads/AMZN/1769900756.json', '/tmp/minio_downloads/AMZN/1769900757.json', '/tmp/minio_downloads/AMZN/1769900758.json', '/tmp/minio_downloads/AMZN/1769900759.json', '/tmp/minio_downloads/AMZN/1769900760.json', '/tmp/minio_downloads/AMZN/1769900761.json', '/tmp/minio_downloads/AMZN/1769900762.json', '/tmp/minio_downloads/AMZN/1769900763.json', '/tmp/minio_downloads/AMZN/1769900764.json', '/tmp/minio_downloads/AMZN/1769900765.json', '/tmp/minio_downloads/AMZN/1769900766.json', '/tmp/minio_downloads/GOOGL/1769900678.json', '/tmp/minio_downloads/GOOGL/1769900679.json', '/tmp/minio_downloads/GOOGL/1769900680.json', '/tmp/minio_downloads/GOOGL/1769900681.json', '/tmp/minio_downloads/GOOGL/1769900682.json', '/tmp/minio_downloads/GOOGL/1769900683.json', '/tmp/minio_downloads/GOOGL/1769900684.json', '/tmp/minio_downloads/GOOGL/1769900685.json', '/tmp/minio_downloads/GOOGL/1769900686.json', '/tmp/minio_downloads/GOOGL/1769900687.json', '/tmp/minio_downloads/GOOGL/1769900688.json', '/tmp/minio_downloads/GOOGL/1769900689.json', '/tmp/minio_downloads/GOOGL/1769900690.json', '/tmp/minio_downloads/GOOGL/1769900691.json', '/tmp/minio_downloads/GOOGL/1769900692.json', '/tmp/minio_downloads/GOOGL/1769900693.json', '/tmp/minio_downloads/GOOGL/1769900694.json', '/tmp/minio_downloads/GOOGL/1769900695.json', '/tmp/minio_downloads/GOOGL/1769900696.json', '/tmp/minio_downloads/GOOGL/1769900697.json', '/tmp/minio_downloads/GOOGL/1769900698.json', '/tmp/minio_downloads/GOOGL/1769900699.json', '/tmp/minio_downloads/GOOGL/1769900700.json', '/tmp/minio_downloads/GOOGL/1769900701.json', '/tmp/minio_downloads/GOOGL/1769900702.json', '/tmp/minio_downloads/GOOGL/1769900703.json', '/tmp/minio_downloads/GOOGL/1769900704.json', '/tmp/minio_downloads/GOOGL/1769900705.json', '/tmp/minio_downloads/GOOGL/1769900706.json', '/tmp/minio_downloads/GOOGL/1769900707.json', '/tmp/minio_downloads/GOOGL/1769900708.json', '/tmp/minio_downloads/GOOGL/1769900709.json', '/tmp/minio_downloads/GOOGL/1769900710.json', '/tmp/minio_downloads/GOOGL/1769900711.json', '/tmp/minio_downloads/GOOGL/1769900712.json', '/tmp/minio_downloads/GOOGL/1769900713.json', '/tmp/minio_downloads/GOOGL/1769900714.json', '/tmp/minio_downloads/GOOGL/1769900715.json', '/tmp/minio_downloads/GOOGL/1769900716.json', '/tmp/minio_downloads/GOOGL/1769900717.json', '/tmp/minio_downloads/GOOGL/1769900718.json', '/tmp/minio_downloads/GOOGL/1769900719.json', '/tmp/minio_downloads/GOOGL/1769900720.json', '/tmp/minio_downloads/GOOGL/1769900721.json', '/tmp/minio_downloads/GOOGL/1769900722.json', '/tmp/minio_downloads/GOOGL/1769900723.json', '/tmp/minio_downloads/GOOGL/1769900724.json', '/tmp/minio_downloads/GOOGL/1769900725.json', '/tmp/minio_downloads/GOOGL/1769900726.json', '/tmp/minio_downloads/GOOGL/1769900727.json', '/tmp/minio_downloads/GOOGL/1769900728.json', '/tmp/minio_downloads/GOOGL/1769900729.json', '/tmp/minio_downloads/GOOGL/1769900730.json', '/tmp/minio_downloads/GOOGL/1769900731.json', '/tmp/minio_downloads/GOOGL/1769900732.json', '/tmp/minio_downloads/GOOGL/1769900733.json', '/tmp/minio_downloads/GOOGL/1769900734.json', '/tmp/minio_downloads/GOOGL/1769900735.json', '/tmp/minio_downloads/GOOGL/1769900736.json', '/tmp/minio_downloads/GOOGL/1769900737.json', '/tmp/minio_downloads/GOOGL/1769900738.json', '/tmp/minio_downloads/GOOGL/1769900739.json', '/tmp/minio_downloads/GOOGL/1769900740.json', '/tmp/minio_downloads/GOOGL/1769900741.json', '/tmp/minio_downloads/GOOGL/1769900742.json', '/tmp/minio_downloads/GOOGL/1769900743.json', '/tmp/minio_downloads/GOOGL/1769900744.json', '/tmp/minio_downloads/GOOGL/1769900745.json', '/tmp/minio_downloads/GOOGL/1769900746.json', '/tmp/minio_downloads/GOOGL/1769900747.json', '/tmp/minio_downloads/GOOGL/1769900748.json', '/tmp/minio_downloads/GOOGL/1769900749.json', '/tmp/minio_downloads/GOOGL/1769900750.json', '/tmp/minio_downloads/GOOGL/1769900751.json', '/tmp/minio_downloads/GOOGL/1769900752.json', '/tmp/minio_downloads/GOOGL/1769900753.json', '/tmp/minio_downloads/GOOGL/1769900754.json', '/tmp/minio_downloads/GOOGL/1769900755.json', '/tmp/minio_downloads/GOOGL/1769900756.json', '/tmp/minio_downloads/GOOGL/1769900757.json', '/tmp/minio_downloads/GOOGL/1769900758.json', '/tmp/minio_downloads/GOOGL/1769900759.json', '/tmp/minio_downloads/GOOGL/1769900760.json', '/tmp/minio_downloads/GOOGL/1769900761.json', '/tmp/minio_downloads/GOOGL/1769900762.json', '/tmp/minio_downloads/GOOGL/1769900763.json', '/tmp/minio_downloads/GOOGL/1769900764.json', '/tmp/minio_downloads/GOOGL/1769900765.json', '/tmp/minio_downloads/GOOGL/1769900766.json', '/tmp/minio_downloads/MSFT/1769900678.json', '/tmp/minio_downloads/MSFT/1769900679.json', '/tmp/minio_downloads/MSFT/1769900680.json', '/tmp/minio_downloads/MSFT/1769900681.json', '/tmp/minio_downloads/MSFT/1769900682.json', '/tmp/minio_downloads/MSFT/1769900683.json', '/tmp/minio_downloads/MSFT/1769900684.json', '/tmp/minio_downloads/MSFT/1769900685.json', '/tmp/minio_downloads/MSFT/1769900686.json', '/tmp/minio_downloads/MSFT/1769900687.json', '/tmp/minio_downloads/MSFT/1769900688.json', '/tmp/minio_downloads/MSFT/1769900689.json', '/tmp/minio_downloads/MSFT/1769900690.json', '/tmp/minio_downloads/MSFT/1769900691.json', '/tmp/minio_downloads/MSFT/1769900692.json', '/tmp/minio_downloads/MSFT/1769900693.json', '/tmp/minio_downloads/MSFT/1769900694.json', '/tmp/minio_downloads/MSFT/1769900695.json', '/tmp/minio_downloads/MSFT/1769900696.json', '/tmp/minio_downloads/MSFT/1769900697.json', '/tmp/minio_downloads/MSFT/1769900698.json', '/tmp/minio_downloads/MSFT/1769900699.json', '/tmp/minio_downloads/MSFT/1769900700.json', '/tmp/minio_downloads/MSFT/1769900701.json', '/tmp/minio_downloads/MSFT/1769900702.json', '/tmp/minio_downloads/MSFT/1769900703.json', '/tmp/minio_downloads/MSFT/1769900704.json', '/tmp/minio_downloads/MSFT/1769900705.json', '/tmp/minio_downloads/MSFT/1769900706.json', '/tmp/minio_downloads/MSFT/1769900707.json', '/tmp/minio_downloads/MSFT/1769900708.json', '/tmp/minio_downloads/MSFT/1769900709.json', '/tmp/minio_downloads/MSFT/1769900710.json', '/tmp/minio_downloads/MSFT/1769900711.json', '/tmp/minio_downloads/MSFT/1769900712.json', '/tmp/minio_downloads/MSFT/1769900713.json', '/tmp/minio_downloads/MSFT/1769900714.json', '/tmp/minio_downloads/MSFT/1769900715.json', '/tmp/minio_downloads/MSFT/1769900716.json', '/tmp/minio_downloads/MSFT/1769900717.json', '/tmp/minio_downloads/MSFT/1769900718.json', '/tmp/minio_downloads/MSFT/1769900719.json', '/tmp/minio_downloads/MSFT/1769900720.json', '/tmp/minio_downloads/MSFT/1769900721.json', '/tmp/minio_downloads/MSFT/1769900722.json', '/tmp/minio_downloads/MSFT/1769900723.json', '/tmp/minio_downloads/MSFT/1769900724.json', '/tmp/minio_downloads/MSFT/1769900725.json', '/tmp/minio_downloads/MSFT/1769900726.json', '/tmp/minio_downloads/MSFT/1769900727.json', '/tmp/minio_downloads/MSFT/1769900728.json', '/tmp/minio_downloads/MSFT/1769900729.json', '/tmp/minio_downloads/MSFT/1769900730.json', '/tmp/minio_downloads/MSFT/1769900731.json', '/tmp/minio_downloads/MSFT/1769900732.json', '/tmp/minio_downloads/MSFT/1769900733.json', '/tmp/minio_downloads/MSFT/1769900734.json', '/tmp/minio_downloads/MSFT/1769900735.json', '/tmp/minio_downloads/MSFT/1769900736.json', '/tmp/minio_downloads/MSFT/1769900737.json', '/tmp/minio_downloads/MSFT/1769900738.json', '/tmp/minio_downloads/MSFT/1769900739.json', '/tmp/minio_downloads/MSFT/1769900740.json', '/tmp/minio_downloads/MSFT/1769900741.json', '/tmp/minio_downloads/MSFT/1769900742.json', '/tmp/minio_downloads/MSFT/1769900743.json', '/tmp/minio_downloads/MSFT/1769900744.json', '/tmp/minio_downloads/MSFT/1769900745.json', '/tmp/minio_downloads/MSFT/1769900746.json', '/tmp/minio_downloads/MSFT/1769900747.json', '/tmp/minio_downloads/MSFT/1769900748.json', '/tmp/minio_downloads/MSFT/1769900749.json', '/tmp/minio_downloads/MSFT/1769900750.json', '/tmp/minio_downloads/MSFT/1769900751.json', '/tmp/minio_downloads/MSFT/1769900752.json', '/tmp/minio_downloads/MSFT/1769900753.json', '/tmp/minio_downloads/MSFT/1769900754.json', '/tmp/minio_downloads/MSFT/1769900755.json', '/tmp/minio_downloads/MSFT/1769900756.json', '/tmp/minio_downloads/MSFT/1769900757.json', '/tmp/minio_downloads/MSFT/1769900758.json', '/tmp/minio_downloads/MSFT/1769900759.json', '/tmp/minio_downloads/MSFT/1769900760.json', '/tmp/minio_downloads/MSFT/1769900761.json', '/tmp/minio_downloads/MSFT/1769900762.json', '/tmp/minio_downloads/MSFT/1769900763.json', '/tmp/minio_downloads/MSFT/1769900764.json', '/tmp/minio_downloads/MSFT/1769900765.json', '/tmp/minio_downloads/MSFT/1769900766.json', '/tmp/minio_downloads/TSLA/1769900678.json', '/tmp/minio_downloads/TSLA/1769900679.json', '/tmp/minio_downloads/TSLA/1769900680.json', '/tmp/minio_downloads/TSLA/1769900681.json', '/tmp/minio_downloads/TSLA/1769900682.json', '/tmp/minio_downloads/TSLA/1769900683.json', '/tmp/minio_downloads/TSLA/1769900684.json', '/tmp/minio_downloads/TSLA/1769900685.json', '/tmp/minio_downloads/TSLA/1769900686.json', '/tmp/minio_downloads/TSLA/1769900687.json', '/tmp/minio_downloads/TSLA/1769900688.json', '/tmp/minio_downloads/TSLA/1769900689.json', '/tmp/minio_downloads/TSLA/1769900690.json', '/tmp/minio_downloads/TSLA/1769900691.json', '/tmp/minio_downloads/TSLA/1769900692.json', '/tmp/minio_downloads/TSLA/1769900693.json', '/tmp/minio_downloads/TSLA/1769900694.json', '/tmp/minio_downloads/TSLA/1769900695.json', '/tmp/minio_downloads/TSLA/1769900696.json', '/tmp/minio_downloads/TSLA/1769900697.json', '/tmp/minio_downloads/TSLA/1769900698.json', '/tmp/minio_downloads/TSLA/1769900699.json', '/tmp/minio_downloads/TSLA/1769900700.json', '/tmp/minio_downloads/TSLA/1769900701.json', '/tmp/minio_downloads/TSLA/1769900702.json', '/tmp/minio_downloads/TSLA/1769900703.json', '/tmp/minio_downloads/TSLA/1769900704.json', '/tmp/minio_downloads/TSLA/1769900705.json', '/tmp/minio_downloads/TSLA/1769900706.json', '/tmp/minio_downloads/TSLA/1769900707.json', '/tmp/minio_downloads/TSLA/1769900708.json', '/tmp/minio_downloads/TSLA/1769900709.json', '/tmp/minio_downloads/TSLA/1769900710.json', '/tmp/minio_downloads/TSLA/1769900711.json', '/tmp/minio_downloads/TSLA/1769900712.json', '/tmp/minio_downloads/TSLA/1769900713.json', '/tmp/minio_downloads/TSLA/1769900714.json', '/tmp/minio_downloads/TSLA/1769900715.json', '/tmp/minio_downloads/TSLA/1769900716.json', '/tmp/minio_downloads/TSLA/1769900717.json', '/tmp/minio_downloads/TSLA/1769900718.json', '/tmp/minio_downloads/TSLA/1769900719.json', '/tmp/minio_downloads/TSLA/1769900720.json', '/tmp/minio_downloads/TSLA/1769900721.json', '/tmp/minio_downloads/TSLA/1769900722.json', '/tmp/minio_downloads/TSLA/1769900723.json', '/tmp/minio_downloads/TSLA/1769900724.json', '/tmp/minio_downloads/TSLA/1769900725.json', '/tmp/minio_downloads/TSLA/1769900726.json', '/tmp/minio_downloads/TSLA/1769900727.json', '/tmp/minio_downloads/TSLA/1769900728.json', '/tmp/minio_downloads/TSLA/1769900729.json', '/tmp/minio_downloads/TSLA/1769900730.json', '/tmp/minio_downloads/TSLA/1769900731.json', '/tmp/minio_downloads/TSLA/1769900732.json', '/tmp/minio_downloads/TSLA/1769900733.json', '/tmp/minio_downloads/TSLA/1769900734.json', '/tmp/minio_downloads/TSLA/1769900735.json', '/tmp/minio_downloads/TSLA/1769900736.json', '/tmp/minio_downloads/TSLA/1769900737.json', '/tmp/minio_downloads/TSLA/1769900738.json', '/tmp/minio_downloads/TSLA/1769900739.json', '/tmp/minio_downloads/TSLA/1769900740.json', '/tmp/minio_downloads/TSLA/1769900741.json', '/tmp/minio_downloads/TSLA/1769900742.json', '/tmp/minio_downloads/TSLA/1769900743.json', '/tmp/minio_downloads/TSLA/1769900744.json', '/tmp/minio_downloads/TSLA/1769900745.json', '/tmp/minio_downloads/TSLA/1769900746.json', '/tmp/minio_downloads/TSLA/1769900747.json', '/tmp/minio_downloads/TSLA/1769900748.json', '/tmp/minio_downloads/TSLA/1769900749.json', '/tmp/minio_downloads/TSLA/1769900750.json', '/tmp/minio_downloads/TSLA/1769900751.json', '/tmp/minio_downloads/TSLA/1769900752.json', '/tmp/minio_downloads/TSLA/1769900753.json', '/tmp/minio_downloads/TSLA/1769900754.json', '/tmp/minio_downloads/TSLA/1769900755.json', '/tmp/minio_downloads/TSLA/1769900756.json', '/tmp/minio_downloads/TSLA/1769900757.json', '/tmp/minio_downloads/TSLA/1769900758.json', '/tmp/minio_downloads/TSLA/1769900759.json', '/tmp/minio_downloads/TSLA/1769900760.json', '/tmp/minio_downloads/TSLA/1769900761.json', '/tmp/minio_downloads/TSLA/1769900762.json', '/tmp/minio_downloads/TSLA/1769900763.json', '/tmp/minio_downloads/TSLA/1769900764.json', '/tmp/minio_downloads/TSLA/1769900765.json', '/tmp/minio_downloads/TSLA/1769900766.json']
[2026-02-03T21:49:15.871+0000] {taskinstance.py:441} INFO - ::group::Post task execution logs
[2026-02-03T21:49:15.890+0000] {taskinstance.py:1206} INFO - Marking task as SUCCESS. dag_id=minio_to_snowflake, task_id=download_minio, run_id=scheduled__2026-02-03T21:48:00+00:00, execution_date=20260203T214800, start_date=20260203T214913, end_date=20260203T214915
[2026-02-03T21:49:15.925+0000] {local_task_job_runner.py:243} INFO - Task exited with return code 0
[2026-02-03T21:49:15.939+0000] {taskinstance.py:3503} INFO - 1 downstream tasks scheduled from follow-on schedule check
[2026-02-03T21:49:15.942+0000] {local_task_job_runner.py:222} INFO - ::endgroup::
