[2026-02-03T22:11:59.094+0000] {local_task_job_runner.py:120} INFO - ::group::Pre task execution logs
[2026-02-03T22:11:59.115+0000] {taskinstance.py:2076} INFO - Dependencies all met for dep_context=non-requeueable deps ti=<TaskInstance: minio_to_snowflake.download_minio scheduled__2026-02-03T22:10:00+00:00 [queued]>
[2026-02-03T22:11:59.121+0000] {taskinstance.py:2076} INFO - Dependencies all met for dep_context=requeueable deps ti=<TaskInstance: minio_to_snowflake.download_minio scheduled__2026-02-03T22:10:00+00:00 [queued]>
[2026-02-03T22:11:59.122+0000] {taskinstance.py:2306} INFO - Starting attempt 1 of 2
[2026-02-03T22:11:59.130+0000] {taskinstance.py:2330} INFO - Executing <Task(PythonOperator): download_minio> on 2026-02-03 22:10:00+00:00
[2026-02-03T22:11:59.138+0000] {standard_task_runner.py:90} INFO - Running: ['***', 'tasks', 'run', 'minio_to_snowflake', 'download_minio', 'scheduled__2026-02-03T22:10:00+00:00', '--job-id', '398', '--raw', '--subdir', 'DAGS_FOLDER/minio_to_snowflake.py', '--cfg-path', '/tmp/tmp2xp_jav1']
[2026-02-03T22:11:59.141+0000] {standard_task_runner.py:91} INFO - Job 398: Subtask download_minio
[2026-02-03T22:11:59.141+0000] {logging_mixin.py:188} WARNING - /home/***/.local/lib/python3.12/site-packages/***/task/task_runner/standard_task_runner.py:62 DeprecationWarning: This process (pid=62516) is multi-threaded, use of fork() may lead to deadlocks in the child.
[2026-02-03T22:11:59.142+0000] {standard_task_runner.py:64} INFO - Started process 62540 to run task
[2026-02-03T22:11:59.200+0000] {task_command.py:426} INFO - Running <TaskInstance: minio_to_snowflake.download_minio scheduled__2026-02-03T22:10:00+00:00 [running]> on host e6e1c513bfd4
[2026-02-03T22:11:59.266+0000] {taskinstance.py:2648} INFO - Exporting env vars: AIRFLOW_CTX_DAG_OWNER='***' AIRFLOW_CTX_DAG_ID='minio_to_snowflake' AIRFLOW_CTX_TASK_ID='download_minio' AIRFLOW_CTX_EXECUTION_DATE='2026-02-03T22:10:00+00:00' AIRFLOW_CTX_TRY_NUMBER='1' AIRFLOW_CTX_DAG_RUN_ID='scheduled__2026-02-03T22:10:00+00:00'
[2026-02-03T22:11:59.267+0000] {taskinstance.py:430} INFO - ::endgroup::
[2026-02-03T22:11:59.515+0000] {logging_mixin.py:188} INFO - Downloaded AAPL/1769900678.json -> /tmp/minio_downloads/AAPL/1769900678.json
[2026-02-03T22:11:59.521+0000] {logging_mixin.py:188} INFO - Downloaded AAPL/1769900679.json -> /tmp/minio_downloads/AAPL/1769900679.json
[2026-02-03T22:11:59.527+0000] {logging_mixin.py:188} INFO - Downloaded AAPL/1769900680.json -> /tmp/minio_downloads/AAPL/1769900680.json
[2026-02-03T22:11:59.532+0000] {logging_mixin.py:188} INFO - Downloaded AAPL/1769900681.json -> /tmp/minio_downloads/AAPL/1769900681.json
[2026-02-03T22:11:59.537+0000] {logging_mixin.py:188} INFO - Downloaded AAPL/1769900682.json -> /tmp/minio_downloads/AAPL/1769900682.json
[2026-02-03T22:11:59.543+0000] {logging_mixin.py:188} INFO - Downloaded AAPL/1769900683.json -> /tmp/minio_downloads/AAPL/1769900683.json
[2026-02-03T22:11:59.548+0000] {logging_mixin.py:188} INFO - Downloaded AAPL/1769900684.json -> /tmp/minio_downloads/AAPL/1769900684.json
[2026-02-03T22:11:59.553+0000] {logging_mixin.py:188} INFO - Downloaded AAPL/1769900685.json -> /tmp/minio_downloads/AAPL/1769900685.json
[2026-02-03T22:11:59.559+0000] {logging_mixin.py:188} INFO - Downloaded AAPL/1769900686.json -> /tmp/minio_downloads/AAPL/1769900686.json
[2026-02-03T22:11:59.564+0000] {logging_mixin.py:188} INFO - Downloaded AAPL/1769900687.json -> /tmp/minio_downloads/AAPL/1769900687.json
[2026-02-03T22:11:59.569+0000] {logging_mixin.py:188} INFO - Downloaded AAPL/1769900688.json -> /tmp/minio_downloads/AAPL/1769900688.json
[2026-02-03T22:11:59.574+0000] {logging_mixin.py:188} INFO - Downloaded AAPL/1769900689.json -> /tmp/minio_downloads/AAPL/1769900689.json
[2026-02-03T22:11:59.579+0000] {logging_mixin.py:188} INFO - Downloaded AAPL/1769900690.json -> /tmp/minio_downloads/AAPL/1769900690.json
[2026-02-03T22:11:59.584+0000] {logging_mixin.py:188} INFO - Downloaded AAPL/1769900691.json -> /tmp/minio_downloads/AAPL/1769900691.json
[2026-02-03T22:11:59.589+0000] {logging_mixin.py:188} INFO - Downloaded AAPL/1769900692.json -> /tmp/minio_downloads/AAPL/1769900692.json
[2026-02-03T22:11:59.594+0000] {logging_mixin.py:188} INFO - Downloaded AAPL/1769900693.json -> /tmp/minio_downloads/AAPL/1769900693.json
[2026-02-03T22:11:59.598+0000] {logging_mixin.py:188} INFO - Downloaded AAPL/1769900694.json -> /tmp/minio_downloads/AAPL/1769900694.json
[2026-02-03T22:11:59.603+0000] {logging_mixin.py:188} INFO - Downloaded AAPL/1769900695.json -> /tmp/minio_downloads/AAPL/1769900695.json
[2026-02-03T22:11:59.608+0000] {logging_mixin.py:188} INFO - Downloaded AAPL/1769900696.json -> /tmp/minio_downloads/AAPL/1769900696.json
[2026-02-03T22:11:59.613+0000] {logging_mixin.py:188} INFO - Downloaded AAPL/1769900697.json -> /tmp/minio_downloads/AAPL/1769900697.json
[2026-02-03T22:11:59.618+0000] {logging_mixin.py:188} INFO - Downloaded AAPL/1769900698.json -> /tmp/minio_downloads/AAPL/1769900698.json
[2026-02-03T22:11:59.622+0000] {logging_mixin.py:188} INFO - Downloaded AAPL/1769900699.json -> /tmp/minio_downloads/AAPL/1769900699.json
[2026-02-03T22:11:59.627+0000] {logging_mixin.py:188} INFO - Downloaded AAPL/1769900700.json -> /tmp/minio_downloads/AAPL/1769900700.json
[2026-02-03T22:11:59.632+0000] {logging_mixin.py:188} INFO - Downloaded AAPL/1769900701.json -> /tmp/minio_downloads/AAPL/1769900701.json
[2026-02-03T22:11:59.637+0000] {logging_mixin.py:188} INFO - Downloaded AAPL/1769900702.json -> /tmp/minio_downloads/AAPL/1769900702.json
[2026-02-03T22:11:59.641+0000] {logging_mixin.py:188} INFO - Downloaded AAPL/1769900703.json -> /tmp/minio_downloads/AAPL/1769900703.json
[2026-02-03T22:11:59.646+0000] {logging_mixin.py:188} INFO - Downloaded AAPL/1769900704.json -> /tmp/minio_downloads/AAPL/1769900704.json
[2026-02-03T22:11:59.651+0000] {logging_mixin.py:188} INFO - Downloaded AAPL/1769900705.json -> /tmp/minio_downloads/AAPL/1769900705.json
[2026-02-03T22:11:59.655+0000] {logging_mixin.py:188} INFO - Downloaded AAPL/1769900706.json -> /tmp/minio_downloads/AAPL/1769900706.json
[2026-02-03T22:11:59.660+0000] {logging_mixin.py:188} INFO - Downloaded AAPL/1769900707.json -> /tmp/minio_downloads/AAPL/1769900707.json
[2026-02-03T22:11:59.665+0000] {logging_mixin.py:188} INFO - Downloaded AAPL/1769900708.json -> /tmp/minio_downloads/AAPL/1769900708.json
[2026-02-03T22:11:59.670+0000] {logging_mixin.py:188} INFO - Downloaded AAPL/1769900709.json -> /tmp/minio_downloads/AAPL/1769900709.json
[2026-02-03T22:11:59.674+0000] {logging_mixin.py:188} INFO - Downloaded AAPL/1769900710.json -> /tmp/minio_downloads/AAPL/1769900710.json
[2026-02-03T22:11:59.679+0000] {logging_mixin.py:188} INFO - Downloaded AAPL/1769900711.json -> /tmp/minio_downloads/AAPL/1769900711.json
[2026-02-03T22:11:59.684+0000] {logging_mixin.py:188} INFO - Downloaded AAPL/1769900712.json -> /tmp/minio_downloads/AAPL/1769900712.json
[2026-02-03T22:11:59.689+0000] {logging_mixin.py:188} INFO - Downloaded AAPL/1769900713.json -> /tmp/minio_downloads/AAPL/1769900713.json
[2026-02-03T22:11:59.694+0000] {logging_mixin.py:188} INFO - Downloaded AAPL/1769900714.json -> /tmp/minio_downloads/AAPL/1769900714.json
[2026-02-03T22:11:59.699+0000] {logging_mixin.py:188} INFO - Downloaded AAPL/1769900715.json -> /tmp/minio_downloads/AAPL/1769900715.json
[2026-02-03T22:11:59.703+0000] {logging_mixin.py:188} INFO - Downloaded AAPL/1769900716.json -> /tmp/minio_downloads/AAPL/1769900716.json
[2026-02-03T22:11:59.707+0000] {logging_mixin.py:188} INFO - Downloaded AAPL/1769900717.json -> /tmp/minio_downloads/AAPL/1769900717.json
[2026-02-03T22:11:59.713+0000] {logging_mixin.py:188} INFO - Downloaded AAPL/1769900718.json -> /tmp/minio_downloads/AAPL/1769900718.json
[2026-02-03T22:11:59.719+0000] {logging_mixin.py:188} INFO - Downloaded AAPL/1769900719.json -> /tmp/minio_downloads/AAPL/1769900719.json
[2026-02-03T22:11:59.724+0000] {logging_mixin.py:188} INFO - Downloaded AAPL/1769900720.json -> /tmp/minio_downloads/AAPL/1769900720.json
[2026-02-03T22:11:59.729+0000] {logging_mixin.py:188} INFO - Downloaded AAPL/1769900721.json -> /tmp/minio_downloads/AAPL/1769900721.json
[2026-02-03T22:11:59.734+0000] {logging_mixin.py:188} INFO - Downloaded AAPL/1769900722.json -> /tmp/minio_downloads/AAPL/1769900722.json
[2026-02-03T22:11:59.739+0000] {logging_mixin.py:188} INFO - Downloaded AAPL/1769900723.json -> /tmp/minio_downloads/AAPL/1769900723.json
[2026-02-03T22:11:59.743+0000] {logging_mixin.py:188} INFO - Downloaded AAPL/1769900724.json -> /tmp/minio_downloads/AAPL/1769900724.json
[2026-02-03T22:11:59.747+0000] {logging_mixin.py:188} INFO - Downloaded AAPL/1769900725.json -> /tmp/minio_downloads/AAPL/1769900725.json
[2026-02-03T22:11:59.752+0000] {logging_mixin.py:188} INFO - Downloaded AAPL/1769900726.json -> /tmp/minio_downloads/AAPL/1769900726.json
[2026-02-03T22:11:59.756+0000] {logging_mixin.py:188} INFO - Downloaded AAPL/1769900727.json -> /tmp/minio_downloads/AAPL/1769900727.json
[2026-02-03T22:11:59.761+0000] {logging_mixin.py:188} INFO - Downloaded AAPL/1769900728.json -> /tmp/minio_downloads/AAPL/1769900728.json
[2026-02-03T22:11:59.766+0000] {logging_mixin.py:188} INFO - Downloaded AAPL/1769900729.json -> /tmp/minio_downloads/AAPL/1769900729.json
[2026-02-03T22:11:59.770+0000] {logging_mixin.py:188} INFO - Downloaded AAPL/1769900730.json -> /tmp/minio_downloads/AAPL/1769900730.json
[2026-02-03T22:11:59.775+0000] {logging_mixin.py:188} INFO - Downloaded AAPL/1769900731.json -> /tmp/minio_downloads/AAPL/1769900731.json
[2026-02-03T22:11:59.780+0000] {logging_mixin.py:188} INFO - Downloaded AAPL/1769900732.json -> /tmp/minio_downloads/AAPL/1769900732.json
[2026-02-03T22:11:59.784+0000] {logging_mixin.py:188} INFO - Downloaded AAPL/1769900733.json -> /tmp/minio_downloads/AAPL/1769900733.json
[2026-02-03T22:11:59.789+0000] {logging_mixin.py:188} INFO - Downloaded AAPL/1769900734.json -> /tmp/minio_downloads/AAPL/1769900734.json
[2026-02-03T22:11:59.793+0000] {logging_mixin.py:188} INFO - Downloaded AAPL/1769900735.json -> /tmp/minio_downloads/AAPL/1769900735.json
[2026-02-03T22:11:59.798+0000] {logging_mixin.py:188} INFO - Downloaded AAPL/1769900736.json -> /tmp/minio_downloads/AAPL/1769900736.json
[2026-02-03T22:11:59.802+0000] {logging_mixin.py:188} INFO - Downloaded AAPL/1769900737.json -> /tmp/minio_downloads/AAPL/1769900737.json
[2026-02-03T22:11:59.807+0000] {logging_mixin.py:188} INFO - Downloaded AAPL/1769900738.json -> /tmp/minio_downloads/AAPL/1769900738.json
[2026-02-03T22:11:59.812+0000] {logging_mixin.py:188} INFO - Downloaded AAPL/1769900739.json -> /tmp/minio_downloads/AAPL/1769900739.json
[2026-02-03T22:11:59.816+0000] {logging_mixin.py:188} INFO - Downloaded AAPL/1769900740.json -> /tmp/minio_downloads/AAPL/1769900740.json
[2026-02-03T22:11:59.821+0000] {logging_mixin.py:188} INFO - Downloaded AAPL/1769900741.json -> /tmp/minio_downloads/AAPL/1769900741.json
[2026-02-03T22:11:59.826+0000] {logging_mixin.py:188} INFO - Downloaded AAPL/1769900742.json -> /tmp/minio_downloads/AAPL/1769900742.json
[2026-02-03T22:11:59.831+0000] {logging_mixin.py:188} INFO - Downloaded AAPL/1769900743.json -> /tmp/minio_downloads/AAPL/1769900743.json
[2026-02-03T22:11:59.836+0000] {logging_mixin.py:188} INFO - Downloaded AAPL/1769900744.json -> /tmp/minio_downloads/AAPL/1769900744.json
[2026-02-03T22:11:59.842+0000] {logging_mixin.py:188} INFO - Downloaded AAPL/1769900745.json -> /tmp/minio_downloads/AAPL/1769900745.json
[2026-02-03T22:11:59.848+0000] {logging_mixin.py:188} INFO - Downloaded AAPL/1769900746.json -> /tmp/minio_downloads/AAPL/1769900746.json
[2026-02-03T22:11:59.853+0000] {logging_mixin.py:188} INFO - Downloaded AAPL/1769900747.json -> /tmp/minio_downloads/AAPL/1769900747.json
[2026-02-03T22:11:59.857+0000] {logging_mixin.py:188} INFO - Downloaded AAPL/1769900748.json -> /tmp/minio_downloads/AAPL/1769900748.json
[2026-02-03T22:11:59.862+0000] {logging_mixin.py:188} INFO - Downloaded AAPL/1769900749.json -> /tmp/minio_downloads/AAPL/1769900749.json
[2026-02-03T22:11:59.867+0000] {logging_mixin.py:188} INFO - Downloaded AAPL/1769900750.json -> /tmp/minio_downloads/AAPL/1769900750.json
[2026-02-03T22:11:59.871+0000] {logging_mixin.py:188} INFO - Downloaded AAPL/1769900751.json -> /tmp/minio_downloads/AAPL/1769900751.json
[2026-02-03T22:11:59.876+0000] {logging_mixin.py:188} INFO - Downloaded AAPL/1769900752.json -> /tmp/minio_downloads/AAPL/1769900752.json
[2026-02-03T22:11:59.881+0000] {logging_mixin.py:188} INFO - Downloaded AAPL/1769900753.json -> /tmp/minio_downloads/AAPL/1769900753.json
[2026-02-03T22:11:59.886+0000] {logging_mixin.py:188} INFO - Downloaded AAPL/1769900754.json -> /tmp/minio_downloads/AAPL/1769900754.json
[2026-02-03T22:11:59.890+0000] {logging_mixin.py:188} INFO - Downloaded AAPL/1769900755.json -> /tmp/minio_downloads/AAPL/1769900755.json
[2026-02-03T22:11:59.895+0000] {logging_mixin.py:188} INFO - Downloaded AAPL/1769900756.json -> /tmp/minio_downloads/AAPL/1769900756.json
[2026-02-03T22:11:59.899+0000] {logging_mixin.py:188} INFO - Downloaded AAPL/1769900757.json -> /tmp/minio_downloads/AAPL/1769900757.json
[2026-02-03T22:11:59.904+0000] {logging_mixin.py:188} INFO - Downloaded AAPL/1769900758.json -> /tmp/minio_downloads/AAPL/1769900758.json
[2026-02-03T22:11:59.908+0000] {logging_mixin.py:188} INFO - Downloaded AAPL/1769900759.json -> /tmp/minio_downloads/AAPL/1769900759.json
[2026-02-03T22:11:59.913+0000] {logging_mixin.py:188} INFO - Downloaded AAPL/1769900760.json -> /tmp/minio_downloads/AAPL/1769900760.json
[2026-02-03T22:11:59.918+0000] {logging_mixin.py:188} INFO - Downloaded AAPL/1769900761.json -> /tmp/minio_downloads/AAPL/1769900761.json
[2026-02-03T22:11:59.923+0000] {logging_mixin.py:188} INFO - Downloaded AAPL/1769900762.json -> /tmp/minio_downloads/AAPL/1769900762.json
[2026-02-03T22:11:59.927+0000] {logging_mixin.py:188} INFO - Downloaded AAPL/1769900763.json -> /tmp/minio_downloads/AAPL/1769900763.json
[2026-02-03T22:11:59.933+0000] {logging_mixin.py:188} INFO - Downloaded AAPL/1769900764.json -> /tmp/minio_downloads/AAPL/1769900764.json
[2026-02-03T22:11:59.938+0000] {logging_mixin.py:188} INFO - Downloaded AAPL/1769900765.json -> /tmp/minio_downloads/AAPL/1769900765.json
[2026-02-03T22:11:59.943+0000] {logging_mixin.py:188} INFO - Downloaded AAPL/1769900766.json -> /tmp/minio_downloads/AAPL/1769900766.json
[2026-02-03T22:11:59.948+0000] {logging_mixin.py:188} INFO - Downloaded AMZN/1769900678.json -> /tmp/minio_downloads/AMZN/1769900678.json
[2026-02-03T22:11:59.953+0000] {logging_mixin.py:188} INFO - Downloaded AMZN/1769900679.json -> /tmp/minio_downloads/AMZN/1769900679.json
[2026-02-03T22:11:59.958+0000] {logging_mixin.py:188} INFO - Downloaded AMZN/1769900680.json -> /tmp/minio_downloads/AMZN/1769900680.json
[2026-02-03T22:11:59.963+0000] {logging_mixin.py:188} INFO - Downloaded AMZN/1769900681.json -> /tmp/minio_downloads/AMZN/1769900681.json
[2026-02-03T22:11:59.968+0000] {logging_mixin.py:188} INFO - Downloaded AMZN/1769900682.json -> /tmp/minio_downloads/AMZN/1769900682.json
[2026-02-03T22:11:59.973+0000] {logging_mixin.py:188} INFO - Downloaded AMZN/1769900683.json -> /tmp/minio_downloads/AMZN/1769900683.json
[2026-02-03T22:11:59.978+0000] {logging_mixin.py:188} INFO - Downloaded AMZN/1769900684.json -> /tmp/minio_downloads/AMZN/1769900684.json
[2026-02-03T22:11:59.983+0000] {logging_mixin.py:188} INFO - Downloaded AMZN/1769900685.json -> /tmp/minio_downloads/AMZN/1769900685.json
[2026-02-03T22:11:59.988+0000] {logging_mixin.py:188} INFO - Downloaded AMZN/1769900686.json -> /tmp/minio_downloads/AMZN/1769900686.json
[2026-02-03T22:11:59.993+0000] {logging_mixin.py:188} INFO - Downloaded AMZN/1769900687.json -> /tmp/minio_downloads/AMZN/1769900687.json
[2026-02-03T22:11:59.998+0000] {logging_mixin.py:188} INFO - Downloaded AMZN/1769900688.json -> /tmp/minio_downloads/AMZN/1769900688.json
[2026-02-03T22:12:00.002+0000] {logging_mixin.py:188} INFO - Downloaded AMZN/1769900689.json -> /tmp/minio_downloads/AMZN/1769900689.json
[2026-02-03T22:12:00.008+0000] {logging_mixin.py:188} INFO - Downloaded AMZN/1769900690.json -> /tmp/minio_downloads/AMZN/1769900690.json
[2026-02-03T22:12:00.014+0000] {logging_mixin.py:188} INFO - Downloaded AMZN/1769900691.json -> /tmp/minio_downloads/AMZN/1769900691.json
[2026-02-03T22:12:00.020+0000] {logging_mixin.py:188} INFO - Downloaded AMZN/1769900692.json -> /tmp/minio_downloads/AMZN/1769900692.json
[2026-02-03T22:12:00.026+0000] {logging_mixin.py:188} INFO - Downloaded AMZN/1769900693.json -> /tmp/minio_downloads/AMZN/1769900693.json
[2026-02-03T22:12:00.031+0000] {logging_mixin.py:188} INFO - Downloaded AMZN/1769900694.json -> /tmp/minio_downloads/AMZN/1769900694.json
[2026-02-03T22:12:00.036+0000] {logging_mixin.py:188} INFO - Downloaded AMZN/1769900695.json -> /tmp/minio_downloads/AMZN/1769900695.json
[2026-02-03T22:12:00.041+0000] {logging_mixin.py:188} INFO - Downloaded AMZN/1769900696.json -> /tmp/minio_downloads/AMZN/1769900696.json
[2026-02-03T22:12:00.045+0000] {logging_mixin.py:188} INFO - Downloaded AMZN/1769900697.json -> /tmp/minio_downloads/AMZN/1769900697.json
[2026-02-03T22:12:00.050+0000] {logging_mixin.py:188} INFO - Downloaded AMZN/1769900698.json -> /tmp/minio_downloads/AMZN/1769900698.json
[2026-02-03T22:12:00.055+0000] {logging_mixin.py:188} INFO - Downloaded AMZN/1769900699.json -> /tmp/minio_downloads/AMZN/1769900699.json
[2026-02-03T22:12:00.059+0000] {logging_mixin.py:188} INFO - Downloaded AMZN/1769900700.json -> /tmp/minio_downloads/AMZN/1769900700.json
[2026-02-03T22:12:00.064+0000] {logging_mixin.py:188} INFO - Downloaded AMZN/1769900701.json -> /tmp/minio_downloads/AMZN/1769900701.json
[2026-02-03T22:12:00.068+0000] {logging_mixin.py:188} INFO - Downloaded AMZN/1769900702.json -> /tmp/minio_downloads/AMZN/1769900702.json
[2026-02-03T22:12:00.073+0000] {logging_mixin.py:188} INFO - Downloaded AMZN/1769900703.json -> /tmp/minio_downloads/AMZN/1769900703.json
[2026-02-03T22:12:00.078+0000] {logging_mixin.py:188} INFO - Downloaded AMZN/1769900704.json -> /tmp/minio_downloads/AMZN/1769900704.json
[2026-02-03T22:12:00.082+0000] {logging_mixin.py:188} INFO - Downloaded AMZN/1769900705.json -> /tmp/minio_downloads/AMZN/1769900705.json
[2026-02-03T22:12:00.087+0000] {logging_mixin.py:188} INFO - Downloaded AMZN/1769900706.json -> /tmp/minio_downloads/AMZN/1769900706.json
[2026-02-03T22:12:00.092+0000] {logging_mixin.py:188} INFO - Downloaded AMZN/1769900707.json -> /tmp/minio_downloads/AMZN/1769900707.json
[2026-02-03T22:12:00.097+0000] {logging_mixin.py:188} INFO - Downloaded AMZN/1769900708.json -> /tmp/minio_downloads/AMZN/1769900708.json
[2026-02-03T22:12:00.101+0000] {logging_mixin.py:188} INFO - Downloaded AMZN/1769900709.json -> /tmp/minio_downloads/AMZN/1769900709.json
[2026-02-03T22:12:00.106+0000] {logging_mixin.py:188} INFO - Downloaded AMZN/1769900710.json -> /tmp/minio_downloads/AMZN/1769900710.json
[2026-02-03T22:12:00.110+0000] {logging_mixin.py:188} INFO - Downloaded AMZN/1769900711.json -> /tmp/minio_downloads/AMZN/1769900711.json
[2026-02-03T22:12:00.115+0000] {logging_mixin.py:188} INFO - Downloaded AMZN/1769900712.json -> /tmp/minio_downloads/AMZN/1769900712.json
[2026-02-03T22:12:00.120+0000] {logging_mixin.py:188} INFO - Downloaded AMZN/1769900713.json -> /tmp/minio_downloads/AMZN/1769900713.json
[2026-02-03T22:12:00.124+0000] {logging_mixin.py:188} INFO - Downloaded AMZN/1769900714.json -> /tmp/minio_downloads/AMZN/1769900714.json
[2026-02-03T22:12:00.129+0000] {logging_mixin.py:188} INFO - Downloaded AMZN/1769900715.json -> /tmp/minio_downloads/AMZN/1769900715.json
[2026-02-03T22:12:00.134+0000] {logging_mixin.py:188} INFO - Downloaded AMZN/1769900716.json -> /tmp/minio_downloads/AMZN/1769900716.json
[2026-02-03T22:12:00.138+0000] {logging_mixin.py:188} INFO - Downloaded AMZN/1769900717.json -> /tmp/minio_downloads/AMZN/1769900717.json
[2026-02-03T22:12:00.143+0000] {logging_mixin.py:188} INFO - Downloaded AMZN/1769900718.json -> /tmp/minio_downloads/AMZN/1769900718.json
[2026-02-03T22:12:00.147+0000] {logging_mixin.py:188} INFO - Downloaded AMZN/1769900719.json -> /tmp/minio_downloads/AMZN/1769900719.json
[2026-02-03T22:12:00.152+0000] {logging_mixin.py:188} INFO - Downloaded AMZN/1769900720.json -> /tmp/minio_downloads/AMZN/1769900720.json
[2026-02-03T22:12:00.156+0000] {logging_mixin.py:188} INFO - Downloaded AMZN/1769900721.json -> /tmp/minio_downloads/AMZN/1769900721.json
[2026-02-03T22:12:00.160+0000] {logging_mixin.py:188} INFO - Downloaded AMZN/1769900722.json -> /tmp/minio_downloads/AMZN/1769900722.json
[2026-02-03T22:12:00.165+0000] {logging_mixin.py:188} INFO - Downloaded AMZN/1769900723.json -> /tmp/minio_downloads/AMZN/1769900723.json
[2026-02-03T22:12:00.169+0000] {logging_mixin.py:188} INFO - Downloaded AMZN/1769900724.json -> /tmp/minio_downloads/AMZN/1769900724.json
[2026-02-03T22:12:00.173+0000] {logging_mixin.py:188} INFO - Downloaded AMZN/1769900725.json -> /tmp/minio_downloads/AMZN/1769900725.json
[2026-02-03T22:12:00.177+0000] {logging_mixin.py:188} INFO - Downloaded AMZN/1769900726.json -> /tmp/minio_downloads/AMZN/1769900726.json
[2026-02-03T22:12:00.182+0000] {logging_mixin.py:188} INFO - Downloaded AMZN/1769900727.json -> /tmp/minio_downloads/AMZN/1769900727.json
[2026-02-03T22:12:00.186+0000] {logging_mixin.py:188} INFO - Downloaded AMZN/1769900728.json -> /tmp/minio_downloads/AMZN/1769900728.json
[2026-02-03T22:12:00.191+0000] {logging_mixin.py:188} INFO - Downloaded AMZN/1769900729.json -> /tmp/minio_downloads/AMZN/1769900729.json
[2026-02-03T22:12:00.195+0000] {logging_mixin.py:188} INFO - Downloaded AMZN/1769900730.json -> /tmp/minio_downloads/AMZN/1769900730.json
[2026-02-03T22:12:00.199+0000] {logging_mixin.py:188} INFO - Downloaded AMZN/1769900731.json -> /tmp/minio_downloads/AMZN/1769900731.json
[2026-02-03T22:12:00.203+0000] {logging_mixin.py:188} INFO - Downloaded AMZN/1769900732.json -> /tmp/minio_downloads/AMZN/1769900732.json
[2026-02-03T22:12:00.207+0000] {logging_mixin.py:188} INFO - Downloaded AMZN/1769900733.json -> /tmp/minio_downloads/AMZN/1769900733.json
[2026-02-03T22:12:00.212+0000] {logging_mixin.py:188} INFO - Downloaded AMZN/1769900734.json -> /tmp/minio_downloads/AMZN/1769900734.json
[2026-02-03T22:12:00.217+0000] {logging_mixin.py:188} INFO - Downloaded AMZN/1769900735.json -> /tmp/minio_downloads/AMZN/1769900735.json
[2026-02-03T22:12:00.221+0000] {logging_mixin.py:188} INFO - Downloaded AMZN/1769900736.json -> /tmp/minio_downloads/AMZN/1769900736.json
[2026-02-03T22:12:00.226+0000] {logging_mixin.py:188} INFO - Downloaded AMZN/1769900737.json -> /tmp/minio_downloads/AMZN/1769900737.json
[2026-02-03T22:12:00.232+0000] {logging_mixin.py:188} INFO - Downloaded AMZN/1769900738.json -> /tmp/minio_downloads/AMZN/1769900738.json
[2026-02-03T22:12:00.237+0000] {logging_mixin.py:188} INFO - Downloaded AMZN/1769900739.json -> /tmp/minio_downloads/AMZN/1769900739.json
[2026-02-03T22:12:00.241+0000] {logging_mixin.py:188} INFO - Downloaded AMZN/1769900740.json -> /tmp/minio_downloads/AMZN/1769900740.json
[2026-02-03T22:12:00.246+0000] {logging_mixin.py:188} INFO - Downloaded AMZN/1769900741.json -> /tmp/minio_downloads/AMZN/1769900741.json
[2026-02-03T22:12:00.250+0000] {logging_mixin.py:188} INFO - Downloaded AMZN/1769900742.json -> /tmp/minio_downloads/AMZN/1769900742.json
[2026-02-03T22:12:00.255+0000] {logging_mixin.py:188} INFO - Downloaded AMZN/1769900743.json -> /tmp/minio_downloads/AMZN/1769900743.json
[2026-02-03T22:12:00.259+0000] {logging_mixin.py:188} INFO - Downloaded AMZN/1769900744.json -> /tmp/minio_downloads/AMZN/1769900744.json
[2026-02-03T22:12:00.263+0000] {logging_mixin.py:188} INFO - Downloaded AMZN/1769900745.json -> /tmp/minio_downloads/AMZN/1769900745.json
[2026-02-03T22:12:00.269+0000] {logging_mixin.py:188} INFO - Downloaded AMZN/1769900746.json -> /tmp/minio_downloads/AMZN/1769900746.json
[2026-02-03T22:12:00.273+0000] {logging_mixin.py:188} INFO - Downloaded AMZN/1769900747.json -> /tmp/minio_downloads/AMZN/1769900747.json
[2026-02-03T22:12:00.278+0000] {logging_mixin.py:188} INFO - Downloaded AMZN/1769900748.json -> /tmp/minio_downloads/AMZN/1769900748.json
[2026-02-03T22:12:00.282+0000] {logging_mixin.py:188} INFO - Downloaded AMZN/1769900749.json -> /tmp/minio_downloads/AMZN/1769900749.json
[2026-02-03T22:12:00.286+0000] {logging_mixin.py:188} INFO - Downloaded AMZN/1769900750.json -> /tmp/minio_downloads/AMZN/1769900750.json
[2026-02-03T22:12:00.291+0000] {logging_mixin.py:188} INFO - Downloaded AMZN/1769900751.json -> /tmp/minio_downloads/AMZN/1769900751.json
[2026-02-03T22:12:00.295+0000] {logging_mixin.py:188} INFO - Downloaded AMZN/1769900752.json -> /tmp/minio_downloads/AMZN/1769900752.json
[2026-02-03T22:12:00.300+0000] {logging_mixin.py:188} INFO - Downloaded AMZN/1769900753.json -> /tmp/minio_downloads/AMZN/1769900753.json
[2026-02-03T22:12:00.304+0000] {logging_mixin.py:188} INFO - Downloaded AMZN/1769900754.json -> /tmp/minio_downloads/AMZN/1769900754.json
[2026-02-03T22:12:00.309+0000] {logging_mixin.py:188} INFO - Downloaded AMZN/1769900755.json -> /tmp/minio_downloads/AMZN/1769900755.json
[2026-02-03T22:12:00.313+0000] {logging_mixin.py:188} INFO - Downloaded AMZN/1769900756.json -> /tmp/minio_downloads/AMZN/1769900756.json
[2026-02-03T22:12:00.318+0000] {logging_mixin.py:188} INFO - Downloaded AMZN/1769900757.json -> /tmp/minio_downloads/AMZN/1769900757.json
[2026-02-03T22:12:00.322+0000] {logging_mixin.py:188} INFO - Downloaded AMZN/1769900758.json -> /tmp/minio_downloads/AMZN/1769900758.json
[2026-02-03T22:12:00.326+0000] {logging_mixin.py:188} INFO - Downloaded AMZN/1769900759.json -> /tmp/minio_downloads/AMZN/1769900759.json
[2026-02-03T22:12:00.331+0000] {logging_mixin.py:188} INFO - Downloaded AMZN/1769900760.json -> /tmp/minio_downloads/AMZN/1769900760.json
[2026-02-03T22:12:00.335+0000] {logging_mixin.py:188} INFO - Downloaded AMZN/1769900761.json -> /tmp/minio_downloads/AMZN/1769900761.json
[2026-02-03T22:12:00.340+0000] {logging_mixin.py:188} INFO - Downloaded AMZN/1769900762.json -> /tmp/minio_downloads/AMZN/1769900762.json
[2026-02-03T22:12:00.344+0000] {logging_mixin.py:188} INFO - Downloaded AMZN/1769900763.json -> /tmp/minio_downloads/AMZN/1769900763.json
[2026-02-03T22:12:00.349+0000] {logging_mixin.py:188} INFO - Downloaded AMZN/1769900764.json -> /tmp/minio_downloads/AMZN/1769900764.json
[2026-02-03T22:12:00.353+0000] {logging_mixin.py:188} INFO - Downloaded AMZN/1769900765.json -> /tmp/minio_downloads/AMZN/1769900765.json
[2026-02-03T22:12:00.358+0000] {logging_mixin.py:188} INFO - Downloaded AMZN/1769900766.json -> /tmp/minio_downloads/AMZN/1769900766.json
[2026-02-03T22:12:00.363+0000] {logging_mixin.py:188} INFO - Downloaded GOOGL/1769900678.json -> /tmp/minio_downloads/GOOGL/1769900678.json
[2026-02-03T22:12:00.368+0000] {logging_mixin.py:188} INFO - Downloaded GOOGL/1769900679.json -> /tmp/minio_downloads/GOOGL/1769900679.json
[2026-02-03T22:12:00.373+0000] {logging_mixin.py:188} INFO - Downloaded GOOGL/1769900680.json -> /tmp/minio_downloads/GOOGL/1769900680.json
[2026-02-03T22:12:00.378+0000] {logging_mixin.py:188} INFO - Downloaded GOOGL/1769900681.json -> /tmp/minio_downloads/GOOGL/1769900681.json
[2026-02-03T22:12:00.383+0000] {logging_mixin.py:188} INFO - Downloaded GOOGL/1769900682.json -> /tmp/minio_downloads/GOOGL/1769900682.json
[2026-02-03T22:12:00.387+0000] {logging_mixin.py:188} INFO - Downloaded GOOGL/1769900683.json -> /tmp/minio_downloads/GOOGL/1769900683.json
[2026-02-03T22:12:00.392+0000] {logging_mixin.py:188} INFO - Downloaded GOOGL/1769900684.json -> /tmp/minio_downloads/GOOGL/1769900684.json
[2026-02-03T22:12:00.397+0000] {logging_mixin.py:188} INFO - Downloaded GOOGL/1769900685.json -> /tmp/minio_downloads/GOOGL/1769900685.json
[2026-02-03T22:12:00.401+0000] {logging_mixin.py:188} INFO - Downloaded GOOGL/1769900686.json -> /tmp/minio_downloads/GOOGL/1769900686.json
[2026-02-03T22:12:00.405+0000] {logging_mixin.py:188} INFO - Downloaded GOOGL/1769900687.json -> /tmp/minio_downloads/GOOGL/1769900687.json
[2026-02-03T22:12:00.410+0000] {logging_mixin.py:188} INFO - Downloaded GOOGL/1769900688.json -> /tmp/minio_downloads/GOOGL/1769900688.json
[2026-02-03T22:12:00.414+0000] {logging_mixin.py:188} INFO - Downloaded GOOGL/1769900689.json -> /tmp/minio_downloads/GOOGL/1769900689.json
[2026-02-03T22:12:00.419+0000] {logging_mixin.py:188} INFO - Downloaded GOOGL/1769900690.json -> /tmp/minio_downloads/GOOGL/1769900690.json
[2026-02-03T22:12:00.423+0000] {logging_mixin.py:188} INFO - Downloaded GOOGL/1769900691.json -> /tmp/minio_downloads/GOOGL/1769900691.json
[2026-02-03T22:12:00.428+0000] {logging_mixin.py:188} INFO - Downloaded GOOGL/1769900692.json -> /tmp/minio_downloads/GOOGL/1769900692.json
[2026-02-03T22:12:00.432+0000] {logging_mixin.py:188} INFO - Downloaded GOOGL/1769900693.json -> /tmp/minio_downloads/GOOGL/1769900693.json
[2026-02-03T22:12:00.437+0000] {logging_mixin.py:188} INFO - Downloaded GOOGL/1769900694.json -> /tmp/minio_downloads/GOOGL/1769900694.json
[2026-02-03T22:12:00.442+0000] {logging_mixin.py:188} INFO - Downloaded GOOGL/1769900695.json -> /tmp/minio_downloads/GOOGL/1769900695.json
[2026-02-03T22:12:00.447+0000] {logging_mixin.py:188} INFO - Downloaded GOOGL/1769900696.json -> /tmp/minio_downloads/GOOGL/1769900696.json
[2026-02-03T22:12:00.451+0000] {logging_mixin.py:188} INFO - Downloaded GOOGL/1769900697.json -> /tmp/minio_downloads/GOOGL/1769900697.json
[2026-02-03T22:12:00.456+0000] {logging_mixin.py:188} INFO - Downloaded GOOGL/1769900698.json -> /tmp/minio_downloads/GOOGL/1769900698.json
[2026-02-03T22:12:00.460+0000] {logging_mixin.py:188} INFO - Downloaded GOOGL/1769900699.json -> /tmp/minio_downloads/GOOGL/1769900699.json
[2026-02-03T22:12:00.465+0000] {logging_mixin.py:188} INFO - Downloaded GOOGL/1769900700.json -> /tmp/minio_downloads/GOOGL/1769900700.json
[2026-02-03T22:12:00.470+0000] {logging_mixin.py:188} INFO - Downloaded GOOGL/1769900701.json -> /tmp/minio_downloads/GOOGL/1769900701.json
[2026-02-03T22:12:00.474+0000] {logging_mixin.py:188} INFO - Downloaded GOOGL/1769900702.json -> /tmp/minio_downloads/GOOGL/1769900702.json
[2026-02-03T22:12:00.479+0000] {logging_mixin.py:188} INFO - Downloaded GOOGL/1769900703.json -> /tmp/minio_downloads/GOOGL/1769900703.json
[2026-02-03T22:12:00.483+0000] {logging_mixin.py:188} INFO - Downloaded GOOGL/1769900704.json -> /tmp/minio_downloads/GOOGL/1769900704.json
[2026-02-03T22:12:00.488+0000] {logging_mixin.py:188} INFO - Downloaded GOOGL/1769900705.json -> /tmp/minio_downloads/GOOGL/1769900705.json
[2026-02-03T22:12:00.493+0000] {logging_mixin.py:188} INFO - Downloaded GOOGL/1769900706.json -> /tmp/minio_downloads/GOOGL/1769900706.json
[2026-02-03T22:12:00.498+0000] {logging_mixin.py:188} INFO - Downloaded GOOGL/1769900707.json -> /tmp/minio_downloads/GOOGL/1769900707.json
[2026-02-03T22:12:00.503+0000] {logging_mixin.py:188} INFO - Downloaded GOOGL/1769900708.json -> /tmp/minio_downloads/GOOGL/1769900708.json
[2026-02-03T22:12:00.508+0000] {logging_mixin.py:188} INFO - Downloaded GOOGL/1769900709.json -> /tmp/minio_downloads/GOOGL/1769900709.json
[2026-02-03T22:12:00.513+0000] {logging_mixin.py:188} INFO - Downloaded GOOGL/1769900710.json -> /tmp/minio_downloads/GOOGL/1769900710.json
[2026-02-03T22:12:00.519+0000] {logging_mixin.py:188} INFO - Downloaded GOOGL/1769900711.json -> /tmp/minio_downloads/GOOGL/1769900711.json
[2026-02-03T22:12:00.524+0000] {logging_mixin.py:188} INFO - Downloaded GOOGL/1769900712.json -> /tmp/minio_downloads/GOOGL/1769900712.json
[2026-02-03T22:12:00.529+0000] {logging_mixin.py:188} INFO - Downloaded GOOGL/1769900713.json -> /tmp/minio_downloads/GOOGL/1769900713.json
[2026-02-03T22:12:00.534+0000] {logging_mixin.py:188} INFO - Downloaded GOOGL/1769900714.json -> /tmp/minio_downloads/GOOGL/1769900714.json
[2026-02-03T22:12:00.539+0000] {logging_mixin.py:188} INFO - Downloaded GOOGL/1769900715.json -> /tmp/minio_downloads/GOOGL/1769900715.json
[2026-02-03T22:12:00.544+0000] {logging_mixin.py:188} INFO - Downloaded GOOGL/1769900716.json -> /tmp/minio_downloads/GOOGL/1769900716.json
[2026-02-03T22:12:00.549+0000] {logging_mixin.py:188} INFO - Downloaded GOOGL/1769900717.json -> /tmp/minio_downloads/GOOGL/1769900717.json
[2026-02-03T22:12:00.554+0000] {logging_mixin.py:188} INFO - Downloaded GOOGL/1769900718.json -> /tmp/minio_downloads/GOOGL/1769900718.json
[2026-02-03T22:12:00.558+0000] {logging_mixin.py:188} INFO - Downloaded GOOGL/1769900719.json -> /tmp/minio_downloads/GOOGL/1769900719.json
[2026-02-03T22:12:00.563+0000] {logging_mixin.py:188} INFO - Downloaded GOOGL/1769900720.json -> /tmp/minio_downloads/GOOGL/1769900720.json
[2026-02-03T22:12:00.568+0000] {logging_mixin.py:188} INFO - Downloaded GOOGL/1769900721.json -> /tmp/minio_downloads/GOOGL/1769900721.json
[2026-02-03T22:12:00.572+0000] {logging_mixin.py:188} INFO - Downloaded GOOGL/1769900722.json -> /tmp/minio_downloads/GOOGL/1769900722.json
[2026-02-03T22:12:00.577+0000] {logging_mixin.py:188} INFO - Downloaded GOOGL/1769900723.json -> /tmp/minio_downloads/GOOGL/1769900723.json
[2026-02-03T22:12:00.582+0000] {logging_mixin.py:188} INFO - Downloaded GOOGL/1769900724.json -> /tmp/minio_downloads/GOOGL/1769900724.json
[2026-02-03T22:12:00.587+0000] {logging_mixin.py:188} INFO - Downloaded GOOGL/1769900725.json -> /tmp/minio_downloads/GOOGL/1769900725.json
[2026-02-03T22:12:00.592+0000] {logging_mixin.py:188} INFO - Downloaded GOOGL/1769900726.json -> /tmp/minio_downloads/GOOGL/1769900726.json
[2026-02-03T22:12:00.597+0000] {logging_mixin.py:188} INFO - Downloaded GOOGL/1769900727.json -> /tmp/minio_downloads/GOOGL/1769900727.json
[2026-02-03T22:12:00.602+0000] {logging_mixin.py:188} INFO - Downloaded GOOGL/1769900728.json -> /tmp/minio_downloads/GOOGL/1769900728.json
[2026-02-03T22:12:00.607+0000] {logging_mixin.py:188} INFO - Downloaded GOOGL/1769900729.json -> /tmp/minio_downloads/GOOGL/1769900729.json
[2026-02-03T22:12:00.612+0000] {logging_mixin.py:188} INFO - Downloaded GOOGL/1769900730.json -> /tmp/minio_downloads/GOOGL/1769900730.json
[2026-02-03T22:12:00.616+0000] {logging_mixin.py:188} INFO - Downloaded GOOGL/1769900731.json -> /tmp/minio_downloads/GOOGL/1769900731.json
[2026-02-03T22:12:00.621+0000] {logging_mixin.py:188} INFO - Downloaded GOOGL/1769900732.json -> /tmp/minio_downloads/GOOGL/1769900732.json
[2026-02-03T22:12:00.625+0000] {logging_mixin.py:188} INFO - Downloaded GOOGL/1769900733.json -> /tmp/minio_downloads/GOOGL/1769900733.json
[2026-02-03T22:12:00.630+0000] {logging_mixin.py:188} INFO - Downloaded GOOGL/1769900734.json -> /tmp/minio_downloads/GOOGL/1769900734.json
[2026-02-03T22:12:00.634+0000] {logging_mixin.py:188} INFO - Downloaded GOOGL/1769900735.json -> /tmp/minio_downloads/GOOGL/1769900735.json
[2026-02-03T22:12:00.639+0000] {logging_mixin.py:188} INFO - Downloaded GOOGL/1769900736.json -> /tmp/minio_downloads/GOOGL/1769900736.json
[2026-02-03T22:12:00.644+0000] {logging_mixin.py:188} INFO - Downloaded GOOGL/1769900737.json -> /tmp/minio_downloads/GOOGL/1769900737.json
[2026-02-03T22:12:00.649+0000] {logging_mixin.py:188} INFO - Downloaded GOOGL/1769900738.json -> /tmp/minio_downloads/GOOGL/1769900738.json
[2026-02-03T22:12:00.653+0000] {logging_mixin.py:188} INFO - Downloaded GOOGL/1769900739.json -> /tmp/minio_downloads/GOOGL/1769900739.json
[2026-02-03T22:12:00.657+0000] {logging_mixin.py:188} INFO - Downloaded GOOGL/1769900740.json -> /tmp/minio_downloads/GOOGL/1769900740.json
[2026-02-03T22:12:00.662+0000] {logging_mixin.py:188} INFO - Downloaded GOOGL/1769900741.json -> /tmp/minio_downloads/GOOGL/1769900741.json
[2026-02-03T22:12:00.667+0000] {logging_mixin.py:188} INFO - Downloaded GOOGL/1769900742.json -> /tmp/minio_downloads/GOOGL/1769900742.json
[2026-02-03T22:12:00.671+0000] {logging_mixin.py:188} INFO - Downloaded GOOGL/1769900743.json -> /tmp/minio_downloads/GOOGL/1769900743.json
[2026-02-03T22:12:00.675+0000] {logging_mixin.py:188} INFO - Downloaded GOOGL/1769900744.json -> /tmp/minio_downloads/GOOGL/1769900744.json
[2026-02-03T22:12:00.680+0000] {logging_mixin.py:188} INFO - Downloaded GOOGL/1769900745.json -> /tmp/minio_downloads/GOOGL/1769900745.json
[2026-02-03T22:12:00.685+0000] {logging_mixin.py:188} INFO - Downloaded GOOGL/1769900746.json -> /tmp/minio_downloads/GOOGL/1769900746.json
[2026-02-03T22:12:00.689+0000] {logging_mixin.py:188} INFO - Downloaded GOOGL/1769900747.json -> /tmp/minio_downloads/GOOGL/1769900747.json
[2026-02-03T22:12:00.693+0000] {logging_mixin.py:188} INFO - Downloaded GOOGL/1769900748.json -> /tmp/minio_downloads/GOOGL/1769900748.json
[2026-02-03T22:12:00.698+0000] {logging_mixin.py:188} INFO - Downloaded GOOGL/1769900749.json -> /tmp/minio_downloads/GOOGL/1769900749.json
[2026-02-03T22:12:00.703+0000] {logging_mixin.py:188} INFO - Downloaded GOOGL/1769900750.json -> /tmp/minio_downloads/GOOGL/1769900750.json
[2026-02-03T22:12:00.707+0000] {logging_mixin.py:188} INFO - Downloaded GOOGL/1769900751.json -> /tmp/minio_downloads/GOOGL/1769900751.json
[2026-02-03T22:12:00.712+0000] {logging_mixin.py:188} INFO - Downloaded GOOGL/1769900752.json -> /tmp/minio_downloads/GOOGL/1769900752.json
[2026-02-03T22:12:00.716+0000] {logging_mixin.py:188} INFO - Downloaded GOOGL/1769900753.json -> /tmp/minio_downloads/GOOGL/1769900753.json
[2026-02-03T22:12:00.721+0000] {logging_mixin.py:188} INFO - Downloaded GOOGL/1769900754.json -> /tmp/minio_downloads/GOOGL/1769900754.json
[2026-02-03T22:12:00.725+0000] {logging_mixin.py:188} INFO - Downloaded GOOGL/1769900755.json -> /tmp/minio_downloads/GOOGL/1769900755.json
[2026-02-03T22:12:00.730+0000] {logging_mixin.py:188} INFO - Downloaded GOOGL/1769900756.json -> /tmp/minio_downloads/GOOGL/1769900756.json
[2026-02-03T22:12:00.735+0000] {logging_mixin.py:188} INFO - Downloaded GOOGL/1769900757.json -> /tmp/minio_downloads/GOOGL/1769900757.json
[2026-02-03T22:12:00.740+0000] {logging_mixin.py:188} INFO - Downloaded GOOGL/1769900758.json -> /tmp/minio_downloads/GOOGL/1769900758.json
[2026-02-03T22:12:00.745+0000] {logging_mixin.py:188} INFO - Downloaded GOOGL/1769900759.json -> /tmp/minio_downloads/GOOGL/1769900759.json
[2026-02-03T22:12:00.751+0000] {logging_mixin.py:188} INFO - Downloaded GOOGL/1769900760.json -> /tmp/minio_downloads/GOOGL/1769900760.json
[2026-02-03T22:12:00.756+0000] {logging_mixin.py:188} INFO - Downloaded GOOGL/1769900761.json -> /tmp/minio_downloads/GOOGL/1769900761.json
[2026-02-03T22:12:00.761+0000] {logging_mixin.py:188} INFO - Downloaded GOOGL/1769900762.json -> /tmp/minio_downloads/GOOGL/1769900762.json
[2026-02-03T22:12:00.766+0000] {logging_mixin.py:188} INFO - Downloaded GOOGL/1769900763.json -> /tmp/minio_downloads/GOOGL/1769900763.json
[2026-02-03T22:12:00.770+0000] {logging_mixin.py:188} INFO - Downloaded GOOGL/1769900764.json -> /tmp/minio_downloads/GOOGL/1769900764.json
[2026-02-03T22:12:00.775+0000] {logging_mixin.py:188} INFO - Downloaded GOOGL/1769900765.json -> /tmp/minio_downloads/GOOGL/1769900765.json
[2026-02-03T22:12:00.780+0000] {logging_mixin.py:188} INFO - Downloaded GOOGL/1769900766.json -> /tmp/minio_downloads/GOOGL/1769900766.json
[2026-02-03T22:12:00.785+0000] {logging_mixin.py:188} INFO - Downloaded MSFT/1769900678.json -> /tmp/minio_downloads/MSFT/1769900678.json
[2026-02-03T22:12:00.790+0000] {logging_mixin.py:188} INFO - Downloaded MSFT/1769900679.json -> /tmp/minio_downloads/MSFT/1769900679.json
[2026-02-03T22:12:00.795+0000] {logging_mixin.py:188} INFO - Downloaded MSFT/1769900680.json -> /tmp/minio_downloads/MSFT/1769900680.json
[2026-02-03T22:12:00.799+0000] {logging_mixin.py:188} INFO - Downloaded MSFT/1769900681.json -> /tmp/minio_downloads/MSFT/1769900681.json
[2026-02-03T22:12:00.803+0000] {logging_mixin.py:188} INFO - Downloaded MSFT/1769900682.json -> /tmp/minio_downloads/MSFT/1769900682.json
[2026-02-03T22:12:00.807+0000] {logging_mixin.py:188} INFO - Downloaded MSFT/1769900683.json -> /tmp/minio_downloads/MSFT/1769900683.json
[2026-02-03T22:12:00.812+0000] {logging_mixin.py:188} INFO - Downloaded MSFT/1769900684.json -> /tmp/minio_downloads/MSFT/1769900684.json
[2026-02-03T22:12:00.817+0000] {logging_mixin.py:188} INFO - Downloaded MSFT/1769900685.json -> /tmp/minio_downloads/MSFT/1769900685.json
[2026-02-03T22:12:00.821+0000] {logging_mixin.py:188} INFO - Downloaded MSFT/1769900686.json -> /tmp/minio_downloads/MSFT/1769900686.json
[2026-02-03T22:12:00.826+0000] {logging_mixin.py:188} INFO - Downloaded MSFT/1769900687.json -> /tmp/minio_downloads/MSFT/1769900687.json
[2026-02-03T22:12:00.830+0000] {logging_mixin.py:188} INFO - Downloaded MSFT/1769900688.json -> /tmp/minio_downloads/MSFT/1769900688.json
[2026-02-03T22:12:00.835+0000] {logging_mixin.py:188} INFO - Downloaded MSFT/1769900689.json -> /tmp/minio_downloads/MSFT/1769900689.json
[2026-02-03T22:12:00.840+0000] {logging_mixin.py:188} INFO - Downloaded MSFT/1769900690.json -> /tmp/minio_downloads/MSFT/1769900690.json
[2026-02-03T22:12:00.844+0000] {logging_mixin.py:188} INFO - Downloaded MSFT/1769900691.json -> /tmp/minio_downloads/MSFT/1769900691.json
[2026-02-03T22:12:00.849+0000] {logging_mixin.py:188} INFO - Downloaded MSFT/1769900692.json -> /tmp/minio_downloads/MSFT/1769900692.json
[2026-02-03T22:12:00.854+0000] {logging_mixin.py:188} INFO - Downloaded MSFT/1769900693.json -> /tmp/minio_downloads/MSFT/1769900693.json
[2026-02-03T22:12:00.859+0000] {logging_mixin.py:188} INFO - Downloaded MSFT/1769900694.json -> /tmp/minio_downloads/MSFT/1769900694.json
[2026-02-03T22:12:00.864+0000] {logging_mixin.py:188} INFO - Downloaded MSFT/1769900695.json -> /tmp/minio_downloads/MSFT/1769900695.json
[2026-02-03T22:12:00.869+0000] {logging_mixin.py:188} INFO - Downloaded MSFT/1769900696.json -> /tmp/minio_downloads/MSFT/1769900696.json
[2026-02-03T22:12:00.874+0000] {logging_mixin.py:188} INFO - Downloaded MSFT/1769900697.json -> /tmp/minio_downloads/MSFT/1769900697.json
[2026-02-03T22:12:00.879+0000] {logging_mixin.py:188} INFO - Downloaded MSFT/1769900698.json -> /tmp/minio_downloads/MSFT/1769900698.json
[2026-02-03T22:12:00.884+0000] {logging_mixin.py:188} INFO - Downloaded MSFT/1769900699.json -> /tmp/minio_downloads/MSFT/1769900699.json
[2026-02-03T22:12:00.889+0000] {logging_mixin.py:188} INFO - Downloaded MSFT/1769900700.json -> /tmp/minio_downloads/MSFT/1769900700.json
[2026-02-03T22:12:00.893+0000] {logging_mixin.py:188} INFO - Downloaded MSFT/1769900701.json -> /tmp/minio_downloads/MSFT/1769900701.json
[2026-02-03T22:12:00.898+0000] {logging_mixin.py:188} INFO - Downloaded MSFT/1769900702.json -> /tmp/minio_downloads/MSFT/1769900702.json
[2026-02-03T22:12:00.903+0000] {logging_mixin.py:188} INFO - Downloaded MSFT/1769900703.json -> /tmp/minio_downloads/MSFT/1769900703.json
[2026-02-03T22:12:00.907+0000] {logging_mixin.py:188} INFO - Downloaded MSFT/1769900704.json -> /tmp/minio_downloads/MSFT/1769900704.json
[2026-02-03T22:12:00.912+0000] {logging_mixin.py:188} INFO - Downloaded MSFT/1769900705.json -> /tmp/minio_downloads/MSFT/1769900705.json
[2026-02-03T22:12:00.916+0000] {logging_mixin.py:188} INFO - Downloaded MSFT/1769900706.json -> /tmp/minio_downloads/MSFT/1769900706.json
[2026-02-03T22:12:00.921+0000] {logging_mixin.py:188} INFO - Downloaded MSFT/1769900707.json -> /tmp/minio_downloads/MSFT/1769900707.json
[2026-02-03T22:12:00.925+0000] {logging_mixin.py:188} INFO - Downloaded MSFT/1769900708.json -> /tmp/minio_downloads/MSFT/1769900708.json
[2026-02-03T22:12:00.930+0000] {logging_mixin.py:188} INFO - Downloaded MSFT/1769900709.json -> /tmp/minio_downloads/MSFT/1769900709.json
[2026-02-03T22:12:00.935+0000] {logging_mixin.py:188} INFO - Downloaded MSFT/1769900710.json -> /tmp/minio_downloads/MSFT/1769900710.json
[2026-02-03T22:12:00.939+0000] {logging_mixin.py:188} INFO - Downloaded MSFT/1769900711.json -> /tmp/minio_downloads/MSFT/1769900711.json
[2026-02-03T22:12:00.943+0000] {logging_mixin.py:188} INFO - Downloaded MSFT/1769900712.json -> /tmp/minio_downloads/MSFT/1769900712.json
[2026-02-03T22:12:00.948+0000] {logging_mixin.py:188} INFO - Downloaded MSFT/1769900713.json -> /tmp/minio_downloads/MSFT/1769900713.json
[2026-02-03T22:12:00.952+0000] {logging_mixin.py:188} INFO - Downloaded MSFT/1769900714.json -> /tmp/minio_downloads/MSFT/1769900714.json
[2026-02-03T22:12:00.957+0000] {logging_mixin.py:188} INFO - Downloaded MSFT/1769900715.json -> /tmp/minio_downloads/MSFT/1769900715.json
[2026-02-03T22:12:00.962+0000] {logging_mixin.py:188} INFO - Downloaded MSFT/1769900716.json -> /tmp/minio_downloads/MSFT/1769900716.json
[2026-02-03T22:12:00.968+0000] {logging_mixin.py:188} INFO - Downloaded MSFT/1769900717.json -> /tmp/minio_downloads/MSFT/1769900717.json
[2026-02-03T22:12:00.973+0000] {logging_mixin.py:188} INFO - Downloaded MSFT/1769900718.json -> /tmp/minio_downloads/MSFT/1769900718.json
[2026-02-03T22:12:00.978+0000] {logging_mixin.py:188} INFO - Downloaded MSFT/1769900719.json -> /tmp/minio_downloads/MSFT/1769900719.json
[2026-02-03T22:12:00.983+0000] {logging_mixin.py:188} INFO - Downloaded MSFT/1769900720.json -> /tmp/minio_downloads/MSFT/1769900720.json
[2026-02-03T22:12:00.988+0000] {logging_mixin.py:188} INFO - Downloaded MSFT/1769900721.json -> /tmp/minio_downloads/MSFT/1769900721.json
[2026-02-03T22:12:00.993+0000] {logging_mixin.py:188} INFO - Downloaded MSFT/1769900722.json -> /tmp/minio_downloads/MSFT/1769900722.json
[2026-02-03T22:12:00.997+0000] {logging_mixin.py:188} INFO - Downloaded MSFT/1769900723.json -> /tmp/minio_downloads/MSFT/1769900723.json
[2026-02-03T22:12:01.002+0000] {logging_mixin.py:188} INFO - Downloaded MSFT/1769900724.json -> /tmp/minio_downloads/MSFT/1769900724.json
[2026-02-03T22:12:01.007+0000] {logging_mixin.py:188} INFO - Downloaded MSFT/1769900725.json -> /tmp/minio_downloads/MSFT/1769900725.json
[2026-02-03T22:12:01.012+0000] {logging_mixin.py:188} INFO - Downloaded MSFT/1769900726.json -> /tmp/minio_downloads/MSFT/1769900726.json
[2026-02-03T22:12:01.017+0000] {logging_mixin.py:188} INFO - Downloaded MSFT/1769900727.json -> /tmp/minio_downloads/MSFT/1769900727.json
[2026-02-03T22:12:01.021+0000] {logging_mixin.py:188} INFO - Downloaded MSFT/1769900728.json -> /tmp/minio_downloads/MSFT/1769900728.json
[2026-02-03T22:12:01.025+0000] {logging_mixin.py:188} INFO - Downloaded MSFT/1769900729.json -> /tmp/minio_downloads/MSFT/1769900729.json
[2026-02-03T22:12:01.029+0000] {logging_mixin.py:188} INFO - Downloaded MSFT/1769900730.json -> /tmp/minio_downloads/MSFT/1769900730.json
[2026-02-03T22:12:01.035+0000] {logging_mixin.py:188} INFO - Downloaded MSFT/1769900731.json -> /tmp/minio_downloads/MSFT/1769900731.json
[2026-02-03T22:12:01.040+0000] {logging_mixin.py:188} INFO - Downloaded MSFT/1769900732.json -> /tmp/minio_downloads/MSFT/1769900732.json
[2026-02-03T22:12:01.045+0000] {logging_mixin.py:188} INFO - Downloaded MSFT/1769900733.json -> /tmp/minio_downloads/MSFT/1769900733.json
[2026-02-03T22:12:01.050+0000] {logging_mixin.py:188} INFO - Downloaded MSFT/1769900734.json -> /tmp/minio_downloads/MSFT/1769900734.json
[2026-02-03T22:12:01.054+0000] {logging_mixin.py:188} INFO - Downloaded MSFT/1769900735.json -> /tmp/minio_downloads/MSFT/1769900735.json
[2026-02-03T22:12:01.059+0000] {logging_mixin.py:188} INFO - Downloaded MSFT/1769900736.json -> /tmp/minio_downloads/MSFT/1769900736.json
[2026-02-03T22:12:01.063+0000] {logging_mixin.py:188} INFO - Downloaded MSFT/1769900737.json -> /tmp/minio_downloads/MSFT/1769900737.json
[2026-02-03T22:12:01.068+0000] {logging_mixin.py:188} INFO - Downloaded MSFT/1769900738.json -> /tmp/minio_downloads/MSFT/1769900738.json
[2026-02-03T22:12:01.072+0000] {logging_mixin.py:188} INFO - Downloaded MSFT/1769900739.json -> /tmp/minio_downloads/MSFT/1769900739.json
[2026-02-03T22:12:01.076+0000] {logging_mixin.py:188} INFO - Downloaded MSFT/1769900740.json -> /tmp/minio_downloads/MSFT/1769900740.json
[2026-02-03T22:12:01.081+0000] {logging_mixin.py:188} INFO - Downloaded MSFT/1769900741.json -> /tmp/minio_downloads/MSFT/1769900741.json
[2026-02-03T22:12:01.086+0000] {logging_mixin.py:188} INFO - Downloaded MSFT/1769900742.json -> /tmp/minio_downloads/MSFT/1769900742.json
[2026-02-03T22:12:01.090+0000] {logging_mixin.py:188} INFO - Downloaded MSFT/1769900743.json -> /tmp/minio_downloads/MSFT/1769900743.json
[2026-02-03T22:12:01.094+0000] {logging_mixin.py:188} INFO - Downloaded MSFT/1769900744.json -> /tmp/minio_downloads/MSFT/1769900744.json
[2026-02-03T22:12:01.099+0000] {logging_mixin.py:188} INFO - Downloaded MSFT/1769900745.json -> /tmp/minio_downloads/MSFT/1769900745.json
[2026-02-03T22:12:01.104+0000] {logging_mixin.py:188} INFO - Downloaded MSFT/1769900746.json -> /tmp/minio_downloads/MSFT/1769900746.json
[2026-02-03T22:12:01.108+0000] {logging_mixin.py:188} INFO - Downloaded MSFT/1769900747.json -> /tmp/minio_downloads/MSFT/1769900747.json
[2026-02-03T22:12:01.113+0000] {logging_mixin.py:188} INFO - Downloaded MSFT/1769900748.json -> /tmp/minio_downloads/MSFT/1769900748.json
[2026-02-03T22:12:01.117+0000] {logging_mixin.py:188} INFO - Downloaded MSFT/1769900749.json -> /tmp/minio_downloads/MSFT/1769900749.json
[2026-02-03T22:12:01.122+0000] {logging_mixin.py:188} INFO - Downloaded MSFT/1769900750.json -> /tmp/minio_downloads/MSFT/1769900750.json
[2026-02-03T22:12:01.127+0000] {logging_mixin.py:188} INFO - Downloaded MSFT/1769900751.json -> /tmp/minio_downloads/MSFT/1769900751.json
[2026-02-03T22:12:01.131+0000] {logging_mixin.py:188} INFO - Downloaded MSFT/1769900752.json -> /tmp/minio_downloads/MSFT/1769900752.json
[2026-02-03T22:12:01.136+0000] {logging_mixin.py:188} INFO - Downloaded MSFT/1769900753.json -> /tmp/minio_downloads/MSFT/1769900753.json
[2026-02-03T22:12:01.141+0000] {logging_mixin.py:188} INFO - Downloaded MSFT/1769900754.json -> /tmp/minio_downloads/MSFT/1769900754.json
[2026-02-03T22:12:01.145+0000] {logging_mixin.py:188} INFO - Downloaded MSFT/1769900755.json -> /tmp/minio_downloads/MSFT/1769900755.json
[2026-02-03T22:12:01.149+0000] {logging_mixin.py:188} INFO - Downloaded MSFT/1769900756.json -> /tmp/minio_downloads/MSFT/1769900756.json
[2026-02-03T22:12:01.154+0000] {logging_mixin.py:188} INFO - Downloaded MSFT/1769900757.json -> /tmp/minio_downloads/MSFT/1769900757.json
[2026-02-03T22:12:01.159+0000] {logging_mixin.py:188} INFO - Downloaded MSFT/1769900758.json -> /tmp/minio_downloads/MSFT/1769900758.json
[2026-02-03T22:12:01.163+0000] {logging_mixin.py:188} INFO - Downloaded MSFT/1769900759.json -> /tmp/minio_downloads/MSFT/1769900759.json
[2026-02-03T22:12:01.167+0000] {logging_mixin.py:188} INFO - Downloaded MSFT/1769900760.json -> /tmp/minio_downloads/MSFT/1769900760.json
[2026-02-03T22:12:01.172+0000] {logging_mixin.py:188} INFO - Downloaded MSFT/1769900761.json -> /tmp/minio_downloads/MSFT/1769900761.json
[2026-02-03T22:12:01.177+0000] {logging_mixin.py:188} INFO - Downloaded MSFT/1769900762.json -> /tmp/minio_downloads/MSFT/1769900762.json
[2026-02-03T22:12:01.181+0000] {logging_mixin.py:188} INFO - Downloaded MSFT/1769900763.json -> /tmp/minio_downloads/MSFT/1769900763.json
[2026-02-03T22:12:01.185+0000] {logging_mixin.py:188} INFO - Downloaded MSFT/1769900764.json -> /tmp/minio_downloads/MSFT/1769900764.json
[2026-02-03T22:12:01.190+0000] {logging_mixin.py:188} INFO - Downloaded MSFT/1769900765.json -> /tmp/minio_downloads/MSFT/1769900765.json
[2026-02-03T22:12:01.195+0000] {logging_mixin.py:188} INFO - Downloaded MSFT/1769900766.json -> /tmp/minio_downloads/MSFT/1769900766.json
[2026-02-03T22:12:01.199+0000] {logging_mixin.py:188} INFO - Downloaded TSLA/1769900678.json -> /tmp/minio_downloads/TSLA/1769900678.json
[2026-02-03T22:12:01.204+0000] {logging_mixin.py:188} INFO - Downloaded TSLA/1769900679.json -> /tmp/minio_downloads/TSLA/1769900679.json
[2026-02-03T22:12:01.209+0000] {logging_mixin.py:188} INFO - Downloaded TSLA/1769900680.json -> /tmp/minio_downloads/TSLA/1769900680.json
[2026-02-03T22:12:01.214+0000] {logging_mixin.py:188} INFO - Downloaded TSLA/1769900681.json -> /tmp/minio_downloads/TSLA/1769900681.json
[2026-02-03T22:12:01.218+0000] {logging_mixin.py:188} INFO - Downloaded TSLA/1769900682.json -> /tmp/minio_downloads/TSLA/1769900682.json
[2026-02-03T22:12:01.222+0000] {logging_mixin.py:188} INFO - Downloaded TSLA/1769900683.json -> /tmp/minio_downloads/TSLA/1769900683.json
[2026-02-03T22:12:01.227+0000] {logging_mixin.py:188} INFO - Downloaded TSLA/1769900684.json -> /tmp/minio_downloads/TSLA/1769900684.json
[2026-02-03T22:12:01.232+0000] {logging_mixin.py:188} INFO - Downloaded TSLA/1769900685.json -> /tmp/minio_downloads/TSLA/1769900685.json
[2026-02-03T22:12:01.236+0000] {logging_mixin.py:188} INFO - Downloaded TSLA/1769900686.json -> /tmp/minio_downloads/TSLA/1769900686.json
[2026-02-03T22:12:01.240+0000] {logging_mixin.py:188} INFO - Downloaded TSLA/1769900687.json -> /tmp/minio_downloads/TSLA/1769900687.json
[2026-02-03T22:12:01.245+0000] {logging_mixin.py:188} INFO - Downloaded TSLA/1769900688.json -> /tmp/minio_downloads/TSLA/1769900688.json
[2026-02-03T22:12:01.250+0000] {logging_mixin.py:188} INFO - Downloaded TSLA/1769900689.json -> /tmp/minio_downloads/TSLA/1769900689.json
[2026-02-03T22:12:01.256+0000] {logging_mixin.py:188} INFO - Downloaded TSLA/1769900690.json -> /tmp/minio_downloads/TSLA/1769900690.json
[2026-02-03T22:12:01.260+0000] {logging_mixin.py:188} INFO - Downloaded TSLA/1769900691.json -> /tmp/minio_downloads/TSLA/1769900691.json
[2026-02-03T22:12:01.266+0000] {logging_mixin.py:188} INFO - Downloaded TSLA/1769900692.json -> /tmp/minio_downloads/TSLA/1769900692.json
[2026-02-03T22:12:01.270+0000] {logging_mixin.py:188} INFO - Downloaded TSLA/1769900693.json -> /tmp/minio_downloads/TSLA/1769900693.json
[2026-02-03T22:12:01.275+0000] {logging_mixin.py:188} INFO - Downloaded TSLA/1769900694.json -> /tmp/minio_downloads/TSLA/1769900694.json
[2026-02-03T22:12:01.280+0000] {logging_mixin.py:188} INFO - Downloaded TSLA/1769900695.json -> /tmp/minio_downloads/TSLA/1769900695.json
[2026-02-03T22:12:01.285+0000] {logging_mixin.py:188} INFO - Downloaded TSLA/1769900696.json -> /tmp/minio_downloads/TSLA/1769900696.json
[2026-02-03T22:12:01.290+0000] {logging_mixin.py:188} INFO - Downloaded TSLA/1769900697.json -> /tmp/minio_downloads/TSLA/1769900697.json
[2026-02-03T22:12:01.294+0000] {logging_mixin.py:188} INFO - Downloaded TSLA/1769900698.json -> /tmp/minio_downloads/TSLA/1769900698.json
[2026-02-03T22:12:01.298+0000] {logging_mixin.py:188} INFO - Downloaded TSLA/1769900699.json -> /tmp/minio_downloads/TSLA/1769900699.json
[2026-02-03T22:12:01.302+0000] {logging_mixin.py:188} INFO - Downloaded TSLA/1769900700.json -> /tmp/minio_downloads/TSLA/1769900700.json
[2026-02-03T22:12:01.306+0000] {logging_mixin.py:188} INFO - Downloaded TSLA/1769900701.json -> /tmp/minio_downloads/TSLA/1769900701.json
[2026-02-03T22:12:01.311+0000] {logging_mixin.py:188} INFO - Downloaded TSLA/1769900702.json -> /tmp/minio_downloads/TSLA/1769900702.json
[2026-02-03T22:12:01.316+0000] {logging_mixin.py:188} INFO - Downloaded TSLA/1769900703.json -> /tmp/minio_downloads/TSLA/1769900703.json
[2026-02-03T22:12:01.320+0000] {logging_mixin.py:188} INFO - Downloaded TSLA/1769900704.json -> /tmp/minio_downloads/TSLA/1769900704.json
[2026-02-03T22:12:01.325+0000] {logging_mixin.py:188} INFO - Downloaded TSLA/1769900705.json -> /tmp/minio_downloads/TSLA/1769900705.json
[2026-02-03T22:12:01.329+0000] {logging_mixin.py:188} INFO - Downloaded TSLA/1769900706.json -> /tmp/minio_downloads/TSLA/1769900706.json
[2026-02-03T22:12:01.333+0000] {logging_mixin.py:188} INFO - Downloaded TSLA/1769900707.json -> /tmp/minio_downloads/TSLA/1769900707.json
[2026-02-03T22:12:01.338+0000] {logging_mixin.py:188} INFO - Downloaded TSLA/1769900708.json -> /tmp/minio_downloads/TSLA/1769900708.json
[2026-02-03T22:12:01.342+0000] {logging_mixin.py:188} INFO - Downloaded TSLA/1769900709.json -> /tmp/minio_downloads/TSLA/1769900709.json
[2026-02-03T22:12:01.347+0000] {logging_mixin.py:188} INFO - Downloaded TSLA/1769900710.json -> /tmp/minio_downloads/TSLA/1769900710.json
[2026-02-03T22:12:01.351+0000] {logging_mixin.py:188} INFO - Downloaded TSLA/1769900711.json -> /tmp/minio_downloads/TSLA/1769900711.json
[2026-02-03T22:12:01.356+0000] {logging_mixin.py:188} INFO - Downloaded TSLA/1769900712.json -> /tmp/minio_downloads/TSLA/1769900712.json
[2026-02-03T22:12:01.360+0000] {logging_mixin.py:188} INFO - Downloaded TSLA/1769900713.json -> /tmp/minio_downloads/TSLA/1769900713.json
[2026-02-03T22:12:01.365+0000] {logging_mixin.py:188} INFO - Downloaded TSLA/1769900714.json -> /tmp/minio_downloads/TSLA/1769900714.json
[2026-02-03T22:12:01.370+0000] {logging_mixin.py:188} INFO - Downloaded TSLA/1769900715.json -> /tmp/minio_downloads/TSLA/1769900715.json
[2026-02-03T22:12:01.375+0000] {logging_mixin.py:188} INFO - Downloaded TSLA/1769900716.json -> /tmp/minio_downloads/TSLA/1769900716.json
[2026-02-03T22:12:01.380+0000] {logging_mixin.py:188} INFO - Downloaded TSLA/1769900717.json -> /tmp/minio_downloads/TSLA/1769900717.json
[2026-02-03T22:12:01.385+0000] {logging_mixin.py:188} INFO - Downloaded TSLA/1769900718.json -> /tmp/minio_downloads/TSLA/1769900718.json
[2026-02-03T22:12:01.389+0000] {logging_mixin.py:188} INFO - Downloaded TSLA/1769900719.json -> /tmp/minio_downloads/TSLA/1769900719.json
[2026-02-03T22:12:01.394+0000] {logging_mixin.py:188} INFO - Downloaded TSLA/1769900720.json -> /tmp/minio_downloads/TSLA/1769900720.json
[2026-02-03T22:12:01.398+0000] {logging_mixin.py:188} INFO - Downloaded TSLA/1769900721.json -> /tmp/minio_downloads/TSLA/1769900721.json
[2026-02-03T22:12:01.402+0000] {logging_mixin.py:188} INFO - Downloaded TSLA/1769900722.json -> /tmp/minio_downloads/TSLA/1769900722.json
[2026-02-03T22:12:01.407+0000] {logging_mixin.py:188} INFO - Downloaded TSLA/1769900723.json -> /tmp/minio_downloads/TSLA/1769900723.json
[2026-02-03T22:12:01.411+0000] {logging_mixin.py:188} INFO - Downloaded TSLA/1769900724.json -> /tmp/minio_downloads/TSLA/1769900724.json
[2026-02-03T22:12:01.415+0000] {logging_mixin.py:188} INFO - Downloaded TSLA/1769900725.json -> /tmp/minio_downloads/TSLA/1769900725.json
[2026-02-03T22:12:01.419+0000] {logging_mixin.py:188} INFO - Downloaded TSLA/1769900726.json -> /tmp/minio_downloads/TSLA/1769900726.json
[2026-02-03T22:12:01.423+0000] {logging_mixin.py:188} INFO - Downloaded TSLA/1769900727.json -> /tmp/minio_downloads/TSLA/1769900727.json
[2026-02-03T22:12:01.428+0000] {logging_mixin.py:188} INFO - Downloaded TSLA/1769900728.json -> /tmp/minio_downloads/TSLA/1769900728.json
[2026-02-03T22:12:01.432+0000] {logging_mixin.py:188} INFO - Downloaded TSLA/1769900729.json -> /tmp/minio_downloads/TSLA/1769900729.json
[2026-02-03T22:12:01.437+0000] {logging_mixin.py:188} INFO - Downloaded TSLA/1769900730.json -> /tmp/minio_downloads/TSLA/1769900730.json
[2026-02-03T22:12:01.442+0000] {logging_mixin.py:188} INFO - Downloaded TSLA/1769900731.json -> /tmp/minio_downloads/TSLA/1769900731.json
[2026-02-03T22:12:01.446+0000] {logging_mixin.py:188} INFO - Downloaded TSLA/1769900732.json -> /tmp/minio_downloads/TSLA/1769900732.json
[2026-02-03T22:12:01.451+0000] {logging_mixin.py:188} INFO - Downloaded TSLA/1769900733.json -> /tmp/minio_downloads/TSLA/1769900733.json
[2026-02-03T22:12:01.457+0000] {logging_mixin.py:188} INFO - Downloaded TSLA/1769900734.json -> /tmp/minio_downloads/TSLA/1769900734.json
[2026-02-03T22:12:01.461+0000] {logging_mixin.py:188} INFO - Downloaded TSLA/1769900735.json -> /tmp/minio_downloads/TSLA/1769900735.json
[2026-02-03T22:12:01.466+0000] {logging_mixin.py:188} INFO - Downloaded TSLA/1769900736.json -> /tmp/minio_downloads/TSLA/1769900736.json
[2026-02-03T22:12:01.471+0000] {logging_mixin.py:188} INFO - Downloaded TSLA/1769900737.json -> /tmp/minio_downloads/TSLA/1769900737.json
[2026-02-03T22:12:01.477+0000] {logging_mixin.py:188} INFO - Downloaded TSLA/1769900738.json -> /tmp/minio_downloads/TSLA/1769900738.json
[2026-02-03T22:12:01.482+0000] {logging_mixin.py:188} INFO - Downloaded TSLA/1769900739.json -> /tmp/minio_downloads/TSLA/1769900739.json
[2026-02-03T22:12:01.486+0000] {logging_mixin.py:188} INFO - Downloaded TSLA/1769900740.json -> /tmp/minio_downloads/TSLA/1769900740.json
[2026-02-03T22:12:01.491+0000] {logging_mixin.py:188} INFO - Downloaded TSLA/1769900741.json -> /tmp/minio_downloads/TSLA/1769900741.json
[2026-02-03T22:12:01.496+0000] {logging_mixin.py:188} INFO - Downloaded TSLA/1769900742.json -> /tmp/minio_downloads/TSLA/1769900742.json
[2026-02-03T22:12:01.501+0000] {logging_mixin.py:188} INFO - Downloaded TSLA/1769900743.json -> /tmp/minio_downloads/TSLA/1769900743.json
[2026-02-03T22:12:01.505+0000] {logging_mixin.py:188} INFO - Downloaded TSLA/1769900744.json -> /tmp/minio_downloads/TSLA/1769900744.json
[2026-02-03T22:12:01.510+0000] {logging_mixin.py:188} INFO - Downloaded TSLA/1769900745.json -> /tmp/minio_downloads/TSLA/1769900745.json
[2026-02-03T22:12:01.514+0000] {logging_mixin.py:188} INFO - Downloaded TSLA/1769900746.json -> /tmp/minio_downloads/TSLA/1769900746.json
[2026-02-03T22:12:01.519+0000] {logging_mixin.py:188} INFO - Downloaded TSLA/1769900747.json -> /tmp/minio_downloads/TSLA/1769900747.json
[2026-02-03T22:12:01.523+0000] {logging_mixin.py:188} INFO - Downloaded TSLA/1769900748.json -> /tmp/minio_downloads/TSLA/1769900748.json
[2026-02-03T22:12:01.528+0000] {logging_mixin.py:188} INFO - Downloaded TSLA/1769900749.json -> /tmp/minio_downloads/TSLA/1769900749.json
[2026-02-03T22:12:01.532+0000] {logging_mixin.py:188} INFO - Downloaded TSLA/1769900750.json -> /tmp/minio_downloads/TSLA/1769900750.json
[2026-02-03T22:12:01.536+0000] {logging_mixin.py:188} INFO - Downloaded TSLA/1769900751.json -> /tmp/minio_downloads/TSLA/1769900751.json
[2026-02-03T22:12:01.540+0000] {logging_mixin.py:188} INFO - Downloaded TSLA/1769900752.json -> /tmp/minio_downloads/TSLA/1769900752.json
[2026-02-03T22:12:01.545+0000] {logging_mixin.py:188} INFO - Downloaded TSLA/1769900753.json -> /tmp/minio_downloads/TSLA/1769900753.json
[2026-02-03T22:12:01.549+0000] {logging_mixin.py:188} INFO - Downloaded TSLA/1769900754.json -> /tmp/minio_downloads/TSLA/1769900754.json
[2026-02-03T22:12:01.554+0000] {logging_mixin.py:188} INFO - Downloaded TSLA/1769900755.json -> /tmp/minio_downloads/TSLA/1769900755.json
[2026-02-03T22:12:01.558+0000] {logging_mixin.py:188} INFO - Downloaded TSLA/1769900756.json -> /tmp/minio_downloads/TSLA/1769900756.json
[2026-02-03T22:12:01.563+0000] {logging_mixin.py:188} INFO - Downloaded TSLA/1769900757.json -> /tmp/minio_downloads/TSLA/1769900757.json
[2026-02-03T22:12:01.567+0000] {logging_mixin.py:188} INFO - Downloaded TSLA/1769900758.json -> /tmp/minio_downloads/TSLA/1769900758.json
[2026-02-03T22:12:01.571+0000] {logging_mixin.py:188} INFO - Downloaded TSLA/1769900759.json -> /tmp/minio_downloads/TSLA/1769900759.json
[2026-02-03T22:12:01.576+0000] {logging_mixin.py:188} INFO - Downloaded TSLA/1769900760.json -> /tmp/minio_downloads/TSLA/1769900760.json
[2026-02-03T22:12:01.581+0000] {logging_mixin.py:188} INFO - Downloaded TSLA/1769900761.json -> /tmp/minio_downloads/TSLA/1769900761.json
[2026-02-03T22:12:01.585+0000] {logging_mixin.py:188} INFO - Downloaded TSLA/1769900762.json -> /tmp/minio_downloads/TSLA/1769900762.json
[2026-02-03T22:12:01.590+0000] {logging_mixin.py:188} INFO - Downloaded TSLA/1769900763.json -> /tmp/minio_downloads/TSLA/1769900763.json
[2026-02-03T22:12:01.595+0000] {logging_mixin.py:188} INFO - Downloaded TSLA/1769900764.json -> /tmp/minio_downloads/TSLA/1769900764.json
[2026-02-03T22:12:01.599+0000] {logging_mixin.py:188} INFO - Downloaded TSLA/1769900765.json -> /tmp/minio_downloads/TSLA/1769900765.json
[2026-02-03T22:12:01.604+0000] {logging_mixin.py:188} INFO - Downloaded TSLA/1769900766.json -> /tmp/minio_downloads/TSLA/1769900766.json
[2026-02-03T22:12:01.605+0000] {python.py:237} INFO - Done. Returned value was: ['/tmp/minio_downloads/AAPL/1769900678.json', '/tmp/minio_downloads/AAPL/1769900679.json', '/tmp/minio_downloads/AAPL/1769900680.json', '/tmp/minio_downloads/AAPL/1769900681.json', '/tmp/minio_downloads/AAPL/1769900682.json', '/tmp/minio_downloads/AAPL/1769900683.json', '/tmp/minio_downloads/AAPL/1769900684.json', '/tmp/minio_downloads/AAPL/1769900685.json', '/tmp/minio_downloads/AAPL/1769900686.json', '/tmp/minio_downloads/AAPL/1769900687.json', '/tmp/minio_downloads/AAPL/1769900688.json', '/tmp/minio_downloads/AAPL/1769900689.json', '/tmp/minio_downloads/AAPL/1769900690.json', '/tmp/minio_downloads/AAPL/1769900691.json', '/tmp/minio_downloads/AAPL/1769900692.json', '/tmp/minio_downloads/AAPL/1769900693.json', '/tmp/minio_downloads/AAPL/1769900694.json', '/tmp/minio_downloads/AAPL/1769900695.json', '/tmp/minio_downloads/AAPL/1769900696.json', '/tmp/minio_downloads/AAPL/1769900697.json', '/tmp/minio_downloads/AAPL/1769900698.json', '/tmp/minio_downloads/AAPL/1769900699.json', '/tmp/minio_downloads/AAPL/1769900700.json', '/tmp/minio_downloads/AAPL/1769900701.json', '/tmp/minio_downloads/AAPL/1769900702.json', '/tmp/minio_downloads/AAPL/1769900703.json', '/tmp/minio_downloads/AAPL/1769900704.json', '/tmp/minio_downloads/AAPL/1769900705.json', '/tmp/minio_downloads/AAPL/1769900706.json', '/tmp/minio_downloads/AAPL/1769900707.json', '/tmp/minio_downloads/AAPL/1769900708.json', '/tmp/minio_downloads/AAPL/1769900709.json', '/tmp/minio_downloads/AAPL/1769900710.json', '/tmp/minio_downloads/AAPL/1769900711.json', '/tmp/minio_downloads/AAPL/1769900712.json', '/tmp/minio_downloads/AAPL/1769900713.json', '/tmp/minio_downloads/AAPL/1769900714.json', '/tmp/minio_downloads/AAPL/1769900715.json', '/tmp/minio_downloads/AAPL/1769900716.json', '/tmp/minio_downloads/AAPL/1769900717.json', '/tmp/minio_downloads/AAPL/1769900718.json', '/tmp/minio_downloads/AAPL/1769900719.json', '/tmp/minio_downloads/AAPL/1769900720.json', '/tmp/minio_downloads/AAPL/1769900721.json', '/tmp/minio_downloads/AAPL/1769900722.json', '/tmp/minio_downloads/AAPL/1769900723.json', '/tmp/minio_downloads/AAPL/1769900724.json', '/tmp/minio_downloads/AAPL/1769900725.json', '/tmp/minio_downloads/AAPL/1769900726.json', '/tmp/minio_downloads/AAPL/1769900727.json', '/tmp/minio_downloads/AAPL/1769900728.json', '/tmp/minio_downloads/AAPL/1769900729.json', '/tmp/minio_downloads/AAPL/1769900730.json', '/tmp/minio_downloads/AAPL/1769900731.json', '/tmp/minio_downloads/AAPL/1769900732.json', '/tmp/minio_downloads/AAPL/1769900733.json', '/tmp/minio_downloads/AAPL/1769900734.json', '/tmp/minio_downloads/AAPL/1769900735.json', '/tmp/minio_downloads/AAPL/1769900736.json', '/tmp/minio_downloads/AAPL/1769900737.json', '/tmp/minio_downloads/AAPL/1769900738.json', '/tmp/minio_downloads/AAPL/1769900739.json', '/tmp/minio_downloads/AAPL/1769900740.json', '/tmp/minio_downloads/AAPL/1769900741.json', '/tmp/minio_downloads/AAPL/1769900742.json', '/tmp/minio_downloads/AAPL/1769900743.json', '/tmp/minio_downloads/AAPL/1769900744.json', '/tmp/minio_downloads/AAPL/1769900745.json', '/tmp/minio_downloads/AAPL/1769900746.json', '/tmp/minio_downloads/AAPL/1769900747.json', '/tmp/minio_downloads/AAPL/1769900748.json', '/tmp/minio_downloads/AAPL/1769900749.json', '/tmp/minio_downloads/AAPL/1769900750.json', '/tmp/minio_downloads/AAPL/1769900751.json', '/tmp/minio_downloads/AAPL/1769900752.json', '/tmp/minio_downloads/AAPL/1769900753.json', '/tmp/minio_downloads/AAPL/1769900754.json', '/tmp/minio_downloads/AAPL/1769900755.json', '/tmp/minio_downloads/AAPL/1769900756.json', '/tmp/minio_downloads/AAPL/1769900757.json', '/tmp/minio_downloads/AAPL/1769900758.json', '/tmp/minio_downloads/AAPL/1769900759.json', '/tmp/minio_downloads/AAPL/1769900760.json', '/tmp/minio_downloads/AAPL/1769900761.json', '/tmp/minio_downloads/AAPL/1769900762.json', '/tmp/minio_downloads/AAPL/1769900763.json', '/tmp/minio_downloads/AAPL/1769900764.json', '/tmp/minio_downloads/AAPL/1769900765.json', '/tmp/minio_downloads/AAPL/1769900766.json', '/tmp/minio_downloads/AMZN/1769900678.json', '/tmp/minio_downloads/AMZN/1769900679.json', '/tmp/minio_downloads/AMZN/1769900680.json', '/tmp/minio_downloads/AMZN/1769900681.json', '/tmp/minio_downloads/AMZN/1769900682.json', '/tmp/minio_downloads/AMZN/1769900683.json', '/tmp/minio_downloads/AMZN/1769900684.json', '/tmp/minio_downloads/AMZN/1769900685.json', '/tmp/minio_downloads/AMZN/1769900686.json', '/tmp/minio_downloads/AMZN/1769900687.json', '/tmp/minio_downloads/AMZN/1769900688.json', '/tmp/minio_downloads/AMZN/1769900689.json', '/tmp/minio_downloads/AMZN/1769900690.json', '/tmp/minio_downloads/AMZN/1769900691.json', '/tmp/minio_downloads/AMZN/1769900692.json', '/tmp/minio_downloads/AMZN/1769900693.json', '/tmp/minio_downloads/AMZN/1769900694.json', '/tmp/minio_downloads/AMZN/1769900695.json', '/tmp/minio_downloads/AMZN/1769900696.json', '/tmp/minio_downloads/AMZN/1769900697.json', '/tmp/minio_downloads/AMZN/1769900698.json', '/tmp/minio_downloads/AMZN/1769900699.json', '/tmp/minio_downloads/AMZN/1769900700.json', '/tmp/minio_downloads/AMZN/1769900701.json', '/tmp/minio_downloads/AMZN/1769900702.json', '/tmp/minio_downloads/AMZN/1769900703.json', '/tmp/minio_downloads/AMZN/1769900704.json', '/tmp/minio_downloads/AMZN/1769900705.json', '/tmp/minio_downloads/AMZN/1769900706.json', '/tmp/minio_downloads/AMZN/1769900707.json', '/tmp/minio_downloads/AMZN/1769900708.json', '/tmp/minio_downloads/AMZN/1769900709.json', '/tmp/minio_downloads/AMZN/1769900710.json', '/tmp/minio_downloads/AMZN/1769900711.json', '/tmp/minio_downloads/AMZN/1769900712.json', '/tmp/minio_downloads/AMZN/1769900713.json', '/tmp/minio_downloads/AMZN/1769900714.json', '/tmp/minio_downloads/AMZN/1769900715.json', '/tmp/minio_downloads/AMZN/1769900716.json', '/tmp/minio_downloads/AMZN/1769900717.json', '/tmp/minio_downloads/AMZN/1769900718.json', '/tmp/minio_downloads/AMZN/1769900719.json', '/tmp/minio_downloads/AMZN/1769900720.json', '/tmp/minio_downloads/AMZN/1769900721.json', '/tmp/minio_downloads/AMZN/1769900722.json', '/tmp/minio_downloads/AMZN/1769900723.json', '/tmp/minio_downloads/AMZN/1769900724.json', '/tmp/minio_downloads/AMZN/1769900725.json', '/tmp/minio_downloads/AMZN/1769900726.json', '/tmp/minio_downloads/AMZN/1769900727.json', '/tmp/minio_downloads/AMZN/1769900728.json', '/tmp/minio_downloads/AMZN/1769900729.json', '/tmp/minio_downloads/AMZN/1769900730.json', '/tmp/minio_downloads/AMZN/1769900731.json', '/tmp/minio_downloads/AMZN/1769900732.json', '/tmp/minio_downloads/AMZN/1769900733.json', '/tmp/minio_downloads/AMZN/1769900734.json', '/tmp/minio_downloads/AMZN/1769900735.json', '/tmp/minio_downloads/AMZN/1769900736.json', '/tmp/minio_downloads/AMZN/1769900737.json', '/tmp/minio_downloads/AMZN/1769900738.json', '/tmp/minio_downloads/AMZN/1769900739.json', '/tmp/minio_downloads/AMZN/1769900740.json', '/tmp/minio_downloads/AMZN/1769900741.json', '/tmp/minio_downloads/AMZN/1769900742.json', '/tmp/minio_downloads/AMZN/1769900743.json', '/tmp/minio_downloads/AMZN/1769900744.json', '/tmp/minio_downloads/AMZN/1769900745.json', '/tmp/minio_downloads/AMZN/1769900746.json', '/tmp/minio_downloads/AMZN/1769900747.json', '/tmp/minio_downloads/AMZN/1769900748.json', '/tmp/minio_downloads/AMZN/1769900749.json', '/tmp/minio_downloads/AMZN/1769900750.json', '/tmp/minio_downloads/AMZN/1769900751.json', '/tmp/minio_downloads/AMZN/1769900752.json', '/tmp/minio_downloads/AMZN/1769900753.json', '/tmp/minio_downloads/AMZN/1769900754.json', '/tmp/minio_downloads/AMZN/1769900755.json', '/tmp/minio_downloads/AMZN/1769900756.json', '/tmp/minio_downloads/AMZN/1769900757.json', '/tmp/minio_downloads/AMZN/1769900758.json', '/tmp/minio_downloads/AMZN/1769900759.json', '/tmp/minio_downloads/AMZN/1769900760.json', '/tmp/minio_downloads/AMZN/1769900761.json', '/tmp/minio_downloads/AMZN/1769900762.json', '/tmp/minio_downloads/AMZN/1769900763.json', '/tmp/minio_downloads/AMZN/1769900764.json', '/tmp/minio_downloads/AMZN/1769900765.json', '/tmp/minio_downloads/AMZN/1769900766.json', '/tmp/minio_downloads/GOOGL/1769900678.json', '/tmp/minio_downloads/GOOGL/1769900679.json', '/tmp/minio_downloads/GOOGL/1769900680.json', '/tmp/minio_downloads/GOOGL/1769900681.json', '/tmp/minio_downloads/GOOGL/1769900682.json', '/tmp/minio_downloads/GOOGL/1769900683.json', '/tmp/minio_downloads/GOOGL/1769900684.json', '/tmp/minio_downloads/GOOGL/1769900685.json', '/tmp/minio_downloads/GOOGL/1769900686.json', '/tmp/minio_downloads/GOOGL/1769900687.json', '/tmp/minio_downloads/GOOGL/1769900688.json', '/tmp/minio_downloads/GOOGL/1769900689.json', '/tmp/minio_downloads/GOOGL/1769900690.json', '/tmp/minio_downloads/GOOGL/1769900691.json', '/tmp/minio_downloads/GOOGL/1769900692.json', '/tmp/minio_downloads/GOOGL/1769900693.json', '/tmp/minio_downloads/GOOGL/1769900694.json', '/tmp/minio_downloads/GOOGL/1769900695.json', '/tmp/minio_downloads/GOOGL/1769900696.json', '/tmp/minio_downloads/GOOGL/1769900697.json', '/tmp/minio_downloads/GOOGL/1769900698.json', '/tmp/minio_downloads/GOOGL/1769900699.json', '/tmp/minio_downloads/GOOGL/1769900700.json', '/tmp/minio_downloads/GOOGL/1769900701.json', '/tmp/minio_downloads/GOOGL/1769900702.json', '/tmp/minio_downloads/GOOGL/1769900703.json', '/tmp/minio_downloads/GOOGL/1769900704.json', '/tmp/minio_downloads/GOOGL/1769900705.json', '/tmp/minio_downloads/GOOGL/1769900706.json', '/tmp/minio_downloads/GOOGL/1769900707.json', '/tmp/minio_downloads/GOOGL/1769900708.json', '/tmp/minio_downloads/GOOGL/1769900709.json', '/tmp/minio_downloads/GOOGL/1769900710.json', '/tmp/minio_downloads/GOOGL/1769900711.json', '/tmp/minio_downloads/GOOGL/1769900712.json', '/tmp/minio_downloads/GOOGL/1769900713.json', '/tmp/minio_downloads/GOOGL/1769900714.json', '/tmp/minio_downloads/GOOGL/1769900715.json', '/tmp/minio_downloads/GOOGL/1769900716.json', '/tmp/minio_downloads/GOOGL/1769900717.json', '/tmp/minio_downloads/GOOGL/1769900718.json', '/tmp/minio_downloads/GOOGL/1769900719.json', '/tmp/minio_downloads/GOOGL/1769900720.json', '/tmp/minio_downloads/GOOGL/1769900721.json', '/tmp/minio_downloads/GOOGL/1769900722.json', '/tmp/minio_downloads/GOOGL/1769900723.json', '/tmp/minio_downloads/GOOGL/1769900724.json', '/tmp/minio_downloads/GOOGL/1769900725.json', '/tmp/minio_downloads/GOOGL/1769900726.json', '/tmp/minio_downloads/GOOGL/1769900727.json', '/tmp/minio_downloads/GOOGL/1769900728.json', '/tmp/minio_downloads/GOOGL/1769900729.json', '/tmp/minio_downloads/GOOGL/1769900730.json', '/tmp/minio_downloads/GOOGL/1769900731.json', '/tmp/minio_downloads/GOOGL/1769900732.json', '/tmp/minio_downloads/GOOGL/1769900733.json', '/tmp/minio_downloads/GOOGL/1769900734.json', '/tmp/minio_downloads/GOOGL/1769900735.json', '/tmp/minio_downloads/GOOGL/1769900736.json', '/tmp/minio_downloads/GOOGL/1769900737.json', '/tmp/minio_downloads/GOOGL/1769900738.json', '/tmp/minio_downloads/GOOGL/1769900739.json', '/tmp/minio_downloads/GOOGL/1769900740.json', '/tmp/minio_downloads/GOOGL/1769900741.json', '/tmp/minio_downloads/GOOGL/1769900742.json', '/tmp/minio_downloads/GOOGL/1769900743.json', '/tmp/minio_downloads/GOOGL/1769900744.json', '/tmp/minio_downloads/GOOGL/1769900745.json', '/tmp/minio_downloads/GOOGL/1769900746.json', '/tmp/minio_downloads/GOOGL/1769900747.json', '/tmp/minio_downloads/GOOGL/1769900748.json', '/tmp/minio_downloads/GOOGL/1769900749.json', '/tmp/minio_downloads/GOOGL/1769900750.json', '/tmp/minio_downloads/GOOGL/1769900751.json', '/tmp/minio_downloads/GOOGL/1769900752.json', '/tmp/minio_downloads/GOOGL/1769900753.json', '/tmp/minio_downloads/GOOGL/1769900754.json', '/tmp/minio_downloads/GOOGL/1769900755.json', '/tmp/minio_downloads/GOOGL/1769900756.json', '/tmp/minio_downloads/GOOGL/1769900757.json', '/tmp/minio_downloads/GOOGL/1769900758.json', '/tmp/minio_downloads/GOOGL/1769900759.json', '/tmp/minio_downloads/GOOGL/1769900760.json', '/tmp/minio_downloads/GOOGL/1769900761.json', '/tmp/minio_downloads/GOOGL/1769900762.json', '/tmp/minio_downloads/GOOGL/1769900763.json', '/tmp/minio_downloads/GOOGL/1769900764.json', '/tmp/minio_downloads/GOOGL/1769900765.json', '/tmp/minio_downloads/GOOGL/1769900766.json', '/tmp/minio_downloads/MSFT/1769900678.json', '/tmp/minio_downloads/MSFT/1769900679.json', '/tmp/minio_downloads/MSFT/1769900680.json', '/tmp/minio_downloads/MSFT/1769900681.json', '/tmp/minio_downloads/MSFT/1769900682.json', '/tmp/minio_downloads/MSFT/1769900683.json', '/tmp/minio_downloads/MSFT/1769900684.json', '/tmp/minio_downloads/MSFT/1769900685.json', '/tmp/minio_downloads/MSFT/1769900686.json', '/tmp/minio_downloads/MSFT/1769900687.json', '/tmp/minio_downloads/MSFT/1769900688.json', '/tmp/minio_downloads/MSFT/1769900689.json', '/tmp/minio_downloads/MSFT/1769900690.json', '/tmp/minio_downloads/MSFT/1769900691.json', '/tmp/minio_downloads/MSFT/1769900692.json', '/tmp/minio_downloads/MSFT/1769900693.json', '/tmp/minio_downloads/MSFT/1769900694.json', '/tmp/minio_downloads/MSFT/1769900695.json', '/tmp/minio_downloads/MSFT/1769900696.json', '/tmp/minio_downloads/MSFT/1769900697.json', '/tmp/minio_downloads/MSFT/1769900698.json', '/tmp/minio_downloads/MSFT/1769900699.json', '/tmp/minio_downloads/MSFT/1769900700.json', '/tmp/minio_downloads/MSFT/1769900701.json', '/tmp/minio_downloads/MSFT/1769900702.json', '/tmp/minio_downloads/MSFT/1769900703.json', '/tmp/minio_downloads/MSFT/1769900704.json', '/tmp/minio_downloads/MSFT/1769900705.json', '/tmp/minio_downloads/MSFT/1769900706.json', '/tmp/minio_downloads/MSFT/1769900707.json', '/tmp/minio_downloads/MSFT/1769900708.json', '/tmp/minio_downloads/MSFT/1769900709.json', '/tmp/minio_downloads/MSFT/1769900710.json', '/tmp/minio_downloads/MSFT/1769900711.json', '/tmp/minio_downloads/MSFT/1769900712.json', '/tmp/minio_downloads/MSFT/1769900713.json', '/tmp/minio_downloads/MSFT/1769900714.json', '/tmp/minio_downloads/MSFT/1769900715.json', '/tmp/minio_downloads/MSFT/1769900716.json', '/tmp/minio_downloads/MSFT/1769900717.json', '/tmp/minio_downloads/MSFT/1769900718.json', '/tmp/minio_downloads/MSFT/1769900719.json', '/tmp/minio_downloads/MSFT/1769900720.json', '/tmp/minio_downloads/MSFT/1769900721.json', '/tmp/minio_downloads/MSFT/1769900722.json', '/tmp/minio_downloads/MSFT/1769900723.json', '/tmp/minio_downloads/MSFT/1769900724.json', '/tmp/minio_downloads/MSFT/1769900725.json', '/tmp/minio_downloads/MSFT/1769900726.json', '/tmp/minio_downloads/MSFT/1769900727.json', '/tmp/minio_downloads/MSFT/1769900728.json', '/tmp/minio_downloads/MSFT/1769900729.json', '/tmp/minio_downloads/MSFT/1769900730.json', '/tmp/minio_downloads/MSFT/1769900731.json', '/tmp/minio_downloads/MSFT/1769900732.json', '/tmp/minio_downloads/MSFT/1769900733.json', '/tmp/minio_downloads/MSFT/1769900734.json', '/tmp/minio_downloads/MSFT/1769900735.json', '/tmp/minio_downloads/MSFT/1769900736.json', '/tmp/minio_downloads/MSFT/1769900737.json', '/tmp/minio_downloads/MSFT/1769900738.json', '/tmp/minio_downloads/MSFT/1769900739.json', '/tmp/minio_downloads/MSFT/1769900740.json', '/tmp/minio_downloads/MSFT/1769900741.json', '/tmp/minio_downloads/MSFT/1769900742.json', '/tmp/minio_downloads/MSFT/1769900743.json', '/tmp/minio_downloads/MSFT/1769900744.json', '/tmp/minio_downloads/MSFT/1769900745.json', '/tmp/minio_downloads/MSFT/1769900746.json', '/tmp/minio_downloads/MSFT/1769900747.json', '/tmp/minio_downloads/MSFT/1769900748.json', '/tmp/minio_downloads/MSFT/1769900749.json', '/tmp/minio_downloads/MSFT/1769900750.json', '/tmp/minio_downloads/MSFT/1769900751.json', '/tmp/minio_downloads/MSFT/1769900752.json', '/tmp/minio_downloads/MSFT/1769900753.json', '/tmp/minio_downloads/MSFT/1769900754.json', '/tmp/minio_downloads/MSFT/1769900755.json', '/tmp/minio_downloads/MSFT/1769900756.json', '/tmp/minio_downloads/MSFT/1769900757.json', '/tmp/minio_downloads/MSFT/1769900758.json', '/tmp/minio_downloads/MSFT/1769900759.json', '/tmp/minio_downloads/MSFT/1769900760.json', '/tmp/minio_downloads/MSFT/1769900761.json', '/tmp/minio_downloads/MSFT/1769900762.json', '/tmp/minio_downloads/MSFT/1769900763.json', '/tmp/minio_downloads/MSFT/1769900764.json', '/tmp/minio_downloads/MSFT/1769900765.json', '/tmp/minio_downloads/MSFT/1769900766.json', '/tmp/minio_downloads/TSLA/1769900678.json', '/tmp/minio_downloads/TSLA/1769900679.json', '/tmp/minio_downloads/TSLA/1769900680.json', '/tmp/minio_downloads/TSLA/1769900681.json', '/tmp/minio_downloads/TSLA/1769900682.json', '/tmp/minio_downloads/TSLA/1769900683.json', '/tmp/minio_downloads/TSLA/1769900684.json', '/tmp/minio_downloads/TSLA/1769900685.json', '/tmp/minio_downloads/TSLA/1769900686.json', '/tmp/minio_downloads/TSLA/1769900687.json', '/tmp/minio_downloads/TSLA/1769900688.json', '/tmp/minio_downloads/TSLA/1769900689.json', '/tmp/minio_downloads/TSLA/1769900690.json', '/tmp/minio_downloads/TSLA/1769900691.json', '/tmp/minio_downloads/TSLA/1769900692.json', '/tmp/minio_downloads/TSLA/1769900693.json', '/tmp/minio_downloads/TSLA/1769900694.json', '/tmp/minio_downloads/TSLA/1769900695.json', '/tmp/minio_downloads/TSLA/1769900696.json', '/tmp/minio_downloads/TSLA/1769900697.json', '/tmp/minio_downloads/TSLA/1769900698.json', '/tmp/minio_downloads/TSLA/1769900699.json', '/tmp/minio_downloads/TSLA/1769900700.json', '/tmp/minio_downloads/TSLA/1769900701.json', '/tmp/minio_downloads/TSLA/1769900702.json', '/tmp/minio_downloads/TSLA/1769900703.json', '/tmp/minio_downloads/TSLA/1769900704.json', '/tmp/minio_downloads/TSLA/1769900705.json', '/tmp/minio_downloads/TSLA/1769900706.json', '/tmp/minio_downloads/TSLA/1769900707.json', '/tmp/minio_downloads/TSLA/1769900708.json', '/tmp/minio_downloads/TSLA/1769900709.json', '/tmp/minio_downloads/TSLA/1769900710.json', '/tmp/minio_downloads/TSLA/1769900711.json', '/tmp/minio_downloads/TSLA/1769900712.json', '/tmp/minio_downloads/TSLA/1769900713.json', '/tmp/minio_downloads/TSLA/1769900714.json', '/tmp/minio_downloads/TSLA/1769900715.json', '/tmp/minio_downloads/TSLA/1769900716.json', '/tmp/minio_downloads/TSLA/1769900717.json', '/tmp/minio_downloads/TSLA/1769900718.json', '/tmp/minio_downloads/TSLA/1769900719.json', '/tmp/minio_downloads/TSLA/1769900720.json', '/tmp/minio_downloads/TSLA/1769900721.json', '/tmp/minio_downloads/TSLA/1769900722.json', '/tmp/minio_downloads/TSLA/1769900723.json', '/tmp/minio_downloads/TSLA/1769900724.json', '/tmp/minio_downloads/TSLA/1769900725.json', '/tmp/minio_downloads/TSLA/1769900726.json', '/tmp/minio_downloads/TSLA/1769900727.json', '/tmp/minio_downloads/TSLA/1769900728.json', '/tmp/minio_downloads/TSLA/1769900729.json', '/tmp/minio_downloads/TSLA/1769900730.json', '/tmp/minio_downloads/TSLA/1769900731.json', '/tmp/minio_downloads/TSLA/1769900732.json', '/tmp/minio_downloads/TSLA/1769900733.json', '/tmp/minio_downloads/TSLA/1769900734.json', '/tmp/minio_downloads/TSLA/1769900735.json', '/tmp/minio_downloads/TSLA/1769900736.json', '/tmp/minio_downloads/TSLA/1769900737.json', '/tmp/minio_downloads/TSLA/1769900738.json', '/tmp/minio_downloads/TSLA/1769900739.json', '/tmp/minio_downloads/TSLA/1769900740.json', '/tmp/minio_downloads/TSLA/1769900741.json', '/tmp/minio_downloads/TSLA/1769900742.json', '/tmp/minio_downloads/TSLA/1769900743.json', '/tmp/minio_downloads/TSLA/1769900744.json', '/tmp/minio_downloads/TSLA/1769900745.json', '/tmp/minio_downloads/TSLA/1769900746.json', '/tmp/minio_downloads/TSLA/1769900747.json', '/tmp/minio_downloads/TSLA/1769900748.json', '/tmp/minio_downloads/TSLA/1769900749.json', '/tmp/minio_downloads/TSLA/1769900750.json', '/tmp/minio_downloads/TSLA/1769900751.json', '/tmp/minio_downloads/TSLA/1769900752.json', '/tmp/minio_downloads/TSLA/1769900753.json', '/tmp/minio_downloads/TSLA/1769900754.json', '/tmp/minio_downloads/TSLA/1769900755.json', '/tmp/minio_downloads/TSLA/1769900756.json', '/tmp/minio_downloads/TSLA/1769900757.json', '/tmp/minio_downloads/TSLA/1769900758.json', '/tmp/minio_downloads/TSLA/1769900759.json', '/tmp/minio_downloads/TSLA/1769900760.json', '/tmp/minio_downloads/TSLA/1769900761.json', '/tmp/minio_downloads/TSLA/1769900762.json', '/tmp/minio_downloads/TSLA/1769900763.json', '/tmp/minio_downloads/TSLA/1769900764.json', '/tmp/minio_downloads/TSLA/1769900765.json', '/tmp/minio_downloads/TSLA/1769900766.json']
[2026-02-03T22:12:01.606+0000] {taskinstance.py:441} INFO - ::group::Post task execution logs
[2026-02-03T22:12:01.626+0000] {taskinstance.py:1206} INFO - Marking task as SUCCESS. dag_id=minio_to_snowflake, task_id=download_minio, run_id=scheduled__2026-02-03T22:10:00+00:00, execution_date=20260203T221000, start_date=20260203T221159, end_date=20260203T221201
[2026-02-03T22:12:01.642+0000] {local_task_job_runner.py:243} INFO - Task exited with return code 0
[2026-02-03T22:12:01.656+0000] {taskinstance.py:3503} INFO - 1 downstream tasks scheduled from follow-on schedule check
[2026-02-03T22:12:01.658+0000] {local_task_job_runner.py:222} INFO - ::endgroup::
