[2026-02-03T18:53:28.355+0000] {local_task_job_runner.py:120} INFO - ::group::Pre task execution logs
[2026-02-03T18:53:28.378+0000] {taskinstance.py:2076} INFO - Dependencies all met for dep_context=non-requeueable deps ti=<TaskInstance: minio_to_snowflake.download_minio scheduled__2026-02-03T18:52:00+00:00 [queued]>
[2026-02-03T18:53:28.385+0000] {taskinstance.py:2076} INFO - Dependencies all met for dep_context=requeueable deps ti=<TaskInstance: minio_to_snowflake.download_minio scheduled__2026-02-03T18:52:00+00:00 [queued]>
[2026-02-03T18:53:28.386+0000] {taskinstance.py:2306} INFO - Starting attempt 1 of 2
[2026-02-03T18:53:28.395+0000] {taskinstance.py:2330} INFO - Executing <Task(PythonOperator): download_minio> on 2026-02-03 18:52:00+00:00
[2026-02-03T18:53:28.403+0000] {standard_task_runner.py:90} INFO - Running: ['***', 'tasks', 'run', 'minio_to_snowflake', 'download_minio', 'scheduled__2026-02-03T18:52:00+00:00', '--job-id', '202', '--raw', '--subdir', 'DAGS_FOLDER/minio_to_snowflake.py', '--cfg-path', '/tmp/tmpoa3sg8bb']
[2026-02-03T18:53:28.405+0000] {standard_task_runner.py:91} INFO - Job 202: Subtask download_minio
[2026-02-03T18:53:28.405+0000] {logging_mixin.py:188} WARNING - /home/***/.local/lib/python3.12/site-packages/***/task/task_runner/standard_task_runner.py:62 DeprecationWarning: This process (pid=10445) is multi-threaded, use of fork() may lead to deadlocks in the child.
[2026-02-03T18:53:28.406+0000] {standard_task_runner.py:64} INFO - Started process 10469 to run task
[2026-02-03T18:53:28.464+0000] {task_command.py:426} INFO - Running <TaskInstance: minio_to_snowflake.download_minio scheduled__2026-02-03T18:52:00+00:00 [running]> on host e6e1c513bfd4
[2026-02-03T18:53:28.532+0000] {taskinstance.py:2648} INFO - Exporting env vars: AIRFLOW_CTX_DAG_OWNER='***' AIRFLOW_CTX_DAG_ID='minio_to_snowflake' AIRFLOW_CTX_TASK_ID='download_minio' AIRFLOW_CTX_EXECUTION_DATE='2026-02-03T18:52:00+00:00' AIRFLOW_CTX_TRY_NUMBER='1' AIRFLOW_CTX_DAG_RUN_ID='scheduled__2026-02-03T18:52:00+00:00'
[2026-02-03T18:53:28.533+0000] {taskinstance.py:430} INFO - ::endgroup::
[2026-02-03T18:53:28.836+0000] {logging_mixin.py:188} INFO - Downloaded AAPL/1769900678.json -> /tmp/minio_downloads/1769900678.json
[2026-02-03T18:53:28.843+0000] {logging_mixin.py:188} INFO - Downloaded AAPL/1769900679.json -> /tmp/minio_downloads/1769900679.json
[2026-02-03T18:53:28.849+0000] {logging_mixin.py:188} INFO - Downloaded AAPL/1769900680.json -> /tmp/minio_downloads/1769900680.json
[2026-02-03T18:53:28.855+0000] {logging_mixin.py:188} INFO - Downloaded AAPL/1769900681.json -> /tmp/minio_downloads/1769900681.json
[2026-02-03T18:53:28.861+0000] {logging_mixin.py:188} INFO - Downloaded AAPL/1769900682.json -> /tmp/minio_downloads/1769900682.json
[2026-02-03T18:53:28.868+0000] {logging_mixin.py:188} INFO - Downloaded AAPL/1769900683.json -> /tmp/minio_downloads/1769900683.json
[2026-02-03T18:53:28.873+0000] {logging_mixin.py:188} INFO - Downloaded AAPL/1769900684.json -> /tmp/minio_downloads/1769900684.json
[2026-02-03T18:53:28.879+0000] {logging_mixin.py:188} INFO - Downloaded AAPL/1769900685.json -> /tmp/minio_downloads/1769900685.json
[2026-02-03T18:53:28.885+0000] {logging_mixin.py:188} INFO - Downloaded AAPL/1769900686.json -> /tmp/minio_downloads/1769900686.json
[2026-02-03T18:53:28.892+0000] {logging_mixin.py:188} INFO - Downloaded AAPL/1769900687.json -> /tmp/minio_downloads/1769900687.json
[2026-02-03T18:53:28.897+0000] {logging_mixin.py:188} INFO - Downloaded AAPL/1769900688.json -> /tmp/minio_downloads/1769900688.json
[2026-02-03T18:53:28.904+0000] {logging_mixin.py:188} INFO - Downloaded AAPL/1769900689.json -> /tmp/minio_downloads/1769900689.json
[2026-02-03T18:53:28.911+0000] {logging_mixin.py:188} INFO - Downloaded AAPL/1769900690.json -> /tmp/minio_downloads/1769900690.json
[2026-02-03T18:53:28.918+0000] {logging_mixin.py:188} INFO - Downloaded AAPL/1769900691.json -> /tmp/minio_downloads/1769900691.json
[2026-02-03T18:53:28.925+0000] {logging_mixin.py:188} INFO - Downloaded AAPL/1769900692.json -> /tmp/minio_downloads/1769900692.json
[2026-02-03T18:53:28.932+0000] {logging_mixin.py:188} INFO - Downloaded AAPL/1769900693.json -> /tmp/minio_downloads/1769900693.json
[2026-02-03T18:53:28.938+0000] {logging_mixin.py:188} INFO - Downloaded AAPL/1769900694.json -> /tmp/minio_downloads/1769900694.json
[2026-02-03T18:53:28.945+0000] {logging_mixin.py:188} INFO - Downloaded AAPL/1769900695.json -> /tmp/minio_downloads/1769900695.json
[2026-02-03T18:53:28.950+0000] {logging_mixin.py:188} INFO - Downloaded AAPL/1769900696.json -> /tmp/minio_downloads/1769900696.json
[2026-02-03T18:53:28.956+0000] {logging_mixin.py:188} INFO - Downloaded AAPL/1769900697.json -> /tmp/minio_downloads/1769900697.json
[2026-02-03T18:53:28.961+0000] {logging_mixin.py:188} INFO - Downloaded AAPL/1769900698.json -> /tmp/minio_downloads/1769900698.json
[2026-02-03T18:53:28.967+0000] {logging_mixin.py:188} INFO - Downloaded AAPL/1769900699.json -> /tmp/minio_downloads/1769900699.json
[2026-02-03T18:53:28.974+0000] {logging_mixin.py:188} INFO - Downloaded AAPL/1769900700.json -> /tmp/minio_downloads/1769900700.json
[2026-02-03T18:53:28.980+0000] {logging_mixin.py:188} INFO - Downloaded AAPL/1769900701.json -> /tmp/minio_downloads/1769900701.json
[2026-02-03T18:53:28.985+0000] {logging_mixin.py:188} INFO - Downloaded AAPL/1769900702.json -> /tmp/minio_downloads/1769900702.json
[2026-02-03T18:53:28.991+0000] {logging_mixin.py:188} INFO - Downloaded AAPL/1769900703.json -> /tmp/minio_downloads/1769900703.json
[2026-02-03T18:53:28.997+0000] {logging_mixin.py:188} INFO - Downloaded AAPL/1769900704.json -> /tmp/minio_downloads/1769900704.json
[2026-02-03T18:53:29.003+0000] {logging_mixin.py:188} INFO - Downloaded AAPL/1769900705.json -> /tmp/minio_downloads/1769900705.json
[2026-02-03T18:53:29.009+0000] {logging_mixin.py:188} INFO - Downloaded AAPL/1769900706.json -> /tmp/minio_downloads/1769900706.json
[2026-02-03T18:53:29.014+0000] {logging_mixin.py:188} INFO - Downloaded AAPL/1769900707.json -> /tmp/minio_downloads/1769900707.json
[2026-02-03T18:53:29.020+0000] {logging_mixin.py:188} INFO - Downloaded AAPL/1769900708.json -> /tmp/minio_downloads/1769900708.json
[2026-02-03T18:53:29.025+0000] {logging_mixin.py:188} INFO - Downloaded AAPL/1769900709.json -> /tmp/minio_downloads/1769900709.json
[2026-02-03T18:53:29.031+0000] {logging_mixin.py:188} INFO - Downloaded AAPL/1769900710.json -> /tmp/minio_downloads/1769900710.json
[2026-02-03T18:53:29.037+0000] {logging_mixin.py:188} INFO - Downloaded AAPL/1769900711.json -> /tmp/minio_downloads/1769900711.json
[2026-02-03T18:53:29.042+0000] {logging_mixin.py:188} INFO - Downloaded AAPL/1769900712.json -> /tmp/minio_downloads/1769900712.json
[2026-02-03T18:53:29.048+0000] {logging_mixin.py:188} INFO - Downloaded AAPL/1769900713.json -> /tmp/minio_downloads/1769900713.json
[2026-02-03T18:53:29.053+0000] {logging_mixin.py:188} INFO - Downloaded AAPL/1769900714.json -> /tmp/minio_downloads/1769900714.json
[2026-02-03T18:53:29.059+0000] {logging_mixin.py:188} INFO - Downloaded AAPL/1769900715.json -> /tmp/minio_downloads/1769900715.json
[2026-02-03T18:53:29.066+0000] {logging_mixin.py:188} INFO - Downloaded AAPL/1769900716.json -> /tmp/minio_downloads/1769900716.json
[2026-02-03T18:53:29.071+0000] {logging_mixin.py:188} INFO - Downloaded AAPL/1769900717.json -> /tmp/minio_downloads/1769900717.json
[2026-02-03T18:53:29.077+0000] {logging_mixin.py:188} INFO - Downloaded AAPL/1769900718.json -> /tmp/minio_downloads/1769900718.json
[2026-02-03T18:53:29.083+0000] {logging_mixin.py:188} INFO - Downloaded AAPL/1769900719.json -> /tmp/minio_downloads/1769900719.json
[2026-02-03T18:53:29.089+0000] {logging_mixin.py:188} INFO - Downloaded AAPL/1769900720.json -> /tmp/minio_downloads/1769900720.json
[2026-02-03T18:53:29.094+0000] {logging_mixin.py:188} INFO - Downloaded AAPL/1769900721.json -> /tmp/minio_downloads/1769900721.json
[2026-02-03T18:53:29.100+0000] {logging_mixin.py:188} INFO - Downloaded AAPL/1769900722.json -> /tmp/minio_downloads/1769900722.json
[2026-02-03T18:53:29.105+0000] {logging_mixin.py:188} INFO - Downloaded AAPL/1769900723.json -> /tmp/minio_downloads/1769900723.json
[2026-02-03T18:53:29.111+0000] {logging_mixin.py:188} INFO - Downloaded AAPL/1769900724.json -> /tmp/minio_downloads/1769900724.json
[2026-02-03T18:53:29.117+0000] {logging_mixin.py:188} INFO - Downloaded AAPL/1769900725.json -> /tmp/minio_downloads/1769900725.json
[2026-02-03T18:53:29.122+0000] {logging_mixin.py:188} INFO - Downloaded AAPL/1769900726.json -> /tmp/minio_downloads/1769900726.json
[2026-02-03T18:53:29.129+0000] {logging_mixin.py:188} INFO - Downloaded AAPL/1769900727.json -> /tmp/minio_downloads/1769900727.json
[2026-02-03T18:53:29.135+0000] {logging_mixin.py:188} INFO - Downloaded AAPL/1769900728.json -> /tmp/minio_downloads/1769900728.json
[2026-02-03T18:53:29.141+0000] {logging_mixin.py:188} INFO - Downloaded AAPL/1769900729.json -> /tmp/minio_downloads/1769900729.json
[2026-02-03T18:53:29.147+0000] {logging_mixin.py:188} INFO - Downloaded AAPL/1769900730.json -> /tmp/minio_downloads/1769900730.json
[2026-02-03T18:53:29.153+0000] {logging_mixin.py:188} INFO - Downloaded AAPL/1769900731.json -> /tmp/minio_downloads/1769900731.json
[2026-02-03T18:53:29.158+0000] {logging_mixin.py:188} INFO - Downloaded AAPL/1769900732.json -> /tmp/minio_downloads/1769900732.json
[2026-02-03T18:53:29.164+0000] {logging_mixin.py:188} INFO - Downloaded AAPL/1769900733.json -> /tmp/minio_downloads/1769900733.json
[2026-02-03T18:53:29.170+0000] {logging_mixin.py:188} INFO - Downloaded AAPL/1769900734.json -> /tmp/minio_downloads/1769900734.json
[2026-02-03T18:53:29.176+0000] {logging_mixin.py:188} INFO - Downloaded AAPL/1769900735.json -> /tmp/minio_downloads/1769900735.json
[2026-02-03T18:53:29.182+0000] {logging_mixin.py:188} INFO - Downloaded AAPL/1769900736.json -> /tmp/minio_downloads/1769900736.json
[2026-02-03T18:53:29.188+0000] {logging_mixin.py:188} INFO - Downloaded AAPL/1769900737.json -> /tmp/minio_downloads/1769900737.json
[2026-02-03T18:53:29.195+0000] {logging_mixin.py:188} INFO - Downloaded AAPL/1769900738.json -> /tmp/minio_downloads/1769900738.json
[2026-02-03T18:53:29.201+0000] {logging_mixin.py:188} INFO - Downloaded AAPL/1769900739.json -> /tmp/minio_downloads/1769900739.json
[2026-02-03T18:53:29.206+0000] {logging_mixin.py:188} INFO - Downloaded AAPL/1769900740.json -> /tmp/minio_downloads/1769900740.json
[2026-02-03T18:53:29.212+0000] {logging_mixin.py:188} INFO - Downloaded AAPL/1769900741.json -> /tmp/minio_downloads/1769900741.json
[2026-02-03T18:53:29.218+0000] {logging_mixin.py:188} INFO - Downloaded AAPL/1769900742.json -> /tmp/minio_downloads/1769900742.json
[2026-02-03T18:53:29.225+0000] {logging_mixin.py:188} INFO - Downloaded AAPL/1769900743.json -> /tmp/minio_downloads/1769900743.json
[2026-02-03T18:53:29.231+0000] {logging_mixin.py:188} INFO - Downloaded AAPL/1769900744.json -> /tmp/minio_downloads/1769900744.json
[2026-02-03T18:53:29.238+0000] {logging_mixin.py:188} INFO - Downloaded AAPL/1769900745.json -> /tmp/minio_downloads/1769900745.json
[2026-02-03T18:53:29.245+0000] {logging_mixin.py:188} INFO - Downloaded AAPL/1769900746.json -> /tmp/minio_downloads/1769900746.json
[2026-02-03T18:53:29.251+0000] {logging_mixin.py:188} INFO - Downloaded AAPL/1769900747.json -> /tmp/minio_downloads/1769900747.json
[2026-02-03T18:53:29.257+0000] {logging_mixin.py:188} INFO - Downloaded AAPL/1769900748.json -> /tmp/minio_downloads/1769900748.json
[2026-02-03T18:53:29.263+0000] {logging_mixin.py:188} INFO - Downloaded AAPL/1769900749.json -> /tmp/minio_downloads/1769900749.json
[2026-02-03T18:53:29.269+0000] {logging_mixin.py:188} INFO - Downloaded AAPL/1769900750.json -> /tmp/minio_downloads/1769900750.json
[2026-02-03T18:53:29.275+0000] {logging_mixin.py:188} INFO - Downloaded AAPL/1769900751.json -> /tmp/minio_downloads/1769900751.json
[2026-02-03T18:53:29.282+0000] {logging_mixin.py:188} INFO - Downloaded AAPL/1769900752.json -> /tmp/minio_downloads/1769900752.json
[2026-02-03T18:53:29.287+0000] {logging_mixin.py:188} INFO - Downloaded AAPL/1769900753.json -> /tmp/minio_downloads/1769900753.json
[2026-02-03T18:53:29.292+0000] {logging_mixin.py:188} INFO - Downloaded AAPL/1769900754.json -> /tmp/minio_downloads/1769900754.json
[2026-02-03T18:53:29.297+0000] {logging_mixin.py:188} INFO - Downloaded AAPL/1769900755.json -> /tmp/minio_downloads/1769900755.json
[2026-02-03T18:53:29.303+0000] {logging_mixin.py:188} INFO - Downloaded AAPL/1769900756.json -> /tmp/minio_downloads/1769900756.json
[2026-02-03T18:53:29.308+0000] {logging_mixin.py:188} INFO - Downloaded AAPL/1769900757.json -> /tmp/minio_downloads/1769900757.json
[2026-02-03T18:53:29.313+0000] {logging_mixin.py:188} INFO - Downloaded AAPL/1769900758.json -> /tmp/minio_downloads/1769900758.json
[2026-02-03T18:53:29.319+0000] {logging_mixin.py:188} INFO - Downloaded AAPL/1769900759.json -> /tmp/minio_downloads/1769900759.json
[2026-02-03T18:53:29.324+0000] {logging_mixin.py:188} INFO - Downloaded AAPL/1769900760.json -> /tmp/minio_downloads/1769900760.json
[2026-02-03T18:53:29.329+0000] {logging_mixin.py:188} INFO - Downloaded AAPL/1769900761.json -> /tmp/minio_downloads/1769900761.json
[2026-02-03T18:53:29.335+0000] {logging_mixin.py:188} INFO - Downloaded AAPL/1769900762.json -> /tmp/minio_downloads/1769900762.json
[2026-02-03T18:53:29.341+0000] {logging_mixin.py:188} INFO - Downloaded AAPL/1769900763.json -> /tmp/minio_downloads/1769900763.json
[2026-02-03T18:53:29.347+0000] {logging_mixin.py:188} INFO - Downloaded AAPL/1769900764.json -> /tmp/minio_downloads/1769900764.json
[2026-02-03T18:53:29.353+0000] {logging_mixin.py:188} INFO - Downloaded AAPL/1769900765.json -> /tmp/minio_downloads/1769900765.json
[2026-02-03T18:53:29.358+0000] {logging_mixin.py:188} INFO - Downloaded AAPL/1769900766.json -> /tmp/minio_downloads/1769900766.json
[2026-02-03T18:53:29.363+0000] {logging_mixin.py:188} INFO - Downloaded AMZN/1769900678.json -> /tmp/minio_downloads/1769900678.json
[2026-02-03T18:53:29.369+0000] {logging_mixin.py:188} INFO - Downloaded AMZN/1769900679.json -> /tmp/minio_downloads/1769900679.json
[2026-02-03T18:53:29.375+0000] {logging_mixin.py:188} INFO - Downloaded AMZN/1769900680.json -> /tmp/minio_downloads/1769900680.json
[2026-02-03T18:53:29.380+0000] {logging_mixin.py:188} INFO - Downloaded AMZN/1769900681.json -> /tmp/minio_downloads/1769900681.json
[2026-02-03T18:53:29.386+0000] {logging_mixin.py:188} INFO - Downloaded AMZN/1769900682.json -> /tmp/minio_downloads/1769900682.json
[2026-02-03T18:53:29.391+0000] {logging_mixin.py:188} INFO - Downloaded AMZN/1769900683.json -> /tmp/minio_downloads/1769900683.json
[2026-02-03T18:53:29.396+0000] {logging_mixin.py:188} INFO - Downloaded AMZN/1769900684.json -> /tmp/minio_downloads/1769900684.json
[2026-02-03T18:53:29.402+0000] {logging_mixin.py:188} INFO - Downloaded AMZN/1769900685.json -> /tmp/minio_downloads/1769900685.json
[2026-02-03T18:53:29.407+0000] {logging_mixin.py:188} INFO - Downloaded AMZN/1769900686.json -> /tmp/minio_downloads/1769900686.json
[2026-02-03T18:53:29.413+0000] {logging_mixin.py:188} INFO - Downloaded AMZN/1769900687.json -> /tmp/minio_downloads/1769900687.json
[2026-02-03T18:53:29.418+0000] {logging_mixin.py:188} INFO - Downloaded AMZN/1769900688.json -> /tmp/minio_downloads/1769900688.json
[2026-02-03T18:53:29.423+0000] {logging_mixin.py:188} INFO - Downloaded AMZN/1769900689.json -> /tmp/minio_downloads/1769900689.json
[2026-02-03T18:53:29.428+0000] {logging_mixin.py:188} INFO - Downloaded AMZN/1769900690.json -> /tmp/minio_downloads/1769900690.json
[2026-02-03T18:53:29.434+0000] {logging_mixin.py:188} INFO - Downloaded AMZN/1769900691.json -> /tmp/minio_downloads/1769900691.json
[2026-02-03T18:53:29.439+0000] {logging_mixin.py:188} INFO - Downloaded AMZN/1769900692.json -> /tmp/minio_downloads/1769900692.json
[2026-02-03T18:53:29.444+0000] {logging_mixin.py:188} INFO - Downloaded AMZN/1769900693.json -> /tmp/minio_downloads/1769900693.json
[2026-02-03T18:53:29.449+0000] {logging_mixin.py:188} INFO - Downloaded AMZN/1769900694.json -> /tmp/minio_downloads/1769900694.json
[2026-02-03T18:53:29.456+0000] {logging_mixin.py:188} INFO - Downloaded AMZN/1769900695.json -> /tmp/minio_downloads/1769900695.json
[2026-02-03T18:53:29.461+0000] {logging_mixin.py:188} INFO - Downloaded AMZN/1769900696.json -> /tmp/minio_downloads/1769900696.json
[2026-02-03T18:53:29.466+0000] {logging_mixin.py:188} INFO - Downloaded AMZN/1769900697.json -> /tmp/minio_downloads/1769900697.json
[2026-02-03T18:53:29.472+0000] {logging_mixin.py:188} INFO - Downloaded AMZN/1769900698.json -> /tmp/minio_downloads/1769900698.json
[2026-02-03T18:53:29.477+0000] {logging_mixin.py:188} INFO - Downloaded AMZN/1769900699.json -> /tmp/minio_downloads/1769900699.json
[2026-02-03T18:53:29.483+0000] {logging_mixin.py:188} INFO - Downloaded AMZN/1769900700.json -> /tmp/minio_downloads/1769900700.json
[2026-02-03T18:53:29.488+0000] {logging_mixin.py:188} INFO - Downloaded AMZN/1769900701.json -> /tmp/minio_downloads/1769900701.json
[2026-02-03T18:53:29.493+0000] {logging_mixin.py:188} INFO - Downloaded AMZN/1769900702.json -> /tmp/minio_downloads/1769900702.json
[2026-02-03T18:53:29.499+0000] {logging_mixin.py:188} INFO - Downloaded AMZN/1769900703.json -> /tmp/minio_downloads/1769900703.json
[2026-02-03T18:53:29.504+0000] {logging_mixin.py:188} INFO - Downloaded AMZN/1769900704.json -> /tmp/minio_downloads/1769900704.json
[2026-02-03T18:53:29.509+0000] {logging_mixin.py:188} INFO - Downloaded AMZN/1769900705.json -> /tmp/minio_downloads/1769900705.json
[2026-02-03T18:53:29.515+0000] {logging_mixin.py:188} INFO - Downloaded AMZN/1769900706.json -> /tmp/minio_downloads/1769900706.json
[2026-02-03T18:53:29.520+0000] {logging_mixin.py:188} INFO - Downloaded AMZN/1769900707.json -> /tmp/minio_downloads/1769900707.json
[2026-02-03T18:53:29.526+0000] {logging_mixin.py:188} INFO - Downloaded AMZN/1769900708.json -> /tmp/minio_downloads/1769900708.json
[2026-02-03T18:53:29.532+0000] {logging_mixin.py:188} INFO - Downloaded AMZN/1769900709.json -> /tmp/minio_downloads/1769900709.json
[2026-02-03T18:53:29.537+0000] {logging_mixin.py:188} INFO - Downloaded AMZN/1769900710.json -> /tmp/minio_downloads/1769900710.json
[2026-02-03T18:53:29.543+0000] {logging_mixin.py:188} INFO - Downloaded AMZN/1769900711.json -> /tmp/minio_downloads/1769900711.json
[2026-02-03T18:53:29.548+0000] {logging_mixin.py:188} INFO - Downloaded AMZN/1769900712.json -> /tmp/minio_downloads/1769900712.json
[2026-02-03T18:53:29.553+0000] {logging_mixin.py:188} INFO - Downloaded AMZN/1769900713.json -> /tmp/minio_downloads/1769900713.json
[2026-02-03T18:53:29.558+0000] {logging_mixin.py:188} INFO - Downloaded AMZN/1769900714.json -> /tmp/minio_downloads/1769900714.json
[2026-02-03T18:53:29.563+0000] {logging_mixin.py:188} INFO - Downloaded AMZN/1769900715.json -> /tmp/minio_downloads/1769900715.json
[2026-02-03T18:53:29.568+0000] {logging_mixin.py:188} INFO - Downloaded AMZN/1769900716.json -> /tmp/minio_downloads/1769900716.json
[2026-02-03T18:53:29.573+0000] {logging_mixin.py:188} INFO - Downloaded AMZN/1769900717.json -> /tmp/minio_downloads/1769900717.json
[2026-02-03T18:53:29.578+0000] {logging_mixin.py:188} INFO - Downloaded AMZN/1769900718.json -> /tmp/minio_downloads/1769900718.json
[2026-02-03T18:53:29.583+0000] {logging_mixin.py:188} INFO - Downloaded AMZN/1769900719.json -> /tmp/minio_downloads/1769900719.json
[2026-02-03T18:53:29.589+0000] {logging_mixin.py:188} INFO - Downloaded AMZN/1769900720.json -> /tmp/minio_downloads/1769900720.json
[2026-02-03T18:53:29.594+0000] {logging_mixin.py:188} INFO - Downloaded AMZN/1769900721.json -> /tmp/minio_downloads/1769900721.json
[2026-02-03T18:53:29.600+0000] {logging_mixin.py:188} INFO - Downloaded AMZN/1769900722.json -> /tmp/minio_downloads/1769900722.json
[2026-02-03T18:53:29.605+0000] {logging_mixin.py:188} INFO - Downloaded AMZN/1769900723.json -> /tmp/minio_downloads/1769900723.json
[2026-02-03T18:53:29.610+0000] {logging_mixin.py:188} INFO - Downloaded AMZN/1769900724.json -> /tmp/minio_downloads/1769900724.json
[2026-02-03T18:53:29.615+0000] {logging_mixin.py:188} INFO - Downloaded AMZN/1769900725.json -> /tmp/minio_downloads/1769900725.json
[2026-02-03T18:53:29.622+0000] {logging_mixin.py:188} INFO - Downloaded AMZN/1769900726.json -> /tmp/minio_downloads/1769900726.json
[2026-02-03T18:53:29.628+0000] {logging_mixin.py:188} INFO - Downloaded AMZN/1769900727.json -> /tmp/minio_downloads/1769900727.json
[2026-02-03T18:53:29.634+0000] {logging_mixin.py:188} INFO - Downloaded AMZN/1769900728.json -> /tmp/minio_downloads/1769900728.json
[2026-02-03T18:53:29.640+0000] {logging_mixin.py:188} INFO - Downloaded AMZN/1769900729.json -> /tmp/minio_downloads/1769900729.json
[2026-02-03T18:53:29.646+0000] {logging_mixin.py:188} INFO - Downloaded AMZN/1769900730.json -> /tmp/minio_downloads/1769900730.json
[2026-02-03T18:53:29.653+0000] {logging_mixin.py:188} INFO - Downloaded AMZN/1769900731.json -> /tmp/minio_downloads/1769900731.json
[2026-02-03T18:53:29.659+0000] {logging_mixin.py:188} INFO - Downloaded AMZN/1769900732.json -> /tmp/minio_downloads/1769900732.json
[2026-02-03T18:53:29.664+0000] {logging_mixin.py:188} INFO - Downloaded AMZN/1769900733.json -> /tmp/minio_downloads/1769900733.json
[2026-02-03T18:53:29.670+0000] {logging_mixin.py:188} INFO - Downloaded AMZN/1769900734.json -> /tmp/minio_downloads/1769900734.json
[2026-02-03T18:53:29.675+0000] {logging_mixin.py:188} INFO - Downloaded AMZN/1769900735.json -> /tmp/minio_downloads/1769900735.json
[2026-02-03T18:53:29.680+0000] {logging_mixin.py:188} INFO - Downloaded AMZN/1769900736.json -> /tmp/minio_downloads/1769900736.json
[2026-02-03T18:53:29.687+0000] {logging_mixin.py:188} INFO - Downloaded AMZN/1769900737.json -> /tmp/minio_downloads/1769900737.json
[2026-02-03T18:53:29.695+0000] {logging_mixin.py:188} INFO - Downloaded AMZN/1769900738.json -> /tmp/minio_downloads/1769900738.json
[2026-02-03T18:53:29.700+0000] {logging_mixin.py:188} INFO - Downloaded AMZN/1769900739.json -> /tmp/minio_downloads/1769900739.json
[2026-02-03T18:53:29.705+0000] {logging_mixin.py:188} INFO - Downloaded AMZN/1769900740.json -> /tmp/minio_downloads/1769900740.json
[2026-02-03T18:53:29.710+0000] {logging_mixin.py:188} INFO - Downloaded AMZN/1769900741.json -> /tmp/minio_downloads/1769900741.json
[2026-02-03T18:53:29.715+0000] {logging_mixin.py:188} INFO - Downloaded AMZN/1769900742.json -> /tmp/minio_downloads/1769900742.json
[2026-02-03T18:53:29.721+0000] {logging_mixin.py:188} INFO - Downloaded AMZN/1769900743.json -> /tmp/minio_downloads/1769900743.json
[2026-02-03T18:53:29.727+0000] {logging_mixin.py:188} INFO - Downloaded AMZN/1769900744.json -> /tmp/minio_downloads/1769900744.json
[2026-02-03T18:53:29.732+0000] {logging_mixin.py:188} INFO - Downloaded AMZN/1769900745.json -> /tmp/minio_downloads/1769900745.json
[2026-02-03T18:53:29.737+0000] {logging_mixin.py:188} INFO - Downloaded AMZN/1769900746.json -> /tmp/minio_downloads/1769900746.json
[2026-02-03T18:53:29.743+0000] {logging_mixin.py:188} INFO - Downloaded AMZN/1769900747.json -> /tmp/minio_downloads/1769900747.json
[2026-02-03T18:53:29.748+0000] {logging_mixin.py:188} INFO - Downloaded AMZN/1769900748.json -> /tmp/minio_downloads/1769900748.json
[2026-02-03T18:53:29.753+0000] {logging_mixin.py:188} INFO - Downloaded AMZN/1769900749.json -> /tmp/minio_downloads/1769900749.json
[2026-02-03T18:53:29.759+0000] {logging_mixin.py:188} INFO - Downloaded AMZN/1769900750.json -> /tmp/minio_downloads/1769900750.json
[2026-02-03T18:53:29.764+0000] {logging_mixin.py:188} INFO - Downloaded AMZN/1769900751.json -> /tmp/minio_downloads/1769900751.json
[2026-02-03T18:53:29.769+0000] {logging_mixin.py:188} INFO - Downloaded AMZN/1769900752.json -> /tmp/minio_downloads/1769900752.json
[2026-02-03T18:53:29.777+0000] {logging_mixin.py:188} INFO - Downloaded AMZN/1769900753.json -> /tmp/minio_downloads/1769900753.json
[2026-02-03T18:53:29.783+0000] {logging_mixin.py:188} INFO - Downloaded AMZN/1769900754.json -> /tmp/minio_downloads/1769900754.json
[2026-02-03T18:53:29.790+0000] {logging_mixin.py:188} INFO - Downloaded AMZN/1769900755.json -> /tmp/minio_downloads/1769900755.json
[2026-02-03T18:53:29.796+0000] {logging_mixin.py:188} INFO - Downloaded AMZN/1769900756.json -> /tmp/minio_downloads/1769900756.json
[2026-02-03T18:53:29.801+0000] {logging_mixin.py:188} INFO - Downloaded AMZN/1769900757.json -> /tmp/minio_downloads/1769900757.json
[2026-02-03T18:53:29.807+0000] {logging_mixin.py:188} INFO - Downloaded AMZN/1769900758.json -> /tmp/minio_downloads/1769900758.json
[2026-02-03T18:53:29.812+0000] {logging_mixin.py:188} INFO - Downloaded AMZN/1769900759.json -> /tmp/minio_downloads/1769900759.json
[2026-02-03T18:53:29.817+0000] {logging_mixin.py:188} INFO - Downloaded AMZN/1769900760.json -> /tmp/minio_downloads/1769900760.json
[2026-02-03T18:53:29.822+0000] {logging_mixin.py:188} INFO - Downloaded AMZN/1769900761.json -> /tmp/minio_downloads/1769900761.json
[2026-02-03T18:53:29.828+0000] {logging_mixin.py:188} INFO - Downloaded AMZN/1769900762.json -> /tmp/minio_downloads/1769900762.json
[2026-02-03T18:53:29.833+0000] {logging_mixin.py:188} INFO - Downloaded AMZN/1769900763.json -> /tmp/minio_downloads/1769900763.json
[2026-02-03T18:53:29.837+0000] {logging_mixin.py:188} INFO - Downloaded AMZN/1769900764.json -> /tmp/minio_downloads/1769900764.json
[2026-02-03T18:53:29.842+0000] {logging_mixin.py:188} INFO - Downloaded AMZN/1769900765.json -> /tmp/minio_downloads/1769900765.json
[2026-02-03T18:53:29.847+0000] {logging_mixin.py:188} INFO - Downloaded AMZN/1769900766.json -> /tmp/minio_downloads/1769900766.json
[2026-02-03T18:53:29.853+0000] {logging_mixin.py:188} INFO - Downloaded GOOGL/1769900678.json -> /tmp/minio_downloads/1769900678.json
[2026-02-03T18:53:29.858+0000] {logging_mixin.py:188} INFO - Downloaded GOOGL/1769900679.json -> /tmp/minio_downloads/1769900679.json
[2026-02-03T18:53:29.863+0000] {logging_mixin.py:188} INFO - Downloaded GOOGL/1769900680.json -> /tmp/minio_downloads/1769900680.json
[2026-02-03T18:53:29.869+0000] {logging_mixin.py:188} INFO - Downloaded GOOGL/1769900681.json -> /tmp/minio_downloads/1769900681.json
[2026-02-03T18:53:29.874+0000] {logging_mixin.py:188} INFO - Downloaded GOOGL/1769900682.json -> /tmp/minio_downloads/1769900682.json
[2026-02-03T18:53:29.879+0000] {logging_mixin.py:188} INFO - Downloaded GOOGL/1769900683.json -> /tmp/minio_downloads/1769900683.json
[2026-02-03T18:53:29.884+0000] {logging_mixin.py:188} INFO - Downloaded GOOGL/1769900684.json -> /tmp/minio_downloads/1769900684.json
[2026-02-03T18:53:29.888+0000] {logging_mixin.py:188} INFO - Downloaded GOOGL/1769900685.json -> /tmp/minio_downloads/1769900685.json
[2026-02-03T18:53:29.893+0000] {logging_mixin.py:188} INFO - Downloaded GOOGL/1769900686.json -> /tmp/minio_downloads/1769900686.json
[2026-02-03T18:53:29.899+0000] {logging_mixin.py:188} INFO - Downloaded GOOGL/1769900687.json -> /tmp/minio_downloads/1769900687.json
[2026-02-03T18:53:29.904+0000] {logging_mixin.py:188} INFO - Downloaded GOOGL/1769900688.json -> /tmp/minio_downloads/1769900688.json
[2026-02-03T18:53:29.909+0000] {logging_mixin.py:188} INFO - Downloaded GOOGL/1769900689.json -> /tmp/minio_downloads/1769900689.json
[2026-02-03T18:53:29.915+0000] {logging_mixin.py:188} INFO - Downloaded GOOGL/1769900690.json -> /tmp/minio_downloads/1769900690.json
[2026-02-03T18:53:29.920+0000] {logging_mixin.py:188} INFO - Downloaded GOOGL/1769900691.json -> /tmp/minio_downloads/1769900691.json
[2026-02-03T18:53:29.925+0000] {logging_mixin.py:188} INFO - Downloaded GOOGL/1769900692.json -> /tmp/minio_downloads/1769900692.json
[2026-02-03T18:53:29.930+0000] {logging_mixin.py:188} INFO - Downloaded GOOGL/1769900693.json -> /tmp/minio_downloads/1769900693.json
[2026-02-03T18:53:29.936+0000] {logging_mixin.py:188} INFO - Downloaded GOOGL/1769900694.json -> /tmp/minio_downloads/1769900694.json
[2026-02-03T18:53:29.943+0000] {logging_mixin.py:188} INFO - Downloaded GOOGL/1769900695.json -> /tmp/minio_downloads/1769900695.json
[2026-02-03T18:53:29.949+0000] {logging_mixin.py:188} INFO - Downloaded GOOGL/1769900696.json -> /tmp/minio_downloads/1769900696.json
[2026-02-03T18:53:29.956+0000] {logging_mixin.py:188} INFO - Downloaded GOOGL/1769900697.json -> /tmp/minio_downloads/1769900697.json
[2026-02-03T18:53:29.963+0000] {logging_mixin.py:188} INFO - Downloaded GOOGL/1769900698.json -> /tmp/minio_downloads/1769900698.json
[2026-02-03T18:53:29.970+0000] {logging_mixin.py:188} INFO - Downloaded GOOGL/1769900699.json -> /tmp/minio_downloads/1769900699.json
[2026-02-03T18:53:29.976+0000] {logging_mixin.py:188} INFO - Downloaded GOOGL/1769900700.json -> /tmp/minio_downloads/1769900700.json
[2026-02-03T18:53:29.982+0000] {logging_mixin.py:188} INFO - Downloaded GOOGL/1769900701.json -> /tmp/minio_downloads/1769900701.json
[2026-02-03T18:53:29.987+0000] {logging_mixin.py:188} INFO - Downloaded GOOGL/1769900702.json -> /tmp/minio_downloads/1769900702.json
[2026-02-03T18:53:29.993+0000] {logging_mixin.py:188} INFO - Downloaded GOOGL/1769900703.json -> /tmp/minio_downloads/1769900703.json
[2026-02-03T18:53:29.999+0000] {logging_mixin.py:188} INFO - Downloaded GOOGL/1769900704.json -> /tmp/minio_downloads/1769900704.json
[2026-02-03T18:53:30.004+0000] {logging_mixin.py:188} INFO - Downloaded GOOGL/1769900705.json -> /tmp/minio_downloads/1769900705.json
[2026-02-03T18:53:30.010+0000] {logging_mixin.py:188} INFO - Downloaded GOOGL/1769900706.json -> /tmp/minio_downloads/1769900706.json
[2026-02-03T18:53:30.016+0000] {logging_mixin.py:188} INFO - Downloaded GOOGL/1769900707.json -> /tmp/minio_downloads/1769900707.json
[2026-02-03T18:53:30.021+0000] {logging_mixin.py:188} INFO - Downloaded GOOGL/1769900708.json -> /tmp/minio_downloads/1769900708.json
[2026-02-03T18:53:30.027+0000] {logging_mixin.py:188} INFO - Downloaded GOOGL/1769900709.json -> /tmp/minio_downloads/1769900709.json
[2026-02-03T18:53:30.032+0000] {logging_mixin.py:188} INFO - Downloaded GOOGL/1769900710.json -> /tmp/minio_downloads/1769900710.json
[2026-02-03T18:53:30.037+0000] {logging_mixin.py:188} INFO - Downloaded GOOGL/1769900711.json -> /tmp/minio_downloads/1769900711.json
[2026-02-03T18:53:30.042+0000] {logging_mixin.py:188} INFO - Downloaded GOOGL/1769900712.json -> /tmp/minio_downloads/1769900712.json
[2026-02-03T18:53:30.048+0000] {logging_mixin.py:188} INFO - Downloaded GOOGL/1769900713.json -> /tmp/minio_downloads/1769900713.json
[2026-02-03T18:53:30.053+0000] {logging_mixin.py:188} INFO - Downloaded GOOGL/1769900714.json -> /tmp/minio_downloads/1769900714.json
[2026-02-03T18:53:30.058+0000] {logging_mixin.py:188} INFO - Downloaded GOOGL/1769900715.json -> /tmp/minio_downloads/1769900715.json
[2026-02-03T18:53:30.064+0000] {logging_mixin.py:188} INFO - Downloaded GOOGL/1769900716.json -> /tmp/minio_downloads/1769900716.json
[2026-02-03T18:53:30.069+0000] {logging_mixin.py:188} INFO - Downloaded GOOGL/1769900717.json -> /tmp/minio_downloads/1769900717.json
[2026-02-03T18:53:30.075+0000] {logging_mixin.py:188} INFO - Downloaded GOOGL/1769900718.json -> /tmp/minio_downloads/1769900718.json
[2026-02-03T18:53:30.080+0000] {logging_mixin.py:188} INFO - Downloaded GOOGL/1769900719.json -> /tmp/minio_downloads/1769900719.json
[2026-02-03T18:53:30.086+0000] {logging_mixin.py:188} INFO - Downloaded GOOGL/1769900720.json -> /tmp/minio_downloads/1769900720.json
[2026-02-03T18:53:30.092+0000] {logging_mixin.py:188} INFO - Downloaded GOOGL/1769900721.json -> /tmp/minio_downloads/1769900721.json
[2026-02-03T18:53:30.098+0000] {logging_mixin.py:188} INFO - Downloaded GOOGL/1769900722.json -> /tmp/minio_downloads/1769900722.json
[2026-02-03T18:53:30.103+0000] {logging_mixin.py:188} INFO - Downloaded GOOGL/1769900723.json -> /tmp/minio_downloads/1769900723.json
[2026-02-03T18:53:30.109+0000] {logging_mixin.py:188} INFO - Downloaded GOOGL/1769900724.json -> /tmp/minio_downloads/1769900724.json
[2026-02-03T18:53:30.115+0000] {logging_mixin.py:188} INFO - Downloaded GOOGL/1769900725.json -> /tmp/minio_downloads/1769900725.json
[2026-02-03T18:53:30.121+0000] {logging_mixin.py:188} INFO - Downloaded GOOGL/1769900726.json -> /tmp/minio_downloads/1769900726.json
[2026-02-03T18:53:30.126+0000] {logging_mixin.py:188} INFO - Downloaded GOOGL/1769900727.json -> /tmp/minio_downloads/1769900727.json
[2026-02-03T18:53:30.133+0000] {logging_mixin.py:188} INFO - Downloaded GOOGL/1769900728.json -> /tmp/minio_downloads/1769900728.json
[2026-02-03T18:53:30.139+0000] {logging_mixin.py:188} INFO - Downloaded GOOGL/1769900729.json -> /tmp/minio_downloads/1769900729.json
[2026-02-03T18:53:30.146+0000] {logging_mixin.py:188} INFO - Downloaded GOOGL/1769900730.json -> /tmp/minio_downloads/1769900730.json
[2026-02-03T18:53:30.152+0000] {logging_mixin.py:188} INFO - Downloaded GOOGL/1769900731.json -> /tmp/minio_downloads/1769900731.json
[2026-02-03T18:53:30.158+0000] {logging_mixin.py:188} INFO - Downloaded GOOGL/1769900732.json -> /tmp/minio_downloads/1769900732.json
[2026-02-03T18:53:30.164+0000] {logging_mixin.py:188} INFO - Downloaded GOOGL/1769900733.json -> /tmp/minio_downloads/1769900733.json
[2026-02-03T18:53:30.171+0000] {logging_mixin.py:188} INFO - Downloaded GOOGL/1769900734.json -> /tmp/minio_downloads/1769900734.json
[2026-02-03T18:53:30.178+0000] {logging_mixin.py:188} INFO - Downloaded GOOGL/1769900735.json -> /tmp/minio_downloads/1769900735.json
[2026-02-03T18:53:30.184+0000] {logging_mixin.py:188} INFO - Downloaded GOOGL/1769900736.json -> /tmp/minio_downloads/1769900736.json
[2026-02-03T18:53:30.190+0000] {logging_mixin.py:188} INFO - Downloaded GOOGL/1769900737.json -> /tmp/minio_downloads/1769900737.json
[2026-02-03T18:53:30.196+0000] {logging_mixin.py:188} INFO - Downloaded GOOGL/1769900738.json -> /tmp/minio_downloads/1769900738.json
[2026-02-03T18:53:30.202+0000] {logging_mixin.py:188} INFO - Downloaded GOOGL/1769900739.json -> /tmp/minio_downloads/1769900739.json
[2026-02-03T18:53:30.208+0000] {logging_mixin.py:188} INFO - Downloaded GOOGL/1769900740.json -> /tmp/minio_downloads/1769900740.json
[2026-02-03T18:53:30.215+0000] {logging_mixin.py:188} INFO - Downloaded GOOGL/1769900741.json -> /tmp/minio_downloads/1769900741.json
[2026-02-03T18:53:30.221+0000] {logging_mixin.py:188} INFO - Downloaded GOOGL/1769900742.json -> /tmp/minio_downloads/1769900742.json
[2026-02-03T18:53:30.227+0000] {logging_mixin.py:188} INFO - Downloaded GOOGL/1769900743.json -> /tmp/minio_downloads/1769900743.json
[2026-02-03T18:53:30.233+0000] {logging_mixin.py:188} INFO - Downloaded GOOGL/1769900744.json -> /tmp/minio_downloads/1769900744.json
[2026-02-03T18:53:30.238+0000] {logging_mixin.py:188} INFO - Downloaded GOOGL/1769900745.json -> /tmp/minio_downloads/1769900745.json
[2026-02-03T18:53:30.244+0000] {logging_mixin.py:188} INFO - Downloaded GOOGL/1769900746.json -> /tmp/minio_downloads/1769900746.json
[2026-02-03T18:53:30.252+0000] {logging_mixin.py:188} INFO - Downloaded GOOGL/1769900747.json -> /tmp/minio_downloads/1769900747.json
[2026-02-03T18:53:30.259+0000] {logging_mixin.py:188} INFO - Downloaded GOOGL/1769900748.json -> /tmp/minio_downloads/1769900748.json
[2026-02-03T18:53:30.264+0000] {logging_mixin.py:188} INFO - Downloaded GOOGL/1769900749.json -> /tmp/minio_downloads/1769900749.json
[2026-02-03T18:53:30.270+0000] {logging_mixin.py:188} INFO - Downloaded GOOGL/1769900750.json -> /tmp/minio_downloads/1769900750.json
[2026-02-03T18:53:30.275+0000] {logging_mixin.py:188} INFO - Downloaded GOOGL/1769900751.json -> /tmp/minio_downloads/1769900751.json
[2026-02-03T18:53:30.281+0000] {logging_mixin.py:188} INFO - Downloaded GOOGL/1769900752.json -> /tmp/minio_downloads/1769900752.json
[2026-02-03T18:53:30.288+0000] {logging_mixin.py:188} INFO - Downloaded GOOGL/1769900753.json -> /tmp/minio_downloads/1769900753.json
[2026-02-03T18:53:30.294+0000] {logging_mixin.py:188} INFO - Downloaded GOOGL/1769900754.json -> /tmp/minio_downloads/1769900754.json
[2026-02-03T18:53:30.300+0000] {logging_mixin.py:188} INFO - Downloaded GOOGL/1769900755.json -> /tmp/minio_downloads/1769900755.json
[2026-02-03T18:53:30.305+0000] {logging_mixin.py:188} INFO - Downloaded GOOGL/1769900756.json -> /tmp/minio_downloads/1769900756.json
[2026-02-03T18:53:30.310+0000] {logging_mixin.py:188} INFO - Downloaded GOOGL/1769900757.json -> /tmp/minio_downloads/1769900757.json
[2026-02-03T18:53:30.316+0000] {logging_mixin.py:188} INFO - Downloaded GOOGL/1769900758.json -> /tmp/minio_downloads/1769900758.json
[2026-02-03T18:53:30.322+0000] {logging_mixin.py:188} INFO - Downloaded GOOGL/1769900759.json -> /tmp/minio_downloads/1769900759.json
[2026-02-03T18:53:30.327+0000] {logging_mixin.py:188} INFO - Downloaded GOOGL/1769900760.json -> /tmp/minio_downloads/1769900760.json
[2026-02-03T18:53:30.333+0000] {logging_mixin.py:188} INFO - Downloaded GOOGL/1769900761.json -> /tmp/minio_downloads/1769900761.json
[2026-02-03T18:53:30.337+0000] {logging_mixin.py:188} INFO - Downloaded GOOGL/1769900762.json -> /tmp/minio_downloads/1769900762.json
[2026-02-03T18:53:30.344+0000] {logging_mixin.py:188} INFO - Downloaded GOOGL/1769900763.json -> /tmp/minio_downloads/1769900763.json
[2026-02-03T18:53:30.350+0000] {logging_mixin.py:188} INFO - Downloaded GOOGL/1769900764.json -> /tmp/minio_downloads/1769900764.json
[2026-02-03T18:53:30.356+0000] {logging_mixin.py:188} INFO - Downloaded GOOGL/1769900765.json -> /tmp/minio_downloads/1769900765.json
[2026-02-03T18:53:30.362+0000] {logging_mixin.py:188} INFO - Downloaded GOOGL/1769900766.json -> /tmp/minio_downloads/1769900766.json
[2026-02-03T18:53:30.368+0000] {logging_mixin.py:188} INFO - Downloaded MSFT/1769900678.json -> /tmp/minio_downloads/1769900678.json
[2026-02-03T18:53:30.374+0000] {logging_mixin.py:188} INFO - Downloaded MSFT/1769900679.json -> /tmp/minio_downloads/1769900679.json
[2026-02-03T18:53:30.379+0000] {logging_mixin.py:188} INFO - Downloaded MSFT/1769900680.json -> /tmp/minio_downloads/1769900680.json
[2026-02-03T18:53:30.385+0000] {logging_mixin.py:188} INFO - Downloaded MSFT/1769900681.json -> /tmp/minio_downloads/1769900681.json
[2026-02-03T18:53:30.390+0000] {logging_mixin.py:188} INFO - Downloaded MSFT/1769900682.json -> /tmp/minio_downloads/1769900682.json
[2026-02-03T18:53:30.396+0000] {logging_mixin.py:188} INFO - Downloaded MSFT/1769900683.json -> /tmp/minio_downloads/1769900683.json
[2026-02-03T18:53:30.401+0000] {logging_mixin.py:188} INFO - Downloaded MSFT/1769900684.json -> /tmp/minio_downloads/1769900684.json
[2026-02-03T18:53:30.407+0000] {logging_mixin.py:188} INFO - Downloaded MSFT/1769900685.json -> /tmp/minio_downloads/1769900685.json
[2026-02-03T18:53:30.412+0000] {logging_mixin.py:188} INFO - Downloaded MSFT/1769900686.json -> /tmp/minio_downloads/1769900686.json
[2026-02-03T18:53:30.417+0000] {logging_mixin.py:188} INFO - Downloaded MSFT/1769900687.json -> /tmp/minio_downloads/1769900687.json
[2026-02-03T18:53:30.423+0000] {logging_mixin.py:188} INFO - Downloaded MSFT/1769900688.json -> /tmp/minio_downloads/1769900688.json
[2026-02-03T18:53:30.428+0000] {logging_mixin.py:188} INFO - Downloaded MSFT/1769900689.json -> /tmp/minio_downloads/1769900689.json
[2026-02-03T18:53:30.436+0000] {logging_mixin.py:188} INFO - Downloaded MSFT/1769900690.json -> /tmp/minio_downloads/1769900690.json
[2026-02-03T18:53:30.442+0000] {logging_mixin.py:188} INFO - Downloaded MSFT/1769900691.json -> /tmp/minio_downloads/1769900691.json
[2026-02-03T18:53:30.448+0000] {logging_mixin.py:188} INFO - Downloaded MSFT/1769900692.json -> /tmp/minio_downloads/1769900692.json
[2026-02-03T18:53:30.455+0000] {logging_mixin.py:188} INFO - Downloaded MSFT/1769900693.json -> /tmp/minio_downloads/1769900693.json
[2026-02-03T18:53:30.460+0000] {logging_mixin.py:188} INFO - Downloaded MSFT/1769900694.json -> /tmp/minio_downloads/1769900694.json
[2026-02-03T18:53:30.466+0000] {logging_mixin.py:188} INFO - Downloaded MSFT/1769900695.json -> /tmp/minio_downloads/1769900695.json
[2026-02-03T18:53:30.472+0000] {logging_mixin.py:188} INFO - Downloaded MSFT/1769900696.json -> /tmp/minio_downloads/1769900696.json
[2026-02-03T18:53:30.478+0000] {logging_mixin.py:188} INFO - Downloaded MSFT/1769900697.json -> /tmp/minio_downloads/1769900697.json
[2026-02-03T18:53:30.484+0000] {logging_mixin.py:188} INFO - Downloaded MSFT/1769900698.json -> /tmp/minio_downloads/1769900698.json
[2026-02-03T18:53:30.489+0000] {logging_mixin.py:188} INFO - Downloaded MSFT/1769900699.json -> /tmp/minio_downloads/1769900699.json
[2026-02-03T18:53:30.496+0000] {logging_mixin.py:188} INFO - Downloaded MSFT/1769900700.json -> /tmp/minio_downloads/1769900700.json
[2026-02-03T18:53:30.502+0000] {logging_mixin.py:188} INFO - Downloaded MSFT/1769900701.json -> /tmp/minio_downloads/1769900701.json
[2026-02-03T18:53:30.508+0000] {logging_mixin.py:188} INFO - Downloaded MSFT/1769900702.json -> /tmp/minio_downloads/1769900702.json
[2026-02-03T18:53:30.514+0000] {logging_mixin.py:188} INFO - Downloaded MSFT/1769900703.json -> /tmp/minio_downloads/1769900703.json
[2026-02-03T18:53:30.520+0000] {logging_mixin.py:188} INFO - Downloaded MSFT/1769900704.json -> /tmp/minio_downloads/1769900704.json
[2026-02-03T18:53:30.527+0000] {logging_mixin.py:188} INFO - Downloaded MSFT/1769900705.json -> /tmp/minio_downloads/1769900705.json
[2026-02-03T18:53:30.533+0000] {logging_mixin.py:188} INFO - Downloaded MSFT/1769900706.json -> /tmp/minio_downloads/1769900706.json
[2026-02-03T18:53:30.538+0000] {logging_mixin.py:188} INFO - Downloaded MSFT/1769900707.json -> /tmp/minio_downloads/1769900707.json
[2026-02-03T18:53:30.545+0000] {logging_mixin.py:188} INFO - Downloaded MSFT/1769900708.json -> /tmp/minio_downloads/1769900708.json
[2026-02-03T18:53:30.551+0000] {logging_mixin.py:188} INFO - Downloaded MSFT/1769900709.json -> /tmp/minio_downloads/1769900709.json
[2026-02-03T18:53:30.557+0000] {logging_mixin.py:188} INFO - Downloaded MSFT/1769900710.json -> /tmp/minio_downloads/1769900710.json
[2026-02-03T18:53:30.562+0000] {logging_mixin.py:188} INFO - Downloaded MSFT/1769900711.json -> /tmp/minio_downloads/1769900711.json
[2026-02-03T18:53:30.568+0000] {logging_mixin.py:188} INFO - Downloaded MSFT/1769900712.json -> /tmp/minio_downloads/1769900712.json
[2026-02-03T18:53:30.573+0000] {logging_mixin.py:188} INFO - Downloaded MSFT/1769900713.json -> /tmp/minio_downloads/1769900713.json
[2026-02-03T18:53:30.579+0000] {logging_mixin.py:188} INFO - Downloaded MSFT/1769900714.json -> /tmp/minio_downloads/1769900714.json
[2026-02-03T18:53:30.585+0000] {logging_mixin.py:188} INFO - Downloaded MSFT/1769900715.json -> /tmp/minio_downloads/1769900715.json
[2026-02-03T18:53:30.591+0000] {logging_mixin.py:188} INFO - Downloaded MSFT/1769900716.json -> /tmp/minio_downloads/1769900716.json
[2026-02-03T18:53:30.597+0000] {logging_mixin.py:188} INFO - Downloaded MSFT/1769900717.json -> /tmp/minio_downloads/1769900717.json
[2026-02-03T18:53:30.602+0000] {logging_mixin.py:188} INFO - Downloaded MSFT/1769900718.json -> /tmp/minio_downloads/1769900718.json
[2026-02-03T18:53:30.609+0000] {logging_mixin.py:188} INFO - Downloaded MSFT/1769900719.json -> /tmp/minio_downloads/1769900719.json
[2026-02-03T18:53:30.616+0000] {logging_mixin.py:188} INFO - Downloaded MSFT/1769900720.json -> /tmp/minio_downloads/1769900720.json
[2026-02-03T18:53:30.622+0000] {logging_mixin.py:188} INFO - Downloaded MSFT/1769900721.json -> /tmp/minio_downloads/1769900721.json
[2026-02-03T18:53:30.627+0000] {logging_mixin.py:188} INFO - Downloaded MSFT/1769900722.json -> /tmp/minio_downloads/1769900722.json
[2026-02-03T18:53:30.632+0000] {logging_mixin.py:188} INFO - Downloaded MSFT/1769900723.json -> /tmp/minio_downloads/1769900723.json
[2026-02-03T18:53:30.639+0000] {logging_mixin.py:188} INFO - Downloaded MSFT/1769900724.json -> /tmp/minio_downloads/1769900724.json
[2026-02-03T18:53:30.646+0000] {logging_mixin.py:188} INFO - Downloaded MSFT/1769900725.json -> /tmp/minio_downloads/1769900725.json
[2026-02-03T18:53:30.653+0000] {logging_mixin.py:188} INFO - Downloaded MSFT/1769900726.json -> /tmp/minio_downloads/1769900726.json
[2026-02-03T18:53:30.659+0000] {logging_mixin.py:188} INFO - Downloaded MSFT/1769900727.json -> /tmp/minio_downloads/1769900727.json
[2026-02-03T18:53:30.665+0000] {logging_mixin.py:188} INFO - Downloaded MSFT/1769900728.json -> /tmp/minio_downloads/1769900728.json
[2026-02-03T18:53:30.671+0000] {logging_mixin.py:188} INFO - Downloaded MSFT/1769900729.json -> /tmp/minio_downloads/1769900729.json
[2026-02-03T18:53:30.677+0000] {logging_mixin.py:188} INFO - Downloaded MSFT/1769900730.json -> /tmp/minio_downloads/1769900730.json
[2026-02-03T18:53:30.683+0000] {logging_mixin.py:188} INFO - Downloaded MSFT/1769900731.json -> /tmp/minio_downloads/1769900731.json
[2026-02-03T18:53:30.689+0000] {logging_mixin.py:188} INFO - Downloaded MSFT/1769900732.json -> /tmp/minio_downloads/1769900732.json
[2026-02-03T18:53:30.695+0000] {logging_mixin.py:188} INFO - Downloaded MSFT/1769900733.json -> /tmp/minio_downloads/1769900733.json
[2026-02-03T18:53:30.702+0000] {logging_mixin.py:188} INFO - Downloaded MSFT/1769900734.json -> /tmp/minio_downloads/1769900734.json
[2026-02-03T18:53:30.709+0000] {logging_mixin.py:188} INFO - Downloaded MSFT/1769900735.json -> /tmp/minio_downloads/1769900735.json
[2026-02-03T18:53:30.715+0000] {logging_mixin.py:188} INFO - Downloaded MSFT/1769900736.json -> /tmp/minio_downloads/1769900736.json
[2026-02-03T18:53:30.721+0000] {logging_mixin.py:188} INFO - Downloaded MSFT/1769900737.json -> /tmp/minio_downloads/1769900737.json
[2026-02-03T18:53:30.727+0000] {logging_mixin.py:188} INFO - Downloaded MSFT/1769900738.json -> /tmp/minio_downloads/1769900738.json
[2026-02-03T18:53:30.733+0000] {logging_mixin.py:188} INFO - Downloaded MSFT/1769900739.json -> /tmp/minio_downloads/1769900739.json
[2026-02-03T18:53:30.738+0000] {logging_mixin.py:188} INFO - Downloaded MSFT/1769900740.json -> /tmp/minio_downloads/1769900740.json
[2026-02-03T18:53:30.744+0000] {logging_mixin.py:188} INFO - Downloaded MSFT/1769900741.json -> /tmp/minio_downloads/1769900741.json
[2026-02-03T18:53:30.749+0000] {logging_mixin.py:188} INFO - Downloaded MSFT/1769900742.json -> /tmp/minio_downloads/1769900742.json
[2026-02-03T18:53:30.755+0000] {logging_mixin.py:188} INFO - Downloaded MSFT/1769900743.json -> /tmp/minio_downloads/1769900743.json
[2026-02-03T18:53:30.761+0000] {logging_mixin.py:188} INFO - Downloaded MSFT/1769900744.json -> /tmp/minio_downloads/1769900744.json
[2026-02-03T18:53:30.767+0000] {logging_mixin.py:188} INFO - Downloaded MSFT/1769900745.json -> /tmp/minio_downloads/1769900745.json
[2026-02-03T18:53:30.773+0000] {logging_mixin.py:188} INFO - Downloaded MSFT/1769900746.json -> /tmp/minio_downloads/1769900746.json
[2026-02-03T18:53:30.779+0000] {logging_mixin.py:188} INFO - Downloaded MSFT/1769900747.json -> /tmp/minio_downloads/1769900747.json
[2026-02-03T18:53:30.784+0000] {logging_mixin.py:188} INFO - Downloaded MSFT/1769900748.json -> /tmp/minio_downloads/1769900748.json
[2026-02-03T18:53:30.792+0000] {logging_mixin.py:188} INFO - Downloaded MSFT/1769900749.json -> /tmp/minio_downloads/1769900749.json
[2026-02-03T18:53:30.798+0000] {logging_mixin.py:188} INFO - Downloaded MSFT/1769900750.json -> /tmp/minio_downloads/1769900750.json
[2026-02-03T18:53:30.804+0000] {logging_mixin.py:188} INFO - Downloaded MSFT/1769900751.json -> /tmp/minio_downloads/1769900751.json
[2026-02-03T18:53:30.809+0000] {logging_mixin.py:188} INFO - Downloaded MSFT/1769900752.json -> /tmp/minio_downloads/1769900752.json
[2026-02-03T18:53:30.814+0000] {logging_mixin.py:188} INFO - Downloaded MSFT/1769900753.json -> /tmp/minio_downloads/1769900753.json
[2026-02-03T18:53:30.819+0000] {logging_mixin.py:188} INFO - Downloaded MSFT/1769900754.json -> /tmp/minio_downloads/1769900754.json
[2026-02-03T18:53:30.825+0000] {logging_mixin.py:188} INFO - Downloaded MSFT/1769900755.json -> /tmp/minio_downloads/1769900755.json
[2026-02-03T18:53:30.831+0000] {logging_mixin.py:188} INFO - Downloaded MSFT/1769900756.json -> /tmp/minio_downloads/1769900756.json
[2026-02-03T18:53:30.836+0000] {logging_mixin.py:188} INFO - Downloaded MSFT/1769900757.json -> /tmp/minio_downloads/1769900757.json
[2026-02-03T18:53:30.842+0000] {logging_mixin.py:188} INFO - Downloaded MSFT/1769900758.json -> /tmp/minio_downloads/1769900758.json
[2026-02-03T18:53:30.847+0000] {logging_mixin.py:188} INFO - Downloaded MSFT/1769900759.json -> /tmp/minio_downloads/1769900759.json
[2026-02-03T18:53:30.852+0000] {logging_mixin.py:188} INFO - Downloaded MSFT/1769900760.json -> /tmp/minio_downloads/1769900760.json
[2026-02-03T18:53:30.858+0000] {logging_mixin.py:188} INFO - Downloaded MSFT/1769900761.json -> /tmp/minio_downloads/1769900761.json
[2026-02-03T18:53:30.862+0000] {logging_mixin.py:188} INFO - Downloaded MSFT/1769900762.json -> /tmp/minio_downloads/1769900762.json
[2026-02-03T18:53:30.867+0000] {logging_mixin.py:188} INFO - Downloaded MSFT/1769900763.json -> /tmp/minio_downloads/1769900763.json
[2026-02-03T18:53:30.872+0000] {logging_mixin.py:188} INFO - Downloaded MSFT/1769900764.json -> /tmp/minio_downloads/1769900764.json
[2026-02-03T18:53:30.877+0000] {logging_mixin.py:188} INFO - Downloaded MSFT/1769900765.json -> /tmp/minio_downloads/1769900765.json
[2026-02-03T18:53:30.882+0000] {logging_mixin.py:188} INFO - Downloaded MSFT/1769900766.json -> /tmp/minio_downloads/1769900766.json
[2026-02-03T18:53:30.887+0000] {logging_mixin.py:188} INFO - Downloaded TSLA/1769900678.json -> /tmp/minio_downloads/1769900678.json
[2026-02-03T18:53:30.895+0000] {logging_mixin.py:188} INFO - Downloaded TSLA/1769900679.json -> /tmp/minio_downloads/1769900679.json
[2026-02-03T18:53:30.900+0000] {logging_mixin.py:188} INFO - Downloaded TSLA/1769900680.json -> /tmp/minio_downloads/1769900680.json
[2026-02-03T18:53:30.906+0000] {logging_mixin.py:188} INFO - Downloaded TSLA/1769900681.json -> /tmp/minio_downloads/1769900681.json
[2026-02-03T18:53:30.912+0000] {logging_mixin.py:188} INFO - Downloaded TSLA/1769900682.json -> /tmp/minio_downloads/1769900682.json
[2026-02-03T18:53:30.917+0000] {logging_mixin.py:188} INFO - Downloaded TSLA/1769900683.json -> /tmp/minio_downloads/1769900683.json
[2026-02-03T18:53:30.923+0000] {logging_mixin.py:188} INFO - Downloaded TSLA/1769900684.json -> /tmp/minio_downloads/1769900684.json
[2026-02-03T18:53:30.929+0000] {logging_mixin.py:188} INFO - Downloaded TSLA/1769900685.json -> /tmp/minio_downloads/1769900685.json
[2026-02-03T18:53:30.935+0000] {logging_mixin.py:188} INFO - Downloaded TSLA/1769900686.json -> /tmp/minio_downloads/1769900686.json
[2026-02-03T18:53:30.941+0000] {logging_mixin.py:188} INFO - Downloaded TSLA/1769900687.json -> /tmp/minio_downloads/1769900687.json
[2026-02-03T18:53:30.948+0000] {logging_mixin.py:188} INFO - Downloaded TSLA/1769900688.json -> /tmp/minio_downloads/1769900688.json
[2026-02-03T18:53:30.953+0000] {logging_mixin.py:188} INFO - Downloaded TSLA/1769900689.json -> /tmp/minio_downloads/1769900689.json
[2026-02-03T18:53:30.960+0000] {logging_mixin.py:188} INFO - Downloaded TSLA/1769900690.json -> /tmp/minio_downloads/1769900690.json
[2026-02-03T18:53:30.966+0000] {logging_mixin.py:188} INFO - Downloaded TSLA/1769900691.json -> /tmp/minio_downloads/1769900691.json
[2026-02-03T18:53:30.973+0000] {logging_mixin.py:188} INFO - Downloaded TSLA/1769900692.json -> /tmp/minio_downloads/1769900692.json
[2026-02-03T18:53:30.980+0000] {logging_mixin.py:188} INFO - Downloaded TSLA/1769900693.json -> /tmp/minio_downloads/1769900693.json
[2026-02-03T18:53:30.986+0000] {logging_mixin.py:188} INFO - Downloaded TSLA/1769900694.json -> /tmp/minio_downloads/1769900694.json
[2026-02-03T18:53:30.994+0000] {logging_mixin.py:188} INFO - Downloaded TSLA/1769900695.json -> /tmp/minio_downloads/1769900695.json
[2026-02-03T18:53:31.001+0000] {logging_mixin.py:188} INFO - Downloaded TSLA/1769900696.json -> /tmp/minio_downloads/1769900696.json
[2026-02-03T18:53:31.007+0000] {logging_mixin.py:188} INFO - Downloaded TSLA/1769900697.json -> /tmp/minio_downloads/1769900697.json
[2026-02-03T18:53:31.014+0000] {logging_mixin.py:188} INFO - Downloaded TSLA/1769900698.json -> /tmp/minio_downloads/1769900698.json
[2026-02-03T18:53:31.020+0000] {logging_mixin.py:188} INFO - Downloaded TSLA/1769900699.json -> /tmp/minio_downloads/1769900699.json
[2026-02-03T18:53:31.028+0000] {logging_mixin.py:188} INFO - Downloaded TSLA/1769900700.json -> /tmp/minio_downloads/1769900700.json
[2026-02-03T18:53:31.035+0000] {logging_mixin.py:188} INFO - Downloaded TSLA/1769900701.json -> /tmp/minio_downloads/1769900701.json
[2026-02-03T18:53:31.041+0000] {logging_mixin.py:188} INFO - Downloaded TSLA/1769900702.json -> /tmp/minio_downloads/1769900702.json
[2026-02-03T18:53:31.048+0000] {logging_mixin.py:188} INFO - Downloaded TSLA/1769900703.json -> /tmp/minio_downloads/1769900703.json
[2026-02-03T18:53:31.054+0000] {logging_mixin.py:188} INFO - Downloaded TSLA/1769900704.json -> /tmp/minio_downloads/1769900704.json
[2026-02-03T18:53:31.060+0000] {logging_mixin.py:188} INFO - Downloaded TSLA/1769900705.json -> /tmp/minio_downloads/1769900705.json
[2026-02-03T18:53:31.067+0000] {logging_mixin.py:188} INFO - Downloaded TSLA/1769900706.json -> /tmp/minio_downloads/1769900706.json
[2026-02-03T18:53:31.073+0000] {logging_mixin.py:188} INFO - Downloaded TSLA/1769900707.json -> /tmp/minio_downloads/1769900707.json
[2026-02-03T18:53:31.083+0000] {logging_mixin.py:188} INFO - Downloaded TSLA/1769900708.json -> /tmp/minio_downloads/1769900708.json
[2026-02-03T18:53:31.089+0000] {logging_mixin.py:188} INFO - Downloaded TSLA/1769900709.json -> /tmp/minio_downloads/1769900709.json
[2026-02-03T18:53:31.097+0000] {logging_mixin.py:188} INFO - Downloaded TSLA/1769900710.json -> /tmp/minio_downloads/1769900710.json
[2026-02-03T18:53:31.102+0000] {logging_mixin.py:188} INFO - Downloaded TSLA/1769900711.json -> /tmp/minio_downloads/1769900711.json
[2026-02-03T18:53:31.108+0000] {logging_mixin.py:188} INFO - Downloaded TSLA/1769900712.json -> /tmp/minio_downloads/1769900712.json
[2026-02-03T18:53:31.114+0000] {logging_mixin.py:188} INFO - Downloaded TSLA/1769900713.json -> /tmp/minio_downloads/1769900713.json
[2026-02-03T18:53:31.119+0000] {logging_mixin.py:188} INFO - Downloaded TSLA/1769900714.json -> /tmp/minio_downloads/1769900714.json
[2026-02-03T18:53:31.124+0000] {logging_mixin.py:188} INFO - Downloaded TSLA/1769900715.json -> /tmp/minio_downloads/1769900715.json
[2026-02-03T18:53:31.130+0000] {logging_mixin.py:188} INFO - Downloaded TSLA/1769900716.json -> /tmp/minio_downloads/1769900716.json
[2026-02-03T18:53:31.135+0000] {logging_mixin.py:188} INFO - Downloaded TSLA/1769900717.json -> /tmp/minio_downloads/1769900717.json
[2026-02-03T18:53:31.140+0000] {logging_mixin.py:188} INFO - Downloaded TSLA/1769900718.json -> /tmp/minio_downloads/1769900718.json
[2026-02-03T18:53:31.146+0000] {logging_mixin.py:188} INFO - Downloaded TSLA/1769900719.json -> /tmp/minio_downloads/1769900719.json
[2026-02-03T18:53:31.150+0000] {logging_mixin.py:188} INFO - Downloaded TSLA/1769900720.json -> /tmp/minio_downloads/1769900720.json
[2026-02-03T18:53:31.155+0000] {logging_mixin.py:188} INFO - Downloaded TSLA/1769900721.json -> /tmp/minio_downloads/1769900721.json
[2026-02-03T18:53:31.160+0000] {logging_mixin.py:188} INFO - Downloaded TSLA/1769900722.json -> /tmp/minio_downloads/1769900722.json
[2026-02-03T18:53:31.166+0000] {logging_mixin.py:188} INFO - Downloaded TSLA/1769900723.json -> /tmp/minio_downloads/1769900723.json
[2026-02-03T18:53:31.171+0000] {logging_mixin.py:188} INFO - Downloaded TSLA/1769900724.json -> /tmp/minio_downloads/1769900724.json
[2026-02-03T18:53:31.177+0000] {logging_mixin.py:188} INFO - Downloaded TSLA/1769900725.json -> /tmp/minio_downloads/1769900725.json
[2026-02-03T18:53:31.183+0000] {logging_mixin.py:188} INFO - Downloaded TSLA/1769900726.json -> /tmp/minio_downloads/1769900726.json
[2026-02-03T18:53:31.188+0000] {logging_mixin.py:188} INFO - Downloaded TSLA/1769900727.json -> /tmp/minio_downloads/1769900727.json
[2026-02-03T18:53:31.193+0000] {logging_mixin.py:188} INFO - Downloaded TSLA/1769900728.json -> /tmp/minio_downloads/1769900728.json
[2026-02-03T18:53:31.198+0000] {logging_mixin.py:188} INFO - Downloaded TSLA/1769900729.json -> /tmp/minio_downloads/1769900729.json
[2026-02-03T18:53:31.203+0000] {logging_mixin.py:188} INFO - Downloaded TSLA/1769900730.json -> /tmp/minio_downloads/1769900730.json
[2026-02-03T18:53:31.208+0000] {logging_mixin.py:188} INFO - Downloaded TSLA/1769900731.json -> /tmp/minio_downloads/1769900731.json
[2026-02-03T18:53:31.215+0000] {logging_mixin.py:188} INFO - Downloaded TSLA/1769900732.json -> /tmp/minio_downloads/1769900732.json
[2026-02-03T18:53:31.222+0000] {logging_mixin.py:188} INFO - Downloaded TSLA/1769900733.json -> /tmp/minio_downloads/1769900733.json
[2026-02-03T18:53:31.227+0000] {logging_mixin.py:188} INFO - Downloaded TSLA/1769900734.json -> /tmp/minio_downloads/1769900734.json
[2026-02-03T18:53:31.233+0000] {logging_mixin.py:188} INFO - Downloaded TSLA/1769900735.json -> /tmp/minio_downloads/1769900735.json
[2026-02-03T18:53:31.239+0000] {logging_mixin.py:188} INFO - Downloaded TSLA/1769900736.json -> /tmp/minio_downloads/1769900736.json
[2026-02-03T18:53:31.245+0000] {logging_mixin.py:188} INFO - Downloaded TSLA/1769900737.json -> /tmp/minio_downloads/1769900737.json
[2026-02-03T18:53:31.251+0000] {logging_mixin.py:188} INFO - Downloaded TSLA/1769900738.json -> /tmp/minio_downloads/1769900738.json
[2026-02-03T18:53:31.256+0000] {logging_mixin.py:188} INFO - Downloaded TSLA/1769900739.json -> /tmp/minio_downloads/1769900739.json
[2026-02-03T18:53:31.262+0000] {logging_mixin.py:188} INFO - Downloaded TSLA/1769900740.json -> /tmp/minio_downloads/1769900740.json
[2026-02-03T18:53:31.269+0000] {logging_mixin.py:188} INFO - Downloaded TSLA/1769900741.json -> /tmp/minio_downloads/1769900741.json
[2026-02-03T18:53:31.274+0000] {logging_mixin.py:188} INFO - Downloaded TSLA/1769900742.json -> /tmp/minio_downloads/1769900742.json
[2026-02-03T18:53:31.280+0000] {logging_mixin.py:188} INFO - Downloaded TSLA/1769900743.json -> /tmp/minio_downloads/1769900743.json
[2026-02-03T18:53:31.287+0000] {logging_mixin.py:188} INFO - Downloaded TSLA/1769900744.json -> /tmp/minio_downloads/1769900744.json
[2026-02-03T18:53:31.292+0000] {logging_mixin.py:188} INFO - Downloaded TSLA/1769900745.json -> /tmp/minio_downloads/1769900745.json
[2026-02-03T18:53:31.298+0000] {logging_mixin.py:188} INFO - Downloaded TSLA/1769900746.json -> /tmp/minio_downloads/1769900746.json
[2026-02-03T18:53:31.303+0000] {logging_mixin.py:188} INFO - Downloaded TSLA/1769900747.json -> /tmp/minio_downloads/1769900747.json
[2026-02-03T18:53:31.308+0000] {logging_mixin.py:188} INFO - Downloaded TSLA/1769900748.json -> /tmp/minio_downloads/1769900748.json
[2026-02-03T18:53:31.315+0000] {logging_mixin.py:188} INFO - Downloaded TSLA/1769900749.json -> /tmp/minio_downloads/1769900749.json
[2026-02-03T18:53:31.321+0000] {logging_mixin.py:188} INFO - Downloaded TSLA/1769900750.json -> /tmp/minio_downloads/1769900750.json
[2026-02-03T18:53:31.327+0000] {logging_mixin.py:188} INFO - Downloaded TSLA/1769900751.json -> /tmp/minio_downloads/1769900751.json
[2026-02-03T18:53:31.332+0000] {logging_mixin.py:188} INFO - Downloaded TSLA/1769900752.json -> /tmp/minio_downloads/1769900752.json
[2026-02-03T18:53:31.338+0000] {logging_mixin.py:188} INFO - Downloaded TSLA/1769900753.json -> /tmp/minio_downloads/1769900753.json
[2026-02-03T18:53:31.343+0000] {logging_mixin.py:188} INFO - Downloaded TSLA/1769900754.json -> /tmp/minio_downloads/1769900754.json
[2026-02-03T18:53:31.348+0000] {logging_mixin.py:188} INFO - Downloaded TSLA/1769900755.json -> /tmp/minio_downloads/1769900755.json
[2026-02-03T18:53:31.354+0000] {logging_mixin.py:188} INFO - Downloaded TSLA/1769900756.json -> /tmp/minio_downloads/1769900756.json
[2026-02-03T18:53:31.360+0000] {logging_mixin.py:188} INFO - Downloaded TSLA/1769900757.json -> /tmp/minio_downloads/1769900757.json
[2026-02-03T18:53:31.367+0000] {logging_mixin.py:188} INFO - Downloaded TSLA/1769900758.json -> /tmp/minio_downloads/1769900758.json
[2026-02-03T18:53:31.373+0000] {logging_mixin.py:188} INFO - Downloaded TSLA/1769900759.json -> /tmp/minio_downloads/1769900759.json
[2026-02-03T18:53:31.379+0000] {logging_mixin.py:188} INFO - Downloaded TSLA/1769900760.json -> /tmp/minio_downloads/1769900760.json
[2026-02-03T18:53:31.385+0000] {logging_mixin.py:188} INFO - Downloaded TSLA/1769900761.json -> /tmp/minio_downloads/1769900761.json
[2026-02-03T18:53:31.391+0000] {logging_mixin.py:188} INFO - Downloaded TSLA/1769900762.json -> /tmp/minio_downloads/1769900762.json
[2026-02-03T18:53:31.397+0000] {logging_mixin.py:188} INFO - Downloaded TSLA/1769900763.json -> /tmp/minio_downloads/1769900763.json
[2026-02-03T18:53:31.403+0000] {logging_mixin.py:188} INFO - Downloaded TSLA/1769900764.json -> /tmp/minio_downloads/1769900764.json
[2026-02-03T18:53:31.409+0000] {logging_mixin.py:188} INFO - Downloaded TSLA/1769900765.json -> /tmp/minio_downloads/1769900765.json
[2026-02-03T18:53:31.415+0000] {logging_mixin.py:188} INFO - Downloaded TSLA/1769900766.json -> /tmp/minio_downloads/1769900766.json
[2026-02-03T18:53:31.416+0000] {python.py:237} INFO - Done. Returned value was: ['/tmp/minio_downloads/1769900678.json', '/tmp/minio_downloads/1769900679.json', '/tmp/minio_downloads/1769900680.json', '/tmp/minio_downloads/1769900681.json', '/tmp/minio_downloads/1769900682.json', '/tmp/minio_downloads/1769900683.json', '/tmp/minio_downloads/1769900684.json', '/tmp/minio_downloads/1769900685.json', '/tmp/minio_downloads/1769900686.json', '/tmp/minio_downloads/1769900687.json', '/tmp/minio_downloads/1769900688.json', '/tmp/minio_downloads/1769900689.json', '/tmp/minio_downloads/1769900690.json', '/tmp/minio_downloads/1769900691.json', '/tmp/minio_downloads/1769900692.json', '/tmp/minio_downloads/1769900693.json', '/tmp/minio_downloads/1769900694.json', '/tmp/minio_downloads/1769900695.json', '/tmp/minio_downloads/1769900696.json', '/tmp/minio_downloads/1769900697.json', '/tmp/minio_downloads/1769900698.json', '/tmp/minio_downloads/1769900699.json', '/tmp/minio_downloads/1769900700.json', '/tmp/minio_downloads/1769900701.json', '/tmp/minio_downloads/1769900702.json', '/tmp/minio_downloads/1769900703.json', '/tmp/minio_downloads/1769900704.json', '/tmp/minio_downloads/1769900705.json', '/tmp/minio_downloads/1769900706.json', '/tmp/minio_downloads/1769900707.json', '/tmp/minio_downloads/1769900708.json', '/tmp/minio_downloads/1769900709.json', '/tmp/minio_downloads/1769900710.json', '/tmp/minio_downloads/1769900711.json', '/tmp/minio_downloads/1769900712.json', '/tmp/minio_downloads/1769900713.json', '/tmp/minio_downloads/1769900714.json', '/tmp/minio_downloads/1769900715.json', '/tmp/minio_downloads/1769900716.json', '/tmp/minio_downloads/1769900717.json', '/tmp/minio_downloads/1769900718.json', '/tmp/minio_downloads/1769900719.json', '/tmp/minio_downloads/1769900720.json', '/tmp/minio_downloads/1769900721.json', '/tmp/minio_downloads/1769900722.json', '/tmp/minio_downloads/1769900723.json', '/tmp/minio_downloads/1769900724.json', '/tmp/minio_downloads/1769900725.json', '/tmp/minio_downloads/1769900726.json', '/tmp/minio_downloads/1769900727.json', '/tmp/minio_downloads/1769900728.json', '/tmp/minio_downloads/1769900729.json', '/tmp/minio_downloads/1769900730.json', '/tmp/minio_downloads/1769900731.json', '/tmp/minio_downloads/1769900732.json', '/tmp/minio_downloads/1769900733.json', '/tmp/minio_downloads/1769900734.json', '/tmp/minio_downloads/1769900735.json', '/tmp/minio_downloads/1769900736.json', '/tmp/minio_downloads/1769900737.json', '/tmp/minio_downloads/1769900738.json', '/tmp/minio_downloads/1769900739.json', '/tmp/minio_downloads/1769900740.json', '/tmp/minio_downloads/1769900741.json', '/tmp/minio_downloads/1769900742.json', '/tmp/minio_downloads/1769900743.json', '/tmp/minio_downloads/1769900744.json', '/tmp/minio_downloads/1769900745.json', '/tmp/minio_downloads/1769900746.json', '/tmp/minio_downloads/1769900747.json', '/tmp/minio_downloads/1769900748.json', '/tmp/minio_downloads/1769900749.json', '/tmp/minio_downloads/1769900750.json', '/tmp/minio_downloads/1769900751.json', '/tmp/minio_downloads/1769900752.json', '/tmp/minio_downloads/1769900753.json', '/tmp/minio_downloads/1769900754.json', '/tmp/minio_downloads/1769900755.json', '/tmp/minio_downloads/1769900756.json', '/tmp/minio_downloads/1769900757.json', '/tmp/minio_downloads/1769900758.json', '/tmp/minio_downloads/1769900759.json', '/tmp/minio_downloads/1769900760.json', '/tmp/minio_downloads/1769900761.json', '/tmp/minio_downloads/1769900762.json', '/tmp/minio_downloads/1769900763.json', '/tmp/minio_downloads/1769900764.json', '/tmp/minio_downloads/1769900765.json', '/tmp/minio_downloads/1769900766.json', '/tmp/minio_downloads/1769900678.json', '/tmp/minio_downloads/1769900679.json', '/tmp/minio_downloads/1769900680.json', '/tmp/minio_downloads/1769900681.json', '/tmp/minio_downloads/1769900682.json', '/tmp/minio_downloads/1769900683.json', '/tmp/minio_downloads/1769900684.json', '/tmp/minio_downloads/1769900685.json', '/tmp/minio_downloads/1769900686.json', '/tmp/minio_downloads/1769900687.json', '/tmp/minio_downloads/1769900688.json', '/tmp/minio_downloads/1769900689.json', '/tmp/minio_downloads/1769900690.json', '/tmp/minio_downloads/1769900691.json', '/tmp/minio_downloads/1769900692.json', '/tmp/minio_downloads/1769900693.json', '/tmp/minio_downloads/1769900694.json', '/tmp/minio_downloads/1769900695.json', '/tmp/minio_downloads/1769900696.json', '/tmp/minio_downloads/1769900697.json', '/tmp/minio_downloads/1769900698.json', '/tmp/minio_downloads/1769900699.json', '/tmp/minio_downloads/1769900700.json', '/tmp/minio_downloads/1769900701.json', '/tmp/minio_downloads/1769900702.json', '/tmp/minio_downloads/1769900703.json', '/tmp/minio_downloads/1769900704.json', '/tmp/minio_downloads/1769900705.json', '/tmp/minio_downloads/1769900706.json', '/tmp/minio_downloads/1769900707.json', '/tmp/minio_downloads/1769900708.json', '/tmp/minio_downloads/1769900709.json', '/tmp/minio_downloads/1769900710.json', '/tmp/minio_downloads/1769900711.json', '/tmp/minio_downloads/1769900712.json', '/tmp/minio_downloads/1769900713.json', '/tmp/minio_downloads/1769900714.json', '/tmp/minio_downloads/1769900715.json', '/tmp/minio_downloads/1769900716.json', '/tmp/minio_downloads/1769900717.json', '/tmp/minio_downloads/1769900718.json', '/tmp/minio_downloads/1769900719.json', '/tmp/minio_downloads/1769900720.json', '/tmp/minio_downloads/1769900721.json', '/tmp/minio_downloads/1769900722.json', '/tmp/minio_downloads/1769900723.json', '/tmp/minio_downloads/1769900724.json', '/tmp/minio_downloads/1769900725.json', '/tmp/minio_downloads/1769900726.json', '/tmp/minio_downloads/1769900727.json', '/tmp/minio_downloads/1769900728.json', '/tmp/minio_downloads/1769900729.json', '/tmp/minio_downloads/1769900730.json', '/tmp/minio_downloads/1769900731.json', '/tmp/minio_downloads/1769900732.json', '/tmp/minio_downloads/1769900733.json', '/tmp/minio_downloads/1769900734.json', '/tmp/minio_downloads/1769900735.json', '/tmp/minio_downloads/1769900736.json', '/tmp/minio_downloads/1769900737.json', '/tmp/minio_downloads/1769900738.json', '/tmp/minio_downloads/1769900739.json', '/tmp/minio_downloads/1769900740.json', '/tmp/minio_downloads/1769900741.json', '/tmp/minio_downloads/1769900742.json', '/tmp/minio_downloads/1769900743.json', '/tmp/minio_downloads/1769900744.json', '/tmp/minio_downloads/1769900745.json', '/tmp/minio_downloads/1769900746.json', '/tmp/minio_downloads/1769900747.json', '/tmp/minio_downloads/1769900748.json', '/tmp/minio_downloads/1769900749.json', '/tmp/minio_downloads/1769900750.json', '/tmp/minio_downloads/1769900751.json', '/tmp/minio_downloads/1769900752.json', '/tmp/minio_downloads/1769900753.json', '/tmp/minio_downloads/1769900754.json', '/tmp/minio_downloads/1769900755.json', '/tmp/minio_downloads/1769900756.json', '/tmp/minio_downloads/1769900757.json', '/tmp/minio_downloads/1769900758.json', '/tmp/minio_downloads/1769900759.json', '/tmp/minio_downloads/1769900760.json', '/tmp/minio_downloads/1769900761.json', '/tmp/minio_downloads/1769900762.json', '/tmp/minio_downloads/1769900763.json', '/tmp/minio_downloads/1769900764.json', '/tmp/minio_downloads/1769900765.json', '/tmp/minio_downloads/1769900766.json', '/tmp/minio_downloads/1769900678.json', '/tmp/minio_downloads/1769900679.json', '/tmp/minio_downloads/1769900680.json', '/tmp/minio_downloads/1769900681.json', '/tmp/minio_downloads/1769900682.json', '/tmp/minio_downloads/1769900683.json', '/tmp/minio_downloads/1769900684.json', '/tmp/minio_downloads/1769900685.json', '/tmp/minio_downloads/1769900686.json', '/tmp/minio_downloads/1769900687.json', '/tmp/minio_downloads/1769900688.json', '/tmp/minio_downloads/1769900689.json', '/tmp/minio_downloads/1769900690.json', '/tmp/minio_downloads/1769900691.json', '/tmp/minio_downloads/1769900692.json', '/tmp/minio_downloads/1769900693.json', '/tmp/minio_downloads/1769900694.json', '/tmp/minio_downloads/1769900695.json', '/tmp/minio_downloads/1769900696.json', '/tmp/minio_downloads/1769900697.json', '/tmp/minio_downloads/1769900698.json', '/tmp/minio_downloads/1769900699.json', '/tmp/minio_downloads/1769900700.json', '/tmp/minio_downloads/1769900701.json', '/tmp/minio_downloads/1769900702.json', '/tmp/minio_downloads/1769900703.json', '/tmp/minio_downloads/1769900704.json', '/tmp/minio_downloads/1769900705.json', '/tmp/minio_downloads/1769900706.json', '/tmp/minio_downloads/1769900707.json', '/tmp/minio_downloads/1769900708.json', '/tmp/minio_downloads/1769900709.json', '/tmp/minio_downloads/1769900710.json', '/tmp/minio_downloads/1769900711.json', '/tmp/minio_downloads/1769900712.json', '/tmp/minio_downloads/1769900713.json', '/tmp/minio_downloads/1769900714.json', '/tmp/minio_downloads/1769900715.json', '/tmp/minio_downloads/1769900716.json', '/tmp/minio_downloads/1769900717.json', '/tmp/minio_downloads/1769900718.json', '/tmp/minio_downloads/1769900719.json', '/tmp/minio_downloads/1769900720.json', '/tmp/minio_downloads/1769900721.json', '/tmp/minio_downloads/1769900722.json', '/tmp/minio_downloads/1769900723.json', '/tmp/minio_downloads/1769900724.json', '/tmp/minio_downloads/1769900725.json', '/tmp/minio_downloads/1769900726.json', '/tmp/minio_downloads/1769900727.json', '/tmp/minio_downloads/1769900728.json', '/tmp/minio_downloads/1769900729.json', '/tmp/minio_downloads/1769900730.json', '/tmp/minio_downloads/1769900731.json', '/tmp/minio_downloads/1769900732.json', '/tmp/minio_downloads/1769900733.json', '/tmp/minio_downloads/1769900734.json', '/tmp/minio_downloads/1769900735.json', '/tmp/minio_downloads/1769900736.json', '/tmp/minio_downloads/1769900737.json', '/tmp/minio_downloads/1769900738.json', '/tmp/minio_downloads/1769900739.json', '/tmp/minio_downloads/1769900740.json', '/tmp/minio_downloads/1769900741.json', '/tmp/minio_downloads/1769900742.json', '/tmp/minio_downloads/1769900743.json', '/tmp/minio_downloads/1769900744.json', '/tmp/minio_downloads/1769900745.json', '/tmp/minio_downloads/1769900746.json', '/tmp/minio_downloads/1769900747.json', '/tmp/minio_downloads/1769900748.json', '/tmp/minio_downloads/1769900749.json', '/tmp/minio_downloads/1769900750.json', '/tmp/minio_downloads/1769900751.json', '/tmp/minio_downloads/1769900752.json', '/tmp/minio_downloads/1769900753.json', '/tmp/minio_downloads/1769900754.json', '/tmp/minio_downloads/1769900755.json', '/tmp/minio_downloads/1769900756.json', '/tmp/minio_downloads/1769900757.json', '/tmp/minio_downloads/1769900758.json', '/tmp/minio_downloads/1769900759.json', '/tmp/minio_downloads/1769900760.json', '/tmp/minio_downloads/1769900761.json', '/tmp/minio_downloads/1769900762.json', '/tmp/minio_downloads/1769900763.json', '/tmp/minio_downloads/1769900764.json', '/tmp/minio_downloads/1769900765.json', '/tmp/minio_downloads/1769900766.json', '/tmp/minio_downloads/1769900678.json', '/tmp/minio_downloads/1769900679.json', '/tmp/minio_downloads/1769900680.json', '/tmp/minio_downloads/1769900681.json', '/tmp/minio_downloads/1769900682.json', '/tmp/minio_downloads/1769900683.json', '/tmp/minio_downloads/1769900684.json', '/tmp/minio_downloads/1769900685.json', '/tmp/minio_downloads/1769900686.json', '/tmp/minio_downloads/1769900687.json', '/tmp/minio_downloads/1769900688.json', '/tmp/minio_downloads/1769900689.json', '/tmp/minio_downloads/1769900690.json', '/tmp/minio_downloads/1769900691.json', '/tmp/minio_downloads/1769900692.json', '/tmp/minio_downloads/1769900693.json', '/tmp/minio_downloads/1769900694.json', '/tmp/minio_downloads/1769900695.json', '/tmp/minio_downloads/1769900696.json', '/tmp/minio_downloads/1769900697.json', '/tmp/minio_downloads/1769900698.json', '/tmp/minio_downloads/1769900699.json', '/tmp/minio_downloads/1769900700.json', '/tmp/minio_downloads/1769900701.json', '/tmp/minio_downloads/1769900702.json', '/tmp/minio_downloads/1769900703.json', '/tmp/minio_downloads/1769900704.json', '/tmp/minio_downloads/1769900705.json', '/tmp/minio_downloads/1769900706.json', '/tmp/minio_downloads/1769900707.json', '/tmp/minio_downloads/1769900708.json', '/tmp/minio_downloads/1769900709.json', '/tmp/minio_downloads/1769900710.json', '/tmp/minio_downloads/1769900711.json', '/tmp/minio_downloads/1769900712.json', '/tmp/minio_downloads/1769900713.json', '/tmp/minio_downloads/1769900714.json', '/tmp/minio_downloads/1769900715.json', '/tmp/minio_downloads/1769900716.json', '/tmp/minio_downloads/1769900717.json', '/tmp/minio_downloads/1769900718.json', '/tmp/minio_downloads/1769900719.json', '/tmp/minio_downloads/1769900720.json', '/tmp/minio_downloads/1769900721.json', '/tmp/minio_downloads/1769900722.json', '/tmp/minio_downloads/1769900723.json', '/tmp/minio_downloads/1769900724.json', '/tmp/minio_downloads/1769900725.json', '/tmp/minio_downloads/1769900726.json', '/tmp/minio_downloads/1769900727.json', '/tmp/minio_downloads/1769900728.json', '/tmp/minio_downloads/1769900729.json', '/tmp/minio_downloads/1769900730.json', '/tmp/minio_downloads/1769900731.json', '/tmp/minio_downloads/1769900732.json', '/tmp/minio_downloads/1769900733.json', '/tmp/minio_downloads/1769900734.json', '/tmp/minio_downloads/1769900735.json', '/tmp/minio_downloads/1769900736.json', '/tmp/minio_downloads/1769900737.json', '/tmp/minio_downloads/1769900738.json', '/tmp/minio_downloads/1769900739.json', '/tmp/minio_downloads/1769900740.json', '/tmp/minio_downloads/1769900741.json', '/tmp/minio_downloads/1769900742.json', '/tmp/minio_downloads/1769900743.json', '/tmp/minio_downloads/1769900744.json', '/tmp/minio_downloads/1769900745.json', '/tmp/minio_downloads/1769900746.json', '/tmp/minio_downloads/1769900747.json', '/tmp/minio_downloads/1769900748.json', '/tmp/minio_downloads/1769900749.json', '/tmp/minio_downloads/1769900750.json', '/tmp/minio_downloads/1769900751.json', '/tmp/minio_downloads/1769900752.json', '/tmp/minio_downloads/1769900753.json', '/tmp/minio_downloads/1769900754.json', '/tmp/minio_downloads/1769900755.json', '/tmp/minio_downloads/1769900756.json', '/tmp/minio_downloads/1769900757.json', '/tmp/minio_downloads/1769900758.json', '/tmp/minio_downloads/1769900759.json', '/tmp/minio_downloads/1769900760.json', '/tmp/minio_downloads/1769900761.json', '/tmp/minio_downloads/1769900762.json', '/tmp/minio_downloads/1769900763.json', '/tmp/minio_downloads/1769900764.json', '/tmp/minio_downloads/1769900765.json', '/tmp/minio_downloads/1769900766.json', '/tmp/minio_downloads/1769900678.json', '/tmp/minio_downloads/1769900679.json', '/tmp/minio_downloads/1769900680.json', '/tmp/minio_downloads/1769900681.json', '/tmp/minio_downloads/1769900682.json', '/tmp/minio_downloads/1769900683.json', '/tmp/minio_downloads/1769900684.json', '/tmp/minio_downloads/1769900685.json', '/tmp/minio_downloads/1769900686.json', '/tmp/minio_downloads/1769900687.json', '/tmp/minio_downloads/1769900688.json', '/tmp/minio_downloads/1769900689.json', '/tmp/minio_downloads/1769900690.json', '/tmp/minio_downloads/1769900691.json', '/tmp/minio_downloads/1769900692.json', '/tmp/minio_downloads/1769900693.json', '/tmp/minio_downloads/1769900694.json', '/tmp/minio_downloads/1769900695.json', '/tmp/minio_downloads/1769900696.json', '/tmp/minio_downloads/1769900697.json', '/tmp/minio_downloads/1769900698.json', '/tmp/minio_downloads/1769900699.json', '/tmp/minio_downloads/1769900700.json', '/tmp/minio_downloads/1769900701.json', '/tmp/minio_downloads/1769900702.json', '/tmp/minio_downloads/1769900703.json', '/tmp/minio_downloads/1769900704.json', '/tmp/minio_downloads/1769900705.json', '/tmp/minio_downloads/1769900706.json', '/tmp/minio_downloads/1769900707.json', '/tmp/minio_downloads/1769900708.json', '/tmp/minio_downloads/1769900709.json', '/tmp/minio_downloads/1769900710.json', '/tmp/minio_downloads/1769900711.json', '/tmp/minio_downloads/1769900712.json', '/tmp/minio_downloads/1769900713.json', '/tmp/minio_downloads/1769900714.json', '/tmp/minio_downloads/1769900715.json', '/tmp/minio_downloads/1769900716.json', '/tmp/minio_downloads/1769900717.json', '/tmp/minio_downloads/1769900718.json', '/tmp/minio_downloads/1769900719.json', '/tmp/minio_downloads/1769900720.json', '/tmp/minio_downloads/1769900721.json', '/tmp/minio_downloads/1769900722.json', '/tmp/minio_downloads/1769900723.json', '/tmp/minio_downloads/1769900724.json', '/tmp/minio_downloads/1769900725.json', '/tmp/minio_downloads/1769900726.json', '/tmp/minio_downloads/1769900727.json', '/tmp/minio_downloads/1769900728.json', '/tmp/minio_downloads/1769900729.json', '/tmp/minio_downloads/1769900730.json', '/tmp/minio_downloads/1769900731.json', '/tmp/minio_downloads/1769900732.json', '/tmp/minio_downloads/1769900733.json', '/tmp/minio_downloads/1769900734.json', '/tmp/minio_downloads/1769900735.json', '/tmp/minio_downloads/1769900736.json', '/tmp/minio_downloads/1769900737.json', '/tmp/minio_downloads/1769900738.json', '/tmp/minio_downloads/1769900739.json', '/tmp/minio_downloads/1769900740.json', '/tmp/minio_downloads/1769900741.json', '/tmp/minio_downloads/1769900742.json', '/tmp/minio_downloads/1769900743.json', '/tmp/minio_downloads/1769900744.json', '/tmp/minio_downloads/1769900745.json', '/tmp/minio_downloads/1769900746.json', '/tmp/minio_downloads/1769900747.json', '/tmp/minio_downloads/1769900748.json', '/tmp/minio_downloads/1769900749.json', '/tmp/minio_downloads/1769900750.json', '/tmp/minio_downloads/1769900751.json', '/tmp/minio_downloads/1769900752.json', '/tmp/minio_downloads/1769900753.json', '/tmp/minio_downloads/1769900754.json', '/tmp/minio_downloads/1769900755.json', '/tmp/minio_downloads/1769900756.json', '/tmp/minio_downloads/1769900757.json', '/tmp/minio_downloads/1769900758.json', '/tmp/minio_downloads/1769900759.json', '/tmp/minio_downloads/1769900760.json', '/tmp/minio_downloads/1769900761.json', '/tmp/minio_downloads/1769900762.json', '/tmp/minio_downloads/1769900763.json', '/tmp/minio_downloads/1769900764.json', '/tmp/minio_downloads/1769900765.json', '/tmp/minio_downloads/1769900766.json']
[2026-02-03T18:53:31.418+0000] {taskinstance.py:441} INFO - ::group::Post task execution logs
[2026-02-03T18:53:31.440+0000] {taskinstance.py:1206} INFO - Marking task as SUCCESS. dag_id=minio_to_snowflake, task_id=download_minio, run_id=scheduled__2026-02-03T18:52:00+00:00, execution_date=20260203T185200, start_date=20260203T185328, end_date=20260203T185331
[2026-02-03T18:53:31.469+0000] {local_task_job_runner.py:243} INFO - Task exited with return code 0
[2026-02-03T18:53:31.484+0000] {taskinstance.py:3503} INFO - 1 downstream tasks scheduled from follow-on schedule check
[2026-02-03T18:53:31.486+0000] {local_task_job_runner.py:222} INFO - ::endgroup::
