[2026-02-03T19:17:57.836+0000] {local_task_job_runner.py:120} INFO - ::group::Pre task execution logs
[2026-02-03T19:17:57.865+0000] {taskinstance.py:2076} INFO - Dependencies all met for dep_context=non-requeueable deps ti=<TaskInstance: minio_to_snowflake.download_minio scheduled__2026-02-03T19:16:00+00:00 [queued]>
[2026-02-03T19:17:57.871+0000] {taskinstance.py:2076} INFO - Dependencies all met for dep_context=requeueable deps ti=<TaskInstance: minio_to_snowflake.download_minio scheduled__2026-02-03T19:16:00+00:00 [queued]>
[2026-02-03T19:17:57.872+0000] {taskinstance.py:2306} INFO - Starting attempt 1 of 2
[2026-02-03T19:17:57.882+0000] {taskinstance.py:2330} INFO - Executing <Task(PythonOperator): download_minio> on 2026-02-03 19:16:00+00:00
[2026-02-03T19:17:57.890+0000] {standard_task_runner.py:90} INFO - Running: ['***', 'tasks', 'run', 'minio_to_snowflake', 'download_minio', 'scheduled__2026-02-03T19:16:00+00:00', '--job-id', '214', '--raw', '--subdir', 'DAGS_FOLDER/minio_to_***.py', '--cfg-path', '/tmp/tmp6nnj5qcy']
[2026-02-03T19:17:57.894+0000] {standard_task_runner.py:91} INFO - Job 214: Subtask download_minio
[2026-02-03T19:17:57.894+0000] {logging_mixin.py:188} WARNING - /home/***/.local/lib/python3.12/site-packages/***/task/task_runner/standard_task_runner.py:62 DeprecationWarning: This process (pid=74) is multi-threaded, use of fork() may lead to deadlocks in the child.
[2026-02-03T19:17:57.895+0000] {standard_task_runner.py:64} INFO - Started process 98 to run task
[2026-02-03T19:17:57.974+0000] {task_command.py:426} INFO - Running <TaskInstance: minio_to_snowflake.download_minio scheduled__2026-02-03T19:16:00+00:00 [running]> on host e6e1c513bfd4
[2026-02-03T19:17:58.041+0000] {taskinstance.py:2648} INFO - Exporting env vars: AIRFLOW_CTX_DAG_OWNER='***' AIRFLOW_CTX_DAG_ID='minio_to_snowflake' AIRFLOW_CTX_TASK_ID='download_minio' AIRFLOW_CTX_EXECUTION_DATE='2026-02-03T19:16:00+00:00' AIRFLOW_CTX_TRY_NUMBER='1' AIRFLOW_CTX_DAG_RUN_ID='scheduled__2026-02-03T19:16:00+00:00'
[2026-02-03T19:17:58.042+0000] {taskinstance.py:430} INFO - ::endgroup::
[2026-02-03T19:17:58.563+0000] {logging_mixin.py:188} INFO - Downloaded AAPL/1769900678.json -> /tmp/minio_downloads/1769900678.json
[2026-02-03T19:17:58.573+0000] {logging_mixin.py:188} INFO - Downloaded AAPL/1769900679.json -> /tmp/minio_downloads/1769900679.json
[2026-02-03T19:17:58.582+0000] {logging_mixin.py:188} INFO - Downloaded AAPL/1769900680.json -> /tmp/minio_downloads/1769900680.json
[2026-02-03T19:17:58.589+0000] {logging_mixin.py:188} INFO - Downloaded AAPL/1769900681.json -> /tmp/minio_downloads/1769900681.json
[2026-02-03T19:17:58.598+0000] {logging_mixin.py:188} INFO - Downloaded AAPL/1769900682.json -> /tmp/minio_downloads/1769900682.json
[2026-02-03T19:17:58.605+0000] {logging_mixin.py:188} INFO - Downloaded AAPL/1769900683.json -> /tmp/minio_downloads/1769900683.json
[2026-02-03T19:17:58.612+0000] {logging_mixin.py:188} INFO - Downloaded AAPL/1769900684.json -> /tmp/minio_downloads/1769900684.json
[2026-02-03T19:17:58.619+0000] {logging_mixin.py:188} INFO - Downloaded AAPL/1769900685.json -> /tmp/minio_downloads/1769900685.json
[2026-02-03T19:17:58.626+0000] {logging_mixin.py:188} INFO - Downloaded AAPL/1769900686.json -> /tmp/minio_downloads/1769900686.json
[2026-02-03T19:17:58.633+0000] {logging_mixin.py:188} INFO - Downloaded AAPL/1769900687.json -> /tmp/minio_downloads/1769900687.json
[2026-02-03T19:17:58.639+0000] {logging_mixin.py:188} INFO - Downloaded AAPL/1769900688.json -> /tmp/minio_downloads/1769900688.json
[2026-02-03T19:17:58.645+0000] {logging_mixin.py:188} INFO - Downloaded AAPL/1769900689.json -> /tmp/minio_downloads/1769900689.json
[2026-02-03T19:17:58.652+0000] {logging_mixin.py:188} INFO - Downloaded AAPL/1769900690.json -> /tmp/minio_downloads/1769900690.json
[2026-02-03T19:17:58.661+0000] {logging_mixin.py:188} INFO - Downloaded AAPL/1769900691.json -> /tmp/minio_downloads/1769900691.json
[2026-02-03T19:17:58.668+0000] {logging_mixin.py:188} INFO - Downloaded AAPL/1769900692.json -> /tmp/minio_downloads/1769900692.json
[2026-02-03T19:17:58.674+0000] {logging_mixin.py:188} INFO - Downloaded AAPL/1769900693.json -> /tmp/minio_downloads/1769900693.json
[2026-02-03T19:17:58.682+0000] {logging_mixin.py:188} INFO - Downloaded AAPL/1769900694.json -> /tmp/minio_downloads/1769900694.json
[2026-02-03T19:17:58.688+0000] {logging_mixin.py:188} INFO - Downloaded AAPL/1769900695.json -> /tmp/minio_downloads/1769900695.json
[2026-02-03T19:17:58.694+0000] {logging_mixin.py:188} INFO - Downloaded AAPL/1769900696.json -> /tmp/minio_downloads/1769900696.json
[2026-02-03T19:17:58.700+0000] {logging_mixin.py:188} INFO - Downloaded AAPL/1769900697.json -> /tmp/minio_downloads/1769900697.json
[2026-02-03T19:17:58.706+0000] {logging_mixin.py:188} INFO - Downloaded AAPL/1769900698.json -> /tmp/minio_downloads/1769900698.json
[2026-02-03T19:17:58.711+0000] {logging_mixin.py:188} INFO - Downloaded AAPL/1769900699.json -> /tmp/minio_downloads/1769900699.json
[2026-02-03T19:17:58.717+0000] {logging_mixin.py:188} INFO - Downloaded AAPL/1769900700.json -> /tmp/minio_downloads/1769900700.json
[2026-02-03T19:17:58.722+0000] {logging_mixin.py:188} INFO - Downloaded AAPL/1769900701.json -> /tmp/minio_downloads/1769900701.json
[2026-02-03T19:17:58.731+0000] {logging_mixin.py:188} INFO - Downloaded AAPL/1769900702.json -> /tmp/minio_downloads/1769900702.json
[2026-02-03T19:17:58.741+0000] {logging_mixin.py:188} INFO - Downloaded AAPL/1769900703.json -> /tmp/minio_downloads/1769900703.json
[2026-02-03T19:17:58.750+0000] {logging_mixin.py:188} INFO - Downloaded AAPL/1769900704.json -> /tmp/minio_downloads/1769900704.json
[2026-02-03T19:17:58.761+0000] {logging_mixin.py:188} INFO - Downloaded AAPL/1769900705.json -> /tmp/minio_downloads/1769900705.json
[2026-02-03T19:17:58.770+0000] {logging_mixin.py:188} INFO - Downloaded AAPL/1769900706.json -> /tmp/minio_downloads/1769900706.json
[2026-02-03T19:17:58.779+0000] {logging_mixin.py:188} INFO - Downloaded AAPL/1769900707.json -> /tmp/minio_downloads/1769900707.json
[2026-02-03T19:17:58.786+0000] {logging_mixin.py:188} INFO - Downloaded AAPL/1769900708.json -> /tmp/minio_downloads/1769900708.json
[2026-02-03T19:17:58.793+0000] {logging_mixin.py:188} INFO - Downloaded AAPL/1769900709.json -> /tmp/minio_downloads/1769900709.json
[2026-02-03T19:17:58.801+0000] {logging_mixin.py:188} INFO - Downloaded AAPL/1769900710.json -> /tmp/minio_downloads/1769900710.json
[2026-02-03T19:17:58.807+0000] {logging_mixin.py:188} INFO - Downloaded AAPL/1769900711.json -> /tmp/minio_downloads/1769900711.json
[2026-02-03T19:17:58.814+0000] {logging_mixin.py:188} INFO - Downloaded AAPL/1769900712.json -> /tmp/minio_downloads/1769900712.json
[2026-02-03T19:17:58.821+0000] {logging_mixin.py:188} INFO - Downloaded AAPL/1769900713.json -> /tmp/minio_downloads/1769900713.json
[2026-02-03T19:17:58.827+0000] {logging_mixin.py:188} INFO - Downloaded AAPL/1769900714.json -> /tmp/minio_downloads/1769900714.json
[2026-02-03T19:17:58.834+0000] {logging_mixin.py:188} INFO - Downloaded AAPL/1769900715.json -> /tmp/minio_downloads/1769900715.json
[2026-02-03T19:17:58.842+0000] {logging_mixin.py:188} INFO - Downloaded AAPL/1769900716.json -> /tmp/minio_downloads/1769900716.json
[2026-02-03T19:17:58.849+0000] {logging_mixin.py:188} INFO - Downloaded AAPL/1769900717.json -> /tmp/minio_downloads/1769900717.json
[2026-02-03T19:17:58.855+0000] {logging_mixin.py:188} INFO - Downloaded AAPL/1769900718.json -> /tmp/minio_downloads/1769900718.json
[2026-02-03T19:17:58.862+0000] {logging_mixin.py:188} INFO - Downloaded AAPL/1769900719.json -> /tmp/minio_downloads/1769900719.json
[2026-02-03T19:17:58.870+0000] {logging_mixin.py:188} INFO - Downloaded AAPL/1769900720.json -> /tmp/minio_downloads/1769900720.json
[2026-02-03T19:17:58.877+0000] {logging_mixin.py:188} INFO - Downloaded AAPL/1769900721.json -> /tmp/minio_downloads/1769900721.json
[2026-02-03T19:17:58.883+0000] {logging_mixin.py:188} INFO - Downloaded AAPL/1769900722.json -> /tmp/minio_downloads/1769900722.json
[2026-02-03T19:17:58.889+0000] {logging_mixin.py:188} INFO - Downloaded AAPL/1769900723.json -> /tmp/minio_downloads/1769900723.json
[2026-02-03T19:17:58.897+0000] {logging_mixin.py:188} INFO - Downloaded AAPL/1769900724.json -> /tmp/minio_downloads/1769900724.json
[2026-02-03T19:17:58.904+0000] {logging_mixin.py:188} INFO - Downloaded AAPL/1769900725.json -> /tmp/minio_downloads/1769900725.json
[2026-02-03T19:17:58.912+0000] {logging_mixin.py:188} INFO - Downloaded AAPL/1769900726.json -> /tmp/minio_downloads/1769900726.json
[2026-02-03T19:17:58.919+0000] {logging_mixin.py:188} INFO - Downloaded AAPL/1769900727.json -> /tmp/minio_downloads/1769900727.json
[2026-02-03T19:17:58.926+0000] {logging_mixin.py:188} INFO - Downloaded AAPL/1769900728.json -> /tmp/minio_downloads/1769900728.json
[2026-02-03T19:17:58.932+0000] {logging_mixin.py:188} INFO - Downloaded AAPL/1769900729.json -> /tmp/minio_downloads/1769900729.json
[2026-02-03T19:17:58.939+0000] {logging_mixin.py:188} INFO - Downloaded AAPL/1769900730.json -> /tmp/minio_downloads/1769900730.json
[2026-02-03T19:17:58.946+0000] {logging_mixin.py:188} INFO - Downloaded AAPL/1769900731.json -> /tmp/minio_downloads/1769900731.json
[2026-02-03T19:17:58.952+0000] {logging_mixin.py:188} INFO - Downloaded AAPL/1769900732.json -> /tmp/minio_downloads/1769900732.json
[2026-02-03T19:17:58.958+0000] {logging_mixin.py:188} INFO - Downloaded AAPL/1769900733.json -> /tmp/minio_downloads/1769900733.json
[2026-02-03T19:17:58.965+0000] {logging_mixin.py:188} INFO - Downloaded AAPL/1769900734.json -> /tmp/minio_downloads/1769900734.json
[2026-02-03T19:17:58.972+0000] {logging_mixin.py:188} INFO - Downloaded AAPL/1769900735.json -> /tmp/minio_downloads/1769900735.json
[2026-02-03T19:17:58.979+0000] {logging_mixin.py:188} INFO - Downloaded AAPL/1769900736.json -> /tmp/minio_downloads/1769900736.json
[2026-02-03T19:17:58.986+0000] {logging_mixin.py:188} INFO - Downloaded AAPL/1769900737.json -> /tmp/minio_downloads/1769900737.json
[2026-02-03T19:17:58.993+0000] {logging_mixin.py:188} INFO - Downloaded AAPL/1769900738.json -> /tmp/minio_downloads/1769900738.json
[2026-02-03T19:17:58.999+0000] {logging_mixin.py:188} INFO - Downloaded AAPL/1769900739.json -> /tmp/minio_downloads/1769900739.json
[2026-02-03T19:17:59.007+0000] {logging_mixin.py:188} INFO - Downloaded AAPL/1769900740.json -> /tmp/minio_downloads/1769900740.json
[2026-02-03T19:17:59.013+0000] {logging_mixin.py:188} INFO - Downloaded AAPL/1769900741.json -> /tmp/minio_downloads/1769900741.json
[2026-02-03T19:17:59.021+0000] {logging_mixin.py:188} INFO - Downloaded AAPL/1769900742.json -> /tmp/minio_downloads/1769900742.json
[2026-02-03T19:17:59.027+0000] {logging_mixin.py:188} INFO - Downloaded AAPL/1769900743.json -> /tmp/minio_downloads/1769900743.json
[2026-02-03T19:17:59.033+0000] {logging_mixin.py:188} INFO - Downloaded AAPL/1769900744.json -> /tmp/minio_downloads/1769900744.json
[2026-02-03T19:17:59.040+0000] {logging_mixin.py:188} INFO - Downloaded AAPL/1769900745.json -> /tmp/minio_downloads/1769900745.json
[2026-02-03T19:17:59.046+0000] {logging_mixin.py:188} INFO - Downloaded AAPL/1769900746.json -> /tmp/minio_downloads/1769900746.json
[2026-02-03T19:17:59.053+0000] {logging_mixin.py:188} INFO - Downloaded AAPL/1769900747.json -> /tmp/minio_downloads/1769900747.json
[2026-02-03T19:17:59.060+0000] {logging_mixin.py:188} INFO - Downloaded AAPL/1769900748.json -> /tmp/minio_downloads/1769900748.json
[2026-02-03T19:17:59.066+0000] {logging_mixin.py:188} INFO - Downloaded AAPL/1769900749.json -> /tmp/minio_downloads/1769900749.json
[2026-02-03T19:17:59.074+0000] {logging_mixin.py:188} INFO - Downloaded AAPL/1769900750.json -> /tmp/minio_downloads/1769900750.json
[2026-02-03T19:17:59.082+0000] {logging_mixin.py:188} INFO - Downloaded AAPL/1769900751.json -> /tmp/minio_downloads/1769900751.json
[2026-02-03T19:17:59.090+0000] {logging_mixin.py:188} INFO - Downloaded AAPL/1769900752.json -> /tmp/minio_downloads/1769900752.json
[2026-02-03T19:17:59.095+0000] {logging_mixin.py:188} INFO - Downloaded AAPL/1769900753.json -> /tmp/minio_downloads/1769900753.json
[2026-02-03T19:17:59.102+0000] {logging_mixin.py:188} INFO - Downloaded AAPL/1769900754.json -> /tmp/minio_downloads/1769900754.json
[2026-02-03T19:17:59.109+0000] {logging_mixin.py:188} INFO - Downloaded AAPL/1769900755.json -> /tmp/minio_downloads/1769900755.json
[2026-02-03T19:17:59.116+0000] {logging_mixin.py:188} INFO - Downloaded AAPL/1769900756.json -> /tmp/minio_downloads/1769900756.json
[2026-02-03T19:17:59.122+0000] {logging_mixin.py:188} INFO - Downloaded AAPL/1769900757.json -> /tmp/minio_downloads/1769900757.json
[2026-02-03T19:17:59.128+0000] {logging_mixin.py:188} INFO - Downloaded AAPL/1769900758.json -> /tmp/minio_downloads/1769900758.json
[2026-02-03T19:17:59.135+0000] {logging_mixin.py:188} INFO - Downloaded AAPL/1769900759.json -> /tmp/minio_downloads/1769900759.json
[2026-02-03T19:17:59.141+0000] {logging_mixin.py:188} INFO - Downloaded AAPL/1769900760.json -> /tmp/minio_downloads/1769900760.json
[2026-02-03T19:17:59.148+0000] {logging_mixin.py:188} INFO - Downloaded AAPL/1769900761.json -> /tmp/minio_downloads/1769900761.json
[2026-02-03T19:17:59.153+0000] {logging_mixin.py:188} INFO - Downloaded AAPL/1769900762.json -> /tmp/minio_downloads/1769900762.json
[2026-02-03T19:17:59.159+0000] {logging_mixin.py:188} INFO - Downloaded AAPL/1769900763.json -> /tmp/minio_downloads/1769900763.json
[2026-02-03T19:17:59.165+0000] {logging_mixin.py:188} INFO - Downloaded AAPL/1769900764.json -> /tmp/minio_downloads/1769900764.json
[2026-02-03T19:17:59.172+0000] {logging_mixin.py:188} INFO - Downloaded AAPL/1769900765.json -> /tmp/minio_downloads/1769900765.json
[2026-02-03T19:17:59.178+0000] {logging_mixin.py:188} INFO - Downloaded AAPL/1769900766.json -> /tmp/minio_downloads/1769900766.json
[2026-02-03T19:17:59.185+0000] {logging_mixin.py:188} INFO - Downloaded AMZN/1769900678.json -> /tmp/minio_downloads/1769900678.json
[2026-02-03T19:17:59.192+0000] {logging_mixin.py:188} INFO - Downloaded AMZN/1769900679.json -> /tmp/minio_downloads/1769900679.json
[2026-02-03T19:17:59.199+0000] {logging_mixin.py:188} INFO - Downloaded AMZN/1769900680.json -> /tmp/minio_downloads/1769900680.json
[2026-02-03T19:17:59.205+0000] {logging_mixin.py:188} INFO - Downloaded AMZN/1769900681.json -> /tmp/minio_downloads/1769900681.json
[2026-02-03T19:17:59.211+0000] {logging_mixin.py:188} INFO - Downloaded AMZN/1769900682.json -> /tmp/minio_downloads/1769900682.json
[2026-02-03T19:17:59.218+0000] {logging_mixin.py:188} INFO - Downloaded AMZN/1769900683.json -> /tmp/minio_downloads/1769900683.json
[2026-02-03T19:17:59.225+0000] {logging_mixin.py:188} INFO - Downloaded AMZN/1769900684.json -> /tmp/minio_downloads/1769900684.json
[2026-02-03T19:17:59.231+0000] {logging_mixin.py:188} INFO - Downloaded AMZN/1769900685.json -> /tmp/minio_downloads/1769900685.json
[2026-02-03T19:17:59.237+0000] {logging_mixin.py:188} INFO - Downloaded AMZN/1769900686.json -> /tmp/minio_downloads/1769900686.json
[2026-02-03T19:17:59.244+0000] {logging_mixin.py:188} INFO - Downloaded AMZN/1769900687.json -> /tmp/minio_downloads/1769900687.json
[2026-02-03T19:17:59.250+0000] {logging_mixin.py:188} INFO - Downloaded AMZN/1769900688.json -> /tmp/minio_downloads/1769900688.json
[2026-02-03T19:17:59.256+0000] {logging_mixin.py:188} INFO - Downloaded AMZN/1769900689.json -> /tmp/minio_downloads/1769900689.json
[2026-02-03T19:17:59.262+0000] {logging_mixin.py:188} INFO - Downloaded AMZN/1769900690.json -> /tmp/minio_downloads/1769900690.json
[2026-02-03T19:17:59.269+0000] {logging_mixin.py:188} INFO - Downloaded AMZN/1769900691.json -> /tmp/minio_downloads/1769900691.json
[2026-02-03T19:17:59.276+0000] {logging_mixin.py:188} INFO - Downloaded AMZN/1769900692.json -> /tmp/minio_downloads/1769900692.json
[2026-02-03T19:17:59.282+0000] {logging_mixin.py:188} INFO - Downloaded AMZN/1769900693.json -> /tmp/minio_downloads/1769900693.json
[2026-02-03T19:17:59.289+0000] {logging_mixin.py:188} INFO - Downloaded AMZN/1769900694.json -> /tmp/minio_downloads/1769900694.json
[2026-02-03T19:17:59.295+0000] {logging_mixin.py:188} INFO - Downloaded AMZN/1769900695.json -> /tmp/minio_downloads/1769900695.json
[2026-02-03T19:17:59.302+0000] {logging_mixin.py:188} INFO - Downloaded AMZN/1769900696.json -> /tmp/minio_downloads/1769900696.json
[2026-02-03T19:17:59.307+0000] {logging_mixin.py:188} INFO - Downloaded AMZN/1769900697.json -> /tmp/minio_downloads/1769900697.json
[2026-02-03T19:17:59.314+0000] {logging_mixin.py:188} INFO - Downloaded AMZN/1769900698.json -> /tmp/minio_downloads/1769900698.json
[2026-02-03T19:17:59.321+0000] {logging_mixin.py:188} INFO - Downloaded AMZN/1769900699.json -> /tmp/minio_downloads/1769900699.json
[2026-02-03T19:17:59.327+0000] {logging_mixin.py:188} INFO - Downloaded AMZN/1769900700.json -> /tmp/minio_downloads/1769900700.json
[2026-02-03T19:17:59.333+0000] {logging_mixin.py:188} INFO - Downloaded AMZN/1769900701.json -> /tmp/minio_downloads/1769900701.json
[2026-02-03T19:17:59.339+0000] {logging_mixin.py:188} INFO - Downloaded AMZN/1769900702.json -> /tmp/minio_downloads/1769900702.json
[2026-02-03T19:17:59.345+0000] {logging_mixin.py:188} INFO - Downloaded AMZN/1769900703.json -> /tmp/minio_downloads/1769900703.json
[2026-02-03T19:17:59.351+0000] {logging_mixin.py:188} INFO - Downloaded AMZN/1769900704.json -> /tmp/minio_downloads/1769900704.json
[2026-02-03T19:17:59.358+0000] {logging_mixin.py:188} INFO - Downloaded AMZN/1769900705.json -> /tmp/minio_downloads/1769900705.json
[2026-02-03T19:17:59.365+0000] {logging_mixin.py:188} INFO - Downloaded AMZN/1769900706.json -> /tmp/minio_downloads/1769900706.json
[2026-02-03T19:17:59.370+0000] {logging_mixin.py:188} INFO - Downloaded AMZN/1769900707.json -> /tmp/minio_downloads/1769900707.json
[2026-02-03T19:17:59.376+0000] {logging_mixin.py:188} INFO - Downloaded AMZN/1769900708.json -> /tmp/minio_downloads/1769900708.json
[2026-02-03T19:17:59.383+0000] {logging_mixin.py:188} INFO - Downloaded AMZN/1769900709.json -> /tmp/minio_downloads/1769900709.json
[2026-02-03T19:17:59.390+0000] {logging_mixin.py:188} INFO - Downloaded AMZN/1769900710.json -> /tmp/minio_downloads/1769900710.json
[2026-02-03T19:17:59.397+0000] {logging_mixin.py:188} INFO - Downloaded AMZN/1769900711.json -> /tmp/minio_downloads/1769900711.json
[2026-02-03T19:17:59.404+0000] {logging_mixin.py:188} INFO - Downloaded AMZN/1769900712.json -> /tmp/minio_downloads/1769900712.json
[2026-02-03T19:17:59.412+0000] {logging_mixin.py:188} INFO - Downloaded AMZN/1769900713.json -> /tmp/minio_downloads/1769900713.json
[2026-02-03T19:17:59.420+0000] {logging_mixin.py:188} INFO - Downloaded AMZN/1769900714.json -> /tmp/minio_downloads/1769900714.json
[2026-02-03T19:17:59.427+0000] {logging_mixin.py:188} INFO - Downloaded AMZN/1769900715.json -> /tmp/minio_downloads/1769900715.json
[2026-02-03T19:17:59.441+0000] {logging_mixin.py:188} INFO - Downloaded AMZN/1769900716.json -> /tmp/minio_downloads/1769900716.json
[2026-02-03T19:17:59.449+0000] {logging_mixin.py:188} INFO - Downloaded AMZN/1769900717.json -> /tmp/minio_downloads/1769900717.json
[2026-02-03T19:17:59.456+0000] {logging_mixin.py:188} INFO - Downloaded AMZN/1769900718.json -> /tmp/minio_downloads/1769900718.json
[2026-02-03T19:17:59.462+0000] {logging_mixin.py:188} INFO - Downloaded AMZN/1769900719.json -> /tmp/minio_downloads/1769900719.json
[2026-02-03T19:17:59.468+0000] {logging_mixin.py:188} INFO - Downloaded AMZN/1769900720.json -> /tmp/minio_downloads/1769900720.json
[2026-02-03T19:17:59.475+0000] {logging_mixin.py:188} INFO - Downloaded AMZN/1769900721.json -> /tmp/minio_downloads/1769900721.json
[2026-02-03T19:17:59.482+0000] {logging_mixin.py:188} INFO - Downloaded AMZN/1769900722.json -> /tmp/minio_downloads/1769900722.json
[2026-02-03T19:17:59.490+0000] {logging_mixin.py:188} INFO - Downloaded AMZN/1769900723.json -> /tmp/minio_downloads/1769900723.json
[2026-02-03T19:17:59.497+0000] {logging_mixin.py:188} INFO - Downloaded AMZN/1769900724.json -> /tmp/minio_downloads/1769900724.json
[2026-02-03T19:17:59.504+0000] {logging_mixin.py:188} INFO - Downloaded AMZN/1769900725.json -> /tmp/minio_downloads/1769900725.json
[2026-02-03T19:17:59.511+0000] {logging_mixin.py:188} INFO - Downloaded AMZN/1769900726.json -> /tmp/minio_downloads/1769900726.json
[2026-02-03T19:17:59.519+0000] {logging_mixin.py:188} INFO - Downloaded AMZN/1769900727.json -> /tmp/minio_downloads/1769900727.json
[2026-02-03T19:17:59.525+0000] {logging_mixin.py:188} INFO - Downloaded AMZN/1769900728.json -> /tmp/minio_downloads/1769900728.json
[2026-02-03T19:17:59.531+0000] {logging_mixin.py:188} INFO - Downloaded AMZN/1769900729.json -> /tmp/minio_downloads/1769900729.json
[2026-02-03T19:17:59.538+0000] {logging_mixin.py:188} INFO - Downloaded AMZN/1769900730.json -> /tmp/minio_downloads/1769900730.json
[2026-02-03T19:17:59.544+0000] {logging_mixin.py:188} INFO - Downloaded AMZN/1769900731.json -> /tmp/minio_downloads/1769900731.json
[2026-02-03T19:17:59.550+0000] {logging_mixin.py:188} INFO - Downloaded AMZN/1769900732.json -> /tmp/minio_downloads/1769900732.json
[2026-02-03T19:17:59.558+0000] {logging_mixin.py:188} INFO - Downloaded AMZN/1769900733.json -> /tmp/minio_downloads/1769900733.json
[2026-02-03T19:17:59.563+0000] {logging_mixin.py:188} INFO - Downloaded AMZN/1769900734.json -> /tmp/minio_downloads/1769900734.json
[2026-02-03T19:17:59.570+0000] {logging_mixin.py:188} INFO - Downloaded AMZN/1769900735.json -> /tmp/minio_downloads/1769900735.json
[2026-02-03T19:17:59.576+0000] {logging_mixin.py:188} INFO - Downloaded AMZN/1769900736.json -> /tmp/minio_downloads/1769900736.json
[2026-02-03T19:17:59.582+0000] {logging_mixin.py:188} INFO - Downloaded AMZN/1769900737.json -> /tmp/minio_downloads/1769900737.json
[2026-02-03T19:17:59.588+0000] {logging_mixin.py:188} INFO - Downloaded AMZN/1769900738.json -> /tmp/minio_downloads/1769900738.json
[2026-02-03T19:17:59.594+0000] {logging_mixin.py:188} INFO - Downloaded AMZN/1769900739.json -> /tmp/minio_downloads/1769900739.json
[2026-02-03T19:17:59.600+0000] {logging_mixin.py:188} INFO - Downloaded AMZN/1769900740.json -> /tmp/minio_downloads/1769900740.json
[2026-02-03T19:17:59.606+0000] {logging_mixin.py:188} INFO - Downloaded AMZN/1769900741.json -> /tmp/minio_downloads/1769900741.json
[2026-02-03T19:17:59.613+0000] {logging_mixin.py:188} INFO - Downloaded AMZN/1769900742.json -> /tmp/minio_downloads/1769900742.json
[2026-02-03T19:17:59.619+0000] {logging_mixin.py:188} INFO - Downloaded AMZN/1769900743.json -> /tmp/minio_downloads/1769900743.json
[2026-02-03T19:17:59.626+0000] {logging_mixin.py:188} INFO - Downloaded AMZN/1769900744.json -> /tmp/minio_downloads/1769900744.json
[2026-02-03T19:17:59.632+0000] {logging_mixin.py:188} INFO - Downloaded AMZN/1769900745.json -> /tmp/minio_downloads/1769900745.json
[2026-02-03T19:17:59.638+0000] {logging_mixin.py:188} INFO - Downloaded AMZN/1769900746.json -> /tmp/minio_downloads/1769900746.json
[2026-02-03T19:17:59.644+0000] {logging_mixin.py:188} INFO - Downloaded AMZN/1769900747.json -> /tmp/minio_downloads/1769900747.json
[2026-02-03T19:17:59.650+0000] {logging_mixin.py:188} INFO - Downloaded AMZN/1769900748.json -> /tmp/minio_downloads/1769900748.json
[2026-02-03T19:17:59.657+0000] {logging_mixin.py:188} INFO - Downloaded AMZN/1769900749.json -> /tmp/minio_downloads/1769900749.json
[2026-02-03T19:17:59.664+0000] {logging_mixin.py:188} INFO - Downloaded AMZN/1769900750.json -> /tmp/minio_downloads/1769900750.json
[2026-02-03T19:17:59.670+0000] {logging_mixin.py:188} INFO - Downloaded AMZN/1769900751.json -> /tmp/minio_downloads/1769900751.json
[2026-02-03T19:17:59.678+0000] {logging_mixin.py:188} INFO - Downloaded AMZN/1769900752.json -> /tmp/minio_downloads/1769900752.json
[2026-02-03T19:17:59.684+0000] {logging_mixin.py:188} INFO - Downloaded AMZN/1769900753.json -> /tmp/minio_downloads/1769900753.json
[2026-02-03T19:17:59.691+0000] {logging_mixin.py:188} INFO - Downloaded AMZN/1769900754.json -> /tmp/minio_downloads/1769900754.json
[2026-02-03T19:17:59.697+0000] {logging_mixin.py:188} INFO - Downloaded AMZN/1769900755.json -> /tmp/minio_downloads/1769900755.json
[2026-02-03T19:17:59.704+0000] {logging_mixin.py:188} INFO - Downloaded AMZN/1769900756.json -> /tmp/minio_downloads/1769900756.json
[2026-02-03T19:17:59.710+0000] {logging_mixin.py:188} INFO - Downloaded AMZN/1769900757.json -> /tmp/minio_downloads/1769900757.json
[2026-02-03T19:17:59.716+0000] {logging_mixin.py:188} INFO - Downloaded AMZN/1769900758.json -> /tmp/minio_downloads/1769900758.json
[2026-02-03T19:17:59.723+0000] {logging_mixin.py:188} INFO - Downloaded AMZN/1769900759.json -> /tmp/minio_downloads/1769900759.json
[2026-02-03T19:17:59.728+0000] {logging_mixin.py:188} INFO - Downloaded AMZN/1769900760.json -> /tmp/minio_downloads/1769900760.json
[2026-02-03T19:17:59.734+0000] {logging_mixin.py:188} INFO - Downloaded AMZN/1769900761.json -> /tmp/minio_downloads/1769900761.json
[2026-02-03T19:17:59.739+0000] {logging_mixin.py:188} INFO - Downloaded AMZN/1769900762.json -> /tmp/minio_downloads/1769900762.json
[2026-02-03T19:17:59.744+0000] {logging_mixin.py:188} INFO - Downloaded AMZN/1769900763.json -> /tmp/minio_downloads/1769900763.json
[2026-02-03T19:17:59.749+0000] {logging_mixin.py:188} INFO - Downloaded AMZN/1769900764.json -> /tmp/minio_downloads/1769900764.json
[2026-02-03T19:17:59.754+0000] {logging_mixin.py:188} INFO - Downloaded AMZN/1769900765.json -> /tmp/minio_downloads/1769900765.json
[2026-02-03T19:17:59.760+0000] {logging_mixin.py:188} INFO - Downloaded AMZN/1769900766.json -> /tmp/minio_downloads/1769900766.json
[2026-02-03T19:17:59.766+0000] {logging_mixin.py:188} INFO - Downloaded GOOGL/1769900678.json -> /tmp/minio_downloads/1769900678.json
[2026-02-03T19:17:59.772+0000] {logging_mixin.py:188} INFO - Downloaded GOOGL/1769900679.json -> /tmp/minio_downloads/1769900679.json
[2026-02-03T19:17:59.777+0000] {logging_mixin.py:188} INFO - Downloaded GOOGL/1769900680.json -> /tmp/minio_downloads/1769900680.json
[2026-02-03T19:17:59.782+0000] {logging_mixin.py:188} INFO - Downloaded GOOGL/1769900681.json -> /tmp/minio_downloads/1769900681.json
[2026-02-03T19:17:59.787+0000] {logging_mixin.py:188} INFO - Downloaded GOOGL/1769900682.json -> /tmp/minio_downloads/1769900682.json
[2026-02-03T19:17:59.793+0000] {logging_mixin.py:188} INFO - Downloaded GOOGL/1769900683.json -> /tmp/minio_downloads/1769900683.json
[2026-02-03T19:17:59.799+0000] {logging_mixin.py:188} INFO - Downloaded GOOGL/1769900684.json -> /tmp/minio_downloads/1769900684.json
[2026-02-03T19:17:59.805+0000] {logging_mixin.py:188} INFO - Downloaded GOOGL/1769900685.json -> /tmp/minio_downloads/1769900685.json
[2026-02-03T19:17:59.811+0000] {logging_mixin.py:188} INFO - Downloaded GOOGL/1769900686.json -> /tmp/minio_downloads/1769900686.json
[2026-02-03T19:17:59.817+0000] {logging_mixin.py:188} INFO - Downloaded GOOGL/1769900687.json -> /tmp/minio_downloads/1769900687.json
[2026-02-03T19:17:59.822+0000] {logging_mixin.py:188} INFO - Downloaded GOOGL/1769900688.json -> /tmp/minio_downloads/1769900688.json
[2026-02-03T19:17:59.828+0000] {logging_mixin.py:188} INFO - Downloaded GOOGL/1769900689.json -> /tmp/minio_downloads/1769900689.json
[2026-02-03T19:17:59.833+0000] {logging_mixin.py:188} INFO - Downloaded GOOGL/1769900690.json -> /tmp/minio_downloads/1769900690.json
[2026-02-03T19:17:59.838+0000] {logging_mixin.py:188} INFO - Downloaded GOOGL/1769900691.json -> /tmp/minio_downloads/1769900691.json
[2026-02-03T19:17:59.844+0000] {logging_mixin.py:188} INFO - Downloaded GOOGL/1769900692.json -> /tmp/minio_downloads/1769900692.json
[2026-02-03T19:17:59.849+0000] {logging_mixin.py:188} INFO - Downloaded GOOGL/1769900693.json -> /tmp/minio_downloads/1769900693.json
[2026-02-03T19:17:59.856+0000] {logging_mixin.py:188} INFO - Downloaded GOOGL/1769900694.json -> /tmp/minio_downloads/1769900694.json
[2026-02-03T19:17:59.862+0000] {logging_mixin.py:188} INFO - Downloaded GOOGL/1769900695.json -> /tmp/minio_downloads/1769900695.json
[2026-02-03T19:17:59.868+0000] {logging_mixin.py:188} INFO - Downloaded GOOGL/1769900696.json -> /tmp/minio_downloads/1769900696.json
[2026-02-03T19:17:59.874+0000] {logging_mixin.py:188} INFO - Downloaded GOOGL/1769900697.json -> /tmp/minio_downloads/1769900697.json
[2026-02-03T19:17:59.879+0000] {logging_mixin.py:188} INFO - Downloaded GOOGL/1769900698.json -> /tmp/minio_downloads/1769900698.json
[2026-02-03T19:17:59.885+0000] {logging_mixin.py:188} INFO - Downloaded GOOGL/1769900699.json -> /tmp/minio_downloads/1769900699.json
[2026-02-03T19:17:59.890+0000] {logging_mixin.py:188} INFO - Downloaded GOOGL/1769900700.json -> /tmp/minio_downloads/1769900700.json
[2026-02-03T19:17:59.896+0000] {logging_mixin.py:188} INFO - Downloaded GOOGL/1769900701.json -> /tmp/minio_downloads/1769900701.json
[2026-02-03T19:17:59.902+0000] {logging_mixin.py:188} INFO - Downloaded GOOGL/1769900702.json -> /tmp/minio_downloads/1769900702.json
[2026-02-03T19:17:59.907+0000] {logging_mixin.py:188} INFO - Downloaded GOOGL/1769900703.json -> /tmp/minio_downloads/1769900703.json
[2026-02-03T19:17:59.912+0000] {logging_mixin.py:188} INFO - Downloaded GOOGL/1769900704.json -> /tmp/minio_downloads/1769900704.json
[2026-02-03T19:17:59.917+0000] {logging_mixin.py:188} INFO - Downloaded GOOGL/1769900705.json -> /tmp/minio_downloads/1769900705.json
[2026-02-03T19:17:59.923+0000] {logging_mixin.py:188} INFO - Downloaded GOOGL/1769900706.json -> /tmp/minio_downloads/1769900706.json
[2026-02-03T19:17:59.928+0000] {logging_mixin.py:188} INFO - Downloaded GOOGL/1769900707.json -> /tmp/minio_downloads/1769900707.json
[2026-02-03T19:17:59.933+0000] {logging_mixin.py:188} INFO - Downloaded GOOGL/1769900708.json -> /tmp/minio_downloads/1769900708.json
[2026-02-03T19:17:59.939+0000] {logging_mixin.py:188} INFO - Downloaded GOOGL/1769900709.json -> /tmp/minio_downloads/1769900709.json
[2026-02-03T19:17:59.944+0000] {logging_mixin.py:188} INFO - Downloaded GOOGL/1769900710.json -> /tmp/minio_downloads/1769900710.json
[2026-02-03T19:17:59.950+0000] {logging_mixin.py:188} INFO - Downloaded GOOGL/1769900711.json -> /tmp/minio_downloads/1769900711.json
[2026-02-03T19:17:59.955+0000] {logging_mixin.py:188} INFO - Downloaded GOOGL/1769900712.json -> /tmp/minio_downloads/1769900712.json
[2026-02-03T19:17:59.961+0000] {logging_mixin.py:188} INFO - Downloaded GOOGL/1769900713.json -> /tmp/minio_downloads/1769900713.json
[2026-02-03T19:17:59.966+0000] {logging_mixin.py:188} INFO - Downloaded GOOGL/1769900714.json -> /tmp/minio_downloads/1769900714.json
[2026-02-03T19:17:59.971+0000] {logging_mixin.py:188} INFO - Downloaded GOOGL/1769900715.json -> /tmp/minio_downloads/1769900715.json
[2026-02-03T19:17:59.976+0000] {logging_mixin.py:188} INFO - Downloaded GOOGL/1769900716.json -> /tmp/minio_downloads/1769900716.json
[2026-02-03T19:17:59.982+0000] {logging_mixin.py:188} INFO - Downloaded GOOGL/1769900717.json -> /tmp/minio_downloads/1769900717.json
[2026-02-03T19:17:59.986+0000] {logging_mixin.py:188} INFO - Downloaded GOOGL/1769900718.json -> /tmp/minio_downloads/1769900718.json
[2026-02-03T19:17:59.991+0000] {logging_mixin.py:188} INFO - Downloaded GOOGL/1769900719.json -> /tmp/minio_downloads/1769900719.json
[2026-02-03T19:17:59.996+0000] {logging_mixin.py:188} INFO - Downloaded GOOGL/1769900720.json -> /tmp/minio_downloads/1769900720.json
[2026-02-03T19:18:00.002+0000] {logging_mixin.py:188} INFO - Downloaded GOOGL/1769900721.json -> /tmp/minio_downloads/1769900721.json
[2026-02-03T19:18:00.007+0000] {logging_mixin.py:188} INFO - Downloaded GOOGL/1769900722.json -> /tmp/minio_downloads/1769900722.json
[2026-02-03T19:18:00.012+0000] {logging_mixin.py:188} INFO - Downloaded GOOGL/1769900723.json -> /tmp/minio_downloads/1769900723.json
[2026-02-03T19:18:00.020+0000] {logging_mixin.py:188} INFO - Downloaded GOOGL/1769900724.json -> /tmp/minio_downloads/1769900724.json
[2026-02-03T19:18:00.027+0000] {logging_mixin.py:188} INFO - Downloaded GOOGL/1769900725.json -> /tmp/minio_downloads/1769900725.json
[2026-02-03T19:18:00.033+0000] {logging_mixin.py:188} INFO - Downloaded GOOGL/1769900726.json -> /tmp/minio_downloads/1769900726.json
[2026-02-03T19:18:00.038+0000] {logging_mixin.py:188} INFO - Downloaded GOOGL/1769900727.json -> /tmp/minio_downloads/1769900727.json
[2026-02-03T19:18:00.044+0000] {logging_mixin.py:188} INFO - Downloaded GOOGL/1769900728.json -> /tmp/minio_downloads/1769900728.json
[2026-02-03T19:18:00.049+0000] {logging_mixin.py:188} INFO - Downloaded GOOGL/1769900729.json -> /tmp/minio_downloads/1769900729.json
[2026-02-03T19:18:00.056+0000] {logging_mixin.py:188} INFO - Downloaded GOOGL/1769900730.json -> /tmp/minio_downloads/1769900730.json
[2026-02-03T19:18:00.060+0000] {logging_mixin.py:188} INFO - Downloaded GOOGL/1769900731.json -> /tmp/minio_downloads/1769900731.json
[2026-02-03T19:18:00.066+0000] {logging_mixin.py:188} INFO - Downloaded GOOGL/1769900732.json -> /tmp/minio_downloads/1769900732.json
[2026-02-03T19:18:00.071+0000] {logging_mixin.py:188} INFO - Downloaded GOOGL/1769900733.json -> /tmp/minio_downloads/1769900733.json
[2026-02-03T19:18:00.076+0000] {logging_mixin.py:188} INFO - Downloaded GOOGL/1769900734.json -> /tmp/minio_downloads/1769900734.json
[2026-02-03T19:18:00.081+0000] {logging_mixin.py:188} INFO - Downloaded GOOGL/1769900735.json -> /tmp/minio_downloads/1769900735.json
[2026-02-03T19:18:00.086+0000] {logging_mixin.py:188} INFO - Downloaded GOOGL/1769900736.json -> /tmp/minio_downloads/1769900736.json
[2026-02-03T19:18:00.091+0000] {logging_mixin.py:188} INFO - Downloaded GOOGL/1769900737.json -> /tmp/minio_downloads/1769900737.json
[2026-02-03T19:18:00.096+0000] {logging_mixin.py:188} INFO - Downloaded GOOGL/1769900738.json -> /tmp/minio_downloads/1769900738.json
[2026-02-03T19:18:00.100+0000] {logging_mixin.py:188} INFO - Downloaded GOOGL/1769900739.json -> /tmp/minio_downloads/1769900739.json
[2026-02-03T19:18:00.106+0000] {logging_mixin.py:188} INFO - Downloaded GOOGL/1769900740.json -> /tmp/minio_downloads/1769900740.json
[2026-02-03T19:18:00.111+0000] {logging_mixin.py:188} INFO - Downloaded GOOGL/1769900741.json -> /tmp/minio_downloads/1769900741.json
[2026-02-03T19:18:00.117+0000] {logging_mixin.py:188} INFO - Downloaded GOOGL/1769900742.json -> /tmp/minio_downloads/1769900742.json
[2026-02-03T19:18:00.122+0000] {logging_mixin.py:188} INFO - Downloaded GOOGL/1769900743.json -> /tmp/minio_downloads/1769900743.json
[2026-02-03T19:18:00.127+0000] {logging_mixin.py:188} INFO - Downloaded GOOGL/1769900744.json -> /tmp/minio_downloads/1769900744.json
[2026-02-03T19:18:00.132+0000] {logging_mixin.py:188} INFO - Downloaded GOOGL/1769900745.json -> /tmp/minio_downloads/1769900745.json
[2026-02-03T19:18:00.137+0000] {logging_mixin.py:188} INFO - Downloaded GOOGL/1769900746.json -> /tmp/minio_downloads/1769900746.json
[2026-02-03T19:18:00.142+0000] {logging_mixin.py:188} INFO - Downloaded GOOGL/1769900747.json -> /tmp/minio_downloads/1769900747.json
[2026-02-03T19:18:00.147+0000] {logging_mixin.py:188} INFO - Downloaded GOOGL/1769900748.json -> /tmp/minio_downloads/1769900748.json
[2026-02-03T19:18:00.152+0000] {logging_mixin.py:188} INFO - Downloaded GOOGL/1769900749.json -> /tmp/minio_downloads/1769900749.json
[2026-02-03T19:18:00.158+0000] {logging_mixin.py:188} INFO - Downloaded GOOGL/1769900750.json -> /tmp/minio_downloads/1769900750.json
[2026-02-03T19:18:00.163+0000] {logging_mixin.py:188} INFO - Downloaded GOOGL/1769900751.json -> /tmp/minio_downloads/1769900751.json
[2026-02-03T19:18:00.168+0000] {logging_mixin.py:188} INFO - Downloaded GOOGL/1769900752.json -> /tmp/minio_downloads/1769900752.json
[2026-02-03T19:18:00.173+0000] {logging_mixin.py:188} INFO - Downloaded GOOGL/1769900753.json -> /tmp/minio_downloads/1769900753.json
[2026-02-03T19:18:00.178+0000] {logging_mixin.py:188} INFO - Downloaded GOOGL/1769900754.json -> /tmp/minio_downloads/1769900754.json
[2026-02-03T19:18:00.183+0000] {logging_mixin.py:188} INFO - Downloaded GOOGL/1769900755.json -> /tmp/minio_downloads/1769900755.json
[2026-02-03T19:18:00.189+0000] {logging_mixin.py:188} INFO - Downloaded GOOGL/1769900756.json -> /tmp/minio_downloads/1769900756.json
[2026-02-03T19:18:00.193+0000] {logging_mixin.py:188} INFO - Downloaded GOOGL/1769900757.json -> /tmp/minio_downloads/1769900757.json
[2026-02-03T19:18:00.199+0000] {logging_mixin.py:188} INFO - Downloaded GOOGL/1769900758.json -> /tmp/minio_downloads/1769900758.json
[2026-02-03T19:18:00.204+0000] {logging_mixin.py:188} INFO - Downloaded GOOGL/1769900759.json -> /tmp/minio_downloads/1769900759.json
[2026-02-03T19:18:00.208+0000] {logging_mixin.py:188} INFO - Downloaded GOOGL/1769900760.json -> /tmp/minio_downloads/1769900760.json
[2026-02-03T19:18:00.213+0000] {logging_mixin.py:188} INFO - Downloaded GOOGL/1769900761.json -> /tmp/minio_downloads/1769900761.json
[2026-02-03T19:18:00.218+0000] {logging_mixin.py:188} INFO - Downloaded GOOGL/1769900762.json -> /tmp/minio_downloads/1769900762.json
[2026-02-03T19:18:00.222+0000] {logging_mixin.py:188} INFO - Downloaded GOOGL/1769900763.json -> /tmp/minio_downloads/1769900763.json
[2026-02-03T19:18:00.227+0000] {logging_mixin.py:188} INFO - Downloaded GOOGL/1769900764.json -> /tmp/minio_downloads/1769900764.json
[2026-02-03T19:18:00.232+0000] {logging_mixin.py:188} INFO - Downloaded GOOGL/1769900765.json -> /tmp/minio_downloads/1769900765.json
[2026-02-03T19:18:00.237+0000] {logging_mixin.py:188} INFO - Downloaded GOOGL/1769900766.json -> /tmp/minio_downloads/1769900766.json
[2026-02-03T19:18:00.242+0000] {logging_mixin.py:188} INFO - Downloaded MSFT/1769900678.json -> /tmp/minio_downloads/1769900678.json
[2026-02-03T19:18:00.247+0000] {logging_mixin.py:188} INFO - Downloaded MSFT/1769900679.json -> /tmp/minio_downloads/1769900679.json
[2026-02-03T19:18:00.252+0000] {logging_mixin.py:188} INFO - Downloaded MSFT/1769900680.json -> /tmp/minio_downloads/1769900680.json
[2026-02-03T19:18:00.257+0000] {logging_mixin.py:188} INFO - Downloaded MSFT/1769900681.json -> /tmp/minio_downloads/1769900681.json
[2026-02-03T19:18:00.261+0000] {logging_mixin.py:188} INFO - Downloaded MSFT/1769900682.json -> /tmp/minio_downloads/1769900682.json
[2026-02-03T19:18:00.266+0000] {logging_mixin.py:188} INFO - Downloaded MSFT/1769900683.json -> /tmp/minio_downloads/1769900683.json
[2026-02-03T19:18:00.271+0000] {logging_mixin.py:188} INFO - Downloaded MSFT/1769900684.json -> /tmp/minio_downloads/1769900684.json
[2026-02-03T19:18:00.276+0000] {logging_mixin.py:188} INFO - Downloaded MSFT/1769900685.json -> /tmp/minio_downloads/1769900685.json
[2026-02-03T19:18:00.281+0000] {logging_mixin.py:188} INFO - Downloaded MSFT/1769900686.json -> /tmp/minio_downloads/1769900686.json
[2026-02-03T19:18:00.286+0000] {logging_mixin.py:188} INFO - Downloaded MSFT/1769900687.json -> /tmp/minio_downloads/1769900687.json
[2026-02-03T19:18:00.291+0000] {logging_mixin.py:188} INFO - Downloaded MSFT/1769900688.json -> /tmp/minio_downloads/1769900688.json
[2026-02-03T19:18:00.296+0000] {logging_mixin.py:188} INFO - Downloaded MSFT/1769900689.json -> /tmp/minio_downloads/1769900689.json
[2026-02-03T19:18:00.301+0000] {logging_mixin.py:188} INFO - Downloaded MSFT/1769900690.json -> /tmp/minio_downloads/1769900690.json
[2026-02-03T19:18:00.306+0000] {logging_mixin.py:188} INFO - Downloaded MSFT/1769900691.json -> /tmp/minio_downloads/1769900691.json
[2026-02-03T19:18:00.312+0000] {logging_mixin.py:188} INFO - Downloaded MSFT/1769900692.json -> /tmp/minio_downloads/1769900692.json
[2026-02-03T19:18:00.317+0000] {logging_mixin.py:188} INFO - Downloaded MSFT/1769900693.json -> /tmp/minio_downloads/1769900693.json
[2026-02-03T19:18:00.322+0000] {logging_mixin.py:188} INFO - Downloaded MSFT/1769900694.json -> /tmp/minio_downloads/1769900694.json
[2026-02-03T19:18:00.327+0000] {logging_mixin.py:188} INFO - Downloaded MSFT/1769900695.json -> /tmp/minio_downloads/1769900695.json
[2026-02-03T19:18:00.332+0000] {logging_mixin.py:188} INFO - Downloaded MSFT/1769900696.json -> /tmp/minio_downloads/1769900696.json
[2026-02-03T19:18:00.337+0000] {logging_mixin.py:188} INFO - Downloaded MSFT/1769900697.json -> /tmp/minio_downloads/1769900697.json
[2026-02-03T19:18:00.344+0000] {logging_mixin.py:188} INFO - Downloaded MSFT/1769900698.json -> /tmp/minio_downloads/1769900698.json
[2026-02-03T19:18:00.349+0000] {logging_mixin.py:188} INFO - Downloaded MSFT/1769900699.json -> /tmp/minio_downloads/1769900699.json
[2026-02-03T19:18:00.354+0000] {logging_mixin.py:188} INFO - Downloaded MSFT/1769900700.json -> /tmp/minio_downloads/1769900700.json
[2026-02-03T19:18:00.359+0000] {logging_mixin.py:188} INFO - Downloaded MSFT/1769900701.json -> /tmp/minio_downloads/1769900701.json
[2026-02-03T19:18:00.364+0000] {logging_mixin.py:188} INFO - Downloaded MSFT/1769900702.json -> /tmp/minio_downloads/1769900702.json
[2026-02-03T19:18:00.370+0000] {logging_mixin.py:188} INFO - Downloaded MSFT/1769900703.json -> /tmp/minio_downloads/1769900703.json
[2026-02-03T19:18:00.378+0000] {logging_mixin.py:188} INFO - Downloaded MSFT/1769900704.json -> /tmp/minio_downloads/1769900704.json
[2026-02-03T19:18:00.383+0000] {logging_mixin.py:188} INFO - Downloaded MSFT/1769900705.json -> /tmp/minio_downloads/1769900705.json
[2026-02-03T19:18:00.390+0000] {logging_mixin.py:188} INFO - Downloaded MSFT/1769900706.json -> /tmp/minio_downloads/1769900706.json
[2026-02-03T19:18:00.397+0000] {logging_mixin.py:188} INFO - Downloaded MSFT/1769900707.json -> /tmp/minio_downloads/1769900707.json
[2026-02-03T19:18:00.403+0000] {logging_mixin.py:188} INFO - Downloaded MSFT/1769900708.json -> /tmp/minio_downloads/1769900708.json
[2026-02-03T19:18:00.409+0000] {logging_mixin.py:188} INFO - Downloaded MSFT/1769900709.json -> /tmp/minio_downloads/1769900709.json
[2026-02-03T19:18:00.416+0000] {logging_mixin.py:188} INFO - Downloaded MSFT/1769900710.json -> /tmp/minio_downloads/1769900710.json
[2026-02-03T19:18:00.422+0000] {logging_mixin.py:188} INFO - Downloaded MSFT/1769900711.json -> /tmp/minio_downloads/1769900711.json
[2026-02-03T19:18:00.427+0000] {logging_mixin.py:188} INFO - Downloaded MSFT/1769900712.json -> /tmp/minio_downloads/1769900712.json
[2026-02-03T19:18:00.433+0000] {logging_mixin.py:188} INFO - Downloaded MSFT/1769900713.json -> /tmp/minio_downloads/1769900713.json
[2026-02-03T19:18:00.439+0000] {logging_mixin.py:188} INFO - Downloaded MSFT/1769900714.json -> /tmp/minio_downloads/1769900714.json
[2026-02-03T19:18:00.445+0000] {logging_mixin.py:188} INFO - Downloaded MSFT/1769900715.json -> /tmp/minio_downloads/1769900715.json
[2026-02-03T19:18:00.450+0000] {logging_mixin.py:188} INFO - Downloaded MSFT/1769900716.json -> /tmp/minio_downloads/1769900716.json
[2026-02-03T19:18:00.458+0000] {logging_mixin.py:188} INFO - Downloaded MSFT/1769900717.json -> /tmp/minio_downloads/1769900717.json
[2026-02-03T19:18:00.463+0000] {logging_mixin.py:188} INFO - Downloaded MSFT/1769900718.json -> /tmp/minio_downloads/1769900718.json
[2026-02-03T19:18:00.471+0000] {logging_mixin.py:188} INFO - Downloaded MSFT/1769900719.json -> /tmp/minio_downloads/1769900719.json
[2026-02-03T19:18:00.477+0000] {logging_mixin.py:188} INFO - Downloaded MSFT/1769900720.json -> /tmp/minio_downloads/1769900720.json
[2026-02-03T19:18:00.484+0000] {logging_mixin.py:188} INFO - Downloaded MSFT/1769900721.json -> /tmp/minio_downloads/1769900721.json
[2026-02-03T19:18:00.491+0000] {logging_mixin.py:188} INFO - Downloaded MSFT/1769900722.json -> /tmp/minio_downloads/1769900722.json
[2026-02-03T19:18:00.497+0000] {logging_mixin.py:188} INFO - Downloaded MSFT/1769900723.json -> /tmp/minio_downloads/1769900723.json
[2026-02-03T19:18:00.504+0000] {logging_mixin.py:188} INFO - Downloaded MSFT/1769900724.json -> /tmp/minio_downloads/1769900724.json
[2026-02-03T19:18:00.510+0000] {logging_mixin.py:188} INFO - Downloaded MSFT/1769900725.json -> /tmp/minio_downloads/1769900725.json
[2026-02-03T19:18:00.516+0000] {logging_mixin.py:188} INFO - Downloaded MSFT/1769900726.json -> /tmp/minio_downloads/1769900726.json
[2026-02-03T19:18:00.522+0000] {logging_mixin.py:188} INFO - Downloaded MSFT/1769900727.json -> /tmp/minio_downloads/1769900727.json
[2026-02-03T19:18:00.528+0000] {logging_mixin.py:188} INFO - Downloaded MSFT/1769900728.json -> /tmp/minio_downloads/1769900728.json
[2026-02-03T19:18:00.533+0000] {logging_mixin.py:188} INFO - Downloaded MSFT/1769900729.json -> /tmp/minio_downloads/1769900729.json
[2026-02-03T19:18:00.539+0000] {logging_mixin.py:188} INFO - Downloaded MSFT/1769900730.json -> /tmp/minio_downloads/1769900730.json
[2026-02-03T19:18:00.546+0000] {logging_mixin.py:188} INFO - Downloaded MSFT/1769900731.json -> /tmp/minio_downloads/1769900731.json
[2026-02-03T19:18:00.552+0000] {logging_mixin.py:188} INFO - Downloaded MSFT/1769900732.json -> /tmp/minio_downloads/1769900732.json
[2026-02-03T19:18:00.558+0000] {logging_mixin.py:188} INFO - Downloaded MSFT/1769900733.json -> /tmp/minio_downloads/1769900733.json
[2026-02-03T19:18:00.564+0000] {logging_mixin.py:188} INFO - Downloaded MSFT/1769900734.json -> /tmp/minio_downloads/1769900734.json
[2026-02-03T19:18:00.570+0000] {logging_mixin.py:188} INFO - Downloaded MSFT/1769900735.json -> /tmp/minio_downloads/1769900735.json
[2026-02-03T19:18:00.576+0000] {logging_mixin.py:188} INFO - Downloaded MSFT/1769900736.json -> /tmp/minio_downloads/1769900736.json
[2026-02-03T19:18:00.581+0000] {logging_mixin.py:188} INFO - Downloaded MSFT/1769900737.json -> /tmp/minio_downloads/1769900737.json
[2026-02-03T19:18:00.587+0000] {logging_mixin.py:188} INFO - Downloaded MSFT/1769900738.json -> /tmp/minio_downloads/1769900738.json
[2026-02-03T19:18:00.592+0000] {logging_mixin.py:188} INFO - Downloaded MSFT/1769900739.json -> /tmp/minio_downloads/1769900739.json
[2026-02-03T19:18:00.598+0000] {logging_mixin.py:188} INFO - Downloaded MSFT/1769900740.json -> /tmp/minio_downloads/1769900740.json
[2026-02-03T19:18:00.603+0000] {logging_mixin.py:188} INFO - Downloaded MSFT/1769900741.json -> /tmp/minio_downloads/1769900741.json
[2026-02-03T19:18:00.609+0000] {logging_mixin.py:188} INFO - Downloaded MSFT/1769900742.json -> /tmp/minio_downloads/1769900742.json
[2026-02-03T19:18:00.615+0000] {logging_mixin.py:188} INFO - Downloaded MSFT/1769900743.json -> /tmp/minio_downloads/1769900743.json
[2026-02-03T19:18:00.620+0000] {logging_mixin.py:188} INFO - Downloaded MSFT/1769900744.json -> /tmp/minio_downloads/1769900744.json
[2026-02-03T19:18:00.627+0000] {logging_mixin.py:188} INFO - Downloaded MSFT/1769900745.json -> /tmp/minio_downloads/1769900745.json
[2026-02-03T19:18:00.632+0000] {logging_mixin.py:188} INFO - Downloaded MSFT/1769900746.json -> /tmp/minio_downloads/1769900746.json
[2026-02-03T19:18:00.638+0000] {logging_mixin.py:188} INFO - Downloaded MSFT/1769900747.json -> /tmp/minio_downloads/1769900747.json
[2026-02-03T19:18:00.644+0000] {logging_mixin.py:188} INFO - Downloaded MSFT/1769900748.json -> /tmp/minio_downloads/1769900748.json
[2026-02-03T19:18:00.650+0000] {logging_mixin.py:188} INFO - Downloaded MSFT/1769900749.json -> /tmp/minio_downloads/1769900749.json
[2026-02-03T19:18:00.655+0000] {logging_mixin.py:188} INFO - Downloaded MSFT/1769900750.json -> /tmp/minio_downloads/1769900750.json
[2026-02-03T19:18:00.661+0000] {logging_mixin.py:188} INFO - Downloaded MSFT/1769900751.json -> /tmp/minio_downloads/1769900751.json
[2026-02-03T19:18:00.666+0000] {logging_mixin.py:188} INFO - Downloaded MSFT/1769900752.json -> /tmp/minio_downloads/1769900752.json
[2026-02-03T19:18:00.671+0000] {logging_mixin.py:188} INFO - Downloaded MSFT/1769900753.json -> /tmp/minio_downloads/1769900753.json
[2026-02-03T19:18:00.676+0000] {logging_mixin.py:188} INFO - Downloaded MSFT/1769900754.json -> /tmp/minio_downloads/1769900754.json
[2026-02-03T19:18:00.682+0000] {logging_mixin.py:188} INFO - Downloaded MSFT/1769900755.json -> /tmp/minio_downloads/1769900755.json
[2026-02-03T19:18:00.687+0000] {logging_mixin.py:188} INFO - Downloaded MSFT/1769900756.json -> /tmp/minio_downloads/1769900756.json
[2026-02-03T19:18:00.693+0000] {logging_mixin.py:188} INFO - Downloaded MSFT/1769900757.json -> /tmp/minio_downloads/1769900757.json
[2026-02-03T19:18:00.698+0000] {logging_mixin.py:188} INFO - Downloaded MSFT/1769900758.json -> /tmp/minio_downloads/1769900758.json
[2026-02-03T19:18:00.703+0000] {logging_mixin.py:188} INFO - Downloaded MSFT/1769900759.json -> /tmp/minio_downloads/1769900759.json
[2026-02-03T19:18:00.708+0000] {logging_mixin.py:188} INFO - Downloaded MSFT/1769900760.json -> /tmp/minio_downloads/1769900760.json
[2026-02-03T19:18:00.713+0000] {logging_mixin.py:188} INFO - Downloaded MSFT/1769900761.json -> /tmp/minio_downloads/1769900761.json
[2026-02-03T19:18:00.718+0000] {logging_mixin.py:188} INFO - Downloaded MSFT/1769900762.json -> /tmp/minio_downloads/1769900762.json
[2026-02-03T19:18:00.723+0000] {logging_mixin.py:188} INFO - Downloaded MSFT/1769900763.json -> /tmp/minio_downloads/1769900763.json
[2026-02-03T19:18:00.727+0000] {logging_mixin.py:188} INFO - Downloaded MSFT/1769900764.json -> /tmp/minio_downloads/1769900764.json
[2026-02-03T19:18:00.733+0000] {logging_mixin.py:188} INFO - Downloaded MSFT/1769900765.json -> /tmp/minio_downloads/1769900765.json
[2026-02-03T19:18:00.738+0000] {logging_mixin.py:188} INFO - Downloaded MSFT/1769900766.json -> /tmp/minio_downloads/1769900766.json
[2026-02-03T19:18:00.743+0000] {logging_mixin.py:188} INFO - Downloaded TSLA/1769900678.json -> /tmp/minio_downloads/1769900678.json
[2026-02-03T19:18:00.748+0000] {logging_mixin.py:188} INFO - Downloaded TSLA/1769900679.json -> /tmp/minio_downloads/1769900679.json
[2026-02-03T19:18:00.754+0000] {logging_mixin.py:188} INFO - Downloaded TSLA/1769900680.json -> /tmp/minio_downloads/1769900680.json
[2026-02-03T19:18:00.758+0000] {logging_mixin.py:188} INFO - Downloaded TSLA/1769900681.json -> /tmp/minio_downloads/1769900681.json
[2026-02-03T19:18:00.764+0000] {logging_mixin.py:188} INFO - Downloaded TSLA/1769900682.json -> /tmp/minio_downloads/1769900682.json
[2026-02-03T19:18:00.769+0000] {logging_mixin.py:188} INFO - Downloaded TSLA/1769900683.json -> /tmp/minio_downloads/1769900683.json
[2026-02-03T19:18:00.774+0000] {logging_mixin.py:188} INFO - Downloaded TSLA/1769900684.json -> /tmp/minio_downloads/1769900684.json
[2026-02-03T19:18:00.779+0000] {logging_mixin.py:188} INFO - Downloaded TSLA/1769900685.json -> /tmp/minio_downloads/1769900685.json
[2026-02-03T19:18:00.784+0000] {logging_mixin.py:188} INFO - Downloaded TSLA/1769900686.json -> /tmp/minio_downloads/1769900686.json
[2026-02-03T19:18:00.789+0000] {logging_mixin.py:188} INFO - Downloaded TSLA/1769900687.json -> /tmp/minio_downloads/1769900687.json
[2026-02-03T19:18:00.795+0000] {logging_mixin.py:188} INFO - Downloaded TSLA/1769900688.json -> /tmp/minio_downloads/1769900688.json
[2026-02-03T19:18:00.800+0000] {logging_mixin.py:188} INFO - Downloaded TSLA/1769900689.json -> /tmp/minio_downloads/1769900689.json
[2026-02-03T19:18:00.805+0000] {logging_mixin.py:188} INFO - Downloaded TSLA/1769900690.json -> /tmp/minio_downloads/1769900690.json
[2026-02-03T19:18:00.810+0000] {logging_mixin.py:188} INFO - Downloaded TSLA/1769900691.json -> /tmp/minio_downloads/1769900691.json
[2026-02-03T19:18:00.815+0000] {logging_mixin.py:188} INFO - Downloaded TSLA/1769900692.json -> /tmp/minio_downloads/1769900692.json
[2026-02-03T19:18:00.820+0000] {logging_mixin.py:188} INFO - Downloaded TSLA/1769900693.json -> /tmp/minio_downloads/1769900693.json
[2026-02-03T19:18:00.825+0000] {logging_mixin.py:188} INFO - Downloaded TSLA/1769900694.json -> /tmp/minio_downloads/1769900694.json
[2026-02-03T19:18:00.830+0000] {logging_mixin.py:188} INFO - Downloaded TSLA/1769900695.json -> /tmp/minio_downloads/1769900695.json
[2026-02-03T19:18:00.834+0000] {logging_mixin.py:188} INFO - Downloaded TSLA/1769900696.json -> /tmp/minio_downloads/1769900696.json
[2026-02-03T19:18:00.839+0000] {logging_mixin.py:188} INFO - Downloaded TSLA/1769900697.json -> /tmp/minio_downloads/1769900697.json
[2026-02-03T19:18:00.844+0000] {logging_mixin.py:188} INFO - Downloaded TSLA/1769900698.json -> /tmp/minio_downloads/1769900698.json
[2026-02-03T19:18:00.849+0000] {logging_mixin.py:188} INFO - Downloaded TSLA/1769900699.json -> /tmp/minio_downloads/1769900699.json
[2026-02-03T19:18:00.854+0000] {logging_mixin.py:188} INFO - Downloaded TSLA/1769900700.json -> /tmp/minio_downloads/1769900700.json
[2026-02-03T19:18:00.858+0000] {logging_mixin.py:188} INFO - Downloaded TSLA/1769900701.json -> /tmp/minio_downloads/1769900701.json
[2026-02-03T19:18:00.863+0000] {logging_mixin.py:188} INFO - Downloaded TSLA/1769900702.json -> /tmp/minio_downloads/1769900702.json
[2026-02-03T19:18:00.868+0000] {logging_mixin.py:188} INFO - Downloaded TSLA/1769900703.json -> /tmp/minio_downloads/1769900703.json
[2026-02-03T19:18:00.873+0000] {logging_mixin.py:188} INFO - Downloaded TSLA/1769900704.json -> /tmp/minio_downloads/1769900704.json
[2026-02-03T19:18:00.877+0000] {logging_mixin.py:188} INFO - Downloaded TSLA/1769900705.json -> /tmp/minio_downloads/1769900705.json
[2026-02-03T19:18:00.882+0000] {logging_mixin.py:188} INFO - Downloaded TSLA/1769900706.json -> /tmp/minio_downloads/1769900706.json
[2026-02-03T19:18:00.886+0000] {logging_mixin.py:188} INFO - Downloaded TSLA/1769900707.json -> /tmp/minio_downloads/1769900707.json
[2026-02-03T19:18:00.892+0000] {logging_mixin.py:188} INFO - Downloaded TSLA/1769900708.json -> /tmp/minio_downloads/1769900708.json
[2026-02-03T19:18:00.898+0000] {logging_mixin.py:188} INFO - Downloaded TSLA/1769900709.json -> /tmp/minio_downloads/1769900709.json
[2026-02-03T19:18:00.903+0000] {logging_mixin.py:188} INFO - Downloaded TSLA/1769900710.json -> /tmp/minio_downloads/1769900710.json
[2026-02-03T19:18:00.908+0000] {logging_mixin.py:188} INFO - Downloaded TSLA/1769900711.json -> /tmp/minio_downloads/1769900711.json
[2026-02-03T19:18:00.913+0000] {logging_mixin.py:188} INFO - Downloaded TSLA/1769900712.json -> /tmp/minio_downloads/1769900712.json
[2026-02-03T19:18:00.919+0000] {logging_mixin.py:188} INFO - Downloaded TSLA/1769900713.json -> /tmp/minio_downloads/1769900713.json
[2026-02-03T19:18:00.924+0000] {logging_mixin.py:188} INFO - Downloaded TSLA/1769900714.json -> /tmp/minio_downloads/1769900714.json
[2026-02-03T19:18:00.928+0000] {logging_mixin.py:188} INFO - Downloaded TSLA/1769900715.json -> /tmp/minio_downloads/1769900715.json
[2026-02-03T19:18:00.933+0000] {logging_mixin.py:188} INFO - Downloaded TSLA/1769900716.json -> /tmp/minio_downloads/1769900716.json
[2026-02-03T19:18:00.937+0000] {logging_mixin.py:188} INFO - Downloaded TSLA/1769900717.json -> /tmp/minio_downloads/1769900717.json
[2026-02-03T19:18:00.941+0000] {logging_mixin.py:188} INFO - Downloaded TSLA/1769900718.json -> /tmp/minio_downloads/1769900718.json
[2026-02-03T19:18:00.946+0000] {logging_mixin.py:188} INFO - Downloaded TSLA/1769900719.json -> /tmp/minio_downloads/1769900719.json
[2026-02-03T19:18:00.951+0000] {logging_mixin.py:188} INFO - Downloaded TSLA/1769900720.json -> /tmp/minio_downloads/1769900720.json
[2026-02-03T19:18:00.955+0000] {logging_mixin.py:188} INFO - Downloaded TSLA/1769900721.json -> /tmp/minio_downloads/1769900721.json
[2026-02-03T19:18:00.959+0000] {logging_mixin.py:188} INFO - Downloaded TSLA/1769900722.json -> /tmp/minio_downloads/1769900722.json
[2026-02-03T19:18:00.964+0000] {logging_mixin.py:188} INFO - Downloaded TSLA/1769900723.json -> /tmp/minio_downloads/1769900723.json
[2026-02-03T19:18:00.969+0000] {logging_mixin.py:188} INFO - Downloaded TSLA/1769900724.json -> /tmp/minio_downloads/1769900724.json
[2026-02-03T19:18:00.974+0000] {logging_mixin.py:188} INFO - Downloaded TSLA/1769900725.json -> /tmp/minio_downloads/1769900725.json
[2026-02-03T19:18:00.978+0000] {logging_mixin.py:188} INFO - Downloaded TSLA/1769900726.json -> /tmp/minio_downloads/1769900726.json
[2026-02-03T19:18:00.982+0000] {logging_mixin.py:188} INFO - Downloaded TSLA/1769900727.json -> /tmp/minio_downloads/1769900727.json
[2026-02-03T19:18:00.987+0000] {logging_mixin.py:188} INFO - Downloaded TSLA/1769900728.json -> /tmp/minio_downloads/1769900728.json
[2026-02-03T19:18:00.991+0000] {logging_mixin.py:188} INFO - Downloaded TSLA/1769900729.json -> /tmp/minio_downloads/1769900729.json
[2026-02-03T19:18:00.996+0000] {logging_mixin.py:188} INFO - Downloaded TSLA/1769900730.json -> /tmp/minio_downloads/1769900730.json
[2026-02-03T19:18:01.001+0000] {logging_mixin.py:188} INFO - Downloaded TSLA/1769900731.json -> /tmp/minio_downloads/1769900731.json
[2026-02-03T19:18:01.005+0000] {logging_mixin.py:188} INFO - Downloaded TSLA/1769900732.json -> /tmp/minio_downloads/1769900732.json
[2026-02-03T19:18:01.010+0000] {logging_mixin.py:188} INFO - Downloaded TSLA/1769900733.json -> /tmp/minio_downloads/1769900733.json
[2026-02-03T19:18:01.015+0000] {logging_mixin.py:188} INFO - Downloaded TSLA/1769900734.json -> /tmp/minio_downloads/1769900734.json
[2026-02-03T19:18:01.019+0000] {logging_mixin.py:188} INFO - Downloaded TSLA/1769900735.json -> /tmp/minio_downloads/1769900735.json
[2026-02-03T19:18:01.024+0000] {logging_mixin.py:188} INFO - Downloaded TSLA/1769900736.json -> /tmp/minio_downloads/1769900736.json
[2026-02-03T19:18:01.028+0000] {logging_mixin.py:188} INFO - Downloaded TSLA/1769900737.json -> /tmp/minio_downloads/1769900737.json
[2026-02-03T19:18:01.033+0000] {logging_mixin.py:188} INFO - Downloaded TSLA/1769900738.json -> /tmp/minio_downloads/1769900738.json
[2026-02-03T19:18:01.037+0000] {logging_mixin.py:188} INFO - Downloaded TSLA/1769900739.json -> /tmp/minio_downloads/1769900739.json
[2026-02-03T19:18:01.042+0000] {logging_mixin.py:188} INFO - Downloaded TSLA/1769900740.json -> /tmp/minio_downloads/1769900740.json
[2026-02-03T19:18:01.047+0000] {logging_mixin.py:188} INFO - Downloaded TSLA/1769900741.json -> /tmp/minio_downloads/1769900741.json
[2026-02-03T19:18:01.051+0000] {logging_mixin.py:188} INFO - Downloaded TSLA/1769900742.json -> /tmp/minio_downloads/1769900742.json
[2026-02-03T19:18:01.055+0000] {logging_mixin.py:188} INFO - Downloaded TSLA/1769900743.json -> /tmp/minio_downloads/1769900743.json
[2026-02-03T19:18:01.059+0000] {logging_mixin.py:188} INFO - Downloaded TSLA/1769900744.json -> /tmp/minio_downloads/1769900744.json
[2026-02-03T19:18:01.065+0000] {logging_mixin.py:188} INFO - Downloaded TSLA/1769900745.json -> /tmp/minio_downloads/1769900745.json
[2026-02-03T19:18:01.070+0000] {logging_mixin.py:188} INFO - Downloaded TSLA/1769900746.json -> /tmp/minio_downloads/1769900746.json
[2026-02-03T19:18:01.075+0000] {logging_mixin.py:188} INFO - Downloaded TSLA/1769900747.json -> /tmp/minio_downloads/1769900747.json
[2026-02-03T19:18:01.079+0000] {logging_mixin.py:188} INFO - Downloaded TSLA/1769900748.json -> /tmp/minio_downloads/1769900748.json
[2026-02-03T19:18:01.084+0000] {logging_mixin.py:188} INFO - Downloaded TSLA/1769900749.json -> /tmp/minio_downloads/1769900749.json
[2026-02-03T19:18:01.088+0000] {logging_mixin.py:188} INFO - Downloaded TSLA/1769900750.json -> /tmp/minio_downloads/1769900750.json
[2026-02-03T19:18:01.093+0000] {logging_mixin.py:188} INFO - Downloaded TSLA/1769900751.json -> /tmp/minio_downloads/1769900751.json
[2026-02-03T19:18:01.097+0000] {logging_mixin.py:188} INFO - Downloaded TSLA/1769900752.json -> /tmp/minio_downloads/1769900752.json
[2026-02-03T19:18:01.101+0000] {logging_mixin.py:188} INFO - Downloaded TSLA/1769900753.json -> /tmp/minio_downloads/1769900753.json
[2026-02-03T19:18:01.106+0000] {logging_mixin.py:188} INFO - Downloaded TSLA/1769900754.json -> /tmp/minio_downloads/1769900754.json
[2026-02-03T19:18:01.110+0000] {logging_mixin.py:188} INFO - Downloaded TSLA/1769900755.json -> /tmp/minio_downloads/1769900755.json
[2026-02-03T19:18:01.115+0000] {logging_mixin.py:188} INFO - Downloaded TSLA/1769900756.json -> /tmp/minio_downloads/1769900756.json
[2026-02-03T19:18:01.119+0000] {logging_mixin.py:188} INFO - Downloaded TSLA/1769900757.json -> /tmp/minio_downloads/1769900757.json
[2026-02-03T19:18:01.124+0000] {logging_mixin.py:188} INFO - Downloaded TSLA/1769900758.json -> /tmp/minio_downloads/1769900758.json
[2026-02-03T19:18:01.128+0000] {logging_mixin.py:188} INFO - Downloaded TSLA/1769900759.json -> /tmp/minio_downloads/1769900759.json
[2026-02-03T19:18:01.132+0000] {logging_mixin.py:188} INFO - Downloaded TSLA/1769900760.json -> /tmp/minio_downloads/1769900760.json
[2026-02-03T19:18:01.136+0000] {logging_mixin.py:188} INFO - Downloaded TSLA/1769900761.json -> /tmp/minio_downloads/1769900761.json
[2026-02-03T19:18:01.141+0000] {logging_mixin.py:188} INFO - Downloaded TSLA/1769900762.json -> /tmp/minio_downloads/1769900762.json
[2026-02-03T19:18:01.146+0000] {logging_mixin.py:188} INFO - Downloaded TSLA/1769900763.json -> /tmp/minio_downloads/1769900763.json
[2026-02-03T19:18:01.151+0000] {logging_mixin.py:188} INFO - Downloaded TSLA/1769900764.json -> /tmp/minio_downloads/1769900764.json
[2026-02-03T19:18:01.156+0000] {logging_mixin.py:188} INFO - Downloaded TSLA/1769900765.json -> /tmp/minio_downloads/1769900765.json
[2026-02-03T19:18:01.161+0000] {logging_mixin.py:188} INFO - Downloaded TSLA/1769900766.json -> /tmp/minio_downloads/1769900766.json
[2026-02-03T19:18:01.162+0000] {python.py:237} INFO - Done. Returned value was: ['/tmp/minio_downloads/1769900678.json', '/tmp/minio_downloads/1769900679.json', '/tmp/minio_downloads/1769900680.json', '/tmp/minio_downloads/1769900681.json', '/tmp/minio_downloads/1769900682.json', '/tmp/minio_downloads/1769900683.json', '/tmp/minio_downloads/1769900684.json', '/tmp/minio_downloads/1769900685.json', '/tmp/minio_downloads/1769900686.json', '/tmp/minio_downloads/1769900687.json', '/tmp/minio_downloads/1769900688.json', '/tmp/minio_downloads/1769900689.json', '/tmp/minio_downloads/1769900690.json', '/tmp/minio_downloads/1769900691.json', '/tmp/minio_downloads/1769900692.json', '/tmp/minio_downloads/1769900693.json', '/tmp/minio_downloads/1769900694.json', '/tmp/minio_downloads/1769900695.json', '/tmp/minio_downloads/1769900696.json', '/tmp/minio_downloads/1769900697.json', '/tmp/minio_downloads/1769900698.json', '/tmp/minio_downloads/1769900699.json', '/tmp/minio_downloads/1769900700.json', '/tmp/minio_downloads/1769900701.json', '/tmp/minio_downloads/1769900702.json', '/tmp/minio_downloads/1769900703.json', '/tmp/minio_downloads/1769900704.json', '/tmp/minio_downloads/1769900705.json', '/tmp/minio_downloads/1769900706.json', '/tmp/minio_downloads/1769900707.json', '/tmp/minio_downloads/1769900708.json', '/tmp/minio_downloads/1769900709.json', '/tmp/minio_downloads/1769900710.json', '/tmp/minio_downloads/1769900711.json', '/tmp/minio_downloads/1769900712.json', '/tmp/minio_downloads/1769900713.json', '/tmp/minio_downloads/1769900714.json', '/tmp/minio_downloads/1769900715.json', '/tmp/minio_downloads/1769900716.json', '/tmp/minio_downloads/1769900717.json', '/tmp/minio_downloads/1769900718.json', '/tmp/minio_downloads/1769900719.json', '/tmp/minio_downloads/1769900720.json', '/tmp/minio_downloads/1769900721.json', '/tmp/minio_downloads/1769900722.json', '/tmp/minio_downloads/1769900723.json', '/tmp/minio_downloads/1769900724.json', '/tmp/minio_downloads/1769900725.json', '/tmp/minio_downloads/1769900726.json', '/tmp/minio_downloads/1769900727.json', '/tmp/minio_downloads/1769900728.json', '/tmp/minio_downloads/1769900729.json', '/tmp/minio_downloads/1769900730.json', '/tmp/minio_downloads/1769900731.json', '/tmp/minio_downloads/1769900732.json', '/tmp/minio_downloads/1769900733.json', '/tmp/minio_downloads/1769900734.json', '/tmp/minio_downloads/1769900735.json', '/tmp/minio_downloads/1769900736.json', '/tmp/minio_downloads/1769900737.json', '/tmp/minio_downloads/1769900738.json', '/tmp/minio_downloads/1769900739.json', '/tmp/minio_downloads/1769900740.json', '/tmp/minio_downloads/1769900741.json', '/tmp/minio_downloads/1769900742.json', '/tmp/minio_downloads/1769900743.json', '/tmp/minio_downloads/1769900744.json', '/tmp/minio_downloads/1769900745.json', '/tmp/minio_downloads/1769900746.json', '/tmp/minio_downloads/1769900747.json', '/tmp/minio_downloads/1769900748.json', '/tmp/minio_downloads/1769900749.json', '/tmp/minio_downloads/1769900750.json', '/tmp/minio_downloads/1769900751.json', '/tmp/minio_downloads/1769900752.json', '/tmp/minio_downloads/1769900753.json', '/tmp/minio_downloads/1769900754.json', '/tmp/minio_downloads/1769900755.json', '/tmp/minio_downloads/1769900756.json', '/tmp/minio_downloads/1769900757.json', '/tmp/minio_downloads/1769900758.json', '/tmp/minio_downloads/1769900759.json', '/tmp/minio_downloads/1769900760.json', '/tmp/minio_downloads/1769900761.json', '/tmp/minio_downloads/1769900762.json', '/tmp/minio_downloads/1769900763.json', '/tmp/minio_downloads/1769900764.json', '/tmp/minio_downloads/1769900765.json', '/tmp/minio_downloads/1769900766.json', '/tmp/minio_downloads/1769900678.json', '/tmp/minio_downloads/1769900679.json', '/tmp/minio_downloads/1769900680.json', '/tmp/minio_downloads/1769900681.json', '/tmp/minio_downloads/1769900682.json', '/tmp/minio_downloads/1769900683.json', '/tmp/minio_downloads/1769900684.json', '/tmp/minio_downloads/1769900685.json', '/tmp/minio_downloads/1769900686.json', '/tmp/minio_downloads/1769900687.json', '/tmp/minio_downloads/1769900688.json', '/tmp/minio_downloads/1769900689.json', '/tmp/minio_downloads/1769900690.json', '/tmp/minio_downloads/1769900691.json', '/tmp/minio_downloads/1769900692.json', '/tmp/minio_downloads/1769900693.json', '/tmp/minio_downloads/1769900694.json', '/tmp/minio_downloads/1769900695.json', '/tmp/minio_downloads/1769900696.json', '/tmp/minio_downloads/1769900697.json', '/tmp/minio_downloads/1769900698.json', '/tmp/minio_downloads/1769900699.json', '/tmp/minio_downloads/1769900700.json', '/tmp/minio_downloads/1769900701.json', '/tmp/minio_downloads/1769900702.json', '/tmp/minio_downloads/1769900703.json', '/tmp/minio_downloads/1769900704.json', '/tmp/minio_downloads/1769900705.json', '/tmp/minio_downloads/1769900706.json', '/tmp/minio_downloads/1769900707.json', '/tmp/minio_downloads/1769900708.json', '/tmp/minio_downloads/1769900709.json', '/tmp/minio_downloads/1769900710.json', '/tmp/minio_downloads/1769900711.json', '/tmp/minio_downloads/1769900712.json', '/tmp/minio_downloads/1769900713.json', '/tmp/minio_downloads/1769900714.json', '/tmp/minio_downloads/1769900715.json', '/tmp/minio_downloads/1769900716.json', '/tmp/minio_downloads/1769900717.json', '/tmp/minio_downloads/1769900718.json', '/tmp/minio_downloads/1769900719.json', '/tmp/minio_downloads/1769900720.json', '/tmp/minio_downloads/1769900721.json', '/tmp/minio_downloads/1769900722.json', '/tmp/minio_downloads/1769900723.json', '/tmp/minio_downloads/1769900724.json', '/tmp/minio_downloads/1769900725.json', '/tmp/minio_downloads/1769900726.json', '/tmp/minio_downloads/1769900727.json', '/tmp/minio_downloads/1769900728.json', '/tmp/minio_downloads/1769900729.json', '/tmp/minio_downloads/1769900730.json', '/tmp/minio_downloads/1769900731.json', '/tmp/minio_downloads/1769900732.json', '/tmp/minio_downloads/1769900733.json', '/tmp/minio_downloads/1769900734.json', '/tmp/minio_downloads/1769900735.json', '/tmp/minio_downloads/1769900736.json', '/tmp/minio_downloads/1769900737.json', '/tmp/minio_downloads/1769900738.json', '/tmp/minio_downloads/1769900739.json', '/tmp/minio_downloads/1769900740.json', '/tmp/minio_downloads/1769900741.json', '/tmp/minio_downloads/1769900742.json', '/tmp/minio_downloads/1769900743.json', '/tmp/minio_downloads/1769900744.json', '/tmp/minio_downloads/1769900745.json', '/tmp/minio_downloads/1769900746.json', '/tmp/minio_downloads/1769900747.json', '/tmp/minio_downloads/1769900748.json', '/tmp/minio_downloads/1769900749.json', '/tmp/minio_downloads/1769900750.json', '/tmp/minio_downloads/1769900751.json', '/tmp/minio_downloads/1769900752.json', '/tmp/minio_downloads/1769900753.json', '/tmp/minio_downloads/1769900754.json', '/tmp/minio_downloads/1769900755.json', '/tmp/minio_downloads/1769900756.json', '/tmp/minio_downloads/1769900757.json', '/tmp/minio_downloads/1769900758.json', '/tmp/minio_downloads/1769900759.json', '/tmp/minio_downloads/1769900760.json', '/tmp/minio_downloads/1769900761.json', '/tmp/minio_downloads/1769900762.json', '/tmp/minio_downloads/1769900763.json', '/tmp/minio_downloads/1769900764.json', '/tmp/minio_downloads/1769900765.json', '/tmp/minio_downloads/1769900766.json', '/tmp/minio_downloads/1769900678.json', '/tmp/minio_downloads/1769900679.json', '/tmp/minio_downloads/1769900680.json', '/tmp/minio_downloads/1769900681.json', '/tmp/minio_downloads/1769900682.json', '/tmp/minio_downloads/1769900683.json', '/tmp/minio_downloads/1769900684.json', '/tmp/minio_downloads/1769900685.json', '/tmp/minio_downloads/1769900686.json', '/tmp/minio_downloads/1769900687.json', '/tmp/minio_downloads/1769900688.json', '/tmp/minio_downloads/1769900689.json', '/tmp/minio_downloads/1769900690.json', '/tmp/minio_downloads/1769900691.json', '/tmp/minio_downloads/1769900692.json', '/tmp/minio_downloads/1769900693.json', '/tmp/minio_downloads/1769900694.json', '/tmp/minio_downloads/1769900695.json', '/tmp/minio_downloads/1769900696.json', '/tmp/minio_downloads/1769900697.json', '/tmp/minio_downloads/1769900698.json', '/tmp/minio_downloads/1769900699.json', '/tmp/minio_downloads/1769900700.json', '/tmp/minio_downloads/1769900701.json', '/tmp/minio_downloads/1769900702.json', '/tmp/minio_downloads/1769900703.json', '/tmp/minio_downloads/1769900704.json', '/tmp/minio_downloads/1769900705.json', '/tmp/minio_downloads/1769900706.json', '/tmp/minio_downloads/1769900707.json', '/tmp/minio_downloads/1769900708.json', '/tmp/minio_downloads/1769900709.json', '/tmp/minio_downloads/1769900710.json', '/tmp/minio_downloads/1769900711.json', '/tmp/minio_downloads/1769900712.json', '/tmp/minio_downloads/1769900713.json', '/tmp/minio_downloads/1769900714.json', '/tmp/minio_downloads/1769900715.json', '/tmp/minio_downloads/1769900716.json', '/tmp/minio_downloads/1769900717.json', '/tmp/minio_downloads/1769900718.json', '/tmp/minio_downloads/1769900719.json', '/tmp/minio_downloads/1769900720.json', '/tmp/minio_downloads/1769900721.json', '/tmp/minio_downloads/1769900722.json', '/tmp/minio_downloads/1769900723.json', '/tmp/minio_downloads/1769900724.json', '/tmp/minio_downloads/1769900725.json', '/tmp/minio_downloads/1769900726.json', '/tmp/minio_downloads/1769900727.json', '/tmp/minio_downloads/1769900728.json', '/tmp/minio_downloads/1769900729.json', '/tmp/minio_downloads/1769900730.json', '/tmp/minio_downloads/1769900731.json', '/tmp/minio_downloads/1769900732.json', '/tmp/minio_downloads/1769900733.json', '/tmp/minio_downloads/1769900734.json', '/tmp/minio_downloads/1769900735.json', '/tmp/minio_downloads/1769900736.json', '/tmp/minio_downloads/1769900737.json', '/tmp/minio_downloads/1769900738.json', '/tmp/minio_downloads/1769900739.json', '/tmp/minio_downloads/1769900740.json', '/tmp/minio_downloads/1769900741.json', '/tmp/minio_downloads/1769900742.json', '/tmp/minio_downloads/1769900743.json', '/tmp/minio_downloads/1769900744.json', '/tmp/minio_downloads/1769900745.json', '/tmp/minio_downloads/1769900746.json', '/tmp/minio_downloads/1769900747.json', '/tmp/minio_downloads/1769900748.json', '/tmp/minio_downloads/1769900749.json', '/tmp/minio_downloads/1769900750.json', '/tmp/minio_downloads/1769900751.json', '/tmp/minio_downloads/1769900752.json', '/tmp/minio_downloads/1769900753.json', '/tmp/minio_downloads/1769900754.json', '/tmp/minio_downloads/1769900755.json', '/tmp/minio_downloads/1769900756.json', '/tmp/minio_downloads/1769900757.json', '/tmp/minio_downloads/1769900758.json', '/tmp/minio_downloads/1769900759.json', '/tmp/minio_downloads/1769900760.json', '/tmp/minio_downloads/1769900761.json', '/tmp/minio_downloads/1769900762.json', '/tmp/minio_downloads/1769900763.json', '/tmp/minio_downloads/1769900764.json', '/tmp/minio_downloads/1769900765.json', '/tmp/minio_downloads/1769900766.json', '/tmp/minio_downloads/1769900678.json', '/tmp/minio_downloads/1769900679.json', '/tmp/minio_downloads/1769900680.json', '/tmp/minio_downloads/1769900681.json', '/tmp/minio_downloads/1769900682.json', '/tmp/minio_downloads/1769900683.json', '/tmp/minio_downloads/1769900684.json', '/tmp/minio_downloads/1769900685.json', '/tmp/minio_downloads/1769900686.json', '/tmp/minio_downloads/1769900687.json', '/tmp/minio_downloads/1769900688.json', '/tmp/minio_downloads/1769900689.json', '/tmp/minio_downloads/1769900690.json', '/tmp/minio_downloads/1769900691.json', '/tmp/minio_downloads/1769900692.json', '/tmp/minio_downloads/1769900693.json', '/tmp/minio_downloads/1769900694.json', '/tmp/minio_downloads/1769900695.json', '/tmp/minio_downloads/1769900696.json', '/tmp/minio_downloads/1769900697.json', '/tmp/minio_downloads/1769900698.json', '/tmp/minio_downloads/1769900699.json', '/tmp/minio_downloads/1769900700.json', '/tmp/minio_downloads/1769900701.json', '/tmp/minio_downloads/1769900702.json', '/tmp/minio_downloads/1769900703.json', '/tmp/minio_downloads/1769900704.json', '/tmp/minio_downloads/1769900705.json', '/tmp/minio_downloads/1769900706.json', '/tmp/minio_downloads/1769900707.json', '/tmp/minio_downloads/1769900708.json', '/tmp/minio_downloads/1769900709.json', '/tmp/minio_downloads/1769900710.json', '/tmp/minio_downloads/1769900711.json', '/tmp/minio_downloads/1769900712.json', '/tmp/minio_downloads/1769900713.json', '/tmp/minio_downloads/1769900714.json', '/tmp/minio_downloads/1769900715.json', '/tmp/minio_downloads/1769900716.json', '/tmp/minio_downloads/1769900717.json', '/tmp/minio_downloads/1769900718.json', '/tmp/minio_downloads/1769900719.json', '/tmp/minio_downloads/1769900720.json', '/tmp/minio_downloads/1769900721.json', '/tmp/minio_downloads/1769900722.json', '/tmp/minio_downloads/1769900723.json', '/tmp/minio_downloads/1769900724.json', '/tmp/minio_downloads/1769900725.json', '/tmp/minio_downloads/1769900726.json', '/tmp/minio_downloads/1769900727.json', '/tmp/minio_downloads/1769900728.json', '/tmp/minio_downloads/1769900729.json', '/tmp/minio_downloads/1769900730.json', '/tmp/minio_downloads/1769900731.json', '/tmp/minio_downloads/1769900732.json', '/tmp/minio_downloads/1769900733.json', '/tmp/minio_downloads/1769900734.json', '/tmp/minio_downloads/1769900735.json', '/tmp/minio_downloads/1769900736.json', '/tmp/minio_downloads/1769900737.json', '/tmp/minio_downloads/1769900738.json', '/tmp/minio_downloads/1769900739.json', '/tmp/minio_downloads/1769900740.json', '/tmp/minio_downloads/1769900741.json', '/tmp/minio_downloads/1769900742.json', '/tmp/minio_downloads/1769900743.json', '/tmp/minio_downloads/1769900744.json', '/tmp/minio_downloads/1769900745.json', '/tmp/minio_downloads/1769900746.json', '/tmp/minio_downloads/1769900747.json', '/tmp/minio_downloads/1769900748.json', '/tmp/minio_downloads/1769900749.json', '/tmp/minio_downloads/1769900750.json', '/tmp/minio_downloads/1769900751.json', '/tmp/minio_downloads/1769900752.json', '/tmp/minio_downloads/1769900753.json', '/tmp/minio_downloads/1769900754.json', '/tmp/minio_downloads/1769900755.json', '/tmp/minio_downloads/1769900756.json', '/tmp/minio_downloads/1769900757.json', '/tmp/minio_downloads/1769900758.json', '/tmp/minio_downloads/1769900759.json', '/tmp/minio_downloads/1769900760.json', '/tmp/minio_downloads/1769900761.json', '/tmp/minio_downloads/1769900762.json', '/tmp/minio_downloads/1769900763.json', '/tmp/minio_downloads/1769900764.json', '/tmp/minio_downloads/1769900765.json', '/tmp/minio_downloads/1769900766.json', '/tmp/minio_downloads/1769900678.json', '/tmp/minio_downloads/1769900679.json', '/tmp/minio_downloads/1769900680.json', '/tmp/minio_downloads/1769900681.json', '/tmp/minio_downloads/1769900682.json', '/tmp/minio_downloads/1769900683.json', '/tmp/minio_downloads/1769900684.json', '/tmp/minio_downloads/1769900685.json', '/tmp/minio_downloads/1769900686.json', '/tmp/minio_downloads/1769900687.json', '/tmp/minio_downloads/1769900688.json', '/tmp/minio_downloads/1769900689.json', '/tmp/minio_downloads/1769900690.json', '/tmp/minio_downloads/1769900691.json', '/tmp/minio_downloads/1769900692.json', '/tmp/minio_downloads/1769900693.json', '/tmp/minio_downloads/1769900694.json', '/tmp/minio_downloads/1769900695.json', '/tmp/minio_downloads/1769900696.json', '/tmp/minio_downloads/1769900697.json', '/tmp/minio_downloads/1769900698.json', '/tmp/minio_downloads/1769900699.json', '/tmp/minio_downloads/1769900700.json', '/tmp/minio_downloads/1769900701.json', '/tmp/minio_downloads/1769900702.json', '/tmp/minio_downloads/1769900703.json', '/tmp/minio_downloads/1769900704.json', '/tmp/minio_downloads/1769900705.json', '/tmp/minio_downloads/1769900706.json', '/tmp/minio_downloads/1769900707.json', '/tmp/minio_downloads/1769900708.json', '/tmp/minio_downloads/1769900709.json', '/tmp/minio_downloads/1769900710.json', '/tmp/minio_downloads/1769900711.json', '/tmp/minio_downloads/1769900712.json', '/tmp/minio_downloads/1769900713.json', '/tmp/minio_downloads/1769900714.json', '/tmp/minio_downloads/1769900715.json', '/tmp/minio_downloads/1769900716.json', '/tmp/minio_downloads/1769900717.json', '/tmp/minio_downloads/1769900718.json', '/tmp/minio_downloads/1769900719.json', '/tmp/minio_downloads/1769900720.json', '/tmp/minio_downloads/1769900721.json', '/tmp/minio_downloads/1769900722.json', '/tmp/minio_downloads/1769900723.json', '/tmp/minio_downloads/1769900724.json', '/tmp/minio_downloads/1769900725.json', '/tmp/minio_downloads/1769900726.json', '/tmp/minio_downloads/1769900727.json', '/tmp/minio_downloads/1769900728.json', '/tmp/minio_downloads/1769900729.json', '/tmp/minio_downloads/1769900730.json', '/tmp/minio_downloads/1769900731.json', '/tmp/minio_downloads/1769900732.json', '/tmp/minio_downloads/1769900733.json', '/tmp/minio_downloads/1769900734.json', '/tmp/minio_downloads/1769900735.json', '/tmp/minio_downloads/1769900736.json', '/tmp/minio_downloads/1769900737.json', '/tmp/minio_downloads/1769900738.json', '/tmp/minio_downloads/1769900739.json', '/tmp/minio_downloads/1769900740.json', '/tmp/minio_downloads/1769900741.json', '/tmp/minio_downloads/1769900742.json', '/tmp/minio_downloads/1769900743.json', '/tmp/minio_downloads/1769900744.json', '/tmp/minio_downloads/1769900745.json', '/tmp/minio_downloads/1769900746.json', '/tmp/minio_downloads/1769900747.json', '/tmp/minio_downloads/1769900748.json', '/tmp/minio_downloads/1769900749.json', '/tmp/minio_downloads/1769900750.json', '/tmp/minio_downloads/1769900751.json', '/tmp/minio_downloads/1769900752.json', '/tmp/minio_downloads/1769900753.json', '/tmp/minio_downloads/1769900754.json', '/tmp/minio_downloads/1769900755.json', '/tmp/minio_downloads/1769900756.json', '/tmp/minio_downloads/1769900757.json', '/tmp/minio_downloads/1769900758.json', '/tmp/minio_downloads/1769900759.json', '/tmp/minio_downloads/1769900760.json', '/tmp/minio_downloads/1769900761.json', '/tmp/minio_downloads/1769900762.json', '/tmp/minio_downloads/1769900763.json', '/tmp/minio_downloads/1769900764.json', '/tmp/minio_downloads/1769900765.json', '/tmp/minio_downloads/1769900766.json']
[2026-02-03T19:18:01.163+0000] {taskinstance.py:441} INFO - ::group::Post task execution logs
[2026-02-03T19:18:01.183+0000] {taskinstance.py:1206} INFO - Marking task as SUCCESS. dag_id=minio_to_snowflake, task_id=download_minio, run_id=scheduled__2026-02-03T19:16:00+00:00, execution_date=20260203T191600, start_date=20260203T191757, end_date=20260203T191801
[2026-02-03T19:18:01.198+0000] {local_task_job_runner.py:243} INFO - Task exited with return code 0
[2026-02-03T19:18:01.212+0000] {taskinstance.py:3503} INFO - 1 downstream tasks scheduled from follow-on schedule check
[2026-02-03T19:18:01.214+0000] {local_task_job_runner.py:222} INFO - ::endgroup::
