[2026-02-04T01:27:04.436+0000] {local_task_job_runner.py:120} INFO - ::group::Pre task execution logs
[2026-02-04T01:27:04.473+0000] {taskinstance.py:2076} INFO - Dependencies all met for dep_context=non-requeueable deps ti=<TaskInstance: minio_to_snowflake.download_minio scheduled__2026-02-04T01:25:00+00:00 [queued]>
[2026-02-04T01:27:04.480+0000] {taskinstance.py:2076} INFO - Dependencies all met for dep_context=requeueable deps ti=<TaskInstance: minio_to_snowflake.download_minio scheduled__2026-02-04T01:25:00+00:00 [queued]>
[2026-02-04T01:27:04.481+0000] {taskinstance.py:2306} INFO - Starting attempt 1 of 2
[2026-02-04T01:27:04.493+0000] {taskinstance.py:2330} INFO - Executing <Task(PythonOperator): download_minio> on 2026-02-04 01:25:00+00:00
[2026-02-04T01:27:04.506+0000] {standard_task_runner.py:90} INFO - Running: ['***', 'tasks', 'run', 'minio_to_snowflake', 'download_minio', 'scheduled__2026-02-04T01:25:00+00:00', '--job-id', '439', '--raw', '--subdir', 'DAGS_FOLDER/minio_to_snowflake.py', '--cfg-path', '/tmp/tmp0k7xy3nz']
[2026-02-04T01:27:04.509+0000] {logging_mixin.py:188} WARNING - /home/***/.local/lib/python3.12/site-packages/***/task/task_runner/standard_task_runner.py:62 DeprecationWarning: This process (pid=99) is multi-threaded, use of fork() may lead to deadlocks in the child.
[2026-02-04T01:27:04.510+0000] {standard_task_runner.py:91} INFO - Job 439: Subtask download_minio
[2026-02-04T01:27:04.510+0000] {standard_task_runner.py:64} INFO - Started process 123 to run task
[2026-02-04T01:27:04.586+0000] {task_command.py:426} INFO - Running <TaskInstance: minio_to_snowflake.download_minio scheduled__2026-02-04T01:25:00+00:00 [running]> on host e6e1c513bfd4
[2026-02-04T01:27:04.661+0000] {taskinstance.py:2648} INFO - Exporting env vars: AIRFLOW_CTX_DAG_OWNER='***' AIRFLOW_CTX_DAG_ID='minio_to_snowflake' AIRFLOW_CTX_TASK_ID='download_minio' AIRFLOW_CTX_EXECUTION_DATE='2026-02-04T01:25:00+00:00' AIRFLOW_CTX_TRY_NUMBER='1' AIRFLOW_CTX_DAG_RUN_ID='scheduled__2026-02-04T01:25:00+00:00'
[2026-02-04T01:27:04.662+0000] {taskinstance.py:430} INFO - ::endgroup::
[2026-02-04T01:27:05.342+0000] {logging_mixin.py:188} INFO - Downloaded AAPL/1770167508850.json -> /tmp/minio_downloads/1770167508850.json
[2026-02-04T01:27:05.354+0000] {logging_mixin.py:188} INFO - Downloaded AAPL/1770167508876.json -> /tmp/minio_downloads/1770167508876.json
[2026-02-04T01:27:05.362+0000] {logging_mixin.py:188} INFO - Downloaded AAPL/1770167508927.json -> /tmp/minio_downloads/1770167508927.json
[2026-02-04T01:27:05.371+0000] {logging_mixin.py:188} INFO - Downloaded AAPL/1770167508952.json -> /tmp/minio_downloads/1770167508952.json
[2026-02-04T01:27:05.379+0000] {logging_mixin.py:188} INFO - Downloaded AAPL/1770167508978.json -> /tmp/minio_downloads/1770167508978.json
[2026-02-04T01:27:05.387+0000] {logging_mixin.py:188} INFO - Downloaded AAPL/1770167509011.json -> /tmp/minio_downloads/1770167509011.json
[2026-02-04T01:27:05.393+0000] {logging_mixin.py:188} INFO - Downloaded AAPL/1770167509075.json -> /tmp/minio_downloads/1770167509075.json
[2026-02-04T01:27:05.400+0000] {logging_mixin.py:188} INFO - Downloaded AAPL/1770167509107.json -> /tmp/minio_downloads/1770167509107.json
[2026-02-04T01:27:05.407+0000] {logging_mixin.py:188} INFO - Downloaded AAPL/1770167509167.json -> /tmp/minio_downloads/1770167509167.json
[2026-02-04T01:27:05.414+0000] {logging_mixin.py:188} INFO - Downloaded AAPL/1770167509185.json -> /tmp/minio_downloads/1770167509185.json
[2026-02-04T01:27:05.422+0000] {logging_mixin.py:188} INFO - Downloaded AAPL/1770167509277.json -> /tmp/minio_downloads/1770167509277.json
[2026-02-04T01:27:05.436+0000] {logging_mixin.py:188} INFO - Downloaded AAPL/1770167509362.json -> /tmp/minio_downloads/1770167509362.json
[2026-02-04T01:27:05.446+0000] {logging_mixin.py:188} INFO - Downloaded AAPL/1770167509416.json -> /tmp/minio_downloads/1770167509416.json
[2026-02-04T01:27:05.455+0000] {logging_mixin.py:188} INFO - Downloaded AAPL/1770167509427.json -> /tmp/minio_downloads/1770167509427.json
[2026-02-04T01:27:05.463+0000] {logging_mixin.py:188} INFO - Downloaded AAPL/1770167509458.json -> /tmp/minio_downloads/1770167509458.json
[2026-02-04T01:27:05.470+0000] {logging_mixin.py:188} INFO - Downloaded AAPL/1770167509485.json -> /tmp/minio_downloads/1770167509485.json
[2026-02-04T01:27:05.477+0000] {logging_mixin.py:188} INFO - Downloaded AAPL/1770167509504.json -> /tmp/minio_downloads/1770167509504.json
[2026-02-04T01:27:05.485+0000] {logging_mixin.py:188} INFO - Downloaded AAPL/1770167509520.json -> /tmp/minio_downloads/1770167509520.json
[2026-02-04T01:27:05.493+0000] {logging_mixin.py:188} INFO - Downloaded AAPL/1770167509558.json -> /tmp/minio_downloads/1770167509558.json
[2026-02-04T01:27:05.501+0000] {logging_mixin.py:188} INFO - Downloaded AAPL/1770167509564.json -> /tmp/minio_downloads/1770167509564.json
[2026-02-04T01:27:05.511+0000] {logging_mixin.py:188} INFO - Downloaded AAPL/1770167509603.json -> /tmp/minio_downloads/1770167509603.json
[2026-02-04T01:27:05.524+0000] {logging_mixin.py:188} INFO - Downloaded AAPL/1770167509615.json -> /tmp/minio_downloads/1770167509615.json
[2026-02-04T01:27:05.534+0000] {logging_mixin.py:188} INFO - Downloaded AAPL/1770167509620.json -> /tmp/minio_downloads/1770167509620.json
[2026-02-04T01:27:05.544+0000] {logging_mixin.py:188} INFO - Downloaded AAPL/1770167509645.json -> /tmp/minio_downloads/1770167509645.json
[2026-02-04T01:27:05.554+0000] {logging_mixin.py:188} INFO - Downloaded AAPL/1770167509680.json -> /tmp/minio_downloads/1770167509680.json
[2026-02-04T01:27:05.565+0000] {logging_mixin.py:188} INFO - Downloaded AAPL/1770167509702.json -> /tmp/minio_downloads/1770167509702.json
[2026-02-04T01:27:05.573+0000] {logging_mixin.py:188} INFO - Downloaded AAPL/1770167509742.json -> /tmp/minio_downloads/1770167509742.json
[2026-02-04T01:27:05.583+0000] {logging_mixin.py:188} INFO - Downloaded AAPL/1770167509766.json -> /tmp/minio_downloads/1770167509766.json
[2026-02-04T01:27:05.593+0000] {logging_mixin.py:188} INFO - Downloaded AAPL/1770167509797.json -> /tmp/minio_downloads/1770167509797.json
[2026-02-04T01:27:05.601+0000] {logging_mixin.py:188} INFO - Downloaded AAPL/1770167509847.json -> /tmp/minio_downloads/1770167509847.json
[2026-02-04T01:27:05.608+0000] {logging_mixin.py:188} INFO - Downloaded AAPL/1770167509885.json -> /tmp/minio_downloads/1770167509885.json
[2026-02-04T01:27:05.618+0000] {logging_mixin.py:188} INFO - Downloaded AAPL/1770167509925.json -> /tmp/minio_downloads/1770167509925.json
[2026-02-04T01:27:05.632+0000] {logging_mixin.py:188} INFO - Downloaded AAPL/1770167509936.json -> /tmp/minio_downloads/1770167509936.json
[2026-02-04T01:27:05.643+0000] {logging_mixin.py:188} INFO - Downloaded AAPL/1770167509982.json -> /tmp/minio_downloads/1770167509982.json
[2026-02-04T01:27:05.653+0000] {logging_mixin.py:188} INFO - Downloaded AAPL/1770167510028.json -> /tmp/minio_downloads/1770167510028.json
[2026-02-04T01:27:05.661+0000] {logging_mixin.py:188} INFO - Downloaded AAPL/1770167510039.json -> /tmp/minio_downloads/1770167510039.json
[2026-02-04T01:27:05.668+0000] {logging_mixin.py:188} INFO - Downloaded AAPL/1770167510044.json -> /tmp/minio_downloads/1770167510044.json
[2026-02-04T01:27:05.676+0000] {logging_mixin.py:188} INFO - Downloaded AAPL/1770167510094.json -> /tmp/minio_downloads/1770167510094.json
[2026-02-04T01:27:05.684+0000] {logging_mixin.py:188} INFO - Downloaded AAPL/1770167510100.json -> /tmp/minio_downloads/1770167510100.json
[2026-02-04T01:27:05.691+0000] {logging_mixin.py:188} INFO - Downloaded AAPL/1770167510111.json -> /tmp/minio_downloads/1770167510111.json
[2026-02-04T01:27:05.698+0000] {logging_mixin.py:188} INFO - Downloaded AAPL/1770167510148.json -> /tmp/minio_downloads/1770167510148.json
[2026-02-04T01:27:05.706+0000] {logging_mixin.py:188} INFO - Downloaded AAPL/1770167510165.json -> /tmp/minio_downloads/1770167510165.json
[2026-02-04T01:27:05.714+0000] {logging_mixin.py:188} INFO - Downloaded AAPL/1770167510206.json -> /tmp/minio_downloads/1770167510206.json
[2026-02-04T01:27:05.724+0000] {logging_mixin.py:188} INFO - Downloaded AAPL/1770167510217.json -> /tmp/minio_downloads/1770167510217.json
[2026-02-04T01:27:05.733+0000] {logging_mixin.py:188} INFO - Downloaded AAPL/1770167510234.json -> /tmp/minio_downloads/1770167510234.json
[2026-02-04T01:27:05.741+0000] {logging_mixin.py:188} INFO - Downloaded AAPL/1770167510239.json -> /tmp/minio_downloads/1770167510239.json
[2026-02-04T01:27:05.749+0000] {logging_mixin.py:188} INFO - Downloaded AAPL/1770167510255.json -> /tmp/minio_downloads/1770167510255.json
[2026-02-04T01:27:05.757+0000] {logging_mixin.py:188} INFO - Downloaded AAPL/1770167510267.json -> /tmp/minio_downloads/1770167510267.json
[2026-02-04T01:27:05.764+0000] {logging_mixin.py:188} INFO - Downloaded AAPL/1770167510317.json -> /tmp/minio_downloads/1770167510317.json
[2026-02-04T01:27:05.772+0000] {logging_mixin.py:188} INFO - Downloaded AAPL/1770167510328.json -> /tmp/minio_downloads/1770167510328.json
[2026-02-04T01:27:05.782+0000] {logging_mixin.py:188} INFO - Downloaded AAPL/1770167510350.json -> /tmp/minio_downloads/1770167510350.json
[2026-02-04T01:27:05.792+0000] {logging_mixin.py:188} INFO - Downloaded AAPL/1770167510417.json -> /tmp/minio_downloads/1770167510417.json
[2026-02-04T01:27:05.800+0000] {logging_mixin.py:188} INFO - Downloaded AAPL/1770167510447.json -> /tmp/minio_downloads/1770167510447.json
[2026-02-04T01:27:05.808+0000] {logging_mixin.py:188} INFO - Downloaded AAPL/1770167510479.json -> /tmp/minio_downloads/1770167510479.json
[2026-02-04T01:27:05.816+0000] {logging_mixin.py:188} INFO - Downloaded AAPL/1770167510507.json -> /tmp/minio_downloads/1770167510507.json
[2026-02-04T01:27:05.823+0000] {logging_mixin.py:188} INFO - Downloaded AAPL/1770167510598.json -> /tmp/minio_downloads/1770167510598.json
[2026-02-04T01:27:05.831+0000] {logging_mixin.py:188} INFO - Downloaded AAPL/1770167510667.json -> /tmp/minio_downloads/1770167510667.json
[2026-02-04T01:27:05.838+0000] {logging_mixin.py:188} INFO - Downloaded AAPL/1770167510679.json -> /tmp/minio_downloads/1770167510679.json
[2026-02-04T01:27:05.845+0000] {logging_mixin.py:188} INFO - Downloaded AAPL/1770167510706.json -> /tmp/minio_downloads/1770167510706.json
[2026-02-04T01:27:05.852+0000] {logging_mixin.py:188} INFO - Downloaded AAPL/1770167510740.json -> /tmp/minio_downloads/1770167510740.json
[2026-02-04T01:27:05.860+0000] {logging_mixin.py:188} INFO - Downloaded AAPL/1770167510752.json -> /tmp/minio_downloads/1770167510752.json
[2026-02-04T01:27:05.867+0000] {logging_mixin.py:188} INFO - Downloaded AAPL/1770167510775.json -> /tmp/minio_downloads/1770167510775.json
[2026-02-04T01:27:05.874+0000] {logging_mixin.py:188} INFO - Downloaded AAPL/1770167510788.json -> /tmp/minio_downloads/1770167510788.json
[2026-02-04T01:27:05.884+0000] {logging_mixin.py:188} INFO - Downloaded AAPL/1770167510793.json -> /tmp/minio_downloads/1770167510793.json
[2026-02-04T01:27:05.894+0000] {logging_mixin.py:188} INFO - Downloaded AAPL/1770167510812.json -> /tmp/minio_downloads/1770167510812.json
[2026-02-04T01:27:05.901+0000] {logging_mixin.py:188} INFO - Downloaded AAPL/1770167510830.json -> /tmp/minio_downloads/1770167510830.json
[2026-02-04T01:27:05.912+0000] {logging_mixin.py:188} INFO - Downloaded AAPL/1770167510877.json -> /tmp/minio_downloads/1770167510877.json
[2026-02-04T01:27:05.919+0000] {logging_mixin.py:188} INFO - Downloaded AAPL/1770167510895.json -> /tmp/minio_downloads/1770167510895.json
[2026-02-04T01:27:05.927+0000] {logging_mixin.py:188} INFO - Downloaded AAPL/1770167510931.json -> /tmp/minio_downloads/1770167510931.json
[2026-02-04T01:27:05.935+0000] {logging_mixin.py:188} INFO - Downloaded AAPL/1770167510938.json -> /tmp/minio_downloads/1770167510938.json
[2026-02-04T01:27:05.942+0000] {logging_mixin.py:188} INFO - Downloaded AAPL/1770167510962.json -> /tmp/minio_downloads/1770167510962.json
[2026-02-04T01:27:05.951+0000] {logging_mixin.py:188} INFO - Downloaded AAPL/1770167510980.json -> /tmp/minio_downloads/1770167510980.json
[2026-02-04T01:27:05.960+0000] {logging_mixin.py:188} INFO - Downloaded AAPL/1770167511036.json -> /tmp/minio_downloads/1770167511036.json
[2026-02-04T01:27:05.966+0000] {logging_mixin.py:188} INFO - Downloaded AAPL/1770167511054.json -> /tmp/minio_downloads/1770167511054.json
[2026-02-04T01:27:05.974+0000] {logging_mixin.py:188} INFO - Downloaded AAPL/1770167511104.json -> /tmp/minio_downloads/1770167511104.json
[2026-02-04T01:27:05.981+0000] {logging_mixin.py:188} INFO - Downloaded AAPL/1770167511122.json -> /tmp/minio_downloads/1770167511122.json
[2026-02-04T01:27:05.988+0000] {logging_mixin.py:188} INFO - Downloaded AAPL/1770167511146.json -> /tmp/minio_downloads/1770167511146.json
[2026-02-04T01:27:05.996+0000] {logging_mixin.py:188} INFO - Downloaded AAPL/1770167511176.json -> /tmp/minio_downloads/1770167511176.json
[2026-02-04T01:27:06.003+0000] {logging_mixin.py:188} INFO - Downloaded AAPL/1770167511208.json -> /tmp/minio_downloads/1770167511208.json
[2026-02-04T01:27:06.010+0000] {logging_mixin.py:188} INFO - Downloaded AAPL/1770167511237.json -> /tmp/minio_downloads/1770167511237.json
[2026-02-04T01:27:06.017+0000] {logging_mixin.py:188} INFO - Downloaded AAPL/1770167511282.json -> /tmp/minio_downloads/1770167511282.json
[2026-02-04T01:27:06.024+0000] {logging_mixin.py:188} INFO - Downloaded AAPL/1770167511299.json -> /tmp/minio_downloads/1770167511299.json
[2026-02-04T01:27:06.031+0000] {logging_mixin.py:188} INFO - Downloaded AAPL/1770167511315.json -> /tmp/minio_downloads/1770167511315.json
[2026-02-04T01:27:06.038+0000] {logging_mixin.py:188} INFO - Downloaded AAPL/1770167511327.json -> /tmp/minio_downloads/1770167511327.json
[2026-02-04T01:27:06.046+0000] {logging_mixin.py:188} INFO - Downloaded AAPL/1770167511343.json -> /tmp/minio_downloads/1770167511343.json
[2026-02-04T01:27:06.053+0000] {logging_mixin.py:188} INFO - Downloaded AAPL/1770167511397.json -> /tmp/minio_downloads/1770167511397.json
[2026-02-04T01:27:06.060+0000] {logging_mixin.py:188} INFO - Downloaded AAPL/1770167511414.json -> /tmp/minio_downloads/1770167511414.json
[2026-02-04T01:27:06.066+0000] {logging_mixin.py:188} INFO - Downloaded AAPL/1770167511421.json -> /tmp/minio_downloads/1770167511421.json
[2026-02-04T01:27:06.073+0000] {logging_mixin.py:188} INFO - Downloaded AMZN/1770167508856.json -> /tmp/minio_downloads/1770167508856.json
[2026-02-04T01:27:06.080+0000] {logging_mixin.py:188} INFO - Downloaded AMZN/1770167508940.json -> /tmp/minio_downloads/1770167508940.json
[2026-02-04T01:27:06.086+0000] {logging_mixin.py:188} INFO - Downloaded AMZN/1770167508971.json -> /tmp/minio_downloads/1770167508971.json
[2026-02-04T01:27:06.092+0000] {logging_mixin.py:188} INFO - Downloaded AMZN/1770167509005.json -> /tmp/minio_downloads/1770167509005.json
[2026-02-04T01:27:06.098+0000] {logging_mixin.py:188} INFO - Downloaded AMZN/1770167509145.json -> /tmp/minio_downloads/1770167509145.json
[2026-02-04T01:27:06.104+0000] {logging_mixin.py:188} INFO - Downloaded AMZN/1770167509180.json -> /tmp/minio_downloads/1770167509180.json
[2026-02-04T01:27:06.110+0000] {logging_mixin.py:188} INFO - Downloaded AMZN/1770167509249.json -> /tmp/minio_downloads/1770167509249.json
[2026-02-04T01:27:06.116+0000] {logging_mixin.py:188} INFO - Downloaded AMZN/1770167509260.json -> /tmp/minio_downloads/1770167509260.json
[2026-02-04T01:27:06.123+0000] {logging_mixin.py:188} INFO - Downloaded AMZN/1770167509328.json -> /tmp/minio_downloads/1770167509328.json
[2026-02-04T01:27:06.129+0000] {logging_mixin.py:188} INFO - Downloaded AMZN/1770167509350.json -> /tmp/minio_downloads/1770167509350.json
[2026-02-04T01:27:06.135+0000] {logging_mixin.py:188} INFO - Downloaded AMZN/1770167509392.json -> /tmp/minio_downloads/1770167509392.json
[2026-02-04T01:27:06.143+0000] {logging_mixin.py:188} INFO - Downloaded AMZN/1770167509398.json -> /tmp/minio_downloads/1770167509398.json
[2026-02-04T01:27:06.157+0000] {logging_mixin.py:188} INFO - Downloaded AMZN/1770167509411.json -> /tmp/minio_downloads/1770167509411.json
[2026-02-04T01:27:06.167+0000] {logging_mixin.py:188} INFO - Downloaded AMZN/1770167509515.json -> /tmp/minio_downloads/1770167509515.json
[2026-02-04T01:27:06.177+0000] {logging_mixin.py:188} INFO - Downloaded AMZN/1770167509536.json -> /tmp/minio_downloads/1770167509536.json
[2026-02-04T01:27:06.185+0000] {logging_mixin.py:188} INFO - Downloaded AMZN/1770167509553.json -> /tmp/minio_downloads/1770167509553.json
[2026-02-04T01:27:06.192+0000] {logging_mixin.py:188} INFO - Downloaded AMZN/1770167509581.json -> /tmp/minio_downloads/1770167509581.json
[2026-02-04T01:27:06.199+0000] {logging_mixin.py:188} INFO - Downloaded AMZN/1770167509598.json -> /tmp/minio_downloads/1770167509598.json
[2026-02-04T01:27:06.207+0000] {logging_mixin.py:188} INFO - Downloaded AMZN/1770167509656.json -> /tmp/minio_downloads/1770167509656.json
[2026-02-04T01:27:06.213+0000] {logging_mixin.py:188} INFO - Downloaded AMZN/1770167509667.json -> /tmp/minio_downloads/1770167509667.json
[2026-02-04T01:27:06.219+0000] {logging_mixin.py:188} INFO - Downloaded AMZN/1770167509713.json -> /tmp/minio_downloads/1770167509713.json
[2026-02-04T01:27:06.226+0000] {logging_mixin.py:188} INFO - Downloaded AMZN/1770167509737.json -> /tmp/minio_downloads/1770167509737.json
[2026-02-04T01:27:06.233+0000] {logging_mixin.py:188} INFO - Downloaded AMZN/1770167509759.json -> /tmp/minio_downloads/1770167509759.json
[2026-02-04T01:27:06.239+0000] {logging_mixin.py:188} INFO - Downloaded AMZN/1770167509779.json -> /tmp/minio_downloads/1770167509779.json
[2026-02-04T01:27:06.246+0000] {logging_mixin.py:188} INFO - Downloaded AMZN/1770167509790.json -> /tmp/minio_downloads/1770167509790.json
[2026-02-04T01:27:06.252+0000] {logging_mixin.py:188} INFO - Downloaded AMZN/1770167509825.json -> /tmp/minio_downloads/1770167509825.json
[2026-02-04T01:27:06.260+0000] {logging_mixin.py:188} INFO - Downloaded AMZN/1770167509841.json -> /tmp/minio_downloads/1770167509841.json
[2026-02-04T01:27:06.266+0000] {logging_mixin.py:188} INFO - Downloaded AMZN/1770167509879.json -> /tmp/minio_downloads/1770167509879.json
[2026-02-04T01:27:06.272+0000] {logging_mixin.py:188} INFO - Downloaded AMZN/1770167509902.json -> /tmp/minio_downloads/1770167509902.json
[2026-02-04T01:27:06.278+0000] {logging_mixin.py:188} INFO - Downloaded AMZN/1770167509920.json -> /tmp/minio_downloads/1770167509920.json
[2026-02-04T01:27:06.285+0000] {logging_mixin.py:188} INFO - Downloaded AMZN/1770167509931.json -> /tmp/minio_downloads/1770167509931.json
[2026-02-04T01:27:06.291+0000] {logging_mixin.py:188} INFO - Downloaded AMZN/1770167509965.json -> /tmp/minio_downloads/1770167509965.json
[2026-02-04T01:27:06.298+0000] {logging_mixin.py:188} INFO - Downloaded AMZN/1770167509978.json -> /tmp/minio_downloads/1770167509978.json
[2026-02-04T01:27:06.304+0000] {logging_mixin.py:188} INFO - Downloaded AMZN/1770167509993.json -> /tmp/minio_downloads/1770167509993.json
[2026-02-04T01:27:06.311+0000] {logging_mixin.py:188} INFO - Downloaded AMZN/1770167510004.json -> /tmp/minio_downloads/1770167510004.json
[2026-02-04T01:27:06.319+0000] {logging_mixin.py:188} INFO - Downloaded AMZN/1770167510061.json -> /tmp/minio_downloads/1770167510061.json
[2026-02-04T01:27:06.326+0000] {logging_mixin.py:188} INFO - Downloaded AMZN/1770167510077.json -> /tmp/minio_downloads/1770167510077.json
[2026-02-04T01:27:06.333+0000] {logging_mixin.py:188} INFO - Downloaded AMZN/1770167510088.json -> /tmp/minio_downloads/1770167510088.json
[2026-02-04T01:27:06.340+0000] {logging_mixin.py:188} INFO - Downloaded AMZN/1770167510106.json -> /tmp/minio_downloads/1770167510106.json
[2026-02-04T01:27:06.346+0000] {logging_mixin.py:188} INFO - Downloaded AMZN/1770167510128.json -> /tmp/minio_downloads/1770167510128.json
[2026-02-04T01:27:06.353+0000] {logging_mixin.py:188} INFO - Downloaded AMZN/1770167510140.json -> /tmp/minio_downloads/1770167510140.json
[2026-02-04T01:27:06.360+0000] {logging_mixin.py:188} INFO - Downloaded AMZN/1770167510173.json -> /tmp/minio_downloads/1770167510173.json
[2026-02-04T01:27:06.366+0000] {logging_mixin.py:188} INFO - Downloaded AMZN/1770167510196.json -> /tmp/minio_downloads/1770167510196.json
[2026-02-04T01:27:06.373+0000] {logging_mixin.py:188} INFO - Downloaded AMZN/1770167510201.json -> /tmp/minio_downloads/1770167510201.json
[2026-02-04T01:27:06.382+0000] {logging_mixin.py:188} INFO - Downloaded AMZN/1770167510249.json -> /tmp/minio_downloads/1770167510249.json
[2026-02-04T01:27:06.390+0000] {logging_mixin.py:188} INFO - Downloaded AMZN/1770167510280.json -> /tmp/minio_downloads/1770167510280.json
[2026-02-04T01:27:06.397+0000] {logging_mixin.py:188} INFO - Downloaded AMZN/1770167510345.json -> /tmp/minio_downloads/1770167510345.json
[2026-02-04T01:27:06.404+0000] {logging_mixin.py:188} INFO - Downloaded AMZN/1770167510356.json -> /tmp/minio_downloads/1770167510356.json
[2026-02-04T01:27:06.410+0000] {logging_mixin.py:188} INFO - Downloaded AMZN/1770167510367.json -> /tmp/minio_downloads/1770167510367.json
[2026-02-04T01:27:06.417+0000] {logging_mixin.py:188} INFO - Downloaded AMZN/1770167510384.json -> /tmp/minio_downloads/1770167510384.json
[2026-02-04T01:27:06.423+0000] {logging_mixin.py:188} INFO - Downloaded AMZN/1770167510411.json -> /tmp/minio_downloads/1770167510411.json
[2026-02-04T01:27:06.430+0000] {logging_mixin.py:188} INFO - Downloaded AMZN/1770167510501.json -> /tmp/minio_downloads/1770167510501.json
[2026-02-04T01:27:06.437+0000] {logging_mixin.py:188} INFO - Downloaded AMZN/1770167510548.json -> /tmp/minio_downloads/1770167510548.json
[2026-02-04T01:27:06.444+0000] {logging_mixin.py:188} INFO - Downloaded AMZN/1770167510560.json -> /tmp/minio_downloads/1770167510560.json
[2026-02-04T01:27:06.450+0000] {logging_mixin.py:188} INFO - Downloaded AMZN/1770167510581.json -> /tmp/minio_downloads/1770167510581.json
[2026-02-04T01:27:06.457+0000] {logging_mixin.py:188} INFO - Downloaded AMZN/1770167510617.json -> /tmp/minio_downloads/1770167510617.json
[2026-02-04T01:27:06.464+0000] {logging_mixin.py:188} INFO - Downloaded AMZN/1770167510643.json -> /tmp/minio_downloads/1770167510643.json
[2026-02-04T01:27:06.472+0000] {logging_mixin.py:188} INFO - Downloaded AMZN/1770167510690.json -> /tmp/minio_downloads/1770167510690.json
[2026-02-04T01:27:06.480+0000] {logging_mixin.py:188} INFO - Downloaded AMZN/1770167510702.json -> /tmp/minio_downloads/1770167510702.json
[2026-02-04T01:27:06.486+0000] {logging_mixin.py:188} INFO - Downloaded AMZN/1770167510718.json -> /tmp/minio_downloads/1770167510718.json
[2026-02-04T01:27:06.493+0000] {logging_mixin.py:188} INFO - Downloaded AMZN/1770167510769.json -> /tmp/minio_downloads/1770167510769.json
[2026-02-04T01:27:06.501+0000] {logging_mixin.py:188} INFO - Downloaded AMZN/1770167510806.json -> /tmp/minio_downloads/1770167510806.json
[2026-02-04T01:27:06.508+0000] {logging_mixin.py:188} INFO - Downloaded AMZN/1770167510818.json -> /tmp/minio_downloads/1770167510818.json
[2026-02-04T01:27:06.516+0000] {logging_mixin.py:188} INFO - Downloaded AMZN/1770167510824.json -> /tmp/minio_downloads/1770167510824.json
[2026-02-04T01:27:06.524+0000] {logging_mixin.py:188} INFO - Downloaded AMZN/1770167510837.json -> /tmp/minio_downloads/1770167510837.json
[2026-02-04T01:27:06.531+0000] {logging_mixin.py:188} INFO - Downloaded AMZN/1770167510854.json -> /tmp/minio_downloads/1770167510854.json
[2026-02-04T01:27:06.538+0000] {logging_mixin.py:188} INFO - Downloaded AMZN/1770167510872.json -> /tmp/minio_downloads/1770167510872.json
[2026-02-04T01:27:06.545+0000] {logging_mixin.py:188} INFO - Downloaded AMZN/1770167510911.json -> /tmp/minio_downloads/1770167510911.json
[2026-02-04T01:27:06.552+0000] {logging_mixin.py:188} INFO - Downloaded AMZN/1770167510973.json -> /tmp/minio_downloads/1770167510973.json
[2026-02-04T01:27:06.560+0000] {logging_mixin.py:188} INFO - Downloaded AMZN/1770167510986.json -> /tmp/minio_downloads/1770167510986.json
[2026-02-04T01:27:06.567+0000] {logging_mixin.py:188} INFO - Downloaded AMZN/1770167510999.json -> /tmp/minio_downloads/1770167510999.json
[2026-02-04T01:27:06.576+0000] {logging_mixin.py:188} INFO - Downloaded AMZN/1770167511025.json -> /tmp/minio_downloads/1770167511025.json
[2026-02-04T01:27:06.584+0000] {logging_mixin.py:188} INFO - Downloaded AMZN/1770167511047.json -> /tmp/minio_downloads/1770167511047.json
[2026-02-04T01:27:06.591+0000] {logging_mixin.py:188} INFO - Downloaded AMZN/1770167511082.json -> /tmp/minio_downloads/1770167511082.json
[2026-02-04T01:27:06.599+0000] {logging_mixin.py:188} INFO - Downloaded AMZN/1770167511116.json -> /tmp/minio_downloads/1770167511116.json
[2026-02-04T01:27:06.607+0000] {logging_mixin.py:188} INFO - Downloaded AMZN/1770167511140.json -> /tmp/minio_downloads/1770167511140.json
[2026-02-04T01:27:06.613+0000] {logging_mixin.py:188} INFO - Downloaded AMZN/1770167511170.json -> /tmp/minio_downloads/1770167511170.json
[2026-02-04T01:27:06.620+0000] {logging_mixin.py:188} INFO - Downloaded AMZN/1770167511186.json -> /tmp/minio_downloads/1770167511186.json
[2026-02-04T01:27:06.627+0000] {logging_mixin.py:188} INFO - Downloaded AMZN/1770167511203.json -> /tmp/minio_downloads/1770167511203.json
[2026-02-04T01:27:06.634+0000] {logging_mixin.py:188} INFO - Downloaded AMZN/1770167511225.json -> /tmp/minio_downloads/1770167511225.json
[2026-02-04T01:27:06.642+0000] {logging_mixin.py:188} INFO - Downloaded AMZN/1770167511254.json -> /tmp/minio_downloads/1770167511254.json
[2026-02-04T01:27:06.649+0000] {logging_mixin.py:188} INFO - Downloaded AMZN/1770167511276.json -> /tmp/minio_downloads/1770167511276.json
[2026-02-04T01:27:06.656+0000] {logging_mixin.py:188} INFO - Downloaded AMZN/1770167511293.json -> /tmp/minio_downloads/1770167511293.json
[2026-02-04T01:27:06.663+0000] {logging_mixin.py:188} INFO - Downloaded AMZN/1770167511309.json -> /tmp/minio_downloads/1770167511309.json
[2026-02-04T01:27:06.669+0000] {logging_mixin.py:188} INFO - Downloaded AMZN/1770167511362.json -> /tmp/minio_downloads/1770167511362.json
[2026-02-04T01:27:06.675+0000] {logging_mixin.py:188} INFO - Downloaded AMZN/1770167511386.json -> /tmp/minio_downloads/1770167511386.json
[2026-02-04T01:27:06.682+0000] {logging_mixin.py:188} INFO - Downloaded AMZN/1770167511392.json -> /tmp/minio_downloads/1770167511392.json
[2026-02-04T01:27:06.689+0000] {logging_mixin.py:188} INFO - Downloaded AMZN/1770167511436.json -> /tmp/minio_downloads/1770167511436.json
[2026-02-04T01:27:06.694+0000] {logging_mixin.py:188} INFO - Downloaded GOOGL/1770167508869.json -> /tmp/minio_downloads/1770167508869.json
[2026-02-04T01:27:06.700+0000] {logging_mixin.py:188} INFO - Downloaded GOOGL/1770167508883.json -> /tmp/minio_downloads/1770167508883.json
[2026-02-04T01:27:06.705+0000] {logging_mixin.py:188} INFO - Downloaded GOOGL/1770167508907.json -> /tmp/minio_downloads/1770167508907.json
[2026-02-04T01:27:06.711+0000] {logging_mixin.py:188} INFO - Downloaded GOOGL/1770167508962.json -> /tmp/minio_downloads/1770167508962.json
[2026-02-04T01:27:06.716+0000] {logging_mixin.py:188} INFO - Downloaded GOOGL/1770167508993.json -> /tmp/minio_downloads/1770167508993.json
[2026-02-04T01:27:06.722+0000] {logging_mixin.py:188} INFO - Downloaded GOOGL/1770167509022.json -> /tmp/minio_downloads/1770167509022.json
[2026-02-04T01:27:06.727+0000] {logging_mixin.py:188} INFO - Downloaded GOOGL/1770167509041.json -> /tmp/minio_downloads/1770167509041.json
[2026-02-04T01:27:06.732+0000] {logging_mixin.py:188} INFO - Downloaded GOOGL/1770167509064.json -> /tmp/minio_downloads/1770167509064.json
[2026-02-04T01:27:06.739+0000] {logging_mixin.py:188} INFO - Downloaded GOOGL/1770167509069.json -> /tmp/minio_downloads/1770167509069.json
[2026-02-04T01:27:06.744+0000] {logging_mixin.py:188} INFO - Downloaded GOOGL/1770167509090.json -> /tmp/minio_downloads/1770167509090.json
[2026-02-04T01:27:06.749+0000] {logging_mixin.py:188} INFO - Downloaded GOOGL/1770167509101.json -> /tmp/minio_downloads/1770167509101.json
[2026-02-04T01:27:06.754+0000] {logging_mixin.py:188} INFO - Downloaded GOOGL/1770167509131.json -> /tmp/minio_downloads/1770167509131.json
[2026-02-04T01:27:06.760+0000] {logging_mixin.py:188} INFO - Downloaded GOOGL/1770167509155.json -> /tmp/minio_downloads/1770167509155.json
[2026-02-04T01:27:06.765+0000] {logging_mixin.py:188} INFO - Downloaded GOOGL/1770167509161.json -> /tmp/minio_downloads/1770167509161.json
[2026-02-04T01:27:06.769+0000] {logging_mixin.py:188} INFO - Downloaded GOOGL/1770167509196.json -> /tmp/minio_downloads/1770167509196.json
[2026-02-04T01:27:06.774+0000] {logging_mixin.py:188} INFO - Downloaded GOOGL/1770167509215.json -> /tmp/minio_downloads/1770167509215.json
[2026-02-04T01:27:06.780+0000] {logging_mixin.py:188} INFO - Downloaded GOOGL/1770167509243.json -> /tmp/minio_downloads/1770167509243.json
[2026-02-04T01:27:06.785+0000] {logging_mixin.py:188} INFO - Downloaded GOOGL/1770167509254.json -> /tmp/minio_downloads/1770167509254.json
[2026-02-04T01:27:06.790+0000] {logging_mixin.py:188} INFO - Downloaded GOOGL/1770167509271.json -> /tmp/minio_downloads/1770167509271.json
[2026-02-04T01:27:06.796+0000] {logging_mixin.py:188} INFO - Downloaded GOOGL/1770167509293.json -> /tmp/minio_downloads/1770167509293.json
[2026-02-04T01:27:06.802+0000] {logging_mixin.py:188} INFO - Downloaded GOOGL/1770167509317.json -> /tmp/minio_downloads/1770167509317.json
[2026-02-04T01:27:06.808+0000] {logging_mixin.py:188} INFO - Downloaded GOOGL/1770167509345.json -> /tmp/minio_downloads/1770167509345.json
[2026-02-04T01:27:06.813+0000] {logging_mixin.py:188} INFO - Downloaded GOOGL/1770167509381.json -> /tmp/minio_downloads/1770167509381.json
[2026-02-04T01:27:06.821+0000] {logging_mixin.py:188} INFO - Downloaded GOOGL/1770167509386.json -> /tmp/minio_downloads/1770167509386.json
[2026-02-04T01:27:06.827+0000] {logging_mixin.py:188} INFO - Downloaded GOOGL/1770167509404.json -> /tmp/minio_downloads/1770167509404.json
[2026-02-04T01:27:06.835+0000] {logging_mixin.py:188} INFO - Downloaded GOOGL/1770167509438.json -> /tmp/minio_downloads/1770167509438.json
[2026-02-04T01:27:06.842+0000] {logging_mixin.py:188} INFO - Downloaded GOOGL/1770167509479.json -> /tmp/minio_downloads/1770167509479.json
[2026-02-04T01:27:06.848+0000] {logging_mixin.py:188} INFO - Downloaded GOOGL/1770167509497.json -> /tmp/minio_downloads/1770167509497.json
[2026-02-04T01:27:06.854+0000] {logging_mixin.py:188} INFO - Downloaded GOOGL/1770167509509.json -> /tmp/minio_downloads/1770167509509.json
[2026-02-04T01:27:06.860+0000] {logging_mixin.py:188} INFO - Downloaded GOOGL/1770167509525.json -> /tmp/minio_downloads/1770167509525.json
[2026-02-04T01:27:06.864+0000] {logging_mixin.py:188} INFO - Downloaded GOOGL/1770167509576.json -> /tmp/minio_downloads/1770167509576.json
[2026-02-04T01:27:06.869+0000] {logging_mixin.py:188} INFO - Downloaded GOOGL/1770167509586.json -> /tmp/minio_downloads/1770167509586.json
[2026-02-04T01:27:06.874+0000] {logging_mixin.py:188} INFO - Downloaded GOOGL/1770167509592.json -> /tmp/minio_downloads/1770167509592.json
[2026-02-04T01:27:06.881+0000] {logging_mixin.py:188} INFO - Downloaded GOOGL/1770167509609.json -> /tmp/minio_downloads/1770167509609.json
[2026-02-04T01:27:06.886+0000] {logging_mixin.py:188} INFO - Downloaded GOOGL/1770167509632.json -> /tmp/minio_downloads/1770167509632.json
[2026-02-04T01:27:06.891+0000] {logging_mixin.py:188} INFO - Downloaded GOOGL/1770167509638.json -> /tmp/minio_downloads/1770167509638.json
[2026-02-04T01:27:06.897+0000] {logging_mixin.py:188} INFO - Downloaded GOOGL/1770167509651.json -> /tmp/minio_downloads/1770167509651.json
[2026-02-04T01:27:06.904+0000] {logging_mixin.py:188} INFO - Downloaded GOOGL/1770167509673.json -> /tmp/minio_downloads/1770167509673.json
[2026-02-04T01:27:06.911+0000] {logging_mixin.py:188} INFO - Downloaded GOOGL/1770167509690.json -> /tmp/minio_downloads/1770167509690.json
[2026-02-04T01:27:06.918+0000] {logging_mixin.py:188} INFO - Downloaded GOOGL/1770167509730.json -> /tmp/minio_downloads/1770167509730.json
[2026-02-04T01:27:06.926+0000] {logging_mixin.py:188} INFO - Downloaded GOOGL/1770167509773.json -> /tmp/minio_downloads/1770167509773.json
[2026-02-04T01:27:06.934+0000] {logging_mixin.py:188} INFO - Downloaded GOOGL/1770167509803.json -> /tmp/minio_downloads/1770167509803.json
[2026-02-04T01:27:06.942+0000] {logging_mixin.py:188} INFO - Downloaded GOOGL/1770167509860.json -> /tmp/minio_downloads/1770167509860.json
[2026-02-04T01:27:06.952+0000] {logging_mixin.py:188} INFO - Downloaded GOOGL/1770167509873.json -> /tmp/minio_downloads/1770167509873.json
[2026-02-04T01:27:06.959+0000] {logging_mixin.py:188} INFO - Downloaded GOOGL/1770167509914.json -> /tmp/minio_downloads/1770167509914.json
[2026-02-04T01:27:06.967+0000] {logging_mixin.py:188} INFO - Downloaded GOOGL/1770167509952.json -> /tmp/minio_downloads/1770167509952.json
[2026-02-04T01:27:06.974+0000] {logging_mixin.py:188} INFO - Downloaded GOOGL/1770167509972.json -> /tmp/minio_downloads/1770167509972.json
[2026-02-04T01:27:06.981+0000] {logging_mixin.py:188} INFO - Downloaded GOOGL/1770167510022.json -> /tmp/minio_downloads/1770167510022.json
[2026-02-04T01:27:06.988+0000] {logging_mixin.py:188} INFO - Downloaded GOOGL/1770167510033.json -> /tmp/minio_downloads/1770167510033.json
[2026-02-04T01:27:06.994+0000] {logging_mixin.py:188} INFO - Downloaded GOOGL/1770167510159.json -> /tmp/minio_downloads/1770167510159.json
[2026-02-04T01:27:07.001+0000] {logging_mixin.py:188} INFO - Downloaded GOOGL/1770167510190.json -> /tmp/minio_downloads/1770167510190.json
[2026-02-04T01:27:07.007+0000] {logging_mixin.py:188} INFO - Downloaded GOOGL/1770167510291.json -> /tmp/minio_downloads/1770167510291.json
[2026-02-04T01:27:07.013+0000] {logging_mixin.py:188} INFO - Downloaded GOOGL/1770167510311.json -> /tmp/minio_downloads/1770167510311.json
[2026-02-04T01:27:07.019+0000] {logging_mixin.py:188} INFO - Downloaded GOOGL/1770167510323.json -> /tmp/minio_downloads/1770167510323.json
[2026-02-04T01:27:07.025+0000] {logging_mixin.py:188} INFO - Downloaded GOOGL/1770167510340.json -> /tmp/minio_downloads/1770167510340.json
[2026-02-04T01:27:07.033+0000] {logging_mixin.py:188} INFO - Downloaded GOOGL/1770167510405.json -> /tmp/minio_downloads/1770167510405.json
[2026-02-04T01:27:07.040+0000] {logging_mixin.py:188} INFO - Downloaded GOOGL/1770167510466.json -> /tmp/minio_downloads/1770167510466.json
[2026-02-04T01:27:07.046+0000] {logging_mixin.py:188} INFO - Downloaded GOOGL/1770167510513.json -> /tmp/minio_downloads/1770167510513.json
[2026-02-04T01:27:07.053+0000] {logging_mixin.py:188} INFO - Downloaded GOOGL/1770167510525.json -> /tmp/minio_downloads/1770167510525.json
[2026-02-04T01:27:07.059+0000] {logging_mixin.py:188} INFO - Downloaded GOOGL/1770167510537.json -> /tmp/minio_downloads/1770167510537.json
[2026-02-04T01:27:07.065+0000] {logging_mixin.py:188} INFO - Downloaded GOOGL/1770167510553.json -> /tmp/minio_downloads/1770167510553.json
[2026-02-04T01:27:07.071+0000] {logging_mixin.py:188} INFO - Downloaded GOOGL/1770167510610.json -> /tmp/minio_downloads/1770167510610.json
[2026-02-04T01:27:07.078+0000] {logging_mixin.py:188} INFO - Downloaded GOOGL/1770167510630.json -> /tmp/minio_downloads/1770167510630.json
[2026-02-04T01:27:07.084+0000] {logging_mixin.py:188} INFO - Downloaded GOOGL/1770167510655.json -> /tmp/minio_downloads/1770167510655.json
[2026-02-04T01:27:07.091+0000] {logging_mixin.py:188} INFO - Downloaded GOOGL/1770167510673.json -> /tmp/minio_downloads/1770167510673.json
[2026-02-04T01:27:07.098+0000] {logging_mixin.py:188} INFO - Downloaded GOOGL/1770167510712.json -> /tmp/minio_downloads/1770167510712.json
[2026-02-04T01:27:07.104+0000] {logging_mixin.py:188} INFO - Downloaded GOOGL/1770167510729.json -> /tmp/minio_downloads/1770167510729.json
[2026-02-04T01:27:07.110+0000] {logging_mixin.py:188} INFO - Downloaded GOOGL/1770167510735.json -> /tmp/minio_downloads/1770167510735.json
[2026-02-04T01:27:07.117+0000] {logging_mixin.py:188} INFO - Downloaded GOOGL/1770167510763.json -> /tmp/minio_downloads/1770167510763.json
[2026-02-04T01:27:07.123+0000] {logging_mixin.py:188} INFO - Downloaded GOOGL/1770167510867.json -> /tmp/minio_downloads/1770167510867.json
[2026-02-04T01:27:07.131+0000] {logging_mixin.py:188} INFO - Downloaded GOOGL/1770167510889.json -> /tmp/minio_downloads/1770167510889.json
[2026-02-04T01:27:07.138+0000] {logging_mixin.py:188} INFO - Downloaded GOOGL/1770167510901.json -> /tmp/minio_downloads/1770167510901.json
[2026-02-04T01:27:07.145+0000] {logging_mixin.py:188} INFO - Downloaded GOOGL/1770167510918.json -> /tmp/minio_downloads/1770167510918.json
[2026-02-04T01:27:07.151+0000] {logging_mixin.py:188} INFO - Downloaded GOOGL/1770167510925.json -> /tmp/minio_downloads/1770167510925.json
[2026-02-04T01:27:07.157+0000] {logging_mixin.py:188} INFO - Downloaded GOOGL/1770167510968.json -> /tmp/minio_downloads/1770167510968.json
[2026-02-04T01:27:07.164+0000] {logging_mixin.py:188} INFO - Downloaded GOOGL/1770167510992.json -> /tmp/minio_downloads/1770167510992.json
[2026-02-04T01:27:07.170+0000] {logging_mixin.py:188} INFO - Downloaded GOOGL/1770167511012.json -> /tmp/minio_downloads/1770167511012.json
[2026-02-04T01:27:07.177+0000] {logging_mixin.py:188} INFO - Downloaded GOOGL/1770167511018.json -> /tmp/minio_downloads/1770167511018.json
[2026-02-04T01:27:07.184+0000] {logging_mixin.py:188} INFO - Downloaded GOOGL/1770167511092.json -> /tmp/minio_downloads/1770167511092.json
[2026-02-04T01:27:07.191+0000] {logging_mixin.py:188} INFO - Downloaded GOOGL/1770167511098.json -> /tmp/minio_downloads/1770167511098.json
[2026-02-04T01:27:07.199+0000] {logging_mixin.py:188} INFO - Downloaded GOOGL/1770167511110.json -> /tmp/minio_downloads/1770167511110.json
[2026-02-04T01:27:07.205+0000] {logging_mixin.py:188} INFO - Downloaded GOOGL/1770167511133.json -> /tmp/minio_downloads/1770167511133.json
[2026-02-04T01:27:07.213+0000] {logging_mixin.py:188} INFO - Downloaded GOOGL/1770167511164.json -> /tmp/minio_downloads/1770167511164.json
[2026-02-04T01:27:07.219+0000] {logging_mixin.py:188} INFO - Downloaded GOOGL/1770167511197.json -> /tmp/minio_downloads/1770167511197.json
[2026-02-04T01:27:07.225+0000] {logging_mixin.py:188} INFO - Downloaded GOOGL/1770167511232.json -> /tmp/minio_downloads/1770167511232.json
[2026-02-04T01:27:07.232+0000] {logging_mixin.py:188} INFO - Downloaded GOOGL/1770167511243.json -> /tmp/minio_downloads/1770167511243.json
[2026-02-04T01:27:07.238+0000] {logging_mixin.py:188} INFO - Downloaded GOOGL/1770167511259.json -> /tmp/minio_downloads/1770167511259.json
[2026-02-04T01:27:07.244+0000] {logging_mixin.py:188} INFO - Downloaded GOOGL/1770167511381.json -> /tmp/minio_downloads/1770167511381.json
[2026-02-04T01:27:07.250+0000] {logging_mixin.py:188} INFO - Downloaded MSFT/1770167508863.json -> /tmp/minio_downloads/1770167508863.json
[2026-02-04T01:27:07.257+0000] {logging_mixin.py:188} INFO - Downloaded MSFT/1770167508889.json -> /tmp/minio_downloads/1770167508889.json
[2026-02-04T01:27:07.263+0000] {logging_mixin.py:188} INFO - Downloaded MSFT/1770167508901.json -> /tmp/minio_downloads/1770167508901.json
[2026-02-04T01:27:07.269+0000] {logging_mixin.py:188} INFO - Downloaded MSFT/1770167508914.json -> /tmp/minio_downloads/1770167508914.json
[2026-02-04T01:27:07.274+0000] {logging_mixin.py:188} INFO - Downloaded MSFT/1770167508921.json -> /tmp/minio_downloads/1770167508921.json
[2026-02-04T01:27:07.279+0000] {logging_mixin.py:188} INFO - Downloaded MSFT/1770167508934.json -> /tmp/minio_downloads/1770167508934.json
[2026-02-04T01:27:07.285+0000] {logging_mixin.py:188} INFO - Downloaded MSFT/1770167508999.json -> /tmp/minio_downloads/1770167508999.json
[2026-02-04T01:27:07.291+0000] {logging_mixin.py:188} INFO - Downloaded MSFT/1770167509017.json -> /tmp/minio_downloads/1770167509017.json
[2026-02-04T01:27:07.297+0000] {logging_mixin.py:188} INFO - Downloaded MSFT/1770167509035.json -> /tmp/minio_downloads/1770167509035.json
[2026-02-04T01:27:07.303+0000] {logging_mixin.py:188} INFO - Downloaded MSFT/1770167509047.json -> /tmp/minio_downloads/1770167509047.json
[2026-02-04T01:27:07.309+0000] {logging_mixin.py:188} INFO - Downloaded MSFT/1770167509058.json -> /tmp/minio_downloads/1770167509058.json
[2026-02-04T01:27:07.316+0000] {logging_mixin.py:188} INFO - Downloaded MSFT/1770167509080.json -> /tmp/minio_downloads/1770167509080.json
[2026-02-04T01:27:07.322+0000] {logging_mixin.py:188} INFO - Downloaded MSFT/1770167509096.json -> /tmp/minio_downloads/1770167509096.json
[2026-02-04T01:27:07.328+0000] {logging_mixin.py:188} INFO - Downloaded MSFT/1770167509114.json -> /tmp/minio_downloads/1770167509114.json
[2026-02-04T01:27:07.334+0000] {logging_mixin.py:188} INFO - Downloaded MSFT/1770167509119.json -> /tmp/minio_downloads/1770167509119.json
[2026-02-04T01:27:07.340+0000] {logging_mixin.py:188} INFO - Downloaded MSFT/1770167509137.json -> /tmp/minio_downloads/1770167509137.json
[2026-02-04T01:27:07.346+0000] {logging_mixin.py:188} INFO - Downloaded MSFT/1770167509173.json -> /tmp/minio_downloads/1770167509173.json
[2026-02-04T01:27:07.351+0000] {logging_mixin.py:188} INFO - Downloaded MSFT/1770167509191.json -> /tmp/minio_downloads/1770167509191.json
[2026-02-04T01:27:07.357+0000] {logging_mixin.py:188} INFO - Downloaded MSFT/1770167509202.json -> /tmp/minio_downloads/1770167509202.json
[2026-02-04T01:27:07.363+0000] {logging_mixin.py:188} INFO - Downloaded MSFT/1770167509221.json -> /tmp/minio_downloads/1770167509221.json
[2026-02-04T01:27:07.369+0000] {logging_mixin.py:188} INFO - Downloaded MSFT/1770167509232.json -> /tmp/minio_downloads/1770167509232.json
[2026-02-04T01:27:07.374+0000] {logging_mixin.py:188} INFO - Downloaded MSFT/1770167509266.json -> /tmp/minio_downloads/1770167509266.json
[2026-02-04T01:27:07.380+0000] {logging_mixin.py:188} INFO - Downloaded MSFT/1770167509283.json -> /tmp/minio_downloads/1770167509283.json
[2026-02-04T01:27:07.387+0000] {logging_mixin.py:188} INFO - Downloaded MSFT/1770167509299.json -> /tmp/minio_downloads/1770167509299.json
[2026-02-04T01:27:07.392+0000] {logging_mixin.py:188} INFO - Downloaded MSFT/1770167509322.json -> /tmp/minio_downloads/1770167509322.json
[2026-02-04T01:27:07.398+0000] {logging_mixin.py:188} INFO - Downloaded MSFT/1770167509334.json -> /tmp/minio_downloads/1770167509334.json
[2026-02-04T01:27:07.403+0000] {logging_mixin.py:188} INFO - Downloaded MSFT/1770167509369.json -> /tmp/minio_downloads/1770167509369.json
[2026-02-04T01:27:07.408+0000] {logging_mixin.py:188} INFO - Downloaded MSFT/1770167509432.json -> /tmp/minio_downloads/1770167509432.json
[2026-02-04T01:27:07.414+0000] {logging_mixin.py:188} INFO - Downloaded MSFT/1770167509446.json -> /tmp/minio_downloads/1770167509446.json
[2026-02-04T01:27:07.420+0000] {logging_mixin.py:188} INFO - Downloaded MSFT/1770167509463.json -> /tmp/minio_downloads/1770167509463.json
[2026-02-04T01:27:07.426+0000] {logging_mixin.py:188} INFO - Downloaded MSFT/1770167509474.json -> /tmp/minio_downloads/1770167509474.json
[2026-02-04T01:27:07.433+0000] {logging_mixin.py:188} INFO - Downloaded MSFT/1770167509491.json -> /tmp/minio_downloads/1770167509491.json
[2026-02-04T01:27:07.438+0000] {logging_mixin.py:188} INFO - Downloaded MSFT/1770167509531.json -> /tmp/minio_downloads/1770167509531.json
[2026-02-04T01:27:07.444+0000] {logging_mixin.py:188} INFO - Downloaded MSFT/1770167509541.json -> /tmp/minio_downloads/1770167509541.json
[2026-02-04T01:27:07.450+0000] {logging_mixin.py:188} INFO - Downloaded MSFT/1770167509686.json -> /tmp/minio_downloads/1770167509686.json
[2026-02-04T01:27:07.455+0000] {logging_mixin.py:188} INFO - Downloaded MSFT/1770167509696.json -> /tmp/minio_downloads/1770167509696.json
[2026-02-04T01:27:07.462+0000] {logging_mixin.py:188} INFO - Downloaded MSFT/1770167509719.json -> /tmp/minio_downloads/1770167509719.json
[2026-02-04T01:27:07.468+0000] {logging_mixin.py:188} INFO - Downloaded MSFT/1770167509747.json -> /tmp/minio_downloads/1770167509747.json
[2026-02-04T01:27:07.475+0000] {logging_mixin.py:188} INFO - Downloaded MSFT/1770167509784.json -> /tmp/minio_downloads/1770167509784.json
[2026-02-04T01:27:07.480+0000] {logging_mixin.py:188} INFO - Downloaded MSFT/1770167509813.json -> /tmp/minio_downloads/1770167509813.json
[2026-02-04T01:27:07.485+0000] {logging_mixin.py:188} INFO - Downloaded MSFT/1770167509836.json -> /tmp/minio_downloads/1770167509836.json
[2026-02-04T01:27:07.492+0000] {logging_mixin.py:188} INFO - Downloaded MSFT/1770167509891.json -> /tmp/minio_downloads/1770167509891.json
[2026-02-04T01:27:07.497+0000] {logging_mixin.py:188} INFO - Downloaded MSFT/1770167509908.json -> /tmp/minio_downloads/1770167509908.json
[2026-02-04T01:27:07.503+0000] {logging_mixin.py:188} INFO - Downloaded MSFT/1770167509941.json -> /tmp/minio_downloads/1770167509941.json
[2026-02-04T01:27:07.509+0000] {logging_mixin.py:188} INFO - Downloaded MSFT/1770167509958.json -> /tmp/minio_downloads/1770167509958.json
[2026-02-04T01:27:07.515+0000] {logging_mixin.py:188} INFO - Downloaded MSFT/1770167510050.json -> /tmp/minio_downloads/1770167510050.json
[2026-02-04T01:27:07.521+0000] {logging_mixin.py:188} INFO - Downloaded MSFT/1770167510055.json -> /tmp/minio_downloads/1770167510055.json
[2026-02-04T01:27:07.528+0000] {logging_mixin.py:188} INFO - Downloaded MSFT/1770167510117.json -> /tmp/minio_downloads/1770167510117.json
[2026-02-04T01:27:07.535+0000] {logging_mixin.py:188} INFO - Downloaded MSFT/1770167510134.json -> /tmp/minio_downloads/1770167510134.json
[2026-02-04T01:27:07.543+0000] {logging_mixin.py:188} INFO - Downloaded MSFT/1770167510153.json -> /tmp/minio_downloads/1770167510153.json
[2026-02-04T01:27:07.549+0000] {logging_mixin.py:188} INFO - Downloaded MSFT/1770167510179.json -> /tmp/minio_downloads/1770167510179.json
[2026-02-04T01:27:07.555+0000] {logging_mixin.py:188} INFO - Downloaded MSFT/1770167510212.json -> /tmp/minio_downloads/1770167510212.json
[2026-02-04T01:27:07.560+0000] {logging_mixin.py:188} INFO - Downloaded MSFT/1770167510222.json -> /tmp/minio_downloads/1770167510222.json
[2026-02-04T01:27:07.566+0000] {logging_mixin.py:188} INFO - Downloaded MSFT/1770167510261.json -> /tmp/minio_downloads/1770167510261.json
[2026-02-04T01:27:07.571+0000] {logging_mixin.py:188} INFO - Downloaded MSFT/1770167510296.json -> /tmp/minio_downloads/1770167510296.json
[2026-02-04T01:27:07.576+0000] {logging_mixin.py:188} INFO - Downloaded MSFT/1770167510334.json -> /tmp/minio_downloads/1770167510334.json
[2026-02-04T01:27:07.583+0000] {logging_mixin.py:188} INFO - Downloaded MSFT/1770167510372.json -> /tmp/minio_downloads/1770167510372.json
[2026-02-04T01:27:07.589+0000] {logging_mixin.py:188} INFO - Downloaded MSFT/1770167510378.json -> /tmp/minio_downloads/1770167510378.json
[2026-02-04T01:27:07.595+0000] {logging_mixin.py:188} INFO - Downloaded MSFT/1770167510389.json -> /tmp/minio_downloads/1770167510389.json
[2026-02-04T01:27:07.600+0000] {logging_mixin.py:188} INFO - Downloaded MSFT/1770167510398.json -> /tmp/minio_downloads/1770167510398.json
[2026-02-04T01:27:07.606+0000] {logging_mixin.py:188} INFO - Downloaded MSFT/1770167510428.json -> /tmp/minio_downloads/1770167510428.json
[2026-02-04T01:27:07.611+0000] {logging_mixin.py:188} INFO - Downloaded MSFT/1770167510440.json -> /tmp/minio_downloads/1770167510440.json
[2026-02-04T01:27:07.618+0000] {logging_mixin.py:188} INFO - Downloaded MSFT/1770167510460.json -> /tmp/minio_downloads/1770167510460.json
[2026-02-04T01:27:07.624+0000] {logging_mixin.py:188} INFO - Downloaded MSFT/1770167510473.json -> /tmp/minio_downloads/1770167510473.json
[2026-02-04T01:27:07.631+0000] {logging_mixin.py:188} INFO - Downloaded MSFT/1770167510488.json -> /tmp/minio_downloads/1770167510488.json
[2026-02-04T01:27:07.637+0000] {logging_mixin.py:188} INFO - Downloaded MSFT/1770167510519.json -> /tmp/minio_downloads/1770167510519.json
[2026-02-04T01:27:07.645+0000] {logging_mixin.py:188} INFO - Downloaded MSFT/1770167510570.json -> /tmp/minio_downloads/1770167510570.json
[2026-02-04T01:27:07.653+0000] {logging_mixin.py:188} INFO - Downloaded MSFT/1770167510575.json -> /tmp/minio_downloads/1770167510575.json
[2026-02-04T01:27:07.661+0000] {logging_mixin.py:188} INFO - Downloaded MSFT/1770167510587.json -> /tmp/minio_downloads/1770167510587.json
[2026-02-04T01:27:07.668+0000] {logging_mixin.py:188} INFO - Downloaded MSFT/1770167510605.json -> /tmp/minio_downloads/1770167510605.json
[2026-02-04T01:27:07.676+0000] {logging_mixin.py:188} INFO - Downloaded MSFT/1770167510623.json -> /tmp/minio_downloads/1770167510623.json
[2026-02-04T01:27:07.684+0000] {logging_mixin.py:188} INFO - Downloaded MSFT/1770167510636.json -> /tmp/minio_downloads/1770167510636.json
[2026-02-04T01:27:07.693+0000] {logging_mixin.py:188} INFO - Downloaded MSFT/1770167510746.json -> /tmp/minio_downloads/1770167510746.json
[2026-02-04T01:27:07.700+0000] {logging_mixin.py:188} INFO - Downloaded MSFT/1770167510799.json -> /tmp/minio_downloads/1770167510799.json
[2026-02-04T01:27:07.708+0000] {logging_mixin.py:188} INFO - Downloaded MSFT/1770167510848.json -> /tmp/minio_downloads/1770167510848.json
[2026-02-04T01:27:07.715+0000] {logging_mixin.py:188} INFO - Downloaded MSFT/1770167510906.json -> /tmp/minio_downloads/1770167510906.json
[2026-02-04T01:27:07.722+0000] {logging_mixin.py:188} INFO - Downloaded MSFT/1770167511031.json -> /tmp/minio_downloads/1770167511031.json
[2026-02-04T01:27:07.728+0000] {logging_mixin.py:188} INFO - Downloaded MSFT/1770167511042.json -> /tmp/minio_downloads/1770167511042.json
[2026-02-04T01:27:07.735+0000] {logging_mixin.py:188} INFO - Downloaded MSFT/1770167511060.json -> /tmp/minio_downloads/1770167511060.json
[2026-02-04T01:27:07.741+0000] {logging_mixin.py:188} INFO - Downloaded MSFT/1770167511076.json -> /tmp/minio_downloads/1770167511076.json
[2026-02-04T01:27:07.748+0000] {logging_mixin.py:188} INFO - Downloaded MSFT/1770167511214.json -> /tmp/minio_downloads/1770167511214.json
[2026-02-04T01:27:07.756+0000] {logging_mixin.py:188} INFO - Downloaded MSFT/1770167511265.json -> /tmp/minio_downloads/1770167511265.json
[2026-02-04T01:27:07.765+0000] {logging_mixin.py:188} INFO - Downloaded MSFT/1770167511304.json -> /tmp/minio_downloads/1770167511304.json
[2026-02-04T01:27:07.774+0000] {logging_mixin.py:188} INFO - Downloaded MSFT/1770167511321.json -> /tmp/minio_downloads/1770167511321.json
[2026-02-04T01:27:07.782+0000] {logging_mixin.py:188} INFO - Downloaded MSFT/1770167511332.json -> /tmp/minio_downloads/1770167511332.json
[2026-02-04T01:27:07.791+0000] {logging_mixin.py:188} INFO - Downloaded MSFT/1770167511347.json -> /tmp/minio_downloads/1770167511347.json
[2026-02-04T01:27:07.803+0000] {logging_mixin.py:188} INFO - Downloaded MSFT/1770167511358.json -> /tmp/minio_downloads/1770167511358.json
[2026-02-04T01:27:07.810+0000] {logging_mixin.py:188} INFO - Downloaded MSFT/1770167511369.json -> /tmp/minio_downloads/1770167511369.json
[2026-02-04T01:27:07.819+0000] {logging_mixin.py:188} INFO - Downloaded TSLA/1770167508843.json -> /tmp/minio_downloads/1770167508843.json
[2026-02-04T01:27:07.828+0000] {logging_mixin.py:188} INFO - Downloaded TSLA/1770167508895.json -> /tmp/minio_downloads/1770167508895.json
[2026-02-04T01:27:07.839+0000] {logging_mixin.py:188} INFO - Downloaded TSLA/1770167508987.json -> /tmp/minio_downloads/1770167508987.json
[2026-02-04T01:27:07.851+0000] {logging_mixin.py:188} INFO - Downloaded TSLA/1770167509028.json -> /tmp/minio_downloads/1770167509028.json
[2026-02-04T01:27:07.863+0000] {logging_mixin.py:188} INFO - Downloaded TSLA/1770167509052.json -> /tmp/minio_downloads/1770167509052.json
[2026-02-04T01:27:07.874+0000] {logging_mixin.py:188} INFO - Downloaded TSLA/1770167509085.json -> /tmp/minio_downloads/1770167509085.json
[2026-02-04T01:27:07.882+0000] {logging_mixin.py:188} INFO - Downloaded TSLA/1770167509124.json -> /tmp/minio_downloads/1770167509124.json
[2026-02-04T01:27:07.891+0000] {logging_mixin.py:188} INFO - Downloaded TSLA/1770167509150.json -> /tmp/minio_downloads/1770167509150.json
[2026-02-04T01:27:07.898+0000] {logging_mixin.py:188} INFO - Downloaded TSLA/1770167509208.json -> /tmp/minio_downloads/1770167509208.json
[2026-02-04T01:27:07.907+0000] {logging_mixin.py:188} INFO - Downloaded TSLA/1770167509226.json -> /tmp/minio_downloads/1770167509226.json
[2026-02-04T01:27:07.915+0000] {logging_mixin.py:188} INFO - Downloaded TSLA/1770167509238.json -> /tmp/minio_downloads/1770167509238.json
[2026-02-04T01:27:07.923+0000] {logging_mixin.py:188} INFO - Downloaded TSLA/1770167509287.json -> /tmp/minio_downloads/1770167509287.json
[2026-02-04T01:27:07.931+0000] {logging_mixin.py:188} INFO - Downloaded TSLA/1770167509304.json -> /tmp/minio_downloads/1770167509304.json
[2026-02-04T01:27:07.940+0000] {logging_mixin.py:188} INFO - Downloaded TSLA/1770167509311.json -> /tmp/minio_downloads/1770167509311.json
[2026-02-04T01:27:07.947+0000] {logging_mixin.py:188} INFO - Downloaded TSLA/1770167509340.json -> /tmp/minio_downloads/1770167509340.json
[2026-02-04T01:27:07.953+0000] {logging_mixin.py:188} INFO - Downloaded TSLA/1770167509375.json -> /tmp/minio_downloads/1770167509375.json
[2026-02-04T01:27:07.960+0000] {logging_mixin.py:188} INFO - Downloaded TSLA/1770167509421.json -> /tmp/minio_downloads/1770167509421.json
[2026-02-04T01:27:07.966+0000] {logging_mixin.py:188} INFO - Downloaded TSLA/1770167509451.json -> /tmp/minio_downloads/1770167509451.json
[2026-02-04T01:27:07.973+0000] {logging_mixin.py:188} INFO - Downloaded TSLA/1770167509469.json -> /tmp/minio_downloads/1770167509469.json
[2026-02-04T01:27:07.981+0000] {logging_mixin.py:188} INFO - Downloaded TSLA/1770167509548.json -> /tmp/minio_downloads/1770167509548.json
[2026-02-04T01:27:07.987+0000] {logging_mixin.py:188} INFO - Downloaded TSLA/1770167509570.json -> /tmp/minio_downloads/1770167509570.json
[2026-02-04T01:27:07.993+0000] {logging_mixin.py:188} INFO - Downloaded TSLA/1770167509627.json -> /tmp/minio_downloads/1770167509627.json
[2026-02-04T01:27:07.999+0000] {logging_mixin.py:188} INFO - Downloaded TSLA/1770167509662.json -> /tmp/minio_downloads/1770167509662.json
[2026-02-04T01:27:08.006+0000] {logging_mixin.py:188} INFO - Downloaded TSLA/1770167509707.json -> /tmp/minio_downloads/1770167509707.json
[2026-02-04T01:27:08.014+0000] {logging_mixin.py:188} INFO - Downloaded TSLA/1770167509724.json -> /tmp/minio_downloads/1770167509724.json
[2026-02-04T01:27:08.021+0000] {logging_mixin.py:188} INFO - Downloaded TSLA/1770167509754.json -> /tmp/minio_downloads/1770167509754.json
[2026-02-04T01:27:08.029+0000] {logging_mixin.py:188} INFO - Downloaded TSLA/1770167509808.json -> /tmp/minio_downloads/1770167509808.json
[2026-02-04T01:27:08.035+0000] {logging_mixin.py:188} INFO - Downloaded TSLA/1770167509819.json -> /tmp/minio_downloads/1770167509819.json
[2026-02-04T01:27:08.041+0000] {logging_mixin.py:188} INFO - Downloaded TSLA/1770167509830.json -> /tmp/minio_downloads/1770167509830.json
[2026-02-04T01:27:08.047+0000] {logging_mixin.py:188} INFO - Downloaded TSLA/1770167509854.json -> /tmp/minio_downloads/1770167509854.json
[2026-02-04T01:27:08.053+0000] {logging_mixin.py:188} INFO - Downloaded TSLA/1770167509866.json -> /tmp/minio_downloads/1770167509866.json
[2026-02-04T01:27:08.059+0000] {logging_mixin.py:188} INFO - Downloaded TSLA/1770167509896.json -> /tmp/minio_downloads/1770167509896.json
[2026-02-04T01:27:08.065+0000] {logging_mixin.py:188} INFO - Downloaded TSLA/1770167509947.json -> /tmp/minio_downloads/1770167509947.json
[2026-02-04T01:27:08.071+0000] {logging_mixin.py:188} INFO - Downloaded TSLA/1770167509988.json -> /tmp/minio_downloads/1770167509988.json
[2026-02-04T01:27:08.077+0000] {logging_mixin.py:188} INFO - Downloaded TSLA/1770167509999.json -> /tmp/minio_downloads/1770167509999.json
[2026-02-04T01:27:08.083+0000] {logging_mixin.py:188} INFO - Downloaded TSLA/1770167510011.json -> /tmp/minio_downloads/1770167510011.json
[2026-02-04T01:27:08.090+0000] {logging_mixin.py:188} INFO - Downloaded TSLA/1770167510017.json -> /tmp/minio_downloads/1770167510017.json
[2026-02-04T01:27:08.097+0000] {logging_mixin.py:188} INFO - Downloaded TSLA/1770167510067.json -> /tmp/minio_downloads/1770167510067.json
[2026-02-04T01:27:08.105+0000] {logging_mixin.py:188} INFO - Downloaded TSLA/1770167510072.json -> /tmp/minio_downloads/1770167510072.json
[2026-02-04T01:27:08.112+0000] {logging_mixin.py:188} INFO - Downloaded TSLA/1770167510083.json -> /tmp/minio_downloads/1770167510083.json
[2026-02-04T01:27:08.119+0000] {logging_mixin.py:188} INFO - Downloaded TSLA/1770167510123.json -> /tmp/minio_downloads/1770167510123.json
[2026-02-04T01:27:08.126+0000] {logging_mixin.py:188} INFO - Downloaded TSLA/1770167510184.json -> /tmp/minio_downloads/1770167510184.json
[2026-02-04T01:27:08.134+0000] {logging_mixin.py:188} INFO - Downloaded TSLA/1770167510228.json -> /tmp/minio_downloads/1770167510228.json
[2026-02-04T01:27:08.140+0000] {logging_mixin.py:188} INFO - Downloaded TSLA/1770167510245.json -> /tmp/minio_downloads/1770167510245.json
[2026-02-04T01:27:08.148+0000] {logging_mixin.py:188} INFO - Downloaded TSLA/1770167510273.json -> /tmp/minio_downloads/1770167510273.json
[2026-02-04T01:27:08.155+0000] {logging_mixin.py:188} INFO - Downloaded TSLA/1770167510285.json -> /tmp/minio_downloads/1770167510285.json
[2026-02-04T01:27:08.161+0000] {logging_mixin.py:188} INFO - Downloaded TSLA/1770167510304.json -> /tmp/minio_downloads/1770167510304.json
[2026-02-04T01:27:08.166+0000] {logging_mixin.py:188} INFO - Downloaded TSLA/1770167510361.json -> /tmp/minio_downloads/1770167510361.json
[2026-02-04T01:27:08.172+0000] {logging_mixin.py:188} INFO - Downloaded TSLA/1770167510423.json -> /tmp/minio_downloads/1770167510423.json
[2026-02-04T01:27:08.179+0000] {logging_mixin.py:188} INFO - Downloaded TSLA/1770167510433.json -> /tmp/minio_downloads/1770167510433.json
[2026-02-04T01:27:08.185+0000] {logging_mixin.py:188} INFO - Downloaded TSLA/1770167510454.json -> /tmp/minio_downloads/1770167510454.json
[2026-02-04T01:27:08.193+0000] {logging_mixin.py:188} INFO - Downloaded TSLA/1770167510495.json -> /tmp/minio_downloads/1770167510495.json
[2026-02-04T01:27:08.198+0000] {logging_mixin.py:188} INFO - Downloaded TSLA/1770167510532.json -> /tmp/minio_downloads/1770167510532.json
[2026-02-04T01:27:08.204+0000] {logging_mixin.py:188} INFO - Downloaded TSLA/1770167510542.json -> /tmp/minio_downloads/1770167510542.json
[2026-02-04T01:27:08.213+0000] {logging_mixin.py:188} INFO - Downloaded TSLA/1770167510565.json -> /tmp/minio_downloads/1770167510565.json
[2026-02-04T01:27:08.220+0000] {logging_mixin.py:188} INFO - Downloaded TSLA/1770167510592.json -> /tmp/minio_downloads/1770167510592.json
[2026-02-04T01:27:08.228+0000] {logging_mixin.py:188} INFO - Downloaded TSLA/1770167510649.json -> /tmp/minio_downloads/1770167510649.json
[2026-02-04T01:27:08.236+0000] {logging_mixin.py:188} INFO - Downloaded TSLA/1770167510661.json -> /tmp/minio_downloads/1770167510661.json
[2026-02-04T01:27:08.244+0000] {logging_mixin.py:188} INFO - Downloaded TSLA/1770167510684.json -> /tmp/minio_downloads/1770167510684.json
[2026-02-04T01:27:08.251+0000] {logging_mixin.py:188} INFO - Downloaded TSLA/1770167510696.json -> /tmp/minio_downloads/1770167510696.json
[2026-02-04T01:27:08.258+0000] {logging_mixin.py:188} INFO - Downloaded TSLA/1770167510724.json -> /tmp/minio_downloads/1770167510724.json
[2026-02-04T01:27:08.265+0000] {logging_mixin.py:188} INFO - Downloaded TSLA/1770167510757.json -> /tmp/minio_downloads/1770167510757.json
[2026-02-04T01:27:08.273+0000] {logging_mixin.py:188} INFO - Downloaded TSLA/1770167510782.json -> /tmp/minio_downloads/1770167510782.json
[2026-02-04T01:27:08.279+0000] {logging_mixin.py:188} INFO - Downloaded TSLA/1770167510842.json -> /tmp/minio_downloads/1770167510842.json
[2026-02-04T01:27:08.287+0000] {logging_mixin.py:188} INFO - Downloaded TSLA/1770167510861.json -> /tmp/minio_downloads/1770167510861.json
[2026-02-04T01:27:08.293+0000] {logging_mixin.py:188} INFO - Downloaded TSLA/1770167510883.json -> /tmp/minio_downloads/1770167510883.json
[2026-02-04T01:27:08.299+0000] {logging_mixin.py:188} INFO - Downloaded TSLA/1770167510943.json -> /tmp/minio_downloads/1770167510943.json
[2026-02-04T01:27:08.306+0000] {logging_mixin.py:188} INFO - Downloaded TSLA/1770167510951.json -> /tmp/minio_downloads/1770167510951.json
[2026-02-04T01:27:08.313+0000] {logging_mixin.py:188} INFO - Downloaded TSLA/1770167510956.json -> /tmp/minio_downloads/1770167510956.json
[2026-02-04T01:27:08.319+0000] {logging_mixin.py:188} INFO - Downloaded TSLA/1770167511005.json -> /tmp/minio_downloads/1770167511005.json
[2026-02-04T01:27:08.325+0000] {logging_mixin.py:188} INFO - Downloaded TSLA/1770167511065.json -> /tmp/minio_downloads/1770167511065.json
[2026-02-04T01:27:08.331+0000] {logging_mixin.py:188} INFO - Downloaded TSLA/1770167511071.json -> /tmp/minio_downloads/1770167511071.json
[2026-02-04T01:27:08.339+0000] {logging_mixin.py:188} INFO - Downloaded TSLA/1770167511087.json -> /tmp/minio_downloads/1770167511087.json
[2026-02-04T01:27:08.349+0000] {logging_mixin.py:188} INFO - Downloaded TSLA/1770167511127.json -> /tmp/minio_downloads/1770167511127.json
[2026-02-04T01:27:08.356+0000] {logging_mixin.py:188} INFO - Downloaded TSLA/1770167511152.json -> /tmp/minio_downloads/1770167511152.json
[2026-02-04T01:27:08.364+0000] {logging_mixin.py:188} INFO - Downloaded TSLA/1770167511157.json -> /tmp/minio_downloads/1770167511157.json
[2026-02-04T01:27:08.371+0000] {logging_mixin.py:188} INFO - Downloaded TSLA/1770167511181.json -> /tmp/minio_downloads/1770167511181.json
[2026-02-04T01:27:08.379+0000] {logging_mixin.py:188} INFO - Downloaded TSLA/1770167511192.json -> /tmp/minio_downloads/1770167511192.json
[2026-02-04T01:27:08.388+0000] {logging_mixin.py:188} INFO - Downloaded TSLA/1770167511220.json -> /tmp/minio_downloads/1770167511220.json
[2026-02-04T01:27:08.395+0000] {logging_mixin.py:188} INFO - Downloaded TSLA/1770167511249.json -> /tmp/minio_downloads/1770167511249.json
[2026-02-04T01:27:08.402+0000] {logging_mixin.py:188} INFO - Downloaded TSLA/1770167511271.json -> /tmp/minio_downloads/1770167511271.json
[2026-02-04T01:27:08.413+0000] {logging_mixin.py:188} INFO - Downloaded TSLA/1770167511288.json -> /tmp/minio_downloads/1770167511288.json
[2026-02-04T01:27:08.422+0000] {logging_mixin.py:188} INFO - Downloaded TSLA/1770167511337.json -> /tmp/minio_downloads/1770167511337.json
[2026-02-04T01:27:08.430+0000] {logging_mixin.py:188} INFO - Downloaded TSLA/1770167511353.json -> /tmp/minio_downloads/1770167511353.json
[2026-02-04T01:27:08.438+0000] {logging_mixin.py:188} INFO - Downloaded TSLA/1770167511375.json -> /tmp/minio_downloads/1770167511375.json
[2026-02-04T01:27:08.444+0000] {logging_mixin.py:188} INFO - Downloaded TSLA/1770167511403.json -> /tmp/minio_downloads/1770167511403.json
[2026-02-04T01:27:08.453+0000] {logging_mixin.py:188} INFO - Downloaded TSLA/1770167511409.json -> /tmp/minio_downloads/1770167511409.json
[2026-02-04T01:27:08.462+0000] {logging_mixin.py:188} INFO - Downloaded TSLA/1770167511427.json -> /tmp/minio_downloads/1770167511427.json
[2026-02-04T01:27:08.464+0000] {python.py:237} INFO - Done. Returned value was: ['/tmp/minio_downloads/1770167508850.json', '/tmp/minio_downloads/1770167508876.json', '/tmp/minio_downloads/1770167508927.json', '/tmp/minio_downloads/1770167508952.json', '/tmp/minio_downloads/1770167508978.json', '/tmp/minio_downloads/1770167509011.json', '/tmp/minio_downloads/1770167509075.json', '/tmp/minio_downloads/1770167509107.json', '/tmp/minio_downloads/1770167509167.json', '/tmp/minio_downloads/1770167509185.json', '/tmp/minio_downloads/1770167509277.json', '/tmp/minio_downloads/1770167509362.json', '/tmp/minio_downloads/1770167509416.json', '/tmp/minio_downloads/1770167509427.json', '/tmp/minio_downloads/1770167509458.json', '/tmp/minio_downloads/1770167509485.json', '/tmp/minio_downloads/1770167509504.json', '/tmp/minio_downloads/1770167509520.json', '/tmp/minio_downloads/1770167509558.json', '/tmp/minio_downloads/1770167509564.json', '/tmp/minio_downloads/1770167509603.json', '/tmp/minio_downloads/1770167509615.json', '/tmp/minio_downloads/1770167509620.json', '/tmp/minio_downloads/1770167509645.json', '/tmp/minio_downloads/1770167509680.json', '/tmp/minio_downloads/1770167509702.json', '/tmp/minio_downloads/1770167509742.json', '/tmp/minio_downloads/1770167509766.json', '/tmp/minio_downloads/1770167509797.json', '/tmp/minio_downloads/1770167509847.json', '/tmp/minio_downloads/1770167509885.json', '/tmp/minio_downloads/1770167509925.json', '/tmp/minio_downloads/1770167509936.json', '/tmp/minio_downloads/1770167509982.json', '/tmp/minio_downloads/1770167510028.json', '/tmp/minio_downloads/1770167510039.json', '/tmp/minio_downloads/1770167510044.json', '/tmp/minio_downloads/1770167510094.json', '/tmp/minio_downloads/1770167510100.json', '/tmp/minio_downloads/1770167510111.json', '/tmp/minio_downloads/1770167510148.json', '/tmp/minio_downloads/1770167510165.json', '/tmp/minio_downloads/1770167510206.json', '/tmp/minio_downloads/1770167510217.json', '/tmp/minio_downloads/1770167510234.json', '/tmp/minio_downloads/1770167510239.json', '/tmp/minio_downloads/1770167510255.json', '/tmp/minio_downloads/1770167510267.json', '/tmp/minio_downloads/1770167510317.json', '/tmp/minio_downloads/1770167510328.json', '/tmp/minio_downloads/1770167510350.json', '/tmp/minio_downloads/1770167510417.json', '/tmp/minio_downloads/1770167510447.json', '/tmp/minio_downloads/1770167510479.json', '/tmp/minio_downloads/1770167510507.json', '/tmp/minio_downloads/1770167510598.json', '/tmp/minio_downloads/1770167510667.json', '/tmp/minio_downloads/1770167510679.json', '/tmp/minio_downloads/1770167510706.json', '/tmp/minio_downloads/1770167510740.json', '/tmp/minio_downloads/1770167510752.json', '/tmp/minio_downloads/1770167510775.json', '/tmp/minio_downloads/1770167510788.json', '/tmp/minio_downloads/1770167510793.json', '/tmp/minio_downloads/1770167510812.json', '/tmp/minio_downloads/1770167510830.json', '/tmp/minio_downloads/1770167510877.json', '/tmp/minio_downloads/1770167510895.json', '/tmp/minio_downloads/1770167510931.json', '/tmp/minio_downloads/1770167510938.json', '/tmp/minio_downloads/1770167510962.json', '/tmp/minio_downloads/1770167510980.json', '/tmp/minio_downloads/1770167511036.json', '/tmp/minio_downloads/1770167511054.json', '/tmp/minio_downloads/1770167511104.json', '/tmp/minio_downloads/1770167511122.json', '/tmp/minio_downloads/1770167511146.json', '/tmp/minio_downloads/1770167511176.json', '/tmp/minio_downloads/1770167511208.json', '/tmp/minio_downloads/1770167511237.json', '/tmp/minio_downloads/1770167511282.json', '/tmp/minio_downloads/1770167511299.json', '/tmp/minio_downloads/1770167511315.json', '/tmp/minio_downloads/1770167511327.json', '/tmp/minio_downloads/1770167511343.json', '/tmp/minio_downloads/1770167511397.json', '/tmp/minio_downloads/1770167511414.json', '/tmp/minio_downloads/1770167511421.json', '/tmp/minio_downloads/1770167508856.json', '/tmp/minio_downloads/1770167508940.json', '/tmp/minio_downloads/1770167508971.json', '/tmp/minio_downloads/1770167509005.json', '/tmp/minio_downloads/1770167509145.json', '/tmp/minio_downloads/1770167509180.json', '/tmp/minio_downloads/1770167509249.json', '/tmp/minio_downloads/1770167509260.json', '/tmp/minio_downloads/1770167509328.json', '/tmp/minio_downloads/1770167509350.json', '/tmp/minio_downloads/1770167509392.json', '/tmp/minio_downloads/1770167509398.json', '/tmp/minio_downloads/1770167509411.json', '/tmp/minio_downloads/1770167509515.json', '/tmp/minio_downloads/1770167509536.json', '/tmp/minio_downloads/1770167509553.json', '/tmp/minio_downloads/1770167509581.json', '/tmp/minio_downloads/1770167509598.json', '/tmp/minio_downloads/1770167509656.json', '/tmp/minio_downloads/1770167509667.json', '/tmp/minio_downloads/1770167509713.json', '/tmp/minio_downloads/1770167509737.json', '/tmp/minio_downloads/1770167509759.json', '/tmp/minio_downloads/1770167509779.json', '/tmp/minio_downloads/1770167509790.json', '/tmp/minio_downloads/1770167509825.json', '/tmp/minio_downloads/1770167509841.json', '/tmp/minio_downloads/1770167509879.json', '/tmp/minio_downloads/1770167509902.json', '/tmp/minio_downloads/1770167509920.json', '/tmp/minio_downloads/1770167509931.json', '/tmp/minio_downloads/1770167509965.json', '/tmp/minio_downloads/1770167509978.json', '/tmp/minio_downloads/1770167509993.json', '/tmp/minio_downloads/1770167510004.json', '/tmp/minio_downloads/1770167510061.json', '/tmp/minio_downloads/1770167510077.json', '/tmp/minio_downloads/1770167510088.json', '/tmp/minio_downloads/1770167510106.json', '/tmp/minio_downloads/1770167510128.json', '/tmp/minio_downloads/1770167510140.json', '/tmp/minio_downloads/1770167510173.json', '/tmp/minio_downloads/1770167510196.json', '/tmp/minio_downloads/1770167510201.json', '/tmp/minio_downloads/1770167510249.json', '/tmp/minio_downloads/1770167510280.json', '/tmp/minio_downloads/1770167510345.json', '/tmp/minio_downloads/1770167510356.json', '/tmp/minio_downloads/1770167510367.json', '/tmp/minio_downloads/1770167510384.json', '/tmp/minio_downloads/1770167510411.json', '/tmp/minio_downloads/1770167510501.json', '/tmp/minio_downloads/1770167510548.json', '/tmp/minio_downloads/1770167510560.json', '/tmp/minio_downloads/1770167510581.json', '/tmp/minio_downloads/1770167510617.json', '/tmp/minio_downloads/1770167510643.json', '/tmp/minio_downloads/1770167510690.json', '/tmp/minio_downloads/1770167510702.json', '/tmp/minio_downloads/1770167510718.json', '/tmp/minio_downloads/1770167510769.json', '/tmp/minio_downloads/1770167510806.json', '/tmp/minio_downloads/1770167510818.json', '/tmp/minio_downloads/1770167510824.json', '/tmp/minio_downloads/1770167510837.json', '/tmp/minio_downloads/1770167510854.json', '/tmp/minio_downloads/1770167510872.json', '/tmp/minio_downloads/1770167510911.json', '/tmp/minio_downloads/1770167510973.json', '/tmp/minio_downloads/1770167510986.json', '/tmp/minio_downloads/1770167510999.json', '/tmp/minio_downloads/1770167511025.json', '/tmp/minio_downloads/1770167511047.json', '/tmp/minio_downloads/1770167511082.json', '/tmp/minio_downloads/1770167511116.json', '/tmp/minio_downloads/1770167511140.json', '/tmp/minio_downloads/1770167511170.json', '/tmp/minio_downloads/1770167511186.json', '/tmp/minio_downloads/1770167511203.json', '/tmp/minio_downloads/1770167511225.json', '/tmp/minio_downloads/1770167511254.json', '/tmp/minio_downloads/1770167511276.json', '/tmp/minio_downloads/1770167511293.json', '/tmp/minio_downloads/1770167511309.json', '/tmp/minio_downloads/1770167511362.json', '/tmp/minio_downloads/1770167511386.json', '/tmp/minio_downloads/1770167511392.json', '/tmp/minio_downloads/1770167511436.json', '/tmp/minio_downloads/1770167508869.json', '/tmp/minio_downloads/1770167508883.json', '/tmp/minio_downloads/1770167508907.json', '/tmp/minio_downloads/1770167508962.json', '/tmp/minio_downloads/1770167508993.json', '/tmp/minio_downloads/1770167509022.json', '/tmp/minio_downloads/1770167509041.json', '/tmp/minio_downloads/1770167509064.json', '/tmp/minio_downloads/1770167509069.json', '/tmp/minio_downloads/1770167509090.json', '/tmp/minio_downloads/1770167509101.json', '/tmp/minio_downloads/1770167509131.json', '/tmp/minio_downloads/1770167509155.json', '/tmp/minio_downloads/1770167509161.json', '/tmp/minio_downloads/1770167509196.json', '/tmp/minio_downloads/1770167509215.json', '/tmp/minio_downloads/1770167509243.json', '/tmp/minio_downloads/1770167509254.json', '/tmp/minio_downloads/1770167509271.json', '/tmp/minio_downloads/1770167509293.json', '/tmp/minio_downloads/1770167509317.json', '/tmp/minio_downloads/1770167509345.json', '/tmp/minio_downloads/1770167509381.json', '/tmp/minio_downloads/1770167509386.json', '/tmp/minio_downloads/1770167509404.json', '/tmp/minio_downloads/1770167509438.json', '/tmp/minio_downloads/1770167509479.json', '/tmp/minio_downloads/1770167509497.json', '/tmp/minio_downloads/1770167509509.json', '/tmp/minio_downloads/1770167509525.json', '/tmp/minio_downloads/1770167509576.json', '/tmp/minio_downloads/1770167509586.json', '/tmp/minio_downloads/1770167509592.json', '/tmp/minio_downloads/1770167509609.json', '/tmp/minio_downloads/1770167509632.json', '/tmp/minio_downloads/1770167509638.json', '/tmp/minio_downloads/1770167509651.json', '/tmp/minio_downloads/1770167509673.json', '/tmp/minio_downloads/1770167509690.json', '/tmp/minio_downloads/1770167509730.json', '/tmp/minio_downloads/1770167509773.json', '/tmp/minio_downloads/1770167509803.json', '/tmp/minio_downloads/1770167509860.json', '/tmp/minio_downloads/1770167509873.json', '/tmp/minio_downloads/1770167509914.json', '/tmp/minio_downloads/1770167509952.json', '/tmp/minio_downloads/1770167509972.json', '/tmp/minio_downloads/1770167510022.json', '/tmp/minio_downloads/1770167510033.json', '/tmp/minio_downloads/1770167510159.json', '/tmp/minio_downloads/1770167510190.json', '/tmp/minio_downloads/1770167510291.json', '/tmp/minio_downloads/1770167510311.json', '/tmp/minio_downloads/1770167510323.json', '/tmp/minio_downloads/1770167510340.json', '/tmp/minio_downloads/1770167510405.json', '/tmp/minio_downloads/1770167510466.json', '/tmp/minio_downloads/1770167510513.json', '/tmp/minio_downloads/1770167510525.json', '/tmp/minio_downloads/1770167510537.json', '/tmp/minio_downloads/1770167510553.json', '/tmp/minio_downloads/1770167510610.json', '/tmp/minio_downloads/1770167510630.json', '/tmp/minio_downloads/1770167510655.json', '/tmp/minio_downloads/1770167510673.json', '/tmp/minio_downloads/1770167510712.json', '/tmp/minio_downloads/1770167510729.json', '/tmp/minio_downloads/1770167510735.json', '/tmp/minio_downloads/1770167510763.json', '/tmp/minio_downloads/1770167510867.json', '/tmp/minio_downloads/1770167510889.json', '/tmp/minio_downloads/1770167510901.json', '/tmp/minio_downloads/1770167510918.json', '/tmp/minio_downloads/1770167510925.json', '/tmp/minio_downloads/1770167510968.json', '/tmp/minio_downloads/1770167510992.json', '/tmp/minio_downloads/1770167511012.json', '/tmp/minio_downloads/1770167511018.json', '/tmp/minio_downloads/1770167511092.json', '/tmp/minio_downloads/1770167511098.json', '/tmp/minio_downloads/1770167511110.json', '/tmp/minio_downloads/1770167511133.json', '/tmp/minio_downloads/1770167511164.json', '/tmp/minio_downloads/1770167511197.json', '/tmp/minio_downloads/1770167511232.json', '/tmp/minio_downloads/1770167511243.json', '/tmp/minio_downloads/1770167511259.json', '/tmp/minio_downloads/1770167511381.json', '/tmp/minio_downloads/1770167508863.json', '/tmp/minio_downloads/1770167508889.json', '/tmp/minio_downloads/1770167508901.json', '/tmp/minio_downloads/1770167508914.json', '/tmp/minio_downloads/1770167508921.json', '/tmp/minio_downloads/1770167508934.json', '/tmp/minio_downloads/1770167508999.json', '/tmp/minio_downloads/1770167509017.json', '/tmp/minio_downloads/1770167509035.json', '/tmp/minio_downloads/1770167509047.json', '/tmp/minio_downloads/1770167509058.json', '/tmp/minio_downloads/1770167509080.json', '/tmp/minio_downloads/1770167509096.json', '/tmp/minio_downloads/1770167509114.json', '/tmp/minio_downloads/1770167509119.json', '/tmp/minio_downloads/1770167509137.json', '/tmp/minio_downloads/1770167509173.json', '/tmp/minio_downloads/1770167509191.json', '/tmp/minio_downloads/1770167509202.json', '/tmp/minio_downloads/1770167509221.json', '/tmp/minio_downloads/1770167509232.json', '/tmp/minio_downloads/1770167509266.json', '/tmp/minio_downloads/1770167509283.json', '/tmp/minio_downloads/1770167509299.json', '/tmp/minio_downloads/1770167509322.json', '/tmp/minio_downloads/1770167509334.json', '/tmp/minio_downloads/1770167509369.json', '/tmp/minio_downloads/1770167509432.json', '/tmp/minio_downloads/1770167509446.json', '/tmp/minio_downloads/1770167509463.json', '/tmp/minio_downloads/1770167509474.json', '/tmp/minio_downloads/1770167509491.json', '/tmp/minio_downloads/1770167509531.json', '/tmp/minio_downloads/1770167509541.json', '/tmp/minio_downloads/1770167509686.json', '/tmp/minio_downloads/1770167509696.json', '/tmp/minio_downloads/1770167509719.json', '/tmp/minio_downloads/1770167509747.json', '/tmp/minio_downloads/1770167509784.json', '/tmp/minio_downloads/1770167509813.json', '/tmp/minio_downloads/1770167509836.json', '/tmp/minio_downloads/1770167509891.json', '/tmp/minio_downloads/1770167509908.json', '/tmp/minio_downloads/1770167509941.json', '/tmp/minio_downloads/1770167509958.json', '/tmp/minio_downloads/1770167510050.json', '/tmp/minio_downloads/1770167510055.json', '/tmp/minio_downloads/1770167510117.json', '/tmp/minio_downloads/1770167510134.json', '/tmp/minio_downloads/1770167510153.json', '/tmp/minio_downloads/1770167510179.json', '/tmp/minio_downloads/1770167510212.json', '/tmp/minio_downloads/1770167510222.json', '/tmp/minio_downloads/1770167510261.json', '/tmp/minio_downloads/1770167510296.json', '/tmp/minio_downloads/1770167510334.json', '/tmp/minio_downloads/1770167510372.json', '/tmp/minio_downloads/1770167510378.json', '/tmp/minio_downloads/1770167510389.json', '/tmp/minio_downloads/1770167510398.json', '/tmp/minio_downloads/1770167510428.json', '/tmp/minio_downloads/1770167510440.json', '/tmp/minio_downloads/1770167510460.json', '/tmp/minio_downloads/1770167510473.json', '/tmp/minio_downloads/1770167510488.json', '/tmp/minio_downloads/1770167510519.json', '/tmp/minio_downloads/1770167510570.json', '/tmp/minio_downloads/1770167510575.json', '/tmp/minio_downloads/1770167510587.json', '/tmp/minio_downloads/1770167510605.json', '/tmp/minio_downloads/1770167510623.json', '/tmp/minio_downloads/1770167510636.json', '/tmp/minio_downloads/1770167510746.json', '/tmp/minio_downloads/1770167510799.json', '/tmp/minio_downloads/1770167510848.json', '/tmp/minio_downloads/1770167510906.json', '/tmp/minio_downloads/1770167511031.json', '/tmp/minio_downloads/1770167511042.json', '/tmp/minio_downloads/1770167511060.json', '/tmp/minio_downloads/1770167511076.json', '/tmp/minio_downloads/1770167511214.json', '/tmp/minio_downloads/1770167511265.json', '/tmp/minio_downloads/1770167511304.json', '/tmp/minio_downloads/1770167511321.json', '/tmp/minio_downloads/1770167511332.json', '/tmp/minio_downloads/1770167511347.json', '/tmp/minio_downloads/1770167511358.json', '/tmp/minio_downloads/1770167511369.json', '/tmp/minio_downloads/1770167508843.json', '/tmp/minio_downloads/1770167508895.json', '/tmp/minio_downloads/1770167508987.json', '/tmp/minio_downloads/1770167509028.json', '/tmp/minio_downloads/1770167509052.json', '/tmp/minio_downloads/1770167509085.json', '/tmp/minio_downloads/1770167509124.json', '/tmp/minio_downloads/1770167509150.json', '/tmp/minio_downloads/1770167509208.json', '/tmp/minio_downloads/1770167509226.json', '/tmp/minio_downloads/1770167509238.json', '/tmp/minio_downloads/1770167509287.json', '/tmp/minio_downloads/1770167509304.json', '/tmp/minio_downloads/1770167509311.json', '/tmp/minio_downloads/1770167509340.json', '/tmp/minio_downloads/1770167509375.json', '/tmp/minio_downloads/1770167509421.json', '/tmp/minio_downloads/1770167509451.json', '/tmp/minio_downloads/1770167509469.json', '/tmp/minio_downloads/1770167509548.json', '/tmp/minio_downloads/1770167509570.json', '/tmp/minio_downloads/1770167509627.json', '/tmp/minio_downloads/1770167509662.json', '/tmp/minio_downloads/1770167509707.json', '/tmp/minio_downloads/1770167509724.json', '/tmp/minio_downloads/1770167509754.json', '/tmp/minio_downloads/1770167509808.json', '/tmp/minio_downloads/1770167509819.json', '/tmp/minio_downloads/1770167509830.json', '/tmp/minio_downloads/1770167509854.json', '/tmp/minio_downloads/1770167509866.json', '/tmp/minio_downloads/1770167509896.json', '/tmp/minio_downloads/1770167509947.json', '/tmp/minio_downloads/1770167509988.json', '/tmp/minio_downloads/1770167509999.json', '/tmp/minio_downloads/1770167510011.json', '/tmp/minio_downloads/1770167510017.json', '/tmp/minio_downloads/1770167510067.json', '/tmp/minio_downloads/1770167510072.json', '/tmp/minio_downloads/1770167510083.json', '/tmp/minio_downloads/1770167510123.json', '/tmp/minio_downloads/1770167510184.json', '/tmp/minio_downloads/1770167510228.json', '/tmp/minio_downloads/1770167510245.json', '/tmp/minio_downloads/1770167510273.json', '/tmp/minio_downloads/1770167510285.json', '/tmp/minio_downloads/1770167510304.json', '/tmp/minio_downloads/1770167510361.json', '/tmp/minio_downloads/1770167510423.json', '/tmp/minio_downloads/1770167510433.json', '/tmp/minio_downloads/1770167510454.json', '/tmp/minio_downloads/1770167510495.json', '/tmp/minio_downloads/1770167510532.json', '/tmp/minio_downloads/1770167510542.json', '/tmp/minio_downloads/1770167510565.json', '/tmp/minio_downloads/1770167510592.json', '/tmp/minio_downloads/1770167510649.json', '/tmp/minio_downloads/1770167510661.json', '/tmp/minio_downloads/1770167510684.json', '/tmp/minio_downloads/1770167510696.json', '/tmp/minio_downloads/1770167510724.json', '/tmp/minio_downloads/1770167510757.json', '/tmp/minio_downloads/1770167510782.json', '/tmp/minio_downloads/1770167510842.json', '/tmp/minio_downloads/1770167510861.json', '/tmp/minio_downloads/1770167510883.json', '/tmp/minio_downloads/1770167510943.json', '/tmp/minio_downloads/1770167510951.json', '/tmp/minio_downloads/1770167510956.json', '/tmp/minio_downloads/1770167511005.json', '/tmp/minio_downloads/1770167511065.json', '/tmp/minio_downloads/1770167511071.json', '/tmp/minio_downloads/1770167511087.json', '/tmp/minio_downloads/1770167511127.json', '/tmp/minio_downloads/1770167511152.json', '/tmp/minio_downloads/1770167511157.json', '/tmp/minio_downloads/1770167511181.json', '/tmp/minio_downloads/1770167511192.json', '/tmp/minio_downloads/1770167511220.json', '/tmp/minio_downloads/1770167511249.json', '/tmp/minio_downloads/1770167511271.json', '/tmp/minio_downloads/1770167511288.json', '/tmp/minio_downloads/1770167511337.json', '/tmp/minio_downloads/1770167511353.json', '/tmp/minio_downloads/1770167511375.json', '/tmp/minio_downloads/1770167511403.json', '/tmp/minio_downloads/1770167511409.json', '/tmp/minio_downloads/1770167511427.json']
[2026-02-04T01:27:08.466+0000] {taskinstance.py:441} INFO - ::group::Post task execution logs
[2026-02-04T01:27:08.504+0000] {taskinstance.py:1206} INFO - Marking task as SUCCESS. dag_id=minio_to_snowflake, task_id=download_minio, run_id=scheduled__2026-02-04T01:25:00+00:00, execution_date=20260204T012500, start_date=20260204T012704, end_date=20260204T012708
[2026-02-04T01:27:08.536+0000] {local_task_job_runner.py:243} INFO - Task exited with return code 0
[2026-02-04T01:27:08.555+0000] {taskinstance.py:3503} INFO - 1 downstream tasks scheduled from follow-on schedule check
[2026-02-04T01:27:08.557+0000] {local_task_job_runner.py:222} INFO - ::endgroup::
