[2026-02-03T23:51:38.057+0000] {local_task_job_runner.py:120} INFO - ::group::Pre task execution logs
[2026-02-03T23:51:38.080+0000] {taskinstance.py:2076} INFO - Dependencies all met for dep_context=non-requeueable deps ti=<TaskInstance: minio_to_snowflake.download_minio scheduled__2026-02-03T23:50:00+00:00 [queued]>
[2026-02-03T23:51:38.086+0000] {taskinstance.py:2076} INFO - Dependencies all met for dep_context=requeueable deps ti=<TaskInstance: minio_to_snowflake.download_minio scheduled__2026-02-03T23:50:00+00:00 [queued]>
[2026-02-03T23:51:38.087+0000] {taskinstance.py:2306} INFO - Starting attempt 1 of 2
[2026-02-03T23:51:38.097+0000] {taskinstance.py:2330} INFO - Executing <Task(PythonOperator): download_minio> on 2026-02-03 23:50:00+00:00
[2026-02-03T23:51:38.107+0000] {standard_task_runner.py:90} INFO - Running: ['***', 'tasks', 'run', 'minio_to_snowflake', 'download_minio', 'scheduled__2026-02-03T23:50:00+00:00', '--job-id', '426', '--raw', '--subdir', 'DAGS_FOLDER/minio_to_snowflake.py', '--cfg-path', '/tmp/tmplj_rqezy']
[2026-02-03T23:51:38.109+0000] {logging_mixin.py:188} WARNING - /home/***/.local/lib/python3.12/site-packages/***/task/task_runner/standard_task_runner.py:62 DeprecationWarning: This process (pid=52) is multi-threaded, use of fork() may lead to deadlocks in the child.
[2026-02-03T23:51:38.110+0000] {standard_task_runner.py:91} INFO - Job 426: Subtask download_minio
[2026-02-03T23:51:38.110+0000] {standard_task_runner.py:64} INFO - Started process 76 to run task
[2026-02-03T23:51:38.196+0000] {task_command.py:426} INFO - Running <TaskInstance: minio_to_snowflake.download_minio scheduled__2026-02-03T23:50:00+00:00 [running]> on host e6e1c513bfd4
[2026-02-03T23:51:38.259+0000] {taskinstance.py:2648} INFO - Exporting env vars: AIRFLOW_CTX_DAG_OWNER='***' AIRFLOW_CTX_DAG_ID='minio_to_snowflake' AIRFLOW_CTX_TASK_ID='download_minio' AIRFLOW_CTX_EXECUTION_DATE='2026-02-03T23:50:00+00:00' AIRFLOW_CTX_TRY_NUMBER='1' AIRFLOW_CTX_DAG_RUN_ID='scheduled__2026-02-03T23:50:00+00:00'
[2026-02-03T23:51:38.260+0000] {taskinstance.py:430} INFO - ::endgroup::
[2026-02-03T23:51:38.870+0000] {logging_mixin.py:188} INFO - Downloaded AAPL/1770161712.json -> /tmp/minio_downloads/1770161712.json
[2026-02-03T23:51:38.880+0000] {logging_mixin.py:188} INFO - Downloaded AAPL/1770161713.json -> /tmp/minio_downloads/1770161713.json
[2026-02-03T23:51:38.890+0000] {logging_mixin.py:188} INFO - Downloaded AAPL/1770161714.json -> /tmp/minio_downloads/1770161714.json
[2026-02-03T23:51:38.898+0000] {logging_mixin.py:188} INFO - Downloaded AAPL/1770161715.json -> /tmp/minio_downloads/1770161715.json
[2026-02-03T23:51:38.904+0000] {logging_mixin.py:188} INFO - Downloaded AAPL/1770161716.json -> /tmp/minio_downloads/1770161716.json
[2026-02-03T23:51:38.911+0000] {logging_mixin.py:188} INFO - Downloaded AAPL/1770161717.json -> /tmp/minio_downloads/1770161717.json
[2026-02-03T23:51:38.919+0000] {logging_mixin.py:188} INFO - Downloaded AAPL/1770161718.json -> /tmp/minio_downloads/1770161718.json
[2026-02-03T23:51:38.925+0000] {logging_mixin.py:188} INFO - Downloaded AAPL/1770161719.json -> /tmp/minio_downloads/1770161719.json
[2026-02-03T23:51:38.931+0000] {logging_mixin.py:188} INFO - Downloaded AAPL/1770161720.json -> /tmp/minio_downloads/1770161720.json
[2026-02-03T23:51:38.939+0000] {logging_mixin.py:188} INFO - Downloaded AAPL/1770161721.json -> /tmp/minio_downloads/1770161721.json
[2026-02-03T23:51:38.946+0000] {logging_mixin.py:188} INFO - Downloaded AAPL/1770161722.json -> /tmp/minio_downloads/1770161722.json
[2026-02-03T23:51:38.952+0000] {logging_mixin.py:188} INFO - Downloaded AAPL/1770161723.json -> /tmp/minio_downloads/1770161723.json
[2026-02-03T23:51:38.961+0000] {logging_mixin.py:188} INFO - Downloaded AAPL/1770161724.json -> /tmp/minio_downloads/1770161724.json
[2026-02-03T23:51:38.967+0000] {logging_mixin.py:188} INFO - Downloaded AAPL/1770161725.json -> /tmp/minio_downloads/1770161725.json
[2026-02-03T23:51:38.974+0000] {logging_mixin.py:188} INFO - Downloaded AAPL/1770161726.json -> /tmp/minio_downloads/1770161726.json
[2026-02-03T23:51:38.980+0000] {logging_mixin.py:188} INFO - Downloaded AAPL/1770161727.json -> /tmp/minio_downloads/1770161727.json
[2026-02-03T23:51:38.987+0000] {logging_mixin.py:188} INFO - Downloaded AAPL/1770161728.json -> /tmp/minio_downloads/1770161728.json
[2026-02-03T23:51:38.994+0000] {logging_mixin.py:188} INFO - Downloaded AAPL/1770161729.json -> /tmp/minio_downloads/1770161729.json
[2026-02-03T23:51:39.001+0000] {logging_mixin.py:188} INFO - Downloaded AAPL/1770161730.json -> /tmp/minio_downloads/1770161730.json
[2026-02-03T23:51:39.008+0000] {logging_mixin.py:188} INFO - Downloaded AAPL/1770161731.json -> /tmp/minio_downloads/1770161731.json
[2026-02-03T23:51:39.016+0000] {logging_mixin.py:188} INFO - Downloaded AAPL/1770161732.json -> /tmp/minio_downloads/1770161732.json
[2026-02-03T23:51:39.023+0000] {logging_mixin.py:188} INFO - Downloaded AAPL/1770161733.json -> /tmp/minio_downloads/1770161733.json
[2026-02-03T23:51:39.034+0000] {logging_mixin.py:188} INFO - Downloaded AAPL/1770161734.json -> /tmp/minio_downloads/1770161734.json
[2026-02-03T23:51:39.046+0000] {logging_mixin.py:188} INFO - Downloaded AAPL/1770161735.json -> /tmp/minio_downloads/1770161735.json
[2026-02-03T23:51:39.056+0000] {logging_mixin.py:188} INFO - Downloaded AAPL/1770161736.json -> /tmp/minio_downloads/1770161736.json
[2026-02-03T23:51:39.066+0000] {logging_mixin.py:188} INFO - Downloaded AAPL/1770161737.json -> /tmp/minio_downloads/1770161737.json
[2026-02-03T23:51:39.074+0000] {logging_mixin.py:188} INFO - Downloaded AAPL/1770161738.json -> /tmp/minio_downloads/1770161738.json
[2026-02-03T23:51:39.081+0000] {logging_mixin.py:188} INFO - Downloaded AAPL/1770161739.json -> /tmp/minio_downloads/1770161739.json
[2026-02-03T23:51:39.089+0000] {logging_mixin.py:188} INFO - Downloaded AAPL/1770161740.json -> /tmp/minio_downloads/1770161740.json
[2026-02-03T23:51:39.096+0000] {logging_mixin.py:188} INFO - Downloaded AAPL/1770161741.json -> /tmp/minio_downloads/1770161741.json
[2026-02-03T23:51:39.103+0000] {logging_mixin.py:188} INFO - Downloaded AAPL/1770161742.json -> /tmp/minio_downloads/1770161742.json
[2026-02-03T23:51:39.112+0000] {logging_mixin.py:188} INFO - Downloaded AAPL/1770161743.json -> /tmp/minio_downloads/1770161743.json
[2026-02-03T23:51:39.119+0000] {logging_mixin.py:188} INFO - Downloaded AAPL/1770161744.json -> /tmp/minio_downloads/1770161744.json
[2026-02-03T23:51:39.126+0000] {logging_mixin.py:188} INFO - Downloaded AAPL/1770161745.json -> /tmp/minio_downloads/1770161745.json
[2026-02-03T23:51:39.132+0000] {logging_mixin.py:188} INFO - Downloaded AAPL/1770161746.json -> /tmp/minio_downloads/1770161746.json
[2026-02-03T23:51:39.138+0000] {logging_mixin.py:188} INFO - Downloaded AAPL/1770161747.json -> /tmp/minio_downloads/1770161747.json
[2026-02-03T23:51:39.144+0000] {logging_mixin.py:188} INFO - Downloaded AAPL/1770161748.json -> /tmp/minio_downloads/1770161748.json
[2026-02-03T23:51:39.151+0000] {logging_mixin.py:188} INFO - Downloaded AAPL/1770161749.json -> /tmp/minio_downloads/1770161749.json
[2026-02-03T23:51:39.157+0000] {logging_mixin.py:188} INFO - Downloaded AAPL/1770161750.json -> /tmp/minio_downloads/1770161750.json
[2026-02-03T23:51:39.162+0000] {logging_mixin.py:188} INFO - Downloaded AAPL/1770161751.json -> /tmp/minio_downloads/1770161751.json
[2026-02-03T23:51:39.167+0000] {logging_mixin.py:188} INFO - Downloaded AAPL/1770161752.json -> /tmp/minio_downloads/1770161752.json
[2026-02-03T23:51:39.173+0000] {logging_mixin.py:188} INFO - Downloaded AAPL/1770161753.json -> /tmp/minio_downloads/1770161753.json
[2026-02-03T23:51:39.178+0000] {logging_mixin.py:188} INFO - Downloaded AAPL/1770161754.json -> /tmp/minio_downloads/1770161754.json
[2026-02-03T23:51:39.184+0000] {logging_mixin.py:188} INFO - Downloaded AAPL/1770161755.json -> /tmp/minio_downloads/1770161755.json
[2026-02-03T23:51:39.189+0000] {logging_mixin.py:188} INFO - Downloaded AAPL/1770161756.json -> /tmp/minio_downloads/1770161756.json
[2026-02-03T23:51:39.195+0000] {logging_mixin.py:188} INFO - Downloaded AAPL/1770161757.json -> /tmp/minio_downloads/1770161757.json
[2026-02-03T23:51:39.200+0000] {logging_mixin.py:188} INFO - Downloaded AAPL/1770161758.json -> /tmp/minio_downloads/1770161758.json
[2026-02-03T23:51:39.206+0000] {logging_mixin.py:188} INFO - Downloaded AAPL/1770161759.json -> /tmp/minio_downloads/1770161759.json
[2026-02-03T23:51:39.212+0000] {logging_mixin.py:188} INFO - Downloaded AAPL/1770161760.json -> /tmp/minio_downloads/1770161760.json
[2026-02-03T23:51:39.218+0000] {logging_mixin.py:188} INFO - Downloaded AAPL/1770161761.json -> /tmp/minio_downloads/1770161761.json
[2026-02-03T23:51:39.224+0000] {logging_mixin.py:188} INFO - Downloaded AAPL/1770161762.json -> /tmp/minio_downloads/1770161762.json
[2026-02-03T23:51:39.230+0000] {logging_mixin.py:188} INFO - Downloaded AAPL/1770161763.json -> /tmp/minio_downloads/1770161763.json
[2026-02-03T23:51:39.235+0000] {logging_mixin.py:188} INFO - Downloaded AAPL/1770161764.json -> /tmp/minio_downloads/1770161764.json
[2026-02-03T23:51:39.241+0000] {logging_mixin.py:188} INFO - Downloaded AAPL/1770161765.json -> /tmp/minio_downloads/1770161765.json
[2026-02-03T23:51:39.247+0000] {logging_mixin.py:188} INFO - Downloaded AAPL/1770161766.json -> /tmp/minio_downloads/1770161766.json
[2026-02-03T23:51:39.253+0000] {logging_mixin.py:188} INFO - Downloaded AAPL/1770161767.json -> /tmp/minio_downloads/1770161767.json
[2026-02-03T23:51:39.259+0000] {logging_mixin.py:188} INFO - Downloaded AAPL/1770161768.json -> /tmp/minio_downloads/1770161768.json
[2026-02-03T23:51:39.265+0000] {logging_mixin.py:188} INFO - Downloaded AAPL/1770161769.json -> /tmp/minio_downloads/1770161769.json
[2026-02-03T23:51:39.271+0000] {logging_mixin.py:188} INFO - Downloaded AAPL/1770161770.json -> /tmp/minio_downloads/1770161770.json
[2026-02-03T23:51:39.279+0000] {logging_mixin.py:188} INFO - Downloaded AAPL/1770161771.json -> /tmp/minio_downloads/1770161771.json
[2026-02-03T23:51:39.284+0000] {logging_mixin.py:188} INFO - Downloaded AAPL/1770161772.json -> /tmp/minio_downloads/1770161772.json
[2026-02-03T23:51:39.291+0000] {logging_mixin.py:188} INFO - Downloaded AAPL/1770161773.json -> /tmp/minio_downloads/1770161773.json
[2026-02-03T23:51:39.297+0000] {logging_mixin.py:188} INFO - Downloaded AAPL/1770161774.json -> /tmp/minio_downloads/1770161774.json
[2026-02-03T23:51:39.303+0000] {logging_mixin.py:188} INFO - Downloaded AAPL/1770161775.json -> /tmp/minio_downloads/1770161775.json
[2026-02-03T23:51:39.309+0000] {logging_mixin.py:188} INFO - Downloaded AAPL/1770161776.json -> /tmp/minio_downloads/1770161776.json
[2026-02-03T23:51:39.314+0000] {logging_mixin.py:188} INFO - Downloaded AAPL/1770161777.json -> /tmp/minio_downloads/1770161777.json
[2026-02-03T23:51:39.321+0000] {logging_mixin.py:188} INFO - Downloaded AAPL/1770161778.json -> /tmp/minio_downloads/1770161778.json
[2026-02-03T23:51:39.327+0000] {logging_mixin.py:188} INFO - Downloaded AAPL/1770161779.json -> /tmp/minio_downloads/1770161779.json
[2026-02-03T23:51:39.332+0000] {logging_mixin.py:188} INFO - Downloaded AAPL/1770161780.json -> /tmp/minio_downloads/1770161780.json
[2026-02-03T23:51:39.338+0000] {logging_mixin.py:188} INFO - Downloaded AAPL/1770161781.json -> /tmp/minio_downloads/1770161781.json
[2026-02-03T23:51:39.344+0000] {logging_mixin.py:188} INFO - Downloaded AAPL/1770161782.json -> /tmp/minio_downloads/1770161782.json
[2026-02-03T23:51:39.350+0000] {logging_mixin.py:188} INFO - Downloaded AAPL/1770161783.json -> /tmp/minio_downloads/1770161783.json
[2026-02-03T23:51:39.356+0000] {logging_mixin.py:188} INFO - Downloaded AAPL/1770161784.json -> /tmp/minio_downloads/1770161784.json
[2026-02-03T23:51:39.363+0000] {logging_mixin.py:188} INFO - Downloaded AAPL/1770161785.json -> /tmp/minio_downloads/1770161785.json
[2026-02-03T23:51:39.370+0000] {logging_mixin.py:188} INFO - Downloaded AAPL/1770161786.json -> /tmp/minio_downloads/1770161786.json
[2026-02-03T23:51:39.376+0000] {logging_mixin.py:188} INFO - Downloaded AAPL/1770161787.json -> /tmp/minio_downloads/1770161787.json
[2026-02-03T23:51:39.382+0000] {logging_mixin.py:188} INFO - Downloaded AAPL/1770161788.json -> /tmp/minio_downloads/1770161788.json
[2026-02-03T23:51:39.389+0000] {logging_mixin.py:188} INFO - Downloaded AAPL/1770161789.json -> /tmp/minio_downloads/1770161789.json
[2026-02-03T23:51:39.395+0000] {logging_mixin.py:188} INFO - Downloaded AAPL/1770161790.json -> /tmp/minio_downloads/1770161790.json
[2026-02-03T23:51:39.400+0000] {logging_mixin.py:188} INFO - Downloaded AAPL/1770161791.json -> /tmp/minio_downloads/1770161791.json
[2026-02-03T23:51:39.407+0000] {logging_mixin.py:188} INFO - Downloaded AAPL/1770161792.json -> /tmp/minio_downloads/1770161792.json
[2026-02-03T23:51:39.413+0000] {logging_mixin.py:188} INFO - Downloaded AAPL/1770161793.json -> /tmp/minio_downloads/1770161793.json
[2026-02-03T23:51:39.418+0000] {logging_mixin.py:188} INFO - Downloaded AAPL/1770161794.json -> /tmp/minio_downloads/1770161794.json
[2026-02-03T23:51:39.423+0000] {logging_mixin.py:188} INFO - Downloaded AAPL/1770161795.json -> /tmp/minio_downloads/1770161795.json
[2026-02-03T23:51:39.430+0000] {logging_mixin.py:188} INFO - Downloaded AAPL/1770161796.json -> /tmp/minio_downloads/1770161796.json
[2026-02-03T23:51:39.436+0000] {logging_mixin.py:188} INFO - Downloaded AMZN/1770161712.json -> /tmp/minio_downloads/1770161712.json
[2026-02-03T23:51:39.442+0000] {logging_mixin.py:188} INFO - Downloaded AMZN/1770161713.json -> /tmp/minio_downloads/1770161713.json
[2026-02-03T23:51:39.447+0000] {logging_mixin.py:188} INFO - Downloaded AMZN/1770161714.json -> /tmp/minio_downloads/1770161714.json
[2026-02-03T23:51:39.453+0000] {logging_mixin.py:188} INFO - Downloaded AMZN/1770161715.json -> /tmp/minio_downloads/1770161715.json
[2026-02-03T23:51:39.460+0000] {logging_mixin.py:188} INFO - Downloaded AMZN/1770161716.json -> /tmp/minio_downloads/1770161716.json
[2026-02-03T23:51:39.465+0000] {logging_mixin.py:188} INFO - Downloaded AMZN/1770161717.json -> /tmp/minio_downloads/1770161717.json
[2026-02-03T23:51:39.471+0000] {logging_mixin.py:188} INFO - Downloaded AMZN/1770161718.json -> /tmp/minio_downloads/1770161718.json
[2026-02-03T23:51:39.476+0000] {logging_mixin.py:188} INFO - Downloaded AMZN/1770161719.json -> /tmp/minio_downloads/1770161719.json
[2026-02-03T23:51:39.481+0000] {logging_mixin.py:188} INFO - Downloaded AMZN/1770161720.json -> /tmp/minio_downloads/1770161720.json
[2026-02-03T23:51:39.487+0000] {logging_mixin.py:188} INFO - Downloaded AMZN/1770161721.json -> /tmp/minio_downloads/1770161721.json
[2026-02-03T23:51:39.494+0000] {logging_mixin.py:188} INFO - Downloaded AMZN/1770161722.json -> /tmp/minio_downloads/1770161722.json
[2026-02-03T23:51:39.501+0000] {logging_mixin.py:188} INFO - Downloaded AMZN/1770161723.json -> /tmp/minio_downloads/1770161723.json
[2026-02-03T23:51:39.506+0000] {logging_mixin.py:188} INFO - Downloaded AMZN/1770161724.json -> /tmp/minio_downloads/1770161724.json
[2026-02-03T23:51:39.513+0000] {logging_mixin.py:188} INFO - Downloaded AMZN/1770161725.json -> /tmp/minio_downloads/1770161725.json
[2026-02-03T23:51:39.519+0000] {logging_mixin.py:188} INFO - Downloaded AMZN/1770161726.json -> /tmp/minio_downloads/1770161726.json
[2026-02-03T23:51:39.525+0000] {logging_mixin.py:188} INFO - Downloaded AMZN/1770161727.json -> /tmp/minio_downloads/1770161727.json
[2026-02-03T23:51:39.533+0000] {logging_mixin.py:188} INFO - Downloaded AMZN/1770161728.json -> /tmp/minio_downloads/1770161728.json
[2026-02-03T23:51:39.540+0000] {logging_mixin.py:188} INFO - Downloaded AMZN/1770161729.json -> /tmp/minio_downloads/1770161729.json
[2026-02-03T23:51:39.546+0000] {logging_mixin.py:188} INFO - Downloaded AMZN/1770161730.json -> /tmp/minio_downloads/1770161730.json
[2026-02-03T23:51:39.552+0000] {logging_mixin.py:188} INFO - Downloaded AMZN/1770161731.json -> /tmp/minio_downloads/1770161731.json
[2026-02-03T23:51:39.558+0000] {logging_mixin.py:188} INFO - Downloaded AMZN/1770161732.json -> /tmp/minio_downloads/1770161732.json
[2026-02-03T23:51:39.566+0000] {logging_mixin.py:188} INFO - Downloaded AMZN/1770161733.json -> /tmp/minio_downloads/1770161733.json
[2026-02-03T23:51:39.571+0000] {logging_mixin.py:188} INFO - Downloaded AMZN/1770161734.json -> /tmp/minio_downloads/1770161734.json
[2026-02-03T23:51:39.577+0000] {logging_mixin.py:188} INFO - Downloaded AMZN/1770161735.json -> /tmp/minio_downloads/1770161735.json
[2026-02-03T23:51:39.583+0000] {logging_mixin.py:188} INFO - Downloaded AMZN/1770161736.json -> /tmp/minio_downloads/1770161736.json
[2026-02-03T23:51:39.589+0000] {logging_mixin.py:188} INFO - Downloaded AMZN/1770161737.json -> /tmp/minio_downloads/1770161737.json
[2026-02-03T23:51:39.594+0000] {logging_mixin.py:188} INFO - Downloaded AMZN/1770161738.json -> /tmp/minio_downloads/1770161738.json
[2026-02-03T23:51:39.599+0000] {logging_mixin.py:188} INFO - Downloaded AMZN/1770161739.json -> /tmp/minio_downloads/1770161739.json
[2026-02-03T23:51:39.605+0000] {logging_mixin.py:188} INFO - Downloaded AMZN/1770161740.json -> /tmp/minio_downloads/1770161740.json
[2026-02-03T23:51:39.610+0000] {logging_mixin.py:188} INFO - Downloaded AMZN/1770161741.json -> /tmp/minio_downloads/1770161741.json
[2026-02-03T23:51:39.615+0000] {logging_mixin.py:188} INFO - Downloaded AMZN/1770161742.json -> /tmp/minio_downloads/1770161742.json
[2026-02-03T23:51:39.620+0000] {logging_mixin.py:188} INFO - Downloaded AMZN/1770161743.json -> /tmp/minio_downloads/1770161743.json
[2026-02-03T23:51:39.625+0000] {logging_mixin.py:188} INFO - Downloaded AMZN/1770161744.json -> /tmp/minio_downloads/1770161744.json
[2026-02-03T23:51:39.630+0000] {logging_mixin.py:188} INFO - Downloaded AMZN/1770161745.json -> /tmp/minio_downloads/1770161745.json
[2026-02-03T23:51:39.634+0000] {logging_mixin.py:188} INFO - Downloaded AMZN/1770161746.json -> /tmp/minio_downloads/1770161746.json
[2026-02-03T23:51:39.640+0000] {logging_mixin.py:188} INFO - Downloaded AMZN/1770161747.json -> /tmp/minio_downloads/1770161747.json
[2026-02-03T23:51:39.644+0000] {logging_mixin.py:188} INFO - Downloaded AMZN/1770161748.json -> /tmp/minio_downloads/1770161748.json
[2026-02-03T23:51:39.649+0000] {logging_mixin.py:188} INFO - Downloaded AMZN/1770161749.json -> /tmp/minio_downloads/1770161749.json
[2026-02-03T23:51:39.654+0000] {logging_mixin.py:188} INFO - Downloaded AMZN/1770161750.json -> /tmp/minio_downloads/1770161750.json
[2026-02-03T23:51:39.658+0000] {logging_mixin.py:188} INFO - Downloaded AMZN/1770161751.json -> /tmp/minio_downloads/1770161751.json
[2026-02-03T23:51:39.663+0000] {logging_mixin.py:188} INFO - Downloaded AMZN/1770161752.json -> /tmp/minio_downloads/1770161752.json
[2026-02-03T23:51:39.667+0000] {logging_mixin.py:188} INFO - Downloaded AMZN/1770161753.json -> /tmp/minio_downloads/1770161753.json
[2026-02-03T23:51:39.673+0000] {logging_mixin.py:188} INFO - Downloaded AMZN/1770161754.json -> /tmp/minio_downloads/1770161754.json
[2026-02-03T23:51:39.677+0000] {logging_mixin.py:188} INFO - Downloaded AMZN/1770161755.json -> /tmp/minio_downloads/1770161755.json
[2026-02-03T23:51:39.683+0000] {logging_mixin.py:188} INFO - Downloaded AMZN/1770161756.json -> /tmp/minio_downloads/1770161756.json
[2026-02-03T23:51:39.689+0000] {logging_mixin.py:188} INFO - Downloaded AMZN/1770161757.json -> /tmp/minio_downloads/1770161757.json
[2026-02-03T23:51:39.695+0000] {logging_mixin.py:188} INFO - Downloaded AMZN/1770161758.json -> /tmp/minio_downloads/1770161758.json
[2026-02-03T23:51:39.701+0000] {logging_mixin.py:188} INFO - Downloaded AMZN/1770161759.json -> /tmp/minio_downloads/1770161759.json
[2026-02-03T23:51:39.706+0000] {logging_mixin.py:188} INFO - Downloaded AMZN/1770161760.json -> /tmp/minio_downloads/1770161760.json
[2026-02-03T23:51:39.711+0000] {logging_mixin.py:188} INFO - Downloaded AMZN/1770161761.json -> /tmp/minio_downloads/1770161761.json
[2026-02-03T23:51:39.716+0000] {logging_mixin.py:188} INFO - Downloaded AMZN/1770161762.json -> /tmp/minio_downloads/1770161762.json
[2026-02-03T23:51:39.721+0000] {logging_mixin.py:188} INFO - Downloaded AMZN/1770161763.json -> /tmp/minio_downloads/1770161763.json
[2026-02-03T23:51:39.726+0000] {logging_mixin.py:188} INFO - Downloaded AMZN/1770161764.json -> /tmp/minio_downloads/1770161764.json
[2026-02-03T23:51:39.730+0000] {logging_mixin.py:188} INFO - Downloaded AMZN/1770161765.json -> /tmp/minio_downloads/1770161765.json
[2026-02-03T23:51:39.736+0000] {logging_mixin.py:188} INFO - Downloaded AMZN/1770161766.json -> /tmp/minio_downloads/1770161766.json
[2026-02-03T23:51:39.741+0000] {logging_mixin.py:188} INFO - Downloaded AMZN/1770161767.json -> /tmp/minio_downloads/1770161767.json
[2026-02-03T23:51:39.746+0000] {logging_mixin.py:188} INFO - Downloaded AMZN/1770161768.json -> /tmp/minio_downloads/1770161768.json
[2026-02-03T23:51:39.750+0000] {logging_mixin.py:188} INFO - Downloaded AMZN/1770161769.json -> /tmp/minio_downloads/1770161769.json
[2026-02-03T23:51:39.755+0000] {logging_mixin.py:188} INFO - Downloaded AMZN/1770161770.json -> /tmp/minio_downloads/1770161770.json
[2026-02-03T23:51:39.760+0000] {logging_mixin.py:188} INFO - Downloaded AMZN/1770161771.json -> /tmp/minio_downloads/1770161771.json
[2026-02-03T23:51:39.765+0000] {logging_mixin.py:188} INFO - Downloaded AMZN/1770161772.json -> /tmp/minio_downloads/1770161772.json
[2026-02-03T23:51:39.770+0000] {logging_mixin.py:188} INFO - Downloaded AMZN/1770161773.json -> /tmp/minio_downloads/1770161773.json
[2026-02-03T23:51:39.774+0000] {logging_mixin.py:188} INFO - Downloaded AMZN/1770161774.json -> /tmp/minio_downloads/1770161774.json
[2026-02-03T23:51:39.779+0000] {logging_mixin.py:188} INFO - Downloaded AMZN/1770161775.json -> /tmp/minio_downloads/1770161775.json
[2026-02-03T23:51:39.783+0000] {logging_mixin.py:188} INFO - Downloaded AMZN/1770161776.json -> /tmp/minio_downloads/1770161776.json
[2026-02-03T23:51:39.788+0000] {logging_mixin.py:188} INFO - Downloaded AMZN/1770161777.json -> /tmp/minio_downloads/1770161777.json
[2026-02-03T23:51:39.793+0000] {logging_mixin.py:188} INFO - Downloaded AMZN/1770161778.json -> /tmp/minio_downloads/1770161778.json
[2026-02-03T23:51:39.798+0000] {logging_mixin.py:188} INFO - Downloaded AMZN/1770161779.json -> /tmp/minio_downloads/1770161779.json
[2026-02-03T23:51:39.803+0000] {logging_mixin.py:188} INFO - Downloaded AMZN/1770161780.json -> /tmp/minio_downloads/1770161780.json
[2026-02-03T23:51:39.808+0000] {logging_mixin.py:188} INFO - Downloaded AMZN/1770161781.json -> /tmp/minio_downloads/1770161781.json
[2026-02-03T23:51:39.812+0000] {logging_mixin.py:188} INFO - Downloaded AMZN/1770161782.json -> /tmp/minio_downloads/1770161782.json
[2026-02-03T23:51:39.817+0000] {logging_mixin.py:188} INFO - Downloaded AMZN/1770161783.json -> /tmp/minio_downloads/1770161783.json
[2026-02-03T23:51:39.823+0000] {logging_mixin.py:188} INFO - Downloaded AMZN/1770161784.json -> /tmp/minio_downloads/1770161784.json
[2026-02-03T23:51:39.827+0000] {logging_mixin.py:188} INFO - Downloaded AMZN/1770161785.json -> /tmp/minio_downloads/1770161785.json
[2026-02-03T23:51:39.832+0000] {logging_mixin.py:188} INFO - Downloaded AMZN/1770161786.json -> /tmp/minio_downloads/1770161786.json
[2026-02-03T23:51:39.837+0000] {logging_mixin.py:188} INFO - Downloaded AMZN/1770161787.json -> /tmp/minio_downloads/1770161787.json
[2026-02-03T23:51:39.841+0000] {logging_mixin.py:188} INFO - Downloaded AMZN/1770161788.json -> /tmp/minio_downloads/1770161788.json
[2026-02-03T23:51:39.846+0000] {logging_mixin.py:188} INFO - Downloaded AMZN/1770161789.json -> /tmp/minio_downloads/1770161789.json
[2026-02-03T23:51:39.850+0000] {logging_mixin.py:188} INFO - Downloaded AMZN/1770161790.json -> /tmp/minio_downloads/1770161790.json
[2026-02-03T23:51:39.855+0000] {logging_mixin.py:188} INFO - Downloaded AMZN/1770161791.json -> /tmp/minio_downloads/1770161791.json
[2026-02-03T23:51:39.860+0000] {logging_mixin.py:188} INFO - Downloaded AMZN/1770161792.json -> /tmp/minio_downloads/1770161792.json
[2026-02-03T23:51:39.864+0000] {logging_mixin.py:188} INFO - Downloaded AMZN/1770161793.json -> /tmp/minio_downloads/1770161793.json
[2026-02-03T23:51:39.869+0000] {logging_mixin.py:188} INFO - Downloaded AMZN/1770161794.json -> /tmp/minio_downloads/1770161794.json
[2026-02-03T23:51:39.874+0000] {logging_mixin.py:188} INFO - Downloaded AMZN/1770161795.json -> /tmp/minio_downloads/1770161795.json
[2026-02-03T23:51:39.879+0000] {logging_mixin.py:188} INFO - Downloaded AMZN/1770161796.json -> /tmp/minio_downloads/1770161796.json
[2026-02-03T23:51:39.883+0000] {logging_mixin.py:188} INFO - Downloaded GOOGL/1770161712.json -> /tmp/minio_downloads/1770161712.json
[2026-02-03T23:51:39.889+0000] {logging_mixin.py:188} INFO - Downloaded GOOGL/1770161713.json -> /tmp/minio_downloads/1770161713.json
[2026-02-03T23:51:39.893+0000] {logging_mixin.py:188} INFO - Downloaded GOOGL/1770161714.json -> /tmp/minio_downloads/1770161714.json
[2026-02-03T23:51:39.897+0000] {logging_mixin.py:188} INFO - Downloaded GOOGL/1770161715.json -> /tmp/minio_downloads/1770161715.json
[2026-02-03T23:51:39.902+0000] {logging_mixin.py:188} INFO - Downloaded GOOGL/1770161716.json -> /tmp/minio_downloads/1770161716.json
[2026-02-03T23:51:39.907+0000] {logging_mixin.py:188} INFO - Downloaded GOOGL/1770161717.json -> /tmp/minio_downloads/1770161717.json
[2026-02-03T23:51:39.911+0000] {logging_mixin.py:188} INFO - Downloaded GOOGL/1770161718.json -> /tmp/minio_downloads/1770161718.json
[2026-02-03T23:51:39.916+0000] {logging_mixin.py:188} INFO - Downloaded GOOGL/1770161719.json -> /tmp/minio_downloads/1770161719.json
[2026-02-03T23:51:39.921+0000] {logging_mixin.py:188} INFO - Downloaded GOOGL/1770161720.json -> /tmp/minio_downloads/1770161720.json
[2026-02-03T23:51:39.926+0000] {logging_mixin.py:188} INFO - Downloaded GOOGL/1770161721.json -> /tmp/minio_downloads/1770161721.json
[2026-02-03T23:51:39.932+0000] {logging_mixin.py:188} INFO - Downloaded GOOGL/1770161722.json -> /tmp/minio_downloads/1770161722.json
[2026-02-03T23:51:39.937+0000] {logging_mixin.py:188} INFO - Downloaded GOOGL/1770161723.json -> /tmp/minio_downloads/1770161723.json
[2026-02-03T23:51:39.942+0000] {logging_mixin.py:188} INFO - Downloaded GOOGL/1770161724.json -> /tmp/minio_downloads/1770161724.json
[2026-02-03T23:51:39.946+0000] {logging_mixin.py:188} INFO - Downloaded GOOGL/1770161725.json -> /tmp/minio_downloads/1770161725.json
[2026-02-03T23:51:39.951+0000] {logging_mixin.py:188} INFO - Downloaded GOOGL/1770161726.json -> /tmp/minio_downloads/1770161726.json
[2026-02-03T23:51:39.956+0000] {logging_mixin.py:188} INFO - Downloaded GOOGL/1770161727.json -> /tmp/minio_downloads/1770161727.json
[2026-02-03T23:51:39.960+0000] {logging_mixin.py:188} INFO - Downloaded GOOGL/1770161728.json -> /tmp/minio_downloads/1770161728.json
[2026-02-03T23:51:39.965+0000] {logging_mixin.py:188} INFO - Downloaded GOOGL/1770161729.json -> /tmp/minio_downloads/1770161729.json
[2026-02-03T23:51:39.969+0000] {logging_mixin.py:188} INFO - Downloaded GOOGL/1770161730.json -> /tmp/minio_downloads/1770161730.json
[2026-02-03T23:51:39.973+0000] {logging_mixin.py:188} INFO - Downloaded GOOGL/1770161731.json -> /tmp/minio_downloads/1770161731.json
[2026-02-03T23:51:39.979+0000] {logging_mixin.py:188} INFO - Downloaded GOOGL/1770161732.json -> /tmp/minio_downloads/1770161732.json
[2026-02-03T23:51:39.983+0000] {logging_mixin.py:188} INFO - Downloaded GOOGL/1770161733.json -> /tmp/minio_downloads/1770161733.json
[2026-02-03T23:51:39.988+0000] {logging_mixin.py:188} INFO - Downloaded GOOGL/1770161734.json -> /tmp/minio_downloads/1770161734.json
[2026-02-03T23:51:39.992+0000] {logging_mixin.py:188} INFO - Downloaded GOOGL/1770161735.json -> /tmp/minio_downloads/1770161735.json
[2026-02-03T23:51:39.998+0000] {logging_mixin.py:188} INFO - Downloaded GOOGL/1770161736.json -> /tmp/minio_downloads/1770161736.json
[2026-02-03T23:51:40.002+0000] {logging_mixin.py:188} INFO - Downloaded GOOGL/1770161737.json -> /tmp/minio_downloads/1770161737.json
[2026-02-03T23:51:40.007+0000] {logging_mixin.py:188} INFO - Downloaded GOOGL/1770161738.json -> /tmp/minio_downloads/1770161738.json
[2026-02-03T23:51:40.012+0000] {logging_mixin.py:188} INFO - Downloaded GOOGL/1770161739.json -> /tmp/minio_downloads/1770161739.json
[2026-02-03T23:51:40.016+0000] {logging_mixin.py:188} INFO - Downloaded GOOGL/1770161740.json -> /tmp/minio_downloads/1770161740.json
[2026-02-03T23:51:40.021+0000] {logging_mixin.py:188} INFO - Downloaded GOOGL/1770161741.json -> /tmp/minio_downloads/1770161741.json
[2026-02-03T23:51:40.026+0000] {logging_mixin.py:188} INFO - Downloaded GOOGL/1770161742.json -> /tmp/minio_downloads/1770161742.json
[2026-02-03T23:51:40.030+0000] {logging_mixin.py:188} INFO - Downloaded GOOGL/1770161743.json -> /tmp/minio_downloads/1770161743.json
[2026-02-03T23:51:40.035+0000] {logging_mixin.py:188} INFO - Downloaded GOOGL/1770161744.json -> /tmp/minio_downloads/1770161744.json
[2026-02-03T23:51:40.039+0000] {logging_mixin.py:188} INFO - Downloaded GOOGL/1770161745.json -> /tmp/minio_downloads/1770161745.json
[2026-02-03T23:51:40.044+0000] {logging_mixin.py:188} INFO - Downloaded GOOGL/1770161746.json -> /tmp/minio_downloads/1770161746.json
[2026-02-03T23:51:40.052+0000] {logging_mixin.py:188} INFO - Downloaded GOOGL/1770161747.json -> /tmp/minio_downloads/1770161747.json
[2026-02-03T23:51:40.059+0000] {logging_mixin.py:188} INFO - Downloaded GOOGL/1770161748.json -> /tmp/minio_downloads/1770161748.json
[2026-02-03T23:51:40.066+0000] {logging_mixin.py:188} INFO - Downloaded GOOGL/1770161749.json -> /tmp/minio_downloads/1770161749.json
[2026-02-03T23:51:40.072+0000] {logging_mixin.py:188} INFO - Downloaded GOOGL/1770161750.json -> /tmp/minio_downloads/1770161750.json
[2026-02-03T23:51:40.078+0000] {logging_mixin.py:188} INFO - Downloaded GOOGL/1770161751.json -> /tmp/minio_downloads/1770161751.json
[2026-02-03T23:51:40.083+0000] {logging_mixin.py:188} INFO - Downloaded GOOGL/1770161752.json -> /tmp/minio_downloads/1770161752.json
[2026-02-03T23:51:40.088+0000] {logging_mixin.py:188} INFO - Downloaded GOOGL/1770161753.json -> /tmp/minio_downloads/1770161753.json
[2026-02-03T23:51:40.094+0000] {logging_mixin.py:188} INFO - Downloaded GOOGL/1770161754.json -> /tmp/minio_downloads/1770161754.json
[2026-02-03T23:51:40.099+0000] {logging_mixin.py:188} INFO - Downloaded GOOGL/1770161755.json -> /tmp/minio_downloads/1770161755.json
[2026-02-03T23:51:40.104+0000] {logging_mixin.py:188} INFO - Downloaded GOOGL/1770161756.json -> /tmp/minio_downloads/1770161756.json
[2026-02-03T23:51:40.109+0000] {logging_mixin.py:188} INFO - Downloaded GOOGL/1770161757.json -> /tmp/minio_downloads/1770161757.json
[2026-02-03T23:51:40.114+0000] {logging_mixin.py:188} INFO - Downloaded GOOGL/1770161758.json -> /tmp/minio_downloads/1770161758.json
[2026-02-03T23:51:40.120+0000] {logging_mixin.py:188} INFO - Downloaded GOOGL/1770161759.json -> /tmp/minio_downloads/1770161759.json
[2026-02-03T23:51:40.126+0000] {logging_mixin.py:188} INFO - Downloaded GOOGL/1770161760.json -> /tmp/minio_downloads/1770161760.json
[2026-02-03T23:51:40.131+0000] {logging_mixin.py:188} INFO - Downloaded GOOGL/1770161761.json -> /tmp/minio_downloads/1770161761.json
[2026-02-03T23:51:40.137+0000] {logging_mixin.py:188} INFO - Downloaded GOOGL/1770161762.json -> /tmp/minio_downloads/1770161762.json
[2026-02-03T23:51:40.142+0000] {logging_mixin.py:188} INFO - Downloaded GOOGL/1770161763.json -> /tmp/minio_downloads/1770161763.json
[2026-02-03T23:51:40.147+0000] {logging_mixin.py:188} INFO - Downloaded GOOGL/1770161764.json -> /tmp/minio_downloads/1770161764.json
[2026-02-03T23:51:40.153+0000] {logging_mixin.py:188} INFO - Downloaded GOOGL/1770161765.json -> /tmp/minio_downloads/1770161765.json
[2026-02-03T23:51:40.159+0000] {logging_mixin.py:188} INFO - Downloaded GOOGL/1770161766.json -> /tmp/minio_downloads/1770161766.json
[2026-02-03T23:51:40.165+0000] {logging_mixin.py:188} INFO - Downloaded GOOGL/1770161767.json -> /tmp/minio_downloads/1770161767.json
[2026-02-03T23:51:40.172+0000] {logging_mixin.py:188} INFO - Downloaded GOOGL/1770161768.json -> /tmp/minio_downloads/1770161768.json
[2026-02-03T23:51:40.177+0000] {logging_mixin.py:188} INFO - Downloaded GOOGL/1770161769.json -> /tmp/minio_downloads/1770161769.json
[2026-02-03T23:51:40.184+0000] {logging_mixin.py:188} INFO - Downloaded GOOGL/1770161770.json -> /tmp/minio_downloads/1770161770.json
[2026-02-03T23:51:40.190+0000] {logging_mixin.py:188} INFO - Downloaded GOOGL/1770161771.json -> /tmp/minio_downloads/1770161771.json
[2026-02-03T23:51:40.195+0000] {logging_mixin.py:188} INFO - Downloaded GOOGL/1770161772.json -> /tmp/minio_downloads/1770161772.json
[2026-02-03T23:51:40.202+0000] {logging_mixin.py:188} INFO - Downloaded GOOGL/1770161773.json -> /tmp/minio_downloads/1770161773.json
[2026-02-03T23:51:40.210+0000] {logging_mixin.py:188} INFO - Downloaded GOOGL/1770161774.json -> /tmp/minio_downloads/1770161774.json
[2026-02-03T23:51:40.220+0000] {logging_mixin.py:188} INFO - Downloaded GOOGL/1770161775.json -> /tmp/minio_downloads/1770161775.json
[2026-02-03T23:51:40.230+0000] {logging_mixin.py:188} INFO - Downloaded GOOGL/1770161776.json -> /tmp/minio_downloads/1770161776.json
[2026-02-03T23:51:40.238+0000] {logging_mixin.py:188} INFO - Downloaded GOOGL/1770161777.json -> /tmp/minio_downloads/1770161777.json
[2026-02-03T23:51:40.246+0000] {logging_mixin.py:188} INFO - Downloaded GOOGL/1770161778.json -> /tmp/minio_downloads/1770161778.json
[2026-02-03T23:51:40.255+0000] {logging_mixin.py:188} INFO - Downloaded GOOGL/1770161779.json -> /tmp/minio_downloads/1770161779.json
[2026-02-03T23:51:40.264+0000] {logging_mixin.py:188} INFO - Downloaded GOOGL/1770161780.json -> /tmp/minio_downloads/1770161780.json
[2026-02-03T23:51:40.275+0000] {logging_mixin.py:188} INFO - Downloaded GOOGL/1770161781.json -> /tmp/minio_downloads/1770161781.json
[2026-02-03T23:51:40.288+0000] {logging_mixin.py:188} INFO - Downloaded GOOGL/1770161782.json -> /tmp/minio_downloads/1770161782.json
[2026-02-03T23:51:40.297+0000] {logging_mixin.py:188} INFO - Downloaded GOOGL/1770161783.json -> /tmp/minio_downloads/1770161783.json
[2026-02-03T23:51:40.307+0000] {logging_mixin.py:188} INFO - Downloaded GOOGL/1770161784.json -> /tmp/minio_downloads/1770161784.json
[2026-02-03T23:51:40.317+0000] {logging_mixin.py:188} INFO - Downloaded GOOGL/1770161785.json -> /tmp/minio_downloads/1770161785.json
[2026-02-03T23:51:40.324+0000] {logging_mixin.py:188} INFO - Downloaded GOOGL/1770161786.json -> /tmp/minio_downloads/1770161786.json
[2026-02-03T23:51:40.332+0000] {logging_mixin.py:188} INFO - Downloaded GOOGL/1770161787.json -> /tmp/minio_downloads/1770161787.json
[2026-02-03T23:51:40.342+0000] {logging_mixin.py:188} INFO - Downloaded GOOGL/1770161788.json -> /tmp/minio_downloads/1770161788.json
[2026-02-03T23:51:40.350+0000] {logging_mixin.py:188} INFO - Downloaded GOOGL/1770161789.json -> /tmp/minio_downloads/1770161789.json
[2026-02-03T23:51:40.357+0000] {logging_mixin.py:188} INFO - Downloaded GOOGL/1770161790.json -> /tmp/minio_downloads/1770161790.json
[2026-02-03T23:51:40.363+0000] {logging_mixin.py:188} INFO - Downloaded GOOGL/1770161791.json -> /tmp/minio_downloads/1770161791.json
[2026-02-03T23:51:40.371+0000] {logging_mixin.py:188} INFO - Downloaded GOOGL/1770161792.json -> /tmp/minio_downloads/1770161792.json
[2026-02-03T23:51:40.376+0000] {logging_mixin.py:188} INFO - Downloaded GOOGL/1770161793.json -> /tmp/minio_downloads/1770161793.json
[2026-02-03T23:51:40.382+0000] {logging_mixin.py:188} INFO - Downloaded GOOGL/1770161794.json -> /tmp/minio_downloads/1770161794.json
[2026-02-03T23:51:40.389+0000] {logging_mixin.py:188} INFO - Downloaded GOOGL/1770161795.json -> /tmp/minio_downloads/1770161795.json
[2026-02-03T23:51:40.396+0000] {logging_mixin.py:188} INFO - Downloaded GOOGL/1770161796.json -> /tmp/minio_downloads/1770161796.json
[2026-02-03T23:51:40.402+0000] {logging_mixin.py:188} INFO - Downloaded MSFT/1770161712.json -> /tmp/minio_downloads/1770161712.json
[2026-02-03T23:51:40.407+0000] {logging_mixin.py:188} INFO - Downloaded MSFT/1770161713.json -> /tmp/minio_downloads/1770161713.json
[2026-02-03T23:51:40.412+0000] {logging_mixin.py:188} INFO - Downloaded MSFT/1770161714.json -> /tmp/minio_downloads/1770161714.json
[2026-02-03T23:51:40.418+0000] {logging_mixin.py:188} INFO - Downloaded MSFT/1770161715.json -> /tmp/minio_downloads/1770161715.json
[2026-02-03T23:51:40.422+0000] {logging_mixin.py:188} INFO - Downloaded MSFT/1770161716.json -> /tmp/minio_downloads/1770161716.json
[2026-02-03T23:51:40.427+0000] {logging_mixin.py:188} INFO - Downloaded MSFT/1770161717.json -> /tmp/minio_downloads/1770161717.json
[2026-02-03T23:51:40.434+0000] {logging_mixin.py:188} INFO - Downloaded MSFT/1770161718.json -> /tmp/minio_downloads/1770161718.json
[2026-02-03T23:51:40.442+0000] {logging_mixin.py:188} INFO - Downloaded MSFT/1770161719.json -> /tmp/minio_downloads/1770161719.json
[2026-02-03T23:51:40.448+0000] {logging_mixin.py:188} INFO - Downloaded MSFT/1770161720.json -> /tmp/minio_downloads/1770161720.json
[2026-02-03T23:51:40.454+0000] {logging_mixin.py:188} INFO - Downloaded MSFT/1770161721.json -> /tmp/minio_downloads/1770161721.json
[2026-02-03T23:51:40.461+0000] {logging_mixin.py:188} INFO - Downloaded MSFT/1770161722.json -> /tmp/minio_downloads/1770161722.json
[2026-02-03T23:51:40.467+0000] {logging_mixin.py:188} INFO - Downloaded MSFT/1770161723.json -> /tmp/minio_downloads/1770161723.json
[2026-02-03T23:51:40.473+0000] {logging_mixin.py:188} INFO - Downloaded MSFT/1770161724.json -> /tmp/minio_downloads/1770161724.json
[2026-02-03T23:51:40.479+0000] {logging_mixin.py:188} INFO - Downloaded MSFT/1770161725.json -> /tmp/minio_downloads/1770161725.json
[2026-02-03T23:51:40.484+0000] {logging_mixin.py:188} INFO - Downloaded MSFT/1770161726.json -> /tmp/minio_downloads/1770161726.json
[2026-02-03T23:51:40.490+0000] {logging_mixin.py:188} INFO - Downloaded MSFT/1770161727.json -> /tmp/minio_downloads/1770161727.json
[2026-02-03T23:51:40.496+0000] {logging_mixin.py:188} INFO - Downloaded MSFT/1770161728.json -> /tmp/minio_downloads/1770161728.json
[2026-02-03T23:51:40.502+0000] {logging_mixin.py:188} INFO - Downloaded MSFT/1770161729.json -> /tmp/minio_downloads/1770161729.json
[2026-02-03T23:51:40.509+0000] {logging_mixin.py:188} INFO - Downloaded MSFT/1770161730.json -> /tmp/minio_downloads/1770161730.json
[2026-02-03T23:51:40.516+0000] {logging_mixin.py:188} INFO - Downloaded MSFT/1770161731.json -> /tmp/minio_downloads/1770161731.json
[2026-02-03T23:51:40.526+0000] {logging_mixin.py:188} INFO - Downloaded MSFT/1770161732.json -> /tmp/minio_downloads/1770161732.json
[2026-02-03T23:51:40.533+0000] {logging_mixin.py:188} INFO - Downloaded MSFT/1770161733.json -> /tmp/minio_downloads/1770161733.json
[2026-02-03T23:51:40.540+0000] {logging_mixin.py:188} INFO - Downloaded MSFT/1770161734.json -> /tmp/minio_downloads/1770161734.json
[2026-02-03T23:51:40.549+0000] {logging_mixin.py:188} INFO - Downloaded MSFT/1770161735.json -> /tmp/minio_downloads/1770161735.json
[2026-02-03T23:51:40.556+0000] {logging_mixin.py:188} INFO - Downloaded MSFT/1770161736.json -> /tmp/minio_downloads/1770161736.json
[2026-02-03T23:51:40.563+0000] {logging_mixin.py:188} INFO - Downloaded MSFT/1770161737.json -> /tmp/minio_downloads/1770161737.json
[2026-02-03T23:51:40.572+0000] {logging_mixin.py:188} INFO - Downloaded MSFT/1770161738.json -> /tmp/minio_downloads/1770161738.json
[2026-02-03T23:51:40.579+0000] {logging_mixin.py:188} INFO - Downloaded MSFT/1770161739.json -> /tmp/minio_downloads/1770161739.json
[2026-02-03T23:51:40.585+0000] {logging_mixin.py:188} INFO - Downloaded MSFT/1770161740.json -> /tmp/minio_downloads/1770161740.json
[2026-02-03T23:51:40.592+0000] {logging_mixin.py:188} INFO - Downloaded MSFT/1770161741.json -> /tmp/minio_downloads/1770161741.json
[2026-02-03T23:51:40.599+0000] {logging_mixin.py:188} INFO - Downloaded MSFT/1770161742.json -> /tmp/minio_downloads/1770161742.json
[2026-02-03T23:51:40.604+0000] {logging_mixin.py:188} INFO - Downloaded MSFT/1770161743.json -> /tmp/minio_downloads/1770161743.json
[2026-02-03T23:51:40.609+0000] {logging_mixin.py:188} INFO - Downloaded MSFT/1770161744.json -> /tmp/minio_downloads/1770161744.json
[2026-02-03T23:51:40.614+0000] {logging_mixin.py:188} INFO - Downloaded MSFT/1770161745.json -> /tmp/minio_downloads/1770161745.json
[2026-02-03T23:51:40.619+0000] {logging_mixin.py:188} INFO - Downloaded MSFT/1770161746.json -> /tmp/minio_downloads/1770161746.json
[2026-02-03T23:51:40.624+0000] {logging_mixin.py:188} INFO - Downloaded MSFT/1770161747.json -> /tmp/minio_downloads/1770161747.json
[2026-02-03T23:51:40.629+0000] {logging_mixin.py:188} INFO - Downloaded MSFT/1770161748.json -> /tmp/minio_downloads/1770161748.json
[2026-02-03T23:51:40.634+0000] {logging_mixin.py:188} INFO - Downloaded MSFT/1770161749.json -> /tmp/minio_downloads/1770161749.json
[2026-02-03T23:51:40.639+0000] {logging_mixin.py:188} INFO - Downloaded MSFT/1770161750.json -> /tmp/minio_downloads/1770161750.json
[2026-02-03T23:51:40.644+0000] {logging_mixin.py:188} INFO - Downloaded MSFT/1770161751.json -> /tmp/minio_downloads/1770161751.json
[2026-02-03T23:51:40.649+0000] {logging_mixin.py:188} INFO - Downloaded MSFT/1770161752.json -> /tmp/minio_downloads/1770161752.json
[2026-02-03T23:51:40.654+0000] {logging_mixin.py:188} INFO - Downloaded MSFT/1770161753.json -> /tmp/minio_downloads/1770161753.json
[2026-02-03T23:51:40.659+0000] {logging_mixin.py:188} INFO - Downloaded MSFT/1770161754.json -> /tmp/minio_downloads/1770161754.json
[2026-02-03T23:51:40.664+0000] {logging_mixin.py:188} INFO - Downloaded MSFT/1770161755.json -> /tmp/minio_downloads/1770161755.json
[2026-02-03T23:51:40.668+0000] {logging_mixin.py:188} INFO - Downloaded MSFT/1770161756.json -> /tmp/minio_downloads/1770161756.json
[2026-02-03T23:51:40.673+0000] {logging_mixin.py:188} INFO - Downloaded MSFT/1770161757.json -> /tmp/minio_downloads/1770161757.json
[2026-02-03T23:51:40.678+0000] {logging_mixin.py:188} INFO - Downloaded MSFT/1770161758.json -> /tmp/minio_downloads/1770161758.json
[2026-02-03T23:51:40.683+0000] {logging_mixin.py:188} INFO - Downloaded MSFT/1770161759.json -> /tmp/minio_downloads/1770161759.json
[2026-02-03T23:51:40.688+0000] {logging_mixin.py:188} INFO - Downloaded MSFT/1770161760.json -> /tmp/minio_downloads/1770161760.json
[2026-02-03T23:51:40.693+0000] {logging_mixin.py:188} INFO - Downloaded MSFT/1770161761.json -> /tmp/minio_downloads/1770161761.json
[2026-02-03T23:51:40.699+0000] {logging_mixin.py:188} INFO - Downloaded MSFT/1770161762.json -> /tmp/minio_downloads/1770161762.json
[2026-02-03T23:51:40.703+0000] {logging_mixin.py:188} INFO - Downloaded MSFT/1770161763.json -> /tmp/minio_downloads/1770161763.json
[2026-02-03T23:51:40.708+0000] {logging_mixin.py:188} INFO - Downloaded MSFT/1770161764.json -> /tmp/minio_downloads/1770161764.json
[2026-02-03T23:51:40.713+0000] {logging_mixin.py:188} INFO - Downloaded MSFT/1770161765.json -> /tmp/minio_downloads/1770161765.json
[2026-02-03T23:51:40.718+0000] {logging_mixin.py:188} INFO - Downloaded MSFT/1770161766.json -> /tmp/minio_downloads/1770161766.json
[2026-02-03T23:51:40.723+0000] {logging_mixin.py:188} INFO - Downloaded MSFT/1770161767.json -> /tmp/minio_downloads/1770161767.json
[2026-02-03T23:51:40.727+0000] {logging_mixin.py:188} INFO - Downloaded MSFT/1770161768.json -> /tmp/minio_downloads/1770161768.json
[2026-02-03T23:51:40.732+0000] {logging_mixin.py:188} INFO - Downloaded MSFT/1770161769.json -> /tmp/minio_downloads/1770161769.json
[2026-02-03T23:51:40.736+0000] {logging_mixin.py:188} INFO - Downloaded MSFT/1770161770.json -> /tmp/minio_downloads/1770161770.json
[2026-02-03T23:51:40.742+0000] {logging_mixin.py:188} INFO - Downloaded MSFT/1770161771.json -> /tmp/minio_downloads/1770161771.json
[2026-02-03T23:51:40.747+0000] {logging_mixin.py:188} INFO - Downloaded MSFT/1770161772.json -> /tmp/minio_downloads/1770161772.json
[2026-02-03T23:51:40.752+0000] {logging_mixin.py:188} INFO - Downloaded MSFT/1770161773.json -> /tmp/minio_downloads/1770161773.json
[2026-02-03T23:51:40.757+0000] {logging_mixin.py:188} INFO - Downloaded MSFT/1770161774.json -> /tmp/minio_downloads/1770161774.json
[2026-02-03T23:51:40.762+0000] {logging_mixin.py:188} INFO - Downloaded MSFT/1770161775.json -> /tmp/minio_downloads/1770161775.json
[2026-02-03T23:51:40.766+0000] {logging_mixin.py:188} INFO - Downloaded MSFT/1770161776.json -> /tmp/minio_downloads/1770161776.json
[2026-02-03T23:51:40.771+0000] {logging_mixin.py:188} INFO - Downloaded MSFT/1770161777.json -> /tmp/minio_downloads/1770161777.json
[2026-02-03T23:51:40.776+0000] {logging_mixin.py:188} INFO - Downloaded MSFT/1770161778.json -> /tmp/minio_downloads/1770161778.json
[2026-02-03T23:51:40.782+0000] {logging_mixin.py:188} INFO - Downloaded MSFT/1770161779.json -> /tmp/minio_downloads/1770161779.json
[2026-02-03T23:51:40.787+0000] {logging_mixin.py:188} INFO - Downloaded MSFT/1770161780.json -> /tmp/minio_downloads/1770161780.json
[2026-02-03T23:51:40.792+0000] {logging_mixin.py:188} INFO - Downloaded MSFT/1770161781.json -> /tmp/minio_downloads/1770161781.json
[2026-02-03T23:51:40.797+0000] {logging_mixin.py:188} INFO - Downloaded MSFT/1770161782.json -> /tmp/minio_downloads/1770161782.json
[2026-02-03T23:51:40.802+0000] {logging_mixin.py:188} INFO - Downloaded MSFT/1770161783.json -> /tmp/minio_downloads/1770161783.json
[2026-02-03T23:51:40.807+0000] {logging_mixin.py:188} INFO - Downloaded MSFT/1770161784.json -> /tmp/minio_downloads/1770161784.json
[2026-02-03T23:51:40.812+0000] {logging_mixin.py:188} INFO - Downloaded MSFT/1770161785.json -> /tmp/minio_downloads/1770161785.json
[2026-02-03T23:51:40.817+0000] {logging_mixin.py:188} INFO - Downloaded MSFT/1770161786.json -> /tmp/minio_downloads/1770161786.json
[2026-02-03T23:51:40.822+0000] {logging_mixin.py:188} INFO - Downloaded MSFT/1770161787.json -> /tmp/minio_downloads/1770161787.json
[2026-02-03T23:51:40.828+0000] {logging_mixin.py:188} INFO - Downloaded MSFT/1770161788.json -> /tmp/minio_downloads/1770161788.json
[2026-02-03T23:51:40.833+0000] {logging_mixin.py:188} INFO - Downloaded MSFT/1770161789.json -> /tmp/minio_downloads/1770161789.json
[2026-02-03T23:51:40.838+0000] {logging_mixin.py:188} INFO - Downloaded MSFT/1770161790.json -> /tmp/minio_downloads/1770161790.json
[2026-02-03T23:51:40.842+0000] {logging_mixin.py:188} INFO - Downloaded MSFT/1770161791.json -> /tmp/minio_downloads/1770161791.json
[2026-02-03T23:51:40.847+0000] {logging_mixin.py:188} INFO - Downloaded MSFT/1770161792.json -> /tmp/minio_downloads/1770161792.json
[2026-02-03T23:51:40.852+0000] {logging_mixin.py:188} INFO - Downloaded MSFT/1770161793.json -> /tmp/minio_downloads/1770161793.json
[2026-02-03T23:51:40.856+0000] {logging_mixin.py:188} INFO - Downloaded MSFT/1770161794.json -> /tmp/minio_downloads/1770161794.json
[2026-02-03T23:51:40.861+0000] {logging_mixin.py:188} INFO - Downloaded MSFT/1770161795.json -> /tmp/minio_downloads/1770161795.json
[2026-02-03T23:51:40.867+0000] {logging_mixin.py:188} INFO - Downloaded MSFT/1770161796.json -> /tmp/minio_downloads/1770161796.json
[2026-02-03T23:51:40.871+0000] {logging_mixin.py:188} INFO - Downloaded TSLA/1770161712.json -> /tmp/minio_downloads/1770161712.json
[2026-02-03T23:51:40.876+0000] {logging_mixin.py:188} INFO - Downloaded TSLA/1770161713.json -> /tmp/minio_downloads/1770161713.json
[2026-02-03T23:51:40.880+0000] {logging_mixin.py:188} INFO - Downloaded TSLA/1770161714.json -> /tmp/minio_downloads/1770161714.json
[2026-02-03T23:51:40.886+0000] {logging_mixin.py:188} INFO - Downloaded TSLA/1770161715.json -> /tmp/minio_downloads/1770161715.json
[2026-02-03T23:51:40.890+0000] {logging_mixin.py:188} INFO - Downloaded TSLA/1770161716.json -> /tmp/minio_downloads/1770161716.json
[2026-02-03T23:51:40.896+0000] {logging_mixin.py:188} INFO - Downloaded TSLA/1770161717.json -> /tmp/minio_downloads/1770161717.json
[2026-02-03T23:51:40.902+0000] {logging_mixin.py:188} INFO - Downloaded TSLA/1770161718.json -> /tmp/minio_downloads/1770161718.json
[2026-02-03T23:51:40.906+0000] {logging_mixin.py:188} INFO - Downloaded TSLA/1770161719.json -> /tmp/minio_downloads/1770161719.json
[2026-02-03T23:51:40.913+0000] {logging_mixin.py:188} INFO - Downloaded TSLA/1770161720.json -> /tmp/minio_downloads/1770161720.json
[2026-02-03T23:51:40.918+0000] {logging_mixin.py:188} INFO - Downloaded TSLA/1770161721.json -> /tmp/minio_downloads/1770161721.json
[2026-02-03T23:51:40.922+0000] {logging_mixin.py:188} INFO - Downloaded TSLA/1770161722.json -> /tmp/minio_downloads/1770161722.json
[2026-02-03T23:51:40.927+0000] {logging_mixin.py:188} INFO - Downloaded TSLA/1770161723.json -> /tmp/minio_downloads/1770161723.json
[2026-02-03T23:51:40.931+0000] {logging_mixin.py:188} INFO - Downloaded TSLA/1770161724.json -> /tmp/minio_downloads/1770161724.json
[2026-02-03T23:51:40.936+0000] {logging_mixin.py:188} INFO - Downloaded TSLA/1770161725.json -> /tmp/minio_downloads/1770161725.json
[2026-02-03T23:51:40.941+0000] {logging_mixin.py:188} INFO - Downloaded TSLA/1770161726.json -> /tmp/minio_downloads/1770161726.json
[2026-02-03T23:51:40.947+0000] {logging_mixin.py:188} INFO - Downloaded TSLA/1770161727.json -> /tmp/minio_downloads/1770161727.json
[2026-02-03T23:51:40.952+0000] {logging_mixin.py:188} INFO - Downloaded TSLA/1770161728.json -> /tmp/minio_downloads/1770161728.json
[2026-02-03T23:51:40.958+0000] {logging_mixin.py:188} INFO - Downloaded TSLA/1770161729.json -> /tmp/minio_downloads/1770161729.json
[2026-02-03T23:51:40.963+0000] {logging_mixin.py:188} INFO - Downloaded TSLA/1770161730.json -> /tmp/minio_downloads/1770161730.json
[2026-02-03T23:51:40.968+0000] {logging_mixin.py:188} INFO - Downloaded TSLA/1770161731.json -> /tmp/minio_downloads/1770161731.json
[2026-02-03T23:51:40.973+0000] {logging_mixin.py:188} INFO - Downloaded TSLA/1770161732.json -> /tmp/minio_downloads/1770161732.json
[2026-02-03T23:51:40.977+0000] {logging_mixin.py:188} INFO - Downloaded TSLA/1770161733.json -> /tmp/minio_downloads/1770161733.json
[2026-02-03T23:51:40.983+0000] {logging_mixin.py:188} INFO - Downloaded TSLA/1770161734.json -> /tmp/minio_downloads/1770161734.json
[2026-02-03T23:51:40.988+0000] {logging_mixin.py:188} INFO - Downloaded TSLA/1770161735.json -> /tmp/minio_downloads/1770161735.json
[2026-02-03T23:51:40.993+0000] {logging_mixin.py:188} INFO - Downloaded TSLA/1770161736.json -> /tmp/minio_downloads/1770161736.json
[2026-02-03T23:51:40.998+0000] {logging_mixin.py:188} INFO - Downloaded TSLA/1770161737.json -> /tmp/minio_downloads/1770161737.json
[2026-02-03T23:51:41.003+0000] {logging_mixin.py:188} INFO - Downloaded TSLA/1770161738.json -> /tmp/minio_downloads/1770161738.json
[2026-02-03T23:51:41.008+0000] {logging_mixin.py:188} INFO - Downloaded TSLA/1770161739.json -> /tmp/minio_downloads/1770161739.json
[2026-02-03T23:51:41.013+0000] {logging_mixin.py:188} INFO - Downloaded TSLA/1770161740.json -> /tmp/minio_downloads/1770161740.json
[2026-02-03T23:51:41.018+0000] {logging_mixin.py:188} INFO - Downloaded TSLA/1770161741.json -> /tmp/minio_downloads/1770161741.json
[2026-02-03T23:51:41.023+0000] {logging_mixin.py:188} INFO - Downloaded TSLA/1770161742.json -> /tmp/minio_downloads/1770161742.json
[2026-02-03T23:51:41.028+0000] {logging_mixin.py:188} INFO - Downloaded TSLA/1770161743.json -> /tmp/minio_downloads/1770161743.json
[2026-02-03T23:51:41.032+0000] {logging_mixin.py:188} INFO - Downloaded TSLA/1770161744.json -> /tmp/minio_downloads/1770161744.json
[2026-02-03T23:51:41.038+0000] {logging_mixin.py:188} INFO - Downloaded TSLA/1770161745.json -> /tmp/minio_downloads/1770161745.json
[2026-02-03T23:51:41.043+0000] {logging_mixin.py:188} INFO - Downloaded TSLA/1770161746.json -> /tmp/minio_downloads/1770161746.json
[2026-02-03T23:51:41.048+0000] {logging_mixin.py:188} INFO - Downloaded TSLA/1770161747.json -> /tmp/minio_downloads/1770161747.json
[2026-02-03T23:51:41.053+0000] {logging_mixin.py:188} INFO - Downloaded TSLA/1770161748.json -> /tmp/minio_downloads/1770161748.json
[2026-02-03T23:51:41.058+0000] {logging_mixin.py:188} INFO - Downloaded TSLA/1770161749.json -> /tmp/minio_downloads/1770161749.json
[2026-02-03T23:51:41.063+0000] {logging_mixin.py:188} INFO - Downloaded TSLA/1770161750.json -> /tmp/minio_downloads/1770161750.json
[2026-02-03T23:51:41.068+0000] {logging_mixin.py:188} INFO - Downloaded TSLA/1770161751.json -> /tmp/minio_downloads/1770161751.json
[2026-02-03T23:51:41.074+0000] {logging_mixin.py:188} INFO - Downloaded TSLA/1770161752.json -> /tmp/minio_downloads/1770161752.json
[2026-02-03T23:51:41.079+0000] {logging_mixin.py:188} INFO - Downloaded TSLA/1770161753.json -> /tmp/minio_downloads/1770161753.json
[2026-02-03T23:51:41.086+0000] {logging_mixin.py:188} INFO - Downloaded TSLA/1770161754.json -> /tmp/minio_downloads/1770161754.json
[2026-02-03T23:51:41.094+0000] {logging_mixin.py:188} INFO - Downloaded TSLA/1770161755.json -> /tmp/minio_downloads/1770161755.json
[2026-02-03T23:51:41.101+0000] {logging_mixin.py:188} INFO - Downloaded TSLA/1770161756.json -> /tmp/minio_downloads/1770161756.json
[2026-02-03T23:51:41.108+0000] {logging_mixin.py:188} INFO - Downloaded TSLA/1770161757.json -> /tmp/minio_downloads/1770161757.json
[2026-02-03T23:51:41.115+0000] {logging_mixin.py:188} INFO - Downloaded TSLA/1770161758.json -> /tmp/minio_downloads/1770161758.json
[2026-02-03T23:51:41.123+0000] {logging_mixin.py:188} INFO - Downloaded TSLA/1770161759.json -> /tmp/minio_downloads/1770161759.json
[2026-02-03T23:51:41.128+0000] {logging_mixin.py:188} INFO - Downloaded TSLA/1770161760.json -> /tmp/minio_downloads/1770161760.json
[2026-02-03T23:51:41.134+0000] {logging_mixin.py:188} INFO - Downloaded TSLA/1770161761.json -> /tmp/minio_downloads/1770161761.json
[2026-02-03T23:51:41.139+0000] {logging_mixin.py:188} INFO - Downloaded TSLA/1770161762.json -> /tmp/minio_downloads/1770161762.json
[2026-02-03T23:51:41.144+0000] {logging_mixin.py:188} INFO - Downloaded TSLA/1770161763.json -> /tmp/minio_downloads/1770161763.json
[2026-02-03T23:51:41.148+0000] {logging_mixin.py:188} INFO - Downloaded TSLA/1770161764.json -> /tmp/minio_downloads/1770161764.json
[2026-02-03T23:51:41.153+0000] {logging_mixin.py:188} INFO - Downloaded TSLA/1770161765.json -> /tmp/minio_downloads/1770161765.json
[2026-02-03T23:51:41.158+0000] {logging_mixin.py:188} INFO - Downloaded TSLA/1770161766.json -> /tmp/minio_downloads/1770161766.json
[2026-02-03T23:51:41.163+0000] {logging_mixin.py:188} INFO - Downloaded TSLA/1770161767.json -> /tmp/minio_downloads/1770161767.json
[2026-02-03T23:51:41.167+0000] {logging_mixin.py:188} INFO - Downloaded TSLA/1770161768.json -> /tmp/minio_downloads/1770161768.json
[2026-02-03T23:51:41.172+0000] {logging_mixin.py:188} INFO - Downloaded TSLA/1770161769.json -> /tmp/minio_downloads/1770161769.json
[2026-02-03T23:51:41.176+0000] {logging_mixin.py:188} INFO - Downloaded TSLA/1770161770.json -> /tmp/minio_downloads/1770161770.json
[2026-02-03T23:51:41.181+0000] {logging_mixin.py:188} INFO - Downloaded TSLA/1770161771.json -> /tmp/minio_downloads/1770161771.json
[2026-02-03T23:51:41.186+0000] {logging_mixin.py:188} INFO - Downloaded TSLA/1770161772.json -> /tmp/minio_downloads/1770161772.json
[2026-02-03T23:51:41.191+0000] {logging_mixin.py:188} INFO - Downloaded TSLA/1770161773.json -> /tmp/minio_downloads/1770161773.json
[2026-02-03T23:51:41.196+0000] {logging_mixin.py:188} INFO - Downloaded TSLA/1770161774.json -> /tmp/minio_downloads/1770161774.json
[2026-02-03T23:51:41.200+0000] {logging_mixin.py:188} INFO - Downloaded TSLA/1770161775.json -> /tmp/minio_downloads/1770161775.json
[2026-02-03T23:51:41.204+0000] {logging_mixin.py:188} INFO - Downloaded TSLA/1770161776.json -> /tmp/minio_downloads/1770161776.json
[2026-02-03T23:51:41.209+0000] {logging_mixin.py:188} INFO - Downloaded TSLA/1770161777.json -> /tmp/minio_downloads/1770161777.json
[2026-02-03T23:51:41.214+0000] {logging_mixin.py:188} INFO - Downloaded TSLA/1770161778.json -> /tmp/minio_downloads/1770161778.json
[2026-02-03T23:51:41.218+0000] {logging_mixin.py:188} INFO - Downloaded TSLA/1770161779.json -> /tmp/minio_downloads/1770161779.json
[2026-02-03T23:51:41.224+0000] {logging_mixin.py:188} INFO - Downloaded TSLA/1770161780.json -> /tmp/minio_downloads/1770161780.json
[2026-02-03T23:51:41.230+0000] {logging_mixin.py:188} INFO - Downloaded TSLA/1770161781.json -> /tmp/minio_downloads/1770161781.json
[2026-02-03T23:51:41.235+0000] {logging_mixin.py:188} INFO - Downloaded TSLA/1770161782.json -> /tmp/minio_downloads/1770161782.json
[2026-02-03T23:51:41.240+0000] {logging_mixin.py:188} INFO - Downloaded TSLA/1770161783.json -> /tmp/minio_downloads/1770161783.json
[2026-02-03T23:51:41.245+0000] {logging_mixin.py:188} INFO - Downloaded TSLA/1770161784.json -> /tmp/minio_downloads/1770161784.json
[2026-02-03T23:51:41.249+0000] {logging_mixin.py:188} INFO - Downloaded TSLA/1770161785.json -> /tmp/minio_downloads/1770161785.json
[2026-02-03T23:51:41.253+0000] {logging_mixin.py:188} INFO - Downloaded TSLA/1770161786.json -> /tmp/minio_downloads/1770161786.json
[2026-02-03T23:51:41.257+0000] {logging_mixin.py:188} INFO - Downloaded TSLA/1770161787.json -> /tmp/minio_downloads/1770161787.json
[2026-02-03T23:51:41.262+0000] {logging_mixin.py:188} INFO - Downloaded TSLA/1770161788.json -> /tmp/minio_downloads/1770161788.json
[2026-02-03T23:51:41.267+0000] {logging_mixin.py:188} INFO - Downloaded TSLA/1770161789.json -> /tmp/minio_downloads/1770161789.json
[2026-02-03T23:51:41.272+0000] {logging_mixin.py:188} INFO - Downloaded TSLA/1770161790.json -> /tmp/minio_downloads/1770161790.json
[2026-02-03T23:51:41.278+0000] {logging_mixin.py:188} INFO - Downloaded TSLA/1770161791.json -> /tmp/minio_downloads/1770161791.json
[2026-02-03T23:51:41.283+0000] {logging_mixin.py:188} INFO - Downloaded TSLA/1770161792.json -> /tmp/minio_downloads/1770161792.json
[2026-02-03T23:51:41.288+0000] {logging_mixin.py:188} INFO - Downloaded TSLA/1770161793.json -> /tmp/minio_downloads/1770161793.json
[2026-02-03T23:51:41.293+0000] {logging_mixin.py:188} INFO - Downloaded TSLA/1770161794.json -> /tmp/minio_downloads/1770161794.json
[2026-02-03T23:51:41.297+0000] {logging_mixin.py:188} INFO - Downloaded TSLA/1770161795.json -> /tmp/minio_downloads/1770161795.json
[2026-02-03T23:51:41.302+0000] {logging_mixin.py:188} INFO - Downloaded TSLA/1770161796.json -> /tmp/minio_downloads/1770161796.json
[2026-02-03T23:51:41.303+0000] {python.py:237} INFO - Done. Returned value was: ['/tmp/minio_downloads/1770161712.json', '/tmp/minio_downloads/1770161713.json', '/tmp/minio_downloads/1770161714.json', '/tmp/minio_downloads/1770161715.json', '/tmp/minio_downloads/1770161716.json', '/tmp/minio_downloads/1770161717.json', '/tmp/minio_downloads/1770161718.json', '/tmp/minio_downloads/1770161719.json', '/tmp/minio_downloads/1770161720.json', '/tmp/minio_downloads/1770161721.json', '/tmp/minio_downloads/1770161722.json', '/tmp/minio_downloads/1770161723.json', '/tmp/minio_downloads/1770161724.json', '/tmp/minio_downloads/1770161725.json', '/tmp/minio_downloads/1770161726.json', '/tmp/minio_downloads/1770161727.json', '/tmp/minio_downloads/1770161728.json', '/tmp/minio_downloads/1770161729.json', '/tmp/minio_downloads/1770161730.json', '/tmp/minio_downloads/1770161731.json', '/tmp/minio_downloads/1770161732.json', '/tmp/minio_downloads/1770161733.json', '/tmp/minio_downloads/1770161734.json', '/tmp/minio_downloads/1770161735.json', '/tmp/minio_downloads/1770161736.json', '/tmp/minio_downloads/1770161737.json', '/tmp/minio_downloads/1770161738.json', '/tmp/minio_downloads/1770161739.json', '/tmp/minio_downloads/1770161740.json', '/tmp/minio_downloads/1770161741.json', '/tmp/minio_downloads/1770161742.json', '/tmp/minio_downloads/1770161743.json', '/tmp/minio_downloads/1770161744.json', '/tmp/minio_downloads/1770161745.json', '/tmp/minio_downloads/1770161746.json', '/tmp/minio_downloads/1770161747.json', '/tmp/minio_downloads/1770161748.json', '/tmp/minio_downloads/1770161749.json', '/tmp/minio_downloads/1770161750.json', '/tmp/minio_downloads/1770161751.json', '/tmp/minio_downloads/1770161752.json', '/tmp/minio_downloads/1770161753.json', '/tmp/minio_downloads/1770161754.json', '/tmp/minio_downloads/1770161755.json', '/tmp/minio_downloads/1770161756.json', '/tmp/minio_downloads/1770161757.json', '/tmp/minio_downloads/1770161758.json', '/tmp/minio_downloads/1770161759.json', '/tmp/minio_downloads/1770161760.json', '/tmp/minio_downloads/1770161761.json', '/tmp/minio_downloads/1770161762.json', '/tmp/minio_downloads/1770161763.json', '/tmp/minio_downloads/1770161764.json', '/tmp/minio_downloads/1770161765.json', '/tmp/minio_downloads/1770161766.json', '/tmp/minio_downloads/1770161767.json', '/tmp/minio_downloads/1770161768.json', '/tmp/minio_downloads/1770161769.json', '/tmp/minio_downloads/1770161770.json', '/tmp/minio_downloads/1770161771.json', '/tmp/minio_downloads/1770161772.json', '/tmp/minio_downloads/1770161773.json', '/tmp/minio_downloads/1770161774.json', '/tmp/minio_downloads/1770161775.json', '/tmp/minio_downloads/1770161776.json', '/tmp/minio_downloads/1770161777.json', '/tmp/minio_downloads/1770161778.json', '/tmp/minio_downloads/1770161779.json', '/tmp/minio_downloads/1770161780.json', '/tmp/minio_downloads/1770161781.json', '/tmp/minio_downloads/1770161782.json', '/tmp/minio_downloads/1770161783.json', '/tmp/minio_downloads/1770161784.json', '/tmp/minio_downloads/1770161785.json', '/tmp/minio_downloads/1770161786.json', '/tmp/minio_downloads/1770161787.json', '/tmp/minio_downloads/1770161788.json', '/tmp/minio_downloads/1770161789.json', '/tmp/minio_downloads/1770161790.json', '/tmp/minio_downloads/1770161791.json', '/tmp/minio_downloads/1770161792.json', '/tmp/minio_downloads/1770161793.json', '/tmp/minio_downloads/1770161794.json', '/tmp/minio_downloads/1770161795.json', '/tmp/minio_downloads/1770161796.json', '/tmp/minio_downloads/1770161712.json', '/tmp/minio_downloads/1770161713.json', '/tmp/minio_downloads/1770161714.json', '/tmp/minio_downloads/1770161715.json', '/tmp/minio_downloads/1770161716.json', '/tmp/minio_downloads/1770161717.json', '/tmp/minio_downloads/1770161718.json', '/tmp/minio_downloads/1770161719.json', '/tmp/minio_downloads/1770161720.json', '/tmp/minio_downloads/1770161721.json', '/tmp/minio_downloads/1770161722.json', '/tmp/minio_downloads/1770161723.json', '/tmp/minio_downloads/1770161724.json', '/tmp/minio_downloads/1770161725.json', '/tmp/minio_downloads/1770161726.json', '/tmp/minio_downloads/1770161727.json', '/tmp/minio_downloads/1770161728.json', '/tmp/minio_downloads/1770161729.json', '/tmp/minio_downloads/1770161730.json', '/tmp/minio_downloads/1770161731.json', '/tmp/minio_downloads/1770161732.json', '/tmp/minio_downloads/1770161733.json', '/tmp/minio_downloads/1770161734.json', '/tmp/minio_downloads/1770161735.json', '/tmp/minio_downloads/1770161736.json', '/tmp/minio_downloads/1770161737.json', '/tmp/minio_downloads/1770161738.json', '/tmp/minio_downloads/1770161739.json', '/tmp/minio_downloads/1770161740.json', '/tmp/minio_downloads/1770161741.json', '/tmp/minio_downloads/1770161742.json', '/tmp/minio_downloads/1770161743.json', '/tmp/minio_downloads/1770161744.json', '/tmp/minio_downloads/1770161745.json', '/tmp/minio_downloads/1770161746.json', '/tmp/minio_downloads/1770161747.json', '/tmp/minio_downloads/1770161748.json', '/tmp/minio_downloads/1770161749.json', '/tmp/minio_downloads/1770161750.json', '/tmp/minio_downloads/1770161751.json', '/tmp/minio_downloads/1770161752.json', '/tmp/minio_downloads/1770161753.json', '/tmp/minio_downloads/1770161754.json', '/tmp/minio_downloads/1770161755.json', '/tmp/minio_downloads/1770161756.json', '/tmp/minio_downloads/1770161757.json', '/tmp/minio_downloads/1770161758.json', '/tmp/minio_downloads/1770161759.json', '/tmp/minio_downloads/1770161760.json', '/tmp/minio_downloads/1770161761.json', '/tmp/minio_downloads/1770161762.json', '/tmp/minio_downloads/1770161763.json', '/tmp/minio_downloads/1770161764.json', '/tmp/minio_downloads/1770161765.json', '/tmp/minio_downloads/1770161766.json', '/tmp/minio_downloads/1770161767.json', '/tmp/minio_downloads/1770161768.json', '/tmp/minio_downloads/1770161769.json', '/tmp/minio_downloads/1770161770.json', '/tmp/minio_downloads/1770161771.json', '/tmp/minio_downloads/1770161772.json', '/tmp/minio_downloads/1770161773.json', '/tmp/minio_downloads/1770161774.json', '/tmp/minio_downloads/1770161775.json', '/tmp/minio_downloads/1770161776.json', '/tmp/minio_downloads/1770161777.json', '/tmp/minio_downloads/1770161778.json', '/tmp/minio_downloads/1770161779.json', '/tmp/minio_downloads/1770161780.json', '/tmp/minio_downloads/1770161781.json', '/tmp/minio_downloads/1770161782.json', '/tmp/minio_downloads/1770161783.json', '/tmp/minio_downloads/1770161784.json', '/tmp/minio_downloads/1770161785.json', '/tmp/minio_downloads/1770161786.json', '/tmp/minio_downloads/1770161787.json', '/tmp/minio_downloads/1770161788.json', '/tmp/minio_downloads/1770161789.json', '/tmp/minio_downloads/1770161790.json', '/tmp/minio_downloads/1770161791.json', '/tmp/minio_downloads/1770161792.json', '/tmp/minio_downloads/1770161793.json', '/tmp/minio_downloads/1770161794.json', '/tmp/minio_downloads/1770161795.json', '/tmp/minio_downloads/1770161796.json', '/tmp/minio_downloads/1770161712.json', '/tmp/minio_downloads/1770161713.json', '/tmp/minio_downloads/1770161714.json', '/tmp/minio_downloads/1770161715.json', '/tmp/minio_downloads/1770161716.json', '/tmp/minio_downloads/1770161717.json', '/tmp/minio_downloads/1770161718.json', '/tmp/minio_downloads/1770161719.json', '/tmp/minio_downloads/1770161720.json', '/tmp/minio_downloads/1770161721.json', '/tmp/minio_downloads/1770161722.json', '/tmp/minio_downloads/1770161723.json', '/tmp/minio_downloads/1770161724.json', '/tmp/minio_downloads/1770161725.json', '/tmp/minio_downloads/1770161726.json', '/tmp/minio_downloads/1770161727.json', '/tmp/minio_downloads/1770161728.json', '/tmp/minio_downloads/1770161729.json', '/tmp/minio_downloads/1770161730.json', '/tmp/minio_downloads/1770161731.json', '/tmp/minio_downloads/1770161732.json', '/tmp/minio_downloads/1770161733.json', '/tmp/minio_downloads/1770161734.json', '/tmp/minio_downloads/1770161735.json', '/tmp/minio_downloads/1770161736.json', '/tmp/minio_downloads/1770161737.json', '/tmp/minio_downloads/1770161738.json', '/tmp/minio_downloads/1770161739.json', '/tmp/minio_downloads/1770161740.json', '/tmp/minio_downloads/1770161741.json', '/tmp/minio_downloads/1770161742.json', '/tmp/minio_downloads/1770161743.json', '/tmp/minio_downloads/1770161744.json', '/tmp/minio_downloads/1770161745.json', '/tmp/minio_downloads/1770161746.json', '/tmp/minio_downloads/1770161747.json', '/tmp/minio_downloads/1770161748.json', '/tmp/minio_downloads/1770161749.json', '/tmp/minio_downloads/1770161750.json', '/tmp/minio_downloads/1770161751.json', '/tmp/minio_downloads/1770161752.json', '/tmp/minio_downloads/1770161753.json', '/tmp/minio_downloads/1770161754.json', '/tmp/minio_downloads/1770161755.json', '/tmp/minio_downloads/1770161756.json', '/tmp/minio_downloads/1770161757.json', '/tmp/minio_downloads/1770161758.json', '/tmp/minio_downloads/1770161759.json', '/tmp/minio_downloads/1770161760.json', '/tmp/minio_downloads/1770161761.json', '/tmp/minio_downloads/1770161762.json', '/tmp/minio_downloads/1770161763.json', '/tmp/minio_downloads/1770161764.json', '/tmp/minio_downloads/1770161765.json', '/tmp/minio_downloads/1770161766.json', '/tmp/minio_downloads/1770161767.json', '/tmp/minio_downloads/1770161768.json', '/tmp/minio_downloads/1770161769.json', '/tmp/minio_downloads/1770161770.json', '/tmp/minio_downloads/1770161771.json', '/tmp/minio_downloads/1770161772.json', '/tmp/minio_downloads/1770161773.json', '/tmp/minio_downloads/1770161774.json', '/tmp/minio_downloads/1770161775.json', '/tmp/minio_downloads/1770161776.json', '/tmp/minio_downloads/1770161777.json', '/tmp/minio_downloads/1770161778.json', '/tmp/minio_downloads/1770161779.json', '/tmp/minio_downloads/1770161780.json', '/tmp/minio_downloads/1770161781.json', '/tmp/minio_downloads/1770161782.json', '/tmp/minio_downloads/1770161783.json', '/tmp/minio_downloads/1770161784.json', '/tmp/minio_downloads/1770161785.json', '/tmp/minio_downloads/1770161786.json', '/tmp/minio_downloads/1770161787.json', '/tmp/minio_downloads/1770161788.json', '/tmp/minio_downloads/1770161789.json', '/tmp/minio_downloads/1770161790.json', '/tmp/minio_downloads/1770161791.json', '/tmp/minio_downloads/1770161792.json', '/tmp/minio_downloads/1770161793.json', '/tmp/minio_downloads/1770161794.json', '/tmp/minio_downloads/1770161795.json', '/tmp/minio_downloads/1770161796.json', '/tmp/minio_downloads/1770161712.json', '/tmp/minio_downloads/1770161713.json', '/tmp/minio_downloads/1770161714.json', '/tmp/minio_downloads/1770161715.json', '/tmp/minio_downloads/1770161716.json', '/tmp/minio_downloads/1770161717.json', '/tmp/minio_downloads/1770161718.json', '/tmp/minio_downloads/1770161719.json', '/tmp/minio_downloads/1770161720.json', '/tmp/minio_downloads/1770161721.json', '/tmp/minio_downloads/1770161722.json', '/tmp/minio_downloads/1770161723.json', '/tmp/minio_downloads/1770161724.json', '/tmp/minio_downloads/1770161725.json', '/tmp/minio_downloads/1770161726.json', '/tmp/minio_downloads/1770161727.json', '/tmp/minio_downloads/1770161728.json', '/tmp/minio_downloads/1770161729.json', '/tmp/minio_downloads/1770161730.json', '/tmp/minio_downloads/1770161731.json', '/tmp/minio_downloads/1770161732.json', '/tmp/minio_downloads/1770161733.json', '/tmp/minio_downloads/1770161734.json', '/tmp/minio_downloads/1770161735.json', '/tmp/minio_downloads/1770161736.json', '/tmp/minio_downloads/1770161737.json', '/tmp/minio_downloads/1770161738.json', '/tmp/minio_downloads/1770161739.json', '/tmp/minio_downloads/1770161740.json', '/tmp/minio_downloads/1770161741.json', '/tmp/minio_downloads/1770161742.json', '/tmp/minio_downloads/1770161743.json', '/tmp/minio_downloads/1770161744.json', '/tmp/minio_downloads/1770161745.json', '/tmp/minio_downloads/1770161746.json', '/tmp/minio_downloads/1770161747.json', '/tmp/minio_downloads/1770161748.json', '/tmp/minio_downloads/1770161749.json', '/tmp/minio_downloads/1770161750.json', '/tmp/minio_downloads/1770161751.json', '/tmp/minio_downloads/1770161752.json', '/tmp/minio_downloads/1770161753.json', '/tmp/minio_downloads/1770161754.json', '/tmp/minio_downloads/1770161755.json', '/tmp/minio_downloads/1770161756.json', '/tmp/minio_downloads/1770161757.json', '/tmp/minio_downloads/1770161758.json', '/tmp/minio_downloads/1770161759.json', '/tmp/minio_downloads/1770161760.json', '/tmp/minio_downloads/1770161761.json', '/tmp/minio_downloads/1770161762.json', '/tmp/minio_downloads/1770161763.json', '/tmp/minio_downloads/1770161764.json', '/tmp/minio_downloads/1770161765.json', '/tmp/minio_downloads/1770161766.json', '/tmp/minio_downloads/1770161767.json', '/tmp/minio_downloads/1770161768.json', '/tmp/minio_downloads/1770161769.json', '/tmp/minio_downloads/1770161770.json', '/tmp/minio_downloads/1770161771.json', '/tmp/minio_downloads/1770161772.json', '/tmp/minio_downloads/1770161773.json', '/tmp/minio_downloads/1770161774.json', '/tmp/minio_downloads/1770161775.json', '/tmp/minio_downloads/1770161776.json', '/tmp/minio_downloads/1770161777.json', '/tmp/minio_downloads/1770161778.json', '/tmp/minio_downloads/1770161779.json', '/tmp/minio_downloads/1770161780.json', '/tmp/minio_downloads/1770161781.json', '/tmp/minio_downloads/1770161782.json', '/tmp/minio_downloads/1770161783.json', '/tmp/minio_downloads/1770161784.json', '/tmp/minio_downloads/1770161785.json', '/tmp/minio_downloads/1770161786.json', '/tmp/minio_downloads/1770161787.json', '/tmp/minio_downloads/1770161788.json', '/tmp/minio_downloads/1770161789.json', '/tmp/minio_downloads/1770161790.json', '/tmp/minio_downloads/1770161791.json', '/tmp/minio_downloads/1770161792.json', '/tmp/minio_downloads/1770161793.json', '/tmp/minio_downloads/1770161794.json', '/tmp/minio_downloads/1770161795.json', '/tmp/minio_downloads/1770161796.json', '/tmp/minio_downloads/1770161712.json', '/tmp/minio_downloads/1770161713.json', '/tmp/minio_downloads/1770161714.json', '/tmp/minio_downloads/1770161715.json', '/tmp/minio_downloads/1770161716.json', '/tmp/minio_downloads/1770161717.json', '/tmp/minio_downloads/1770161718.json', '/tmp/minio_downloads/1770161719.json', '/tmp/minio_downloads/1770161720.json', '/tmp/minio_downloads/1770161721.json', '/tmp/minio_downloads/1770161722.json', '/tmp/minio_downloads/1770161723.json', '/tmp/minio_downloads/1770161724.json', '/tmp/minio_downloads/1770161725.json', '/tmp/minio_downloads/1770161726.json', '/tmp/minio_downloads/1770161727.json', '/tmp/minio_downloads/1770161728.json', '/tmp/minio_downloads/1770161729.json', '/tmp/minio_downloads/1770161730.json', '/tmp/minio_downloads/1770161731.json', '/tmp/minio_downloads/1770161732.json', '/tmp/minio_downloads/1770161733.json', '/tmp/minio_downloads/1770161734.json', '/tmp/minio_downloads/1770161735.json', '/tmp/minio_downloads/1770161736.json', '/tmp/minio_downloads/1770161737.json', '/tmp/minio_downloads/1770161738.json', '/tmp/minio_downloads/1770161739.json', '/tmp/minio_downloads/1770161740.json', '/tmp/minio_downloads/1770161741.json', '/tmp/minio_downloads/1770161742.json', '/tmp/minio_downloads/1770161743.json', '/tmp/minio_downloads/1770161744.json', '/tmp/minio_downloads/1770161745.json', '/tmp/minio_downloads/1770161746.json', '/tmp/minio_downloads/1770161747.json', '/tmp/minio_downloads/1770161748.json', '/tmp/minio_downloads/1770161749.json', '/tmp/minio_downloads/1770161750.json', '/tmp/minio_downloads/1770161751.json', '/tmp/minio_downloads/1770161752.json', '/tmp/minio_downloads/1770161753.json', '/tmp/minio_downloads/1770161754.json', '/tmp/minio_downloads/1770161755.json', '/tmp/minio_downloads/1770161756.json', '/tmp/minio_downloads/1770161757.json', '/tmp/minio_downloads/1770161758.json', '/tmp/minio_downloads/1770161759.json', '/tmp/minio_downloads/1770161760.json', '/tmp/minio_downloads/1770161761.json', '/tmp/minio_downloads/1770161762.json', '/tmp/minio_downloads/1770161763.json', '/tmp/minio_downloads/1770161764.json', '/tmp/minio_downloads/1770161765.json', '/tmp/minio_downloads/1770161766.json', '/tmp/minio_downloads/1770161767.json', '/tmp/minio_downloads/1770161768.json', '/tmp/minio_downloads/1770161769.json', '/tmp/minio_downloads/1770161770.json', '/tmp/minio_downloads/1770161771.json', '/tmp/minio_downloads/1770161772.json', '/tmp/minio_downloads/1770161773.json', '/tmp/minio_downloads/1770161774.json', '/tmp/minio_downloads/1770161775.json', '/tmp/minio_downloads/1770161776.json', '/tmp/minio_downloads/1770161777.json', '/tmp/minio_downloads/1770161778.json', '/tmp/minio_downloads/1770161779.json', '/tmp/minio_downloads/1770161780.json', '/tmp/minio_downloads/1770161781.json', '/tmp/minio_downloads/1770161782.json', '/tmp/minio_downloads/1770161783.json', '/tmp/minio_downloads/1770161784.json', '/tmp/minio_downloads/1770161785.json', '/tmp/minio_downloads/1770161786.json', '/tmp/minio_downloads/1770161787.json', '/tmp/minio_downloads/1770161788.json', '/tmp/minio_downloads/1770161789.json', '/tmp/minio_downloads/1770161790.json', '/tmp/minio_downloads/1770161791.json', '/tmp/minio_downloads/1770161792.json', '/tmp/minio_downloads/1770161793.json', '/tmp/minio_downloads/1770161794.json', '/tmp/minio_downloads/1770161795.json', '/tmp/minio_downloads/1770161796.json']
[2026-02-03T23:51:41.305+0000] {taskinstance.py:441} INFO - ::group::Post task execution logs
[2026-02-03T23:51:41.328+0000] {taskinstance.py:1206} INFO - Marking task as SUCCESS. dag_id=minio_to_snowflake, task_id=download_minio, run_id=scheduled__2026-02-03T23:50:00+00:00, execution_date=20260203T235000, start_date=20260203T235138, end_date=20260203T235141
[2026-02-03T23:51:41.373+0000] {local_task_job_runner.py:243} INFO - Task exited with return code 0
[2026-02-03T23:51:41.391+0000] {taskinstance.py:3503} INFO - 1 downstream tasks scheduled from follow-on schedule check
[2026-02-03T23:51:41.393+0000] {local_task_job_runner.py:222} INFO - ::endgroup::
