[2026-02-03T20:53:37.235+0000] {local_task_job_runner.py:120} INFO - ::group::Pre task execution logs
[2026-02-03T20:53:37.256+0000] {taskinstance.py:2076} INFO - Dependencies all met for dep_context=non-requeueable deps ti=<TaskInstance: minio_to_snowflake.download_minio scheduled__2026-02-03T20:52:00+00:00 [queued]>
[2026-02-03T20:53:37.263+0000] {taskinstance.py:2076} INFO - Dependencies all met for dep_context=requeueable deps ti=<TaskInstance: minio_to_snowflake.download_minio scheduled__2026-02-03T20:52:00+00:00 [queued]>
[2026-02-03T20:53:37.263+0000] {taskinstance.py:2306} INFO - Starting attempt 1 of 2
[2026-02-03T20:53:37.271+0000] {taskinstance.py:2330} INFO - Executing <Task(PythonOperator): download_minio> on 2026-02-03 20:52:00+00:00
[2026-02-03T20:53:37.278+0000] {standard_task_runner.py:90} INFO - Running: ['***', 'tasks', 'run', 'minio_to_snowflake', 'download_minio', 'scheduled__2026-02-03T20:52:00+00:00', '--job-id', '300', '--raw', '--subdir', 'DAGS_FOLDER/minio_to_snowflake.py', '--cfg-path', '/tmp/tmpj7lk10ao']
[2026-02-03T20:53:37.280+0000] {logging_mixin.py:188} WARNING - /home/***/.local/lib/python3.12/site-packages/***/task/task_runner/standard_task_runner.py:62 DeprecationWarning: This process (pid=5240) is multi-threaded, use of fork() may lead to deadlocks in the child.
[2026-02-03T20:53:37.281+0000] {standard_task_runner.py:91} INFO - Job 300: Subtask download_minio
[2026-02-03T20:53:37.281+0000] {standard_task_runner.py:64} INFO - Started process 5264 to run task
[2026-02-03T20:53:37.342+0000] {task_command.py:426} INFO - Running <TaskInstance: minio_to_snowflake.download_minio scheduled__2026-02-03T20:52:00+00:00 [running]> on host e6e1c513bfd4
[2026-02-03T20:53:37.408+0000] {taskinstance.py:2648} INFO - Exporting env vars: AIRFLOW_CTX_DAG_OWNER='***' AIRFLOW_CTX_DAG_ID='minio_to_snowflake' AIRFLOW_CTX_TASK_ID='download_minio' AIRFLOW_CTX_EXECUTION_DATE='2026-02-03T20:52:00+00:00' AIRFLOW_CTX_TRY_NUMBER='1' AIRFLOW_CTX_DAG_RUN_ID='scheduled__2026-02-03T20:52:00+00:00'
[2026-02-03T20:53:37.409+0000] {taskinstance.py:430} INFO - ::endgroup::
[2026-02-03T20:53:37.734+0000] {logging_mixin.py:188} INFO - Downloaded AAPL/1769900678.json -> /tmp/minio_downloads/AAPL/1769900678.json
[2026-02-03T20:53:37.742+0000] {logging_mixin.py:188} INFO - Downloaded AAPL/1769900679.json -> /tmp/minio_downloads/AAPL/1769900679.json
[2026-02-03T20:53:37.748+0000] {logging_mixin.py:188} INFO - Downloaded AAPL/1769900680.json -> /tmp/minio_downloads/AAPL/1769900680.json
[2026-02-03T20:53:37.755+0000] {logging_mixin.py:188} INFO - Downloaded AAPL/1769900681.json -> /tmp/minio_downloads/AAPL/1769900681.json
[2026-02-03T20:53:37.763+0000] {logging_mixin.py:188} INFO - Downloaded AAPL/1769900682.json -> /tmp/minio_downloads/AAPL/1769900682.json
[2026-02-03T20:53:37.770+0000] {logging_mixin.py:188} INFO - Downloaded AAPL/1769900683.json -> /tmp/minio_downloads/AAPL/1769900683.json
[2026-02-03T20:53:37.778+0000] {logging_mixin.py:188} INFO - Downloaded AAPL/1769900684.json -> /tmp/minio_downloads/AAPL/1769900684.json
[2026-02-03T20:53:37.786+0000] {logging_mixin.py:188} INFO - Downloaded AAPL/1769900685.json -> /tmp/minio_downloads/AAPL/1769900685.json
[2026-02-03T20:53:37.794+0000] {logging_mixin.py:188} INFO - Downloaded AAPL/1769900686.json -> /tmp/minio_downloads/AAPL/1769900686.json
[2026-02-03T20:53:37.800+0000] {logging_mixin.py:188} INFO - Downloaded AAPL/1769900687.json -> /tmp/minio_downloads/AAPL/1769900687.json
[2026-02-03T20:53:37.807+0000] {logging_mixin.py:188} INFO - Downloaded AAPL/1769900688.json -> /tmp/minio_downloads/AAPL/1769900688.json
[2026-02-03T20:53:37.814+0000] {logging_mixin.py:188} INFO - Downloaded AAPL/1769900689.json -> /tmp/minio_downloads/AAPL/1769900689.json
[2026-02-03T20:53:37.821+0000] {logging_mixin.py:188} INFO - Downloaded AAPL/1769900690.json -> /tmp/minio_downloads/AAPL/1769900690.json
[2026-02-03T20:53:37.828+0000] {logging_mixin.py:188} INFO - Downloaded AAPL/1769900691.json -> /tmp/minio_downloads/AAPL/1769900691.json
[2026-02-03T20:53:37.835+0000] {logging_mixin.py:188} INFO - Downloaded AAPL/1769900692.json -> /tmp/minio_downloads/AAPL/1769900692.json
[2026-02-03T20:53:37.842+0000] {logging_mixin.py:188} INFO - Downloaded AAPL/1769900693.json -> /tmp/minio_downloads/AAPL/1769900693.json
[2026-02-03T20:53:37.848+0000] {logging_mixin.py:188} INFO - Downloaded AAPL/1769900694.json -> /tmp/minio_downloads/AAPL/1769900694.json
[2026-02-03T20:53:37.856+0000] {logging_mixin.py:188} INFO - Downloaded AAPL/1769900695.json -> /tmp/minio_downloads/AAPL/1769900695.json
[2026-02-03T20:53:37.863+0000] {logging_mixin.py:188} INFO - Downloaded AAPL/1769900696.json -> /tmp/minio_downloads/AAPL/1769900696.json
[2026-02-03T20:53:37.870+0000] {logging_mixin.py:188} INFO - Downloaded AAPL/1769900697.json -> /tmp/minio_downloads/AAPL/1769900697.json
[2026-02-03T20:53:37.877+0000] {logging_mixin.py:188} INFO - Downloaded AAPL/1769900698.json -> /tmp/minio_downloads/AAPL/1769900698.json
[2026-02-03T20:53:37.884+0000] {logging_mixin.py:188} INFO - Downloaded AAPL/1769900699.json -> /tmp/minio_downloads/AAPL/1769900699.json
[2026-02-03T20:53:37.892+0000] {logging_mixin.py:188} INFO - Downloaded AAPL/1769900700.json -> /tmp/minio_downloads/AAPL/1769900700.json
[2026-02-03T20:53:37.898+0000] {logging_mixin.py:188} INFO - Downloaded AAPL/1769900701.json -> /tmp/minio_downloads/AAPL/1769900701.json
[2026-02-03T20:53:37.905+0000] {logging_mixin.py:188} INFO - Downloaded AAPL/1769900702.json -> /tmp/minio_downloads/AAPL/1769900702.json
[2026-02-03T20:53:37.911+0000] {logging_mixin.py:188} INFO - Downloaded AAPL/1769900703.json -> /tmp/minio_downloads/AAPL/1769900703.json
[2026-02-03T20:53:37.918+0000] {logging_mixin.py:188} INFO - Downloaded AAPL/1769900704.json -> /tmp/minio_downloads/AAPL/1769900704.json
[2026-02-03T20:53:37.924+0000] {logging_mixin.py:188} INFO - Downloaded AAPL/1769900705.json -> /tmp/minio_downloads/AAPL/1769900705.json
[2026-02-03T20:53:37.931+0000] {logging_mixin.py:188} INFO - Downloaded AAPL/1769900706.json -> /tmp/minio_downloads/AAPL/1769900706.json
[2026-02-03T20:53:37.937+0000] {logging_mixin.py:188} INFO - Downloaded AAPL/1769900707.json -> /tmp/minio_downloads/AAPL/1769900707.json
[2026-02-03T20:53:37.943+0000] {logging_mixin.py:188} INFO - Downloaded AAPL/1769900708.json -> /tmp/minio_downloads/AAPL/1769900708.json
[2026-02-03T20:53:37.950+0000] {logging_mixin.py:188} INFO - Downloaded AAPL/1769900709.json -> /tmp/minio_downloads/AAPL/1769900709.json
[2026-02-03T20:53:37.957+0000] {logging_mixin.py:188} INFO - Downloaded AAPL/1769900710.json -> /tmp/minio_downloads/AAPL/1769900710.json
[2026-02-03T20:53:37.964+0000] {logging_mixin.py:188} INFO - Downloaded AAPL/1769900711.json -> /tmp/minio_downloads/AAPL/1769900711.json
[2026-02-03T20:53:37.970+0000] {logging_mixin.py:188} INFO - Downloaded AAPL/1769900712.json -> /tmp/minio_downloads/AAPL/1769900712.json
[2026-02-03T20:53:37.977+0000] {logging_mixin.py:188} INFO - Downloaded AAPL/1769900713.json -> /tmp/minio_downloads/AAPL/1769900713.json
[2026-02-03T20:53:37.984+0000] {logging_mixin.py:188} INFO - Downloaded AAPL/1769900714.json -> /tmp/minio_downloads/AAPL/1769900714.json
[2026-02-03T20:53:37.991+0000] {logging_mixin.py:188} INFO - Downloaded AAPL/1769900715.json -> /tmp/minio_downloads/AAPL/1769900715.json
[2026-02-03T20:53:37.998+0000] {logging_mixin.py:188} INFO - Downloaded AAPL/1769900716.json -> /tmp/minio_downloads/AAPL/1769900716.json
[2026-02-03T20:53:38.005+0000] {logging_mixin.py:188} INFO - Downloaded AAPL/1769900717.json -> /tmp/minio_downloads/AAPL/1769900717.json
[2026-02-03T20:53:38.013+0000] {logging_mixin.py:188} INFO - Downloaded AAPL/1769900718.json -> /tmp/minio_downloads/AAPL/1769900718.json
[2026-02-03T20:53:38.019+0000] {logging_mixin.py:188} INFO - Downloaded AAPL/1769900719.json -> /tmp/minio_downloads/AAPL/1769900719.json
[2026-02-03T20:53:38.025+0000] {logging_mixin.py:188} INFO - Downloaded AAPL/1769900720.json -> /tmp/minio_downloads/AAPL/1769900720.json
[2026-02-03T20:53:38.032+0000] {logging_mixin.py:188} INFO - Downloaded AAPL/1769900721.json -> /tmp/minio_downloads/AAPL/1769900721.json
[2026-02-03T20:53:38.040+0000] {logging_mixin.py:188} INFO - Downloaded AAPL/1769900722.json -> /tmp/minio_downloads/AAPL/1769900722.json
[2026-02-03T20:53:38.047+0000] {logging_mixin.py:188} INFO - Downloaded AAPL/1769900723.json -> /tmp/minio_downloads/AAPL/1769900723.json
[2026-02-03T20:53:38.054+0000] {logging_mixin.py:188} INFO - Downloaded AAPL/1769900724.json -> /tmp/minio_downloads/AAPL/1769900724.json
[2026-02-03T20:53:38.061+0000] {logging_mixin.py:188} INFO - Downloaded AAPL/1769900725.json -> /tmp/minio_downloads/AAPL/1769900725.json
[2026-02-03T20:53:38.068+0000] {logging_mixin.py:188} INFO - Downloaded AAPL/1769900726.json -> /tmp/minio_downloads/AAPL/1769900726.json
[2026-02-03T20:53:38.074+0000] {logging_mixin.py:188} INFO - Downloaded AAPL/1769900727.json -> /tmp/minio_downloads/AAPL/1769900727.json
[2026-02-03T20:53:38.080+0000] {logging_mixin.py:188} INFO - Downloaded AAPL/1769900728.json -> /tmp/minio_downloads/AAPL/1769900728.json
[2026-02-03T20:53:38.087+0000] {logging_mixin.py:188} INFO - Downloaded AAPL/1769900729.json -> /tmp/minio_downloads/AAPL/1769900729.json
[2026-02-03T20:53:38.094+0000] {logging_mixin.py:188} INFO - Downloaded AAPL/1769900730.json -> /tmp/minio_downloads/AAPL/1769900730.json
[2026-02-03T20:53:38.101+0000] {logging_mixin.py:188} INFO - Downloaded AAPL/1769900731.json -> /tmp/minio_downloads/AAPL/1769900731.json
[2026-02-03T20:53:38.107+0000] {logging_mixin.py:188} INFO - Downloaded AAPL/1769900732.json -> /tmp/minio_downloads/AAPL/1769900732.json
[2026-02-03T20:53:38.114+0000] {logging_mixin.py:188} INFO - Downloaded AAPL/1769900733.json -> /tmp/minio_downloads/AAPL/1769900733.json
[2026-02-03T20:53:38.121+0000] {logging_mixin.py:188} INFO - Downloaded AAPL/1769900734.json -> /tmp/minio_downloads/AAPL/1769900734.json
[2026-02-03T20:53:38.129+0000] {logging_mixin.py:188} INFO - Downloaded AAPL/1769900735.json -> /tmp/minio_downloads/AAPL/1769900735.json
[2026-02-03T20:53:38.136+0000] {logging_mixin.py:188} INFO - Downloaded AAPL/1769900736.json -> /tmp/minio_downloads/AAPL/1769900736.json
[2026-02-03T20:53:38.144+0000] {logging_mixin.py:188} INFO - Downloaded AAPL/1769900737.json -> /tmp/minio_downloads/AAPL/1769900737.json
[2026-02-03T20:53:38.151+0000] {logging_mixin.py:188} INFO - Downloaded AAPL/1769900738.json -> /tmp/minio_downloads/AAPL/1769900738.json
[2026-02-03T20:53:38.159+0000] {logging_mixin.py:188} INFO - Downloaded AAPL/1769900739.json -> /tmp/minio_downloads/AAPL/1769900739.json
[2026-02-03T20:53:38.166+0000] {logging_mixin.py:188} INFO - Downloaded AAPL/1769900740.json -> /tmp/minio_downloads/AAPL/1769900740.json
[2026-02-03T20:53:38.172+0000] {logging_mixin.py:188} INFO - Downloaded AAPL/1769900741.json -> /tmp/minio_downloads/AAPL/1769900741.json
[2026-02-03T20:53:38.180+0000] {logging_mixin.py:188} INFO - Downloaded AAPL/1769900742.json -> /tmp/minio_downloads/AAPL/1769900742.json
[2026-02-03T20:53:38.187+0000] {logging_mixin.py:188} INFO - Downloaded AAPL/1769900743.json -> /tmp/minio_downloads/AAPL/1769900743.json
[2026-02-03T20:53:38.195+0000] {logging_mixin.py:188} INFO - Downloaded AAPL/1769900744.json -> /tmp/minio_downloads/AAPL/1769900744.json
[2026-02-03T20:53:38.203+0000] {logging_mixin.py:188} INFO - Downloaded AAPL/1769900745.json -> /tmp/minio_downloads/AAPL/1769900745.json
[2026-02-03T20:53:38.210+0000] {logging_mixin.py:188} INFO - Downloaded AAPL/1769900746.json -> /tmp/minio_downloads/AAPL/1769900746.json
[2026-02-03T20:53:38.218+0000] {logging_mixin.py:188} INFO - Downloaded AAPL/1769900747.json -> /tmp/minio_downloads/AAPL/1769900747.json
[2026-02-03T20:53:38.226+0000] {logging_mixin.py:188} INFO - Downloaded AAPL/1769900748.json -> /tmp/minio_downloads/AAPL/1769900748.json
[2026-02-03T20:53:38.233+0000] {logging_mixin.py:188} INFO - Downloaded AAPL/1769900749.json -> /tmp/minio_downloads/AAPL/1769900749.json
[2026-02-03T20:53:38.240+0000] {logging_mixin.py:188} INFO - Downloaded AAPL/1769900750.json -> /tmp/minio_downloads/AAPL/1769900750.json
[2026-02-03T20:53:38.248+0000] {logging_mixin.py:188} INFO - Downloaded AAPL/1769900751.json -> /tmp/minio_downloads/AAPL/1769900751.json
[2026-02-03T20:53:38.255+0000] {logging_mixin.py:188} INFO - Downloaded AAPL/1769900752.json -> /tmp/minio_downloads/AAPL/1769900752.json
[2026-02-03T20:53:38.263+0000] {logging_mixin.py:188} INFO - Downloaded AAPL/1769900753.json -> /tmp/minio_downloads/AAPL/1769900753.json
[2026-02-03T20:53:38.270+0000] {logging_mixin.py:188} INFO - Downloaded AAPL/1769900754.json -> /tmp/minio_downloads/AAPL/1769900754.json
[2026-02-03T20:53:38.277+0000] {logging_mixin.py:188} INFO - Downloaded AAPL/1769900755.json -> /tmp/minio_downloads/AAPL/1769900755.json
[2026-02-03T20:53:38.284+0000] {logging_mixin.py:188} INFO - Downloaded AAPL/1769900756.json -> /tmp/minio_downloads/AAPL/1769900756.json
[2026-02-03T20:53:38.292+0000] {logging_mixin.py:188} INFO - Downloaded AAPL/1769900757.json -> /tmp/minio_downloads/AAPL/1769900757.json
[2026-02-03T20:53:38.300+0000] {logging_mixin.py:188} INFO - Downloaded AAPL/1769900758.json -> /tmp/minio_downloads/AAPL/1769900758.json
[2026-02-03T20:53:38.308+0000] {logging_mixin.py:188} INFO - Downloaded AAPL/1769900759.json -> /tmp/minio_downloads/AAPL/1769900759.json
[2026-02-03T20:53:38.315+0000] {logging_mixin.py:188} INFO - Downloaded AAPL/1769900760.json -> /tmp/minio_downloads/AAPL/1769900760.json
[2026-02-03T20:53:38.322+0000] {logging_mixin.py:188} INFO - Downloaded AAPL/1769900761.json -> /tmp/minio_downloads/AAPL/1769900761.json
[2026-02-03T20:53:38.328+0000] {logging_mixin.py:188} INFO - Downloaded AAPL/1769900762.json -> /tmp/minio_downloads/AAPL/1769900762.json
[2026-02-03T20:53:38.335+0000] {logging_mixin.py:188} INFO - Downloaded AAPL/1769900763.json -> /tmp/minio_downloads/AAPL/1769900763.json
[2026-02-03T20:53:38.341+0000] {logging_mixin.py:188} INFO - Downloaded AAPL/1769900764.json -> /tmp/minio_downloads/AAPL/1769900764.json
[2026-02-03T20:53:38.347+0000] {logging_mixin.py:188} INFO - Downloaded AAPL/1769900765.json -> /tmp/minio_downloads/AAPL/1769900765.json
[2026-02-03T20:53:38.353+0000] {logging_mixin.py:188} INFO - Downloaded AAPL/1769900766.json -> /tmp/minio_downloads/AAPL/1769900766.json
[2026-02-03T20:53:38.359+0000] {logging_mixin.py:188} INFO - Downloaded AMZN/1769900678.json -> /tmp/minio_downloads/AMZN/1769900678.json
[2026-02-03T20:53:38.365+0000] {logging_mixin.py:188} INFO - Downloaded AMZN/1769900679.json -> /tmp/minio_downloads/AMZN/1769900679.json
[2026-02-03T20:53:38.373+0000] {logging_mixin.py:188} INFO - Downloaded AMZN/1769900680.json -> /tmp/minio_downloads/AMZN/1769900680.json
[2026-02-03T20:53:38.380+0000] {logging_mixin.py:188} INFO - Downloaded AMZN/1769900681.json -> /tmp/minio_downloads/AMZN/1769900681.json
[2026-02-03T20:53:38.388+0000] {logging_mixin.py:188} INFO - Downloaded AMZN/1769900682.json -> /tmp/minio_downloads/AMZN/1769900682.json
[2026-02-03T20:53:38.395+0000] {logging_mixin.py:188} INFO - Downloaded AMZN/1769900683.json -> /tmp/minio_downloads/AMZN/1769900683.json
[2026-02-03T20:53:38.402+0000] {logging_mixin.py:188} INFO - Downloaded AMZN/1769900684.json -> /tmp/minio_downloads/AMZN/1769900684.json
[2026-02-03T20:53:38.409+0000] {logging_mixin.py:188} INFO - Downloaded AMZN/1769900685.json -> /tmp/minio_downloads/AMZN/1769900685.json
[2026-02-03T20:53:38.416+0000] {logging_mixin.py:188} INFO - Downloaded AMZN/1769900686.json -> /tmp/minio_downloads/AMZN/1769900686.json
[2026-02-03T20:53:38.424+0000] {logging_mixin.py:188} INFO - Downloaded AMZN/1769900687.json -> /tmp/minio_downloads/AMZN/1769900687.json
[2026-02-03T20:53:38.432+0000] {logging_mixin.py:188} INFO - Downloaded AMZN/1769900688.json -> /tmp/minio_downloads/AMZN/1769900688.json
[2026-02-03T20:53:38.440+0000] {logging_mixin.py:188} INFO - Downloaded AMZN/1769900689.json -> /tmp/minio_downloads/AMZN/1769900689.json
[2026-02-03T20:53:38.450+0000] {logging_mixin.py:188} INFO - Downloaded AMZN/1769900690.json -> /tmp/minio_downloads/AMZN/1769900690.json
[2026-02-03T20:53:38.456+0000] {logging_mixin.py:188} INFO - Downloaded AMZN/1769900691.json -> /tmp/minio_downloads/AMZN/1769900691.json
[2026-02-03T20:53:38.465+0000] {logging_mixin.py:188} INFO - Downloaded AMZN/1769900692.json -> /tmp/minio_downloads/AMZN/1769900692.json
[2026-02-03T20:53:38.472+0000] {logging_mixin.py:188} INFO - Downloaded AMZN/1769900693.json -> /tmp/minio_downloads/AMZN/1769900693.json
[2026-02-03T20:53:38.479+0000] {logging_mixin.py:188} INFO - Downloaded AMZN/1769900694.json -> /tmp/minio_downloads/AMZN/1769900694.json
[2026-02-03T20:53:38.486+0000] {logging_mixin.py:188} INFO - Downloaded AMZN/1769900695.json -> /tmp/minio_downloads/AMZN/1769900695.json
[2026-02-03T20:53:38.493+0000] {logging_mixin.py:188} INFO - Downloaded AMZN/1769900696.json -> /tmp/minio_downloads/AMZN/1769900696.json
[2026-02-03T20:53:38.500+0000] {logging_mixin.py:188} INFO - Downloaded AMZN/1769900697.json -> /tmp/minio_downloads/AMZN/1769900697.json
[2026-02-03T20:53:38.506+0000] {logging_mixin.py:188} INFO - Downloaded AMZN/1769900698.json -> /tmp/minio_downloads/AMZN/1769900698.json
[2026-02-03T20:53:38.512+0000] {logging_mixin.py:188} INFO - Downloaded AMZN/1769900699.json -> /tmp/minio_downloads/AMZN/1769900699.json
[2026-02-03T20:53:38.518+0000] {logging_mixin.py:188} INFO - Downloaded AMZN/1769900700.json -> /tmp/minio_downloads/AMZN/1769900700.json
[2026-02-03T20:53:38.525+0000] {logging_mixin.py:188} INFO - Downloaded AMZN/1769900701.json -> /tmp/minio_downloads/AMZN/1769900701.json
[2026-02-03T20:53:38.532+0000] {logging_mixin.py:188} INFO - Downloaded AMZN/1769900702.json -> /tmp/minio_downloads/AMZN/1769900702.json
[2026-02-03T20:53:38.538+0000] {logging_mixin.py:188} INFO - Downloaded AMZN/1769900703.json -> /tmp/minio_downloads/AMZN/1769900703.json
[2026-02-03T20:53:38.544+0000] {logging_mixin.py:188} INFO - Downloaded AMZN/1769900704.json -> /tmp/minio_downloads/AMZN/1769900704.json
[2026-02-03T20:53:38.550+0000] {logging_mixin.py:188} INFO - Downloaded AMZN/1769900705.json -> /tmp/minio_downloads/AMZN/1769900705.json
[2026-02-03T20:53:38.557+0000] {logging_mixin.py:188} INFO - Downloaded AMZN/1769900706.json -> /tmp/minio_downloads/AMZN/1769900706.json
[2026-02-03T20:53:38.564+0000] {logging_mixin.py:188} INFO - Downloaded AMZN/1769900707.json -> /tmp/minio_downloads/AMZN/1769900707.json
[2026-02-03T20:53:38.569+0000] {logging_mixin.py:188} INFO - Downloaded AMZN/1769900708.json -> /tmp/minio_downloads/AMZN/1769900708.json
[2026-02-03T20:53:38.577+0000] {logging_mixin.py:188} INFO - Downloaded AMZN/1769900709.json -> /tmp/minio_downloads/AMZN/1769900709.json
[2026-02-03T20:53:38.582+0000] {logging_mixin.py:188} INFO - Downloaded AMZN/1769900710.json -> /tmp/minio_downloads/AMZN/1769900710.json
[2026-02-03T20:53:38.588+0000] {logging_mixin.py:188} INFO - Downloaded AMZN/1769900711.json -> /tmp/minio_downloads/AMZN/1769900711.json
[2026-02-03T20:53:38.594+0000] {logging_mixin.py:188} INFO - Downloaded AMZN/1769900712.json -> /tmp/minio_downloads/AMZN/1769900712.json
[2026-02-03T20:53:38.600+0000] {logging_mixin.py:188} INFO - Downloaded AMZN/1769900713.json -> /tmp/minio_downloads/AMZN/1769900713.json
[2026-02-03T20:53:38.606+0000] {logging_mixin.py:188} INFO - Downloaded AMZN/1769900714.json -> /tmp/minio_downloads/AMZN/1769900714.json
[2026-02-03T20:53:38.613+0000] {logging_mixin.py:188} INFO - Downloaded AMZN/1769900715.json -> /tmp/minio_downloads/AMZN/1769900715.json
[2026-02-03T20:53:38.619+0000] {logging_mixin.py:188} INFO - Downloaded AMZN/1769900716.json -> /tmp/minio_downloads/AMZN/1769900716.json
[2026-02-03T20:53:38.631+0000] {logging_mixin.py:188} INFO - Downloaded AMZN/1769900717.json -> /tmp/minio_downloads/AMZN/1769900717.json
[2026-02-03T20:53:38.642+0000] {logging_mixin.py:188} INFO - Downloaded AMZN/1769900718.json -> /tmp/minio_downloads/AMZN/1769900718.json
[2026-02-03T20:53:38.654+0000] {logging_mixin.py:188} INFO - Downloaded AMZN/1769900719.json -> /tmp/minio_downloads/AMZN/1769900719.json
[2026-02-03T20:53:38.666+0000] {logging_mixin.py:188} INFO - Downloaded AMZN/1769900720.json -> /tmp/minio_downloads/AMZN/1769900720.json
[2026-02-03T20:53:38.675+0000] {logging_mixin.py:188} INFO - Downloaded AMZN/1769900721.json -> /tmp/minio_downloads/AMZN/1769900721.json
[2026-02-03T20:53:38.687+0000] {logging_mixin.py:188} INFO - Downloaded AMZN/1769900722.json -> /tmp/minio_downloads/AMZN/1769900722.json
[2026-02-03T20:53:38.697+0000] {logging_mixin.py:188} INFO - Downloaded AMZN/1769900723.json -> /tmp/minio_downloads/AMZN/1769900723.json
[2026-02-03T20:53:38.704+0000] {logging_mixin.py:188} INFO - Downloaded AMZN/1769900724.json -> /tmp/minio_downloads/AMZN/1769900724.json
[2026-02-03T20:53:38.711+0000] {logging_mixin.py:188} INFO - Downloaded AMZN/1769900725.json -> /tmp/minio_downloads/AMZN/1769900725.json
[2026-02-03T20:53:38.717+0000] {logging_mixin.py:188} INFO - Downloaded AMZN/1769900726.json -> /tmp/minio_downloads/AMZN/1769900726.json
[2026-02-03T20:53:38.725+0000] {logging_mixin.py:188} INFO - Downloaded AMZN/1769900727.json -> /tmp/minio_downloads/AMZN/1769900727.json
[2026-02-03T20:53:38.736+0000] {logging_mixin.py:188} INFO - Downloaded AMZN/1769900728.json -> /tmp/minio_downloads/AMZN/1769900728.json
[2026-02-03T20:53:38.742+0000] {logging_mixin.py:188} INFO - Downloaded AMZN/1769900729.json -> /tmp/minio_downloads/AMZN/1769900729.json
[2026-02-03T20:53:38.748+0000] {logging_mixin.py:188} INFO - Downloaded AMZN/1769900730.json -> /tmp/minio_downloads/AMZN/1769900730.json
[2026-02-03T20:53:38.756+0000] {logging_mixin.py:188} INFO - Downloaded AMZN/1769900731.json -> /tmp/minio_downloads/AMZN/1769900731.json
[2026-02-03T20:53:38.763+0000] {logging_mixin.py:188} INFO - Downloaded AMZN/1769900732.json -> /tmp/minio_downloads/AMZN/1769900732.json
[2026-02-03T20:53:38.770+0000] {logging_mixin.py:188} INFO - Downloaded AMZN/1769900733.json -> /tmp/minio_downloads/AMZN/1769900733.json
[2026-02-03T20:53:38.776+0000] {logging_mixin.py:188} INFO - Downloaded AMZN/1769900734.json -> /tmp/minio_downloads/AMZN/1769900734.json
[2026-02-03T20:53:38.783+0000] {logging_mixin.py:188} INFO - Downloaded AMZN/1769900735.json -> /tmp/minio_downloads/AMZN/1769900735.json
[2026-02-03T20:53:38.790+0000] {logging_mixin.py:188} INFO - Downloaded AMZN/1769900736.json -> /tmp/minio_downloads/AMZN/1769900736.json
[2026-02-03T20:53:38.797+0000] {logging_mixin.py:188} INFO - Downloaded AMZN/1769900737.json -> /tmp/minio_downloads/AMZN/1769900737.json
[2026-02-03T20:53:38.804+0000] {logging_mixin.py:188} INFO - Downloaded AMZN/1769900738.json -> /tmp/minio_downloads/AMZN/1769900738.json
[2026-02-03T20:53:38.810+0000] {logging_mixin.py:188} INFO - Downloaded AMZN/1769900739.json -> /tmp/minio_downloads/AMZN/1769900739.json
[2026-02-03T20:53:38.817+0000] {logging_mixin.py:188} INFO - Downloaded AMZN/1769900740.json -> /tmp/minio_downloads/AMZN/1769900740.json
[2026-02-03T20:53:38.825+0000] {logging_mixin.py:188} INFO - Downloaded AMZN/1769900741.json -> /tmp/minio_downloads/AMZN/1769900741.json
[2026-02-03T20:53:38.831+0000] {logging_mixin.py:188} INFO - Downloaded AMZN/1769900742.json -> /tmp/minio_downloads/AMZN/1769900742.json
[2026-02-03T20:53:38.840+0000] {logging_mixin.py:188} INFO - Downloaded AMZN/1769900743.json -> /tmp/minio_downloads/AMZN/1769900743.json
[2026-02-03T20:53:38.847+0000] {logging_mixin.py:188} INFO - Downloaded AMZN/1769900744.json -> /tmp/minio_downloads/AMZN/1769900744.json
[2026-02-03T20:53:38.855+0000] {logging_mixin.py:188} INFO - Downloaded AMZN/1769900745.json -> /tmp/minio_downloads/AMZN/1769900745.json
[2026-02-03T20:53:38.864+0000] {logging_mixin.py:188} INFO - Downloaded AMZN/1769900746.json -> /tmp/minio_downloads/AMZN/1769900746.json
[2026-02-03T20:53:38.872+0000] {logging_mixin.py:188} INFO - Downloaded AMZN/1769900747.json -> /tmp/minio_downloads/AMZN/1769900747.json
[2026-02-03T20:53:38.879+0000] {logging_mixin.py:188} INFO - Downloaded AMZN/1769900748.json -> /tmp/minio_downloads/AMZN/1769900748.json
[2026-02-03T20:53:38.887+0000] {logging_mixin.py:188} INFO - Downloaded AMZN/1769900749.json -> /tmp/minio_downloads/AMZN/1769900749.json
[2026-02-03T20:53:38.894+0000] {logging_mixin.py:188} INFO - Downloaded AMZN/1769900750.json -> /tmp/minio_downloads/AMZN/1769900750.json
[2026-02-03T20:53:38.902+0000] {logging_mixin.py:188} INFO - Downloaded AMZN/1769900751.json -> /tmp/minio_downloads/AMZN/1769900751.json
[2026-02-03T20:53:38.909+0000] {logging_mixin.py:188} INFO - Downloaded AMZN/1769900752.json -> /tmp/minio_downloads/AMZN/1769900752.json
[2026-02-03T20:53:38.916+0000] {logging_mixin.py:188} INFO - Downloaded AMZN/1769900753.json -> /tmp/minio_downloads/AMZN/1769900753.json
[2026-02-03T20:53:38.924+0000] {logging_mixin.py:188} INFO - Downloaded AMZN/1769900754.json -> /tmp/minio_downloads/AMZN/1769900754.json
[2026-02-03T20:53:38.933+0000] {logging_mixin.py:188} INFO - Downloaded AMZN/1769900755.json -> /tmp/minio_downloads/AMZN/1769900755.json
[2026-02-03T20:53:38.940+0000] {logging_mixin.py:188} INFO - Downloaded AMZN/1769900756.json -> /tmp/minio_downloads/AMZN/1769900756.json
[2026-02-03T20:53:38.947+0000] {logging_mixin.py:188} INFO - Downloaded AMZN/1769900757.json -> /tmp/minio_downloads/AMZN/1769900757.json
[2026-02-03T20:53:38.954+0000] {logging_mixin.py:188} INFO - Downloaded AMZN/1769900758.json -> /tmp/minio_downloads/AMZN/1769900758.json
[2026-02-03T20:53:38.961+0000] {logging_mixin.py:188} INFO - Downloaded AMZN/1769900759.json -> /tmp/minio_downloads/AMZN/1769900759.json
[2026-02-03T20:53:38.968+0000] {logging_mixin.py:188} INFO - Downloaded AMZN/1769900760.json -> /tmp/minio_downloads/AMZN/1769900760.json
[2026-02-03T20:53:38.976+0000] {logging_mixin.py:188} INFO - Downloaded AMZN/1769900761.json -> /tmp/minio_downloads/AMZN/1769900761.json
[2026-02-03T20:53:38.983+0000] {logging_mixin.py:188} INFO - Downloaded AMZN/1769900762.json -> /tmp/minio_downloads/AMZN/1769900762.json
[2026-02-03T20:53:38.990+0000] {logging_mixin.py:188} INFO - Downloaded AMZN/1769900763.json -> /tmp/minio_downloads/AMZN/1769900763.json
[2026-02-03T20:53:38.997+0000] {logging_mixin.py:188} INFO - Downloaded AMZN/1769900764.json -> /tmp/minio_downloads/AMZN/1769900764.json
[2026-02-03T20:53:39.003+0000] {logging_mixin.py:188} INFO - Downloaded AMZN/1769900765.json -> /tmp/minio_downloads/AMZN/1769900765.json
[2026-02-03T20:53:39.009+0000] {logging_mixin.py:188} INFO - Downloaded AMZN/1769900766.json -> /tmp/minio_downloads/AMZN/1769900766.json
[2026-02-03T20:53:39.018+0000] {logging_mixin.py:188} INFO - Downloaded GOOGL/1769900678.json -> /tmp/minio_downloads/GOOGL/1769900678.json
[2026-02-03T20:53:39.026+0000] {logging_mixin.py:188} INFO - Downloaded GOOGL/1769900679.json -> /tmp/minio_downloads/GOOGL/1769900679.json
[2026-02-03T20:53:39.032+0000] {logging_mixin.py:188} INFO - Downloaded GOOGL/1769900680.json -> /tmp/minio_downloads/GOOGL/1769900680.json
[2026-02-03T20:53:39.039+0000] {logging_mixin.py:188} INFO - Downloaded GOOGL/1769900681.json -> /tmp/minio_downloads/GOOGL/1769900681.json
[2026-02-03T20:53:39.045+0000] {logging_mixin.py:188} INFO - Downloaded GOOGL/1769900682.json -> /tmp/minio_downloads/GOOGL/1769900682.json
[2026-02-03T20:53:39.052+0000] {logging_mixin.py:188} INFO - Downloaded GOOGL/1769900683.json -> /tmp/minio_downloads/GOOGL/1769900683.json
[2026-02-03T20:53:39.058+0000] {logging_mixin.py:188} INFO - Downloaded GOOGL/1769900684.json -> /tmp/minio_downloads/GOOGL/1769900684.json
[2026-02-03T20:53:39.064+0000] {logging_mixin.py:188} INFO - Downloaded GOOGL/1769900685.json -> /tmp/minio_downloads/GOOGL/1769900685.json
[2026-02-03T20:53:39.069+0000] {logging_mixin.py:188} INFO - Downloaded GOOGL/1769900686.json -> /tmp/minio_downloads/GOOGL/1769900686.json
[2026-02-03T20:53:39.075+0000] {logging_mixin.py:188} INFO - Downloaded GOOGL/1769900687.json -> /tmp/minio_downloads/GOOGL/1769900687.json
[2026-02-03T20:53:39.081+0000] {logging_mixin.py:188} INFO - Downloaded GOOGL/1769900688.json -> /tmp/minio_downloads/GOOGL/1769900688.json
[2026-02-03T20:53:39.087+0000] {logging_mixin.py:188} INFO - Downloaded GOOGL/1769900689.json -> /tmp/minio_downloads/GOOGL/1769900689.json
[2026-02-03T20:53:39.095+0000] {logging_mixin.py:188} INFO - Downloaded GOOGL/1769900690.json -> /tmp/minio_downloads/GOOGL/1769900690.json
[2026-02-03T20:53:39.101+0000] {logging_mixin.py:188} INFO - Downloaded GOOGL/1769900691.json -> /tmp/minio_downloads/GOOGL/1769900691.json
[2026-02-03T20:53:39.107+0000] {logging_mixin.py:188} INFO - Downloaded GOOGL/1769900692.json -> /tmp/minio_downloads/GOOGL/1769900692.json
[2026-02-03T20:53:39.114+0000] {logging_mixin.py:188} INFO - Downloaded GOOGL/1769900693.json -> /tmp/minio_downloads/GOOGL/1769900693.json
[2026-02-03T20:53:39.121+0000] {logging_mixin.py:188} INFO - Downloaded GOOGL/1769900694.json -> /tmp/minio_downloads/GOOGL/1769900694.json
[2026-02-03T20:53:39.129+0000] {logging_mixin.py:188} INFO - Downloaded GOOGL/1769900695.json -> /tmp/minio_downloads/GOOGL/1769900695.json
[2026-02-03T20:53:39.135+0000] {logging_mixin.py:188} INFO - Downloaded GOOGL/1769900696.json -> /tmp/minio_downloads/GOOGL/1769900696.json
[2026-02-03T20:53:39.140+0000] {logging_mixin.py:188} INFO - Downloaded GOOGL/1769900697.json -> /tmp/minio_downloads/GOOGL/1769900697.json
[2026-02-03T20:53:39.147+0000] {logging_mixin.py:188} INFO - Downloaded GOOGL/1769900698.json -> /tmp/minio_downloads/GOOGL/1769900698.json
[2026-02-03T20:53:39.153+0000] {logging_mixin.py:188} INFO - Downloaded GOOGL/1769900699.json -> /tmp/minio_downloads/GOOGL/1769900699.json
[2026-02-03T20:53:39.159+0000] {logging_mixin.py:188} INFO - Downloaded GOOGL/1769900700.json -> /tmp/minio_downloads/GOOGL/1769900700.json
[2026-02-03T20:53:39.164+0000] {logging_mixin.py:188} INFO - Downloaded GOOGL/1769900701.json -> /tmp/minio_downloads/GOOGL/1769900701.json
[2026-02-03T20:53:39.172+0000] {logging_mixin.py:188} INFO - Downloaded GOOGL/1769900702.json -> /tmp/minio_downloads/GOOGL/1769900702.json
[2026-02-03T20:53:39.178+0000] {logging_mixin.py:188} INFO - Downloaded GOOGL/1769900703.json -> /tmp/minio_downloads/GOOGL/1769900703.json
[2026-02-03T20:53:39.183+0000] {logging_mixin.py:188} INFO - Downloaded GOOGL/1769900704.json -> /tmp/minio_downloads/GOOGL/1769900704.json
[2026-02-03T20:53:39.189+0000] {logging_mixin.py:188} INFO - Downloaded GOOGL/1769900705.json -> /tmp/minio_downloads/GOOGL/1769900705.json
[2026-02-03T20:53:39.196+0000] {logging_mixin.py:188} INFO - Downloaded GOOGL/1769900706.json -> /tmp/minio_downloads/GOOGL/1769900706.json
[2026-02-03T20:53:39.203+0000] {logging_mixin.py:188} INFO - Downloaded GOOGL/1769900707.json -> /tmp/minio_downloads/GOOGL/1769900707.json
[2026-02-03T20:53:39.209+0000] {logging_mixin.py:188} INFO - Downloaded GOOGL/1769900708.json -> /tmp/minio_downloads/GOOGL/1769900708.json
[2026-02-03T20:53:39.215+0000] {logging_mixin.py:188} INFO - Downloaded GOOGL/1769900709.json -> /tmp/minio_downloads/GOOGL/1769900709.json
[2026-02-03T20:53:39.220+0000] {logging_mixin.py:188} INFO - Downloaded GOOGL/1769900710.json -> /tmp/minio_downloads/GOOGL/1769900710.json
[2026-02-03T20:53:39.225+0000] {logging_mixin.py:188} INFO - Downloaded GOOGL/1769900711.json -> /tmp/minio_downloads/GOOGL/1769900711.json
[2026-02-03T20:53:39.231+0000] {logging_mixin.py:188} INFO - Downloaded GOOGL/1769900712.json -> /tmp/minio_downloads/GOOGL/1769900712.json
[2026-02-03T20:53:39.238+0000] {logging_mixin.py:188} INFO - Downloaded GOOGL/1769900713.json -> /tmp/minio_downloads/GOOGL/1769900713.json
[2026-02-03T20:53:39.244+0000] {logging_mixin.py:188} INFO - Downloaded GOOGL/1769900714.json -> /tmp/minio_downloads/GOOGL/1769900714.json
[2026-02-03T20:53:39.249+0000] {logging_mixin.py:188} INFO - Downloaded GOOGL/1769900715.json -> /tmp/minio_downloads/GOOGL/1769900715.json
[2026-02-03T20:53:39.256+0000] {logging_mixin.py:188} INFO - Downloaded GOOGL/1769900716.json -> /tmp/minio_downloads/GOOGL/1769900716.json
[2026-02-03T20:53:39.261+0000] {logging_mixin.py:188} INFO - Downloaded GOOGL/1769900717.json -> /tmp/minio_downloads/GOOGL/1769900717.json
[2026-02-03T20:53:39.267+0000] {logging_mixin.py:188} INFO - Downloaded GOOGL/1769900718.json -> /tmp/minio_downloads/GOOGL/1769900718.json
[2026-02-03T20:53:39.273+0000] {logging_mixin.py:188} INFO - Downloaded GOOGL/1769900719.json -> /tmp/minio_downloads/GOOGL/1769900719.json
[2026-02-03T20:53:39.279+0000] {logging_mixin.py:188} INFO - Downloaded GOOGL/1769900720.json -> /tmp/minio_downloads/GOOGL/1769900720.json
[2026-02-03T20:53:39.287+0000] {logging_mixin.py:188} INFO - Downloaded GOOGL/1769900721.json -> /tmp/minio_downloads/GOOGL/1769900721.json
[2026-02-03T20:53:39.293+0000] {logging_mixin.py:188} INFO - Downloaded GOOGL/1769900722.json -> /tmp/minio_downloads/GOOGL/1769900722.json
[2026-02-03T20:53:39.300+0000] {logging_mixin.py:188} INFO - Downloaded GOOGL/1769900723.json -> /tmp/minio_downloads/GOOGL/1769900723.json
[2026-02-03T20:53:39.307+0000] {logging_mixin.py:188} INFO - Downloaded GOOGL/1769900724.json -> /tmp/minio_downloads/GOOGL/1769900724.json
[2026-02-03T20:53:39.314+0000] {logging_mixin.py:188} INFO - Downloaded GOOGL/1769900725.json -> /tmp/minio_downloads/GOOGL/1769900725.json
[2026-02-03T20:53:39.320+0000] {logging_mixin.py:188} INFO - Downloaded GOOGL/1769900726.json -> /tmp/minio_downloads/GOOGL/1769900726.json
[2026-02-03T20:53:39.327+0000] {logging_mixin.py:188} INFO - Downloaded GOOGL/1769900727.json -> /tmp/minio_downloads/GOOGL/1769900727.json
[2026-02-03T20:53:39.334+0000] {logging_mixin.py:188} INFO - Downloaded GOOGL/1769900728.json -> /tmp/minio_downloads/GOOGL/1769900728.json
[2026-02-03T20:53:39.341+0000] {logging_mixin.py:188} INFO - Downloaded GOOGL/1769900729.json -> /tmp/minio_downloads/GOOGL/1769900729.json
[2026-02-03T20:53:39.349+0000] {logging_mixin.py:188} INFO - Downloaded GOOGL/1769900730.json -> /tmp/minio_downloads/GOOGL/1769900730.json
[2026-02-03T20:53:39.355+0000] {logging_mixin.py:188} INFO - Downloaded GOOGL/1769900731.json -> /tmp/minio_downloads/GOOGL/1769900731.json
[2026-02-03T20:53:39.361+0000] {logging_mixin.py:188} INFO - Downloaded GOOGL/1769900732.json -> /tmp/minio_downloads/GOOGL/1769900732.json
[2026-02-03T20:53:39.366+0000] {logging_mixin.py:188} INFO - Downloaded GOOGL/1769900733.json -> /tmp/minio_downloads/GOOGL/1769900733.json
[2026-02-03T20:53:39.373+0000] {logging_mixin.py:188} INFO - Downloaded GOOGL/1769900734.json -> /tmp/minio_downloads/GOOGL/1769900734.json
[2026-02-03T20:53:39.379+0000] {logging_mixin.py:188} INFO - Downloaded GOOGL/1769900735.json -> /tmp/minio_downloads/GOOGL/1769900735.json
[2026-02-03T20:53:39.385+0000] {logging_mixin.py:188} INFO - Downloaded GOOGL/1769900736.json -> /tmp/minio_downloads/GOOGL/1769900736.json
[2026-02-03T20:53:39.391+0000] {logging_mixin.py:188} INFO - Downloaded GOOGL/1769900737.json -> /tmp/minio_downloads/GOOGL/1769900737.json
[2026-02-03T20:53:39.397+0000] {logging_mixin.py:188} INFO - Downloaded GOOGL/1769900738.json -> /tmp/minio_downloads/GOOGL/1769900738.json
[2026-02-03T20:53:39.404+0000] {logging_mixin.py:188} INFO - Downloaded GOOGL/1769900739.json -> /tmp/minio_downloads/GOOGL/1769900739.json
[2026-02-03T20:53:39.410+0000] {logging_mixin.py:188} INFO - Downloaded GOOGL/1769900740.json -> /tmp/minio_downloads/GOOGL/1769900740.json
[2026-02-03T20:53:39.416+0000] {logging_mixin.py:188} INFO - Downloaded GOOGL/1769900741.json -> /tmp/minio_downloads/GOOGL/1769900741.json
[2026-02-03T20:53:39.423+0000] {logging_mixin.py:188} INFO - Downloaded GOOGL/1769900742.json -> /tmp/minio_downloads/GOOGL/1769900742.json
[2026-02-03T20:53:39.428+0000] {logging_mixin.py:188} INFO - Downloaded GOOGL/1769900743.json -> /tmp/minio_downloads/GOOGL/1769900743.json
[2026-02-03T20:53:39.435+0000] {logging_mixin.py:188} INFO - Downloaded GOOGL/1769900744.json -> /tmp/minio_downloads/GOOGL/1769900744.json
[2026-02-03T20:53:39.442+0000] {logging_mixin.py:188} INFO - Downloaded GOOGL/1769900745.json -> /tmp/minio_downloads/GOOGL/1769900745.json
[2026-02-03T20:53:39.447+0000] {logging_mixin.py:188} INFO - Downloaded GOOGL/1769900746.json -> /tmp/minio_downloads/GOOGL/1769900746.json
[2026-02-03T20:53:39.455+0000] {logging_mixin.py:188} INFO - Downloaded GOOGL/1769900747.json -> /tmp/minio_downloads/GOOGL/1769900747.json
[2026-02-03T20:53:39.461+0000] {logging_mixin.py:188} INFO - Downloaded GOOGL/1769900748.json -> /tmp/minio_downloads/GOOGL/1769900748.json
[2026-02-03T20:53:39.466+0000] {logging_mixin.py:188} INFO - Downloaded GOOGL/1769900749.json -> /tmp/minio_downloads/GOOGL/1769900749.json
[2026-02-03T20:53:39.474+0000] {logging_mixin.py:188} INFO - Downloaded GOOGL/1769900750.json -> /tmp/minio_downloads/GOOGL/1769900750.json
[2026-02-03T20:53:39.480+0000] {logging_mixin.py:188} INFO - Downloaded GOOGL/1769900751.json -> /tmp/minio_downloads/GOOGL/1769900751.json
[2026-02-03T20:53:39.487+0000] {logging_mixin.py:188} INFO - Downloaded GOOGL/1769900752.json -> /tmp/minio_downloads/GOOGL/1769900752.json
[2026-02-03T20:53:39.493+0000] {logging_mixin.py:188} INFO - Downloaded GOOGL/1769900753.json -> /tmp/minio_downloads/GOOGL/1769900753.json
[2026-02-03T20:53:39.500+0000] {logging_mixin.py:188} INFO - Downloaded GOOGL/1769900754.json -> /tmp/minio_downloads/GOOGL/1769900754.json
[2026-02-03T20:53:39.506+0000] {logging_mixin.py:188} INFO - Downloaded GOOGL/1769900755.json -> /tmp/minio_downloads/GOOGL/1769900755.json
[2026-02-03T20:53:39.512+0000] {logging_mixin.py:188} INFO - Downloaded GOOGL/1769900756.json -> /tmp/minio_downloads/GOOGL/1769900756.json
[2026-02-03T20:53:39.519+0000] {logging_mixin.py:188} INFO - Downloaded GOOGL/1769900757.json -> /tmp/minio_downloads/GOOGL/1769900757.json
[2026-02-03T20:53:39.525+0000] {logging_mixin.py:188} INFO - Downloaded GOOGL/1769900758.json -> /tmp/minio_downloads/GOOGL/1769900758.json
[2026-02-03T20:53:39.531+0000] {logging_mixin.py:188} INFO - Downloaded GOOGL/1769900759.json -> /tmp/minio_downloads/GOOGL/1769900759.json
[2026-02-03T20:53:39.537+0000] {logging_mixin.py:188} INFO - Downloaded GOOGL/1769900760.json -> /tmp/minio_downloads/GOOGL/1769900760.json
[2026-02-03T20:53:39.542+0000] {logging_mixin.py:188} INFO - Downloaded GOOGL/1769900761.json -> /tmp/minio_downloads/GOOGL/1769900761.json
[2026-02-03T20:53:39.549+0000] {logging_mixin.py:188} INFO - Downloaded GOOGL/1769900762.json -> /tmp/minio_downloads/GOOGL/1769900762.json
[2026-02-03T20:53:39.555+0000] {logging_mixin.py:188} INFO - Downloaded GOOGL/1769900763.json -> /tmp/minio_downloads/GOOGL/1769900763.json
[2026-02-03T20:53:39.561+0000] {logging_mixin.py:188} INFO - Downloaded GOOGL/1769900764.json -> /tmp/minio_downloads/GOOGL/1769900764.json
[2026-02-03T20:53:39.568+0000] {logging_mixin.py:188} INFO - Downloaded GOOGL/1769900765.json -> /tmp/minio_downloads/GOOGL/1769900765.json
[2026-02-03T20:53:39.573+0000] {logging_mixin.py:188} INFO - Downloaded GOOGL/1769900766.json -> /tmp/minio_downloads/GOOGL/1769900766.json
[2026-02-03T20:53:39.580+0000] {logging_mixin.py:188} INFO - Downloaded MSFT/1769900678.json -> /tmp/minio_downloads/MSFT/1769900678.json
[2026-02-03T20:53:39.585+0000] {logging_mixin.py:188} INFO - Downloaded MSFT/1769900679.json -> /tmp/minio_downloads/MSFT/1769900679.json
[2026-02-03T20:53:39.591+0000] {logging_mixin.py:188} INFO - Downloaded MSFT/1769900680.json -> /tmp/minio_downloads/MSFT/1769900680.json
[2026-02-03T20:53:39.597+0000] {logging_mixin.py:188} INFO - Downloaded MSFT/1769900681.json -> /tmp/minio_downloads/MSFT/1769900681.json
[2026-02-03T20:53:39.603+0000] {logging_mixin.py:188} INFO - Downloaded MSFT/1769900682.json -> /tmp/minio_downloads/MSFT/1769900682.json
[2026-02-03T20:53:39.609+0000] {logging_mixin.py:188} INFO - Downloaded MSFT/1769900683.json -> /tmp/minio_downloads/MSFT/1769900683.json
[2026-02-03T20:53:39.614+0000] {logging_mixin.py:188} INFO - Downloaded MSFT/1769900684.json -> /tmp/minio_downloads/MSFT/1769900684.json
[2026-02-03T20:53:39.620+0000] {logging_mixin.py:188} INFO - Downloaded MSFT/1769900685.json -> /tmp/minio_downloads/MSFT/1769900685.json
[2026-02-03T20:53:39.627+0000] {logging_mixin.py:188} INFO - Downloaded MSFT/1769900686.json -> /tmp/minio_downloads/MSFT/1769900686.json
[2026-02-03T20:53:39.633+0000] {logging_mixin.py:188} INFO - Downloaded MSFT/1769900687.json -> /tmp/minio_downloads/MSFT/1769900687.json
[2026-02-03T20:53:39.638+0000] {logging_mixin.py:188} INFO - Downloaded MSFT/1769900688.json -> /tmp/minio_downloads/MSFT/1769900688.json
[2026-02-03T20:53:39.644+0000] {logging_mixin.py:188} INFO - Downloaded MSFT/1769900689.json -> /tmp/minio_downloads/MSFT/1769900689.json
[2026-02-03T20:53:39.650+0000] {logging_mixin.py:188} INFO - Downloaded MSFT/1769900690.json -> /tmp/minio_downloads/MSFT/1769900690.json
[2026-02-03T20:53:39.657+0000] {logging_mixin.py:188} INFO - Downloaded MSFT/1769900691.json -> /tmp/minio_downloads/MSFT/1769900691.json
[2026-02-03T20:53:39.662+0000] {logging_mixin.py:188} INFO - Downloaded MSFT/1769900692.json -> /tmp/minio_downloads/MSFT/1769900692.json
[2026-02-03T20:53:39.668+0000] {logging_mixin.py:188} INFO - Downloaded MSFT/1769900693.json -> /tmp/minio_downloads/MSFT/1769900693.json
[2026-02-03T20:53:39.674+0000] {logging_mixin.py:188} INFO - Downloaded MSFT/1769900694.json -> /tmp/minio_downloads/MSFT/1769900694.json
[2026-02-03T20:53:39.679+0000] {logging_mixin.py:188} INFO - Downloaded MSFT/1769900695.json -> /tmp/minio_downloads/MSFT/1769900695.json
[2026-02-03T20:53:39.684+0000] {logging_mixin.py:188} INFO - Downloaded MSFT/1769900696.json -> /tmp/minio_downloads/MSFT/1769900696.json
[2026-02-03T20:53:39.692+0000] {logging_mixin.py:188} INFO - Downloaded MSFT/1769900697.json -> /tmp/minio_downloads/MSFT/1769900697.json
[2026-02-03T20:53:39.699+0000] {logging_mixin.py:188} INFO - Downloaded MSFT/1769900698.json -> /tmp/minio_downloads/MSFT/1769900698.json
[2026-02-03T20:53:39.706+0000] {logging_mixin.py:188} INFO - Downloaded MSFT/1769900699.json -> /tmp/minio_downloads/MSFT/1769900699.json
[2026-02-03T20:53:39.714+0000] {logging_mixin.py:188} INFO - Downloaded MSFT/1769900700.json -> /tmp/minio_downloads/MSFT/1769900700.json
[2026-02-03T20:53:39.723+0000] {logging_mixin.py:188} INFO - Downloaded MSFT/1769900701.json -> /tmp/minio_downloads/MSFT/1769900701.json
[2026-02-03T20:53:39.732+0000] {logging_mixin.py:188} INFO - Downloaded MSFT/1769900702.json -> /tmp/minio_downloads/MSFT/1769900702.json
[2026-02-03T20:53:39.740+0000] {logging_mixin.py:188} INFO - Downloaded MSFT/1769900703.json -> /tmp/minio_downloads/MSFT/1769900703.json
[2026-02-03T20:53:39.748+0000] {logging_mixin.py:188} INFO - Downloaded MSFT/1769900704.json -> /tmp/minio_downloads/MSFT/1769900704.json
[2026-02-03T20:53:39.754+0000] {logging_mixin.py:188} INFO - Downloaded MSFT/1769900705.json -> /tmp/minio_downloads/MSFT/1769900705.json
[2026-02-03T20:53:39.761+0000] {logging_mixin.py:188} INFO - Downloaded MSFT/1769900706.json -> /tmp/minio_downloads/MSFT/1769900706.json
[2026-02-03T20:53:39.767+0000] {logging_mixin.py:188} INFO - Downloaded MSFT/1769900707.json -> /tmp/minio_downloads/MSFT/1769900707.json
[2026-02-03T20:53:39.773+0000] {logging_mixin.py:188} INFO - Downloaded MSFT/1769900708.json -> /tmp/minio_downloads/MSFT/1769900708.json
[2026-02-03T20:53:39.779+0000] {logging_mixin.py:188} INFO - Downloaded MSFT/1769900709.json -> /tmp/minio_downloads/MSFT/1769900709.json
[2026-02-03T20:53:39.786+0000] {logging_mixin.py:188} INFO - Downloaded MSFT/1769900710.json -> /tmp/minio_downloads/MSFT/1769900710.json
[2026-02-03T20:53:39.792+0000] {logging_mixin.py:188} INFO - Downloaded MSFT/1769900711.json -> /tmp/minio_downloads/MSFT/1769900711.json
[2026-02-03T20:53:39.799+0000] {logging_mixin.py:188} INFO - Downloaded MSFT/1769900712.json -> /tmp/minio_downloads/MSFT/1769900712.json
[2026-02-03T20:53:39.806+0000] {logging_mixin.py:188} INFO - Downloaded MSFT/1769900713.json -> /tmp/minio_downloads/MSFT/1769900713.json
[2026-02-03T20:53:39.812+0000] {logging_mixin.py:188} INFO - Downloaded MSFT/1769900714.json -> /tmp/minio_downloads/MSFT/1769900714.json
[2026-02-03T20:53:39.819+0000] {logging_mixin.py:188} INFO - Downloaded MSFT/1769900715.json -> /tmp/minio_downloads/MSFT/1769900715.json
[2026-02-03T20:53:39.826+0000] {logging_mixin.py:188} INFO - Downloaded MSFT/1769900716.json -> /tmp/minio_downloads/MSFT/1769900716.json
[2026-02-03T20:53:39.833+0000] {logging_mixin.py:188} INFO - Downloaded MSFT/1769900717.json -> /tmp/minio_downloads/MSFT/1769900717.json
[2026-02-03T20:53:39.840+0000] {logging_mixin.py:188} INFO - Downloaded MSFT/1769900718.json -> /tmp/minio_downloads/MSFT/1769900718.json
[2026-02-03T20:53:39.847+0000] {logging_mixin.py:188} INFO - Downloaded MSFT/1769900719.json -> /tmp/minio_downloads/MSFT/1769900719.json
[2026-02-03T20:53:39.854+0000] {logging_mixin.py:188} INFO - Downloaded MSFT/1769900720.json -> /tmp/minio_downloads/MSFT/1769900720.json
[2026-02-03T20:53:39.861+0000] {logging_mixin.py:188} INFO - Downloaded MSFT/1769900721.json -> /tmp/minio_downloads/MSFT/1769900721.json
[2026-02-03T20:53:39.867+0000] {logging_mixin.py:188} INFO - Downloaded MSFT/1769900722.json -> /tmp/minio_downloads/MSFT/1769900722.json
[2026-02-03T20:53:39.874+0000] {logging_mixin.py:188} INFO - Downloaded MSFT/1769900723.json -> /tmp/minio_downloads/MSFT/1769900723.json
[2026-02-03T20:53:39.881+0000] {logging_mixin.py:188} INFO - Downloaded MSFT/1769900724.json -> /tmp/minio_downloads/MSFT/1769900724.json
[2026-02-03T20:53:39.888+0000] {logging_mixin.py:188} INFO - Downloaded MSFT/1769900725.json -> /tmp/minio_downloads/MSFT/1769900725.json
[2026-02-03T20:53:39.895+0000] {logging_mixin.py:188} INFO - Downloaded MSFT/1769900726.json -> /tmp/minio_downloads/MSFT/1769900726.json
[2026-02-03T20:53:39.902+0000] {logging_mixin.py:188} INFO - Downloaded MSFT/1769900727.json -> /tmp/minio_downloads/MSFT/1769900727.json
[2026-02-03T20:53:39.908+0000] {logging_mixin.py:188} INFO - Downloaded MSFT/1769900728.json -> /tmp/minio_downloads/MSFT/1769900728.json
[2026-02-03T20:53:39.914+0000] {logging_mixin.py:188} INFO - Downloaded MSFT/1769900729.json -> /tmp/minio_downloads/MSFT/1769900729.json
[2026-02-03T20:53:39.921+0000] {logging_mixin.py:188} INFO - Downloaded MSFT/1769900730.json -> /tmp/minio_downloads/MSFT/1769900730.json
[2026-02-03T20:53:39.928+0000] {logging_mixin.py:188} INFO - Downloaded MSFT/1769900731.json -> /tmp/minio_downloads/MSFT/1769900731.json
[2026-02-03T20:53:39.934+0000] {logging_mixin.py:188} INFO - Downloaded MSFT/1769900732.json -> /tmp/minio_downloads/MSFT/1769900732.json
[2026-02-03T20:53:39.940+0000] {logging_mixin.py:188} INFO - Downloaded MSFT/1769900733.json -> /tmp/minio_downloads/MSFT/1769900733.json
[2026-02-03T20:53:39.945+0000] {logging_mixin.py:188} INFO - Downloaded MSFT/1769900734.json -> /tmp/minio_downloads/MSFT/1769900734.json
[2026-02-03T20:53:39.951+0000] {logging_mixin.py:188} INFO - Downloaded MSFT/1769900735.json -> /tmp/minio_downloads/MSFT/1769900735.json
[2026-02-03T20:53:39.957+0000] {logging_mixin.py:188} INFO - Downloaded MSFT/1769900736.json -> /tmp/minio_downloads/MSFT/1769900736.json
[2026-02-03T20:53:39.963+0000] {logging_mixin.py:188} INFO - Downloaded MSFT/1769900737.json -> /tmp/minio_downloads/MSFT/1769900737.json
[2026-02-03T20:53:39.968+0000] {logging_mixin.py:188} INFO - Downloaded MSFT/1769900738.json -> /tmp/minio_downloads/MSFT/1769900738.json
[2026-02-03T20:53:39.973+0000] {logging_mixin.py:188} INFO - Downloaded MSFT/1769900739.json -> /tmp/minio_downloads/MSFT/1769900739.json
[2026-02-03T20:53:39.979+0000] {logging_mixin.py:188} INFO - Downloaded MSFT/1769900740.json -> /tmp/minio_downloads/MSFT/1769900740.json
[2026-02-03T20:53:39.987+0000] {logging_mixin.py:188} INFO - Downloaded MSFT/1769900741.json -> /tmp/minio_downloads/MSFT/1769900741.json
[2026-02-03T20:53:39.993+0000] {logging_mixin.py:188} INFO - Downloaded MSFT/1769900742.json -> /tmp/minio_downloads/MSFT/1769900742.json
[2026-02-03T20:53:39.999+0000] {logging_mixin.py:188} INFO - Downloaded MSFT/1769900743.json -> /tmp/minio_downloads/MSFT/1769900743.json
[2026-02-03T20:53:40.006+0000] {logging_mixin.py:188} INFO - Downloaded MSFT/1769900744.json -> /tmp/minio_downloads/MSFT/1769900744.json
[2026-02-03T20:53:40.013+0000] {logging_mixin.py:188} INFO - Downloaded MSFT/1769900745.json -> /tmp/minio_downloads/MSFT/1769900745.json
[2026-02-03T20:53:40.019+0000] {logging_mixin.py:188} INFO - Downloaded MSFT/1769900746.json -> /tmp/minio_downloads/MSFT/1769900746.json
[2026-02-03T20:53:40.026+0000] {logging_mixin.py:188} INFO - Downloaded MSFT/1769900747.json -> /tmp/minio_downloads/MSFT/1769900747.json
[2026-02-03T20:53:40.036+0000] {logging_mixin.py:188} INFO - Downloaded MSFT/1769900748.json -> /tmp/minio_downloads/MSFT/1769900748.json
[2026-02-03T20:53:40.045+0000] {logging_mixin.py:188} INFO - Downloaded MSFT/1769900749.json -> /tmp/minio_downloads/MSFT/1769900749.json
[2026-02-03T20:53:40.051+0000] {logging_mixin.py:188} INFO - Downloaded MSFT/1769900750.json -> /tmp/minio_downloads/MSFT/1769900750.json
[2026-02-03T20:53:40.059+0000] {logging_mixin.py:188} INFO - Downloaded MSFT/1769900751.json -> /tmp/minio_downloads/MSFT/1769900751.json
[2026-02-03T20:53:40.065+0000] {logging_mixin.py:188} INFO - Downloaded MSFT/1769900752.json -> /tmp/minio_downloads/MSFT/1769900752.json
[2026-02-03T20:53:40.072+0000] {logging_mixin.py:188} INFO - Downloaded MSFT/1769900753.json -> /tmp/minio_downloads/MSFT/1769900753.json
[2026-02-03T20:53:40.078+0000] {logging_mixin.py:188} INFO - Downloaded MSFT/1769900754.json -> /tmp/minio_downloads/MSFT/1769900754.json
[2026-02-03T20:53:40.085+0000] {logging_mixin.py:188} INFO - Downloaded MSFT/1769900755.json -> /tmp/minio_downloads/MSFT/1769900755.json
[2026-02-03T20:53:40.092+0000] {logging_mixin.py:188} INFO - Downloaded MSFT/1769900756.json -> /tmp/minio_downloads/MSFT/1769900756.json
[2026-02-03T20:53:40.099+0000] {logging_mixin.py:188} INFO - Downloaded MSFT/1769900757.json -> /tmp/minio_downloads/MSFT/1769900757.json
[2026-02-03T20:53:40.106+0000] {logging_mixin.py:188} INFO - Downloaded MSFT/1769900758.json -> /tmp/minio_downloads/MSFT/1769900758.json
[2026-02-03T20:53:40.113+0000] {logging_mixin.py:188} INFO - Downloaded MSFT/1769900759.json -> /tmp/minio_downloads/MSFT/1769900759.json
[2026-02-03T20:53:40.119+0000] {logging_mixin.py:188} INFO - Downloaded MSFT/1769900760.json -> /tmp/minio_downloads/MSFT/1769900760.json
[2026-02-03T20:53:40.125+0000] {logging_mixin.py:188} INFO - Downloaded MSFT/1769900761.json -> /tmp/minio_downloads/MSFT/1769900761.json
[2026-02-03T20:53:40.131+0000] {logging_mixin.py:188} INFO - Downloaded MSFT/1769900762.json -> /tmp/minio_downloads/MSFT/1769900762.json
[2026-02-03T20:53:40.137+0000] {logging_mixin.py:188} INFO - Downloaded MSFT/1769900763.json -> /tmp/minio_downloads/MSFT/1769900763.json
[2026-02-03T20:53:40.143+0000] {logging_mixin.py:188} INFO - Downloaded MSFT/1769900764.json -> /tmp/minio_downloads/MSFT/1769900764.json
[2026-02-03T20:53:40.149+0000] {logging_mixin.py:188} INFO - Downloaded MSFT/1769900765.json -> /tmp/minio_downloads/MSFT/1769900765.json
[2026-02-03T20:53:40.156+0000] {logging_mixin.py:188} INFO - Downloaded MSFT/1769900766.json -> /tmp/minio_downloads/MSFT/1769900766.json
[2026-02-03T20:53:40.163+0000] {logging_mixin.py:188} INFO - Downloaded TSLA/1769900678.json -> /tmp/minio_downloads/TSLA/1769900678.json
[2026-02-03T20:53:40.169+0000] {logging_mixin.py:188} INFO - Downloaded TSLA/1769900679.json -> /tmp/minio_downloads/TSLA/1769900679.json
[2026-02-03T20:53:40.174+0000] {logging_mixin.py:188} INFO - Downloaded TSLA/1769900680.json -> /tmp/minio_downloads/TSLA/1769900680.json
[2026-02-03T20:53:40.180+0000] {logging_mixin.py:188} INFO - Downloaded TSLA/1769900681.json -> /tmp/minio_downloads/TSLA/1769900681.json
[2026-02-03T20:53:40.187+0000] {logging_mixin.py:188} INFO - Downloaded TSLA/1769900682.json -> /tmp/minio_downloads/TSLA/1769900682.json
[2026-02-03T20:53:40.193+0000] {logging_mixin.py:188} INFO - Downloaded TSLA/1769900683.json -> /tmp/minio_downloads/TSLA/1769900683.json
[2026-02-03T20:53:40.200+0000] {logging_mixin.py:188} INFO - Downloaded TSLA/1769900684.json -> /tmp/minio_downloads/TSLA/1769900684.json
[2026-02-03T20:53:40.205+0000] {logging_mixin.py:188} INFO - Downloaded TSLA/1769900685.json -> /tmp/minio_downloads/TSLA/1769900685.json
[2026-02-03T20:53:40.211+0000] {logging_mixin.py:188} INFO - Downloaded TSLA/1769900686.json -> /tmp/minio_downloads/TSLA/1769900686.json
[2026-02-03T20:53:40.217+0000] {logging_mixin.py:188} INFO - Downloaded TSLA/1769900687.json -> /tmp/minio_downloads/TSLA/1769900687.json
[2026-02-03T20:53:40.223+0000] {logging_mixin.py:188} INFO - Downloaded TSLA/1769900688.json -> /tmp/minio_downloads/TSLA/1769900688.json
[2026-02-03T20:53:40.230+0000] {logging_mixin.py:188} INFO - Downloaded TSLA/1769900689.json -> /tmp/minio_downloads/TSLA/1769900689.json
[2026-02-03T20:53:40.236+0000] {logging_mixin.py:188} INFO - Downloaded TSLA/1769900690.json -> /tmp/minio_downloads/TSLA/1769900690.json
[2026-02-03T20:53:40.241+0000] {logging_mixin.py:188} INFO - Downloaded TSLA/1769900691.json -> /tmp/minio_downloads/TSLA/1769900691.json
[2026-02-03T20:53:40.249+0000] {logging_mixin.py:188} INFO - Downloaded TSLA/1769900692.json -> /tmp/minio_downloads/TSLA/1769900692.json
[2026-02-03T20:53:40.255+0000] {logging_mixin.py:188} INFO - Downloaded TSLA/1769900693.json -> /tmp/minio_downloads/TSLA/1769900693.json
[2026-02-03T20:53:40.261+0000] {logging_mixin.py:188} INFO - Downloaded TSLA/1769900694.json -> /tmp/minio_downloads/TSLA/1769900694.json
[2026-02-03T20:53:40.269+0000] {logging_mixin.py:188} INFO - Downloaded TSLA/1769900695.json -> /tmp/minio_downloads/TSLA/1769900695.json
[2026-02-03T20:53:40.278+0000] {logging_mixin.py:188} INFO - Downloaded TSLA/1769900696.json -> /tmp/minio_downloads/TSLA/1769900696.json
[2026-02-03T20:53:40.287+0000] {logging_mixin.py:188} INFO - Downloaded TSLA/1769900697.json -> /tmp/minio_downloads/TSLA/1769900697.json
[2026-02-03T20:53:40.295+0000] {logging_mixin.py:188} INFO - Downloaded TSLA/1769900698.json -> /tmp/minio_downloads/TSLA/1769900698.json
[2026-02-03T20:53:40.303+0000] {logging_mixin.py:188} INFO - Downloaded TSLA/1769900699.json -> /tmp/minio_downloads/TSLA/1769900699.json
[2026-02-03T20:53:40.310+0000] {logging_mixin.py:188} INFO - Downloaded TSLA/1769900700.json -> /tmp/minio_downloads/TSLA/1769900700.json
[2026-02-03T20:53:40.319+0000] {logging_mixin.py:188} INFO - Downloaded TSLA/1769900701.json -> /tmp/minio_downloads/TSLA/1769900701.json
[2026-02-03T20:53:40.329+0000] {logging_mixin.py:188} INFO - Downloaded TSLA/1769900702.json -> /tmp/minio_downloads/TSLA/1769900702.json
[2026-02-03T20:53:40.339+0000] {logging_mixin.py:188} INFO - Downloaded TSLA/1769900703.json -> /tmp/minio_downloads/TSLA/1769900703.json
[2026-02-03T20:53:40.348+0000] {logging_mixin.py:188} INFO - Downloaded TSLA/1769900704.json -> /tmp/minio_downloads/TSLA/1769900704.json
[2026-02-03T20:53:40.358+0000] {logging_mixin.py:188} INFO - Downloaded TSLA/1769900705.json -> /tmp/minio_downloads/TSLA/1769900705.json
[2026-02-03T20:53:40.366+0000] {logging_mixin.py:188} INFO - Downloaded TSLA/1769900706.json -> /tmp/minio_downloads/TSLA/1769900706.json
[2026-02-03T20:53:40.375+0000] {logging_mixin.py:188} INFO - Downloaded TSLA/1769900707.json -> /tmp/minio_downloads/TSLA/1769900707.json
[2026-02-03T20:53:40.384+0000] {logging_mixin.py:188} INFO - Downloaded TSLA/1769900708.json -> /tmp/minio_downloads/TSLA/1769900708.json
[2026-02-03T20:53:40.391+0000] {logging_mixin.py:188} INFO - Downloaded TSLA/1769900709.json -> /tmp/minio_downloads/TSLA/1769900709.json
[2026-02-03T20:53:40.399+0000] {logging_mixin.py:188} INFO - Downloaded TSLA/1769900710.json -> /tmp/minio_downloads/TSLA/1769900710.json
[2026-02-03T20:53:40.406+0000] {logging_mixin.py:188} INFO - Downloaded TSLA/1769900711.json -> /tmp/minio_downloads/TSLA/1769900711.json
[2026-02-03T20:53:40.413+0000] {logging_mixin.py:188} INFO - Downloaded TSLA/1769900712.json -> /tmp/minio_downloads/TSLA/1769900712.json
[2026-02-03T20:53:40.420+0000] {logging_mixin.py:188} INFO - Downloaded TSLA/1769900713.json -> /tmp/minio_downloads/TSLA/1769900713.json
[2026-02-03T20:53:40.426+0000] {logging_mixin.py:188} INFO - Downloaded TSLA/1769900714.json -> /tmp/minio_downloads/TSLA/1769900714.json
[2026-02-03T20:53:40.432+0000] {logging_mixin.py:188} INFO - Downloaded TSLA/1769900715.json -> /tmp/minio_downloads/TSLA/1769900715.json
[2026-02-03T20:53:40.439+0000] {logging_mixin.py:188} INFO - Downloaded TSLA/1769900716.json -> /tmp/minio_downloads/TSLA/1769900716.json
[2026-02-03T20:53:40.445+0000] {logging_mixin.py:188} INFO - Downloaded TSLA/1769900717.json -> /tmp/minio_downloads/TSLA/1769900717.json
[2026-02-03T20:53:40.451+0000] {logging_mixin.py:188} INFO - Downloaded TSLA/1769900718.json -> /tmp/minio_downloads/TSLA/1769900718.json
[2026-02-03T20:53:40.456+0000] {logging_mixin.py:188} INFO - Downloaded TSLA/1769900719.json -> /tmp/minio_downloads/TSLA/1769900719.json
[2026-02-03T20:53:40.463+0000] {logging_mixin.py:188} INFO - Downloaded TSLA/1769900720.json -> /tmp/minio_downloads/TSLA/1769900720.json
[2026-02-03T20:53:40.469+0000] {logging_mixin.py:188} INFO - Downloaded TSLA/1769900721.json -> /tmp/minio_downloads/TSLA/1769900721.json
[2026-02-03T20:53:40.475+0000] {logging_mixin.py:188} INFO - Downloaded TSLA/1769900722.json -> /tmp/minio_downloads/TSLA/1769900722.json
[2026-02-03T20:53:40.480+0000] {logging_mixin.py:188} INFO - Downloaded TSLA/1769900723.json -> /tmp/minio_downloads/TSLA/1769900723.json
[2026-02-03T20:53:40.486+0000] {logging_mixin.py:188} INFO - Downloaded TSLA/1769900724.json -> /tmp/minio_downloads/TSLA/1769900724.json
[2026-02-03T20:53:40.492+0000] {logging_mixin.py:188} INFO - Downloaded TSLA/1769900725.json -> /tmp/minio_downloads/TSLA/1769900725.json
[2026-02-03T20:53:40.498+0000] {logging_mixin.py:188} INFO - Downloaded TSLA/1769900726.json -> /tmp/minio_downloads/TSLA/1769900726.json
[2026-02-03T20:53:40.504+0000] {logging_mixin.py:188} INFO - Downloaded TSLA/1769900727.json -> /tmp/minio_downloads/TSLA/1769900727.json
[2026-02-03T20:53:40.510+0000] {logging_mixin.py:188} INFO - Downloaded TSLA/1769900728.json -> /tmp/minio_downloads/TSLA/1769900728.json
[2026-02-03T20:53:40.516+0000] {logging_mixin.py:188} INFO - Downloaded TSLA/1769900729.json -> /tmp/minio_downloads/TSLA/1769900729.json
[2026-02-03T20:53:40.522+0000] {logging_mixin.py:188} INFO - Downloaded TSLA/1769900730.json -> /tmp/minio_downloads/TSLA/1769900730.json
[2026-02-03T20:53:40.529+0000] {logging_mixin.py:188} INFO - Downloaded TSLA/1769900731.json -> /tmp/minio_downloads/TSLA/1769900731.json
[2026-02-03T20:53:40.536+0000] {logging_mixin.py:188} INFO - Downloaded TSLA/1769900732.json -> /tmp/minio_downloads/TSLA/1769900732.json
[2026-02-03T20:53:40.543+0000] {logging_mixin.py:188} INFO - Downloaded TSLA/1769900733.json -> /tmp/minio_downloads/TSLA/1769900733.json
[2026-02-03T20:53:40.549+0000] {logging_mixin.py:188} INFO - Downloaded TSLA/1769900734.json -> /tmp/minio_downloads/TSLA/1769900734.json
[2026-02-03T20:53:40.558+0000] {logging_mixin.py:188} INFO - Downloaded TSLA/1769900735.json -> /tmp/minio_downloads/TSLA/1769900735.json
[2026-02-03T20:53:40.565+0000] {logging_mixin.py:188} INFO - Downloaded TSLA/1769900736.json -> /tmp/minio_downloads/TSLA/1769900736.json
[2026-02-03T20:53:40.571+0000] {logging_mixin.py:188} INFO - Downloaded TSLA/1769900737.json -> /tmp/minio_downloads/TSLA/1769900737.json
[2026-02-03T20:53:40.577+0000] {logging_mixin.py:188} INFO - Downloaded TSLA/1769900738.json -> /tmp/minio_downloads/TSLA/1769900738.json
[2026-02-03T20:53:40.583+0000] {logging_mixin.py:188} INFO - Downloaded TSLA/1769900739.json -> /tmp/minio_downloads/TSLA/1769900739.json
[2026-02-03T20:53:40.589+0000] {logging_mixin.py:188} INFO - Downloaded TSLA/1769900740.json -> /tmp/minio_downloads/TSLA/1769900740.json
[2026-02-03T20:53:40.595+0000] {logging_mixin.py:188} INFO - Downloaded TSLA/1769900741.json -> /tmp/minio_downloads/TSLA/1769900741.json
[2026-02-03T20:53:40.600+0000] {logging_mixin.py:188} INFO - Downloaded TSLA/1769900742.json -> /tmp/minio_downloads/TSLA/1769900742.json
[2026-02-03T20:53:40.606+0000] {logging_mixin.py:188} INFO - Downloaded TSLA/1769900743.json -> /tmp/minio_downloads/TSLA/1769900743.json
[2026-02-03T20:53:40.613+0000] {logging_mixin.py:188} INFO - Downloaded TSLA/1769900744.json -> /tmp/minio_downloads/TSLA/1769900744.json
[2026-02-03T20:53:40.621+0000] {logging_mixin.py:188} INFO - Downloaded TSLA/1769900745.json -> /tmp/minio_downloads/TSLA/1769900745.json
[2026-02-03T20:53:40.627+0000] {logging_mixin.py:188} INFO - Downloaded TSLA/1769900746.json -> /tmp/minio_downloads/TSLA/1769900746.json
[2026-02-03T20:53:40.634+0000] {logging_mixin.py:188} INFO - Downloaded TSLA/1769900747.json -> /tmp/minio_downloads/TSLA/1769900747.json
[2026-02-03T20:53:40.641+0000] {logging_mixin.py:188} INFO - Downloaded TSLA/1769900748.json -> /tmp/minio_downloads/TSLA/1769900748.json
[2026-02-03T20:53:40.649+0000] {logging_mixin.py:188} INFO - Downloaded TSLA/1769900749.json -> /tmp/minio_downloads/TSLA/1769900749.json
[2026-02-03T20:53:40.657+0000] {logging_mixin.py:188} INFO - Downloaded TSLA/1769900750.json -> /tmp/minio_downloads/TSLA/1769900750.json
[2026-02-03T20:53:40.663+0000] {logging_mixin.py:188} INFO - Downloaded TSLA/1769900751.json -> /tmp/minio_downloads/TSLA/1769900751.json
[2026-02-03T20:53:40.669+0000] {logging_mixin.py:188} INFO - Downloaded TSLA/1769900752.json -> /tmp/minio_downloads/TSLA/1769900752.json
[2026-02-03T20:53:40.676+0000] {logging_mixin.py:188} INFO - Downloaded TSLA/1769900753.json -> /tmp/minio_downloads/TSLA/1769900753.json
[2026-02-03T20:53:40.683+0000] {logging_mixin.py:188} INFO - Downloaded TSLA/1769900754.json -> /tmp/minio_downloads/TSLA/1769900754.json
[2026-02-03T20:53:40.689+0000] {logging_mixin.py:188} INFO - Downloaded TSLA/1769900755.json -> /tmp/minio_downloads/TSLA/1769900755.json
[2026-02-03T20:53:40.697+0000] {logging_mixin.py:188} INFO - Downloaded TSLA/1769900756.json -> /tmp/minio_downloads/TSLA/1769900756.json
[2026-02-03T20:53:40.704+0000] {logging_mixin.py:188} INFO - Downloaded TSLA/1769900757.json -> /tmp/minio_downloads/TSLA/1769900757.json
[2026-02-03T20:53:40.711+0000] {logging_mixin.py:188} INFO - Downloaded TSLA/1769900758.json -> /tmp/minio_downloads/TSLA/1769900758.json
[2026-02-03T20:53:40.720+0000] {logging_mixin.py:188} INFO - Downloaded TSLA/1769900759.json -> /tmp/minio_downloads/TSLA/1769900759.json
[2026-02-03T20:53:40.726+0000] {logging_mixin.py:188} INFO - Downloaded TSLA/1769900760.json -> /tmp/minio_downloads/TSLA/1769900760.json
[2026-02-03T20:53:40.732+0000] {logging_mixin.py:188} INFO - Downloaded TSLA/1769900761.json -> /tmp/minio_downloads/TSLA/1769900761.json
[2026-02-03T20:53:40.739+0000] {logging_mixin.py:188} INFO - Downloaded TSLA/1769900762.json -> /tmp/minio_downloads/TSLA/1769900762.json
[2026-02-03T20:53:40.745+0000] {logging_mixin.py:188} INFO - Downloaded TSLA/1769900763.json -> /tmp/minio_downloads/TSLA/1769900763.json
[2026-02-03T20:53:40.751+0000] {logging_mixin.py:188} INFO - Downloaded TSLA/1769900764.json -> /tmp/minio_downloads/TSLA/1769900764.json
[2026-02-03T20:53:40.757+0000] {logging_mixin.py:188} INFO - Downloaded TSLA/1769900765.json -> /tmp/minio_downloads/TSLA/1769900765.json
[2026-02-03T20:53:40.762+0000] {logging_mixin.py:188} INFO - Downloaded TSLA/1769900766.json -> /tmp/minio_downloads/TSLA/1769900766.json
[2026-02-03T20:53:40.763+0000] {python.py:237} INFO - Done. Returned value was: ['/tmp/minio_downloads/AAPL/1769900678.json', '/tmp/minio_downloads/AAPL/1769900679.json', '/tmp/minio_downloads/AAPL/1769900680.json', '/tmp/minio_downloads/AAPL/1769900681.json', '/tmp/minio_downloads/AAPL/1769900682.json', '/tmp/minio_downloads/AAPL/1769900683.json', '/tmp/minio_downloads/AAPL/1769900684.json', '/tmp/minio_downloads/AAPL/1769900685.json', '/tmp/minio_downloads/AAPL/1769900686.json', '/tmp/minio_downloads/AAPL/1769900687.json', '/tmp/minio_downloads/AAPL/1769900688.json', '/tmp/minio_downloads/AAPL/1769900689.json', '/tmp/minio_downloads/AAPL/1769900690.json', '/tmp/minio_downloads/AAPL/1769900691.json', '/tmp/minio_downloads/AAPL/1769900692.json', '/tmp/minio_downloads/AAPL/1769900693.json', '/tmp/minio_downloads/AAPL/1769900694.json', '/tmp/minio_downloads/AAPL/1769900695.json', '/tmp/minio_downloads/AAPL/1769900696.json', '/tmp/minio_downloads/AAPL/1769900697.json', '/tmp/minio_downloads/AAPL/1769900698.json', '/tmp/minio_downloads/AAPL/1769900699.json', '/tmp/minio_downloads/AAPL/1769900700.json', '/tmp/minio_downloads/AAPL/1769900701.json', '/tmp/minio_downloads/AAPL/1769900702.json', '/tmp/minio_downloads/AAPL/1769900703.json', '/tmp/minio_downloads/AAPL/1769900704.json', '/tmp/minio_downloads/AAPL/1769900705.json', '/tmp/minio_downloads/AAPL/1769900706.json', '/tmp/minio_downloads/AAPL/1769900707.json', '/tmp/minio_downloads/AAPL/1769900708.json', '/tmp/minio_downloads/AAPL/1769900709.json', '/tmp/minio_downloads/AAPL/1769900710.json', '/tmp/minio_downloads/AAPL/1769900711.json', '/tmp/minio_downloads/AAPL/1769900712.json', '/tmp/minio_downloads/AAPL/1769900713.json', '/tmp/minio_downloads/AAPL/1769900714.json', '/tmp/minio_downloads/AAPL/1769900715.json', '/tmp/minio_downloads/AAPL/1769900716.json', '/tmp/minio_downloads/AAPL/1769900717.json', '/tmp/minio_downloads/AAPL/1769900718.json', '/tmp/minio_downloads/AAPL/1769900719.json', '/tmp/minio_downloads/AAPL/1769900720.json', '/tmp/minio_downloads/AAPL/1769900721.json', '/tmp/minio_downloads/AAPL/1769900722.json', '/tmp/minio_downloads/AAPL/1769900723.json', '/tmp/minio_downloads/AAPL/1769900724.json', '/tmp/minio_downloads/AAPL/1769900725.json', '/tmp/minio_downloads/AAPL/1769900726.json', '/tmp/minio_downloads/AAPL/1769900727.json', '/tmp/minio_downloads/AAPL/1769900728.json', '/tmp/minio_downloads/AAPL/1769900729.json', '/tmp/minio_downloads/AAPL/1769900730.json', '/tmp/minio_downloads/AAPL/1769900731.json', '/tmp/minio_downloads/AAPL/1769900732.json', '/tmp/minio_downloads/AAPL/1769900733.json', '/tmp/minio_downloads/AAPL/1769900734.json', '/tmp/minio_downloads/AAPL/1769900735.json', '/tmp/minio_downloads/AAPL/1769900736.json', '/tmp/minio_downloads/AAPL/1769900737.json', '/tmp/minio_downloads/AAPL/1769900738.json', '/tmp/minio_downloads/AAPL/1769900739.json', '/tmp/minio_downloads/AAPL/1769900740.json', '/tmp/minio_downloads/AAPL/1769900741.json', '/tmp/minio_downloads/AAPL/1769900742.json', '/tmp/minio_downloads/AAPL/1769900743.json', '/tmp/minio_downloads/AAPL/1769900744.json', '/tmp/minio_downloads/AAPL/1769900745.json', '/tmp/minio_downloads/AAPL/1769900746.json', '/tmp/minio_downloads/AAPL/1769900747.json', '/tmp/minio_downloads/AAPL/1769900748.json', '/tmp/minio_downloads/AAPL/1769900749.json', '/tmp/minio_downloads/AAPL/1769900750.json', '/tmp/minio_downloads/AAPL/1769900751.json', '/tmp/minio_downloads/AAPL/1769900752.json', '/tmp/minio_downloads/AAPL/1769900753.json', '/tmp/minio_downloads/AAPL/1769900754.json', '/tmp/minio_downloads/AAPL/1769900755.json', '/tmp/minio_downloads/AAPL/1769900756.json', '/tmp/minio_downloads/AAPL/1769900757.json', '/tmp/minio_downloads/AAPL/1769900758.json', '/tmp/minio_downloads/AAPL/1769900759.json', '/tmp/minio_downloads/AAPL/1769900760.json', '/tmp/minio_downloads/AAPL/1769900761.json', '/tmp/minio_downloads/AAPL/1769900762.json', '/tmp/minio_downloads/AAPL/1769900763.json', '/tmp/minio_downloads/AAPL/1769900764.json', '/tmp/minio_downloads/AAPL/1769900765.json', '/tmp/minio_downloads/AAPL/1769900766.json', '/tmp/minio_downloads/AMZN/1769900678.json', '/tmp/minio_downloads/AMZN/1769900679.json', '/tmp/minio_downloads/AMZN/1769900680.json', '/tmp/minio_downloads/AMZN/1769900681.json', '/tmp/minio_downloads/AMZN/1769900682.json', '/tmp/minio_downloads/AMZN/1769900683.json', '/tmp/minio_downloads/AMZN/1769900684.json', '/tmp/minio_downloads/AMZN/1769900685.json', '/tmp/minio_downloads/AMZN/1769900686.json', '/tmp/minio_downloads/AMZN/1769900687.json', '/tmp/minio_downloads/AMZN/1769900688.json', '/tmp/minio_downloads/AMZN/1769900689.json', '/tmp/minio_downloads/AMZN/1769900690.json', '/tmp/minio_downloads/AMZN/1769900691.json', '/tmp/minio_downloads/AMZN/1769900692.json', '/tmp/minio_downloads/AMZN/1769900693.json', '/tmp/minio_downloads/AMZN/1769900694.json', '/tmp/minio_downloads/AMZN/1769900695.json', '/tmp/minio_downloads/AMZN/1769900696.json', '/tmp/minio_downloads/AMZN/1769900697.json', '/tmp/minio_downloads/AMZN/1769900698.json', '/tmp/minio_downloads/AMZN/1769900699.json', '/tmp/minio_downloads/AMZN/1769900700.json', '/tmp/minio_downloads/AMZN/1769900701.json', '/tmp/minio_downloads/AMZN/1769900702.json', '/tmp/minio_downloads/AMZN/1769900703.json', '/tmp/minio_downloads/AMZN/1769900704.json', '/tmp/minio_downloads/AMZN/1769900705.json', '/tmp/minio_downloads/AMZN/1769900706.json', '/tmp/minio_downloads/AMZN/1769900707.json', '/tmp/minio_downloads/AMZN/1769900708.json', '/tmp/minio_downloads/AMZN/1769900709.json', '/tmp/minio_downloads/AMZN/1769900710.json', '/tmp/minio_downloads/AMZN/1769900711.json', '/tmp/minio_downloads/AMZN/1769900712.json', '/tmp/minio_downloads/AMZN/1769900713.json', '/tmp/minio_downloads/AMZN/1769900714.json', '/tmp/minio_downloads/AMZN/1769900715.json', '/tmp/minio_downloads/AMZN/1769900716.json', '/tmp/minio_downloads/AMZN/1769900717.json', '/tmp/minio_downloads/AMZN/1769900718.json', '/tmp/minio_downloads/AMZN/1769900719.json', '/tmp/minio_downloads/AMZN/1769900720.json', '/tmp/minio_downloads/AMZN/1769900721.json', '/tmp/minio_downloads/AMZN/1769900722.json', '/tmp/minio_downloads/AMZN/1769900723.json', '/tmp/minio_downloads/AMZN/1769900724.json', '/tmp/minio_downloads/AMZN/1769900725.json', '/tmp/minio_downloads/AMZN/1769900726.json', '/tmp/minio_downloads/AMZN/1769900727.json', '/tmp/minio_downloads/AMZN/1769900728.json', '/tmp/minio_downloads/AMZN/1769900729.json', '/tmp/minio_downloads/AMZN/1769900730.json', '/tmp/minio_downloads/AMZN/1769900731.json', '/tmp/minio_downloads/AMZN/1769900732.json', '/tmp/minio_downloads/AMZN/1769900733.json', '/tmp/minio_downloads/AMZN/1769900734.json', '/tmp/minio_downloads/AMZN/1769900735.json', '/tmp/minio_downloads/AMZN/1769900736.json', '/tmp/minio_downloads/AMZN/1769900737.json', '/tmp/minio_downloads/AMZN/1769900738.json', '/tmp/minio_downloads/AMZN/1769900739.json', '/tmp/minio_downloads/AMZN/1769900740.json', '/tmp/minio_downloads/AMZN/1769900741.json', '/tmp/minio_downloads/AMZN/1769900742.json', '/tmp/minio_downloads/AMZN/1769900743.json', '/tmp/minio_downloads/AMZN/1769900744.json', '/tmp/minio_downloads/AMZN/1769900745.json', '/tmp/minio_downloads/AMZN/1769900746.json', '/tmp/minio_downloads/AMZN/1769900747.json', '/tmp/minio_downloads/AMZN/1769900748.json', '/tmp/minio_downloads/AMZN/1769900749.json', '/tmp/minio_downloads/AMZN/1769900750.json', '/tmp/minio_downloads/AMZN/1769900751.json', '/tmp/minio_downloads/AMZN/1769900752.json', '/tmp/minio_downloads/AMZN/1769900753.json', '/tmp/minio_downloads/AMZN/1769900754.json', '/tmp/minio_downloads/AMZN/1769900755.json', '/tmp/minio_downloads/AMZN/1769900756.json', '/tmp/minio_downloads/AMZN/1769900757.json', '/tmp/minio_downloads/AMZN/1769900758.json', '/tmp/minio_downloads/AMZN/1769900759.json', '/tmp/minio_downloads/AMZN/1769900760.json', '/tmp/minio_downloads/AMZN/1769900761.json', '/tmp/minio_downloads/AMZN/1769900762.json', '/tmp/minio_downloads/AMZN/1769900763.json', '/tmp/minio_downloads/AMZN/1769900764.json', '/tmp/minio_downloads/AMZN/1769900765.json', '/tmp/minio_downloads/AMZN/1769900766.json', '/tmp/minio_downloads/GOOGL/1769900678.json', '/tmp/minio_downloads/GOOGL/1769900679.json', '/tmp/minio_downloads/GOOGL/1769900680.json', '/tmp/minio_downloads/GOOGL/1769900681.json', '/tmp/minio_downloads/GOOGL/1769900682.json', '/tmp/minio_downloads/GOOGL/1769900683.json', '/tmp/minio_downloads/GOOGL/1769900684.json', '/tmp/minio_downloads/GOOGL/1769900685.json', '/tmp/minio_downloads/GOOGL/1769900686.json', '/tmp/minio_downloads/GOOGL/1769900687.json', '/tmp/minio_downloads/GOOGL/1769900688.json', '/tmp/minio_downloads/GOOGL/1769900689.json', '/tmp/minio_downloads/GOOGL/1769900690.json', '/tmp/minio_downloads/GOOGL/1769900691.json', '/tmp/minio_downloads/GOOGL/1769900692.json', '/tmp/minio_downloads/GOOGL/1769900693.json', '/tmp/minio_downloads/GOOGL/1769900694.json', '/tmp/minio_downloads/GOOGL/1769900695.json', '/tmp/minio_downloads/GOOGL/1769900696.json', '/tmp/minio_downloads/GOOGL/1769900697.json', '/tmp/minio_downloads/GOOGL/1769900698.json', '/tmp/minio_downloads/GOOGL/1769900699.json', '/tmp/minio_downloads/GOOGL/1769900700.json', '/tmp/minio_downloads/GOOGL/1769900701.json', '/tmp/minio_downloads/GOOGL/1769900702.json', '/tmp/minio_downloads/GOOGL/1769900703.json', '/tmp/minio_downloads/GOOGL/1769900704.json', '/tmp/minio_downloads/GOOGL/1769900705.json', '/tmp/minio_downloads/GOOGL/1769900706.json', '/tmp/minio_downloads/GOOGL/1769900707.json', '/tmp/minio_downloads/GOOGL/1769900708.json', '/tmp/minio_downloads/GOOGL/1769900709.json', '/tmp/minio_downloads/GOOGL/1769900710.json', '/tmp/minio_downloads/GOOGL/1769900711.json', '/tmp/minio_downloads/GOOGL/1769900712.json', '/tmp/minio_downloads/GOOGL/1769900713.json', '/tmp/minio_downloads/GOOGL/1769900714.json', '/tmp/minio_downloads/GOOGL/1769900715.json', '/tmp/minio_downloads/GOOGL/1769900716.json', '/tmp/minio_downloads/GOOGL/1769900717.json', '/tmp/minio_downloads/GOOGL/1769900718.json', '/tmp/minio_downloads/GOOGL/1769900719.json', '/tmp/minio_downloads/GOOGL/1769900720.json', '/tmp/minio_downloads/GOOGL/1769900721.json', '/tmp/minio_downloads/GOOGL/1769900722.json', '/tmp/minio_downloads/GOOGL/1769900723.json', '/tmp/minio_downloads/GOOGL/1769900724.json', '/tmp/minio_downloads/GOOGL/1769900725.json', '/tmp/minio_downloads/GOOGL/1769900726.json', '/tmp/minio_downloads/GOOGL/1769900727.json', '/tmp/minio_downloads/GOOGL/1769900728.json', '/tmp/minio_downloads/GOOGL/1769900729.json', '/tmp/minio_downloads/GOOGL/1769900730.json', '/tmp/minio_downloads/GOOGL/1769900731.json', '/tmp/minio_downloads/GOOGL/1769900732.json', '/tmp/minio_downloads/GOOGL/1769900733.json', '/tmp/minio_downloads/GOOGL/1769900734.json', '/tmp/minio_downloads/GOOGL/1769900735.json', '/tmp/minio_downloads/GOOGL/1769900736.json', '/tmp/minio_downloads/GOOGL/1769900737.json', '/tmp/minio_downloads/GOOGL/1769900738.json', '/tmp/minio_downloads/GOOGL/1769900739.json', '/tmp/minio_downloads/GOOGL/1769900740.json', '/tmp/minio_downloads/GOOGL/1769900741.json', '/tmp/minio_downloads/GOOGL/1769900742.json', '/tmp/minio_downloads/GOOGL/1769900743.json', '/tmp/minio_downloads/GOOGL/1769900744.json', '/tmp/minio_downloads/GOOGL/1769900745.json', '/tmp/minio_downloads/GOOGL/1769900746.json', '/tmp/minio_downloads/GOOGL/1769900747.json', '/tmp/minio_downloads/GOOGL/1769900748.json', '/tmp/minio_downloads/GOOGL/1769900749.json', '/tmp/minio_downloads/GOOGL/1769900750.json', '/tmp/minio_downloads/GOOGL/1769900751.json', '/tmp/minio_downloads/GOOGL/1769900752.json', '/tmp/minio_downloads/GOOGL/1769900753.json', '/tmp/minio_downloads/GOOGL/1769900754.json', '/tmp/minio_downloads/GOOGL/1769900755.json', '/tmp/minio_downloads/GOOGL/1769900756.json', '/tmp/minio_downloads/GOOGL/1769900757.json', '/tmp/minio_downloads/GOOGL/1769900758.json', '/tmp/minio_downloads/GOOGL/1769900759.json', '/tmp/minio_downloads/GOOGL/1769900760.json', '/tmp/minio_downloads/GOOGL/1769900761.json', '/tmp/minio_downloads/GOOGL/1769900762.json', '/tmp/minio_downloads/GOOGL/1769900763.json', '/tmp/minio_downloads/GOOGL/1769900764.json', '/tmp/minio_downloads/GOOGL/1769900765.json', '/tmp/minio_downloads/GOOGL/1769900766.json', '/tmp/minio_downloads/MSFT/1769900678.json', '/tmp/minio_downloads/MSFT/1769900679.json', '/tmp/minio_downloads/MSFT/1769900680.json', '/tmp/minio_downloads/MSFT/1769900681.json', '/tmp/minio_downloads/MSFT/1769900682.json', '/tmp/minio_downloads/MSFT/1769900683.json', '/tmp/minio_downloads/MSFT/1769900684.json', '/tmp/minio_downloads/MSFT/1769900685.json', '/tmp/minio_downloads/MSFT/1769900686.json', '/tmp/minio_downloads/MSFT/1769900687.json', '/tmp/minio_downloads/MSFT/1769900688.json', '/tmp/minio_downloads/MSFT/1769900689.json', '/tmp/minio_downloads/MSFT/1769900690.json', '/tmp/minio_downloads/MSFT/1769900691.json', '/tmp/minio_downloads/MSFT/1769900692.json', '/tmp/minio_downloads/MSFT/1769900693.json', '/tmp/minio_downloads/MSFT/1769900694.json', '/tmp/minio_downloads/MSFT/1769900695.json', '/tmp/minio_downloads/MSFT/1769900696.json', '/tmp/minio_downloads/MSFT/1769900697.json', '/tmp/minio_downloads/MSFT/1769900698.json', '/tmp/minio_downloads/MSFT/1769900699.json', '/tmp/minio_downloads/MSFT/1769900700.json', '/tmp/minio_downloads/MSFT/1769900701.json', '/tmp/minio_downloads/MSFT/1769900702.json', '/tmp/minio_downloads/MSFT/1769900703.json', '/tmp/minio_downloads/MSFT/1769900704.json', '/tmp/minio_downloads/MSFT/1769900705.json', '/tmp/minio_downloads/MSFT/1769900706.json', '/tmp/minio_downloads/MSFT/1769900707.json', '/tmp/minio_downloads/MSFT/1769900708.json', '/tmp/minio_downloads/MSFT/1769900709.json', '/tmp/minio_downloads/MSFT/1769900710.json', '/tmp/minio_downloads/MSFT/1769900711.json', '/tmp/minio_downloads/MSFT/1769900712.json', '/tmp/minio_downloads/MSFT/1769900713.json', '/tmp/minio_downloads/MSFT/1769900714.json', '/tmp/minio_downloads/MSFT/1769900715.json', '/tmp/minio_downloads/MSFT/1769900716.json', '/tmp/minio_downloads/MSFT/1769900717.json', '/tmp/minio_downloads/MSFT/1769900718.json', '/tmp/minio_downloads/MSFT/1769900719.json', '/tmp/minio_downloads/MSFT/1769900720.json', '/tmp/minio_downloads/MSFT/1769900721.json', '/tmp/minio_downloads/MSFT/1769900722.json', '/tmp/minio_downloads/MSFT/1769900723.json', '/tmp/minio_downloads/MSFT/1769900724.json', '/tmp/minio_downloads/MSFT/1769900725.json', '/tmp/minio_downloads/MSFT/1769900726.json', '/tmp/minio_downloads/MSFT/1769900727.json', '/tmp/minio_downloads/MSFT/1769900728.json', '/tmp/minio_downloads/MSFT/1769900729.json', '/tmp/minio_downloads/MSFT/1769900730.json', '/tmp/minio_downloads/MSFT/1769900731.json', '/tmp/minio_downloads/MSFT/1769900732.json', '/tmp/minio_downloads/MSFT/1769900733.json', '/tmp/minio_downloads/MSFT/1769900734.json', '/tmp/minio_downloads/MSFT/1769900735.json', '/tmp/minio_downloads/MSFT/1769900736.json', '/tmp/minio_downloads/MSFT/1769900737.json', '/tmp/minio_downloads/MSFT/1769900738.json', '/tmp/minio_downloads/MSFT/1769900739.json', '/tmp/minio_downloads/MSFT/1769900740.json', '/tmp/minio_downloads/MSFT/1769900741.json', '/tmp/minio_downloads/MSFT/1769900742.json', '/tmp/minio_downloads/MSFT/1769900743.json', '/tmp/minio_downloads/MSFT/1769900744.json', '/tmp/minio_downloads/MSFT/1769900745.json', '/tmp/minio_downloads/MSFT/1769900746.json', '/tmp/minio_downloads/MSFT/1769900747.json', '/tmp/minio_downloads/MSFT/1769900748.json', '/tmp/minio_downloads/MSFT/1769900749.json', '/tmp/minio_downloads/MSFT/1769900750.json', '/tmp/minio_downloads/MSFT/1769900751.json', '/tmp/minio_downloads/MSFT/1769900752.json', '/tmp/minio_downloads/MSFT/1769900753.json', '/tmp/minio_downloads/MSFT/1769900754.json', '/tmp/minio_downloads/MSFT/1769900755.json', '/tmp/minio_downloads/MSFT/1769900756.json', '/tmp/minio_downloads/MSFT/1769900757.json', '/tmp/minio_downloads/MSFT/1769900758.json', '/tmp/minio_downloads/MSFT/1769900759.json', '/tmp/minio_downloads/MSFT/1769900760.json', '/tmp/minio_downloads/MSFT/1769900761.json', '/tmp/minio_downloads/MSFT/1769900762.json', '/tmp/minio_downloads/MSFT/1769900763.json', '/tmp/minio_downloads/MSFT/1769900764.json', '/tmp/minio_downloads/MSFT/1769900765.json', '/tmp/minio_downloads/MSFT/1769900766.json', '/tmp/minio_downloads/TSLA/1769900678.json', '/tmp/minio_downloads/TSLA/1769900679.json', '/tmp/minio_downloads/TSLA/1769900680.json', '/tmp/minio_downloads/TSLA/1769900681.json', '/tmp/minio_downloads/TSLA/1769900682.json', '/tmp/minio_downloads/TSLA/1769900683.json', '/tmp/minio_downloads/TSLA/1769900684.json', '/tmp/minio_downloads/TSLA/1769900685.json', '/tmp/minio_downloads/TSLA/1769900686.json', '/tmp/minio_downloads/TSLA/1769900687.json', '/tmp/minio_downloads/TSLA/1769900688.json', '/tmp/minio_downloads/TSLA/1769900689.json', '/tmp/minio_downloads/TSLA/1769900690.json', '/tmp/minio_downloads/TSLA/1769900691.json', '/tmp/minio_downloads/TSLA/1769900692.json', '/tmp/minio_downloads/TSLA/1769900693.json', '/tmp/minio_downloads/TSLA/1769900694.json', '/tmp/minio_downloads/TSLA/1769900695.json', '/tmp/minio_downloads/TSLA/1769900696.json', '/tmp/minio_downloads/TSLA/1769900697.json', '/tmp/minio_downloads/TSLA/1769900698.json', '/tmp/minio_downloads/TSLA/1769900699.json', '/tmp/minio_downloads/TSLA/1769900700.json', '/tmp/minio_downloads/TSLA/1769900701.json', '/tmp/minio_downloads/TSLA/1769900702.json', '/tmp/minio_downloads/TSLA/1769900703.json', '/tmp/minio_downloads/TSLA/1769900704.json', '/tmp/minio_downloads/TSLA/1769900705.json', '/tmp/minio_downloads/TSLA/1769900706.json', '/tmp/minio_downloads/TSLA/1769900707.json', '/tmp/minio_downloads/TSLA/1769900708.json', '/tmp/minio_downloads/TSLA/1769900709.json', '/tmp/minio_downloads/TSLA/1769900710.json', '/tmp/minio_downloads/TSLA/1769900711.json', '/tmp/minio_downloads/TSLA/1769900712.json', '/tmp/minio_downloads/TSLA/1769900713.json', '/tmp/minio_downloads/TSLA/1769900714.json', '/tmp/minio_downloads/TSLA/1769900715.json', '/tmp/minio_downloads/TSLA/1769900716.json', '/tmp/minio_downloads/TSLA/1769900717.json', '/tmp/minio_downloads/TSLA/1769900718.json', '/tmp/minio_downloads/TSLA/1769900719.json', '/tmp/minio_downloads/TSLA/1769900720.json', '/tmp/minio_downloads/TSLA/1769900721.json', '/tmp/minio_downloads/TSLA/1769900722.json', '/tmp/minio_downloads/TSLA/1769900723.json', '/tmp/minio_downloads/TSLA/1769900724.json', '/tmp/minio_downloads/TSLA/1769900725.json', '/tmp/minio_downloads/TSLA/1769900726.json', '/tmp/minio_downloads/TSLA/1769900727.json', '/tmp/minio_downloads/TSLA/1769900728.json', '/tmp/minio_downloads/TSLA/1769900729.json', '/tmp/minio_downloads/TSLA/1769900730.json', '/tmp/minio_downloads/TSLA/1769900731.json', '/tmp/minio_downloads/TSLA/1769900732.json', '/tmp/minio_downloads/TSLA/1769900733.json', '/tmp/minio_downloads/TSLA/1769900734.json', '/tmp/minio_downloads/TSLA/1769900735.json', '/tmp/minio_downloads/TSLA/1769900736.json', '/tmp/minio_downloads/TSLA/1769900737.json', '/tmp/minio_downloads/TSLA/1769900738.json', '/tmp/minio_downloads/TSLA/1769900739.json', '/tmp/minio_downloads/TSLA/1769900740.json', '/tmp/minio_downloads/TSLA/1769900741.json', '/tmp/minio_downloads/TSLA/1769900742.json', '/tmp/minio_downloads/TSLA/1769900743.json', '/tmp/minio_downloads/TSLA/1769900744.json', '/tmp/minio_downloads/TSLA/1769900745.json', '/tmp/minio_downloads/TSLA/1769900746.json', '/tmp/minio_downloads/TSLA/1769900747.json', '/tmp/minio_downloads/TSLA/1769900748.json', '/tmp/minio_downloads/TSLA/1769900749.json', '/tmp/minio_downloads/TSLA/1769900750.json', '/tmp/minio_downloads/TSLA/1769900751.json', '/tmp/minio_downloads/TSLA/1769900752.json', '/tmp/minio_downloads/TSLA/1769900753.json', '/tmp/minio_downloads/TSLA/1769900754.json', '/tmp/minio_downloads/TSLA/1769900755.json', '/tmp/minio_downloads/TSLA/1769900756.json', '/tmp/minio_downloads/TSLA/1769900757.json', '/tmp/minio_downloads/TSLA/1769900758.json', '/tmp/minio_downloads/TSLA/1769900759.json', '/tmp/minio_downloads/TSLA/1769900760.json', '/tmp/minio_downloads/TSLA/1769900761.json', '/tmp/minio_downloads/TSLA/1769900762.json', '/tmp/minio_downloads/TSLA/1769900763.json', '/tmp/minio_downloads/TSLA/1769900764.json', '/tmp/minio_downloads/TSLA/1769900765.json', '/tmp/minio_downloads/TSLA/1769900766.json']
[2026-02-03T20:53:40.765+0000] {taskinstance.py:441} INFO - ::group::Post task execution logs
[2026-02-03T20:53:40.784+0000] {taskinstance.py:1206} INFO - Marking task as SUCCESS. dag_id=minio_to_snowflake, task_id=download_minio, run_id=scheduled__2026-02-03T20:52:00+00:00, execution_date=20260203T205200, start_date=20260203T205337, end_date=20260203T205340
[2026-02-03T20:53:40.824+0000] {local_task_job_runner.py:243} INFO - Task exited with return code 0
[2026-02-03T20:53:40.839+0000] {taskinstance.py:3503} INFO - 1 downstream tasks scheduled from follow-on schedule check
[2026-02-03T20:53:40.842+0000] {local_task_job_runner.py:222} INFO - ::endgroup::
