[2026-02-03T20:12:54.715+0000] {local_task_job_runner.py:120} INFO - ::group::Pre task execution logs
[2026-02-03T20:12:54.735+0000] {taskinstance.py:2076} INFO - Dependencies all met for dep_context=non-requeueable deps ti=<TaskInstance: minio_to_snowflake.download_minio scheduled__2026-02-03T20:11:00+00:00 [queued]>
[2026-02-03T20:12:54.741+0000] {taskinstance.py:2076} INFO - Dependencies all met for dep_context=requeueable deps ti=<TaskInstance: minio_to_snowflake.download_minio scheduled__2026-02-03T20:11:00+00:00 [queued]>
[2026-02-03T20:12:54.741+0000] {taskinstance.py:2306} INFO - Starting attempt 1 of 2
[2026-02-03T20:12:54.749+0000] {taskinstance.py:2330} INFO - Executing <Task(PythonOperator): download_minio> on 2026-02-03 20:11:00+00:00
[2026-02-03T20:12:54.755+0000] {standard_task_runner.py:90} INFO - Running: ['***', 'tasks', 'run', 'minio_to_snowflake', 'download_minio', 'scheduled__2026-02-03T20:11:00+00:00', '--job-id', '253', '--raw', '--subdir', 'DAGS_FOLDER/minio_to_snowflake.py', '--cfg-path', '/tmp/tmpudg83cjm']
[2026-02-03T20:12:54.758+0000] {logging_mixin.py:188} WARNING - /home/***/.local/lib/python3.12/site-packages/***/task/task_runner/standard_task_runner.py:62 DeprecationWarning: This process (pid=2478) is multi-threaded, use of fork() may lead to deadlocks in the child.
[2026-02-03T20:12:54.759+0000] {standard_task_runner.py:91} INFO - Job 253: Subtask download_minio
[2026-02-03T20:12:54.759+0000] {standard_task_runner.py:64} INFO - Started process 2502 to run task
[2026-02-03T20:12:54.818+0000] {task_command.py:426} INFO - Running <TaskInstance: minio_to_snowflake.download_minio scheduled__2026-02-03T20:11:00+00:00 [running]> on host e6e1c513bfd4
[2026-02-03T20:12:54.879+0000] {taskinstance.py:2648} INFO - Exporting env vars: AIRFLOW_CTX_DAG_OWNER='***' AIRFLOW_CTX_DAG_ID='minio_to_snowflake' AIRFLOW_CTX_TASK_ID='download_minio' AIRFLOW_CTX_EXECUTION_DATE='2026-02-03T20:11:00+00:00' AIRFLOW_CTX_TRY_NUMBER='1' AIRFLOW_CTX_DAG_RUN_ID='scheduled__2026-02-03T20:11:00+00:00'
[2026-02-03T20:12:54.880+0000] {taskinstance.py:430} INFO - ::endgroup::
[2026-02-03T20:12:55.171+0000] {logging_mixin.py:188} INFO - Downloaded AAPL/1769900678.json -> /tmp/minio_downloads/AAPL/1769900678.json
[2026-02-03T20:12:55.178+0000] {logging_mixin.py:188} INFO - Downloaded AAPL/1769900679.json -> /tmp/minio_downloads/AAPL/1769900679.json
[2026-02-03T20:12:55.183+0000] {logging_mixin.py:188} INFO - Downloaded AAPL/1769900680.json -> /tmp/minio_downloads/AAPL/1769900680.json
[2026-02-03T20:12:55.187+0000] {logging_mixin.py:188} INFO - Downloaded AAPL/1769900681.json -> /tmp/minio_downloads/AAPL/1769900681.json
[2026-02-03T20:12:55.192+0000] {logging_mixin.py:188} INFO - Downloaded AAPL/1769900682.json -> /tmp/minio_downloads/AAPL/1769900682.json
[2026-02-03T20:12:55.197+0000] {logging_mixin.py:188} INFO - Downloaded AAPL/1769900683.json -> /tmp/minio_downloads/AAPL/1769900683.json
[2026-02-03T20:12:55.202+0000] {logging_mixin.py:188} INFO - Downloaded AAPL/1769900684.json -> /tmp/minio_downloads/AAPL/1769900684.json
[2026-02-03T20:12:55.211+0000] {logging_mixin.py:188} INFO - Downloaded AAPL/1769900685.json -> /tmp/minio_downloads/AAPL/1769900685.json
[2026-02-03T20:12:55.216+0000] {logging_mixin.py:188} INFO - Downloaded AAPL/1769900686.json -> /tmp/minio_downloads/AAPL/1769900686.json
[2026-02-03T20:12:55.222+0000] {logging_mixin.py:188} INFO - Downloaded AAPL/1769900687.json -> /tmp/minio_downloads/AAPL/1769900687.json
[2026-02-03T20:12:55.227+0000] {logging_mixin.py:188} INFO - Downloaded AAPL/1769900688.json -> /tmp/minio_downloads/AAPL/1769900688.json
[2026-02-03T20:12:55.231+0000] {logging_mixin.py:188} INFO - Downloaded AAPL/1769900689.json -> /tmp/minio_downloads/AAPL/1769900689.json
[2026-02-03T20:12:55.236+0000] {logging_mixin.py:188} INFO - Downloaded AAPL/1769900690.json -> /tmp/minio_downloads/AAPL/1769900690.json
[2026-02-03T20:12:55.241+0000] {logging_mixin.py:188} INFO - Downloaded AAPL/1769900691.json -> /tmp/minio_downloads/AAPL/1769900691.json
[2026-02-03T20:12:55.245+0000] {logging_mixin.py:188} INFO - Downloaded AAPL/1769900692.json -> /tmp/minio_downloads/AAPL/1769900692.json
[2026-02-03T20:12:55.250+0000] {logging_mixin.py:188} INFO - Downloaded AAPL/1769900693.json -> /tmp/minio_downloads/AAPL/1769900693.json
[2026-02-03T20:12:55.255+0000] {logging_mixin.py:188} INFO - Downloaded AAPL/1769900694.json -> /tmp/minio_downloads/AAPL/1769900694.json
[2026-02-03T20:12:55.261+0000] {logging_mixin.py:188} INFO - Downloaded AAPL/1769900695.json -> /tmp/minio_downloads/AAPL/1769900695.json
[2026-02-03T20:12:55.265+0000] {logging_mixin.py:188} INFO - Downloaded AAPL/1769900696.json -> /tmp/minio_downloads/AAPL/1769900696.json
[2026-02-03T20:12:55.271+0000] {logging_mixin.py:188} INFO - Downloaded AAPL/1769900697.json -> /tmp/minio_downloads/AAPL/1769900697.json
[2026-02-03T20:12:55.276+0000] {logging_mixin.py:188} INFO - Downloaded AAPL/1769900698.json -> /tmp/minio_downloads/AAPL/1769900698.json
[2026-02-03T20:12:55.282+0000] {logging_mixin.py:188} INFO - Downloaded AAPL/1769900699.json -> /tmp/minio_downloads/AAPL/1769900699.json
[2026-02-03T20:12:55.287+0000] {logging_mixin.py:188} INFO - Downloaded AAPL/1769900700.json -> /tmp/minio_downloads/AAPL/1769900700.json
[2026-02-03T20:12:55.292+0000] {logging_mixin.py:188} INFO - Downloaded AAPL/1769900701.json -> /tmp/minio_downloads/AAPL/1769900701.json
[2026-02-03T20:12:55.297+0000] {logging_mixin.py:188} INFO - Downloaded AAPL/1769900702.json -> /tmp/minio_downloads/AAPL/1769900702.json
[2026-02-03T20:12:55.301+0000] {logging_mixin.py:188} INFO - Downloaded AAPL/1769900703.json -> /tmp/minio_downloads/AAPL/1769900703.json
[2026-02-03T20:12:55.306+0000] {logging_mixin.py:188} INFO - Downloaded AAPL/1769900704.json -> /tmp/minio_downloads/AAPL/1769900704.json
[2026-02-03T20:12:55.311+0000] {logging_mixin.py:188} INFO - Downloaded AAPL/1769900705.json -> /tmp/minio_downloads/AAPL/1769900705.json
[2026-02-03T20:12:55.316+0000] {logging_mixin.py:188} INFO - Downloaded AAPL/1769900706.json -> /tmp/minio_downloads/AAPL/1769900706.json
[2026-02-03T20:12:55.321+0000] {logging_mixin.py:188} INFO - Downloaded AAPL/1769900707.json -> /tmp/minio_downloads/AAPL/1769900707.json
[2026-02-03T20:12:55.327+0000] {logging_mixin.py:188} INFO - Downloaded AAPL/1769900708.json -> /tmp/minio_downloads/AAPL/1769900708.json
[2026-02-03T20:12:55.332+0000] {logging_mixin.py:188} INFO - Downloaded AAPL/1769900709.json -> /tmp/minio_downloads/AAPL/1769900709.json
[2026-02-03T20:12:55.337+0000] {logging_mixin.py:188} INFO - Downloaded AAPL/1769900710.json -> /tmp/minio_downloads/AAPL/1769900710.json
[2026-02-03T20:12:55.341+0000] {logging_mixin.py:188} INFO - Downloaded AAPL/1769900711.json -> /tmp/minio_downloads/AAPL/1769900711.json
[2026-02-03T20:12:55.347+0000] {logging_mixin.py:188} INFO - Downloaded AAPL/1769900712.json -> /tmp/minio_downloads/AAPL/1769900712.json
[2026-02-03T20:12:55.352+0000] {logging_mixin.py:188} INFO - Downloaded AAPL/1769900713.json -> /tmp/minio_downloads/AAPL/1769900713.json
[2026-02-03T20:12:55.358+0000] {logging_mixin.py:188} INFO - Downloaded AAPL/1769900714.json -> /tmp/minio_downloads/AAPL/1769900714.json
[2026-02-03T20:12:55.364+0000] {logging_mixin.py:188} INFO - Downloaded AAPL/1769900715.json -> /tmp/minio_downloads/AAPL/1769900715.json
[2026-02-03T20:12:55.369+0000] {logging_mixin.py:188} INFO - Downloaded AAPL/1769900716.json -> /tmp/minio_downloads/AAPL/1769900716.json
[2026-02-03T20:12:55.375+0000] {logging_mixin.py:188} INFO - Downloaded AAPL/1769900717.json -> /tmp/minio_downloads/AAPL/1769900717.json
[2026-02-03T20:12:55.381+0000] {logging_mixin.py:188} INFO - Downloaded AAPL/1769900718.json -> /tmp/minio_downloads/AAPL/1769900718.json
[2026-02-03T20:12:55.386+0000] {logging_mixin.py:188} INFO - Downloaded AAPL/1769900719.json -> /tmp/minio_downloads/AAPL/1769900719.json
[2026-02-03T20:12:55.392+0000] {logging_mixin.py:188} INFO - Downloaded AAPL/1769900720.json -> /tmp/minio_downloads/AAPL/1769900720.json
[2026-02-03T20:12:55.398+0000] {logging_mixin.py:188} INFO - Downloaded AAPL/1769900721.json -> /tmp/minio_downloads/AAPL/1769900721.json
[2026-02-03T20:12:55.406+0000] {logging_mixin.py:188} INFO - Downloaded AAPL/1769900722.json -> /tmp/minio_downloads/AAPL/1769900722.json
[2026-02-03T20:12:55.413+0000] {logging_mixin.py:188} INFO - Downloaded AAPL/1769900723.json -> /tmp/minio_downloads/AAPL/1769900723.json
[2026-02-03T20:12:55.419+0000] {logging_mixin.py:188} INFO - Downloaded AAPL/1769900724.json -> /tmp/minio_downloads/AAPL/1769900724.json
[2026-02-03T20:12:55.425+0000] {logging_mixin.py:188} INFO - Downloaded AAPL/1769900725.json -> /tmp/minio_downloads/AAPL/1769900725.json
[2026-02-03T20:12:55.431+0000] {logging_mixin.py:188} INFO - Downloaded AAPL/1769900726.json -> /tmp/minio_downloads/AAPL/1769900726.json
[2026-02-03T20:12:55.436+0000] {logging_mixin.py:188} INFO - Downloaded AAPL/1769900727.json -> /tmp/minio_downloads/AAPL/1769900727.json
[2026-02-03T20:12:55.443+0000] {logging_mixin.py:188} INFO - Downloaded AAPL/1769900728.json -> /tmp/minio_downloads/AAPL/1769900728.json
[2026-02-03T20:12:55.448+0000] {logging_mixin.py:188} INFO - Downloaded AAPL/1769900729.json -> /tmp/minio_downloads/AAPL/1769900729.json
[2026-02-03T20:12:55.453+0000] {logging_mixin.py:188} INFO - Downloaded AAPL/1769900730.json -> /tmp/minio_downloads/AAPL/1769900730.json
[2026-02-03T20:12:55.458+0000] {logging_mixin.py:188} INFO - Downloaded AAPL/1769900731.json -> /tmp/minio_downloads/AAPL/1769900731.json
[2026-02-03T20:12:55.463+0000] {logging_mixin.py:188} INFO - Downloaded AAPL/1769900732.json -> /tmp/minio_downloads/AAPL/1769900732.json
[2026-02-03T20:12:55.468+0000] {logging_mixin.py:188} INFO - Downloaded AAPL/1769900733.json -> /tmp/minio_downloads/AAPL/1769900733.json
[2026-02-03T20:12:55.472+0000] {logging_mixin.py:188} INFO - Downloaded AAPL/1769900734.json -> /tmp/minio_downloads/AAPL/1769900734.json
[2026-02-03T20:12:55.477+0000] {logging_mixin.py:188} INFO - Downloaded AAPL/1769900735.json -> /tmp/minio_downloads/AAPL/1769900735.json
[2026-02-03T20:12:55.481+0000] {logging_mixin.py:188} INFO - Downloaded AAPL/1769900736.json -> /tmp/minio_downloads/AAPL/1769900736.json
[2026-02-03T20:12:55.486+0000] {logging_mixin.py:188} INFO - Downloaded AAPL/1769900737.json -> /tmp/minio_downloads/AAPL/1769900737.json
[2026-02-03T20:12:55.490+0000] {logging_mixin.py:188} INFO - Downloaded AAPL/1769900738.json -> /tmp/minio_downloads/AAPL/1769900738.json
[2026-02-03T20:12:55.495+0000] {logging_mixin.py:188} INFO - Downloaded AAPL/1769900739.json -> /tmp/minio_downloads/AAPL/1769900739.json
[2026-02-03T20:12:55.499+0000] {logging_mixin.py:188} INFO - Downloaded AAPL/1769900740.json -> /tmp/minio_downloads/AAPL/1769900740.json
[2026-02-03T20:12:55.504+0000] {logging_mixin.py:188} INFO - Downloaded AAPL/1769900741.json -> /tmp/minio_downloads/AAPL/1769900741.json
[2026-02-03T20:12:55.509+0000] {logging_mixin.py:188} INFO - Downloaded AAPL/1769900742.json -> /tmp/minio_downloads/AAPL/1769900742.json
[2026-02-03T20:12:55.513+0000] {logging_mixin.py:188} INFO - Downloaded AAPL/1769900743.json -> /tmp/minio_downloads/AAPL/1769900743.json
[2026-02-03T20:12:55.518+0000] {logging_mixin.py:188} INFO - Downloaded AAPL/1769900744.json -> /tmp/minio_downloads/AAPL/1769900744.json
[2026-02-03T20:12:55.522+0000] {logging_mixin.py:188} INFO - Downloaded AAPL/1769900745.json -> /tmp/minio_downloads/AAPL/1769900745.json
[2026-02-03T20:12:55.527+0000] {logging_mixin.py:188} INFO - Downloaded AAPL/1769900746.json -> /tmp/minio_downloads/AAPL/1769900746.json
[2026-02-03T20:12:55.532+0000] {logging_mixin.py:188} INFO - Downloaded AAPL/1769900747.json -> /tmp/minio_downloads/AAPL/1769900747.json
[2026-02-03T20:12:55.539+0000] {logging_mixin.py:188} INFO - Downloaded AAPL/1769900748.json -> /tmp/minio_downloads/AAPL/1769900748.json
[2026-02-03T20:12:55.544+0000] {logging_mixin.py:188} INFO - Downloaded AAPL/1769900749.json -> /tmp/minio_downloads/AAPL/1769900749.json
[2026-02-03T20:12:55.548+0000] {logging_mixin.py:188} INFO - Downloaded AAPL/1769900750.json -> /tmp/minio_downloads/AAPL/1769900750.json
[2026-02-03T20:12:55.553+0000] {logging_mixin.py:188} INFO - Downloaded AAPL/1769900751.json -> /tmp/minio_downloads/AAPL/1769900751.json
[2026-02-03T20:12:55.557+0000] {logging_mixin.py:188} INFO - Downloaded AAPL/1769900752.json -> /tmp/minio_downloads/AAPL/1769900752.json
[2026-02-03T20:12:55.561+0000] {logging_mixin.py:188} INFO - Downloaded AAPL/1769900753.json -> /tmp/minio_downloads/AAPL/1769900753.json
[2026-02-03T20:12:55.566+0000] {logging_mixin.py:188} INFO - Downloaded AAPL/1769900754.json -> /tmp/minio_downloads/AAPL/1769900754.json
[2026-02-03T20:12:55.570+0000] {logging_mixin.py:188} INFO - Downloaded AAPL/1769900755.json -> /tmp/minio_downloads/AAPL/1769900755.json
[2026-02-03T20:12:55.576+0000] {logging_mixin.py:188} INFO - Downloaded AAPL/1769900756.json -> /tmp/minio_downloads/AAPL/1769900756.json
[2026-02-03T20:12:55.581+0000] {logging_mixin.py:188} INFO - Downloaded AAPL/1769900757.json -> /tmp/minio_downloads/AAPL/1769900757.json
[2026-02-03T20:12:55.585+0000] {logging_mixin.py:188} INFO - Downloaded AAPL/1769900758.json -> /tmp/minio_downloads/AAPL/1769900758.json
[2026-02-03T20:12:55.590+0000] {logging_mixin.py:188} INFO - Downloaded AAPL/1769900759.json -> /tmp/minio_downloads/AAPL/1769900759.json
[2026-02-03T20:12:55.594+0000] {logging_mixin.py:188} INFO - Downloaded AAPL/1769900760.json -> /tmp/minio_downloads/AAPL/1769900760.json
[2026-02-03T20:12:55.599+0000] {logging_mixin.py:188} INFO - Downloaded AAPL/1769900761.json -> /tmp/minio_downloads/AAPL/1769900761.json
[2026-02-03T20:12:55.604+0000] {logging_mixin.py:188} INFO - Downloaded AAPL/1769900762.json -> /tmp/minio_downloads/AAPL/1769900762.json
[2026-02-03T20:12:55.609+0000] {logging_mixin.py:188} INFO - Downloaded AAPL/1769900763.json -> /tmp/minio_downloads/AAPL/1769900763.json
[2026-02-03T20:12:55.613+0000] {logging_mixin.py:188} INFO - Downloaded AAPL/1769900764.json -> /tmp/minio_downloads/AAPL/1769900764.json
[2026-02-03T20:12:55.618+0000] {logging_mixin.py:188} INFO - Downloaded AAPL/1769900765.json -> /tmp/minio_downloads/AAPL/1769900765.json
[2026-02-03T20:12:55.622+0000] {logging_mixin.py:188} INFO - Downloaded AAPL/1769900766.json -> /tmp/minio_downloads/AAPL/1769900766.json
[2026-02-03T20:12:55.627+0000] {logging_mixin.py:188} INFO - Downloaded AMZN/1769900678.json -> /tmp/minio_downloads/AMZN/1769900678.json
[2026-02-03T20:12:55.632+0000] {logging_mixin.py:188} INFO - Downloaded AMZN/1769900679.json -> /tmp/minio_downloads/AMZN/1769900679.json
[2026-02-03T20:12:55.637+0000] {logging_mixin.py:188} INFO - Downloaded AMZN/1769900680.json -> /tmp/minio_downloads/AMZN/1769900680.json
[2026-02-03T20:12:55.642+0000] {logging_mixin.py:188} INFO - Downloaded AMZN/1769900681.json -> /tmp/minio_downloads/AMZN/1769900681.json
[2026-02-03T20:12:55.647+0000] {logging_mixin.py:188} INFO - Downloaded AMZN/1769900682.json -> /tmp/minio_downloads/AMZN/1769900682.json
[2026-02-03T20:12:55.651+0000] {logging_mixin.py:188} INFO - Downloaded AMZN/1769900683.json -> /tmp/minio_downloads/AMZN/1769900683.json
[2026-02-03T20:12:55.656+0000] {logging_mixin.py:188} INFO - Downloaded AMZN/1769900684.json -> /tmp/minio_downloads/AMZN/1769900684.json
[2026-02-03T20:12:55.660+0000] {logging_mixin.py:188} INFO - Downloaded AMZN/1769900685.json -> /tmp/minio_downloads/AMZN/1769900685.json
[2026-02-03T20:12:55.665+0000] {logging_mixin.py:188} INFO - Downloaded AMZN/1769900686.json -> /tmp/minio_downloads/AMZN/1769900686.json
[2026-02-03T20:12:55.670+0000] {logging_mixin.py:188} INFO - Downloaded AMZN/1769900687.json -> /tmp/minio_downloads/AMZN/1769900687.json
[2026-02-03T20:12:55.685+0000] {logging_mixin.py:188} INFO - Downloaded AMZN/1769900688.json -> /tmp/minio_downloads/AMZN/1769900688.json
[2026-02-03T20:12:55.693+0000] {logging_mixin.py:188} INFO - Downloaded AMZN/1769900689.json -> /tmp/minio_downloads/AMZN/1769900689.json
[2026-02-03T20:12:55.698+0000] {logging_mixin.py:188} INFO - Downloaded AMZN/1769900690.json -> /tmp/minio_downloads/AMZN/1769900690.json
[2026-02-03T20:12:55.703+0000] {logging_mixin.py:188} INFO - Downloaded AMZN/1769900691.json -> /tmp/minio_downloads/AMZN/1769900691.json
[2026-02-03T20:12:55.708+0000] {logging_mixin.py:188} INFO - Downloaded AMZN/1769900692.json -> /tmp/minio_downloads/AMZN/1769900692.json
[2026-02-03T20:12:55.713+0000] {logging_mixin.py:188} INFO - Downloaded AMZN/1769900693.json -> /tmp/minio_downloads/AMZN/1769900693.json
[2026-02-03T20:12:55.718+0000] {logging_mixin.py:188} INFO - Downloaded AMZN/1769900694.json -> /tmp/minio_downloads/AMZN/1769900694.json
[2026-02-03T20:12:55.723+0000] {logging_mixin.py:188} INFO - Downloaded AMZN/1769900695.json -> /tmp/minio_downloads/AMZN/1769900695.json
[2026-02-03T20:12:55.728+0000] {logging_mixin.py:188} INFO - Downloaded AMZN/1769900696.json -> /tmp/minio_downloads/AMZN/1769900696.json
[2026-02-03T20:12:55.733+0000] {logging_mixin.py:188} INFO - Downloaded AMZN/1769900697.json -> /tmp/minio_downloads/AMZN/1769900697.json
[2026-02-03T20:12:55.738+0000] {logging_mixin.py:188} INFO - Downloaded AMZN/1769900698.json -> /tmp/minio_downloads/AMZN/1769900698.json
[2026-02-03T20:12:55.742+0000] {logging_mixin.py:188} INFO - Downloaded AMZN/1769900699.json -> /tmp/minio_downloads/AMZN/1769900699.json
[2026-02-03T20:12:55.746+0000] {logging_mixin.py:188} INFO - Downloaded AMZN/1769900700.json -> /tmp/minio_downloads/AMZN/1769900700.json
[2026-02-03T20:12:55.751+0000] {logging_mixin.py:188} INFO - Downloaded AMZN/1769900701.json -> /tmp/minio_downloads/AMZN/1769900701.json
[2026-02-03T20:12:55.755+0000] {logging_mixin.py:188} INFO - Downloaded AMZN/1769900702.json -> /tmp/minio_downloads/AMZN/1769900702.json
[2026-02-03T20:12:55.760+0000] {logging_mixin.py:188} INFO - Downloaded AMZN/1769900703.json -> /tmp/minio_downloads/AMZN/1769900703.json
[2026-02-03T20:12:55.765+0000] {logging_mixin.py:188} INFO - Downloaded AMZN/1769900704.json -> /tmp/minio_downloads/AMZN/1769900704.json
[2026-02-03T20:12:55.769+0000] {logging_mixin.py:188} INFO - Downloaded AMZN/1769900705.json -> /tmp/minio_downloads/AMZN/1769900705.json
[2026-02-03T20:12:55.775+0000] {logging_mixin.py:188} INFO - Downloaded AMZN/1769900706.json -> /tmp/minio_downloads/AMZN/1769900706.json
[2026-02-03T20:12:55.780+0000] {logging_mixin.py:188} INFO - Downloaded AMZN/1769900707.json -> /tmp/minio_downloads/AMZN/1769900707.json
[2026-02-03T20:12:55.784+0000] {logging_mixin.py:188} INFO - Downloaded AMZN/1769900708.json -> /tmp/minio_downloads/AMZN/1769900708.json
[2026-02-03T20:12:55.789+0000] {logging_mixin.py:188} INFO - Downloaded AMZN/1769900709.json -> /tmp/minio_downloads/AMZN/1769900709.json
[2026-02-03T20:12:55.793+0000] {logging_mixin.py:188} INFO - Downloaded AMZN/1769900710.json -> /tmp/minio_downloads/AMZN/1769900710.json
[2026-02-03T20:12:55.797+0000] {logging_mixin.py:188} INFO - Downloaded AMZN/1769900711.json -> /tmp/minio_downloads/AMZN/1769900711.json
[2026-02-03T20:12:55.802+0000] {logging_mixin.py:188} INFO - Downloaded AMZN/1769900712.json -> /tmp/minio_downloads/AMZN/1769900712.json
[2026-02-03T20:12:55.807+0000] {logging_mixin.py:188} INFO - Downloaded AMZN/1769900713.json -> /tmp/minio_downloads/AMZN/1769900713.json
[2026-02-03T20:12:55.811+0000] {logging_mixin.py:188} INFO - Downloaded AMZN/1769900714.json -> /tmp/minio_downloads/AMZN/1769900714.json
[2026-02-03T20:12:55.816+0000] {logging_mixin.py:188} INFO - Downloaded AMZN/1769900715.json -> /tmp/minio_downloads/AMZN/1769900715.json
[2026-02-03T20:12:55.820+0000] {logging_mixin.py:188} INFO - Downloaded AMZN/1769900716.json -> /tmp/minio_downloads/AMZN/1769900716.json
[2026-02-03T20:12:55.826+0000] {logging_mixin.py:188} INFO - Downloaded AMZN/1769900717.json -> /tmp/minio_downloads/AMZN/1769900717.json
[2026-02-03T20:12:55.830+0000] {logging_mixin.py:188} INFO - Downloaded AMZN/1769900718.json -> /tmp/minio_downloads/AMZN/1769900718.json
[2026-02-03T20:12:55.834+0000] {logging_mixin.py:188} INFO - Downloaded AMZN/1769900719.json -> /tmp/minio_downloads/AMZN/1769900719.json
[2026-02-03T20:12:55.839+0000] {logging_mixin.py:188} INFO - Downloaded AMZN/1769900720.json -> /tmp/minio_downloads/AMZN/1769900720.json
[2026-02-03T20:12:55.844+0000] {logging_mixin.py:188} INFO - Downloaded AMZN/1769900721.json -> /tmp/minio_downloads/AMZN/1769900721.json
[2026-02-03T20:12:55.849+0000] {logging_mixin.py:188} INFO - Downloaded AMZN/1769900722.json -> /tmp/minio_downloads/AMZN/1769900722.json
[2026-02-03T20:12:55.854+0000] {logging_mixin.py:188} INFO - Downloaded AMZN/1769900723.json -> /tmp/minio_downloads/AMZN/1769900723.json
[2026-02-03T20:12:55.858+0000] {logging_mixin.py:188} INFO - Downloaded AMZN/1769900724.json -> /tmp/minio_downloads/AMZN/1769900724.json
[2026-02-03T20:12:55.862+0000] {logging_mixin.py:188} INFO - Downloaded AMZN/1769900725.json -> /tmp/minio_downloads/AMZN/1769900725.json
[2026-02-03T20:12:55.867+0000] {logging_mixin.py:188} INFO - Downloaded AMZN/1769900726.json -> /tmp/minio_downloads/AMZN/1769900726.json
[2026-02-03T20:12:55.872+0000] {logging_mixin.py:188} INFO - Downloaded AMZN/1769900727.json -> /tmp/minio_downloads/AMZN/1769900727.json
[2026-02-03T20:12:55.876+0000] {logging_mixin.py:188} INFO - Downloaded AMZN/1769900728.json -> /tmp/minio_downloads/AMZN/1769900728.json
[2026-02-03T20:12:55.881+0000] {logging_mixin.py:188} INFO - Downloaded AMZN/1769900729.json -> /tmp/minio_downloads/AMZN/1769900729.json
[2026-02-03T20:12:55.886+0000] {logging_mixin.py:188} INFO - Downloaded AMZN/1769900730.json -> /tmp/minio_downloads/AMZN/1769900730.json
[2026-02-03T20:12:55.891+0000] {logging_mixin.py:188} INFO - Downloaded AMZN/1769900731.json -> /tmp/minio_downloads/AMZN/1769900731.json
[2026-02-03T20:12:55.896+0000] {logging_mixin.py:188} INFO - Downloaded AMZN/1769900732.json -> /tmp/minio_downloads/AMZN/1769900732.json
[2026-02-03T20:12:55.901+0000] {logging_mixin.py:188} INFO - Downloaded AMZN/1769900733.json -> /tmp/minio_downloads/AMZN/1769900733.json
[2026-02-03T20:12:55.905+0000] {logging_mixin.py:188} INFO - Downloaded AMZN/1769900734.json -> /tmp/minio_downloads/AMZN/1769900734.json
[2026-02-03T20:12:55.910+0000] {logging_mixin.py:188} INFO - Downloaded AMZN/1769900735.json -> /tmp/minio_downloads/AMZN/1769900735.json
[2026-02-03T20:12:55.915+0000] {logging_mixin.py:188} INFO - Downloaded AMZN/1769900736.json -> /tmp/minio_downloads/AMZN/1769900736.json
[2026-02-03T20:12:55.919+0000] {logging_mixin.py:188} INFO - Downloaded AMZN/1769900737.json -> /tmp/minio_downloads/AMZN/1769900737.json
[2026-02-03T20:12:55.923+0000] {logging_mixin.py:188} INFO - Downloaded AMZN/1769900738.json -> /tmp/minio_downloads/AMZN/1769900738.json
[2026-02-03T20:12:55.928+0000] {logging_mixin.py:188} INFO - Downloaded AMZN/1769900739.json -> /tmp/minio_downloads/AMZN/1769900739.json
[2026-02-03T20:12:55.934+0000] {logging_mixin.py:188} INFO - Downloaded AMZN/1769900740.json -> /tmp/minio_downloads/AMZN/1769900740.json
[2026-02-03T20:12:55.939+0000] {logging_mixin.py:188} INFO - Downloaded AMZN/1769900741.json -> /tmp/minio_downloads/AMZN/1769900741.json
[2026-02-03T20:12:55.944+0000] {logging_mixin.py:188} INFO - Downloaded AMZN/1769900742.json -> /tmp/minio_downloads/AMZN/1769900742.json
[2026-02-03T20:12:55.948+0000] {logging_mixin.py:188} INFO - Downloaded AMZN/1769900743.json -> /tmp/minio_downloads/AMZN/1769900743.json
[2026-02-03T20:12:55.953+0000] {logging_mixin.py:188} INFO - Downloaded AMZN/1769900744.json -> /tmp/minio_downloads/AMZN/1769900744.json
[2026-02-03T20:12:55.958+0000] {logging_mixin.py:188} INFO - Downloaded AMZN/1769900745.json -> /tmp/minio_downloads/AMZN/1769900745.json
[2026-02-03T20:12:55.962+0000] {logging_mixin.py:188} INFO - Downloaded AMZN/1769900746.json -> /tmp/minio_downloads/AMZN/1769900746.json
[2026-02-03T20:12:55.967+0000] {logging_mixin.py:188} INFO - Downloaded AMZN/1769900747.json -> /tmp/minio_downloads/AMZN/1769900747.json
[2026-02-03T20:12:55.971+0000] {logging_mixin.py:188} INFO - Downloaded AMZN/1769900748.json -> /tmp/minio_downloads/AMZN/1769900748.json
[2026-02-03T20:12:55.976+0000] {logging_mixin.py:188} INFO - Downloaded AMZN/1769900749.json -> /tmp/minio_downloads/AMZN/1769900749.json
[2026-02-03T20:12:55.980+0000] {logging_mixin.py:188} INFO - Downloaded AMZN/1769900750.json -> /tmp/minio_downloads/AMZN/1769900750.json
[2026-02-03T20:12:55.985+0000] {logging_mixin.py:188} INFO - Downloaded AMZN/1769900751.json -> /tmp/minio_downloads/AMZN/1769900751.json
[2026-02-03T20:12:55.989+0000] {logging_mixin.py:188} INFO - Downloaded AMZN/1769900752.json -> /tmp/minio_downloads/AMZN/1769900752.json
[2026-02-03T20:12:55.995+0000] {logging_mixin.py:188} INFO - Downloaded AMZN/1769900753.json -> /tmp/minio_downloads/AMZN/1769900753.json
[2026-02-03T20:12:55.999+0000] {logging_mixin.py:188} INFO - Downloaded AMZN/1769900754.json -> /tmp/minio_downloads/AMZN/1769900754.json
[2026-02-03T20:12:56.003+0000] {logging_mixin.py:188} INFO - Downloaded AMZN/1769900755.json -> /tmp/minio_downloads/AMZN/1769900755.json
[2026-02-03T20:12:56.008+0000] {logging_mixin.py:188} INFO - Downloaded AMZN/1769900756.json -> /tmp/minio_downloads/AMZN/1769900756.json
[2026-02-03T20:12:56.013+0000] {logging_mixin.py:188} INFO - Downloaded AMZN/1769900757.json -> /tmp/minio_downloads/AMZN/1769900757.json
[2026-02-03T20:12:56.017+0000] {logging_mixin.py:188} INFO - Downloaded AMZN/1769900758.json -> /tmp/minio_downloads/AMZN/1769900758.json
[2026-02-03T20:12:56.022+0000] {logging_mixin.py:188} INFO - Downloaded AMZN/1769900759.json -> /tmp/minio_downloads/AMZN/1769900759.json
[2026-02-03T20:12:56.027+0000] {logging_mixin.py:188} INFO - Downloaded AMZN/1769900760.json -> /tmp/minio_downloads/AMZN/1769900760.json
[2026-02-03T20:12:56.031+0000] {logging_mixin.py:188} INFO - Downloaded AMZN/1769900761.json -> /tmp/minio_downloads/AMZN/1769900761.json
[2026-02-03T20:12:56.036+0000] {logging_mixin.py:188} INFO - Downloaded AMZN/1769900762.json -> /tmp/minio_downloads/AMZN/1769900762.json
[2026-02-03T20:12:56.041+0000] {logging_mixin.py:188} INFO - Downloaded AMZN/1769900763.json -> /tmp/minio_downloads/AMZN/1769900763.json
[2026-02-03T20:12:56.046+0000] {logging_mixin.py:188} INFO - Downloaded AMZN/1769900764.json -> /tmp/minio_downloads/AMZN/1769900764.json
[2026-02-03T20:12:56.050+0000] {logging_mixin.py:188} INFO - Downloaded AMZN/1769900765.json -> /tmp/minio_downloads/AMZN/1769900765.json
[2026-02-03T20:12:56.055+0000] {logging_mixin.py:188} INFO - Downloaded AMZN/1769900766.json -> /tmp/minio_downloads/AMZN/1769900766.json
[2026-02-03T20:12:56.061+0000] {logging_mixin.py:188} INFO - Downloaded GOOGL/1769900678.json -> /tmp/minio_downloads/GOOGL/1769900678.json
[2026-02-03T20:12:56.066+0000] {logging_mixin.py:188} INFO - Downloaded GOOGL/1769900679.json -> /tmp/minio_downloads/GOOGL/1769900679.json
[2026-02-03T20:12:56.071+0000] {logging_mixin.py:188} INFO - Downloaded GOOGL/1769900680.json -> /tmp/minio_downloads/GOOGL/1769900680.json
[2026-02-03T20:12:56.076+0000] {logging_mixin.py:188} INFO - Downloaded GOOGL/1769900681.json -> /tmp/minio_downloads/GOOGL/1769900681.json
[2026-02-03T20:12:56.080+0000] {logging_mixin.py:188} INFO - Downloaded GOOGL/1769900682.json -> /tmp/minio_downloads/GOOGL/1769900682.json
[2026-02-03T20:12:56.085+0000] {logging_mixin.py:188} INFO - Downloaded GOOGL/1769900683.json -> /tmp/minio_downloads/GOOGL/1769900683.json
[2026-02-03T20:12:56.090+0000] {logging_mixin.py:188} INFO - Downloaded GOOGL/1769900684.json -> /tmp/minio_downloads/GOOGL/1769900684.json
[2026-02-03T20:12:56.095+0000] {logging_mixin.py:188} INFO - Downloaded GOOGL/1769900685.json -> /tmp/minio_downloads/GOOGL/1769900685.json
[2026-02-03T20:12:56.101+0000] {logging_mixin.py:188} INFO - Downloaded GOOGL/1769900686.json -> /tmp/minio_downloads/GOOGL/1769900686.json
[2026-02-03T20:12:56.107+0000] {logging_mixin.py:188} INFO - Downloaded GOOGL/1769900687.json -> /tmp/minio_downloads/GOOGL/1769900687.json
[2026-02-03T20:12:56.112+0000] {logging_mixin.py:188} INFO - Downloaded GOOGL/1769900688.json -> /tmp/minio_downloads/GOOGL/1769900688.json
[2026-02-03T20:12:56.117+0000] {logging_mixin.py:188} INFO - Downloaded GOOGL/1769900689.json -> /tmp/minio_downloads/GOOGL/1769900689.json
[2026-02-03T20:12:56.121+0000] {logging_mixin.py:188} INFO - Downloaded GOOGL/1769900690.json -> /tmp/minio_downloads/GOOGL/1769900690.json
[2026-02-03T20:12:56.127+0000] {logging_mixin.py:188} INFO - Downloaded GOOGL/1769900691.json -> /tmp/minio_downloads/GOOGL/1769900691.json
[2026-02-03T20:12:56.132+0000] {logging_mixin.py:188} INFO - Downloaded GOOGL/1769900692.json -> /tmp/minio_downloads/GOOGL/1769900692.json
[2026-02-03T20:12:56.137+0000] {logging_mixin.py:188} INFO - Downloaded GOOGL/1769900693.json -> /tmp/minio_downloads/GOOGL/1769900693.json
[2026-02-03T20:12:56.143+0000] {logging_mixin.py:188} INFO - Downloaded GOOGL/1769900694.json -> /tmp/minio_downloads/GOOGL/1769900694.json
[2026-02-03T20:12:56.148+0000] {logging_mixin.py:188} INFO - Downloaded GOOGL/1769900695.json -> /tmp/minio_downloads/GOOGL/1769900695.json
[2026-02-03T20:12:56.153+0000] {logging_mixin.py:188} INFO - Downloaded GOOGL/1769900696.json -> /tmp/minio_downloads/GOOGL/1769900696.json
[2026-02-03T20:12:56.158+0000] {logging_mixin.py:188} INFO - Downloaded GOOGL/1769900697.json -> /tmp/minio_downloads/GOOGL/1769900697.json
[2026-02-03T20:12:56.163+0000] {logging_mixin.py:188} INFO - Downloaded GOOGL/1769900698.json -> /tmp/minio_downloads/GOOGL/1769900698.json
[2026-02-03T20:12:56.167+0000] {logging_mixin.py:188} INFO - Downloaded GOOGL/1769900699.json -> /tmp/minio_downloads/GOOGL/1769900699.json
[2026-02-03T20:12:56.172+0000] {logging_mixin.py:188} INFO - Downloaded GOOGL/1769900700.json -> /tmp/minio_downloads/GOOGL/1769900700.json
[2026-02-03T20:12:56.176+0000] {logging_mixin.py:188} INFO - Downloaded GOOGL/1769900701.json -> /tmp/minio_downloads/GOOGL/1769900701.json
[2026-02-03T20:12:56.181+0000] {logging_mixin.py:188} INFO - Downloaded GOOGL/1769900702.json -> /tmp/minio_downloads/GOOGL/1769900702.json
[2026-02-03T20:12:56.186+0000] {logging_mixin.py:188} INFO - Downloaded GOOGL/1769900703.json -> /tmp/minio_downloads/GOOGL/1769900703.json
[2026-02-03T20:12:56.192+0000] {logging_mixin.py:188} INFO - Downloaded GOOGL/1769900704.json -> /tmp/minio_downloads/GOOGL/1769900704.json
[2026-02-03T20:12:56.197+0000] {logging_mixin.py:188} INFO - Downloaded GOOGL/1769900705.json -> /tmp/minio_downloads/GOOGL/1769900705.json
[2026-02-03T20:12:56.202+0000] {logging_mixin.py:188} INFO - Downloaded GOOGL/1769900706.json -> /tmp/minio_downloads/GOOGL/1769900706.json
[2026-02-03T20:12:56.207+0000] {logging_mixin.py:188} INFO - Downloaded GOOGL/1769900707.json -> /tmp/minio_downloads/GOOGL/1769900707.json
[2026-02-03T20:12:56.211+0000] {logging_mixin.py:188} INFO - Downloaded GOOGL/1769900708.json -> /tmp/minio_downloads/GOOGL/1769900708.json
[2026-02-03T20:12:56.215+0000] {logging_mixin.py:188} INFO - Downloaded GOOGL/1769900709.json -> /tmp/minio_downloads/GOOGL/1769900709.json
[2026-02-03T20:12:56.220+0000] {logging_mixin.py:188} INFO - Downloaded GOOGL/1769900710.json -> /tmp/minio_downloads/GOOGL/1769900710.json
[2026-02-03T20:12:56.224+0000] {logging_mixin.py:188} INFO - Downloaded GOOGL/1769900711.json -> /tmp/minio_downloads/GOOGL/1769900711.json
[2026-02-03T20:12:56.229+0000] {logging_mixin.py:188} INFO - Downloaded GOOGL/1769900712.json -> /tmp/minio_downloads/GOOGL/1769900712.json
[2026-02-03T20:12:56.234+0000] {logging_mixin.py:188} INFO - Downloaded GOOGL/1769900713.json -> /tmp/minio_downloads/GOOGL/1769900713.json
[2026-02-03T20:12:56.238+0000] {logging_mixin.py:188} INFO - Downloaded GOOGL/1769900714.json -> /tmp/minio_downloads/GOOGL/1769900714.json
[2026-02-03T20:12:56.243+0000] {logging_mixin.py:188} INFO - Downloaded GOOGL/1769900715.json -> /tmp/minio_downloads/GOOGL/1769900715.json
[2026-02-03T20:12:56.248+0000] {logging_mixin.py:188} INFO - Downloaded GOOGL/1769900716.json -> /tmp/minio_downloads/GOOGL/1769900716.json
[2026-02-03T20:12:56.253+0000] {logging_mixin.py:188} INFO - Downloaded GOOGL/1769900717.json -> /tmp/minio_downloads/GOOGL/1769900717.json
[2026-02-03T20:12:56.257+0000] {logging_mixin.py:188} INFO - Downloaded GOOGL/1769900718.json -> /tmp/minio_downloads/GOOGL/1769900718.json
[2026-02-03T20:12:56.261+0000] {logging_mixin.py:188} INFO - Downloaded GOOGL/1769900719.json -> /tmp/minio_downloads/GOOGL/1769900719.json
[2026-02-03T20:12:56.266+0000] {logging_mixin.py:188} INFO - Downloaded GOOGL/1769900720.json -> /tmp/minio_downloads/GOOGL/1769900720.json
[2026-02-03T20:12:56.270+0000] {logging_mixin.py:188} INFO - Downloaded GOOGL/1769900721.json -> /tmp/minio_downloads/GOOGL/1769900721.json
[2026-02-03T20:12:56.275+0000] {logging_mixin.py:188} INFO - Downloaded GOOGL/1769900722.json -> /tmp/minio_downloads/GOOGL/1769900722.json
[2026-02-03T20:12:56.279+0000] {logging_mixin.py:188} INFO - Downloaded GOOGL/1769900723.json -> /tmp/minio_downloads/GOOGL/1769900723.json
[2026-02-03T20:12:56.283+0000] {logging_mixin.py:188} INFO - Downloaded GOOGL/1769900724.json -> /tmp/minio_downloads/GOOGL/1769900724.json
[2026-02-03T20:12:56.288+0000] {logging_mixin.py:188} INFO - Downloaded GOOGL/1769900725.json -> /tmp/minio_downloads/GOOGL/1769900725.json
[2026-02-03T20:12:56.293+0000] {logging_mixin.py:188} INFO - Downloaded GOOGL/1769900726.json -> /tmp/minio_downloads/GOOGL/1769900726.json
[2026-02-03T20:12:56.298+0000] {logging_mixin.py:188} INFO - Downloaded GOOGL/1769900727.json -> /tmp/minio_downloads/GOOGL/1769900727.json
[2026-02-03T20:12:56.302+0000] {logging_mixin.py:188} INFO - Downloaded GOOGL/1769900728.json -> /tmp/minio_downloads/GOOGL/1769900728.json
[2026-02-03T20:12:56.306+0000] {logging_mixin.py:188} INFO - Downloaded GOOGL/1769900729.json -> /tmp/minio_downloads/GOOGL/1769900729.json
[2026-02-03T20:12:56.311+0000] {logging_mixin.py:188} INFO - Downloaded GOOGL/1769900730.json -> /tmp/minio_downloads/GOOGL/1769900730.json
[2026-02-03T20:12:56.315+0000] {logging_mixin.py:188} INFO - Downloaded GOOGL/1769900731.json -> /tmp/minio_downloads/GOOGL/1769900731.json
[2026-02-03T20:12:56.320+0000] {logging_mixin.py:188} INFO - Downloaded GOOGL/1769900732.json -> /tmp/minio_downloads/GOOGL/1769900732.json
[2026-02-03T20:12:56.324+0000] {logging_mixin.py:188} INFO - Downloaded GOOGL/1769900733.json -> /tmp/minio_downloads/GOOGL/1769900733.json
[2026-02-03T20:12:56.328+0000] {logging_mixin.py:188} INFO - Downloaded GOOGL/1769900734.json -> /tmp/minio_downloads/GOOGL/1769900734.json
[2026-02-03T20:12:56.333+0000] {logging_mixin.py:188} INFO - Downloaded GOOGL/1769900735.json -> /tmp/minio_downloads/GOOGL/1769900735.json
[2026-02-03T20:12:56.338+0000] {logging_mixin.py:188} INFO - Downloaded GOOGL/1769900736.json -> /tmp/minio_downloads/GOOGL/1769900736.json
[2026-02-03T20:12:56.342+0000] {logging_mixin.py:188} INFO - Downloaded GOOGL/1769900737.json -> /tmp/minio_downloads/GOOGL/1769900737.json
[2026-02-03T20:12:56.347+0000] {logging_mixin.py:188} INFO - Downloaded GOOGL/1769900738.json -> /tmp/minio_downloads/GOOGL/1769900738.json
[2026-02-03T20:12:56.351+0000] {logging_mixin.py:188} INFO - Downloaded GOOGL/1769900739.json -> /tmp/minio_downloads/GOOGL/1769900739.json
[2026-02-03T20:12:56.355+0000] {logging_mixin.py:188} INFO - Downloaded GOOGL/1769900740.json -> /tmp/minio_downloads/GOOGL/1769900740.json
[2026-02-03T20:12:56.360+0000] {logging_mixin.py:188} INFO - Downloaded GOOGL/1769900741.json -> /tmp/minio_downloads/GOOGL/1769900741.json
[2026-02-03T20:12:56.364+0000] {logging_mixin.py:188} INFO - Downloaded GOOGL/1769900742.json -> /tmp/minio_downloads/GOOGL/1769900742.json
[2026-02-03T20:12:56.370+0000] {logging_mixin.py:188} INFO - Downloaded GOOGL/1769900743.json -> /tmp/minio_downloads/GOOGL/1769900743.json
[2026-02-03T20:12:56.374+0000] {logging_mixin.py:188} INFO - Downloaded GOOGL/1769900744.json -> /tmp/minio_downloads/GOOGL/1769900744.json
[2026-02-03T20:12:56.378+0000] {logging_mixin.py:188} INFO - Downloaded GOOGL/1769900745.json -> /tmp/minio_downloads/GOOGL/1769900745.json
[2026-02-03T20:12:56.382+0000] {logging_mixin.py:188} INFO - Downloaded GOOGL/1769900746.json -> /tmp/minio_downloads/GOOGL/1769900746.json
[2026-02-03T20:12:56.387+0000] {logging_mixin.py:188} INFO - Downloaded GOOGL/1769900747.json -> /tmp/minio_downloads/GOOGL/1769900747.json
[2026-02-03T20:12:56.391+0000] {logging_mixin.py:188} INFO - Downloaded GOOGL/1769900748.json -> /tmp/minio_downloads/GOOGL/1769900748.json
[2026-02-03T20:12:56.396+0000] {logging_mixin.py:188} INFO - Downloaded GOOGL/1769900749.json -> /tmp/minio_downloads/GOOGL/1769900749.json
[2026-02-03T20:12:56.401+0000] {logging_mixin.py:188} INFO - Downloaded GOOGL/1769900750.json -> /tmp/minio_downloads/GOOGL/1769900750.json
[2026-02-03T20:12:56.405+0000] {logging_mixin.py:188} INFO - Downloaded GOOGL/1769900751.json -> /tmp/minio_downloads/GOOGL/1769900751.json
[2026-02-03T20:12:56.410+0000] {logging_mixin.py:188} INFO - Downloaded GOOGL/1769900752.json -> /tmp/minio_downloads/GOOGL/1769900752.json
[2026-02-03T20:12:56.414+0000] {logging_mixin.py:188} INFO - Downloaded GOOGL/1769900753.json -> /tmp/minio_downloads/GOOGL/1769900753.json
[2026-02-03T20:12:56.420+0000] {logging_mixin.py:188} INFO - Downloaded GOOGL/1769900754.json -> /tmp/minio_downloads/GOOGL/1769900754.json
[2026-02-03T20:12:56.425+0000] {logging_mixin.py:188} INFO - Downloaded GOOGL/1769900755.json -> /tmp/minio_downloads/GOOGL/1769900755.json
[2026-02-03T20:12:56.429+0000] {logging_mixin.py:188} INFO - Downloaded GOOGL/1769900756.json -> /tmp/minio_downloads/GOOGL/1769900756.json
[2026-02-03T20:12:56.435+0000] {logging_mixin.py:188} INFO - Downloaded GOOGL/1769900757.json -> /tmp/minio_downloads/GOOGL/1769900757.json
[2026-02-03T20:12:56.440+0000] {logging_mixin.py:188} INFO - Downloaded GOOGL/1769900758.json -> /tmp/minio_downloads/GOOGL/1769900758.json
[2026-02-03T20:12:56.445+0000] {logging_mixin.py:188} INFO - Downloaded GOOGL/1769900759.json -> /tmp/minio_downloads/GOOGL/1769900759.json
[2026-02-03T20:12:56.449+0000] {logging_mixin.py:188} INFO - Downloaded GOOGL/1769900760.json -> /tmp/minio_downloads/GOOGL/1769900760.json
[2026-02-03T20:12:56.453+0000] {logging_mixin.py:188} INFO - Downloaded GOOGL/1769900761.json -> /tmp/minio_downloads/GOOGL/1769900761.json
[2026-02-03T20:12:56.458+0000] {logging_mixin.py:188} INFO - Downloaded GOOGL/1769900762.json -> /tmp/minio_downloads/GOOGL/1769900762.json
[2026-02-03T20:12:56.464+0000] {logging_mixin.py:188} INFO - Downloaded GOOGL/1769900763.json -> /tmp/minio_downloads/GOOGL/1769900763.json
[2026-02-03T20:12:56.468+0000] {logging_mixin.py:188} INFO - Downloaded GOOGL/1769900764.json -> /tmp/minio_downloads/GOOGL/1769900764.json
[2026-02-03T20:12:56.475+0000] {logging_mixin.py:188} INFO - Downloaded GOOGL/1769900765.json -> /tmp/minio_downloads/GOOGL/1769900765.json
[2026-02-03T20:12:56.480+0000] {logging_mixin.py:188} INFO - Downloaded GOOGL/1769900766.json -> /tmp/minio_downloads/GOOGL/1769900766.json
[2026-02-03T20:12:56.485+0000] {logging_mixin.py:188} INFO - Downloaded MSFT/1769900678.json -> /tmp/minio_downloads/MSFT/1769900678.json
[2026-02-03T20:12:56.490+0000] {logging_mixin.py:188} INFO - Downloaded MSFT/1769900679.json -> /tmp/minio_downloads/MSFT/1769900679.json
[2026-02-03T20:12:56.495+0000] {logging_mixin.py:188} INFO - Downloaded MSFT/1769900680.json -> /tmp/minio_downloads/MSFT/1769900680.json
[2026-02-03T20:12:56.500+0000] {logging_mixin.py:188} INFO - Downloaded MSFT/1769900681.json -> /tmp/minio_downloads/MSFT/1769900681.json
[2026-02-03T20:12:56.505+0000] {logging_mixin.py:188} INFO - Downloaded MSFT/1769900682.json -> /tmp/minio_downloads/MSFT/1769900682.json
[2026-02-03T20:12:56.510+0000] {logging_mixin.py:188} INFO - Downloaded MSFT/1769900683.json -> /tmp/minio_downloads/MSFT/1769900683.json
[2026-02-03T20:12:56.515+0000] {logging_mixin.py:188} INFO - Downloaded MSFT/1769900684.json -> /tmp/minio_downloads/MSFT/1769900684.json
[2026-02-03T20:12:56.520+0000] {logging_mixin.py:188} INFO - Downloaded MSFT/1769900685.json -> /tmp/minio_downloads/MSFT/1769900685.json
[2026-02-03T20:12:56.525+0000] {logging_mixin.py:188} INFO - Downloaded MSFT/1769900686.json -> /tmp/minio_downloads/MSFT/1769900686.json
[2026-02-03T20:12:56.530+0000] {logging_mixin.py:188} INFO - Downloaded MSFT/1769900687.json -> /tmp/minio_downloads/MSFT/1769900687.json
[2026-02-03T20:12:56.535+0000] {logging_mixin.py:188} INFO - Downloaded MSFT/1769900688.json -> /tmp/minio_downloads/MSFT/1769900688.json
[2026-02-03T20:12:56.540+0000] {logging_mixin.py:188} INFO - Downloaded MSFT/1769900689.json -> /tmp/minio_downloads/MSFT/1769900689.json
[2026-02-03T20:12:56.545+0000] {logging_mixin.py:188} INFO - Downloaded MSFT/1769900690.json -> /tmp/minio_downloads/MSFT/1769900690.json
[2026-02-03T20:12:56.551+0000] {logging_mixin.py:188} INFO - Downloaded MSFT/1769900691.json -> /tmp/minio_downloads/MSFT/1769900691.json
[2026-02-03T20:12:56.556+0000] {logging_mixin.py:188} INFO - Downloaded MSFT/1769900692.json -> /tmp/minio_downloads/MSFT/1769900692.json
[2026-02-03T20:12:56.561+0000] {logging_mixin.py:188} INFO - Downloaded MSFT/1769900693.json -> /tmp/minio_downloads/MSFT/1769900693.json
[2026-02-03T20:12:56.565+0000] {logging_mixin.py:188} INFO - Downloaded MSFT/1769900694.json -> /tmp/minio_downloads/MSFT/1769900694.json
[2026-02-03T20:12:56.570+0000] {logging_mixin.py:188} INFO - Downloaded MSFT/1769900695.json -> /tmp/minio_downloads/MSFT/1769900695.json
[2026-02-03T20:12:56.575+0000] {logging_mixin.py:188} INFO - Downloaded MSFT/1769900696.json -> /tmp/minio_downloads/MSFT/1769900696.json
[2026-02-03T20:12:56.579+0000] {logging_mixin.py:188} INFO - Downloaded MSFT/1769900697.json -> /tmp/minio_downloads/MSFT/1769900697.json
[2026-02-03T20:12:56.584+0000] {logging_mixin.py:188} INFO - Downloaded MSFT/1769900698.json -> /tmp/minio_downloads/MSFT/1769900698.json
[2026-02-03T20:12:56.589+0000] {logging_mixin.py:188} INFO - Downloaded MSFT/1769900699.json -> /tmp/minio_downloads/MSFT/1769900699.json
[2026-02-03T20:12:56.594+0000] {logging_mixin.py:188} INFO - Downloaded MSFT/1769900700.json -> /tmp/minio_downloads/MSFT/1769900700.json
[2026-02-03T20:12:56.599+0000] {logging_mixin.py:188} INFO - Downloaded MSFT/1769900701.json -> /tmp/minio_downloads/MSFT/1769900701.json
[2026-02-03T20:12:56.604+0000] {logging_mixin.py:188} INFO - Downloaded MSFT/1769900702.json -> /tmp/minio_downloads/MSFT/1769900702.json
[2026-02-03T20:12:56.610+0000] {logging_mixin.py:188} INFO - Downloaded MSFT/1769900703.json -> /tmp/minio_downloads/MSFT/1769900703.json
[2026-02-03T20:12:56.615+0000] {logging_mixin.py:188} INFO - Downloaded MSFT/1769900704.json -> /tmp/minio_downloads/MSFT/1769900704.json
[2026-02-03T20:12:56.619+0000] {logging_mixin.py:188} INFO - Downloaded MSFT/1769900705.json -> /tmp/minio_downloads/MSFT/1769900705.json
[2026-02-03T20:12:56.624+0000] {logging_mixin.py:188} INFO - Downloaded MSFT/1769900706.json -> /tmp/minio_downloads/MSFT/1769900706.json
[2026-02-03T20:12:56.630+0000] {logging_mixin.py:188} INFO - Downloaded MSFT/1769900707.json -> /tmp/minio_downloads/MSFT/1769900707.json
[2026-02-03T20:12:56.635+0000] {logging_mixin.py:188} INFO - Downloaded MSFT/1769900708.json -> /tmp/minio_downloads/MSFT/1769900708.json
[2026-02-03T20:12:56.641+0000] {logging_mixin.py:188} INFO - Downloaded MSFT/1769900709.json -> /tmp/minio_downloads/MSFT/1769900709.json
[2026-02-03T20:12:56.646+0000] {logging_mixin.py:188} INFO - Downloaded MSFT/1769900710.json -> /tmp/minio_downloads/MSFT/1769900710.json
[2026-02-03T20:12:56.651+0000] {logging_mixin.py:188} INFO - Downloaded MSFT/1769900711.json -> /tmp/minio_downloads/MSFT/1769900711.json
[2026-02-03T20:12:56.657+0000] {logging_mixin.py:188} INFO - Downloaded MSFT/1769900712.json -> /tmp/minio_downloads/MSFT/1769900712.json
[2026-02-03T20:12:56.662+0000] {logging_mixin.py:188} INFO - Downloaded MSFT/1769900713.json -> /tmp/minio_downloads/MSFT/1769900713.json
[2026-02-03T20:12:56.668+0000] {logging_mixin.py:188} INFO - Downloaded MSFT/1769900714.json -> /tmp/minio_downloads/MSFT/1769900714.json
[2026-02-03T20:12:56.673+0000] {logging_mixin.py:188} INFO - Downloaded MSFT/1769900715.json -> /tmp/minio_downloads/MSFT/1769900715.json
[2026-02-03T20:12:56.678+0000] {logging_mixin.py:188} INFO - Downloaded MSFT/1769900716.json -> /tmp/minio_downloads/MSFT/1769900716.json
[2026-02-03T20:12:56.683+0000] {logging_mixin.py:188} INFO - Downloaded MSFT/1769900717.json -> /tmp/minio_downloads/MSFT/1769900717.json
[2026-02-03T20:12:56.688+0000] {logging_mixin.py:188} INFO - Downloaded MSFT/1769900718.json -> /tmp/minio_downloads/MSFT/1769900718.json
[2026-02-03T20:12:56.693+0000] {logging_mixin.py:188} INFO - Downloaded MSFT/1769900719.json -> /tmp/minio_downloads/MSFT/1769900719.json
[2026-02-03T20:12:56.698+0000] {logging_mixin.py:188} INFO - Downloaded MSFT/1769900720.json -> /tmp/minio_downloads/MSFT/1769900720.json
[2026-02-03T20:12:56.704+0000] {logging_mixin.py:188} INFO - Downloaded MSFT/1769900721.json -> /tmp/minio_downloads/MSFT/1769900721.json
[2026-02-03T20:12:56.709+0000] {logging_mixin.py:188} INFO - Downloaded MSFT/1769900722.json -> /tmp/minio_downloads/MSFT/1769900722.json
[2026-02-03T20:12:56.715+0000] {logging_mixin.py:188} INFO - Downloaded MSFT/1769900723.json -> /tmp/minio_downloads/MSFT/1769900723.json
[2026-02-03T20:12:56.720+0000] {logging_mixin.py:188} INFO - Downloaded MSFT/1769900724.json -> /tmp/minio_downloads/MSFT/1769900724.json
[2026-02-03T20:12:56.726+0000] {logging_mixin.py:188} INFO - Downloaded MSFT/1769900725.json -> /tmp/minio_downloads/MSFT/1769900725.json
[2026-02-03T20:12:56.731+0000] {logging_mixin.py:188} INFO - Downloaded MSFT/1769900726.json -> /tmp/minio_downloads/MSFT/1769900726.json
[2026-02-03T20:12:56.737+0000] {logging_mixin.py:188} INFO - Downloaded MSFT/1769900727.json -> /tmp/minio_downloads/MSFT/1769900727.json
[2026-02-03T20:12:56.743+0000] {logging_mixin.py:188} INFO - Downloaded MSFT/1769900728.json -> /tmp/minio_downloads/MSFT/1769900728.json
[2026-02-03T20:12:56.748+0000] {logging_mixin.py:188} INFO - Downloaded MSFT/1769900729.json -> /tmp/minio_downloads/MSFT/1769900729.json
[2026-02-03T20:12:56.753+0000] {logging_mixin.py:188} INFO - Downloaded MSFT/1769900730.json -> /tmp/minio_downloads/MSFT/1769900730.json
[2026-02-03T20:12:56.758+0000] {logging_mixin.py:188} INFO - Downloaded MSFT/1769900731.json -> /tmp/minio_downloads/MSFT/1769900731.json
[2026-02-03T20:12:56.763+0000] {logging_mixin.py:188} INFO - Downloaded MSFT/1769900732.json -> /tmp/minio_downloads/MSFT/1769900732.json
[2026-02-03T20:12:56.768+0000] {logging_mixin.py:188} INFO - Downloaded MSFT/1769900733.json -> /tmp/minio_downloads/MSFT/1769900733.json
[2026-02-03T20:12:56.773+0000] {logging_mixin.py:188} INFO - Downloaded MSFT/1769900734.json -> /tmp/minio_downloads/MSFT/1769900734.json
[2026-02-03T20:12:56.778+0000] {logging_mixin.py:188} INFO - Downloaded MSFT/1769900735.json -> /tmp/minio_downloads/MSFT/1769900735.json
[2026-02-03T20:12:56.783+0000] {logging_mixin.py:188} INFO - Downloaded MSFT/1769900736.json -> /tmp/minio_downloads/MSFT/1769900736.json
[2026-02-03T20:12:56.788+0000] {logging_mixin.py:188} INFO - Downloaded MSFT/1769900737.json -> /tmp/minio_downloads/MSFT/1769900737.json
[2026-02-03T20:12:56.793+0000] {logging_mixin.py:188} INFO - Downloaded MSFT/1769900738.json -> /tmp/minio_downloads/MSFT/1769900738.json
[2026-02-03T20:12:56.798+0000] {logging_mixin.py:188} INFO - Downloaded MSFT/1769900739.json -> /tmp/minio_downloads/MSFT/1769900739.json
[2026-02-03T20:12:56.803+0000] {logging_mixin.py:188} INFO - Downloaded MSFT/1769900740.json -> /tmp/minio_downloads/MSFT/1769900740.json
[2026-02-03T20:12:56.809+0000] {logging_mixin.py:188} INFO - Downloaded MSFT/1769900741.json -> /tmp/minio_downloads/MSFT/1769900741.json
[2026-02-03T20:12:56.814+0000] {logging_mixin.py:188} INFO - Downloaded MSFT/1769900742.json -> /tmp/minio_downloads/MSFT/1769900742.json
[2026-02-03T20:12:56.818+0000] {logging_mixin.py:188} INFO - Downloaded MSFT/1769900743.json -> /tmp/minio_downloads/MSFT/1769900743.json
[2026-02-03T20:12:56.823+0000] {logging_mixin.py:188} INFO - Downloaded MSFT/1769900744.json -> /tmp/minio_downloads/MSFT/1769900744.json
[2026-02-03T20:12:56.828+0000] {logging_mixin.py:188} INFO - Downloaded MSFT/1769900745.json -> /tmp/minio_downloads/MSFT/1769900745.json
[2026-02-03T20:12:56.833+0000] {logging_mixin.py:188} INFO - Downloaded MSFT/1769900746.json -> /tmp/minio_downloads/MSFT/1769900746.json
[2026-02-03T20:12:56.839+0000] {logging_mixin.py:188} INFO - Downloaded MSFT/1769900747.json -> /tmp/minio_downloads/MSFT/1769900747.json
[2026-02-03T20:12:56.845+0000] {logging_mixin.py:188} INFO - Downloaded MSFT/1769900748.json -> /tmp/minio_downloads/MSFT/1769900748.json
[2026-02-03T20:12:56.849+0000] {logging_mixin.py:188} INFO - Downloaded MSFT/1769900749.json -> /tmp/minio_downloads/MSFT/1769900749.json
[2026-02-03T20:12:56.855+0000] {logging_mixin.py:188} INFO - Downloaded MSFT/1769900750.json -> /tmp/minio_downloads/MSFT/1769900750.json
[2026-02-03T20:12:56.860+0000] {logging_mixin.py:188} INFO - Downloaded MSFT/1769900751.json -> /tmp/minio_downloads/MSFT/1769900751.json
[2026-02-03T20:12:56.865+0000] {logging_mixin.py:188} INFO - Downloaded MSFT/1769900752.json -> /tmp/minio_downloads/MSFT/1769900752.json
[2026-02-03T20:12:56.870+0000] {logging_mixin.py:188} INFO - Downloaded MSFT/1769900753.json -> /tmp/minio_downloads/MSFT/1769900753.json
[2026-02-03T20:12:56.875+0000] {logging_mixin.py:188} INFO - Downloaded MSFT/1769900754.json -> /tmp/minio_downloads/MSFT/1769900754.json
[2026-02-03T20:12:56.880+0000] {logging_mixin.py:188} INFO - Downloaded MSFT/1769900755.json -> /tmp/minio_downloads/MSFT/1769900755.json
[2026-02-03T20:12:56.884+0000] {logging_mixin.py:188} INFO - Downloaded MSFT/1769900756.json -> /tmp/minio_downloads/MSFT/1769900756.json
[2026-02-03T20:12:56.889+0000] {logging_mixin.py:188} INFO - Downloaded MSFT/1769900757.json -> /tmp/minio_downloads/MSFT/1769900757.json
[2026-02-03T20:12:56.894+0000] {logging_mixin.py:188} INFO - Downloaded MSFT/1769900758.json -> /tmp/minio_downloads/MSFT/1769900758.json
[2026-02-03T20:12:56.899+0000] {logging_mixin.py:188} INFO - Downloaded MSFT/1769900759.json -> /tmp/minio_downloads/MSFT/1769900759.json
[2026-02-03T20:12:56.903+0000] {logging_mixin.py:188} INFO - Downloaded MSFT/1769900760.json -> /tmp/minio_downloads/MSFT/1769900760.json
[2026-02-03T20:12:56.908+0000] {logging_mixin.py:188} INFO - Downloaded MSFT/1769900761.json -> /tmp/minio_downloads/MSFT/1769900761.json
[2026-02-03T20:12:56.913+0000] {logging_mixin.py:188} INFO - Downloaded MSFT/1769900762.json -> /tmp/minio_downloads/MSFT/1769900762.json
[2026-02-03T20:12:56.918+0000] {logging_mixin.py:188} INFO - Downloaded MSFT/1769900763.json -> /tmp/minio_downloads/MSFT/1769900763.json
[2026-02-03T20:12:56.923+0000] {logging_mixin.py:188} INFO - Downloaded MSFT/1769900764.json -> /tmp/minio_downloads/MSFT/1769900764.json
[2026-02-03T20:12:56.928+0000] {logging_mixin.py:188} INFO - Downloaded MSFT/1769900765.json -> /tmp/minio_downloads/MSFT/1769900765.json
[2026-02-03T20:12:56.933+0000] {logging_mixin.py:188} INFO - Downloaded MSFT/1769900766.json -> /tmp/minio_downloads/MSFT/1769900766.json
[2026-02-03T20:12:56.938+0000] {logging_mixin.py:188} INFO - Downloaded TSLA/1769900678.json -> /tmp/minio_downloads/TSLA/1769900678.json
[2026-02-03T20:12:56.943+0000] {logging_mixin.py:188} INFO - Downloaded TSLA/1769900679.json -> /tmp/minio_downloads/TSLA/1769900679.json
[2026-02-03T20:12:56.948+0000] {logging_mixin.py:188} INFO - Downloaded TSLA/1769900680.json -> /tmp/minio_downloads/TSLA/1769900680.json
[2026-02-03T20:12:56.953+0000] {logging_mixin.py:188} INFO - Downloaded TSLA/1769900681.json -> /tmp/minio_downloads/TSLA/1769900681.json
[2026-02-03T20:12:56.958+0000] {logging_mixin.py:188} INFO - Downloaded TSLA/1769900682.json -> /tmp/minio_downloads/TSLA/1769900682.json
[2026-02-03T20:12:56.962+0000] {logging_mixin.py:188} INFO - Downloaded TSLA/1769900683.json -> /tmp/minio_downloads/TSLA/1769900683.json
[2026-02-03T20:12:56.967+0000] {logging_mixin.py:188} INFO - Downloaded TSLA/1769900684.json -> /tmp/minio_downloads/TSLA/1769900684.json
[2026-02-03T20:12:56.972+0000] {logging_mixin.py:188} INFO - Downloaded TSLA/1769900685.json -> /tmp/minio_downloads/TSLA/1769900685.json
[2026-02-03T20:12:56.978+0000] {logging_mixin.py:188} INFO - Downloaded TSLA/1769900686.json -> /tmp/minio_downloads/TSLA/1769900686.json
[2026-02-03T20:12:56.983+0000] {logging_mixin.py:188} INFO - Downloaded TSLA/1769900687.json -> /tmp/minio_downloads/TSLA/1769900687.json
[2026-02-03T20:12:56.987+0000] {logging_mixin.py:188} INFO - Downloaded TSLA/1769900688.json -> /tmp/minio_downloads/TSLA/1769900688.json
[2026-02-03T20:12:56.992+0000] {logging_mixin.py:188} INFO - Downloaded TSLA/1769900689.json -> /tmp/minio_downloads/TSLA/1769900689.json
[2026-02-03T20:12:56.997+0000] {logging_mixin.py:188} INFO - Downloaded TSLA/1769900690.json -> /tmp/minio_downloads/TSLA/1769900690.json
[2026-02-03T20:12:57.001+0000] {logging_mixin.py:188} INFO - Downloaded TSLA/1769900691.json -> /tmp/minio_downloads/TSLA/1769900691.json
[2026-02-03T20:12:57.006+0000] {logging_mixin.py:188} INFO - Downloaded TSLA/1769900692.json -> /tmp/minio_downloads/TSLA/1769900692.json
[2026-02-03T20:12:57.011+0000] {logging_mixin.py:188} INFO - Downloaded TSLA/1769900693.json -> /tmp/minio_downloads/TSLA/1769900693.json
[2026-02-03T20:12:57.016+0000] {logging_mixin.py:188} INFO - Downloaded TSLA/1769900694.json -> /tmp/minio_downloads/TSLA/1769900694.json
[2026-02-03T20:12:57.021+0000] {logging_mixin.py:188} INFO - Downloaded TSLA/1769900695.json -> /tmp/minio_downloads/TSLA/1769900695.json
[2026-02-03T20:12:57.025+0000] {logging_mixin.py:188} INFO - Downloaded TSLA/1769900696.json -> /tmp/minio_downloads/TSLA/1769900696.json
[2026-02-03T20:12:57.030+0000] {logging_mixin.py:188} INFO - Downloaded TSLA/1769900697.json -> /tmp/minio_downloads/TSLA/1769900697.json
[2026-02-03T20:12:57.034+0000] {logging_mixin.py:188} INFO - Downloaded TSLA/1769900698.json -> /tmp/minio_downloads/TSLA/1769900698.json
[2026-02-03T20:12:57.039+0000] {logging_mixin.py:188} INFO - Downloaded TSLA/1769900699.json -> /tmp/minio_downloads/TSLA/1769900699.json
[2026-02-03T20:12:57.045+0000] {logging_mixin.py:188} INFO - Downloaded TSLA/1769900700.json -> /tmp/minio_downloads/TSLA/1769900700.json
[2026-02-03T20:12:57.049+0000] {logging_mixin.py:188} INFO - Downloaded TSLA/1769900701.json -> /tmp/minio_downloads/TSLA/1769900701.json
[2026-02-03T20:12:57.055+0000] {logging_mixin.py:188} INFO - Downloaded TSLA/1769900702.json -> /tmp/minio_downloads/TSLA/1769900702.json
[2026-02-03T20:12:57.060+0000] {logging_mixin.py:188} INFO - Downloaded TSLA/1769900703.json -> /tmp/minio_downloads/TSLA/1769900703.json
[2026-02-03T20:12:57.065+0000] {logging_mixin.py:188} INFO - Downloaded TSLA/1769900704.json -> /tmp/minio_downloads/TSLA/1769900704.json
[2026-02-03T20:12:57.071+0000] {logging_mixin.py:188} INFO - Downloaded TSLA/1769900705.json -> /tmp/minio_downloads/TSLA/1769900705.json
[2026-02-03T20:12:57.077+0000] {logging_mixin.py:188} INFO - Downloaded TSLA/1769900706.json -> /tmp/minio_downloads/TSLA/1769900706.json
[2026-02-03T20:12:57.082+0000] {logging_mixin.py:188} INFO - Downloaded TSLA/1769900707.json -> /tmp/minio_downloads/TSLA/1769900707.json
[2026-02-03T20:12:57.087+0000] {logging_mixin.py:188} INFO - Downloaded TSLA/1769900708.json -> /tmp/minio_downloads/TSLA/1769900708.json
[2026-02-03T20:12:57.092+0000] {logging_mixin.py:188} INFO - Downloaded TSLA/1769900709.json -> /tmp/minio_downloads/TSLA/1769900709.json
[2026-02-03T20:12:57.097+0000] {logging_mixin.py:188} INFO - Downloaded TSLA/1769900710.json -> /tmp/minio_downloads/TSLA/1769900710.json
[2026-02-03T20:12:57.102+0000] {logging_mixin.py:188} INFO - Downloaded TSLA/1769900711.json -> /tmp/minio_downloads/TSLA/1769900711.json
[2026-02-03T20:12:57.107+0000] {logging_mixin.py:188} INFO - Downloaded TSLA/1769900712.json -> /tmp/minio_downloads/TSLA/1769900712.json
[2026-02-03T20:12:57.112+0000] {logging_mixin.py:188} INFO - Downloaded TSLA/1769900713.json -> /tmp/minio_downloads/TSLA/1769900713.json
[2026-02-03T20:12:57.117+0000] {logging_mixin.py:188} INFO - Downloaded TSLA/1769900714.json -> /tmp/minio_downloads/TSLA/1769900714.json
[2026-02-03T20:12:57.122+0000] {logging_mixin.py:188} INFO - Downloaded TSLA/1769900715.json -> /tmp/minio_downloads/TSLA/1769900715.json
[2026-02-03T20:12:57.129+0000] {logging_mixin.py:188} INFO - Downloaded TSLA/1769900716.json -> /tmp/minio_downloads/TSLA/1769900716.json
[2026-02-03T20:12:57.136+0000] {logging_mixin.py:188} INFO - Downloaded TSLA/1769900717.json -> /tmp/minio_downloads/TSLA/1769900717.json
[2026-02-03T20:12:57.141+0000] {logging_mixin.py:188} INFO - Downloaded TSLA/1769900718.json -> /tmp/minio_downloads/TSLA/1769900718.json
[2026-02-03T20:12:57.147+0000] {logging_mixin.py:188} INFO - Downloaded TSLA/1769900719.json -> /tmp/minio_downloads/TSLA/1769900719.json
[2026-02-03T20:12:57.152+0000] {logging_mixin.py:188} INFO - Downloaded TSLA/1769900720.json -> /tmp/minio_downloads/TSLA/1769900720.json
[2026-02-03T20:12:57.157+0000] {logging_mixin.py:188} INFO - Downloaded TSLA/1769900721.json -> /tmp/minio_downloads/TSLA/1769900721.json
[2026-02-03T20:12:57.161+0000] {logging_mixin.py:188} INFO - Downloaded TSLA/1769900722.json -> /tmp/minio_downloads/TSLA/1769900722.json
[2026-02-03T20:12:57.166+0000] {logging_mixin.py:188} INFO - Downloaded TSLA/1769900723.json -> /tmp/minio_downloads/TSLA/1769900723.json
[2026-02-03T20:12:57.171+0000] {logging_mixin.py:188} INFO - Downloaded TSLA/1769900724.json -> /tmp/minio_downloads/TSLA/1769900724.json
[2026-02-03T20:12:57.175+0000] {logging_mixin.py:188} INFO - Downloaded TSLA/1769900725.json -> /tmp/minio_downloads/TSLA/1769900725.json
[2026-02-03T20:12:57.179+0000] {logging_mixin.py:188} INFO - Downloaded TSLA/1769900726.json -> /tmp/minio_downloads/TSLA/1769900726.json
[2026-02-03T20:12:57.184+0000] {logging_mixin.py:188} INFO - Downloaded TSLA/1769900727.json -> /tmp/minio_downloads/TSLA/1769900727.json
[2026-02-03T20:12:57.188+0000] {logging_mixin.py:188} INFO - Downloaded TSLA/1769900728.json -> /tmp/minio_downloads/TSLA/1769900728.json
[2026-02-03T20:12:57.193+0000] {logging_mixin.py:188} INFO - Downloaded TSLA/1769900729.json -> /tmp/minio_downloads/TSLA/1769900729.json
[2026-02-03T20:12:57.198+0000] {logging_mixin.py:188} INFO - Downloaded TSLA/1769900730.json -> /tmp/minio_downloads/TSLA/1769900730.json
[2026-02-03T20:12:57.202+0000] {logging_mixin.py:188} INFO - Downloaded TSLA/1769900731.json -> /tmp/minio_downloads/TSLA/1769900731.json
[2026-02-03T20:12:57.207+0000] {logging_mixin.py:188} INFO - Downloaded TSLA/1769900732.json -> /tmp/minio_downloads/TSLA/1769900732.json
[2026-02-03T20:12:57.211+0000] {logging_mixin.py:188} INFO - Downloaded TSLA/1769900733.json -> /tmp/minio_downloads/TSLA/1769900733.json
[2026-02-03T20:12:57.216+0000] {logging_mixin.py:188} INFO - Downloaded TSLA/1769900734.json -> /tmp/minio_downloads/TSLA/1769900734.json
[2026-02-03T20:12:57.221+0000] {logging_mixin.py:188} INFO - Downloaded TSLA/1769900735.json -> /tmp/minio_downloads/TSLA/1769900735.json
[2026-02-03T20:12:57.226+0000] {logging_mixin.py:188} INFO - Downloaded TSLA/1769900736.json -> /tmp/minio_downloads/TSLA/1769900736.json
[2026-02-03T20:12:57.230+0000] {logging_mixin.py:188} INFO - Downloaded TSLA/1769900737.json -> /tmp/minio_downloads/TSLA/1769900737.json
[2026-02-03T20:12:57.235+0000] {logging_mixin.py:188} INFO - Downloaded TSLA/1769900738.json -> /tmp/minio_downloads/TSLA/1769900738.json
[2026-02-03T20:12:57.239+0000] {logging_mixin.py:188} INFO - Downloaded TSLA/1769900739.json -> /tmp/minio_downloads/TSLA/1769900739.json
[2026-02-03T20:12:57.243+0000] {logging_mixin.py:188} INFO - Downloaded TSLA/1769900740.json -> /tmp/minio_downloads/TSLA/1769900740.json
[2026-02-03T20:12:57.248+0000] {logging_mixin.py:188} INFO - Downloaded TSLA/1769900741.json -> /tmp/minio_downloads/TSLA/1769900741.json
[2026-02-03T20:12:57.252+0000] {logging_mixin.py:188} INFO - Downloaded TSLA/1769900742.json -> /tmp/minio_downloads/TSLA/1769900742.json
[2026-02-03T20:12:57.257+0000] {logging_mixin.py:188} INFO - Downloaded TSLA/1769900743.json -> /tmp/minio_downloads/TSLA/1769900743.json
[2026-02-03T20:12:57.261+0000] {logging_mixin.py:188} INFO - Downloaded TSLA/1769900744.json -> /tmp/minio_downloads/TSLA/1769900744.json
[2026-02-03T20:12:57.265+0000] {logging_mixin.py:188} INFO - Downloaded TSLA/1769900745.json -> /tmp/minio_downloads/TSLA/1769900745.json
[2026-02-03T20:12:57.269+0000] {logging_mixin.py:188} INFO - Downloaded TSLA/1769900746.json -> /tmp/minio_downloads/TSLA/1769900746.json
[2026-02-03T20:12:57.274+0000] {logging_mixin.py:188} INFO - Downloaded TSLA/1769900747.json -> /tmp/minio_downloads/TSLA/1769900747.json
[2026-02-03T20:12:57.279+0000] {logging_mixin.py:188} INFO - Downloaded TSLA/1769900748.json -> /tmp/minio_downloads/TSLA/1769900748.json
[2026-02-03T20:12:57.284+0000] {logging_mixin.py:188} INFO - Downloaded TSLA/1769900749.json -> /tmp/minio_downloads/TSLA/1769900749.json
[2026-02-03T20:12:57.289+0000] {logging_mixin.py:188} INFO - Downloaded TSLA/1769900750.json -> /tmp/minio_downloads/TSLA/1769900750.json
[2026-02-03T20:12:57.293+0000] {logging_mixin.py:188} INFO - Downloaded TSLA/1769900751.json -> /tmp/minio_downloads/TSLA/1769900751.json
[2026-02-03T20:12:57.297+0000] {logging_mixin.py:188} INFO - Downloaded TSLA/1769900752.json -> /tmp/minio_downloads/TSLA/1769900752.json
[2026-02-03T20:12:57.302+0000] {logging_mixin.py:188} INFO - Downloaded TSLA/1769900753.json -> /tmp/minio_downloads/TSLA/1769900753.json
[2026-02-03T20:12:57.311+0000] {logging_mixin.py:188} INFO - Downloaded TSLA/1769900754.json -> /tmp/minio_downloads/TSLA/1769900754.json
[2026-02-03T20:12:57.317+0000] {logging_mixin.py:188} INFO - Downloaded TSLA/1769900755.json -> /tmp/minio_downloads/TSLA/1769900755.json
[2026-02-03T20:12:57.322+0000] {logging_mixin.py:188} INFO - Downloaded TSLA/1769900756.json -> /tmp/minio_downloads/TSLA/1769900756.json
[2026-02-03T20:12:57.326+0000] {logging_mixin.py:188} INFO - Downloaded TSLA/1769900757.json -> /tmp/minio_downloads/TSLA/1769900757.json
[2026-02-03T20:12:57.331+0000] {logging_mixin.py:188} INFO - Downloaded TSLA/1769900758.json -> /tmp/minio_downloads/TSLA/1769900758.json
[2026-02-03T20:12:57.335+0000] {logging_mixin.py:188} INFO - Downloaded TSLA/1769900759.json -> /tmp/minio_downloads/TSLA/1769900759.json
[2026-02-03T20:12:57.340+0000] {logging_mixin.py:188} INFO - Downloaded TSLA/1769900760.json -> /tmp/minio_downloads/TSLA/1769900760.json
[2026-02-03T20:12:57.344+0000] {logging_mixin.py:188} INFO - Downloaded TSLA/1769900761.json -> /tmp/minio_downloads/TSLA/1769900761.json
[2026-02-03T20:12:57.348+0000] {logging_mixin.py:188} INFO - Downloaded TSLA/1769900762.json -> /tmp/minio_downloads/TSLA/1769900762.json
[2026-02-03T20:12:57.353+0000] {logging_mixin.py:188} INFO - Downloaded TSLA/1769900763.json -> /tmp/minio_downloads/TSLA/1769900763.json
[2026-02-03T20:12:57.357+0000] {logging_mixin.py:188} INFO - Downloaded TSLA/1769900764.json -> /tmp/minio_downloads/TSLA/1769900764.json
[2026-02-03T20:12:57.361+0000] {logging_mixin.py:188} INFO - Downloaded TSLA/1769900765.json -> /tmp/minio_downloads/TSLA/1769900765.json
[2026-02-03T20:12:57.365+0000] {logging_mixin.py:188} INFO - Downloaded TSLA/1769900766.json -> /tmp/minio_downloads/TSLA/1769900766.json
[2026-02-03T20:12:57.366+0000] {python.py:237} INFO - Done. Returned value was: ['/tmp/minio_downloads/AAPL/1769900678.json', '/tmp/minio_downloads/AAPL/1769900679.json', '/tmp/minio_downloads/AAPL/1769900680.json', '/tmp/minio_downloads/AAPL/1769900681.json', '/tmp/minio_downloads/AAPL/1769900682.json', '/tmp/minio_downloads/AAPL/1769900683.json', '/tmp/minio_downloads/AAPL/1769900684.json', '/tmp/minio_downloads/AAPL/1769900685.json', '/tmp/minio_downloads/AAPL/1769900686.json', '/tmp/minio_downloads/AAPL/1769900687.json', '/tmp/minio_downloads/AAPL/1769900688.json', '/tmp/minio_downloads/AAPL/1769900689.json', '/tmp/minio_downloads/AAPL/1769900690.json', '/tmp/minio_downloads/AAPL/1769900691.json', '/tmp/minio_downloads/AAPL/1769900692.json', '/tmp/minio_downloads/AAPL/1769900693.json', '/tmp/minio_downloads/AAPL/1769900694.json', '/tmp/minio_downloads/AAPL/1769900695.json', '/tmp/minio_downloads/AAPL/1769900696.json', '/tmp/minio_downloads/AAPL/1769900697.json', '/tmp/minio_downloads/AAPL/1769900698.json', '/tmp/minio_downloads/AAPL/1769900699.json', '/tmp/minio_downloads/AAPL/1769900700.json', '/tmp/minio_downloads/AAPL/1769900701.json', '/tmp/minio_downloads/AAPL/1769900702.json', '/tmp/minio_downloads/AAPL/1769900703.json', '/tmp/minio_downloads/AAPL/1769900704.json', '/tmp/minio_downloads/AAPL/1769900705.json', '/tmp/minio_downloads/AAPL/1769900706.json', '/tmp/minio_downloads/AAPL/1769900707.json', '/tmp/minio_downloads/AAPL/1769900708.json', '/tmp/minio_downloads/AAPL/1769900709.json', '/tmp/minio_downloads/AAPL/1769900710.json', '/tmp/minio_downloads/AAPL/1769900711.json', '/tmp/minio_downloads/AAPL/1769900712.json', '/tmp/minio_downloads/AAPL/1769900713.json', '/tmp/minio_downloads/AAPL/1769900714.json', '/tmp/minio_downloads/AAPL/1769900715.json', '/tmp/minio_downloads/AAPL/1769900716.json', '/tmp/minio_downloads/AAPL/1769900717.json', '/tmp/minio_downloads/AAPL/1769900718.json', '/tmp/minio_downloads/AAPL/1769900719.json', '/tmp/minio_downloads/AAPL/1769900720.json', '/tmp/minio_downloads/AAPL/1769900721.json', '/tmp/minio_downloads/AAPL/1769900722.json', '/tmp/minio_downloads/AAPL/1769900723.json', '/tmp/minio_downloads/AAPL/1769900724.json', '/tmp/minio_downloads/AAPL/1769900725.json', '/tmp/minio_downloads/AAPL/1769900726.json', '/tmp/minio_downloads/AAPL/1769900727.json', '/tmp/minio_downloads/AAPL/1769900728.json', '/tmp/minio_downloads/AAPL/1769900729.json', '/tmp/minio_downloads/AAPL/1769900730.json', '/tmp/minio_downloads/AAPL/1769900731.json', '/tmp/minio_downloads/AAPL/1769900732.json', '/tmp/minio_downloads/AAPL/1769900733.json', '/tmp/minio_downloads/AAPL/1769900734.json', '/tmp/minio_downloads/AAPL/1769900735.json', '/tmp/minio_downloads/AAPL/1769900736.json', '/tmp/minio_downloads/AAPL/1769900737.json', '/tmp/minio_downloads/AAPL/1769900738.json', '/tmp/minio_downloads/AAPL/1769900739.json', '/tmp/minio_downloads/AAPL/1769900740.json', '/tmp/minio_downloads/AAPL/1769900741.json', '/tmp/minio_downloads/AAPL/1769900742.json', '/tmp/minio_downloads/AAPL/1769900743.json', '/tmp/minio_downloads/AAPL/1769900744.json', '/tmp/minio_downloads/AAPL/1769900745.json', '/tmp/minio_downloads/AAPL/1769900746.json', '/tmp/minio_downloads/AAPL/1769900747.json', '/tmp/minio_downloads/AAPL/1769900748.json', '/tmp/minio_downloads/AAPL/1769900749.json', '/tmp/minio_downloads/AAPL/1769900750.json', '/tmp/minio_downloads/AAPL/1769900751.json', '/tmp/minio_downloads/AAPL/1769900752.json', '/tmp/minio_downloads/AAPL/1769900753.json', '/tmp/minio_downloads/AAPL/1769900754.json', '/tmp/minio_downloads/AAPL/1769900755.json', '/tmp/minio_downloads/AAPL/1769900756.json', '/tmp/minio_downloads/AAPL/1769900757.json', '/tmp/minio_downloads/AAPL/1769900758.json', '/tmp/minio_downloads/AAPL/1769900759.json', '/tmp/minio_downloads/AAPL/1769900760.json', '/tmp/minio_downloads/AAPL/1769900761.json', '/tmp/minio_downloads/AAPL/1769900762.json', '/tmp/minio_downloads/AAPL/1769900763.json', '/tmp/minio_downloads/AAPL/1769900764.json', '/tmp/minio_downloads/AAPL/1769900765.json', '/tmp/minio_downloads/AAPL/1769900766.json', '/tmp/minio_downloads/AMZN/1769900678.json', '/tmp/minio_downloads/AMZN/1769900679.json', '/tmp/minio_downloads/AMZN/1769900680.json', '/tmp/minio_downloads/AMZN/1769900681.json', '/tmp/minio_downloads/AMZN/1769900682.json', '/tmp/minio_downloads/AMZN/1769900683.json', '/tmp/minio_downloads/AMZN/1769900684.json', '/tmp/minio_downloads/AMZN/1769900685.json', '/tmp/minio_downloads/AMZN/1769900686.json', '/tmp/minio_downloads/AMZN/1769900687.json', '/tmp/minio_downloads/AMZN/1769900688.json', '/tmp/minio_downloads/AMZN/1769900689.json', '/tmp/minio_downloads/AMZN/1769900690.json', '/tmp/minio_downloads/AMZN/1769900691.json', '/tmp/minio_downloads/AMZN/1769900692.json', '/tmp/minio_downloads/AMZN/1769900693.json', '/tmp/minio_downloads/AMZN/1769900694.json', '/tmp/minio_downloads/AMZN/1769900695.json', '/tmp/minio_downloads/AMZN/1769900696.json', '/tmp/minio_downloads/AMZN/1769900697.json', '/tmp/minio_downloads/AMZN/1769900698.json', '/tmp/minio_downloads/AMZN/1769900699.json', '/tmp/minio_downloads/AMZN/1769900700.json', '/tmp/minio_downloads/AMZN/1769900701.json', '/tmp/minio_downloads/AMZN/1769900702.json', '/tmp/minio_downloads/AMZN/1769900703.json', '/tmp/minio_downloads/AMZN/1769900704.json', '/tmp/minio_downloads/AMZN/1769900705.json', '/tmp/minio_downloads/AMZN/1769900706.json', '/tmp/minio_downloads/AMZN/1769900707.json', '/tmp/minio_downloads/AMZN/1769900708.json', '/tmp/minio_downloads/AMZN/1769900709.json', '/tmp/minio_downloads/AMZN/1769900710.json', '/tmp/minio_downloads/AMZN/1769900711.json', '/tmp/minio_downloads/AMZN/1769900712.json', '/tmp/minio_downloads/AMZN/1769900713.json', '/tmp/minio_downloads/AMZN/1769900714.json', '/tmp/minio_downloads/AMZN/1769900715.json', '/tmp/minio_downloads/AMZN/1769900716.json', '/tmp/minio_downloads/AMZN/1769900717.json', '/tmp/minio_downloads/AMZN/1769900718.json', '/tmp/minio_downloads/AMZN/1769900719.json', '/tmp/minio_downloads/AMZN/1769900720.json', '/tmp/minio_downloads/AMZN/1769900721.json', '/tmp/minio_downloads/AMZN/1769900722.json', '/tmp/minio_downloads/AMZN/1769900723.json', '/tmp/minio_downloads/AMZN/1769900724.json', '/tmp/minio_downloads/AMZN/1769900725.json', '/tmp/minio_downloads/AMZN/1769900726.json', '/tmp/minio_downloads/AMZN/1769900727.json', '/tmp/minio_downloads/AMZN/1769900728.json', '/tmp/minio_downloads/AMZN/1769900729.json', '/tmp/minio_downloads/AMZN/1769900730.json', '/tmp/minio_downloads/AMZN/1769900731.json', '/tmp/minio_downloads/AMZN/1769900732.json', '/tmp/minio_downloads/AMZN/1769900733.json', '/tmp/minio_downloads/AMZN/1769900734.json', '/tmp/minio_downloads/AMZN/1769900735.json', '/tmp/minio_downloads/AMZN/1769900736.json', '/tmp/minio_downloads/AMZN/1769900737.json', '/tmp/minio_downloads/AMZN/1769900738.json', '/tmp/minio_downloads/AMZN/1769900739.json', '/tmp/minio_downloads/AMZN/1769900740.json', '/tmp/minio_downloads/AMZN/1769900741.json', '/tmp/minio_downloads/AMZN/1769900742.json', '/tmp/minio_downloads/AMZN/1769900743.json', '/tmp/minio_downloads/AMZN/1769900744.json', '/tmp/minio_downloads/AMZN/1769900745.json', '/tmp/minio_downloads/AMZN/1769900746.json', '/tmp/minio_downloads/AMZN/1769900747.json', '/tmp/minio_downloads/AMZN/1769900748.json', '/tmp/minio_downloads/AMZN/1769900749.json', '/tmp/minio_downloads/AMZN/1769900750.json', '/tmp/minio_downloads/AMZN/1769900751.json', '/tmp/minio_downloads/AMZN/1769900752.json', '/tmp/minio_downloads/AMZN/1769900753.json', '/tmp/minio_downloads/AMZN/1769900754.json', '/tmp/minio_downloads/AMZN/1769900755.json', '/tmp/minio_downloads/AMZN/1769900756.json', '/tmp/minio_downloads/AMZN/1769900757.json', '/tmp/minio_downloads/AMZN/1769900758.json', '/tmp/minio_downloads/AMZN/1769900759.json', '/tmp/minio_downloads/AMZN/1769900760.json', '/tmp/minio_downloads/AMZN/1769900761.json', '/tmp/minio_downloads/AMZN/1769900762.json', '/tmp/minio_downloads/AMZN/1769900763.json', '/tmp/minio_downloads/AMZN/1769900764.json', '/tmp/minio_downloads/AMZN/1769900765.json', '/tmp/minio_downloads/AMZN/1769900766.json', '/tmp/minio_downloads/GOOGL/1769900678.json', '/tmp/minio_downloads/GOOGL/1769900679.json', '/tmp/minio_downloads/GOOGL/1769900680.json', '/tmp/minio_downloads/GOOGL/1769900681.json', '/tmp/minio_downloads/GOOGL/1769900682.json', '/tmp/minio_downloads/GOOGL/1769900683.json', '/tmp/minio_downloads/GOOGL/1769900684.json', '/tmp/minio_downloads/GOOGL/1769900685.json', '/tmp/minio_downloads/GOOGL/1769900686.json', '/tmp/minio_downloads/GOOGL/1769900687.json', '/tmp/minio_downloads/GOOGL/1769900688.json', '/tmp/minio_downloads/GOOGL/1769900689.json', '/tmp/minio_downloads/GOOGL/1769900690.json', '/tmp/minio_downloads/GOOGL/1769900691.json', '/tmp/minio_downloads/GOOGL/1769900692.json', '/tmp/minio_downloads/GOOGL/1769900693.json', '/tmp/minio_downloads/GOOGL/1769900694.json', '/tmp/minio_downloads/GOOGL/1769900695.json', '/tmp/minio_downloads/GOOGL/1769900696.json', '/tmp/minio_downloads/GOOGL/1769900697.json', '/tmp/minio_downloads/GOOGL/1769900698.json', '/tmp/minio_downloads/GOOGL/1769900699.json', '/tmp/minio_downloads/GOOGL/1769900700.json', '/tmp/minio_downloads/GOOGL/1769900701.json', '/tmp/minio_downloads/GOOGL/1769900702.json', '/tmp/minio_downloads/GOOGL/1769900703.json', '/tmp/minio_downloads/GOOGL/1769900704.json', '/tmp/minio_downloads/GOOGL/1769900705.json', '/tmp/minio_downloads/GOOGL/1769900706.json', '/tmp/minio_downloads/GOOGL/1769900707.json', '/tmp/minio_downloads/GOOGL/1769900708.json', '/tmp/minio_downloads/GOOGL/1769900709.json', '/tmp/minio_downloads/GOOGL/1769900710.json', '/tmp/minio_downloads/GOOGL/1769900711.json', '/tmp/minio_downloads/GOOGL/1769900712.json', '/tmp/minio_downloads/GOOGL/1769900713.json', '/tmp/minio_downloads/GOOGL/1769900714.json', '/tmp/minio_downloads/GOOGL/1769900715.json', '/tmp/minio_downloads/GOOGL/1769900716.json', '/tmp/minio_downloads/GOOGL/1769900717.json', '/tmp/minio_downloads/GOOGL/1769900718.json', '/tmp/minio_downloads/GOOGL/1769900719.json', '/tmp/minio_downloads/GOOGL/1769900720.json', '/tmp/minio_downloads/GOOGL/1769900721.json', '/tmp/minio_downloads/GOOGL/1769900722.json', '/tmp/minio_downloads/GOOGL/1769900723.json', '/tmp/minio_downloads/GOOGL/1769900724.json', '/tmp/minio_downloads/GOOGL/1769900725.json', '/tmp/minio_downloads/GOOGL/1769900726.json', '/tmp/minio_downloads/GOOGL/1769900727.json', '/tmp/minio_downloads/GOOGL/1769900728.json', '/tmp/minio_downloads/GOOGL/1769900729.json', '/tmp/minio_downloads/GOOGL/1769900730.json', '/tmp/minio_downloads/GOOGL/1769900731.json', '/tmp/minio_downloads/GOOGL/1769900732.json', '/tmp/minio_downloads/GOOGL/1769900733.json', '/tmp/minio_downloads/GOOGL/1769900734.json', '/tmp/minio_downloads/GOOGL/1769900735.json', '/tmp/minio_downloads/GOOGL/1769900736.json', '/tmp/minio_downloads/GOOGL/1769900737.json', '/tmp/minio_downloads/GOOGL/1769900738.json', '/tmp/minio_downloads/GOOGL/1769900739.json', '/tmp/minio_downloads/GOOGL/1769900740.json', '/tmp/minio_downloads/GOOGL/1769900741.json', '/tmp/minio_downloads/GOOGL/1769900742.json', '/tmp/minio_downloads/GOOGL/1769900743.json', '/tmp/minio_downloads/GOOGL/1769900744.json', '/tmp/minio_downloads/GOOGL/1769900745.json', '/tmp/minio_downloads/GOOGL/1769900746.json', '/tmp/minio_downloads/GOOGL/1769900747.json', '/tmp/minio_downloads/GOOGL/1769900748.json', '/tmp/minio_downloads/GOOGL/1769900749.json', '/tmp/minio_downloads/GOOGL/1769900750.json', '/tmp/minio_downloads/GOOGL/1769900751.json', '/tmp/minio_downloads/GOOGL/1769900752.json', '/tmp/minio_downloads/GOOGL/1769900753.json', '/tmp/minio_downloads/GOOGL/1769900754.json', '/tmp/minio_downloads/GOOGL/1769900755.json', '/tmp/minio_downloads/GOOGL/1769900756.json', '/tmp/minio_downloads/GOOGL/1769900757.json', '/tmp/minio_downloads/GOOGL/1769900758.json', '/tmp/minio_downloads/GOOGL/1769900759.json', '/tmp/minio_downloads/GOOGL/1769900760.json', '/tmp/minio_downloads/GOOGL/1769900761.json', '/tmp/minio_downloads/GOOGL/1769900762.json', '/tmp/minio_downloads/GOOGL/1769900763.json', '/tmp/minio_downloads/GOOGL/1769900764.json', '/tmp/minio_downloads/GOOGL/1769900765.json', '/tmp/minio_downloads/GOOGL/1769900766.json', '/tmp/minio_downloads/MSFT/1769900678.json', '/tmp/minio_downloads/MSFT/1769900679.json', '/tmp/minio_downloads/MSFT/1769900680.json', '/tmp/minio_downloads/MSFT/1769900681.json', '/tmp/minio_downloads/MSFT/1769900682.json', '/tmp/minio_downloads/MSFT/1769900683.json', '/tmp/minio_downloads/MSFT/1769900684.json', '/tmp/minio_downloads/MSFT/1769900685.json', '/tmp/minio_downloads/MSFT/1769900686.json', '/tmp/minio_downloads/MSFT/1769900687.json', '/tmp/minio_downloads/MSFT/1769900688.json', '/tmp/minio_downloads/MSFT/1769900689.json', '/tmp/minio_downloads/MSFT/1769900690.json', '/tmp/minio_downloads/MSFT/1769900691.json', '/tmp/minio_downloads/MSFT/1769900692.json', '/tmp/minio_downloads/MSFT/1769900693.json', '/tmp/minio_downloads/MSFT/1769900694.json', '/tmp/minio_downloads/MSFT/1769900695.json', '/tmp/minio_downloads/MSFT/1769900696.json', '/tmp/minio_downloads/MSFT/1769900697.json', '/tmp/minio_downloads/MSFT/1769900698.json', '/tmp/minio_downloads/MSFT/1769900699.json', '/tmp/minio_downloads/MSFT/1769900700.json', '/tmp/minio_downloads/MSFT/1769900701.json', '/tmp/minio_downloads/MSFT/1769900702.json', '/tmp/minio_downloads/MSFT/1769900703.json', '/tmp/minio_downloads/MSFT/1769900704.json', '/tmp/minio_downloads/MSFT/1769900705.json', '/tmp/minio_downloads/MSFT/1769900706.json', '/tmp/minio_downloads/MSFT/1769900707.json', '/tmp/minio_downloads/MSFT/1769900708.json', '/tmp/minio_downloads/MSFT/1769900709.json', '/tmp/minio_downloads/MSFT/1769900710.json', '/tmp/minio_downloads/MSFT/1769900711.json', '/tmp/minio_downloads/MSFT/1769900712.json', '/tmp/minio_downloads/MSFT/1769900713.json', '/tmp/minio_downloads/MSFT/1769900714.json', '/tmp/minio_downloads/MSFT/1769900715.json', '/tmp/minio_downloads/MSFT/1769900716.json', '/tmp/minio_downloads/MSFT/1769900717.json', '/tmp/minio_downloads/MSFT/1769900718.json', '/tmp/minio_downloads/MSFT/1769900719.json', '/tmp/minio_downloads/MSFT/1769900720.json', '/tmp/minio_downloads/MSFT/1769900721.json', '/tmp/minio_downloads/MSFT/1769900722.json', '/tmp/minio_downloads/MSFT/1769900723.json', '/tmp/minio_downloads/MSFT/1769900724.json', '/tmp/minio_downloads/MSFT/1769900725.json', '/tmp/minio_downloads/MSFT/1769900726.json', '/tmp/minio_downloads/MSFT/1769900727.json', '/tmp/minio_downloads/MSFT/1769900728.json', '/tmp/minio_downloads/MSFT/1769900729.json', '/tmp/minio_downloads/MSFT/1769900730.json', '/tmp/minio_downloads/MSFT/1769900731.json', '/tmp/minio_downloads/MSFT/1769900732.json', '/tmp/minio_downloads/MSFT/1769900733.json', '/tmp/minio_downloads/MSFT/1769900734.json', '/tmp/minio_downloads/MSFT/1769900735.json', '/tmp/minio_downloads/MSFT/1769900736.json', '/tmp/minio_downloads/MSFT/1769900737.json', '/tmp/minio_downloads/MSFT/1769900738.json', '/tmp/minio_downloads/MSFT/1769900739.json', '/tmp/minio_downloads/MSFT/1769900740.json', '/tmp/minio_downloads/MSFT/1769900741.json', '/tmp/minio_downloads/MSFT/1769900742.json', '/tmp/minio_downloads/MSFT/1769900743.json', '/tmp/minio_downloads/MSFT/1769900744.json', '/tmp/minio_downloads/MSFT/1769900745.json', '/tmp/minio_downloads/MSFT/1769900746.json', '/tmp/minio_downloads/MSFT/1769900747.json', '/tmp/minio_downloads/MSFT/1769900748.json', '/tmp/minio_downloads/MSFT/1769900749.json', '/tmp/minio_downloads/MSFT/1769900750.json', '/tmp/minio_downloads/MSFT/1769900751.json', '/tmp/minio_downloads/MSFT/1769900752.json', '/tmp/minio_downloads/MSFT/1769900753.json', '/tmp/minio_downloads/MSFT/1769900754.json', '/tmp/minio_downloads/MSFT/1769900755.json', '/tmp/minio_downloads/MSFT/1769900756.json', '/tmp/minio_downloads/MSFT/1769900757.json', '/tmp/minio_downloads/MSFT/1769900758.json', '/tmp/minio_downloads/MSFT/1769900759.json', '/tmp/minio_downloads/MSFT/1769900760.json', '/tmp/minio_downloads/MSFT/1769900761.json', '/tmp/minio_downloads/MSFT/1769900762.json', '/tmp/minio_downloads/MSFT/1769900763.json', '/tmp/minio_downloads/MSFT/1769900764.json', '/tmp/minio_downloads/MSFT/1769900765.json', '/tmp/minio_downloads/MSFT/1769900766.json', '/tmp/minio_downloads/TSLA/1769900678.json', '/tmp/minio_downloads/TSLA/1769900679.json', '/tmp/minio_downloads/TSLA/1769900680.json', '/tmp/minio_downloads/TSLA/1769900681.json', '/tmp/minio_downloads/TSLA/1769900682.json', '/tmp/minio_downloads/TSLA/1769900683.json', '/tmp/minio_downloads/TSLA/1769900684.json', '/tmp/minio_downloads/TSLA/1769900685.json', '/tmp/minio_downloads/TSLA/1769900686.json', '/tmp/minio_downloads/TSLA/1769900687.json', '/tmp/minio_downloads/TSLA/1769900688.json', '/tmp/minio_downloads/TSLA/1769900689.json', '/tmp/minio_downloads/TSLA/1769900690.json', '/tmp/minio_downloads/TSLA/1769900691.json', '/tmp/minio_downloads/TSLA/1769900692.json', '/tmp/minio_downloads/TSLA/1769900693.json', '/tmp/minio_downloads/TSLA/1769900694.json', '/tmp/minio_downloads/TSLA/1769900695.json', '/tmp/minio_downloads/TSLA/1769900696.json', '/tmp/minio_downloads/TSLA/1769900697.json', '/tmp/minio_downloads/TSLA/1769900698.json', '/tmp/minio_downloads/TSLA/1769900699.json', '/tmp/minio_downloads/TSLA/1769900700.json', '/tmp/minio_downloads/TSLA/1769900701.json', '/tmp/minio_downloads/TSLA/1769900702.json', '/tmp/minio_downloads/TSLA/1769900703.json', '/tmp/minio_downloads/TSLA/1769900704.json', '/tmp/minio_downloads/TSLA/1769900705.json', '/tmp/minio_downloads/TSLA/1769900706.json', '/tmp/minio_downloads/TSLA/1769900707.json', '/tmp/minio_downloads/TSLA/1769900708.json', '/tmp/minio_downloads/TSLA/1769900709.json', '/tmp/minio_downloads/TSLA/1769900710.json', '/tmp/minio_downloads/TSLA/1769900711.json', '/tmp/minio_downloads/TSLA/1769900712.json', '/tmp/minio_downloads/TSLA/1769900713.json', '/tmp/minio_downloads/TSLA/1769900714.json', '/tmp/minio_downloads/TSLA/1769900715.json', '/tmp/minio_downloads/TSLA/1769900716.json', '/tmp/minio_downloads/TSLA/1769900717.json', '/tmp/minio_downloads/TSLA/1769900718.json', '/tmp/minio_downloads/TSLA/1769900719.json', '/tmp/minio_downloads/TSLA/1769900720.json', '/tmp/minio_downloads/TSLA/1769900721.json', '/tmp/minio_downloads/TSLA/1769900722.json', '/tmp/minio_downloads/TSLA/1769900723.json', '/tmp/minio_downloads/TSLA/1769900724.json', '/tmp/minio_downloads/TSLA/1769900725.json', '/tmp/minio_downloads/TSLA/1769900726.json', '/tmp/minio_downloads/TSLA/1769900727.json', '/tmp/minio_downloads/TSLA/1769900728.json', '/tmp/minio_downloads/TSLA/1769900729.json', '/tmp/minio_downloads/TSLA/1769900730.json', '/tmp/minio_downloads/TSLA/1769900731.json', '/tmp/minio_downloads/TSLA/1769900732.json', '/tmp/minio_downloads/TSLA/1769900733.json', '/tmp/minio_downloads/TSLA/1769900734.json', '/tmp/minio_downloads/TSLA/1769900735.json', '/tmp/minio_downloads/TSLA/1769900736.json', '/tmp/minio_downloads/TSLA/1769900737.json', '/tmp/minio_downloads/TSLA/1769900738.json', '/tmp/minio_downloads/TSLA/1769900739.json', '/tmp/minio_downloads/TSLA/1769900740.json', '/tmp/minio_downloads/TSLA/1769900741.json', '/tmp/minio_downloads/TSLA/1769900742.json', '/tmp/minio_downloads/TSLA/1769900743.json', '/tmp/minio_downloads/TSLA/1769900744.json', '/tmp/minio_downloads/TSLA/1769900745.json', '/tmp/minio_downloads/TSLA/1769900746.json', '/tmp/minio_downloads/TSLA/1769900747.json', '/tmp/minio_downloads/TSLA/1769900748.json', '/tmp/minio_downloads/TSLA/1769900749.json', '/tmp/minio_downloads/TSLA/1769900750.json', '/tmp/minio_downloads/TSLA/1769900751.json', '/tmp/minio_downloads/TSLA/1769900752.json', '/tmp/minio_downloads/TSLA/1769900753.json', '/tmp/minio_downloads/TSLA/1769900754.json', '/tmp/minio_downloads/TSLA/1769900755.json', '/tmp/minio_downloads/TSLA/1769900756.json', '/tmp/minio_downloads/TSLA/1769900757.json', '/tmp/minio_downloads/TSLA/1769900758.json', '/tmp/minio_downloads/TSLA/1769900759.json', '/tmp/minio_downloads/TSLA/1769900760.json', '/tmp/minio_downloads/TSLA/1769900761.json', '/tmp/minio_downloads/TSLA/1769900762.json', '/tmp/minio_downloads/TSLA/1769900763.json', '/tmp/minio_downloads/TSLA/1769900764.json', '/tmp/minio_downloads/TSLA/1769900765.json', '/tmp/minio_downloads/TSLA/1769900766.json']
[2026-02-03T20:12:57.368+0000] {taskinstance.py:441} INFO - ::group::Post task execution logs
[2026-02-03T20:12:57.394+0000] {taskinstance.py:1206} INFO - Marking task as SUCCESS. dag_id=minio_to_snowflake, task_id=download_minio, run_id=scheduled__2026-02-03T20:11:00+00:00, execution_date=20260203T201100, start_date=20260203T201254, end_date=20260203T201257
[2026-02-03T20:12:57.423+0000] {local_task_job_runner.py:243} INFO - Task exited with return code 0
[2026-02-03T20:12:57.437+0000] {taskinstance.py:3503} INFO - 1 downstream tasks scheduled from follow-on schedule check
[2026-02-03T20:12:57.442+0000] {local_task_job_runner.py:222} INFO - ::endgroup::
