[2026-02-03T21:09:32.471+0000] {local_task_job_runner.py:120} INFO - ::group::Pre task execution logs
[2026-02-03T21:09:32.504+0000] {taskinstance.py:2076} INFO - Dependencies all met for dep_context=non-requeueable deps ti=<TaskInstance: minio_to_snowflake.download_minio scheduled__2026-02-03T21:08:00+00:00 [queued]>
[2026-02-03T21:09:32.514+0000] {taskinstance.py:2076} INFO - Dependencies all met for dep_context=requeueable deps ti=<TaskInstance: minio_to_snowflake.download_minio scheduled__2026-02-03T21:08:00+00:00 [queued]>
[2026-02-03T21:09:32.514+0000] {taskinstance.py:2306} INFO - Starting attempt 1 of 2
[2026-02-03T21:09:32.526+0000] {taskinstance.py:2330} INFO - Executing <Task(PythonOperator): download_minio> on 2026-02-03 21:08:00+00:00
[2026-02-03T21:09:32.537+0000] {standard_task_runner.py:90} INFO - Running: ['***', 'tasks', 'run', 'minio_to_snowflake', 'download_minio', 'scheduled__2026-02-03T21:08:00+00:00', '--job-id', '318', '--raw', '--subdir', 'DAGS_FOLDER/minio_to_snowflake.py', '--cfg-path', '/tmp/tmp3wjl2rw9']
[2026-02-03T21:09:32.541+0000] {logging_mixin.py:188} WARNING - /home/***/.local/lib/python3.12/site-packages/***/task/task_runner/standard_task_runner.py:62 DeprecationWarning: This process (pid=8060) is multi-threaded, use of fork() may lead to deadlocks in the child.
[2026-02-03T21:09:32.543+0000] {standard_task_runner.py:91} INFO - Job 318: Subtask download_minio
[2026-02-03T21:09:32.544+0000] {standard_task_runner.py:64} INFO - Started process 8084 to run task
[2026-02-03T21:09:32.622+0000] {task_command.py:426} INFO - Running <TaskInstance: minio_to_snowflake.download_minio scheduled__2026-02-03T21:08:00+00:00 [running]> on host e6e1c513bfd4
[2026-02-03T21:09:32.688+0000] {taskinstance.py:2648} INFO - Exporting env vars: AIRFLOW_CTX_DAG_OWNER='***' AIRFLOW_CTX_DAG_ID='minio_to_snowflake' AIRFLOW_CTX_TASK_ID='download_minio' AIRFLOW_CTX_EXECUTION_DATE='2026-02-03T21:08:00+00:00' AIRFLOW_CTX_TRY_NUMBER='1' AIRFLOW_CTX_DAG_RUN_ID='scheduled__2026-02-03T21:08:00+00:00'
[2026-02-03T21:09:32.689+0000] {taskinstance.py:430} INFO - ::endgroup::
[2026-02-03T21:09:32.959+0000] {logging_mixin.py:188} INFO - Downloaded AAPL/1769900678.json -> /tmp/minio_downloads/AAPL/1769900678.json
[2026-02-03T21:09:32.964+0000] {logging_mixin.py:188} INFO - Downloaded AAPL/1769900679.json -> /tmp/minio_downloads/AAPL/1769900679.json
[2026-02-03T21:09:32.969+0000] {logging_mixin.py:188} INFO - Downloaded AAPL/1769900680.json -> /tmp/minio_downloads/AAPL/1769900680.json
[2026-02-03T21:09:32.973+0000] {logging_mixin.py:188} INFO - Downloaded AAPL/1769900681.json -> /tmp/minio_downloads/AAPL/1769900681.json
[2026-02-03T21:09:32.978+0000] {logging_mixin.py:188} INFO - Downloaded AAPL/1769900682.json -> /tmp/minio_downloads/AAPL/1769900682.json
[2026-02-03T21:09:32.982+0000] {logging_mixin.py:188} INFO - Downloaded AAPL/1769900683.json -> /tmp/minio_downloads/AAPL/1769900683.json
[2026-02-03T21:09:32.987+0000] {logging_mixin.py:188} INFO - Downloaded AAPL/1769900684.json -> /tmp/minio_downloads/AAPL/1769900684.json
[2026-02-03T21:09:32.991+0000] {logging_mixin.py:188} INFO - Downloaded AAPL/1769900685.json -> /tmp/minio_downloads/AAPL/1769900685.json
[2026-02-03T21:09:32.995+0000] {logging_mixin.py:188} INFO - Downloaded AAPL/1769900686.json -> /tmp/minio_downloads/AAPL/1769900686.json
[2026-02-03T21:09:33.001+0000] {logging_mixin.py:188} INFO - Downloaded AAPL/1769900687.json -> /tmp/minio_downloads/AAPL/1769900687.json
[2026-02-03T21:09:33.006+0000] {logging_mixin.py:188} INFO - Downloaded AAPL/1769900688.json -> /tmp/minio_downloads/AAPL/1769900688.json
[2026-02-03T21:09:33.011+0000] {logging_mixin.py:188} INFO - Downloaded AAPL/1769900689.json -> /tmp/minio_downloads/AAPL/1769900689.json
[2026-02-03T21:09:33.015+0000] {logging_mixin.py:188} INFO - Downloaded AAPL/1769900690.json -> /tmp/minio_downloads/AAPL/1769900690.json
[2026-02-03T21:09:33.021+0000] {logging_mixin.py:188} INFO - Downloaded AAPL/1769900691.json -> /tmp/minio_downloads/AAPL/1769900691.json
[2026-02-03T21:09:33.025+0000] {logging_mixin.py:188} INFO - Downloaded AAPL/1769900692.json -> /tmp/minio_downloads/AAPL/1769900692.json
[2026-02-03T21:09:33.030+0000] {logging_mixin.py:188} INFO - Downloaded AAPL/1769900693.json -> /tmp/minio_downloads/AAPL/1769900693.json
[2026-02-03T21:09:33.034+0000] {logging_mixin.py:188} INFO - Downloaded AAPL/1769900694.json -> /tmp/minio_downloads/AAPL/1769900694.json
[2026-02-03T21:09:33.039+0000] {logging_mixin.py:188} INFO - Downloaded AAPL/1769900695.json -> /tmp/minio_downloads/AAPL/1769900695.json
[2026-02-03T21:09:33.043+0000] {logging_mixin.py:188} INFO - Downloaded AAPL/1769900696.json -> /tmp/minio_downloads/AAPL/1769900696.json
[2026-02-03T21:09:33.048+0000] {logging_mixin.py:188} INFO - Downloaded AAPL/1769900697.json -> /tmp/minio_downloads/AAPL/1769900697.json
[2026-02-03T21:09:33.052+0000] {logging_mixin.py:188} INFO - Downloaded AAPL/1769900698.json -> /tmp/minio_downloads/AAPL/1769900698.json
[2026-02-03T21:09:33.057+0000] {logging_mixin.py:188} INFO - Downloaded AAPL/1769900699.json -> /tmp/minio_downloads/AAPL/1769900699.json
[2026-02-03T21:09:33.061+0000] {logging_mixin.py:188} INFO - Downloaded AAPL/1769900700.json -> /tmp/minio_downloads/AAPL/1769900700.json
[2026-02-03T21:09:33.065+0000] {logging_mixin.py:188} INFO - Downloaded AAPL/1769900701.json -> /tmp/minio_downloads/AAPL/1769900701.json
[2026-02-03T21:09:33.069+0000] {logging_mixin.py:188} INFO - Downloaded AAPL/1769900702.json -> /tmp/minio_downloads/AAPL/1769900702.json
[2026-02-03T21:09:33.074+0000] {logging_mixin.py:188} INFO - Downloaded AAPL/1769900703.json -> /tmp/minio_downloads/AAPL/1769900703.json
[2026-02-03T21:09:33.079+0000] {logging_mixin.py:188} INFO - Downloaded AAPL/1769900704.json -> /tmp/minio_downloads/AAPL/1769900704.json
[2026-02-03T21:09:33.083+0000] {logging_mixin.py:188} INFO - Downloaded AAPL/1769900705.json -> /tmp/minio_downloads/AAPL/1769900705.json
[2026-02-03T21:09:33.088+0000] {logging_mixin.py:188} INFO - Downloaded AAPL/1769900706.json -> /tmp/minio_downloads/AAPL/1769900706.json
[2026-02-03T21:09:33.092+0000] {logging_mixin.py:188} INFO - Downloaded AAPL/1769900707.json -> /tmp/minio_downloads/AAPL/1769900707.json
[2026-02-03T21:09:33.097+0000] {logging_mixin.py:188} INFO - Downloaded AAPL/1769900708.json -> /tmp/minio_downloads/AAPL/1769900708.json
[2026-02-03T21:09:33.101+0000] {logging_mixin.py:188} INFO - Downloaded AAPL/1769900709.json -> /tmp/minio_downloads/AAPL/1769900709.json
[2026-02-03T21:09:33.106+0000] {logging_mixin.py:188} INFO - Downloaded AAPL/1769900710.json -> /tmp/minio_downloads/AAPL/1769900710.json
[2026-02-03T21:09:33.110+0000] {logging_mixin.py:188} INFO - Downloaded AAPL/1769900711.json -> /tmp/minio_downloads/AAPL/1769900711.json
[2026-02-03T21:09:33.115+0000] {logging_mixin.py:188} INFO - Downloaded AAPL/1769900712.json -> /tmp/minio_downloads/AAPL/1769900712.json
[2026-02-03T21:09:33.119+0000] {logging_mixin.py:188} INFO - Downloaded AAPL/1769900713.json -> /tmp/minio_downloads/AAPL/1769900713.json
[2026-02-03T21:09:33.123+0000] {logging_mixin.py:188} INFO - Downloaded AAPL/1769900714.json -> /tmp/minio_downloads/AAPL/1769900714.json
[2026-02-03T21:09:33.128+0000] {logging_mixin.py:188} INFO - Downloaded AAPL/1769900715.json -> /tmp/minio_downloads/AAPL/1769900715.json
[2026-02-03T21:09:33.132+0000] {logging_mixin.py:188} INFO - Downloaded AAPL/1769900716.json -> /tmp/minio_downloads/AAPL/1769900716.json
[2026-02-03T21:09:33.137+0000] {logging_mixin.py:188} INFO - Downloaded AAPL/1769900717.json -> /tmp/minio_downloads/AAPL/1769900717.json
[2026-02-03T21:09:33.141+0000] {logging_mixin.py:188} INFO - Downloaded AAPL/1769900718.json -> /tmp/minio_downloads/AAPL/1769900718.json
[2026-02-03T21:09:33.146+0000] {logging_mixin.py:188} INFO - Downloaded AAPL/1769900719.json -> /tmp/minio_downloads/AAPL/1769900719.json
[2026-02-03T21:09:33.150+0000] {logging_mixin.py:188} INFO - Downloaded AAPL/1769900720.json -> /tmp/minio_downloads/AAPL/1769900720.json
[2026-02-03T21:09:33.154+0000] {logging_mixin.py:188} INFO - Downloaded AAPL/1769900721.json -> /tmp/minio_downloads/AAPL/1769900721.json
[2026-02-03T21:09:33.159+0000] {logging_mixin.py:188} INFO - Downloaded AAPL/1769900722.json -> /tmp/minio_downloads/AAPL/1769900722.json
[2026-02-03T21:09:33.174+0000] {logging_mixin.py:188} INFO - Downloaded AAPL/1769900723.json -> /tmp/minio_downloads/AAPL/1769900723.json
[2026-02-03T21:09:33.180+0000] {logging_mixin.py:188} INFO - Downloaded AAPL/1769900724.json -> /tmp/minio_downloads/AAPL/1769900724.json
[2026-02-03T21:09:33.185+0000] {logging_mixin.py:188} INFO - Downloaded AAPL/1769900725.json -> /tmp/minio_downloads/AAPL/1769900725.json
[2026-02-03T21:09:33.190+0000] {logging_mixin.py:188} INFO - Downloaded AAPL/1769900726.json -> /tmp/minio_downloads/AAPL/1769900726.json
[2026-02-03T21:09:33.194+0000] {logging_mixin.py:188} INFO - Downloaded AAPL/1769900727.json -> /tmp/minio_downloads/AAPL/1769900727.json
[2026-02-03T21:09:33.199+0000] {logging_mixin.py:188} INFO - Downloaded AAPL/1769900728.json -> /tmp/minio_downloads/AAPL/1769900728.json
[2026-02-03T21:09:33.203+0000] {logging_mixin.py:188} INFO - Downloaded AAPL/1769900729.json -> /tmp/minio_downloads/AAPL/1769900729.json
[2026-02-03T21:09:33.207+0000] {logging_mixin.py:188} INFO - Downloaded AAPL/1769900730.json -> /tmp/minio_downloads/AAPL/1769900730.json
[2026-02-03T21:09:33.212+0000] {logging_mixin.py:188} INFO - Downloaded AAPL/1769900731.json -> /tmp/minio_downloads/AAPL/1769900731.json
[2026-02-03T21:09:33.216+0000] {logging_mixin.py:188} INFO - Downloaded AAPL/1769900732.json -> /tmp/minio_downloads/AAPL/1769900732.json
[2026-02-03T21:09:33.220+0000] {logging_mixin.py:188} INFO - Downloaded AAPL/1769900733.json -> /tmp/minio_downloads/AAPL/1769900733.json
[2026-02-03T21:09:33.225+0000] {logging_mixin.py:188} INFO - Downloaded AAPL/1769900734.json -> /tmp/minio_downloads/AAPL/1769900734.json
[2026-02-03T21:09:33.229+0000] {logging_mixin.py:188} INFO - Downloaded AAPL/1769900735.json -> /tmp/minio_downloads/AAPL/1769900735.json
[2026-02-03T21:09:33.234+0000] {logging_mixin.py:188} INFO - Downloaded AAPL/1769900736.json -> /tmp/minio_downloads/AAPL/1769900736.json
[2026-02-03T21:09:33.238+0000] {logging_mixin.py:188} INFO - Downloaded AAPL/1769900737.json -> /tmp/minio_downloads/AAPL/1769900737.json
[2026-02-03T21:09:33.242+0000] {logging_mixin.py:188} INFO - Downloaded AAPL/1769900738.json -> /tmp/minio_downloads/AAPL/1769900738.json
[2026-02-03T21:09:33.246+0000] {logging_mixin.py:188} INFO - Downloaded AAPL/1769900739.json -> /tmp/minio_downloads/AAPL/1769900739.json
[2026-02-03T21:09:33.251+0000] {logging_mixin.py:188} INFO - Downloaded AAPL/1769900740.json -> /tmp/minio_downloads/AAPL/1769900740.json
[2026-02-03T21:09:33.255+0000] {logging_mixin.py:188} INFO - Downloaded AAPL/1769900741.json -> /tmp/minio_downloads/AAPL/1769900741.json
[2026-02-03T21:09:33.259+0000] {logging_mixin.py:188} INFO - Downloaded AAPL/1769900742.json -> /tmp/minio_downloads/AAPL/1769900742.json
[2026-02-03T21:09:33.263+0000] {logging_mixin.py:188} INFO - Downloaded AAPL/1769900743.json -> /tmp/minio_downloads/AAPL/1769900743.json
[2026-02-03T21:09:33.268+0000] {logging_mixin.py:188} INFO - Downloaded AAPL/1769900744.json -> /tmp/minio_downloads/AAPL/1769900744.json
[2026-02-03T21:09:33.272+0000] {logging_mixin.py:188} INFO - Downloaded AAPL/1769900745.json -> /tmp/minio_downloads/AAPL/1769900745.json
[2026-02-03T21:09:33.277+0000] {logging_mixin.py:188} INFO - Downloaded AAPL/1769900746.json -> /tmp/minio_downloads/AAPL/1769900746.json
[2026-02-03T21:09:33.282+0000] {logging_mixin.py:188} INFO - Downloaded AAPL/1769900747.json -> /tmp/minio_downloads/AAPL/1769900747.json
[2026-02-03T21:09:33.287+0000] {logging_mixin.py:188} INFO - Downloaded AAPL/1769900748.json -> /tmp/minio_downloads/AAPL/1769900748.json
[2026-02-03T21:09:33.291+0000] {logging_mixin.py:188} INFO - Downloaded AAPL/1769900749.json -> /tmp/minio_downloads/AAPL/1769900749.json
[2026-02-03T21:09:33.295+0000] {logging_mixin.py:188} INFO - Downloaded AAPL/1769900750.json -> /tmp/minio_downloads/AAPL/1769900750.json
[2026-02-03T21:09:33.300+0000] {logging_mixin.py:188} INFO - Downloaded AAPL/1769900751.json -> /tmp/minio_downloads/AAPL/1769900751.json
[2026-02-03T21:09:33.305+0000] {logging_mixin.py:188} INFO - Downloaded AAPL/1769900752.json -> /tmp/minio_downloads/AAPL/1769900752.json
[2026-02-03T21:09:33.309+0000] {logging_mixin.py:188} INFO - Downloaded AAPL/1769900753.json -> /tmp/minio_downloads/AAPL/1769900753.json
[2026-02-03T21:09:33.313+0000] {logging_mixin.py:188} INFO - Downloaded AAPL/1769900754.json -> /tmp/minio_downloads/AAPL/1769900754.json
[2026-02-03T21:09:33.317+0000] {logging_mixin.py:188} INFO - Downloaded AAPL/1769900755.json -> /tmp/minio_downloads/AAPL/1769900755.json
[2026-02-03T21:09:33.322+0000] {logging_mixin.py:188} INFO - Downloaded AAPL/1769900756.json -> /tmp/minio_downloads/AAPL/1769900756.json
[2026-02-03T21:09:33.326+0000] {logging_mixin.py:188} INFO - Downloaded AAPL/1769900757.json -> /tmp/minio_downloads/AAPL/1769900757.json
[2026-02-03T21:09:33.330+0000] {logging_mixin.py:188} INFO - Downloaded AAPL/1769900758.json -> /tmp/minio_downloads/AAPL/1769900758.json
[2026-02-03T21:09:33.334+0000] {logging_mixin.py:188} INFO - Downloaded AAPL/1769900759.json -> /tmp/minio_downloads/AAPL/1769900759.json
[2026-02-03T21:09:33.338+0000] {logging_mixin.py:188} INFO - Downloaded AAPL/1769900760.json -> /tmp/minio_downloads/AAPL/1769900760.json
[2026-02-03T21:09:33.343+0000] {logging_mixin.py:188} INFO - Downloaded AAPL/1769900761.json -> /tmp/minio_downloads/AAPL/1769900761.json
[2026-02-03T21:09:33.347+0000] {logging_mixin.py:188} INFO - Downloaded AAPL/1769900762.json -> /tmp/minio_downloads/AAPL/1769900762.json
[2026-02-03T21:09:33.351+0000] {logging_mixin.py:188} INFO - Downloaded AAPL/1769900763.json -> /tmp/minio_downloads/AAPL/1769900763.json
[2026-02-03T21:09:33.355+0000] {logging_mixin.py:188} INFO - Downloaded AAPL/1769900764.json -> /tmp/minio_downloads/AAPL/1769900764.json
[2026-02-03T21:09:33.360+0000] {logging_mixin.py:188} INFO - Downloaded AAPL/1769900765.json -> /tmp/minio_downloads/AAPL/1769900765.json
[2026-02-03T21:09:33.364+0000] {logging_mixin.py:188} INFO - Downloaded AAPL/1769900766.json -> /tmp/minio_downloads/AAPL/1769900766.json
[2026-02-03T21:09:33.367+0000] {logging_mixin.py:188} INFO - Downloaded AMZN/1769900678.json -> /tmp/minio_downloads/AMZN/1769900678.json
[2026-02-03T21:09:33.372+0000] {logging_mixin.py:188} INFO - Downloaded AMZN/1769900679.json -> /tmp/minio_downloads/AMZN/1769900679.json
[2026-02-03T21:09:33.377+0000] {logging_mixin.py:188} INFO - Downloaded AMZN/1769900680.json -> /tmp/minio_downloads/AMZN/1769900680.json
[2026-02-03T21:09:33.381+0000] {logging_mixin.py:188} INFO - Downloaded AMZN/1769900681.json -> /tmp/minio_downloads/AMZN/1769900681.json
[2026-02-03T21:09:33.385+0000] {logging_mixin.py:188} INFO - Downloaded AMZN/1769900682.json -> /tmp/minio_downloads/AMZN/1769900682.json
[2026-02-03T21:09:33.390+0000] {logging_mixin.py:188} INFO - Downloaded AMZN/1769900683.json -> /tmp/minio_downloads/AMZN/1769900683.json
[2026-02-03T21:09:33.394+0000] {logging_mixin.py:188} INFO - Downloaded AMZN/1769900684.json -> /tmp/minio_downloads/AMZN/1769900684.json
[2026-02-03T21:09:33.399+0000] {logging_mixin.py:188} INFO - Downloaded AMZN/1769900685.json -> /tmp/minio_downloads/AMZN/1769900685.json
[2026-02-03T21:09:33.404+0000] {logging_mixin.py:188} INFO - Downloaded AMZN/1769900686.json -> /tmp/minio_downloads/AMZN/1769900686.json
[2026-02-03T21:09:33.408+0000] {logging_mixin.py:188} INFO - Downloaded AMZN/1769900687.json -> /tmp/minio_downloads/AMZN/1769900687.json
[2026-02-03T21:09:33.413+0000] {logging_mixin.py:188} INFO - Downloaded AMZN/1769900688.json -> /tmp/minio_downloads/AMZN/1769900688.json
[2026-02-03T21:09:33.418+0000] {logging_mixin.py:188} INFO - Downloaded AMZN/1769900689.json -> /tmp/minio_downloads/AMZN/1769900689.json
[2026-02-03T21:09:33.423+0000] {logging_mixin.py:188} INFO - Downloaded AMZN/1769900690.json -> /tmp/minio_downloads/AMZN/1769900690.json
[2026-02-03T21:09:33.428+0000] {logging_mixin.py:188} INFO - Downloaded AMZN/1769900691.json -> /tmp/minio_downloads/AMZN/1769900691.json
[2026-02-03T21:09:33.433+0000] {logging_mixin.py:188} INFO - Downloaded AMZN/1769900692.json -> /tmp/minio_downloads/AMZN/1769900692.json
[2026-02-03T21:09:33.438+0000] {logging_mixin.py:188} INFO - Downloaded AMZN/1769900693.json -> /tmp/minio_downloads/AMZN/1769900693.json
[2026-02-03T21:09:33.443+0000] {logging_mixin.py:188} INFO - Downloaded AMZN/1769900694.json -> /tmp/minio_downloads/AMZN/1769900694.json
[2026-02-03T21:09:33.448+0000] {logging_mixin.py:188} INFO - Downloaded AMZN/1769900695.json -> /tmp/minio_downloads/AMZN/1769900695.json
[2026-02-03T21:09:33.452+0000] {logging_mixin.py:188} INFO - Downloaded AMZN/1769900696.json -> /tmp/minio_downloads/AMZN/1769900696.json
[2026-02-03T21:09:33.457+0000] {logging_mixin.py:188} INFO - Downloaded AMZN/1769900697.json -> /tmp/minio_downloads/AMZN/1769900697.json
[2026-02-03T21:09:33.461+0000] {logging_mixin.py:188} INFO - Downloaded AMZN/1769900698.json -> /tmp/minio_downloads/AMZN/1769900698.json
[2026-02-03T21:09:33.466+0000] {logging_mixin.py:188} INFO - Downloaded AMZN/1769900699.json -> /tmp/minio_downloads/AMZN/1769900699.json
[2026-02-03T21:09:33.472+0000] {logging_mixin.py:188} INFO - Downloaded AMZN/1769900700.json -> /tmp/minio_downloads/AMZN/1769900700.json
[2026-02-03T21:09:33.477+0000] {logging_mixin.py:188} INFO - Downloaded AMZN/1769900701.json -> /tmp/minio_downloads/AMZN/1769900701.json
[2026-02-03T21:09:33.482+0000] {logging_mixin.py:188} INFO - Downloaded AMZN/1769900702.json -> /tmp/minio_downloads/AMZN/1769900702.json
[2026-02-03T21:09:33.487+0000] {logging_mixin.py:188} INFO - Downloaded AMZN/1769900703.json -> /tmp/minio_downloads/AMZN/1769900703.json
[2026-02-03T21:09:33.492+0000] {logging_mixin.py:188} INFO - Downloaded AMZN/1769900704.json -> /tmp/minio_downloads/AMZN/1769900704.json
[2026-02-03T21:09:33.497+0000] {logging_mixin.py:188} INFO - Downloaded AMZN/1769900705.json -> /tmp/minio_downloads/AMZN/1769900705.json
[2026-02-03T21:09:33.502+0000] {logging_mixin.py:188} INFO - Downloaded AMZN/1769900706.json -> /tmp/minio_downloads/AMZN/1769900706.json
[2026-02-03T21:09:33.506+0000] {logging_mixin.py:188} INFO - Downloaded AMZN/1769900707.json -> /tmp/minio_downloads/AMZN/1769900707.json
[2026-02-03T21:09:33.511+0000] {logging_mixin.py:188} INFO - Downloaded AMZN/1769900708.json -> /tmp/minio_downloads/AMZN/1769900708.json
[2026-02-03T21:09:33.516+0000] {logging_mixin.py:188} INFO - Downloaded AMZN/1769900709.json -> /tmp/minio_downloads/AMZN/1769900709.json
[2026-02-03T21:09:33.521+0000] {logging_mixin.py:188} INFO - Downloaded AMZN/1769900710.json -> /tmp/minio_downloads/AMZN/1769900710.json
[2026-02-03T21:09:33.525+0000] {logging_mixin.py:188} INFO - Downloaded AMZN/1769900711.json -> /tmp/minio_downloads/AMZN/1769900711.json
[2026-02-03T21:09:33.530+0000] {logging_mixin.py:188} INFO - Downloaded AMZN/1769900712.json -> /tmp/minio_downloads/AMZN/1769900712.json
[2026-02-03T21:09:33.535+0000] {logging_mixin.py:188} INFO - Downloaded AMZN/1769900713.json -> /tmp/minio_downloads/AMZN/1769900713.json
[2026-02-03T21:09:33.540+0000] {logging_mixin.py:188} INFO - Downloaded AMZN/1769900714.json -> /tmp/minio_downloads/AMZN/1769900714.json
[2026-02-03T21:09:33.546+0000] {logging_mixin.py:188} INFO - Downloaded AMZN/1769900715.json -> /tmp/minio_downloads/AMZN/1769900715.json
[2026-02-03T21:09:33.552+0000] {logging_mixin.py:188} INFO - Downloaded AMZN/1769900716.json -> /tmp/minio_downloads/AMZN/1769900716.json
[2026-02-03T21:09:33.558+0000] {logging_mixin.py:188} INFO - Downloaded AMZN/1769900717.json -> /tmp/minio_downloads/AMZN/1769900717.json
[2026-02-03T21:09:33.563+0000] {logging_mixin.py:188} INFO - Downloaded AMZN/1769900718.json -> /tmp/minio_downloads/AMZN/1769900718.json
[2026-02-03T21:09:33.568+0000] {logging_mixin.py:188} INFO - Downloaded AMZN/1769900719.json -> /tmp/minio_downloads/AMZN/1769900719.json
[2026-02-03T21:09:33.573+0000] {logging_mixin.py:188} INFO - Downloaded AMZN/1769900720.json -> /tmp/minio_downloads/AMZN/1769900720.json
[2026-02-03T21:09:33.578+0000] {logging_mixin.py:188} INFO - Downloaded AMZN/1769900721.json -> /tmp/minio_downloads/AMZN/1769900721.json
[2026-02-03T21:09:33.582+0000] {logging_mixin.py:188} INFO - Downloaded AMZN/1769900722.json -> /tmp/minio_downloads/AMZN/1769900722.json
[2026-02-03T21:09:33.587+0000] {logging_mixin.py:188} INFO - Downloaded AMZN/1769900723.json -> /tmp/minio_downloads/AMZN/1769900723.json
[2026-02-03T21:09:33.592+0000] {logging_mixin.py:188} INFO - Downloaded AMZN/1769900724.json -> /tmp/minio_downloads/AMZN/1769900724.json
[2026-02-03T21:09:33.598+0000] {logging_mixin.py:188} INFO - Downloaded AMZN/1769900725.json -> /tmp/minio_downloads/AMZN/1769900725.json
[2026-02-03T21:09:33.603+0000] {logging_mixin.py:188} INFO - Downloaded AMZN/1769900726.json -> /tmp/minio_downloads/AMZN/1769900726.json
[2026-02-03T21:09:33.608+0000] {logging_mixin.py:188} INFO - Downloaded AMZN/1769900727.json -> /tmp/minio_downloads/AMZN/1769900727.json
[2026-02-03T21:09:33.612+0000] {logging_mixin.py:188} INFO - Downloaded AMZN/1769900728.json -> /tmp/minio_downloads/AMZN/1769900728.json
[2026-02-03T21:09:33.617+0000] {logging_mixin.py:188} INFO - Downloaded AMZN/1769900729.json -> /tmp/minio_downloads/AMZN/1769900729.json
[2026-02-03T21:09:33.622+0000] {logging_mixin.py:188} INFO - Downloaded AMZN/1769900730.json -> /tmp/minio_downloads/AMZN/1769900730.json
[2026-02-03T21:09:33.627+0000] {logging_mixin.py:188} INFO - Downloaded AMZN/1769900731.json -> /tmp/minio_downloads/AMZN/1769900731.json
[2026-02-03T21:09:33.632+0000] {logging_mixin.py:188} INFO - Downloaded AMZN/1769900732.json -> /tmp/minio_downloads/AMZN/1769900732.json
[2026-02-03T21:09:33.637+0000] {logging_mixin.py:188} INFO - Downloaded AMZN/1769900733.json -> /tmp/minio_downloads/AMZN/1769900733.json
[2026-02-03T21:09:33.641+0000] {logging_mixin.py:188} INFO - Downloaded AMZN/1769900734.json -> /tmp/minio_downloads/AMZN/1769900734.json
[2026-02-03T21:09:33.646+0000] {logging_mixin.py:188} INFO - Downloaded AMZN/1769900735.json -> /tmp/minio_downloads/AMZN/1769900735.json
[2026-02-03T21:09:33.650+0000] {logging_mixin.py:188} INFO - Downloaded AMZN/1769900736.json -> /tmp/minio_downloads/AMZN/1769900736.json
[2026-02-03T21:09:33.654+0000] {logging_mixin.py:188} INFO - Downloaded AMZN/1769900737.json -> /tmp/minio_downloads/AMZN/1769900737.json
[2026-02-03T21:09:33.658+0000] {logging_mixin.py:188} INFO - Downloaded AMZN/1769900738.json -> /tmp/minio_downloads/AMZN/1769900738.json
[2026-02-03T21:09:33.662+0000] {logging_mixin.py:188} INFO - Downloaded AMZN/1769900739.json -> /tmp/minio_downloads/AMZN/1769900739.json
[2026-02-03T21:09:33.667+0000] {logging_mixin.py:188} INFO - Downloaded AMZN/1769900740.json -> /tmp/minio_downloads/AMZN/1769900740.json
[2026-02-03T21:09:33.671+0000] {logging_mixin.py:188} INFO - Downloaded AMZN/1769900741.json -> /tmp/minio_downloads/AMZN/1769900741.json
[2026-02-03T21:09:33.675+0000] {logging_mixin.py:188} INFO - Downloaded AMZN/1769900742.json -> /tmp/minio_downloads/AMZN/1769900742.json
[2026-02-03T21:09:33.680+0000] {logging_mixin.py:188} INFO - Downloaded AMZN/1769900743.json -> /tmp/minio_downloads/AMZN/1769900743.json
[2026-02-03T21:09:33.685+0000] {logging_mixin.py:188} INFO - Downloaded AMZN/1769900744.json -> /tmp/minio_downloads/AMZN/1769900744.json
[2026-02-03T21:09:33.690+0000] {logging_mixin.py:188} INFO - Downloaded AMZN/1769900745.json -> /tmp/minio_downloads/AMZN/1769900745.json
[2026-02-03T21:09:33.694+0000] {logging_mixin.py:188} INFO - Downloaded AMZN/1769900746.json -> /tmp/minio_downloads/AMZN/1769900746.json
[2026-02-03T21:09:33.699+0000] {logging_mixin.py:188} INFO - Downloaded AMZN/1769900747.json -> /tmp/minio_downloads/AMZN/1769900747.json
[2026-02-03T21:09:33.703+0000] {logging_mixin.py:188} INFO - Downloaded AMZN/1769900748.json -> /tmp/minio_downloads/AMZN/1769900748.json
[2026-02-03T21:09:33.708+0000] {logging_mixin.py:188} INFO - Downloaded AMZN/1769900749.json -> /tmp/minio_downloads/AMZN/1769900749.json
[2026-02-03T21:09:33.713+0000] {logging_mixin.py:188} INFO - Downloaded AMZN/1769900750.json -> /tmp/minio_downloads/AMZN/1769900750.json
[2026-02-03T21:09:33.718+0000] {logging_mixin.py:188} INFO - Downloaded AMZN/1769900751.json -> /tmp/minio_downloads/AMZN/1769900751.json
[2026-02-03T21:09:33.723+0000] {logging_mixin.py:188} INFO - Downloaded AMZN/1769900752.json -> /tmp/minio_downloads/AMZN/1769900752.json
[2026-02-03T21:09:33.728+0000] {logging_mixin.py:188} INFO - Downloaded AMZN/1769900753.json -> /tmp/minio_downloads/AMZN/1769900753.json
[2026-02-03T21:09:33.733+0000] {logging_mixin.py:188} INFO - Downloaded AMZN/1769900754.json -> /tmp/minio_downloads/AMZN/1769900754.json
[2026-02-03T21:09:33.737+0000] {logging_mixin.py:188} INFO - Downloaded AMZN/1769900755.json -> /tmp/minio_downloads/AMZN/1769900755.json
[2026-02-03T21:09:33.741+0000] {logging_mixin.py:188} INFO - Downloaded AMZN/1769900756.json -> /tmp/minio_downloads/AMZN/1769900756.json
[2026-02-03T21:09:33.746+0000] {logging_mixin.py:188} INFO - Downloaded AMZN/1769900757.json -> /tmp/minio_downloads/AMZN/1769900757.json
[2026-02-03T21:09:33.750+0000] {logging_mixin.py:188} INFO - Downloaded AMZN/1769900758.json -> /tmp/minio_downloads/AMZN/1769900758.json
[2026-02-03T21:09:33.755+0000] {logging_mixin.py:188} INFO - Downloaded AMZN/1769900759.json -> /tmp/minio_downloads/AMZN/1769900759.json
[2026-02-03T21:09:33.759+0000] {logging_mixin.py:188} INFO - Downloaded AMZN/1769900760.json -> /tmp/minio_downloads/AMZN/1769900760.json
[2026-02-03T21:09:33.764+0000] {logging_mixin.py:188} INFO - Downloaded AMZN/1769900761.json -> /tmp/minio_downloads/AMZN/1769900761.json
[2026-02-03T21:09:33.769+0000] {logging_mixin.py:188} INFO - Downloaded AMZN/1769900762.json -> /tmp/minio_downloads/AMZN/1769900762.json
[2026-02-03T21:09:33.773+0000] {logging_mixin.py:188} INFO - Downloaded AMZN/1769900763.json -> /tmp/minio_downloads/AMZN/1769900763.json
[2026-02-03T21:09:33.777+0000] {logging_mixin.py:188} INFO - Downloaded AMZN/1769900764.json -> /tmp/minio_downloads/AMZN/1769900764.json
[2026-02-03T21:09:33.782+0000] {logging_mixin.py:188} INFO - Downloaded AMZN/1769900765.json -> /tmp/minio_downloads/AMZN/1769900765.json
[2026-02-03T21:09:33.786+0000] {logging_mixin.py:188} INFO - Downloaded AMZN/1769900766.json -> /tmp/minio_downloads/AMZN/1769900766.json
[2026-02-03T21:09:33.791+0000] {logging_mixin.py:188} INFO - Downloaded GOOGL/1769900678.json -> /tmp/minio_downloads/GOOGL/1769900678.json
[2026-02-03T21:09:33.796+0000] {logging_mixin.py:188} INFO - Downloaded GOOGL/1769900679.json -> /tmp/minio_downloads/GOOGL/1769900679.json
[2026-02-03T21:09:33.800+0000] {logging_mixin.py:188} INFO - Downloaded GOOGL/1769900680.json -> /tmp/minio_downloads/GOOGL/1769900680.json
[2026-02-03T21:09:33.804+0000] {logging_mixin.py:188} INFO - Downloaded GOOGL/1769900681.json -> /tmp/minio_downloads/GOOGL/1769900681.json
[2026-02-03T21:09:33.809+0000] {logging_mixin.py:188} INFO - Downloaded GOOGL/1769900682.json -> /tmp/minio_downloads/GOOGL/1769900682.json
[2026-02-03T21:09:33.813+0000] {logging_mixin.py:188} INFO - Downloaded GOOGL/1769900683.json -> /tmp/minio_downloads/GOOGL/1769900683.json
[2026-02-03T21:09:33.817+0000] {logging_mixin.py:188} INFO - Downloaded GOOGL/1769900684.json -> /tmp/minio_downloads/GOOGL/1769900684.json
[2026-02-03T21:09:33.821+0000] {logging_mixin.py:188} INFO - Downloaded GOOGL/1769900685.json -> /tmp/minio_downloads/GOOGL/1769900685.json
[2026-02-03T21:09:33.827+0000] {logging_mixin.py:188} INFO - Downloaded GOOGL/1769900686.json -> /tmp/minio_downloads/GOOGL/1769900686.json
[2026-02-03T21:09:33.832+0000] {logging_mixin.py:188} INFO - Downloaded GOOGL/1769900687.json -> /tmp/minio_downloads/GOOGL/1769900687.json
[2026-02-03T21:09:33.837+0000] {logging_mixin.py:188} INFO - Downloaded GOOGL/1769900688.json -> /tmp/minio_downloads/GOOGL/1769900688.json
[2026-02-03T21:09:33.842+0000] {logging_mixin.py:188} INFO - Downloaded GOOGL/1769900689.json -> /tmp/minio_downloads/GOOGL/1769900689.json
[2026-02-03T21:09:33.846+0000] {logging_mixin.py:188} INFO - Downloaded GOOGL/1769900690.json -> /tmp/minio_downloads/GOOGL/1769900690.json
[2026-02-03T21:09:33.851+0000] {logging_mixin.py:188} INFO - Downloaded GOOGL/1769900691.json -> /tmp/minio_downloads/GOOGL/1769900691.json
[2026-02-03T21:09:33.856+0000] {logging_mixin.py:188} INFO - Downloaded GOOGL/1769900692.json -> /tmp/minio_downloads/GOOGL/1769900692.json
[2026-02-03T21:09:33.861+0000] {logging_mixin.py:188} INFO - Downloaded GOOGL/1769900693.json -> /tmp/minio_downloads/GOOGL/1769900693.json
[2026-02-03T21:09:33.866+0000] {logging_mixin.py:188} INFO - Downloaded GOOGL/1769900694.json -> /tmp/minio_downloads/GOOGL/1769900694.json
[2026-02-03T21:09:33.872+0000] {logging_mixin.py:188} INFO - Downloaded GOOGL/1769900695.json -> /tmp/minio_downloads/GOOGL/1769900695.json
[2026-02-03T21:09:33.877+0000] {logging_mixin.py:188} INFO - Downloaded GOOGL/1769900696.json -> /tmp/minio_downloads/GOOGL/1769900696.json
[2026-02-03T21:09:33.882+0000] {logging_mixin.py:188} INFO - Downloaded GOOGL/1769900697.json -> /tmp/minio_downloads/GOOGL/1769900697.json
[2026-02-03T21:09:33.887+0000] {logging_mixin.py:188} INFO - Downloaded GOOGL/1769900698.json -> /tmp/minio_downloads/GOOGL/1769900698.json
[2026-02-03T21:09:33.891+0000] {logging_mixin.py:188} INFO - Downloaded GOOGL/1769900699.json -> /tmp/minio_downloads/GOOGL/1769900699.json
[2026-02-03T21:09:33.896+0000] {logging_mixin.py:188} INFO - Downloaded GOOGL/1769900700.json -> /tmp/minio_downloads/GOOGL/1769900700.json
[2026-02-03T21:09:33.901+0000] {logging_mixin.py:188} INFO - Downloaded GOOGL/1769900701.json -> /tmp/minio_downloads/GOOGL/1769900701.json
[2026-02-03T21:09:33.906+0000] {logging_mixin.py:188} INFO - Downloaded GOOGL/1769900702.json -> /tmp/minio_downloads/GOOGL/1769900702.json
[2026-02-03T21:09:33.911+0000] {logging_mixin.py:188} INFO - Downloaded GOOGL/1769900703.json -> /tmp/minio_downloads/GOOGL/1769900703.json
[2026-02-03T21:09:33.916+0000] {logging_mixin.py:188} INFO - Downloaded GOOGL/1769900704.json -> /tmp/minio_downloads/GOOGL/1769900704.json
[2026-02-03T21:09:33.921+0000] {logging_mixin.py:188} INFO - Downloaded GOOGL/1769900705.json -> /tmp/minio_downloads/GOOGL/1769900705.json
[2026-02-03T21:09:33.926+0000] {logging_mixin.py:188} INFO - Downloaded GOOGL/1769900706.json -> /tmp/minio_downloads/GOOGL/1769900706.json
[2026-02-03T21:09:33.930+0000] {logging_mixin.py:188} INFO - Downloaded GOOGL/1769900707.json -> /tmp/minio_downloads/GOOGL/1769900707.json
[2026-02-03T21:09:33.935+0000] {logging_mixin.py:188} INFO - Downloaded GOOGL/1769900708.json -> /tmp/minio_downloads/GOOGL/1769900708.json
[2026-02-03T21:09:33.940+0000] {logging_mixin.py:188} INFO - Downloaded GOOGL/1769900709.json -> /tmp/minio_downloads/GOOGL/1769900709.json
[2026-02-03T21:09:33.944+0000] {logging_mixin.py:188} INFO - Downloaded GOOGL/1769900710.json -> /tmp/minio_downloads/GOOGL/1769900710.json
[2026-02-03T21:09:33.949+0000] {logging_mixin.py:188} INFO - Downloaded GOOGL/1769900711.json -> /tmp/minio_downloads/GOOGL/1769900711.json
[2026-02-03T21:09:33.953+0000] {logging_mixin.py:188} INFO - Downloaded GOOGL/1769900712.json -> /tmp/minio_downloads/GOOGL/1769900712.json
[2026-02-03T21:09:33.958+0000] {logging_mixin.py:188} INFO - Downloaded GOOGL/1769900713.json -> /tmp/minio_downloads/GOOGL/1769900713.json
[2026-02-03T21:09:33.962+0000] {logging_mixin.py:188} INFO - Downloaded GOOGL/1769900714.json -> /tmp/minio_downloads/GOOGL/1769900714.json
[2026-02-03T21:09:33.967+0000] {logging_mixin.py:188} INFO - Downloaded GOOGL/1769900715.json -> /tmp/minio_downloads/GOOGL/1769900715.json
[2026-02-03T21:09:33.972+0000] {logging_mixin.py:188} INFO - Downloaded GOOGL/1769900716.json -> /tmp/minio_downloads/GOOGL/1769900716.json
[2026-02-03T21:09:33.976+0000] {logging_mixin.py:188} INFO - Downloaded GOOGL/1769900717.json -> /tmp/minio_downloads/GOOGL/1769900717.json
[2026-02-03T21:09:33.981+0000] {logging_mixin.py:188} INFO - Downloaded GOOGL/1769900718.json -> /tmp/minio_downloads/GOOGL/1769900718.json
[2026-02-03T21:09:33.986+0000] {logging_mixin.py:188} INFO - Downloaded GOOGL/1769900719.json -> /tmp/minio_downloads/GOOGL/1769900719.json
[2026-02-03T21:09:33.992+0000] {logging_mixin.py:188} INFO - Downloaded GOOGL/1769900720.json -> /tmp/minio_downloads/GOOGL/1769900720.json
[2026-02-03T21:09:33.998+0000] {logging_mixin.py:188} INFO - Downloaded GOOGL/1769900721.json -> /tmp/minio_downloads/GOOGL/1769900721.json
[2026-02-03T21:09:34.004+0000] {logging_mixin.py:188} INFO - Downloaded GOOGL/1769900722.json -> /tmp/minio_downloads/GOOGL/1769900722.json
[2026-02-03T21:09:34.009+0000] {logging_mixin.py:188} INFO - Downloaded GOOGL/1769900723.json -> /tmp/minio_downloads/GOOGL/1769900723.json
[2026-02-03T21:09:34.014+0000] {logging_mixin.py:188} INFO - Downloaded GOOGL/1769900724.json -> /tmp/minio_downloads/GOOGL/1769900724.json
[2026-02-03T21:09:34.018+0000] {logging_mixin.py:188} INFO - Downloaded GOOGL/1769900725.json -> /tmp/minio_downloads/GOOGL/1769900725.json
[2026-02-03T21:09:34.023+0000] {logging_mixin.py:188} INFO - Downloaded GOOGL/1769900726.json -> /tmp/minio_downloads/GOOGL/1769900726.json
[2026-02-03T21:09:34.028+0000] {logging_mixin.py:188} INFO - Downloaded GOOGL/1769900727.json -> /tmp/minio_downloads/GOOGL/1769900727.json
[2026-02-03T21:09:34.034+0000] {logging_mixin.py:188} INFO - Downloaded GOOGL/1769900728.json -> /tmp/minio_downloads/GOOGL/1769900728.json
[2026-02-03T21:09:34.039+0000] {logging_mixin.py:188} INFO - Downloaded GOOGL/1769900729.json -> /tmp/minio_downloads/GOOGL/1769900729.json
[2026-02-03T21:09:34.044+0000] {logging_mixin.py:188} INFO - Downloaded GOOGL/1769900730.json -> /tmp/minio_downloads/GOOGL/1769900730.json
[2026-02-03T21:09:34.048+0000] {logging_mixin.py:188} INFO - Downloaded GOOGL/1769900731.json -> /tmp/minio_downloads/GOOGL/1769900731.json
[2026-02-03T21:09:34.053+0000] {logging_mixin.py:188} INFO - Downloaded GOOGL/1769900732.json -> /tmp/minio_downloads/GOOGL/1769900732.json
[2026-02-03T21:09:34.058+0000] {logging_mixin.py:188} INFO - Downloaded GOOGL/1769900733.json -> /tmp/minio_downloads/GOOGL/1769900733.json
[2026-02-03T21:09:34.063+0000] {logging_mixin.py:188} INFO - Downloaded GOOGL/1769900734.json -> /tmp/minio_downloads/GOOGL/1769900734.json
[2026-02-03T21:09:34.068+0000] {logging_mixin.py:188} INFO - Downloaded GOOGL/1769900735.json -> /tmp/minio_downloads/GOOGL/1769900735.json
[2026-02-03T21:09:34.073+0000] {logging_mixin.py:188} INFO - Downloaded GOOGL/1769900736.json -> /tmp/minio_downloads/GOOGL/1769900736.json
[2026-02-03T21:09:34.079+0000] {logging_mixin.py:188} INFO - Downloaded GOOGL/1769900737.json -> /tmp/minio_downloads/GOOGL/1769900737.json
[2026-02-03T21:09:34.085+0000] {logging_mixin.py:188} INFO - Downloaded GOOGL/1769900738.json -> /tmp/minio_downloads/GOOGL/1769900738.json
[2026-02-03T21:09:34.090+0000] {logging_mixin.py:188} INFO - Downloaded GOOGL/1769900739.json -> /tmp/minio_downloads/GOOGL/1769900739.json
[2026-02-03T21:09:34.095+0000] {logging_mixin.py:188} INFO - Downloaded GOOGL/1769900740.json -> /tmp/minio_downloads/GOOGL/1769900740.json
[2026-02-03T21:09:34.100+0000] {logging_mixin.py:188} INFO - Downloaded GOOGL/1769900741.json -> /tmp/minio_downloads/GOOGL/1769900741.json
[2026-02-03T21:09:34.104+0000] {logging_mixin.py:188} INFO - Downloaded GOOGL/1769900742.json -> /tmp/minio_downloads/GOOGL/1769900742.json
[2026-02-03T21:09:34.108+0000] {logging_mixin.py:188} INFO - Downloaded GOOGL/1769900743.json -> /tmp/minio_downloads/GOOGL/1769900743.json
[2026-02-03T21:09:34.113+0000] {logging_mixin.py:188} INFO - Downloaded GOOGL/1769900744.json -> /tmp/minio_downloads/GOOGL/1769900744.json
[2026-02-03T21:09:34.117+0000] {logging_mixin.py:188} INFO - Downloaded GOOGL/1769900745.json -> /tmp/minio_downloads/GOOGL/1769900745.json
[2026-02-03T21:09:34.122+0000] {logging_mixin.py:188} INFO - Downloaded GOOGL/1769900746.json -> /tmp/minio_downloads/GOOGL/1769900746.json
[2026-02-03T21:09:34.126+0000] {logging_mixin.py:188} INFO - Downloaded GOOGL/1769900747.json -> /tmp/minio_downloads/GOOGL/1769900747.json
[2026-02-03T21:09:34.130+0000] {logging_mixin.py:188} INFO - Downloaded GOOGL/1769900748.json -> /tmp/minio_downloads/GOOGL/1769900748.json
[2026-02-03T21:09:34.135+0000] {logging_mixin.py:188} INFO - Downloaded GOOGL/1769900749.json -> /tmp/minio_downloads/GOOGL/1769900749.json
[2026-02-03T21:09:34.140+0000] {logging_mixin.py:188} INFO - Downloaded GOOGL/1769900750.json -> /tmp/minio_downloads/GOOGL/1769900750.json
[2026-02-03T21:09:34.145+0000] {logging_mixin.py:188} INFO - Downloaded GOOGL/1769900751.json -> /tmp/minio_downloads/GOOGL/1769900751.json
[2026-02-03T21:09:34.149+0000] {logging_mixin.py:188} INFO - Downloaded GOOGL/1769900752.json -> /tmp/minio_downloads/GOOGL/1769900752.json
[2026-02-03T21:09:34.154+0000] {logging_mixin.py:188} INFO - Downloaded GOOGL/1769900753.json -> /tmp/minio_downloads/GOOGL/1769900753.json
[2026-02-03T21:09:34.158+0000] {logging_mixin.py:188} INFO - Downloaded GOOGL/1769900754.json -> /tmp/minio_downloads/GOOGL/1769900754.json
[2026-02-03T21:09:34.162+0000] {logging_mixin.py:188} INFO - Downloaded GOOGL/1769900755.json -> /tmp/minio_downloads/GOOGL/1769900755.json
[2026-02-03T21:09:34.166+0000] {logging_mixin.py:188} INFO - Downloaded GOOGL/1769900756.json -> /tmp/minio_downloads/GOOGL/1769900756.json
[2026-02-03T21:09:34.170+0000] {logging_mixin.py:188} INFO - Downloaded GOOGL/1769900757.json -> /tmp/minio_downloads/GOOGL/1769900757.json
[2026-02-03T21:09:34.177+0000] {logging_mixin.py:188} INFO - Downloaded GOOGL/1769900758.json -> /tmp/minio_downloads/GOOGL/1769900758.json
[2026-02-03T21:09:34.184+0000] {logging_mixin.py:188} INFO - Downloaded GOOGL/1769900759.json -> /tmp/minio_downloads/GOOGL/1769900759.json
[2026-02-03T21:09:34.190+0000] {logging_mixin.py:188} INFO - Downloaded GOOGL/1769900760.json -> /tmp/minio_downloads/GOOGL/1769900760.json
[2026-02-03T21:09:34.196+0000] {logging_mixin.py:188} INFO - Downloaded GOOGL/1769900761.json -> /tmp/minio_downloads/GOOGL/1769900761.json
[2026-02-03T21:09:34.201+0000] {logging_mixin.py:188} INFO - Downloaded GOOGL/1769900762.json -> /tmp/minio_downloads/GOOGL/1769900762.json
[2026-02-03T21:09:34.206+0000] {logging_mixin.py:188} INFO - Downloaded GOOGL/1769900763.json -> /tmp/minio_downloads/GOOGL/1769900763.json
[2026-02-03T21:09:34.210+0000] {logging_mixin.py:188} INFO - Downloaded GOOGL/1769900764.json -> /tmp/minio_downloads/GOOGL/1769900764.json
[2026-02-03T21:09:34.215+0000] {logging_mixin.py:188} INFO - Downloaded GOOGL/1769900765.json -> /tmp/minio_downloads/GOOGL/1769900765.json
[2026-02-03T21:09:34.221+0000] {logging_mixin.py:188} INFO - Downloaded GOOGL/1769900766.json -> /tmp/minio_downloads/GOOGL/1769900766.json
[2026-02-03T21:09:34.225+0000] {logging_mixin.py:188} INFO - Downloaded MSFT/1769900678.json -> /tmp/minio_downloads/MSFT/1769900678.json
[2026-02-03T21:09:34.230+0000] {logging_mixin.py:188} INFO - Downloaded MSFT/1769900679.json -> /tmp/minio_downloads/MSFT/1769900679.json
[2026-02-03T21:09:34.234+0000] {logging_mixin.py:188} INFO - Downloaded MSFT/1769900680.json -> /tmp/minio_downloads/MSFT/1769900680.json
[2026-02-03T21:09:34.239+0000] {logging_mixin.py:188} INFO - Downloaded MSFT/1769900681.json -> /tmp/minio_downloads/MSFT/1769900681.json
[2026-02-03T21:09:34.243+0000] {logging_mixin.py:188} INFO - Downloaded MSFT/1769900682.json -> /tmp/minio_downloads/MSFT/1769900682.json
[2026-02-03T21:09:34.248+0000] {logging_mixin.py:188} INFO - Downloaded MSFT/1769900683.json -> /tmp/minio_downloads/MSFT/1769900683.json
[2026-02-03T21:09:34.253+0000] {logging_mixin.py:188} INFO - Downloaded MSFT/1769900684.json -> /tmp/minio_downloads/MSFT/1769900684.json
[2026-02-03T21:09:34.257+0000] {logging_mixin.py:188} INFO - Downloaded MSFT/1769900685.json -> /tmp/minio_downloads/MSFT/1769900685.json
[2026-02-03T21:09:34.262+0000] {logging_mixin.py:188} INFO - Downloaded MSFT/1769900686.json -> /tmp/minio_downloads/MSFT/1769900686.json
[2026-02-03T21:09:34.267+0000] {logging_mixin.py:188} INFO - Downloaded MSFT/1769900687.json -> /tmp/minio_downloads/MSFT/1769900687.json
[2026-02-03T21:09:34.272+0000] {logging_mixin.py:188} INFO - Downloaded MSFT/1769900688.json -> /tmp/minio_downloads/MSFT/1769900688.json
[2026-02-03T21:09:34.277+0000] {logging_mixin.py:188} INFO - Downloaded MSFT/1769900689.json -> /tmp/minio_downloads/MSFT/1769900689.json
[2026-02-03T21:09:34.281+0000] {logging_mixin.py:188} INFO - Downloaded MSFT/1769900690.json -> /tmp/minio_downloads/MSFT/1769900690.json
[2026-02-03T21:09:34.286+0000] {logging_mixin.py:188} INFO - Downloaded MSFT/1769900691.json -> /tmp/minio_downloads/MSFT/1769900691.json
[2026-02-03T21:09:34.291+0000] {logging_mixin.py:188} INFO - Downloaded MSFT/1769900692.json -> /tmp/minio_downloads/MSFT/1769900692.json
[2026-02-03T21:09:34.296+0000] {logging_mixin.py:188} INFO - Downloaded MSFT/1769900693.json -> /tmp/minio_downloads/MSFT/1769900693.json
[2026-02-03T21:09:34.301+0000] {logging_mixin.py:188} INFO - Downloaded MSFT/1769900694.json -> /tmp/minio_downloads/MSFT/1769900694.json
[2026-02-03T21:09:34.306+0000] {logging_mixin.py:188} INFO - Downloaded MSFT/1769900695.json -> /tmp/minio_downloads/MSFT/1769900695.json
[2026-02-03T21:09:34.311+0000] {logging_mixin.py:188} INFO - Downloaded MSFT/1769900696.json -> /tmp/minio_downloads/MSFT/1769900696.json
[2026-02-03T21:09:34.316+0000] {logging_mixin.py:188} INFO - Downloaded MSFT/1769900697.json -> /tmp/minio_downloads/MSFT/1769900697.json
[2026-02-03T21:09:34.321+0000] {logging_mixin.py:188} INFO - Downloaded MSFT/1769900698.json -> /tmp/minio_downloads/MSFT/1769900698.json
[2026-02-03T21:09:34.326+0000] {logging_mixin.py:188} INFO - Downloaded MSFT/1769900699.json -> /tmp/minio_downloads/MSFT/1769900699.json
[2026-02-03T21:09:34.331+0000] {logging_mixin.py:188} INFO - Downloaded MSFT/1769900700.json -> /tmp/minio_downloads/MSFT/1769900700.json
[2026-02-03T21:09:34.336+0000] {logging_mixin.py:188} INFO - Downloaded MSFT/1769900701.json -> /tmp/minio_downloads/MSFT/1769900701.json
[2026-02-03T21:09:34.341+0000] {logging_mixin.py:188} INFO - Downloaded MSFT/1769900702.json -> /tmp/minio_downloads/MSFT/1769900702.json
[2026-02-03T21:09:34.346+0000] {logging_mixin.py:188} INFO - Downloaded MSFT/1769900703.json -> /tmp/minio_downloads/MSFT/1769900703.json
[2026-02-03T21:09:34.351+0000] {logging_mixin.py:188} INFO - Downloaded MSFT/1769900704.json -> /tmp/minio_downloads/MSFT/1769900704.json
[2026-02-03T21:09:34.356+0000] {logging_mixin.py:188} INFO - Downloaded MSFT/1769900705.json -> /tmp/minio_downloads/MSFT/1769900705.json
[2026-02-03T21:09:34.361+0000] {logging_mixin.py:188} INFO - Downloaded MSFT/1769900706.json -> /tmp/minio_downloads/MSFT/1769900706.json
[2026-02-03T21:09:34.366+0000] {logging_mixin.py:188} INFO - Downloaded MSFT/1769900707.json -> /tmp/minio_downloads/MSFT/1769900707.json
[2026-02-03T21:09:34.371+0000] {logging_mixin.py:188} INFO - Downloaded MSFT/1769900708.json -> /tmp/minio_downloads/MSFT/1769900708.json
[2026-02-03T21:09:34.375+0000] {logging_mixin.py:188} INFO - Downloaded MSFT/1769900709.json -> /tmp/minio_downloads/MSFT/1769900709.json
[2026-02-03T21:09:34.380+0000] {logging_mixin.py:188} INFO - Downloaded MSFT/1769900710.json -> /tmp/minio_downloads/MSFT/1769900710.json
[2026-02-03T21:09:34.385+0000] {logging_mixin.py:188} INFO - Downloaded MSFT/1769900711.json -> /tmp/minio_downloads/MSFT/1769900711.json
[2026-02-03T21:09:34.390+0000] {logging_mixin.py:188} INFO - Downloaded MSFT/1769900712.json -> /tmp/minio_downloads/MSFT/1769900712.json
[2026-02-03T21:09:34.395+0000] {logging_mixin.py:188} INFO - Downloaded MSFT/1769900713.json -> /tmp/minio_downloads/MSFT/1769900713.json
[2026-02-03T21:09:34.400+0000] {logging_mixin.py:188} INFO - Downloaded MSFT/1769900714.json -> /tmp/minio_downloads/MSFT/1769900714.json
[2026-02-03T21:09:34.406+0000] {logging_mixin.py:188} INFO - Downloaded MSFT/1769900715.json -> /tmp/minio_downloads/MSFT/1769900715.json
[2026-02-03T21:09:34.411+0000] {logging_mixin.py:188} INFO - Downloaded MSFT/1769900716.json -> /tmp/minio_downloads/MSFT/1769900716.json
[2026-02-03T21:09:34.416+0000] {logging_mixin.py:188} INFO - Downloaded MSFT/1769900717.json -> /tmp/minio_downloads/MSFT/1769900717.json
[2026-02-03T21:09:34.422+0000] {logging_mixin.py:188} INFO - Downloaded MSFT/1769900718.json -> /tmp/minio_downloads/MSFT/1769900718.json
[2026-02-03T21:09:34.427+0000] {logging_mixin.py:188} INFO - Downloaded MSFT/1769900719.json -> /tmp/minio_downloads/MSFT/1769900719.json
[2026-02-03T21:09:34.433+0000] {logging_mixin.py:188} INFO - Downloaded MSFT/1769900720.json -> /tmp/minio_downloads/MSFT/1769900720.json
[2026-02-03T21:09:34.440+0000] {logging_mixin.py:188} INFO - Downloaded MSFT/1769900721.json -> /tmp/minio_downloads/MSFT/1769900721.json
[2026-02-03T21:09:34.445+0000] {logging_mixin.py:188} INFO - Downloaded MSFT/1769900722.json -> /tmp/minio_downloads/MSFT/1769900722.json
[2026-02-03T21:09:34.451+0000] {logging_mixin.py:188} INFO - Downloaded MSFT/1769900723.json -> /tmp/minio_downloads/MSFT/1769900723.json
[2026-02-03T21:09:34.455+0000] {logging_mixin.py:188} INFO - Downloaded MSFT/1769900724.json -> /tmp/minio_downloads/MSFT/1769900724.json
[2026-02-03T21:09:34.461+0000] {logging_mixin.py:188} INFO - Downloaded MSFT/1769900725.json -> /tmp/minio_downloads/MSFT/1769900725.json
[2026-02-03T21:09:34.466+0000] {logging_mixin.py:188} INFO - Downloaded MSFT/1769900726.json -> /tmp/minio_downloads/MSFT/1769900726.json
[2026-02-03T21:09:34.471+0000] {logging_mixin.py:188} INFO - Downloaded MSFT/1769900727.json -> /tmp/minio_downloads/MSFT/1769900727.json
[2026-02-03T21:09:34.477+0000] {logging_mixin.py:188} INFO - Downloaded MSFT/1769900728.json -> /tmp/minio_downloads/MSFT/1769900728.json
[2026-02-03T21:09:34.484+0000] {logging_mixin.py:188} INFO - Downloaded MSFT/1769900729.json -> /tmp/minio_downloads/MSFT/1769900729.json
[2026-02-03T21:09:34.491+0000] {logging_mixin.py:188} INFO - Downloaded MSFT/1769900730.json -> /tmp/minio_downloads/MSFT/1769900730.json
[2026-02-03T21:09:34.497+0000] {logging_mixin.py:188} INFO - Downloaded MSFT/1769900731.json -> /tmp/minio_downloads/MSFT/1769900731.json
[2026-02-03T21:09:34.503+0000] {logging_mixin.py:188} INFO - Downloaded MSFT/1769900732.json -> /tmp/minio_downloads/MSFT/1769900732.json
[2026-02-03T21:09:34.509+0000] {logging_mixin.py:188} INFO - Downloaded MSFT/1769900733.json -> /tmp/minio_downloads/MSFT/1769900733.json
[2026-02-03T21:09:34.517+0000] {logging_mixin.py:188} INFO - Downloaded MSFT/1769900734.json -> /tmp/minio_downloads/MSFT/1769900734.json
[2026-02-03T21:09:34.522+0000] {logging_mixin.py:188} INFO - Downloaded MSFT/1769900735.json -> /tmp/minio_downloads/MSFT/1769900735.json
[2026-02-03T21:09:34.528+0000] {logging_mixin.py:188} INFO - Downloaded MSFT/1769900736.json -> /tmp/minio_downloads/MSFT/1769900736.json
[2026-02-03T21:09:34.533+0000] {logging_mixin.py:188} INFO - Downloaded MSFT/1769900737.json -> /tmp/minio_downloads/MSFT/1769900737.json
[2026-02-03T21:09:34.539+0000] {logging_mixin.py:188} INFO - Downloaded MSFT/1769900738.json -> /tmp/minio_downloads/MSFT/1769900738.json
[2026-02-03T21:09:34.545+0000] {logging_mixin.py:188} INFO - Downloaded MSFT/1769900739.json -> /tmp/minio_downloads/MSFT/1769900739.json
[2026-02-03T21:09:34.551+0000] {logging_mixin.py:188} INFO - Downloaded MSFT/1769900740.json -> /tmp/minio_downloads/MSFT/1769900740.json
[2026-02-03T21:09:34.557+0000] {logging_mixin.py:188} INFO - Downloaded MSFT/1769900741.json -> /tmp/minio_downloads/MSFT/1769900741.json
[2026-02-03T21:09:34.563+0000] {logging_mixin.py:188} INFO - Downloaded MSFT/1769900742.json -> /tmp/minio_downloads/MSFT/1769900742.json
[2026-02-03T21:09:34.571+0000] {logging_mixin.py:188} INFO - Downloaded MSFT/1769900743.json -> /tmp/minio_downloads/MSFT/1769900743.json
[2026-02-03T21:09:34.577+0000] {logging_mixin.py:188} INFO - Downloaded MSFT/1769900744.json -> /tmp/minio_downloads/MSFT/1769900744.json
[2026-02-03T21:09:34.583+0000] {logging_mixin.py:188} INFO - Downloaded MSFT/1769900745.json -> /tmp/minio_downloads/MSFT/1769900745.json
[2026-02-03T21:09:34.589+0000] {logging_mixin.py:188} INFO - Downloaded MSFT/1769900746.json -> /tmp/minio_downloads/MSFT/1769900746.json
[2026-02-03T21:09:34.596+0000] {logging_mixin.py:188} INFO - Downloaded MSFT/1769900747.json -> /tmp/minio_downloads/MSFT/1769900747.json
[2026-02-03T21:09:34.603+0000] {logging_mixin.py:188} INFO - Downloaded MSFT/1769900748.json -> /tmp/minio_downloads/MSFT/1769900748.json
[2026-02-03T21:09:34.609+0000] {logging_mixin.py:188} INFO - Downloaded MSFT/1769900749.json -> /tmp/minio_downloads/MSFT/1769900749.json
[2026-02-03T21:09:34.615+0000] {logging_mixin.py:188} INFO - Downloaded MSFT/1769900750.json -> /tmp/minio_downloads/MSFT/1769900750.json
[2026-02-03T21:09:34.621+0000] {logging_mixin.py:188} INFO - Downloaded MSFT/1769900751.json -> /tmp/minio_downloads/MSFT/1769900751.json
[2026-02-03T21:09:34.626+0000] {logging_mixin.py:188} INFO - Downloaded MSFT/1769900752.json -> /tmp/minio_downloads/MSFT/1769900752.json
[2026-02-03T21:09:34.631+0000] {logging_mixin.py:188} INFO - Downloaded MSFT/1769900753.json -> /tmp/minio_downloads/MSFT/1769900753.json
[2026-02-03T21:09:34.637+0000] {logging_mixin.py:188} INFO - Downloaded MSFT/1769900754.json -> /tmp/minio_downloads/MSFT/1769900754.json
[2026-02-03T21:09:34.642+0000] {logging_mixin.py:188} INFO - Downloaded MSFT/1769900755.json -> /tmp/minio_downloads/MSFT/1769900755.json
[2026-02-03T21:09:34.647+0000] {logging_mixin.py:188} INFO - Downloaded MSFT/1769900756.json -> /tmp/minio_downloads/MSFT/1769900756.json
[2026-02-03T21:09:34.652+0000] {logging_mixin.py:188} INFO - Downloaded MSFT/1769900757.json -> /tmp/minio_downloads/MSFT/1769900757.json
[2026-02-03T21:09:34.657+0000] {logging_mixin.py:188} INFO - Downloaded MSFT/1769900758.json -> /tmp/minio_downloads/MSFT/1769900758.json
[2026-02-03T21:09:34.662+0000] {logging_mixin.py:188} INFO - Downloaded MSFT/1769900759.json -> /tmp/minio_downloads/MSFT/1769900759.json
[2026-02-03T21:09:34.667+0000] {logging_mixin.py:188} INFO - Downloaded MSFT/1769900760.json -> /tmp/minio_downloads/MSFT/1769900760.json
[2026-02-03T21:09:34.672+0000] {logging_mixin.py:188} INFO - Downloaded MSFT/1769900761.json -> /tmp/minio_downloads/MSFT/1769900761.json
[2026-02-03T21:09:34.677+0000] {logging_mixin.py:188} INFO - Downloaded MSFT/1769900762.json -> /tmp/minio_downloads/MSFT/1769900762.json
[2026-02-03T21:09:34.681+0000] {logging_mixin.py:188} INFO - Downloaded MSFT/1769900763.json -> /tmp/minio_downloads/MSFT/1769900763.json
[2026-02-03T21:09:34.687+0000] {logging_mixin.py:188} INFO - Downloaded MSFT/1769900764.json -> /tmp/minio_downloads/MSFT/1769900764.json
[2026-02-03T21:09:34.692+0000] {logging_mixin.py:188} INFO - Downloaded MSFT/1769900765.json -> /tmp/minio_downloads/MSFT/1769900765.json
[2026-02-03T21:09:34.696+0000] {logging_mixin.py:188} INFO - Downloaded MSFT/1769900766.json -> /tmp/minio_downloads/MSFT/1769900766.json
[2026-02-03T21:09:34.701+0000] {logging_mixin.py:188} INFO - Downloaded TSLA/1769900678.json -> /tmp/minio_downloads/TSLA/1769900678.json
[2026-02-03T21:09:34.706+0000] {logging_mixin.py:188} INFO - Downloaded TSLA/1769900679.json -> /tmp/minio_downloads/TSLA/1769900679.json
[2026-02-03T21:09:34.711+0000] {logging_mixin.py:188} INFO - Downloaded TSLA/1769900680.json -> /tmp/minio_downloads/TSLA/1769900680.json
[2026-02-03T21:09:34.715+0000] {logging_mixin.py:188} INFO - Downloaded TSLA/1769900681.json -> /tmp/minio_downloads/TSLA/1769900681.json
[2026-02-03T21:09:34.720+0000] {logging_mixin.py:188} INFO - Downloaded TSLA/1769900682.json -> /tmp/minio_downloads/TSLA/1769900682.json
[2026-02-03T21:09:34.726+0000] {logging_mixin.py:188} INFO - Downloaded TSLA/1769900683.json -> /tmp/minio_downloads/TSLA/1769900683.json
[2026-02-03T21:09:34.731+0000] {logging_mixin.py:188} INFO - Downloaded TSLA/1769900684.json -> /tmp/minio_downloads/TSLA/1769900684.json
[2026-02-03T21:09:34.736+0000] {logging_mixin.py:188} INFO - Downloaded TSLA/1769900685.json -> /tmp/minio_downloads/TSLA/1769900685.json
[2026-02-03T21:09:34.741+0000] {logging_mixin.py:188} INFO - Downloaded TSLA/1769900686.json -> /tmp/minio_downloads/TSLA/1769900686.json
[2026-02-03T21:09:34.747+0000] {logging_mixin.py:188} INFO - Downloaded TSLA/1769900687.json -> /tmp/minio_downloads/TSLA/1769900687.json
[2026-02-03T21:09:34.752+0000] {logging_mixin.py:188} INFO - Downloaded TSLA/1769900688.json -> /tmp/minio_downloads/TSLA/1769900688.json
[2026-02-03T21:09:34.758+0000] {logging_mixin.py:188} INFO - Downloaded TSLA/1769900689.json -> /tmp/minio_downloads/TSLA/1769900689.json
[2026-02-03T21:09:34.763+0000] {logging_mixin.py:188} INFO - Downloaded TSLA/1769900690.json -> /tmp/minio_downloads/TSLA/1769900690.json
[2026-02-03T21:09:34.768+0000] {logging_mixin.py:188} INFO - Downloaded TSLA/1769900691.json -> /tmp/minio_downloads/TSLA/1769900691.json
[2026-02-03T21:09:34.773+0000] {logging_mixin.py:188} INFO - Downloaded TSLA/1769900692.json -> /tmp/minio_downloads/TSLA/1769900692.json
[2026-02-03T21:09:34.778+0000] {logging_mixin.py:188} INFO - Downloaded TSLA/1769900693.json -> /tmp/minio_downloads/TSLA/1769900693.json
[2026-02-03T21:09:34.783+0000] {logging_mixin.py:188} INFO - Downloaded TSLA/1769900694.json -> /tmp/minio_downloads/TSLA/1769900694.json
[2026-02-03T21:09:34.788+0000] {logging_mixin.py:188} INFO - Downloaded TSLA/1769900695.json -> /tmp/minio_downloads/TSLA/1769900695.json
[2026-02-03T21:09:34.793+0000] {logging_mixin.py:188} INFO - Downloaded TSLA/1769900696.json -> /tmp/minio_downloads/TSLA/1769900696.json
[2026-02-03T21:09:34.800+0000] {logging_mixin.py:188} INFO - Downloaded TSLA/1769900697.json -> /tmp/minio_downloads/TSLA/1769900697.json
[2026-02-03T21:09:34.806+0000] {logging_mixin.py:188} INFO - Downloaded TSLA/1769900698.json -> /tmp/minio_downloads/TSLA/1769900698.json
[2026-02-03T21:09:34.810+0000] {logging_mixin.py:188} INFO - Downloaded TSLA/1769900699.json -> /tmp/minio_downloads/TSLA/1769900699.json
[2026-02-03T21:09:34.815+0000] {logging_mixin.py:188} INFO - Downloaded TSLA/1769900700.json -> /tmp/minio_downloads/TSLA/1769900700.json
[2026-02-03T21:09:34.820+0000] {logging_mixin.py:188} INFO - Downloaded TSLA/1769900701.json -> /tmp/minio_downloads/TSLA/1769900701.json
[2026-02-03T21:09:34.825+0000] {logging_mixin.py:188} INFO - Downloaded TSLA/1769900702.json -> /tmp/minio_downloads/TSLA/1769900702.json
[2026-02-03T21:09:34.830+0000] {logging_mixin.py:188} INFO - Downloaded TSLA/1769900703.json -> /tmp/minio_downloads/TSLA/1769900703.json
[2026-02-03T21:09:34.835+0000] {logging_mixin.py:188} INFO - Downloaded TSLA/1769900704.json -> /tmp/minio_downloads/TSLA/1769900704.json
[2026-02-03T21:09:34.840+0000] {logging_mixin.py:188} INFO - Downloaded TSLA/1769900705.json -> /tmp/minio_downloads/TSLA/1769900705.json
[2026-02-03T21:09:34.845+0000] {logging_mixin.py:188} INFO - Downloaded TSLA/1769900706.json -> /tmp/minio_downloads/TSLA/1769900706.json
[2026-02-03T21:09:34.850+0000] {logging_mixin.py:188} INFO - Downloaded TSLA/1769900707.json -> /tmp/minio_downloads/TSLA/1769900707.json
[2026-02-03T21:09:34.855+0000] {logging_mixin.py:188} INFO - Downloaded TSLA/1769900708.json -> /tmp/minio_downloads/TSLA/1769900708.json
[2026-02-03T21:09:34.860+0000] {logging_mixin.py:188} INFO - Downloaded TSLA/1769900709.json -> /tmp/minio_downloads/TSLA/1769900709.json
[2026-02-03T21:09:34.865+0000] {logging_mixin.py:188} INFO - Downloaded TSLA/1769900710.json -> /tmp/minio_downloads/TSLA/1769900710.json
[2026-02-03T21:09:34.870+0000] {logging_mixin.py:188} INFO - Downloaded TSLA/1769900711.json -> /tmp/minio_downloads/TSLA/1769900711.json
[2026-02-03T21:09:34.874+0000] {logging_mixin.py:188} INFO - Downloaded TSLA/1769900712.json -> /tmp/minio_downloads/TSLA/1769900712.json
[2026-02-03T21:09:34.878+0000] {logging_mixin.py:188} INFO - Downloaded TSLA/1769900713.json -> /tmp/minio_downloads/TSLA/1769900713.json
[2026-02-03T21:09:34.883+0000] {logging_mixin.py:188} INFO - Downloaded TSLA/1769900714.json -> /tmp/minio_downloads/TSLA/1769900714.json
[2026-02-03T21:09:34.888+0000] {logging_mixin.py:188} INFO - Downloaded TSLA/1769900715.json -> /tmp/minio_downloads/TSLA/1769900715.json
[2026-02-03T21:09:34.893+0000] {logging_mixin.py:188} INFO - Downloaded TSLA/1769900716.json -> /tmp/minio_downloads/TSLA/1769900716.json
[2026-02-03T21:09:34.898+0000] {logging_mixin.py:188} INFO - Downloaded TSLA/1769900717.json -> /tmp/minio_downloads/TSLA/1769900717.json
[2026-02-03T21:09:34.903+0000] {logging_mixin.py:188} INFO - Downloaded TSLA/1769900718.json -> /tmp/minio_downloads/TSLA/1769900718.json
[2026-02-03T21:09:34.908+0000] {logging_mixin.py:188} INFO - Downloaded TSLA/1769900719.json -> /tmp/minio_downloads/TSLA/1769900719.json
[2026-02-03T21:09:34.913+0000] {logging_mixin.py:188} INFO - Downloaded TSLA/1769900720.json -> /tmp/minio_downloads/TSLA/1769900720.json
[2026-02-03T21:09:34.917+0000] {logging_mixin.py:188} INFO - Downloaded TSLA/1769900721.json -> /tmp/minio_downloads/TSLA/1769900721.json
[2026-02-03T21:09:34.922+0000] {logging_mixin.py:188} INFO - Downloaded TSLA/1769900722.json -> /tmp/minio_downloads/TSLA/1769900722.json
[2026-02-03T21:09:34.927+0000] {logging_mixin.py:188} INFO - Downloaded TSLA/1769900723.json -> /tmp/minio_downloads/TSLA/1769900723.json
[2026-02-03T21:09:34.933+0000] {logging_mixin.py:188} INFO - Downloaded TSLA/1769900724.json -> /tmp/minio_downloads/TSLA/1769900724.json
[2026-02-03T21:09:34.938+0000] {logging_mixin.py:188} INFO - Downloaded TSLA/1769900725.json -> /tmp/minio_downloads/TSLA/1769900725.json
[2026-02-03T21:09:34.942+0000] {logging_mixin.py:188} INFO - Downloaded TSLA/1769900726.json -> /tmp/minio_downloads/TSLA/1769900726.json
[2026-02-03T21:09:34.947+0000] {logging_mixin.py:188} INFO - Downloaded TSLA/1769900727.json -> /tmp/minio_downloads/TSLA/1769900727.json
[2026-02-03T21:09:34.951+0000] {logging_mixin.py:188} INFO - Downloaded TSLA/1769900728.json -> /tmp/minio_downloads/TSLA/1769900728.json
[2026-02-03T21:09:34.956+0000] {logging_mixin.py:188} INFO - Downloaded TSLA/1769900729.json -> /tmp/minio_downloads/TSLA/1769900729.json
[2026-02-03T21:09:34.960+0000] {logging_mixin.py:188} INFO - Downloaded TSLA/1769900730.json -> /tmp/minio_downloads/TSLA/1769900730.json
[2026-02-03T21:09:34.965+0000] {logging_mixin.py:188} INFO - Downloaded TSLA/1769900731.json -> /tmp/minio_downloads/TSLA/1769900731.json
[2026-02-03T21:09:34.969+0000] {logging_mixin.py:188} INFO - Downloaded TSLA/1769900732.json -> /tmp/minio_downloads/TSLA/1769900732.json
[2026-02-03T21:09:34.973+0000] {logging_mixin.py:188} INFO - Downloaded TSLA/1769900733.json -> /tmp/minio_downloads/TSLA/1769900733.json
[2026-02-03T21:09:34.978+0000] {logging_mixin.py:188} INFO - Downloaded TSLA/1769900734.json -> /tmp/minio_downloads/TSLA/1769900734.json
[2026-02-03T21:09:34.982+0000] {logging_mixin.py:188} INFO - Downloaded TSLA/1769900735.json -> /tmp/minio_downloads/TSLA/1769900735.json
[2026-02-03T21:09:34.987+0000] {logging_mixin.py:188} INFO - Downloaded TSLA/1769900736.json -> /tmp/minio_downloads/TSLA/1769900736.json
[2026-02-03T21:09:34.991+0000] {logging_mixin.py:188} INFO - Downloaded TSLA/1769900737.json -> /tmp/minio_downloads/TSLA/1769900737.json
[2026-02-03T21:09:34.995+0000] {logging_mixin.py:188} INFO - Downloaded TSLA/1769900738.json -> /tmp/minio_downloads/TSLA/1769900738.json
[2026-02-03T21:09:34.999+0000] {logging_mixin.py:188} INFO - Downloaded TSLA/1769900739.json -> /tmp/minio_downloads/TSLA/1769900739.json
[2026-02-03T21:09:35.003+0000] {logging_mixin.py:188} INFO - Downloaded TSLA/1769900740.json -> /tmp/minio_downloads/TSLA/1769900740.json
[2026-02-03T21:09:35.008+0000] {logging_mixin.py:188} INFO - Downloaded TSLA/1769900741.json -> /tmp/minio_downloads/TSLA/1769900741.json
[2026-02-03T21:09:35.012+0000] {logging_mixin.py:188} INFO - Downloaded TSLA/1769900742.json -> /tmp/minio_downloads/TSLA/1769900742.json
[2026-02-03T21:09:35.016+0000] {logging_mixin.py:188} INFO - Downloaded TSLA/1769900743.json -> /tmp/minio_downloads/TSLA/1769900743.json
[2026-02-03T21:09:35.020+0000] {logging_mixin.py:188} INFO - Downloaded TSLA/1769900744.json -> /tmp/minio_downloads/TSLA/1769900744.json
[2026-02-03T21:09:35.025+0000] {logging_mixin.py:188} INFO - Downloaded TSLA/1769900745.json -> /tmp/minio_downloads/TSLA/1769900745.json
[2026-02-03T21:09:35.030+0000] {logging_mixin.py:188} INFO - Downloaded TSLA/1769900746.json -> /tmp/minio_downloads/TSLA/1769900746.json
[2026-02-03T21:09:35.034+0000] {logging_mixin.py:188} INFO - Downloaded TSLA/1769900747.json -> /tmp/minio_downloads/TSLA/1769900747.json
[2026-02-03T21:09:35.038+0000] {logging_mixin.py:188} INFO - Downloaded TSLA/1769900748.json -> /tmp/minio_downloads/TSLA/1769900748.json
[2026-02-03T21:09:35.043+0000] {logging_mixin.py:188} INFO - Downloaded TSLA/1769900749.json -> /tmp/minio_downloads/TSLA/1769900749.json
[2026-02-03T21:09:35.047+0000] {logging_mixin.py:188} INFO - Downloaded TSLA/1769900750.json -> /tmp/minio_downloads/TSLA/1769900750.json
[2026-02-03T21:09:35.051+0000] {logging_mixin.py:188} INFO - Downloaded TSLA/1769900751.json -> /tmp/minio_downloads/TSLA/1769900751.json
[2026-02-03T21:09:35.056+0000] {logging_mixin.py:188} INFO - Downloaded TSLA/1769900752.json -> /tmp/minio_downloads/TSLA/1769900752.json
[2026-02-03T21:09:35.061+0000] {logging_mixin.py:188} INFO - Downloaded TSLA/1769900753.json -> /tmp/minio_downloads/TSLA/1769900753.json
[2026-02-03T21:09:35.065+0000] {logging_mixin.py:188} INFO - Downloaded TSLA/1769900754.json -> /tmp/minio_downloads/TSLA/1769900754.json
[2026-02-03T21:09:35.070+0000] {logging_mixin.py:188} INFO - Downloaded TSLA/1769900755.json -> /tmp/minio_downloads/TSLA/1769900755.json
[2026-02-03T21:09:35.075+0000] {logging_mixin.py:188} INFO - Downloaded TSLA/1769900756.json -> /tmp/minio_downloads/TSLA/1769900756.json
[2026-02-03T21:09:35.080+0000] {logging_mixin.py:188} INFO - Downloaded TSLA/1769900757.json -> /tmp/minio_downloads/TSLA/1769900757.json
[2026-02-03T21:09:35.085+0000] {logging_mixin.py:188} INFO - Downloaded TSLA/1769900758.json -> /tmp/minio_downloads/TSLA/1769900758.json
[2026-02-03T21:09:35.091+0000] {logging_mixin.py:188} INFO - Downloaded TSLA/1769900759.json -> /tmp/minio_downloads/TSLA/1769900759.json
[2026-02-03T21:09:35.095+0000] {logging_mixin.py:188} INFO - Downloaded TSLA/1769900760.json -> /tmp/minio_downloads/TSLA/1769900760.json
[2026-02-03T21:09:35.100+0000] {logging_mixin.py:188} INFO - Downloaded TSLA/1769900761.json -> /tmp/minio_downloads/TSLA/1769900761.json
[2026-02-03T21:09:35.104+0000] {logging_mixin.py:188} INFO - Downloaded TSLA/1769900762.json -> /tmp/minio_downloads/TSLA/1769900762.json
[2026-02-03T21:09:35.109+0000] {logging_mixin.py:188} INFO - Downloaded TSLA/1769900763.json -> /tmp/minio_downloads/TSLA/1769900763.json
[2026-02-03T21:09:35.114+0000] {logging_mixin.py:188} INFO - Downloaded TSLA/1769900764.json -> /tmp/minio_downloads/TSLA/1769900764.json
[2026-02-03T21:09:35.120+0000] {logging_mixin.py:188} INFO - Downloaded TSLA/1769900765.json -> /tmp/minio_downloads/TSLA/1769900765.json
[2026-02-03T21:09:35.125+0000] {logging_mixin.py:188} INFO - Downloaded TSLA/1769900766.json -> /tmp/minio_downloads/TSLA/1769900766.json
[2026-02-03T21:09:35.126+0000] {python.py:237} INFO - Done. Returned value was: ['/tmp/minio_downloads/AAPL/1769900678.json', '/tmp/minio_downloads/AAPL/1769900679.json', '/tmp/minio_downloads/AAPL/1769900680.json', '/tmp/minio_downloads/AAPL/1769900681.json', '/tmp/minio_downloads/AAPL/1769900682.json', '/tmp/minio_downloads/AAPL/1769900683.json', '/tmp/minio_downloads/AAPL/1769900684.json', '/tmp/minio_downloads/AAPL/1769900685.json', '/tmp/minio_downloads/AAPL/1769900686.json', '/tmp/minio_downloads/AAPL/1769900687.json', '/tmp/minio_downloads/AAPL/1769900688.json', '/tmp/minio_downloads/AAPL/1769900689.json', '/tmp/minio_downloads/AAPL/1769900690.json', '/tmp/minio_downloads/AAPL/1769900691.json', '/tmp/minio_downloads/AAPL/1769900692.json', '/tmp/minio_downloads/AAPL/1769900693.json', '/tmp/minio_downloads/AAPL/1769900694.json', '/tmp/minio_downloads/AAPL/1769900695.json', '/tmp/minio_downloads/AAPL/1769900696.json', '/tmp/minio_downloads/AAPL/1769900697.json', '/tmp/minio_downloads/AAPL/1769900698.json', '/tmp/minio_downloads/AAPL/1769900699.json', '/tmp/minio_downloads/AAPL/1769900700.json', '/tmp/minio_downloads/AAPL/1769900701.json', '/tmp/minio_downloads/AAPL/1769900702.json', '/tmp/minio_downloads/AAPL/1769900703.json', '/tmp/minio_downloads/AAPL/1769900704.json', '/tmp/minio_downloads/AAPL/1769900705.json', '/tmp/minio_downloads/AAPL/1769900706.json', '/tmp/minio_downloads/AAPL/1769900707.json', '/tmp/minio_downloads/AAPL/1769900708.json', '/tmp/minio_downloads/AAPL/1769900709.json', '/tmp/minio_downloads/AAPL/1769900710.json', '/tmp/minio_downloads/AAPL/1769900711.json', '/tmp/minio_downloads/AAPL/1769900712.json', '/tmp/minio_downloads/AAPL/1769900713.json', '/tmp/minio_downloads/AAPL/1769900714.json', '/tmp/minio_downloads/AAPL/1769900715.json', '/tmp/minio_downloads/AAPL/1769900716.json', '/tmp/minio_downloads/AAPL/1769900717.json', '/tmp/minio_downloads/AAPL/1769900718.json', '/tmp/minio_downloads/AAPL/1769900719.json', '/tmp/minio_downloads/AAPL/1769900720.json', '/tmp/minio_downloads/AAPL/1769900721.json', '/tmp/minio_downloads/AAPL/1769900722.json', '/tmp/minio_downloads/AAPL/1769900723.json', '/tmp/minio_downloads/AAPL/1769900724.json', '/tmp/minio_downloads/AAPL/1769900725.json', '/tmp/minio_downloads/AAPL/1769900726.json', '/tmp/minio_downloads/AAPL/1769900727.json', '/tmp/minio_downloads/AAPL/1769900728.json', '/tmp/minio_downloads/AAPL/1769900729.json', '/tmp/minio_downloads/AAPL/1769900730.json', '/tmp/minio_downloads/AAPL/1769900731.json', '/tmp/minio_downloads/AAPL/1769900732.json', '/tmp/minio_downloads/AAPL/1769900733.json', '/tmp/minio_downloads/AAPL/1769900734.json', '/tmp/minio_downloads/AAPL/1769900735.json', '/tmp/minio_downloads/AAPL/1769900736.json', '/tmp/minio_downloads/AAPL/1769900737.json', '/tmp/minio_downloads/AAPL/1769900738.json', '/tmp/minio_downloads/AAPL/1769900739.json', '/tmp/minio_downloads/AAPL/1769900740.json', '/tmp/minio_downloads/AAPL/1769900741.json', '/tmp/minio_downloads/AAPL/1769900742.json', '/tmp/minio_downloads/AAPL/1769900743.json', '/tmp/minio_downloads/AAPL/1769900744.json', '/tmp/minio_downloads/AAPL/1769900745.json', '/tmp/minio_downloads/AAPL/1769900746.json', '/tmp/minio_downloads/AAPL/1769900747.json', '/tmp/minio_downloads/AAPL/1769900748.json', '/tmp/minio_downloads/AAPL/1769900749.json', '/tmp/minio_downloads/AAPL/1769900750.json', '/tmp/minio_downloads/AAPL/1769900751.json', '/tmp/minio_downloads/AAPL/1769900752.json', '/tmp/minio_downloads/AAPL/1769900753.json', '/tmp/minio_downloads/AAPL/1769900754.json', '/tmp/minio_downloads/AAPL/1769900755.json', '/tmp/minio_downloads/AAPL/1769900756.json', '/tmp/minio_downloads/AAPL/1769900757.json', '/tmp/minio_downloads/AAPL/1769900758.json', '/tmp/minio_downloads/AAPL/1769900759.json', '/tmp/minio_downloads/AAPL/1769900760.json', '/tmp/minio_downloads/AAPL/1769900761.json', '/tmp/minio_downloads/AAPL/1769900762.json', '/tmp/minio_downloads/AAPL/1769900763.json', '/tmp/minio_downloads/AAPL/1769900764.json', '/tmp/minio_downloads/AAPL/1769900765.json', '/tmp/minio_downloads/AAPL/1769900766.json', '/tmp/minio_downloads/AMZN/1769900678.json', '/tmp/minio_downloads/AMZN/1769900679.json', '/tmp/minio_downloads/AMZN/1769900680.json', '/tmp/minio_downloads/AMZN/1769900681.json', '/tmp/minio_downloads/AMZN/1769900682.json', '/tmp/minio_downloads/AMZN/1769900683.json', '/tmp/minio_downloads/AMZN/1769900684.json', '/tmp/minio_downloads/AMZN/1769900685.json', '/tmp/minio_downloads/AMZN/1769900686.json', '/tmp/minio_downloads/AMZN/1769900687.json', '/tmp/minio_downloads/AMZN/1769900688.json', '/tmp/minio_downloads/AMZN/1769900689.json', '/tmp/minio_downloads/AMZN/1769900690.json', '/tmp/minio_downloads/AMZN/1769900691.json', '/tmp/minio_downloads/AMZN/1769900692.json', '/tmp/minio_downloads/AMZN/1769900693.json', '/tmp/minio_downloads/AMZN/1769900694.json', '/tmp/minio_downloads/AMZN/1769900695.json', '/tmp/minio_downloads/AMZN/1769900696.json', '/tmp/minio_downloads/AMZN/1769900697.json', '/tmp/minio_downloads/AMZN/1769900698.json', '/tmp/minio_downloads/AMZN/1769900699.json', '/tmp/minio_downloads/AMZN/1769900700.json', '/tmp/minio_downloads/AMZN/1769900701.json', '/tmp/minio_downloads/AMZN/1769900702.json', '/tmp/minio_downloads/AMZN/1769900703.json', '/tmp/minio_downloads/AMZN/1769900704.json', '/tmp/minio_downloads/AMZN/1769900705.json', '/tmp/minio_downloads/AMZN/1769900706.json', '/tmp/minio_downloads/AMZN/1769900707.json', '/tmp/minio_downloads/AMZN/1769900708.json', '/tmp/minio_downloads/AMZN/1769900709.json', '/tmp/minio_downloads/AMZN/1769900710.json', '/tmp/minio_downloads/AMZN/1769900711.json', '/tmp/minio_downloads/AMZN/1769900712.json', '/tmp/minio_downloads/AMZN/1769900713.json', '/tmp/minio_downloads/AMZN/1769900714.json', '/tmp/minio_downloads/AMZN/1769900715.json', '/tmp/minio_downloads/AMZN/1769900716.json', '/tmp/minio_downloads/AMZN/1769900717.json', '/tmp/minio_downloads/AMZN/1769900718.json', '/tmp/minio_downloads/AMZN/1769900719.json', '/tmp/minio_downloads/AMZN/1769900720.json', '/tmp/minio_downloads/AMZN/1769900721.json', '/tmp/minio_downloads/AMZN/1769900722.json', '/tmp/minio_downloads/AMZN/1769900723.json', '/tmp/minio_downloads/AMZN/1769900724.json', '/tmp/minio_downloads/AMZN/1769900725.json', '/tmp/minio_downloads/AMZN/1769900726.json', '/tmp/minio_downloads/AMZN/1769900727.json', '/tmp/minio_downloads/AMZN/1769900728.json', '/tmp/minio_downloads/AMZN/1769900729.json', '/tmp/minio_downloads/AMZN/1769900730.json', '/tmp/minio_downloads/AMZN/1769900731.json', '/tmp/minio_downloads/AMZN/1769900732.json', '/tmp/minio_downloads/AMZN/1769900733.json', '/tmp/minio_downloads/AMZN/1769900734.json', '/tmp/minio_downloads/AMZN/1769900735.json', '/tmp/minio_downloads/AMZN/1769900736.json', '/tmp/minio_downloads/AMZN/1769900737.json', '/tmp/minio_downloads/AMZN/1769900738.json', '/tmp/minio_downloads/AMZN/1769900739.json', '/tmp/minio_downloads/AMZN/1769900740.json', '/tmp/minio_downloads/AMZN/1769900741.json', '/tmp/minio_downloads/AMZN/1769900742.json', '/tmp/minio_downloads/AMZN/1769900743.json', '/tmp/minio_downloads/AMZN/1769900744.json', '/tmp/minio_downloads/AMZN/1769900745.json', '/tmp/minio_downloads/AMZN/1769900746.json', '/tmp/minio_downloads/AMZN/1769900747.json', '/tmp/minio_downloads/AMZN/1769900748.json', '/tmp/minio_downloads/AMZN/1769900749.json', '/tmp/minio_downloads/AMZN/1769900750.json', '/tmp/minio_downloads/AMZN/1769900751.json', '/tmp/minio_downloads/AMZN/1769900752.json', '/tmp/minio_downloads/AMZN/1769900753.json', '/tmp/minio_downloads/AMZN/1769900754.json', '/tmp/minio_downloads/AMZN/1769900755.json', '/tmp/minio_downloads/AMZN/1769900756.json', '/tmp/minio_downloads/AMZN/1769900757.json', '/tmp/minio_downloads/AMZN/1769900758.json', '/tmp/minio_downloads/AMZN/1769900759.json', '/tmp/minio_downloads/AMZN/1769900760.json', '/tmp/minio_downloads/AMZN/1769900761.json', '/tmp/minio_downloads/AMZN/1769900762.json', '/tmp/minio_downloads/AMZN/1769900763.json', '/tmp/minio_downloads/AMZN/1769900764.json', '/tmp/minio_downloads/AMZN/1769900765.json', '/tmp/minio_downloads/AMZN/1769900766.json', '/tmp/minio_downloads/GOOGL/1769900678.json', '/tmp/minio_downloads/GOOGL/1769900679.json', '/tmp/minio_downloads/GOOGL/1769900680.json', '/tmp/minio_downloads/GOOGL/1769900681.json', '/tmp/minio_downloads/GOOGL/1769900682.json', '/tmp/minio_downloads/GOOGL/1769900683.json', '/tmp/minio_downloads/GOOGL/1769900684.json', '/tmp/minio_downloads/GOOGL/1769900685.json', '/tmp/minio_downloads/GOOGL/1769900686.json', '/tmp/minio_downloads/GOOGL/1769900687.json', '/tmp/minio_downloads/GOOGL/1769900688.json', '/tmp/minio_downloads/GOOGL/1769900689.json', '/tmp/minio_downloads/GOOGL/1769900690.json', '/tmp/minio_downloads/GOOGL/1769900691.json', '/tmp/minio_downloads/GOOGL/1769900692.json', '/tmp/minio_downloads/GOOGL/1769900693.json', '/tmp/minio_downloads/GOOGL/1769900694.json', '/tmp/minio_downloads/GOOGL/1769900695.json', '/tmp/minio_downloads/GOOGL/1769900696.json', '/tmp/minio_downloads/GOOGL/1769900697.json', '/tmp/minio_downloads/GOOGL/1769900698.json', '/tmp/minio_downloads/GOOGL/1769900699.json', '/tmp/minio_downloads/GOOGL/1769900700.json', '/tmp/minio_downloads/GOOGL/1769900701.json', '/tmp/minio_downloads/GOOGL/1769900702.json', '/tmp/minio_downloads/GOOGL/1769900703.json', '/tmp/minio_downloads/GOOGL/1769900704.json', '/tmp/minio_downloads/GOOGL/1769900705.json', '/tmp/minio_downloads/GOOGL/1769900706.json', '/tmp/minio_downloads/GOOGL/1769900707.json', '/tmp/minio_downloads/GOOGL/1769900708.json', '/tmp/minio_downloads/GOOGL/1769900709.json', '/tmp/minio_downloads/GOOGL/1769900710.json', '/tmp/minio_downloads/GOOGL/1769900711.json', '/tmp/minio_downloads/GOOGL/1769900712.json', '/tmp/minio_downloads/GOOGL/1769900713.json', '/tmp/minio_downloads/GOOGL/1769900714.json', '/tmp/minio_downloads/GOOGL/1769900715.json', '/tmp/minio_downloads/GOOGL/1769900716.json', '/tmp/minio_downloads/GOOGL/1769900717.json', '/tmp/minio_downloads/GOOGL/1769900718.json', '/tmp/minio_downloads/GOOGL/1769900719.json', '/tmp/minio_downloads/GOOGL/1769900720.json', '/tmp/minio_downloads/GOOGL/1769900721.json', '/tmp/minio_downloads/GOOGL/1769900722.json', '/tmp/minio_downloads/GOOGL/1769900723.json', '/tmp/minio_downloads/GOOGL/1769900724.json', '/tmp/minio_downloads/GOOGL/1769900725.json', '/tmp/minio_downloads/GOOGL/1769900726.json', '/tmp/minio_downloads/GOOGL/1769900727.json', '/tmp/minio_downloads/GOOGL/1769900728.json', '/tmp/minio_downloads/GOOGL/1769900729.json', '/tmp/minio_downloads/GOOGL/1769900730.json', '/tmp/minio_downloads/GOOGL/1769900731.json', '/tmp/minio_downloads/GOOGL/1769900732.json', '/tmp/minio_downloads/GOOGL/1769900733.json', '/tmp/minio_downloads/GOOGL/1769900734.json', '/tmp/minio_downloads/GOOGL/1769900735.json', '/tmp/minio_downloads/GOOGL/1769900736.json', '/tmp/minio_downloads/GOOGL/1769900737.json', '/tmp/minio_downloads/GOOGL/1769900738.json', '/tmp/minio_downloads/GOOGL/1769900739.json', '/tmp/minio_downloads/GOOGL/1769900740.json', '/tmp/minio_downloads/GOOGL/1769900741.json', '/tmp/minio_downloads/GOOGL/1769900742.json', '/tmp/minio_downloads/GOOGL/1769900743.json', '/tmp/minio_downloads/GOOGL/1769900744.json', '/tmp/minio_downloads/GOOGL/1769900745.json', '/tmp/minio_downloads/GOOGL/1769900746.json', '/tmp/minio_downloads/GOOGL/1769900747.json', '/tmp/minio_downloads/GOOGL/1769900748.json', '/tmp/minio_downloads/GOOGL/1769900749.json', '/tmp/minio_downloads/GOOGL/1769900750.json', '/tmp/minio_downloads/GOOGL/1769900751.json', '/tmp/minio_downloads/GOOGL/1769900752.json', '/tmp/minio_downloads/GOOGL/1769900753.json', '/tmp/minio_downloads/GOOGL/1769900754.json', '/tmp/minio_downloads/GOOGL/1769900755.json', '/tmp/minio_downloads/GOOGL/1769900756.json', '/tmp/minio_downloads/GOOGL/1769900757.json', '/tmp/minio_downloads/GOOGL/1769900758.json', '/tmp/minio_downloads/GOOGL/1769900759.json', '/tmp/minio_downloads/GOOGL/1769900760.json', '/tmp/minio_downloads/GOOGL/1769900761.json', '/tmp/minio_downloads/GOOGL/1769900762.json', '/tmp/minio_downloads/GOOGL/1769900763.json', '/tmp/minio_downloads/GOOGL/1769900764.json', '/tmp/minio_downloads/GOOGL/1769900765.json', '/tmp/minio_downloads/GOOGL/1769900766.json', '/tmp/minio_downloads/MSFT/1769900678.json', '/tmp/minio_downloads/MSFT/1769900679.json', '/tmp/minio_downloads/MSFT/1769900680.json', '/tmp/minio_downloads/MSFT/1769900681.json', '/tmp/minio_downloads/MSFT/1769900682.json', '/tmp/minio_downloads/MSFT/1769900683.json', '/tmp/minio_downloads/MSFT/1769900684.json', '/tmp/minio_downloads/MSFT/1769900685.json', '/tmp/minio_downloads/MSFT/1769900686.json', '/tmp/minio_downloads/MSFT/1769900687.json', '/tmp/minio_downloads/MSFT/1769900688.json', '/tmp/minio_downloads/MSFT/1769900689.json', '/tmp/minio_downloads/MSFT/1769900690.json', '/tmp/minio_downloads/MSFT/1769900691.json', '/tmp/minio_downloads/MSFT/1769900692.json', '/tmp/minio_downloads/MSFT/1769900693.json', '/tmp/minio_downloads/MSFT/1769900694.json', '/tmp/minio_downloads/MSFT/1769900695.json', '/tmp/minio_downloads/MSFT/1769900696.json', '/tmp/minio_downloads/MSFT/1769900697.json', '/tmp/minio_downloads/MSFT/1769900698.json', '/tmp/minio_downloads/MSFT/1769900699.json', '/tmp/minio_downloads/MSFT/1769900700.json', '/tmp/minio_downloads/MSFT/1769900701.json', '/tmp/minio_downloads/MSFT/1769900702.json', '/tmp/minio_downloads/MSFT/1769900703.json', '/tmp/minio_downloads/MSFT/1769900704.json', '/tmp/minio_downloads/MSFT/1769900705.json', '/tmp/minio_downloads/MSFT/1769900706.json', '/tmp/minio_downloads/MSFT/1769900707.json', '/tmp/minio_downloads/MSFT/1769900708.json', '/tmp/minio_downloads/MSFT/1769900709.json', '/tmp/minio_downloads/MSFT/1769900710.json', '/tmp/minio_downloads/MSFT/1769900711.json', '/tmp/minio_downloads/MSFT/1769900712.json', '/tmp/minio_downloads/MSFT/1769900713.json', '/tmp/minio_downloads/MSFT/1769900714.json', '/tmp/minio_downloads/MSFT/1769900715.json', '/tmp/minio_downloads/MSFT/1769900716.json', '/tmp/minio_downloads/MSFT/1769900717.json', '/tmp/minio_downloads/MSFT/1769900718.json', '/tmp/minio_downloads/MSFT/1769900719.json', '/tmp/minio_downloads/MSFT/1769900720.json', '/tmp/minio_downloads/MSFT/1769900721.json', '/tmp/minio_downloads/MSFT/1769900722.json', '/tmp/minio_downloads/MSFT/1769900723.json', '/tmp/minio_downloads/MSFT/1769900724.json', '/tmp/minio_downloads/MSFT/1769900725.json', '/tmp/minio_downloads/MSFT/1769900726.json', '/tmp/minio_downloads/MSFT/1769900727.json', '/tmp/minio_downloads/MSFT/1769900728.json', '/tmp/minio_downloads/MSFT/1769900729.json', '/tmp/minio_downloads/MSFT/1769900730.json', '/tmp/minio_downloads/MSFT/1769900731.json', '/tmp/minio_downloads/MSFT/1769900732.json', '/tmp/minio_downloads/MSFT/1769900733.json', '/tmp/minio_downloads/MSFT/1769900734.json', '/tmp/minio_downloads/MSFT/1769900735.json', '/tmp/minio_downloads/MSFT/1769900736.json', '/tmp/minio_downloads/MSFT/1769900737.json', '/tmp/minio_downloads/MSFT/1769900738.json', '/tmp/minio_downloads/MSFT/1769900739.json', '/tmp/minio_downloads/MSFT/1769900740.json', '/tmp/minio_downloads/MSFT/1769900741.json', '/tmp/minio_downloads/MSFT/1769900742.json', '/tmp/minio_downloads/MSFT/1769900743.json', '/tmp/minio_downloads/MSFT/1769900744.json', '/tmp/minio_downloads/MSFT/1769900745.json', '/tmp/minio_downloads/MSFT/1769900746.json', '/tmp/minio_downloads/MSFT/1769900747.json', '/tmp/minio_downloads/MSFT/1769900748.json', '/tmp/minio_downloads/MSFT/1769900749.json', '/tmp/minio_downloads/MSFT/1769900750.json', '/tmp/minio_downloads/MSFT/1769900751.json', '/tmp/minio_downloads/MSFT/1769900752.json', '/tmp/minio_downloads/MSFT/1769900753.json', '/tmp/minio_downloads/MSFT/1769900754.json', '/tmp/minio_downloads/MSFT/1769900755.json', '/tmp/minio_downloads/MSFT/1769900756.json', '/tmp/minio_downloads/MSFT/1769900757.json', '/tmp/minio_downloads/MSFT/1769900758.json', '/tmp/minio_downloads/MSFT/1769900759.json', '/tmp/minio_downloads/MSFT/1769900760.json', '/tmp/minio_downloads/MSFT/1769900761.json', '/tmp/minio_downloads/MSFT/1769900762.json', '/tmp/minio_downloads/MSFT/1769900763.json', '/tmp/minio_downloads/MSFT/1769900764.json', '/tmp/minio_downloads/MSFT/1769900765.json', '/tmp/minio_downloads/MSFT/1769900766.json', '/tmp/minio_downloads/TSLA/1769900678.json', '/tmp/minio_downloads/TSLA/1769900679.json', '/tmp/minio_downloads/TSLA/1769900680.json', '/tmp/minio_downloads/TSLA/1769900681.json', '/tmp/minio_downloads/TSLA/1769900682.json', '/tmp/minio_downloads/TSLA/1769900683.json', '/tmp/minio_downloads/TSLA/1769900684.json', '/tmp/minio_downloads/TSLA/1769900685.json', '/tmp/minio_downloads/TSLA/1769900686.json', '/tmp/minio_downloads/TSLA/1769900687.json', '/tmp/minio_downloads/TSLA/1769900688.json', '/tmp/minio_downloads/TSLA/1769900689.json', '/tmp/minio_downloads/TSLA/1769900690.json', '/tmp/minio_downloads/TSLA/1769900691.json', '/tmp/minio_downloads/TSLA/1769900692.json', '/tmp/minio_downloads/TSLA/1769900693.json', '/tmp/minio_downloads/TSLA/1769900694.json', '/tmp/minio_downloads/TSLA/1769900695.json', '/tmp/minio_downloads/TSLA/1769900696.json', '/tmp/minio_downloads/TSLA/1769900697.json', '/tmp/minio_downloads/TSLA/1769900698.json', '/tmp/minio_downloads/TSLA/1769900699.json', '/tmp/minio_downloads/TSLA/1769900700.json', '/tmp/minio_downloads/TSLA/1769900701.json', '/tmp/minio_downloads/TSLA/1769900702.json', '/tmp/minio_downloads/TSLA/1769900703.json', '/tmp/minio_downloads/TSLA/1769900704.json', '/tmp/minio_downloads/TSLA/1769900705.json', '/tmp/minio_downloads/TSLA/1769900706.json', '/tmp/minio_downloads/TSLA/1769900707.json', '/tmp/minio_downloads/TSLA/1769900708.json', '/tmp/minio_downloads/TSLA/1769900709.json', '/tmp/minio_downloads/TSLA/1769900710.json', '/tmp/minio_downloads/TSLA/1769900711.json', '/tmp/minio_downloads/TSLA/1769900712.json', '/tmp/minio_downloads/TSLA/1769900713.json', '/tmp/minio_downloads/TSLA/1769900714.json', '/tmp/minio_downloads/TSLA/1769900715.json', '/tmp/minio_downloads/TSLA/1769900716.json', '/tmp/minio_downloads/TSLA/1769900717.json', '/tmp/minio_downloads/TSLA/1769900718.json', '/tmp/minio_downloads/TSLA/1769900719.json', '/tmp/minio_downloads/TSLA/1769900720.json', '/tmp/minio_downloads/TSLA/1769900721.json', '/tmp/minio_downloads/TSLA/1769900722.json', '/tmp/minio_downloads/TSLA/1769900723.json', '/tmp/minio_downloads/TSLA/1769900724.json', '/tmp/minio_downloads/TSLA/1769900725.json', '/tmp/minio_downloads/TSLA/1769900726.json', '/tmp/minio_downloads/TSLA/1769900727.json', '/tmp/minio_downloads/TSLA/1769900728.json', '/tmp/minio_downloads/TSLA/1769900729.json', '/tmp/minio_downloads/TSLA/1769900730.json', '/tmp/minio_downloads/TSLA/1769900731.json', '/tmp/minio_downloads/TSLA/1769900732.json', '/tmp/minio_downloads/TSLA/1769900733.json', '/tmp/minio_downloads/TSLA/1769900734.json', '/tmp/minio_downloads/TSLA/1769900735.json', '/tmp/minio_downloads/TSLA/1769900736.json', '/tmp/minio_downloads/TSLA/1769900737.json', '/tmp/minio_downloads/TSLA/1769900738.json', '/tmp/minio_downloads/TSLA/1769900739.json', '/tmp/minio_downloads/TSLA/1769900740.json', '/tmp/minio_downloads/TSLA/1769900741.json', '/tmp/minio_downloads/TSLA/1769900742.json', '/tmp/minio_downloads/TSLA/1769900743.json', '/tmp/minio_downloads/TSLA/1769900744.json', '/tmp/minio_downloads/TSLA/1769900745.json', '/tmp/minio_downloads/TSLA/1769900746.json', '/tmp/minio_downloads/TSLA/1769900747.json', '/tmp/minio_downloads/TSLA/1769900748.json', '/tmp/minio_downloads/TSLA/1769900749.json', '/tmp/minio_downloads/TSLA/1769900750.json', '/tmp/minio_downloads/TSLA/1769900751.json', '/tmp/minio_downloads/TSLA/1769900752.json', '/tmp/minio_downloads/TSLA/1769900753.json', '/tmp/minio_downloads/TSLA/1769900754.json', '/tmp/minio_downloads/TSLA/1769900755.json', '/tmp/minio_downloads/TSLA/1769900756.json', '/tmp/minio_downloads/TSLA/1769900757.json', '/tmp/minio_downloads/TSLA/1769900758.json', '/tmp/minio_downloads/TSLA/1769900759.json', '/tmp/minio_downloads/TSLA/1769900760.json', '/tmp/minio_downloads/TSLA/1769900761.json', '/tmp/minio_downloads/TSLA/1769900762.json', '/tmp/minio_downloads/TSLA/1769900763.json', '/tmp/minio_downloads/TSLA/1769900764.json', '/tmp/minio_downloads/TSLA/1769900765.json', '/tmp/minio_downloads/TSLA/1769900766.json']
[2026-02-03T21:09:35.127+0000] {taskinstance.py:441} INFO - ::group::Post task execution logs
[2026-02-03T21:09:35.145+0000] {taskinstance.py:1206} INFO - Marking task as SUCCESS. dag_id=minio_to_snowflake, task_id=download_minio, run_id=scheduled__2026-02-03T21:08:00+00:00, execution_date=20260203T210800, start_date=20260203T210932, end_date=20260203T210935
[2026-02-03T21:09:35.165+0000] {local_task_job_runner.py:243} INFO - Task exited with return code 0
[2026-02-03T21:09:35.180+0000] {taskinstance.py:3503} INFO - 1 downstream tasks scheduled from follow-on schedule check
[2026-02-03T21:09:35.182+0000] {local_task_job_runner.py:222} INFO - ::endgroup::
