[2026-02-03T19:28:06.441+0000] {local_task_job_runner.py:120} INFO - ::group::Pre task execution logs
[2026-02-03T19:28:06.464+0000] {taskinstance.py:2076} INFO - Dependencies all met for dep_context=non-requeueable deps ti=<TaskInstance: minio_to_snowflake.download_minio scheduled__2026-02-03T19:26:00+00:00 [queued]>
[2026-02-03T19:28:06.471+0000] {taskinstance.py:2076} INFO - Dependencies all met for dep_context=requeueable deps ti=<TaskInstance: minio_to_snowflake.download_minio scheduled__2026-02-03T19:26:00+00:00 [queued]>
[2026-02-03T19:28:06.472+0000] {taskinstance.py:2306} INFO - Starting attempt 1 of 2
[2026-02-03T19:28:06.481+0000] {taskinstance.py:2330} INFO - Executing <Task(PythonOperator): download_minio> on 2026-02-03 19:26:00+00:00
[2026-02-03T19:28:06.488+0000] {standard_task_runner.py:90} INFO - Running: ['***', 'tasks', 'run', 'minio_to_snowflake', 'download_minio', 'scheduled__2026-02-03T19:26:00+00:00', '--job-id', '227', '--raw', '--subdir', 'DAGS_FOLDER/minio_to_***.py', '--cfg-path', '/tmp/tmp2e7hmwvt']
[2026-02-03T19:28:06.491+0000] {standard_task_runner.py:91} INFO - Job 227: Subtask download_minio
[2026-02-03T19:28:06.491+0000] {logging_mixin.py:188} WARNING - /home/***/.local/lib/python3.12/site-packages/***/task/task_runner/standard_task_runner.py:62 DeprecationWarning: This process (pid=9448) is multi-threaded, use of fork() may lead to deadlocks in the child.
[2026-02-03T19:28:06.492+0000] {standard_task_runner.py:64} INFO - Started process 9472 to run task
[2026-02-03T19:28:06.570+0000] {task_command.py:426} INFO - Running <TaskInstance: minio_to_snowflake.download_minio scheduled__2026-02-03T19:26:00+00:00 [running]> on host e6e1c513bfd4
[2026-02-03T19:28:06.676+0000] {taskinstance.py:2648} INFO - Exporting env vars: AIRFLOW_CTX_DAG_OWNER='***' AIRFLOW_CTX_DAG_ID='minio_to_snowflake' AIRFLOW_CTX_TASK_ID='download_minio' AIRFLOW_CTX_EXECUTION_DATE='2026-02-03T19:26:00+00:00' AIRFLOW_CTX_TRY_NUMBER='1' AIRFLOW_CTX_DAG_RUN_ID='scheduled__2026-02-03T19:26:00+00:00'
[2026-02-03T19:28:06.677+0000] {taskinstance.py:430} INFO - ::endgroup::
[2026-02-03T19:28:06.957+0000] {logging_mixin.py:188} INFO - Downloaded AAPL/1769900678.json -> /tmp/minio_downloads/1769900678.json
[2026-02-03T19:28:06.962+0000] {logging_mixin.py:188} INFO - Downloaded AAPL/1769900679.json -> /tmp/minio_downloads/1769900679.json
[2026-02-03T19:28:06.967+0000] {logging_mixin.py:188} INFO - Downloaded AAPL/1769900680.json -> /tmp/minio_downloads/1769900680.json
[2026-02-03T19:28:06.972+0000] {logging_mixin.py:188} INFO - Downloaded AAPL/1769900681.json -> /tmp/minio_downloads/1769900681.json
[2026-02-03T19:28:06.977+0000] {logging_mixin.py:188} INFO - Downloaded AAPL/1769900682.json -> /tmp/minio_downloads/1769900682.json
[2026-02-03T19:28:06.982+0000] {logging_mixin.py:188} INFO - Downloaded AAPL/1769900683.json -> /tmp/minio_downloads/1769900683.json
[2026-02-03T19:28:06.987+0000] {logging_mixin.py:188} INFO - Downloaded AAPL/1769900684.json -> /tmp/minio_downloads/1769900684.json
[2026-02-03T19:28:06.992+0000] {logging_mixin.py:188} INFO - Downloaded AAPL/1769900685.json -> /tmp/minio_downloads/1769900685.json
[2026-02-03T19:28:06.996+0000] {logging_mixin.py:188} INFO - Downloaded AAPL/1769900686.json -> /tmp/minio_downloads/1769900686.json
[2026-02-03T19:28:07.001+0000] {logging_mixin.py:188} INFO - Downloaded AAPL/1769900687.json -> /tmp/minio_downloads/1769900687.json
[2026-02-03T19:28:07.006+0000] {logging_mixin.py:188} INFO - Downloaded AAPL/1769900688.json -> /tmp/minio_downloads/1769900688.json
[2026-02-03T19:28:07.011+0000] {logging_mixin.py:188} INFO - Downloaded AAPL/1769900689.json -> /tmp/minio_downloads/1769900689.json
[2026-02-03T19:28:07.016+0000] {logging_mixin.py:188} INFO - Downloaded AAPL/1769900690.json -> /tmp/minio_downloads/1769900690.json
[2026-02-03T19:28:07.020+0000] {logging_mixin.py:188} INFO - Downloaded AAPL/1769900691.json -> /tmp/minio_downloads/1769900691.json
[2026-02-03T19:28:07.025+0000] {logging_mixin.py:188} INFO - Downloaded AAPL/1769900692.json -> /tmp/minio_downloads/1769900692.json
[2026-02-03T19:28:07.029+0000] {logging_mixin.py:188} INFO - Downloaded AAPL/1769900693.json -> /tmp/minio_downloads/1769900693.json
[2026-02-03T19:28:07.034+0000] {logging_mixin.py:188} INFO - Downloaded AAPL/1769900694.json -> /tmp/minio_downloads/1769900694.json
[2026-02-03T19:28:07.039+0000] {logging_mixin.py:188} INFO - Downloaded AAPL/1769900695.json -> /tmp/minio_downloads/1769900695.json
[2026-02-03T19:28:07.044+0000] {logging_mixin.py:188} INFO - Downloaded AAPL/1769900696.json -> /tmp/minio_downloads/1769900696.json
[2026-02-03T19:28:07.049+0000] {logging_mixin.py:188} INFO - Downloaded AAPL/1769900697.json -> /tmp/minio_downloads/1769900697.json
[2026-02-03T19:28:07.053+0000] {logging_mixin.py:188} INFO - Downloaded AAPL/1769900698.json -> /tmp/minio_downloads/1769900698.json
[2026-02-03T19:28:07.058+0000] {logging_mixin.py:188} INFO - Downloaded AAPL/1769900699.json -> /tmp/minio_downloads/1769900699.json
[2026-02-03T19:28:07.062+0000] {logging_mixin.py:188} INFO - Downloaded AAPL/1769900700.json -> /tmp/minio_downloads/1769900700.json
[2026-02-03T19:28:07.067+0000] {logging_mixin.py:188} INFO - Downloaded AAPL/1769900701.json -> /tmp/minio_downloads/1769900701.json
[2026-02-03T19:28:07.074+0000] {logging_mixin.py:188} INFO - Downloaded AAPL/1769900702.json -> /tmp/minio_downloads/1769900702.json
[2026-02-03T19:28:07.079+0000] {logging_mixin.py:188} INFO - Downloaded AAPL/1769900703.json -> /tmp/minio_downloads/1769900703.json
[2026-02-03T19:28:07.084+0000] {logging_mixin.py:188} INFO - Downloaded AAPL/1769900704.json -> /tmp/minio_downloads/1769900704.json
[2026-02-03T19:28:07.089+0000] {logging_mixin.py:188} INFO - Downloaded AAPL/1769900705.json -> /tmp/minio_downloads/1769900705.json
[2026-02-03T19:28:07.094+0000] {logging_mixin.py:188} INFO - Downloaded AAPL/1769900706.json -> /tmp/minio_downloads/1769900706.json
[2026-02-03T19:28:07.100+0000] {logging_mixin.py:188} INFO - Downloaded AAPL/1769900707.json -> /tmp/minio_downloads/1769900707.json
[2026-02-03T19:28:07.106+0000] {logging_mixin.py:188} INFO - Downloaded AAPL/1769900708.json -> /tmp/minio_downloads/1769900708.json
[2026-02-03T19:28:07.111+0000] {logging_mixin.py:188} INFO - Downloaded AAPL/1769900709.json -> /tmp/minio_downloads/1769900709.json
[2026-02-03T19:28:07.116+0000] {logging_mixin.py:188} INFO - Downloaded AAPL/1769900710.json -> /tmp/minio_downloads/1769900710.json
[2026-02-03T19:28:07.121+0000] {logging_mixin.py:188} INFO - Downloaded AAPL/1769900711.json -> /tmp/minio_downloads/1769900711.json
[2026-02-03T19:28:07.126+0000] {logging_mixin.py:188} INFO - Downloaded AAPL/1769900712.json -> /tmp/minio_downloads/1769900712.json
[2026-02-03T19:28:07.131+0000] {logging_mixin.py:188} INFO - Downloaded AAPL/1769900713.json -> /tmp/minio_downloads/1769900713.json
[2026-02-03T19:28:07.137+0000] {logging_mixin.py:188} INFO - Downloaded AAPL/1769900714.json -> /tmp/minio_downloads/1769900714.json
[2026-02-03T19:28:07.142+0000] {logging_mixin.py:188} INFO - Downloaded AAPL/1769900715.json -> /tmp/minio_downloads/1769900715.json
[2026-02-03T19:28:07.148+0000] {logging_mixin.py:188} INFO - Downloaded AAPL/1769900716.json -> /tmp/minio_downloads/1769900716.json
[2026-02-03T19:28:07.154+0000] {logging_mixin.py:188} INFO - Downloaded AAPL/1769900717.json -> /tmp/minio_downloads/1769900717.json
[2026-02-03T19:28:07.160+0000] {logging_mixin.py:188} INFO - Downloaded AAPL/1769900718.json -> /tmp/minio_downloads/1769900718.json
[2026-02-03T19:28:07.166+0000] {logging_mixin.py:188} INFO - Downloaded AAPL/1769900719.json -> /tmp/minio_downloads/1769900719.json
[2026-02-03T19:28:07.172+0000] {logging_mixin.py:188} INFO - Downloaded AAPL/1769900720.json -> /tmp/minio_downloads/1769900720.json
[2026-02-03T19:28:07.178+0000] {logging_mixin.py:188} INFO - Downloaded AAPL/1769900721.json -> /tmp/minio_downloads/1769900721.json
[2026-02-03T19:28:07.183+0000] {logging_mixin.py:188} INFO - Downloaded AAPL/1769900722.json -> /tmp/minio_downloads/1769900722.json
[2026-02-03T19:28:07.189+0000] {logging_mixin.py:188} INFO - Downloaded AAPL/1769900723.json -> /tmp/minio_downloads/1769900723.json
[2026-02-03T19:28:07.194+0000] {logging_mixin.py:188} INFO - Downloaded AAPL/1769900724.json -> /tmp/minio_downloads/1769900724.json
[2026-02-03T19:28:07.200+0000] {logging_mixin.py:188} INFO - Downloaded AAPL/1769900725.json -> /tmp/minio_downloads/1769900725.json
[2026-02-03T19:28:07.205+0000] {logging_mixin.py:188} INFO - Downloaded AAPL/1769900726.json -> /tmp/minio_downloads/1769900726.json
[2026-02-03T19:28:07.210+0000] {logging_mixin.py:188} INFO - Downloaded AAPL/1769900727.json -> /tmp/minio_downloads/1769900727.json
[2026-02-03T19:28:07.215+0000] {logging_mixin.py:188} INFO - Downloaded AAPL/1769900728.json -> /tmp/minio_downloads/1769900728.json
[2026-02-03T19:28:07.220+0000] {logging_mixin.py:188} INFO - Downloaded AAPL/1769900729.json -> /tmp/minio_downloads/1769900729.json
[2026-02-03T19:28:07.226+0000] {logging_mixin.py:188} INFO - Downloaded AAPL/1769900730.json -> /tmp/minio_downloads/1769900730.json
[2026-02-03T19:28:07.233+0000] {logging_mixin.py:188} INFO - Downloaded AAPL/1769900731.json -> /tmp/minio_downloads/1769900731.json
[2026-02-03T19:28:07.238+0000] {logging_mixin.py:188} INFO - Downloaded AAPL/1769900732.json -> /tmp/minio_downloads/1769900732.json
[2026-02-03T19:28:07.242+0000] {logging_mixin.py:188} INFO - Downloaded AAPL/1769900733.json -> /tmp/minio_downloads/1769900733.json
[2026-02-03T19:28:07.248+0000] {logging_mixin.py:188} INFO - Downloaded AAPL/1769900734.json -> /tmp/minio_downloads/1769900734.json
[2026-02-03T19:28:07.253+0000] {logging_mixin.py:188} INFO - Downloaded AAPL/1769900735.json -> /tmp/minio_downloads/1769900735.json
[2026-02-03T19:28:07.258+0000] {logging_mixin.py:188} INFO - Downloaded AAPL/1769900736.json -> /tmp/minio_downloads/1769900736.json
[2026-02-03T19:28:07.264+0000] {logging_mixin.py:188} INFO - Downloaded AAPL/1769900737.json -> /tmp/minio_downloads/1769900737.json
[2026-02-03T19:28:07.270+0000] {logging_mixin.py:188} INFO - Downloaded AAPL/1769900738.json -> /tmp/minio_downloads/1769900738.json
[2026-02-03T19:28:07.276+0000] {logging_mixin.py:188} INFO - Downloaded AAPL/1769900739.json -> /tmp/minio_downloads/1769900739.json
[2026-02-03T19:28:07.283+0000] {logging_mixin.py:188} INFO - Downloaded AAPL/1769900740.json -> /tmp/minio_downloads/1769900740.json
[2026-02-03T19:28:07.291+0000] {logging_mixin.py:188} INFO - Downloaded AAPL/1769900741.json -> /tmp/minio_downloads/1769900741.json
[2026-02-03T19:28:07.296+0000] {logging_mixin.py:188} INFO - Downloaded AAPL/1769900742.json -> /tmp/minio_downloads/1769900742.json
[2026-02-03T19:28:07.302+0000] {logging_mixin.py:188} INFO - Downloaded AAPL/1769900743.json -> /tmp/minio_downloads/1769900743.json
[2026-02-03T19:28:07.309+0000] {logging_mixin.py:188} INFO - Downloaded AAPL/1769900744.json -> /tmp/minio_downloads/1769900744.json
[2026-02-03T19:28:07.314+0000] {logging_mixin.py:188} INFO - Downloaded AAPL/1769900745.json -> /tmp/minio_downloads/1769900745.json
[2026-02-03T19:28:07.323+0000] {logging_mixin.py:188} INFO - Downloaded AAPL/1769900746.json -> /tmp/minio_downloads/1769900746.json
[2026-02-03T19:28:07.332+0000] {logging_mixin.py:188} INFO - Downloaded AAPL/1769900747.json -> /tmp/minio_downloads/1769900747.json
[2026-02-03T19:28:07.340+0000] {logging_mixin.py:188} INFO - Downloaded AAPL/1769900748.json -> /tmp/minio_downloads/1769900748.json
[2026-02-03T19:28:07.348+0000] {logging_mixin.py:188} INFO - Downloaded AAPL/1769900749.json -> /tmp/minio_downloads/1769900749.json
[2026-02-03T19:28:07.357+0000] {logging_mixin.py:188} INFO - Downloaded AAPL/1769900750.json -> /tmp/minio_downloads/1769900750.json
[2026-02-03T19:28:07.365+0000] {logging_mixin.py:188} INFO - Downloaded AAPL/1769900751.json -> /tmp/minio_downloads/1769900751.json
[2026-02-03T19:28:07.374+0000] {logging_mixin.py:188} INFO - Downloaded AAPL/1769900752.json -> /tmp/minio_downloads/1769900752.json
[2026-02-03T19:28:07.381+0000] {logging_mixin.py:188} INFO - Downloaded AAPL/1769900753.json -> /tmp/minio_downloads/1769900753.json
[2026-02-03T19:28:07.388+0000] {logging_mixin.py:188} INFO - Downloaded AAPL/1769900754.json -> /tmp/minio_downloads/1769900754.json
[2026-02-03T19:28:07.395+0000] {logging_mixin.py:188} INFO - Downloaded AAPL/1769900755.json -> /tmp/minio_downloads/1769900755.json
[2026-02-03T19:28:07.403+0000] {logging_mixin.py:188} INFO - Downloaded AAPL/1769900756.json -> /tmp/minio_downloads/1769900756.json
[2026-02-03T19:28:07.411+0000] {logging_mixin.py:188} INFO - Downloaded AAPL/1769900757.json -> /tmp/minio_downloads/1769900757.json
[2026-02-03T19:28:07.418+0000] {logging_mixin.py:188} INFO - Downloaded AAPL/1769900758.json -> /tmp/minio_downloads/1769900758.json
[2026-02-03T19:28:07.428+0000] {logging_mixin.py:188} INFO - Downloaded AAPL/1769900759.json -> /tmp/minio_downloads/1769900759.json
[2026-02-03T19:28:07.437+0000] {logging_mixin.py:188} INFO - Downloaded AAPL/1769900760.json -> /tmp/minio_downloads/1769900760.json
[2026-02-03T19:28:07.445+0000] {logging_mixin.py:188} INFO - Downloaded AAPL/1769900761.json -> /tmp/minio_downloads/1769900761.json
[2026-02-03T19:28:07.452+0000] {logging_mixin.py:188} INFO - Downloaded AAPL/1769900762.json -> /tmp/minio_downloads/1769900762.json
[2026-02-03T19:28:07.460+0000] {logging_mixin.py:188} INFO - Downloaded AAPL/1769900763.json -> /tmp/minio_downloads/1769900763.json
[2026-02-03T19:28:07.468+0000] {logging_mixin.py:188} INFO - Downloaded AAPL/1769900764.json -> /tmp/minio_downloads/1769900764.json
[2026-02-03T19:28:07.476+0000] {logging_mixin.py:188} INFO - Downloaded AAPL/1769900765.json -> /tmp/minio_downloads/1769900765.json
[2026-02-03T19:28:07.483+0000] {logging_mixin.py:188} INFO - Downloaded AAPL/1769900766.json -> /tmp/minio_downloads/1769900766.json
[2026-02-03T19:28:07.491+0000] {logging_mixin.py:188} INFO - Downloaded AMZN/1769900678.json -> /tmp/minio_downloads/1769900678.json
[2026-02-03T19:28:07.498+0000] {logging_mixin.py:188} INFO - Downloaded AMZN/1769900679.json -> /tmp/minio_downloads/1769900679.json
[2026-02-03T19:28:07.505+0000] {logging_mixin.py:188} INFO - Downloaded AMZN/1769900680.json -> /tmp/minio_downloads/1769900680.json
[2026-02-03T19:28:07.513+0000] {logging_mixin.py:188} INFO - Downloaded AMZN/1769900681.json -> /tmp/minio_downloads/1769900681.json
[2026-02-03T19:28:07.520+0000] {logging_mixin.py:188} INFO - Downloaded AMZN/1769900682.json -> /tmp/minio_downloads/1769900682.json
[2026-02-03T19:28:07.527+0000] {logging_mixin.py:188} INFO - Downloaded AMZN/1769900683.json -> /tmp/minio_downloads/1769900683.json
[2026-02-03T19:28:07.534+0000] {logging_mixin.py:188} INFO - Downloaded AMZN/1769900684.json -> /tmp/minio_downloads/1769900684.json
[2026-02-03T19:28:07.541+0000] {logging_mixin.py:188} INFO - Downloaded AMZN/1769900685.json -> /tmp/minio_downloads/1769900685.json
[2026-02-03T19:28:07.548+0000] {logging_mixin.py:188} INFO - Downloaded AMZN/1769900686.json -> /tmp/minio_downloads/1769900686.json
[2026-02-03T19:28:07.556+0000] {logging_mixin.py:188} INFO - Downloaded AMZN/1769900687.json -> /tmp/minio_downloads/1769900687.json
[2026-02-03T19:28:07.566+0000] {logging_mixin.py:188} INFO - Downloaded AMZN/1769900688.json -> /tmp/minio_downloads/1769900688.json
[2026-02-03T19:28:07.574+0000] {logging_mixin.py:188} INFO - Downloaded AMZN/1769900689.json -> /tmp/minio_downloads/1769900689.json
[2026-02-03T19:28:07.581+0000] {logging_mixin.py:188} INFO - Downloaded AMZN/1769900690.json -> /tmp/minio_downloads/1769900690.json
[2026-02-03T19:28:07.588+0000] {logging_mixin.py:188} INFO - Downloaded AMZN/1769900691.json -> /tmp/minio_downloads/1769900691.json
[2026-02-03T19:28:07.594+0000] {logging_mixin.py:188} INFO - Downloaded AMZN/1769900692.json -> /tmp/minio_downloads/1769900692.json
[2026-02-03T19:28:07.602+0000] {logging_mixin.py:188} INFO - Downloaded AMZN/1769900693.json -> /tmp/minio_downloads/1769900693.json
[2026-02-03T19:28:07.608+0000] {logging_mixin.py:188} INFO - Downloaded AMZN/1769900694.json -> /tmp/minio_downloads/1769900694.json
[2026-02-03T19:28:07.615+0000] {logging_mixin.py:188} INFO - Downloaded AMZN/1769900695.json -> /tmp/minio_downloads/1769900695.json
[2026-02-03T19:28:07.623+0000] {logging_mixin.py:188} INFO - Downloaded AMZN/1769900696.json -> /tmp/minio_downloads/1769900696.json
[2026-02-03T19:28:07.630+0000] {logging_mixin.py:188} INFO - Downloaded AMZN/1769900697.json -> /tmp/minio_downloads/1769900697.json
[2026-02-03T19:28:07.636+0000] {logging_mixin.py:188} INFO - Downloaded AMZN/1769900698.json -> /tmp/minio_downloads/1769900698.json
[2026-02-03T19:28:07.643+0000] {logging_mixin.py:188} INFO - Downloaded AMZN/1769900699.json -> /tmp/minio_downloads/1769900699.json
[2026-02-03T19:28:07.649+0000] {logging_mixin.py:188} INFO - Downloaded AMZN/1769900700.json -> /tmp/minio_downloads/1769900700.json
[2026-02-03T19:28:07.655+0000] {logging_mixin.py:188} INFO - Downloaded AMZN/1769900701.json -> /tmp/minio_downloads/1769900701.json
[2026-02-03T19:28:07.662+0000] {logging_mixin.py:188} INFO - Downloaded AMZN/1769900702.json -> /tmp/minio_downloads/1769900702.json
[2026-02-03T19:28:07.669+0000] {logging_mixin.py:188} INFO - Downloaded AMZN/1769900703.json -> /tmp/minio_downloads/1769900703.json
[2026-02-03T19:28:07.677+0000] {logging_mixin.py:188} INFO - Downloaded AMZN/1769900704.json -> /tmp/minio_downloads/1769900704.json
[2026-02-03T19:28:07.685+0000] {logging_mixin.py:188} INFO - Downloaded AMZN/1769900705.json -> /tmp/minio_downloads/1769900705.json
[2026-02-03T19:28:07.693+0000] {logging_mixin.py:188} INFO - Downloaded AMZN/1769900706.json -> /tmp/minio_downloads/1769900706.json
[2026-02-03T19:28:07.699+0000] {logging_mixin.py:188} INFO - Downloaded AMZN/1769900707.json -> /tmp/minio_downloads/1769900707.json
[2026-02-03T19:28:07.706+0000] {logging_mixin.py:188} INFO - Downloaded AMZN/1769900708.json -> /tmp/minio_downloads/1769900708.json
[2026-02-03T19:28:07.712+0000] {logging_mixin.py:188} INFO - Downloaded AMZN/1769900709.json -> /tmp/minio_downloads/1769900709.json
[2026-02-03T19:28:07.718+0000] {logging_mixin.py:188} INFO - Downloaded AMZN/1769900710.json -> /tmp/minio_downloads/1769900710.json
[2026-02-03T19:28:07.724+0000] {logging_mixin.py:188} INFO - Downloaded AMZN/1769900711.json -> /tmp/minio_downloads/1769900711.json
[2026-02-03T19:28:07.729+0000] {logging_mixin.py:188} INFO - Downloaded AMZN/1769900712.json -> /tmp/minio_downloads/1769900712.json
[2026-02-03T19:28:07.734+0000] {logging_mixin.py:188} INFO - Downloaded AMZN/1769900713.json -> /tmp/minio_downloads/1769900713.json
[2026-02-03T19:28:07.739+0000] {logging_mixin.py:188} INFO - Downloaded AMZN/1769900714.json -> /tmp/minio_downloads/1769900714.json
[2026-02-03T19:28:07.745+0000] {logging_mixin.py:188} INFO - Downloaded AMZN/1769900715.json -> /tmp/minio_downloads/1769900715.json
[2026-02-03T19:28:07.749+0000] {logging_mixin.py:188} INFO - Downloaded AMZN/1769900716.json -> /tmp/minio_downloads/1769900716.json
[2026-02-03T19:28:07.755+0000] {logging_mixin.py:188} INFO - Downloaded AMZN/1769900717.json -> /tmp/minio_downloads/1769900717.json
[2026-02-03T19:28:07.760+0000] {logging_mixin.py:188} INFO - Downloaded AMZN/1769900718.json -> /tmp/minio_downloads/1769900718.json
[2026-02-03T19:28:07.766+0000] {logging_mixin.py:188} INFO - Downloaded AMZN/1769900719.json -> /tmp/minio_downloads/1769900719.json
[2026-02-03T19:28:07.771+0000] {logging_mixin.py:188} INFO - Downloaded AMZN/1769900720.json -> /tmp/minio_downloads/1769900720.json
[2026-02-03T19:28:07.776+0000] {logging_mixin.py:188} INFO - Downloaded AMZN/1769900721.json -> /tmp/minio_downloads/1769900721.json
[2026-02-03T19:28:07.781+0000] {logging_mixin.py:188} INFO - Downloaded AMZN/1769900722.json -> /tmp/minio_downloads/1769900722.json
[2026-02-03T19:28:07.786+0000] {logging_mixin.py:188} INFO - Downloaded AMZN/1769900723.json -> /tmp/minio_downloads/1769900723.json
[2026-02-03T19:28:07.791+0000] {logging_mixin.py:188} INFO - Downloaded AMZN/1769900724.json -> /tmp/minio_downloads/1769900724.json
[2026-02-03T19:28:07.796+0000] {logging_mixin.py:188} INFO - Downloaded AMZN/1769900725.json -> /tmp/minio_downloads/1769900725.json
[2026-02-03T19:28:07.802+0000] {logging_mixin.py:188} INFO - Downloaded AMZN/1769900726.json -> /tmp/minio_downloads/1769900726.json
[2026-02-03T19:28:07.808+0000] {logging_mixin.py:188} INFO - Downloaded AMZN/1769900727.json -> /tmp/minio_downloads/1769900727.json
[2026-02-03T19:28:07.814+0000] {logging_mixin.py:188} INFO - Downloaded AMZN/1769900728.json -> /tmp/minio_downloads/1769900728.json
[2026-02-03T19:28:07.822+0000] {logging_mixin.py:188} INFO - Downloaded AMZN/1769900729.json -> /tmp/minio_downloads/1769900729.json
[2026-02-03T19:28:07.828+0000] {logging_mixin.py:188} INFO - Downloaded AMZN/1769900730.json -> /tmp/minio_downloads/1769900730.json
[2026-02-03T19:28:07.832+0000] {logging_mixin.py:188} INFO - Downloaded AMZN/1769900731.json -> /tmp/minio_downloads/1769900731.json
[2026-02-03T19:28:07.837+0000] {logging_mixin.py:188} INFO - Downloaded AMZN/1769900732.json -> /tmp/minio_downloads/1769900732.json
[2026-02-03T19:28:07.841+0000] {logging_mixin.py:188} INFO - Downloaded AMZN/1769900733.json -> /tmp/minio_downloads/1769900733.json
[2026-02-03T19:28:07.846+0000] {logging_mixin.py:188} INFO - Downloaded AMZN/1769900734.json -> /tmp/minio_downloads/1769900734.json
[2026-02-03T19:28:07.852+0000] {logging_mixin.py:188} INFO - Downloaded AMZN/1769900735.json -> /tmp/minio_downloads/1769900735.json
[2026-02-03T19:28:07.857+0000] {logging_mixin.py:188} INFO - Downloaded AMZN/1769900736.json -> /tmp/minio_downloads/1769900736.json
[2026-02-03T19:28:07.862+0000] {logging_mixin.py:188} INFO - Downloaded AMZN/1769900737.json -> /tmp/minio_downloads/1769900737.json
[2026-02-03T19:28:07.867+0000] {logging_mixin.py:188} INFO - Downloaded AMZN/1769900738.json -> /tmp/minio_downloads/1769900738.json
[2026-02-03T19:28:07.871+0000] {logging_mixin.py:188} INFO - Downloaded AMZN/1769900739.json -> /tmp/minio_downloads/1769900739.json
[2026-02-03T19:28:07.876+0000] {logging_mixin.py:188} INFO - Downloaded AMZN/1769900740.json -> /tmp/minio_downloads/1769900740.json
[2026-02-03T19:28:07.881+0000] {logging_mixin.py:188} INFO - Downloaded AMZN/1769900741.json -> /tmp/minio_downloads/1769900741.json
[2026-02-03T19:28:07.886+0000] {logging_mixin.py:188} INFO - Downloaded AMZN/1769900742.json -> /tmp/minio_downloads/1769900742.json
[2026-02-03T19:28:07.891+0000] {logging_mixin.py:188} INFO - Downloaded AMZN/1769900743.json -> /tmp/minio_downloads/1769900743.json
[2026-02-03T19:28:07.897+0000] {logging_mixin.py:188} INFO - Downloaded AMZN/1769900744.json -> /tmp/minio_downloads/1769900744.json
[2026-02-03T19:28:07.903+0000] {logging_mixin.py:188} INFO - Downloaded AMZN/1769900745.json -> /tmp/minio_downloads/1769900745.json
[2026-02-03T19:28:07.908+0000] {logging_mixin.py:188} INFO - Downloaded AMZN/1769900746.json -> /tmp/minio_downloads/1769900746.json
[2026-02-03T19:28:07.914+0000] {logging_mixin.py:188} INFO - Downloaded AMZN/1769900747.json -> /tmp/minio_downloads/1769900747.json
[2026-02-03T19:28:07.920+0000] {logging_mixin.py:188} INFO - Downloaded AMZN/1769900748.json -> /tmp/minio_downloads/1769900748.json
[2026-02-03T19:28:07.928+0000] {logging_mixin.py:188} INFO - Downloaded AMZN/1769900749.json -> /tmp/minio_downloads/1769900749.json
[2026-02-03T19:28:07.935+0000] {logging_mixin.py:188} INFO - Downloaded AMZN/1769900750.json -> /tmp/minio_downloads/1769900750.json
[2026-02-03T19:28:07.941+0000] {logging_mixin.py:188} INFO - Downloaded AMZN/1769900751.json -> /tmp/minio_downloads/1769900751.json
[2026-02-03T19:28:07.947+0000] {logging_mixin.py:188} INFO - Downloaded AMZN/1769900752.json -> /tmp/minio_downloads/1769900752.json
[2026-02-03T19:28:07.953+0000] {logging_mixin.py:188} INFO - Downloaded AMZN/1769900753.json -> /tmp/minio_downloads/1769900753.json
[2026-02-03T19:28:07.959+0000] {logging_mixin.py:188} INFO - Downloaded AMZN/1769900754.json -> /tmp/minio_downloads/1769900754.json
[2026-02-03T19:28:07.964+0000] {logging_mixin.py:188} INFO - Downloaded AMZN/1769900755.json -> /tmp/minio_downloads/1769900755.json
[2026-02-03T19:28:07.970+0000] {logging_mixin.py:188} INFO - Downloaded AMZN/1769900756.json -> /tmp/minio_downloads/1769900756.json
[2026-02-03T19:28:07.976+0000] {logging_mixin.py:188} INFO - Downloaded AMZN/1769900757.json -> /tmp/minio_downloads/1769900757.json
[2026-02-03T19:28:07.982+0000] {logging_mixin.py:188} INFO - Downloaded AMZN/1769900758.json -> /tmp/minio_downloads/1769900758.json
[2026-02-03T19:28:07.988+0000] {logging_mixin.py:188} INFO - Downloaded AMZN/1769900759.json -> /tmp/minio_downloads/1769900759.json
[2026-02-03T19:28:07.993+0000] {logging_mixin.py:188} INFO - Downloaded AMZN/1769900760.json -> /tmp/minio_downloads/1769900760.json
[2026-02-03T19:28:07.999+0000] {logging_mixin.py:188} INFO - Downloaded AMZN/1769900761.json -> /tmp/minio_downloads/1769900761.json
[2026-02-03T19:28:08.005+0000] {logging_mixin.py:188} INFO - Downloaded AMZN/1769900762.json -> /tmp/minio_downloads/1769900762.json
[2026-02-03T19:28:08.011+0000] {logging_mixin.py:188} INFO - Downloaded AMZN/1769900763.json -> /tmp/minio_downloads/1769900763.json
[2026-02-03T19:28:08.016+0000] {logging_mixin.py:188} INFO - Downloaded AMZN/1769900764.json -> /tmp/minio_downloads/1769900764.json
[2026-02-03T19:28:08.022+0000] {logging_mixin.py:188} INFO - Downloaded AMZN/1769900765.json -> /tmp/minio_downloads/1769900765.json
[2026-02-03T19:28:08.027+0000] {logging_mixin.py:188} INFO - Downloaded AMZN/1769900766.json -> /tmp/minio_downloads/1769900766.json
[2026-02-03T19:28:08.032+0000] {logging_mixin.py:188} INFO - Downloaded GOOGL/1769900678.json -> /tmp/minio_downloads/1769900678.json
[2026-02-03T19:28:08.038+0000] {logging_mixin.py:188} INFO - Downloaded GOOGL/1769900679.json -> /tmp/minio_downloads/1769900679.json
[2026-02-03T19:28:08.043+0000] {logging_mixin.py:188} INFO - Downloaded GOOGL/1769900680.json -> /tmp/minio_downloads/1769900680.json
[2026-02-03T19:28:08.048+0000] {logging_mixin.py:188} INFO - Downloaded GOOGL/1769900681.json -> /tmp/minio_downloads/1769900681.json
[2026-02-03T19:28:08.053+0000] {logging_mixin.py:188} INFO - Downloaded GOOGL/1769900682.json -> /tmp/minio_downloads/1769900682.json
[2026-02-03T19:28:08.058+0000] {logging_mixin.py:188} INFO - Downloaded GOOGL/1769900683.json -> /tmp/minio_downloads/1769900683.json
[2026-02-03T19:28:08.064+0000] {logging_mixin.py:188} INFO - Downloaded GOOGL/1769900684.json -> /tmp/minio_downloads/1769900684.json
[2026-02-03T19:28:08.071+0000] {logging_mixin.py:188} INFO - Downloaded GOOGL/1769900685.json -> /tmp/minio_downloads/1769900685.json
[2026-02-03T19:28:08.082+0000] {logging_mixin.py:188} INFO - Downloaded GOOGL/1769900686.json -> /tmp/minio_downloads/1769900686.json
[2026-02-03T19:28:08.091+0000] {logging_mixin.py:188} INFO - Downloaded GOOGL/1769900687.json -> /tmp/minio_downloads/1769900687.json
[2026-02-03T19:28:08.099+0000] {logging_mixin.py:188} INFO - Downloaded GOOGL/1769900688.json -> /tmp/minio_downloads/1769900688.json
[2026-02-03T19:28:08.106+0000] {logging_mixin.py:188} INFO - Downloaded GOOGL/1769900689.json -> /tmp/minio_downloads/1769900689.json
[2026-02-03T19:28:08.114+0000] {logging_mixin.py:188} INFO - Downloaded GOOGL/1769900690.json -> /tmp/minio_downloads/1769900690.json
[2026-02-03T19:28:08.121+0000] {logging_mixin.py:188} INFO - Downloaded GOOGL/1769900691.json -> /tmp/minio_downloads/1769900691.json
[2026-02-03T19:28:08.128+0000] {logging_mixin.py:188} INFO - Downloaded GOOGL/1769900692.json -> /tmp/minio_downloads/1769900692.json
[2026-02-03T19:28:08.137+0000] {logging_mixin.py:188} INFO - Downloaded GOOGL/1769900693.json -> /tmp/minio_downloads/1769900693.json
[2026-02-03T19:28:08.144+0000] {logging_mixin.py:188} INFO - Downloaded GOOGL/1769900694.json -> /tmp/minio_downloads/1769900694.json
[2026-02-03T19:28:08.153+0000] {logging_mixin.py:188} INFO - Downloaded GOOGL/1769900695.json -> /tmp/minio_downloads/1769900695.json
[2026-02-03T19:28:08.160+0000] {logging_mixin.py:188} INFO - Downloaded GOOGL/1769900696.json -> /tmp/minio_downloads/1769900696.json
[2026-02-03T19:28:08.169+0000] {logging_mixin.py:188} INFO - Downloaded GOOGL/1769900697.json -> /tmp/minio_downloads/1769900697.json
[2026-02-03T19:28:08.178+0000] {logging_mixin.py:188} INFO - Downloaded GOOGL/1769900698.json -> /tmp/minio_downloads/1769900698.json
[2026-02-03T19:28:08.187+0000] {logging_mixin.py:188} INFO - Downloaded GOOGL/1769900699.json -> /tmp/minio_downloads/1769900699.json
[2026-02-03T19:28:08.197+0000] {logging_mixin.py:188} INFO - Downloaded GOOGL/1769900700.json -> /tmp/minio_downloads/1769900700.json
[2026-02-03T19:28:08.206+0000] {logging_mixin.py:188} INFO - Downloaded GOOGL/1769900701.json -> /tmp/minio_downloads/1769900701.json
[2026-02-03T19:28:08.215+0000] {logging_mixin.py:188} INFO - Downloaded GOOGL/1769900702.json -> /tmp/minio_downloads/1769900702.json
[2026-02-03T19:28:08.223+0000] {logging_mixin.py:188} INFO - Downloaded GOOGL/1769900703.json -> /tmp/minio_downloads/1769900703.json
[2026-02-03T19:28:08.230+0000] {logging_mixin.py:188} INFO - Downloaded GOOGL/1769900704.json -> /tmp/minio_downloads/1769900704.json
[2026-02-03T19:28:08.237+0000] {logging_mixin.py:188} INFO - Downloaded GOOGL/1769900705.json -> /tmp/minio_downloads/1769900705.json
[2026-02-03T19:28:08.243+0000] {logging_mixin.py:188} INFO - Downloaded GOOGL/1769900706.json -> /tmp/minio_downloads/1769900706.json
[2026-02-03T19:28:08.250+0000] {logging_mixin.py:188} INFO - Downloaded GOOGL/1769900707.json -> /tmp/minio_downloads/1769900707.json
[2026-02-03T19:28:08.258+0000] {logging_mixin.py:188} INFO - Downloaded GOOGL/1769900708.json -> /tmp/minio_downloads/1769900708.json
[2026-02-03T19:28:08.266+0000] {logging_mixin.py:188} INFO - Downloaded GOOGL/1769900709.json -> /tmp/minio_downloads/1769900709.json
[2026-02-03T19:28:08.275+0000] {logging_mixin.py:188} INFO - Downloaded GOOGL/1769900710.json -> /tmp/minio_downloads/1769900710.json
[2026-02-03T19:28:08.284+0000] {logging_mixin.py:188} INFO - Downloaded GOOGL/1769900711.json -> /tmp/minio_downloads/1769900711.json
[2026-02-03T19:28:08.292+0000] {logging_mixin.py:188} INFO - Downloaded GOOGL/1769900712.json -> /tmp/minio_downloads/1769900712.json
[2026-02-03T19:28:08.302+0000] {logging_mixin.py:188} INFO - Downloaded GOOGL/1769900713.json -> /tmp/minio_downloads/1769900713.json
[2026-02-03T19:28:08.311+0000] {logging_mixin.py:188} INFO - Downloaded GOOGL/1769900714.json -> /tmp/minio_downloads/1769900714.json
[2026-02-03T19:28:08.320+0000] {logging_mixin.py:188} INFO - Downloaded GOOGL/1769900715.json -> /tmp/minio_downloads/1769900715.json
[2026-02-03T19:28:08.330+0000] {logging_mixin.py:188} INFO - Downloaded GOOGL/1769900716.json -> /tmp/minio_downloads/1769900716.json
[2026-02-03T19:28:08.340+0000] {logging_mixin.py:188} INFO - Downloaded GOOGL/1769900717.json -> /tmp/minio_downloads/1769900717.json
[2026-02-03T19:28:08.350+0000] {logging_mixin.py:188} INFO - Downloaded GOOGL/1769900718.json -> /tmp/minio_downloads/1769900718.json
[2026-02-03T19:28:08.358+0000] {logging_mixin.py:188} INFO - Downloaded GOOGL/1769900719.json -> /tmp/minio_downloads/1769900719.json
[2026-02-03T19:28:08.369+0000] {logging_mixin.py:188} INFO - Downloaded GOOGL/1769900720.json -> /tmp/minio_downloads/1769900720.json
[2026-02-03T19:28:08.379+0000] {logging_mixin.py:188} INFO - Downloaded GOOGL/1769900721.json -> /tmp/minio_downloads/1769900721.json
[2026-02-03T19:28:08.389+0000] {logging_mixin.py:188} INFO - Downloaded GOOGL/1769900722.json -> /tmp/minio_downloads/1769900722.json
[2026-02-03T19:28:08.399+0000] {logging_mixin.py:188} INFO - Downloaded GOOGL/1769900723.json -> /tmp/minio_downloads/1769900723.json
[2026-02-03T19:28:08.408+0000] {logging_mixin.py:188} INFO - Downloaded GOOGL/1769900724.json -> /tmp/minio_downloads/1769900724.json
[2026-02-03T19:28:08.418+0000] {logging_mixin.py:188} INFO - Downloaded GOOGL/1769900725.json -> /tmp/minio_downloads/1769900725.json
[2026-02-03T19:28:08.429+0000] {logging_mixin.py:188} INFO - Downloaded GOOGL/1769900726.json -> /tmp/minio_downloads/1769900726.json
[2026-02-03T19:28:08.439+0000] {logging_mixin.py:188} INFO - Downloaded GOOGL/1769900727.json -> /tmp/minio_downloads/1769900727.json
[2026-02-03T19:28:08.448+0000] {logging_mixin.py:188} INFO - Downloaded GOOGL/1769900728.json -> /tmp/minio_downloads/1769900728.json
[2026-02-03T19:28:08.456+0000] {logging_mixin.py:188} INFO - Downloaded GOOGL/1769900729.json -> /tmp/minio_downloads/1769900729.json
[2026-02-03T19:28:08.465+0000] {logging_mixin.py:188} INFO - Downloaded GOOGL/1769900730.json -> /tmp/minio_downloads/1769900730.json
[2026-02-03T19:28:08.474+0000] {logging_mixin.py:188} INFO - Downloaded GOOGL/1769900731.json -> /tmp/minio_downloads/1769900731.json
[2026-02-03T19:28:08.482+0000] {logging_mixin.py:188} INFO - Downloaded GOOGL/1769900732.json -> /tmp/minio_downloads/1769900732.json
[2026-02-03T19:28:08.489+0000] {logging_mixin.py:188} INFO - Downloaded GOOGL/1769900733.json -> /tmp/minio_downloads/1769900733.json
[2026-02-03T19:28:08.497+0000] {logging_mixin.py:188} INFO - Downloaded GOOGL/1769900734.json -> /tmp/minio_downloads/1769900734.json
[2026-02-03T19:28:08.506+0000] {logging_mixin.py:188} INFO - Downloaded GOOGL/1769900735.json -> /tmp/minio_downloads/1769900735.json
[2026-02-03T19:28:08.514+0000] {logging_mixin.py:188} INFO - Downloaded GOOGL/1769900736.json -> /tmp/minio_downloads/1769900736.json
[2026-02-03T19:28:08.522+0000] {logging_mixin.py:188} INFO - Downloaded GOOGL/1769900737.json -> /tmp/minio_downloads/1769900737.json
[2026-02-03T19:28:08.530+0000] {logging_mixin.py:188} INFO - Downloaded GOOGL/1769900738.json -> /tmp/minio_downloads/1769900738.json
[2026-02-03T19:28:08.539+0000] {logging_mixin.py:188} INFO - Downloaded GOOGL/1769900739.json -> /tmp/minio_downloads/1769900739.json
[2026-02-03T19:28:08.546+0000] {logging_mixin.py:188} INFO - Downloaded GOOGL/1769900740.json -> /tmp/minio_downloads/1769900740.json
[2026-02-03T19:28:08.554+0000] {logging_mixin.py:188} INFO - Downloaded GOOGL/1769900741.json -> /tmp/minio_downloads/1769900741.json
[2026-02-03T19:28:08.561+0000] {logging_mixin.py:188} INFO - Downloaded GOOGL/1769900742.json -> /tmp/minio_downloads/1769900742.json
[2026-02-03T19:28:08.569+0000] {logging_mixin.py:188} INFO - Downloaded GOOGL/1769900743.json -> /tmp/minio_downloads/1769900743.json
[2026-02-03T19:28:08.583+0000] {logging_mixin.py:188} INFO - Downloaded GOOGL/1769900744.json -> /tmp/minio_downloads/1769900744.json
[2026-02-03T19:28:08.596+0000] {logging_mixin.py:188} INFO - Downloaded GOOGL/1769900745.json -> /tmp/minio_downloads/1769900745.json
[2026-02-03T19:28:08.615+0000] {logging_mixin.py:188} INFO - Downloaded GOOGL/1769900746.json -> /tmp/minio_downloads/1769900746.json
[2026-02-03T19:28:08.630+0000] {logging_mixin.py:188} INFO - Downloaded GOOGL/1769900747.json -> /tmp/minio_downloads/1769900747.json
[2026-02-03T19:28:08.638+0000] {logging_mixin.py:188} INFO - Downloaded GOOGL/1769900748.json -> /tmp/minio_downloads/1769900748.json
[2026-02-03T19:28:08.649+0000] {logging_mixin.py:188} INFO - Downloaded GOOGL/1769900749.json -> /tmp/minio_downloads/1769900749.json
[2026-02-03T19:28:08.658+0000] {logging_mixin.py:188} INFO - Downloaded GOOGL/1769900750.json -> /tmp/minio_downloads/1769900750.json
[2026-02-03T19:28:08.668+0000] {logging_mixin.py:188} INFO - Downloaded GOOGL/1769900751.json -> /tmp/minio_downloads/1769900751.json
[2026-02-03T19:28:08.674+0000] {logging_mixin.py:188} INFO - Downloaded GOOGL/1769900752.json -> /tmp/minio_downloads/1769900752.json
[2026-02-03T19:28:08.681+0000] {logging_mixin.py:188} INFO - Downloaded GOOGL/1769900753.json -> /tmp/minio_downloads/1769900753.json
[2026-02-03T19:28:08.687+0000] {logging_mixin.py:188} INFO - Downloaded GOOGL/1769900754.json -> /tmp/minio_downloads/1769900754.json
[2026-02-03T19:28:08.693+0000] {logging_mixin.py:188} INFO - Downloaded GOOGL/1769900755.json -> /tmp/minio_downloads/1769900755.json
[2026-02-03T19:28:08.699+0000] {logging_mixin.py:188} INFO - Downloaded GOOGL/1769900756.json -> /tmp/minio_downloads/1769900756.json
[2026-02-03T19:28:08.705+0000] {logging_mixin.py:188} INFO - Downloaded GOOGL/1769900757.json -> /tmp/minio_downloads/1769900757.json
[2026-02-03T19:28:08.711+0000] {logging_mixin.py:188} INFO - Downloaded GOOGL/1769900758.json -> /tmp/minio_downloads/1769900758.json
[2026-02-03T19:28:08.718+0000] {logging_mixin.py:188} INFO - Downloaded GOOGL/1769900759.json -> /tmp/minio_downloads/1769900759.json
[2026-02-03T19:28:08.725+0000] {logging_mixin.py:188} INFO - Downloaded GOOGL/1769900760.json -> /tmp/minio_downloads/1769900760.json
[2026-02-03T19:28:08.732+0000] {logging_mixin.py:188} INFO - Downloaded GOOGL/1769900761.json -> /tmp/minio_downloads/1769900761.json
[2026-02-03T19:28:08.742+0000] {logging_mixin.py:188} INFO - Downloaded GOOGL/1769900762.json -> /tmp/minio_downloads/1769900762.json
[2026-02-03T19:28:08.750+0000] {logging_mixin.py:188} INFO - Downloaded GOOGL/1769900763.json -> /tmp/minio_downloads/1769900763.json
[2026-02-03T19:28:08.757+0000] {logging_mixin.py:188} INFO - Downloaded GOOGL/1769900764.json -> /tmp/minio_downloads/1769900764.json
[2026-02-03T19:28:08.762+0000] {logging_mixin.py:188} INFO - Downloaded GOOGL/1769900765.json -> /tmp/minio_downloads/1769900765.json
[2026-02-03T19:28:08.769+0000] {logging_mixin.py:188} INFO - Downloaded GOOGL/1769900766.json -> /tmp/minio_downloads/1769900766.json
[2026-02-03T19:28:08.775+0000] {logging_mixin.py:188} INFO - Downloaded MSFT/1769900678.json -> /tmp/minio_downloads/1769900678.json
[2026-02-03T19:28:08.781+0000] {logging_mixin.py:188} INFO - Downloaded MSFT/1769900679.json -> /tmp/minio_downloads/1769900679.json
[2026-02-03T19:28:08.786+0000] {logging_mixin.py:188} INFO - Downloaded MSFT/1769900680.json -> /tmp/minio_downloads/1769900680.json
[2026-02-03T19:28:08.791+0000] {logging_mixin.py:188} INFO - Downloaded MSFT/1769900681.json -> /tmp/minio_downloads/1769900681.json
[2026-02-03T19:28:08.797+0000] {logging_mixin.py:188} INFO - Downloaded MSFT/1769900682.json -> /tmp/minio_downloads/1769900682.json
[2026-02-03T19:28:08.802+0000] {logging_mixin.py:188} INFO - Downloaded MSFT/1769900683.json -> /tmp/minio_downloads/1769900683.json
[2026-02-03T19:28:08.807+0000] {logging_mixin.py:188} INFO - Downloaded MSFT/1769900684.json -> /tmp/minio_downloads/1769900684.json
[2026-02-03T19:28:08.816+0000] {logging_mixin.py:188} INFO - Downloaded MSFT/1769900685.json -> /tmp/minio_downloads/1769900685.json
[2026-02-03T19:28:08.823+0000] {logging_mixin.py:188} INFO - Downloaded MSFT/1769900686.json -> /tmp/minio_downloads/1769900686.json
[2026-02-03T19:28:08.829+0000] {logging_mixin.py:188} INFO - Downloaded MSFT/1769900687.json -> /tmp/minio_downloads/1769900687.json
[2026-02-03T19:28:08.834+0000] {logging_mixin.py:188} INFO - Downloaded MSFT/1769900688.json -> /tmp/minio_downloads/1769900688.json
[2026-02-03T19:28:08.839+0000] {logging_mixin.py:188} INFO - Downloaded MSFT/1769900689.json -> /tmp/minio_downloads/1769900689.json
[2026-02-03T19:28:08.845+0000] {logging_mixin.py:188} INFO - Downloaded MSFT/1769900690.json -> /tmp/minio_downloads/1769900690.json
[2026-02-03T19:28:08.851+0000] {logging_mixin.py:188} INFO - Downloaded MSFT/1769900691.json -> /tmp/minio_downloads/1769900691.json
[2026-02-03T19:28:08.857+0000] {logging_mixin.py:188} INFO - Downloaded MSFT/1769900692.json -> /tmp/minio_downloads/1769900692.json
[2026-02-03T19:28:08.864+0000] {logging_mixin.py:188} INFO - Downloaded MSFT/1769900693.json -> /tmp/minio_downloads/1769900693.json
[2026-02-03T19:28:08.870+0000] {logging_mixin.py:188} INFO - Downloaded MSFT/1769900694.json -> /tmp/minio_downloads/1769900694.json
[2026-02-03T19:28:08.876+0000] {logging_mixin.py:188} INFO - Downloaded MSFT/1769900695.json -> /tmp/minio_downloads/1769900695.json
[2026-02-03T19:28:08.882+0000] {logging_mixin.py:188} INFO - Downloaded MSFT/1769900696.json -> /tmp/minio_downloads/1769900696.json
[2026-02-03T19:28:08.888+0000] {logging_mixin.py:188} INFO - Downloaded MSFT/1769900697.json -> /tmp/minio_downloads/1769900697.json
[2026-02-03T19:28:08.894+0000] {logging_mixin.py:188} INFO - Downloaded MSFT/1769900698.json -> /tmp/minio_downloads/1769900698.json
[2026-02-03T19:28:08.899+0000] {logging_mixin.py:188} INFO - Downloaded MSFT/1769900699.json -> /tmp/minio_downloads/1769900699.json
[2026-02-03T19:28:08.905+0000] {logging_mixin.py:188} INFO - Downloaded MSFT/1769900700.json -> /tmp/minio_downloads/1769900700.json
[2026-02-03T19:28:08.911+0000] {logging_mixin.py:188} INFO - Downloaded MSFT/1769900701.json -> /tmp/minio_downloads/1769900701.json
[2026-02-03T19:28:08.917+0000] {logging_mixin.py:188} INFO - Downloaded MSFT/1769900702.json -> /tmp/minio_downloads/1769900702.json
[2026-02-03T19:28:08.924+0000] {logging_mixin.py:188} INFO - Downloaded MSFT/1769900703.json -> /tmp/minio_downloads/1769900703.json
[2026-02-03T19:28:08.930+0000] {logging_mixin.py:188} INFO - Downloaded MSFT/1769900704.json -> /tmp/minio_downloads/1769900704.json
[2026-02-03T19:28:08.936+0000] {logging_mixin.py:188} INFO - Downloaded MSFT/1769900705.json -> /tmp/minio_downloads/1769900705.json
[2026-02-03T19:28:08.942+0000] {logging_mixin.py:188} INFO - Downloaded MSFT/1769900706.json -> /tmp/minio_downloads/1769900706.json
[2026-02-03T19:28:08.947+0000] {logging_mixin.py:188} INFO - Downloaded MSFT/1769900707.json -> /tmp/minio_downloads/1769900707.json
[2026-02-03T19:28:08.953+0000] {logging_mixin.py:188} INFO - Downloaded MSFT/1769900708.json -> /tmp/minio_downloads/1769900708.json
[2026-02-03T19:28:08.958+0000] {logging_mixin.py:188} INFO - Downloaded MSFT/1769900709.json -> /tmp/minio_downloads/1769900709.json
[2026-02-03T19:28:08.964+0000] {logging_mixin.py:188} INFO - Downloaded MSFT/1769900710.json -> /tmp/minio_downloads/1769900710.json
[2026-02-03T19:28:08.970+0000] {logging_mixin.py:188} INFO - Downloaded MSFT/1769900711.json -> /tmp/minio_downloads/1769900711.json
[2026-02-03T19:28:08.975+0000] {logging_mixin.py:188} INFO - Downloaded MSFT/1769900712.json -> /tmp/minio_downloads/1769900712.json
[2026-02-03T19:28:08.980+0000] {logging_mixin.py:188} INFO - Downloaded MSFT/1769900713.json -> /tmp/minio_downloads/1769900713.json
[2026-02-03T19:28:08.986+0000] {logging_mixin.py:188} INFO - Downloaded MSFT/1769900714.json -> /tmp/minio_downloads/1769900714.json
[2026-02-03T19:28:08.991+0000] {logging_mixin.py:188} INFO - Downloaded MSFT/1769900715.json -> /tmp/minio_downloads/1769900715.json
[2026-02-03T19:28:08.996+0000] {logging_mixin.py:188} INFO - Downloaded MSFT/1769900716.json -> /tmp/minio_downloads/1769900716.json
[2026-02-03T19:28:09.001+0000] {logging_mixin.py:188} INFO - Downloaded MSFT/1769900717.json -> /tmp/minio_downloads/1769900717.json
[2026-02-03T19:28:09.006+0000] {logging_mixin.py:188} INFO - Downloaded MSFT/1769900718.json -> /tmp/minio_downloads/1769900718.json
[2026-02-03T19:28:09.011+0000] {logging_mixin.py:188} INFO - Downloaded MSFT/1769900719.json -> /tmp/minio_downloads/1769900719.json
[2026-02-03T19:28:09.019+0000] {logging_mixin.py:188} INFO - Downloaded MSFT/1769900720.json -> /tmp/minio_downloads/1769900720.json
[2026-02-03T19:28:09.025+0000] {logging_mixin.py:188} INFO - Downloaded MSFT/1769900721.json -> /tmp/minio_downloads/1769900721.json
[2026-02-03T19:28:09.031+0000] {logging_mixin.py:188} INFO - Downloaded MSFT/1769900722.json -> /tmp/minio_downloads/1769900722.json
[2026-02-03T19:28:09.036+0000] {logging_mixin.py:188} INFO - Downloaded MSFT/1769900723.json -> /tmp/minio_downloads/1769900723.json
[2026-02-03T19:28:09.042+0000] {logging_mixin.py:188} INFO - Downloaded MSFT/1769900724.json -> /tmp/minio_downloads/1769900724.json
[2026-02-03T19:28:09.047+0000] {logging_mixin.py:188} INFO - Downloaded MSFT/1769900725.json -> /tmp/minio_downloads/1769900725.json
[2026-02-03T19:28:09.052+0000] {logging_mixin.py:188} INFO - Downloaded MSFT/1769900726.json -> /tmp/minio_downloads/1769900726.json
[2026-02-03T19:28:09.057+0000] {logging_mixin.py:188} INFO - Downloaded MSFT/1769900727.json -> /tmp/minio_downloads/1769900727.json
[2026-02-03T19:28:09.062+0000] {logging_mixin.py:188} INFO - Downloaded MSFT/1769900728.json -> /tmp/minio_downloads/1769900728.json
[2026-02-03T19:28:09.067+0000] {logging_mixin.py:188} INFO - Downloaded MSFT/1769900729.json -> /tmp/minio_downloads/1769900729.json
[2026-02-03T19:28:09.072+0000] {logging_mixin.py:188} INFO - Downloaded MSFT/1769900730.json -> /tmp/minio_downloads/1769900730.json
[2026-02-03T19:28:09.079+0000] {logging_mixin.py:188} INFO - Downloaded MSFT/1769900731.json -> /tmp/minio_downloads/1769900731.json
[2026-02-03T19:28:09.085+0000] {logging_mixin.py:188} INFO - Downloaded MSFT/1769900732.json -> /tmp/minio_downloads/1769900732.json
[2026-02-03T19:28:09.090+0000] {logging_mixin.py:188} INFO - Downloaded MSFT/1769900733.json -> /tmp/minio_downloads/1769900733.json
[2026-02-03T19:28:09.095+0000] {logging_mixin.py:188} INFO - Downloaded MSFT/1769900734.json -> /tmp/minio_downloads/1769900734.json
[2026-02-03T19:28:09.100+0000] {logging_mixin.py:188} INFO - Downloaded MSFT/1769900735.json -> /tmp/minio_downloads/1769900735.json
[2026-02-03T19:28:09.104+0000] {logging_mixin.py:188} INFO - Downloaded MSFT/1769900736.json -> /tmp/minio_downloads/1769900736.json
[2026-02-03T19:28:09.109+0000] {logging_mixin.py:188} INFO - Downloaded MSFT/1769900737.json -> /tmp/minio_downloads/1769900737.json
[2026-02-03T19:28:09.113+0000] {logging_mixin.py:188} INFO - Downloaded MSFT/1769900738.json -> /tmp/minio_downloads/1769900738.json
[2026-02-03T19:28:09.117+0000] {logging_mixin.py:188} INFO - Downloaded MSFT/1769900739.json -> /tmp/minio_downloads/1769900739.json
[2026-02-03T19:28:09.122+0000] {logging_mixin.py:188} INFO - Downloaded MSFT/1769900740.json -> /tmp/minio_downloads/1769900740.json
[2026-02-03T19:28:09.127+0000] {logging_mixin.py:188} INFO - Downloaded MSFT/1769900741.json -> /tmp/minio_downloads/1769900741.json
[2026-02-03T19:28:09.132+0000] {logging_mixin.py:188} INFO - Downloaded MSFT/1769900742.json -> /tmp/minio_downloads/1769900742.json
[2026-02-03T19:28:09.137+0000] {logging_mixin.py:188} INFO - Downloaded MSFT/1769900743.json -> /tmp/minio_downloads/1769900743.json
[2026-02-03T19:28:09.142+0000] {logging_mixin.py:188} INFO - Downloaded MSFT/1769900744.json -> /tmp/minio_downloads/1769900744.json
[2026-02-03T19:28:09.147+0000] {logging_mixin.py:188} INFO - Downloaded MSFT/1769900745.json -> /tmp/minio_downloads/1769900745.json
[2026-02-03T19:28:09.152+0000] {logging_mixin.py:188} INFO - Downloaded MSFT/1769900746.json -> /tmp/minio_downloads/1769900746.json
[2026-02-03T19:28:09.157+0000] {logging_mixin.py:188} INFO - Downloaded MSFT/1769900747.json -> /tmp/minio_downloads/1769900747.json
[2026-02-03T19:28:09.162+0000] {logging_mixin.py:188} INFO - Downloaded MSFT/1769900748.json -> /tmp/minio_downloads/1769900748.json
[2026-02-03T19:28:09.167+0000] {logging_mixin.py:188} INFO - Downloaded MSFT/1769900749.json -> /tmp/minio_downloads/1769900749.json
[2026-02-03T19:28:09.172+0000] {logging_mixin.py:188} INFO - Downloaded MSFT/1769900750.json -> /tmp/minio_downloads/1769900750.json
[2026-02-03T19:28:09.177+0000] {logging_mixin.py:188} INFO - Downloaded MSFT/1769900751.json -> /tmp/minio_downloads/1769900751.json
[2026-02-03T19:28:09.182+0000] {logging_mixin.py:188} INFO - Downloaded MSFT/1769900752.json -> /tmp/minio_downloads/1769900752.json
[2026-02-03T19:28:09.187+0000] {logging_mixin.py:188} INFO - Downloaded MSFT/1769900753.json -> /tmp/minio_downloads/1769900753.json
[2026-02-03T19:28:09.192+0000] {logging_mixin.py:188} INFO - Downloaded MSFT/1769900754.json -> /tmp/minio_downloads/1769900754.json
[2026-02-03T19:28:09.197+0000] {logging_mixin.py:188} INFO - Downloaded MSFT/1769900755.json -> /tmp/minio_downloads/1769900755.json
[2026-02-03T19:28:09.202+0000] {logging_mixin.py:188} INFO - Downloaded MSFT/1769900756.json -> /tmp/minio_downloads/1769900756.json
[2026-02-03T19:28:09.207+0000] {logging_mixin.py:188} INFO - Downloaded MSFT/1769900757.json -> /tmp/minio_downloads/1769900757.json
[2026-02-03T19:28:09.211+0000] {logging_mixin.py:188} INFO - Downloaded MSFT/1769900758.json -> /tmp/minio_downloads/1769900758.json
[2026-02-03T19:28:09.216+0000] {logging_mixin.py:188} INFO - Downloaded MSFT/1769900759.json -> /tmp/minio_downloads/1769900759.json
[2026-02-03T19:28:09.221+0000] {logging_mixin.py:188} INFO - Downloaded MSFT/1769900760.json -> /tmp/minio_downloads/1769900760.json
[2026-02-03T19:28:09.225+0000] {logging_mixin.py:188} INFO - Downloaded MSFT/1769900761.json -> /tmp/minio_downloads/1769900761.json
[2026-02-03T19:28:09.230+0000] {logging_mixin.py:188} INFO - Downloaded MSFT/1769900762.json -> /tmp/minio_downloads/1769900762.json
[2026-02-03T19:28:09.235+0000] {logging_mixin.py:188} INFO - Downloaded MSFT/1769900763.json -> /tmp/minio_downloads/1769900763.json
[2026-02-03T19:28:09.239+0000] {logging_mixin.py:188} INFO - Downloaded MSFT/1769900764.json -> /tmp/minio_downloads/1769900764.json
[2026-02-03T19:28:09.244+0000] {logging_mixin.py:188} INFO - Downloaded MSFT/1769900765.json -> /tmp/minio_downloads/1769900765.json
[2026-02-03T19:28:09.248+0000] {logging_mixin.py:188} INFO - Downloaded MSFT/1769900766.json -> /tmp/minio_downloads/1769900766.json
[2026-02-03T19:28:09.253+0000] {logging_mixin.py:188} INFO - Downloaded TSLA/1769900678.json -> /tmp/minio_downloads/1769900678.json
[2026-02-03T19:28:09.258+0000] {logging_mixin.py:188} INFO - Downloaded TSLA/1769900679.json -> /tmp/minio_downloads/1769900679.json
[2026-02-03T19:28:09.263+0000] {logging_mixin.py:188} INFO - Downloaded TSLA/1769900680.json -> /tmp/minio_downloads/1769900680.json
[2026-02-03T19:28:09.268+0000] {logging_mixin.py:188} INFO - Downloaded TSLA/1769900681.json -> /tmp/minio_downloads/1769900681.json
[2026-02-03T19:28:09.272+0000] {logging_mixin.py:188} INFO - Downloaded TSLA/1769900682.json -> /tmp/minio_downloads/1769900682.json
[2026-02-03T19:28:09.277+0000] {logging_mixin.py:188} INFO - Downloaded TSLA/1769900683.json -> /tmp/minio_downloads/1769900683.json
[2026-02-03T19:28:09.282+0000] {logging_mixin.py:188} INFO - Downloaded TSLA/1769900684.json -> /tmp/minio_downloads/1769900684.json
[2026-02-03T19:28:09.288+0000] {logging_mixin.py:188} INFO - Downloaded TSLA/1769900685.json -> /tmp/minio_downloads/1769900685.json
[2026-02-03T19:28:09.292+0000] {logging_mixin.py:188} INFO - Downloaded TSLA/1769900686.json -> /tmp/minio_downloads/1769900686.json
[2026-02-03T19:28:09.297+0000] {logging_mixin.py:188} INFO - Downloaded TSLA/1769900687.json -> /tmp/minio_downloads/1769900687.json
[2026-02-03T19:28:09.302+0000] {logging_mixin.py:188} INFO - Downloaded TSLA/1769900688.json -> /tmp/minio_downloads/1769900688.json
[2026-02-03T19:28:09.306+0000] {logging_mixin.py:188} INFO - Downloaded TSLA/1769900689.json -> /tmp/minio_downloads/1769900689.json
[2026-02-03T19:28:09.312+0000] {logging_mixin.py:188} INFO - Downloaded TSLA/1769900690.json -> /tmp/minio_downloads/1769900690.json
[2026-02-03T19:28:09.317+0000] {logging_mixin.py:188} INFO - Downloaded TSLA/1769900691.json -> /tmp/minio_downloads/1769900691.json
[2026-02-03T19:28:09.321+0000] {logging_mixin.py:188} INFO - Downloaded TSLA/1769900692.json -> /tmp/minio_downloads/1769900692.json
[2026-02-03T19:28:09.326+0000] {logging_mixin.py:188} INFO - Downloaded TSLA/1769900693.json -> /tmp/minio_downloads/1769900693.json
[2026-02-03T19:28:09.330+0000] {logging_mixin.py:188} INFO - Downloaded TSLA/1769900694.json -> /tmp/minio_downloads/1769900694.json
[2026-02-03T19:28:09.335+0000] {logging_mixin.py:188} INFO - Downloaded TSLA/1769900695.json -> /tmp/minio_downloads/1769900695.json
[2026-02-03T19:28:09.339+0000] {logging_mixin.py:188} INFO - Downloaded TSLA/1769900696.json -> /tmp/minio_downloads/1769900696.json
[2026-02-03T19:28:09.344+0000] {logging_mixin.py:188} INFO - Downloaded TSLA/1769900697.json -> /tmp/minio_downloads/1769900697.json
[2026-02-03T19:28:09.349+0000] {logging_mixin.py:188} INFO - Downloaded TSLA/1769900698.json -> /tmp/minio_downloads/1769900698.json
[2026-02-03T19:28:09.354+0000] {logging_mixin.py:188} INFO - Downloaded TSLA/1769900699.json -> /tmp/minio_downloads/1769900699.json
[2026-02-03T19:28:09.359+0000] {logging_mixin.py:188} INFO - Downloaded TSLA/1769900700.json -> /tmp/minio_downloads/1769900700.json
[2026-02-03T19:28:09.363+0000] {logging_mixin.py:188} INFO - Downloaded TSLA/1769900701.json -> /tmp/minio_downloads/1769900701.json
[2026-02-03T19:28:09.368+0000] {logging_mixin.py:188} INFO - Downloaded TSLA/1769900702.json -> /tmp/minio_downloads/1769900702.json
[2026-02-03T19:28:09.372+0000] {logging_mixin.py:188} INFO - Downloaded TSLA/1769900703.json -> /tmp/minio_downloads/1769900703.json
[2026-02-03T19:28:09.378+0000] {logging_mixin.py:188} INFO - Downloaded TSLA/1769900704.json -> /tmp/minio_downloads/1769900704.json
[2026-02-03T19:28:09.383+0000] {logging_mixin.py:188} INFO - Downloaded TSLA/1769900705.json -> /tmp/minio_downloads/1769900705.json
[2026-02-03T19:28:09.387+0000] {logging_mixin.py:188} INFO - Downloaded TSLA/1769900706.json -> /tmp/minio_downloads/1769900706.json
[2026-02-03T19:28:09.392+0000] {logging_mixin.py:188} INFO - Downloaded TSLA/1769900707.json -> /tmp/minio_downloads/1769900707.json
[2026-02-03T19:28:09.397+0000] {logging_mixin.py:188} INFO - Downloaded TSLA/1769900708.json -> /tmp/minio_downloads/1769900708.json
[2026-02-03T19:28:09.401+0000] {logging_mixin.py:188} INFO - Downloaded TSLA/1769900709.json -> /tmp/minio_downloads/1769900709.json
[2026-02-03T19:28:09.406+0000] {logging_mixin.py:188} INFO - Downloaded TSLA/1769900710.json -> /tmp/minio_downloads/1769900710.json
[2026-02-03T19:28:09.411+0000] {logging_mixin.py:188} INFO - Downloaded TSLA/1769900711.json -> /tmp/minio_downloads/1769900711.json
[2026-02-03T19:28:09.415+0000] {logging_mixin.py:188} INFO - Downloaded TSLA/1769900712.json -> /tmp/minio_downloads/1769900712.json
[2026-02-03T19:28:09.420+0000] {logging_mixin.py:188} INFO - Downloaded TSLA/1769900713.json -> /tmp/minio_downloads/1769900713.json
[2026-02-03T19:28:09.424+0000] {logging_mixin.py:188} INFO - Downloaded TSLA/1769900714.json -> /tmp/minio_downloads/1769900714.json
[2026-02-03T19:28:09.428+0000] {logging_mixin.py:188} INFO - Downloaded TSLA/1769900715.json -> /tmp/minio_downloads/1769900715.json
[2026-02-03T19:28:09.433+0000] {logging_mixin.py:188} INFO - Downloaded TSLA/1769900716.json -> /tmp/minio_downloads/1769900716.json
[2026-02-03T19:28:09.437+0000] {logging_mixin.py:188} INFO - Downloaded TSLA/1769900717.json -> /tmp/minio_downloads/1769900717.json
[2026-02-03T19:28:09.441+0000] {logging_mixin.py:188} INFO - Downloaded TSLA/1769900718.json -> /tmp/minio_downloads/1769900718.json
[2026-02-03T19:28:09.445+0000] {logging_mixin.py:188} INFO - Downloaded TSLA/1769900719.json -> /tmp/minio_downloads/1769900719.json
[2026-02-03T19:28:09.450+0000] {logging_mixin.py:188} INFO - Downloaded TSLA/1769900720.json -> /tmp/minio_downloads/1769900720.json
[2026-02-03T19:28:09.456+0000] {logging_mixin.py:188} INFO - Downloaded TSLA/1769900721.json -> /tmp/minio_downloads/1769900721.json
[2026-02-03T19:28:09.462+0000] {logging_mixin.py:188} INFO - Downloaded TSLA/1769900722.json -> /tmp/minio_downloads/1769900722.json
[2026-02-03T19:28:09.466+0000] {logging_mixin.py:188} INFO - Downloaded TSLA/1769900723.json -> /tmp/minio_downloads/1769900723.json
[2026-02-03T19:28:09.471+0000] {logging_mixin.py:188} INFO - Downloaded TSLA/1769900724.json -> /tmp/minio_downloads/1769900724.json
[2026-02-03T19:28:09.476+0000] {logging_mixin.py:188} INFO - Downloaded TSLA/1769900725.json -> /tmp/minio_downloads/1769900725.json
[2026-02-03T19:28:09.482+0000] {logging_mixin.py:188} INFO - Downloaded TSLA/1769900726.json -> /tmp/minio_downloads/1769900726.json
[2026-02-03T19:28:09.486+0000] {logging_mixin.py:188} INFO - Downloaded TSLA/1769900727.json -> /tmp/minio_downloads/1769900727.json
[2026-02-03T19:28:09.491+0000] {logging_mixin.py:188} INFO - Downloaded TSLA/1769900728.json -> /tmp/minio_downloads/1769900728.json
[2026-02-03T19:28:09.495+0000] {logging_mixin.py:188} INFO - Downloaded TSLA/1769900729.json -> /tmp/minio_downloads/1769900729.json
[2026-02-03T19:28:09.501+0000] {logging_mixin.py:188} INFO - Downloaded TSLA/1769900730.json -> /tmp/minio_downloads/1769900730.json
[2026-02-03T19:28:09.506+0000] {logging_mixin.py:188} INFO - Downloaded TSLA/1769900731.json -> /tmp/minio_downloads/1769900731.json
[2026-02-03T19:28:09.511+0000] {logging_mixin.py:188} INFO - Downloaded TSLA/1769900732.json -> /tmp/minio_downloads/1769900732.json
[2026-02-03T19:28:09.516+0000] {logging_mixin.py:188} INFO - Downloaded TSLA/1769900733.json -> /tmp/minio_downloads/1769900733.json
[2026-02-03T19:28:09.520+0000] {logging_mixin.py:188} INFO - Downloaded TSLA/1769900734.json -> /tmp/minio_downloads/1769900734.json
[2026-02-03T19:28:09.525+0000] {logging_mixin.py:188} INFO - Downloaded TSLA/1769900735.json -> /tmp/minio_downloads/1769900735.json
[2026-02-03T19:28:09.532+0000] {logging_mixin.py:188} INFO - Downloaded TSLA/1769900736.json -> /tmp/minio_downloads/1769900736.json
[2026-02-03T19:28:09.536+0000] {logging_mixin.py:188} INFO - Downloaded TSLA/1769900737.json -> /tmp/minio_downloads/1769900737.json
[2026-02-03T19:28:09.541+0000] {logging_mixin.py:188} INFO - Downloaded TSLA/1769900738.json -> /tmp/minio_downloads/1769900738.json
[2026-02-03T19:28:09.546+0000] {logging_mixin.py:188} INFO - Downloaded TSLA/1769900739.json -> /tmp/minio_downloads/1769900739.json
[2026-02-03T19:28:09.551+0000] {logging_mixin.py:188} INFO - Downloaded TSLA/1769900740.json -> /tmp/minio_downloads/1769900740.json
[2026-02-03T19:28:09.556+0000] {logging_mixin.py:188} INFO - Downloaded TSLA/1769900741.json -> /tmp/minio_downloads/1769900741.json
[2026-02-03T19:28:09.561+0000] {logging_mixin.py:188} INFO - Downloaded TSLA/1769900742.json -> /tmp/minio_downloads/1769900742.json
[2026-02-03T19:28:09.565+0000] {logging_mixin.py:188} INFO - Downloaded TSLA/1769900743.json -> /tmp/minio_downloads/1769900743.json
[2026-02-03T19:28:09.569+0000] {logging_mixin.py:188} INFO - Downloaded TSLA/1769900744.json -> /tmp/minio_downloads/1769900744.json
[2026-02-03T19:28:09.574+0000] {logging_mixin.py:188} INFO - Downloaded TSLA/1769900745.json -> /tmp/minio_downloads/1769900745.json
[2026-02-03T19:28:09.578+0000] {logging_mixin.py:188} INFO - Downloaded TSLA/1769900746.json -> /tmp/minio_downloads/1769900746.json
[2026-02-03T19:28:09.582+0000] {logging_mixin.py:188} INFO - Downloaded TSLA/1769900747.json -> /tmp/minio_downloads/1769900747.json
[2026-02-03T19:28:09.587+0000] {logging_mixin.py:188} INFO - Downloaded TSLA/1769900748.json -> /tmp/minio_downloads/1769900748.json
[2026-02-03T19:28:09.592+0000] {logging_mixin.py:188} INFO - Downloaded TSLA/1769900749.json -> /tmp/minio_downloads/1769900749.json
[2026-02-03T19:28:09.596+0000] {logging_mixin.py:188} INFO - Downloaded TSLA/1769900750.json -> /tmp/minio_downloads/1769900750.json
[2026-02-03T19:28:09.600+0000] {logging_mixin.py:188} INFO - Downloaded TSLA/1769900751.json -> /tmp/minio_downloads/1769900751.json
[2026-02-03T19:28:09.606+0000] {logging_mixin.py:188} INFO - Downloaded TSLA/1769900752.json -> /tmp/minio_downloads/1769900752.json
[2026-02-03T19:28:09.610+0000] {logging_mixin.py:188} INFO - Downloaded TSLA/1769900753.json -> /tmp/minio_downloads/1769900753.json
[2026-02-03T19:28:09.615+0000] {logging_mixin.py:188} INFO - Downloaded TSLA/1769900754.json -> /tmp/minio_downloads/1769900754.json
[2026-02-03T19:28:09.620+0000] {logging_mixin.py:188} INFO - Downloaded TSLA/1769900755.json -> /tmp/minio_downloads/1769900755.json
[2026-02-03T19:28:09.625+0000] {logging_mixin.py:188} INFO - Downloaded TSLA/1769900756.json -> /tmp/minio_downloads/1769900756.json
[2026-02-03T19:28:09.630+0000] {logging_mixin.py:188} INFO - Downloaded TSLA/1769900757.json -> /tmp/minio_downloads/1769900757.json
[2026-02-03T19:28:09.635+0000] {logging_mixin.py:188} INFO - Downloaded TSLA/1769900758.json -> /tmp/minio_downloads/1769900758.json
[2026-02-03T19:28:09.640+0000] {logging_mixin.py:188} INFO - Downloaded TSLA/1769900759.json -> /tmp/minio_downloads/1769900759.json
[2026-02-03T19:28:09.645+0000] {logging_mixin.py:188} INFO - Downloaded TSLA/1769900760.json -> /tmp/minio_downloads/1769900760.json
[2026-02-03T19:28:09.650+0000] {logging_mixin.py:188} INFO - Downloaded TSLA/1769900761.json -> /tmp/minio_downloads/1769900761.json
[2026-02-03T19:28:09.654+0000] {logging_mixin.py:188} INFO - Downloaded TSLA/1769900762.json -> /tmp/minio_downloads/1769900762.json
[2026-02-03T19:28:09.660+0000] {logging_mixin.py:188} INFO - Downloaded TSLA/1769900763.json -> /tmp/minio_downloads/1769900763.json
[2026-02-03T19:28:09.664+0000] {logging_mixin.py:188} INFO - Downloaded TSLA/1769900764.json -> /tmp/minio_downloads/1769900764.json
[2026-02-03T19:28:09.669+0000] {logging_mixin.py:188} INFO - Downloaded TSLA/1769900765.json -> /tmp/minio_downloads/1769900765.json
[2026-02-03T19:28:09.674+0000] {logging_mixin.py:188} INFO - Downloaded TSLA/1769900766.json -> /tmp/minio_downloads/1769900766.json
[2026-02-03T19:28:09.674+0000] {python.py:237} INFO - Done. Returned value was: ['/tmp/minio_downloads/1769900678.json', '/tmp/minio_downloads/1769900679.json', '/tmp/minio_downloads/1769900680.json', '/tmp/minio_downloads/1769900681.json', '/tmp/minio_downloads/1769900682.json', '/tmp/minio_downloads/1769900683.json', '/tmp/minio_downloads/1769900684.json', '/tmp/minio_downloads/1769900685.json', '/tmp/minio_downloads/1769900686.json', '/tmp/minio_downloads/1769900687.json', '/tmp/minio_downloads/1769900688.json', '/tmp/minio_downloads/1769900689.json', '/tmp/minio_downloads/1769900690.json', '/tmp/minio_downloads/1769900691.json', '/tmp/minio_downloads/1769900692.json', '/tmp/minio_downloads/1769900693.json', '/tmp/minio_downloads/1769900694.json', '/tmp/minio_downloads/1769900695.json', '/tmp/minio_downloads/1769900696.json', '/tmp/minio_downloads/1769900697.json', '/tmp/minio_downloads/1769900698.json', '/tmp/minio_downloads/1769900699.json', '/tmp/minio_downloads/1769900700.json', '/tmp/minio_downloads/1769900701.json', '/tmp/minio_downloads/1769900702.json', '/tmp/minio_downloads/1769900703.json', '/tmp/minio_downloads/1769900704.json', '/tmp/minio_downloads/1769900705.json', '/tmp/minio_downloads/1769900706.json', '/tmp/minio_downloads/1769900707.json', '/tmp/minio_downloads/1769900708.json', '/tmp/minio_downloads/1769900709.json', '/tmp/minio_downloads/1769900710.json', '/tmp/minio_downloads/1769900711.json', '/tmp/minio_downloads/1769900712.json', '/tmp/minio_downloads/1769900713.json', '/tmp/minio_downloads/1769900714.json', '/tmp/minio_downloads/1769900715.json', '/tmp/minio_downloads/1769900716.json', '/tmp/minio_downloads/1769900717.json', '/tmp/minio_downloads/1769900718.json', '/tmp/minio_downloads/1769900719.json', '/tmp/minio_downloads/1769900720.json', '/tmp/minio_downloads/1769900721.json', '/tmp/minio_downloads/1769900722.json', '/tmp/minio_downloads/1769900723.json', '/tmp/minio_downloads/1769900724.json', '/tmp/minio_downloads/1769900725.json', '/tmp/minio_downloads/1769900726.json', '/tmp/minio_downloads/1769900727.json', '/tmp/minio_downloads/1769900728.json', '/tmp/minio_downloads/1769900729.json', '/tmp/minio_downloads/1769900730.json', '/tmp/minio_downloads/1769900731.json', '/tmp/minio_downloads/1769900732.json', '/tmp/minio_downloads/1769900733.json', '/tmp/minio_downloads/1769900734.json', '/tmp/minio_downloads/1769900735.json', '/tmp/minio_downloads/1769900736.json', '/tmp/minio_downloads/1769900737.json', '/tmp/minio_downloads/1769900738.json', '/tmp/minio_downloads/1769900739.json', '/tmp/minio_downloads/1769900740.json', '/tmp/minio_downloads/1769900741.json', '/tmp/minio_downloads/1769900742.json', '/tmp/minio_downloads/1769900743.json', '/tmp/minio_downloads/1769900744.json', '/tmp/minio_downloads/1769900745.json', '/tmp/minio_downloads/1769900746.json', '/tmp/minio_downloads/1769900747.json', '/tmp/minio_downloads/1769900748.json', '/tmp/minio_downloads/1769900749.json', '/tmp/minio_downloads/1769900750.json', '/tmp/minio_downloads/1769900751.json', '/tmp/minio_downloads/1769900752.json', '/tmp/minio_downloads/1769900753.json', '/tmp/minio_downloads/1769900754.json', '/tmp/minio_downloads/1769900755.json', '/tmp/minio_downloads/1769900756.json', '/tmp/minio_downloads/1769900757.json', '/tmp/minio_downloads/1769900758.json', '/tmp/minio_downloads/1769900759.json', '/tmp/minio_downloads/1769900760.json', '/tmp/minio_downloads/1769900761.json', '/tmp/minio_downloads/1769900762.json', '/tmp/minio_downloads/1769900763.json', '/tmp/minio_downloads/1769900764.json', '/tmp/minio_downloads/1769900765.json', '/tmp/minio_downloads/1769900766.json', '/tmp/minio_downloads/1769900678.json', '/tmp/minio_downloads/1769900679.json', '/tmp/minio_downloads/1769900680.json', '/tmp/minio_downloads/1769900681.json', '/tmp/minio_downloads/1769900682.json', '/tmp/minio_downloads/1769900683.json', '/tmp/minio_downloads/1769900684.json', '/tmp/minio_downloads/1769900685.json', '/tmp/minio_downloads/1769900686.json', '/tmp/minio_downloads/1769900687.json', '/tmp/minio_downloads/1769900688.json', '/tmp/minio_downloads/1769900689.json', '/tmp/minio_downloads/1769900690.json', '/tmp/minio_downloads/1769900691.json', '/tmp/minio_downloads/1769900692.json', '/tmp/minio_downloads/1769900693.json', '/tmp/minio_downloads/1769900694.json', '/tmp/minio_downloads/1769900695.json', '/tmp/minio_downloads/1769900696.json', '/tmp/minio_downloads/1769900697.json', '/tmp/minio_downloads/1769900698.json', '/tmp/minio_downloads/1769900699.json', '/tmp/minio_downloads/1769900700.json', '/tmp/minio_downloads/1769900701.json', '/tmp/minio_downloads/1769900702.json', '/tmp/minio_downloads/1769900703.json', '/tmp/minio_downloads/1769900704.json', '/tmp/minio_downloads/1769900705.json', '/tmp/minio_downloads/1769900706.json', '/tmp/minio_downloads/1769900707.json', '/tmp/minio_downloads/1769900708.json', '/tmp/minio_downloads/1769900709.json', '/tmp/minio_downloads/1769900710.json', '/tmp/minio_downloads/1769900711.json', '/tmp/minio_downloads/1769900712.json', '/tmp/minio_downloads/1769900713.json', '/tmp/minio_downloads/1769900714.json', '/tmp/minio_downloads/1769900715.json', '/tmp/minio_downloads/1769900716.json', '/tmp/minio_downloads/1769900717.json', '/tmp/minio_downloads/1769900718.json', '/tmp/minio_downloads/1769900719.json', '/tmp/minio_downloads/1769900720.json', '/tmp/minio_downloads/1769900721.json', '/tmp/minio_downloads/1769900722.json', '/tmp/minio_downloads/1769900723.json', '/tmp/minio_downloads/1769900724.json', '/tmp/minio_downloads/1769900725.json', '/tmp/minio_downloads/1769900726.json', '/tmp/minio_downloads/1769900727.json', '/tmp/minio_downloads/1769900728.json', '/tmp/minio_downloads/1769900729.json', '/tmp/minio_downloads/1769900730.json', '/tmp/minio_downloads/1769900731.json', '/tmp/minio_downloads/1769900732.json', '/tmp/minio_downloads/1769900733.json', '/tmp/minio_downloads/1769900734.json', '/tmp/minio_downloads/1769900735.json', '/tmp/minio_downloads/1769900736.json', '/tmp/minio_downloads/1769900737.json', '/tmp/minio_downloads/1769900738.json', '/tmp/minio_downloads/1769900739.json', '/tmp/minio_downloads/1769900740.json', '/tmp/minio_downloads/1769900741.json', '/tmp/minio_downloads/1769900742.json', '/tmp/minio_downloads/1769900743.json', '/tmp/minio_downloads/1769900744.json', '/tmp/minio_downloads/1769900745.json', '/tmp/minio_downloads/1769900746.json', '/tmp/minio_downloads/1769900747.json', '/tmp/minio_downloads/1769900748.json', '/tmp/minio_downloads/1769900749.json', '/tmp/minio_downloads/1769900750.json', '/tmp/minio_downloads/1769900751.json', '/tmp/minio_downloads/1769900752.json', '/tmp/minio_downloads/1769900753.json', '/tmp/minio_downloads/1769900754.json', '/tmp/minio_downloads/1769900755.json', '/tmp/minio_downloads/1769900756.json', '/tmp/minio_downloads/1769900757.json', '/tmp/minio_downloads/1769900758.json', '/tmp/minio_downloads/1769900759.json', '/tmp/minio_downloads/1769900760.json', '/tmp/minio_downloads/1769900761.json', '/tmp/minio_downloads/1769900762.json', '/tmp/minio_downloads/1769900763.json', '/tmp/minio_downloads/1769900764.json', '/tmp/minio_downloads/1769900765.json', '/tmp/minio_downloads/1769900766.json', '/tmp/minio_downloads/1769900678.json', '/tmp/minio_downloads/1769900679.json', '/tmp/minio_downloads/1769900680.json', '/tmp/minio_downloads/1769900681.json', '/tmp/minio_downloads/1769900682.json', '/tmp/minio_downloads/1769900683.json', '/tmp/minio_downloads/1769900684.json', '/tmp/minio_downloads/1769900685.json', '/tmp/minio_downloads/1769900686.json', '/tmp/minio_downloads/1769900687.json', '/tmp/minio_downloads/1769900688.json', '/tmp/minio_downloads/1769900689.json', '/tmp/minio_downloads/1769900690.json', '/tmp/minio_downloads/1769900691.json', '/tmp/minio_downloads/1769900692.json', '/tmp/minio_downloads/1769900693.json', '/tmp/minio_downloads/1769900694.json', '/tmp/minio_downloads/1769900695.json', '/tmp/minio_downloads/1769900696.json', '/tmp/minio_downloads/1769900697.json', '/tmp/minio_downloads/1769900698.json', '/tmp/minio_downloads/1769900699.json', '/tmp/minio_downloads/1769900700.json', '/tmp/minio_downloads/1769900701.json', '/tmp/minio_downloads/1769900702.json', '/tmp/minio_downloads/1769900703.json', '/tmp/minio_downloads/1769900704.json', '/tmp/minio_downloads/1769900705.json', '/tmp/minio_downloads/1769900706.json', '/tmp/minio_downloads/1769900707.json', '/tmp/minio_downloads/1769900708.json', '/tmp/minio_downloads/1769900709.json', '/tmp/minio_downloads/1769900710.json', '/tmp/minio_downloads/1769900711.json', '/tmp/minio_downloads/1769900712.json', '/tmp/minio_downloads/1769900713.json', '/tmp/minio_downloads/1769900714.json', '/tmp/minio_downloads/1769900715.json', '/tmp/minio_downloads/1769900716.json', '/tmp/minio_downloads/1769900717.json', '/tmp/minio_downloads/1769900718.json', '/tmp/minio_downloads/1769900719.json', '/tmp/minio_downloads/1769900720.json', '/tmp/minio_downloads/1769900721.json', '/tmp/minio_downloads/1769900722.json', '/tmp/minio_downloads/1769900723.json', '/tmp/minio_downloads/1769900724.json', '/tmp/minio_downloads/1769900725.json', '/tmp/minio_downloads/1769900726.json', '/tmp/minio_downloads/1769900727.json', '/tmp/minio_downloads/1769900728.json', '/tmp/minio_downloads/1769900729.json', '/tmp/minio_downloads/1769900730.json', '/tmp/minio_downloads/1769900731.json', '/tmp/minio_downloads/1769900732.json', '/tmp/minio_downloads/1769900733.json', '/tmp/minio_downloads/1769900734.json', '/tmp/minio_downloads/1769900735.json', '/tmp/minio_downloads/1769900736.json', '/tmp/minio_downloads/1769900737.json', '/tmp/minio_downloads/1769900738.json', '/tmp/minio_downloads/1769900739.json', '/tmp/minio_downloads/1769900740.json', '/tmp/minio_downloads/1769900741.json', '/tmp/minio_downloads/1769900742.json', '/tmp/minio_downloads/1769900743.json', '/tmp/minio_downloads/1769900744.json', '/tmp/minio_downloads/1769900745.json', '/tmp/minio_downloads/1769900746.json', '/tmp/minio_downloads/1769900747.json', '/tmp/minio_downloads/1769900748.json', '/tmp/minio_downloads/1769900749.json', '/tmp/minio_downloads/1769900750.json', '/tmp/minio_downloads/1769900751.json', '/tmp/minio_downloads/1769900752.json', '/tmp/minio_downloads/1769900753.json', '/tmp/minio_downloads/1769900754.json', '/tmp/minio_downloads/1769900755.json', '/tmp/minio_downloads/1769900756.json', '/tmp/minio_downloads/1769900757.json', '/tmp/minio_downloads/1769900758.json', '/tmp/minio_downloads/1769900759.json', '/tmp/minio_downloads/1769900760.json', '/tmp/minio_downloads/1769900761.json', '/tmp/minio_downloads/1769900762.json', '/tmp/minio_downloads/1769900763.json', '/tmp/minio_downloads/1769900764.json', '/tmp/minio_downloads/1769900765.json', '/tmp/minio_downloads/1769900766.json', '/tmp/minio_downloads/1769900678.json', '/tmp/minio_downloads/1769900679.json', '/tmp/minio_downloads/1769900680.json', '/tmp/minio_downloads/1769900681.json', '/tmp/minio_downloads/1769900682.json', '/tmp/minio_downloads/1769900683.json', '/tmp/minio_downloads/1769900684.json', '/tmp/minio_downloads/1769900685.json', '/tmp/minio_downloads/1769900686.json', '/tmp/minio_downloads/1769900687.json', '/tmp/minio_downloads/1769900688.json', '/tmp/minio_downloads/1769900689.json', '/tmp/minio_downloads/1769900690.json', '/tmp/minio_downloads/1769900691.json', '/tmp/minio_downloads/1769900692.json', '/tmp/minio_downloads/1769900693.json', '/tmp/minio_downloads/1769900694.json', '/tmp/minio_downloads/1769900695.json', '/tmp/minio_downloads/1769900696.json', '/tmp/minio_downloads/1769900697.json', '/tmp/minio_downloads/1769900698.json', '/tmp/minio_downloads/1769900699.json', '/tmp/minio_downloads/1769900700.json', '/tmp/minio_downloads/1769900701.json', '/tmp/minio_downloads/1769900702.json', '/tmp/minio_downloads/1769900703.json', '/tmp/minio_downloads/1769900704.json', '/tmp/minio_downloads/1769900705.json', '/tmp/minio_downloads/1769900706.json', '/tmp/minio_downloads/1769900707.json', '/tmp/minio_downloads/1769900708.json', '/tmp/minio_downloads/1769900709.json', '/tmp/minio_downloads/1769900710.json', '/tmp/minio_downloads/1769900711.json', '/tmp/minio_downloads/1769900712.json', '/tmp/minio_downloads/1769900713.json', '/tmp/minio_downloads/1769900714.json', '/tmp/minio_downloads/1769900715.json', '/tmp/minio_downloads/1769900716.json', '/tmp/minio_downloads/1769900717.json', '/tmp/minio_downloads/1769900718.json', '/tmp/minio_downloads/1769900719.json', '/tmp/minio_downloads/1769900720.json', '/tmp/minio_downloads/1769900721.json', '/tmp/minio_downloads/1769900722.json', '/tmp/minio_downloads/1769900723.json', '/tmp/minio_downloads/1769900724.json', '/tmp/minio_downloads/1769900725.json', '/tmp/minio_downloads/1769900726.json', '/tmp/minio_downloads/1769900727.json', '/tmp/minio_downloads/1769900728.json', '/tmp/minio_downloads/1769900729.json', '/tmp/minio_downloads/1769900730.json', '/tmp/minio_downloads/1769900731.json', '/tmp/minio_downloads/1769900732.json', '/tmp/minio_downloads/1769900733.json', '/tmp/minio_downloads/1769900734.json', '/tmp/minio_downloads/1769900735.json', '/tmp/minio_downloads/1769900736.json', '/tmp/minio_downloads/1769900737.json', '/tmp/minio_downloads/1769900738.json', '/tmp/minio_downloads/1769900739.json', '/tmp/minio_downloads/1769900740.json', '/tmp/minio_downloads/1769900741.json', '/tmp/minio_downloads/1769900742.json', '/tmp/minio_downloads/1769900743.json', '/tmp/minio_downloads/1769900744.json', '/tmp/minio_downloads/1769900745.json', '/tmp/minio_downloads/1769900746.json', '/tmp/minio_downloads/1769900747.json', '/tmp/minio_downloads/1769900748.json', '/tmp/minio_downloads/1769900749.json', '/tmp/minio_downloads/1769900750.json', '/tmp/minio_downloads/1769900751.json', '/tmp/minio_downloads/1769900752.json', '/tmp/minio_downloads/1769900753.json', '/tmp/minio_downloads/1769900754.json', '/tmp/minio_downloads/1769900755.json', '/tmp/minio_downloads/1769900756.json', '/tmp/minio_downloads/1769900757.json', '/tmp/minio_downloads/1769900758.json', '/tmp/minio_downloads/1769900759.json', '/tmp/minio_downloads/1769900760.json', '/tmp/minio_downloads/1769900761.json', '/tmp/minio_downloads/1769900762.json', '/tmp/minio_downloads/1769900763.json', '/tmp/minio_downloads/1769900764.json', '/tmp/minio_downloads/1769900765.json', '/tmp/minio_downloads/1769900766.json', '/tmp/minio_downloads/1769900678.json', '/tmp/minio_downloads/1769900679.json', '/tmp/minio_downloads/1769900680.json', '/tmp/minio_downloads/1769900681.json', '/tmp/minio_downloads/1769900682.json', '/tmp/minio_downloads/1769900683.json', '/tmp/minio_downloads/1769900684.json', '/tmp/minio_downloads/1769900685.json', '/tmp/minio_downloads/1769900686.json', '/tmp/minio_downloads/1769900687.json', '/tmp/minio_downloads/1769900688.json', '/tmp/minio_downloads/1769900689.json', '/tmp/minio_downloads/1769900690.json', '/tmp/minio_downloads/1769900691.json', '/tmp/minio_downloads/1769900692.json', '/tmp/minio_downloads/1769900693.json', '/tmp/minio_downloads/1769900694.json', '/tmp/minio_downloads/1769900695.json', '/tmp/minio_downloads/1769900696.json', '/tmp/minio_downloads/1769900697.json', '/tmp/minio_downloads/1769900698.json', '/tmp/minio_downloads/1769900699.json', '/tmp/minio_downloads/1769900700.json', '/tmp/minio_downloads/1769900701.json', '/tmp/minio_downloads/1769900702.json', '/tmp/minio_downloads/1769900703.json', '/tmp/minio_downloads/1769900704.json', '/tmp/minio_downloads/1769900705.json', '/tmp/minio_downloads/1769900706.json', '/tmp/minio_downloads/1769900707.json', '/tmp/minio_downloads/1769900708.json', '/tmp/minio_downloads/1769900709.json', '/tmp/minio_downloads/1769900710.json', '/tmp/minio_downloads/1769900711.json', '/tmp/minio_downloads/1769900712.json', '/tmp/minio_downloads/1769900713.json', '/tmp/minio_downloads/1769900714.json', '/tmp/minio_downloads/1769900715.json', '/tmp/minio_downloads/1769900716.json', '/tmp/minio_downloads/1769900717.json', '/tmp/minio_downloads/1769900718.json', '/tmp/minio_downloads/1769900719.json', '/tmp/minio_downloads/1769900720.json', '/tmp/minio_downloads/1769900721.json', '/tmp/minio_downloads/1769900722.json', '/tmp/minio_downloads/1769900723.json', '/tmp/minio_downloads/1769900724.json', '/tmp/minio_downloads/1769900725.json', '/tmp/minio_downloads/1769900726.json', '/tmp/minio_downloads/1769900727.json', '/tmp/minio_downloads/1769900728.json', '/tmp/minio_downloads/1769900729.json', '/tmp/minio_downloads/1769900730.json', '/tmp/minio_downloads/1769900731.json', '/tmp/minio_downloads/1769900732.json', '/tmp/minio_downloads/1769900733.json', '/tmp/minio_downloads/1769900734.json', '/tmp/minio_downloads/1769900735.json', '/tmp/minio_downloads/1769900736.json', '/tmp/minio_downloads/1769900737.json', '/tmp/minio_downloads/1769900738.json', '/tmp/minio_downloads/1769900739.json', '/tmp/minio_downloads/1769900740.json', '/tmp/minio_downloads/1769900741.json', '/tmp/minio_downloads/1769900742.json', '/tmp/minio_downloads/1769900743.json', '/tmp/minio_downloads/1769900744.json', '/tmp/minio_downloads/1769900745.json', '/tmp/minio_downloads/1769900746.json', '/tmp/minio_downloads/1769900747.json', '/tmp/minio_downloads/1769900748.json', '/tmp/minio_downloads/1769900749.json', '/tmp/minio_downloads/1769900750.json', '/tmp/minio_downloads/1769900751.json', '/tmp/minio_downloads/1769900752.json', '/tmp/minio_downloads/1769900753.json', '/tmp/minio_downloads/1769900754.json', '/tmp/minio_downloads/1769900755.json', '/tmp/minio_downloads/1769900756.json', '/tmp/minio_downloads/1769900757.json', '/tmp/minio_downloads/1769900758.json', '/tmp/minio_downloads/1769900759.json', '/tmp/minio_downloads/1769900760.json', '/tmp/minio_downloads/1769900761.json', '/tmp/minio_downloads/1769900762.json', '/tmp/minio_downloads/1769900763.json', '/tmp/minio_downloads/1769900764.json', '/tmp/minio_downloads/1769900765.json', '/tmp/minio_downloads/1769900766.json']
[2026-02-03T19:28:09.676+0000] {taskinstance.py:441} INFO - ::group::Post task execution logs
[2026-02-03T19:28:09.695+0000] {taskinstance.py:1206} INFO - Marking task as SUCCESS. dag_id=minio_to_snowflake, task_id=download_minio, run_id=scheduled__2026-02-03T19:26:00+00:00, execution_date=20260203T192600, start_date=20260203T192806, end_date=20260203T192809
[2026-02-03T19:28:09.714+0000] {local_task_job_runner.py:243} INFO - Task exited with return code 0
[2026-02-03T19:28:09.730+0000] {taskinstance.py:3503} INFO - 1 downstream tasks scheduled from follow-on schedule check
[2026-02-03T19:28:09.732+0000] {local_task_job_runner.py:222} INFO - ::endgroup::
