[2026-02-03T20:39:09.093+0000] {local_task_job_runner.py:120} INFO - ::group::Pre task execution logs
[2026-02-03T20:39:09.113+0000] {taskinstance.py:2076} INFO - Dependencies all met for dep_context=non-requeueable deps ti=<TaskInstance: minio_to_snowflake.load_snowflake scheduled__2026-02-03T20:38:00+00:00 [queued]>
[2026-02-03T20:39:09.118+0000] {taskinstance.py:2076} INFO - Dependencies all met for dep_context=requeueable deps ti=<TaskInstance: minio_to_snowflake.load_snowflake scheduled__2026-02-03T20:38:00+00:00 [queued]>
[2026-02-03T20:39:09.118+0000] {taskinstance.py:2306} INFO - Starting attempt 1 of 2
[2026-02-03T20:39:09.128+0000] {taskinstance.py:2330} INFO - Executing <Task(PythonOperator): load_snowflake> on 2026-02-03 20:38:00+00:00
[2026-02-03T20:39:09.137+0000] {logging_mixin.py:188} WARNING - /home/***/.local/lib/python3.12/site-packages/***/task/task_runner/standard_task_runner.py:62 DeprecationWarning: This process (pid=4753) is multi-threaded, use of fork() may lead to deadlocks in the child.
[2026-02-03T20:39:09.134+0000] {standard_task_runner.py:90} INFO - Running: ['***', 'tasks', 'run', 'minio_to_snowflake', 'load_snowflake', 'scheduled__2026-02-03T20:38:00+00:00', '--job-id', '282', '--raw', '--subdir', 'DAGS_FOLDER/minio_to_snowflake.py', '--cfg-path', '/tmp/tmpedxu_qc5']
[2026-02-03T20:39:09.138+0000] {standard_task_runner.py:64} INFO - Started process 4777 to run task
[2026-02-03T20:39:09.138+0000] {standard_task_runner.py:91} INFO - Job 282: Subtask load_snowflake
[2026-02-03T20:39:09.205+0000] {task_command.py:426} INFO - Running <TaskInstance: minio_to_snowflake.load_snowflake scheduled__2026-02-03T20:38:00+00:00 [running]> on host e6e1c513bfd4
[2026-02-03T20:39:09.273+0000] {taskinstance.py:2648} INFO - Exporting env vars: AIRFLOW_CTX_DAG_OWNER='***' AIRFLOW_CTX_DAG_ID='minio_to_snowflake' AIRFLOW_CTX_TASK_ID='load_snowflake' AIRFLOW_CTX_EXECUTION_DATE='2026-02-03T20:38:00+00:00' AIRFLOW_CTX_TRY_NUMBER='1' AIRFLOW_CTX_DAG_RUN_ID='scheduled__2026-02-03T20:38:00+00:00'
[2026-02-03T20:39:09.274+0000] {taskinstance.py:430} INFO - ::endgroup::
[2026-02-03T20:39:09.296+0000] {connection.py:408} INFO - Snowflake Connector for Python Version: 3.11.0, Python Version: 3.12.4, Platform: Linux-6.6.87.2-microsoft-standard-WSL2-x86_64-with-glibc2.36
[2026-02-03T20:39:09.297+0000] {connection.py:1258} INFO - This connection is in OCSP Fail Open Mode. TLS Certificates would be checked for validity and revocation status. Any other Certificate Revocation related exceptions or OCSP Responder failures would be disregarded in favor of connectivity.
[2026-02-03T20:39:10.668+0000] {taskinstance.py:441} INFO - ::group::Post task execution logs
[2026-02-03T20:39:10.669+0000] {taskinstance.py:2905} ERROR - Task failed with exception
Traceback (most recent call last):
  File "/home/airflow/.local/lib/python3.12/site-packages/airflow/models/taskinstance.py", line 465, in _execute_task
    result = _execute_callable(context=context, **execute_callable_kwargs)
             ^^^^^^^^^^^^^^^^^^^^^^^^^^^^^^^^^^^^^^^^^^^^^^^^^^^^^^^^^^^^^
  File "/home/airflow/.local/lib/python3.12/site-packages/airflow/models/taskinstance.py", line 432, in _execute_callable
    return execute_callable(context=context, **execute_callable_kwargs)
           ^^^^^^^^^^^^^^^^^^^^^^^^^^^^^^^^^^^^^^^^^^^^^^^^^^^^^^^^^^^^
  File "/home/airflow/.local/lib/python3.12/site-packages/airflow/models/baseoperator.py", line 401, in wrapper
    return func(self, *args, **kwargs)
           ^^^^^^^^^^^^^^^^^^^^^^^^^^^
  File "/home/airflow/.local/lib/python3.12/site-packages/airflow/operators/python.py", line 235, in execute
    return_value = self.execute_callable()
                   ^^^^^^^^^^^^^^^^^^^^^^^
  File "/home/airflow/.local/lib/python3.12/site-packages/airflow/operators/python.py", line 252, in execute_callable
    return self.python_callable(*self.op_args, **self.op_kwargs)
           ^^^^^^^^^^^^^^^^^^^^^^^^^^^^^^^^^^^^^^^^^^^^^^^^^^^^^
  File "/opt/airflow/dags/minio_to_snowflake.py", line 61, in load_to_snowflake
    cur.execute(f"PUT file://{f} @%bronze_stocks_quotes_raw")
  File "/home/airflow/.local/lib/python3.12/site-packages/snowflake/connector/cursor.py", line 1080, in execute
    Error.errorhandler_wrapper(self.connection, self, error_class, errvalue)
  File "/home/airflow/.local/lib/python3.12/site-packages/snowflake/connector/errors.py", line 290, in errorhandler_wrapper
    handed_over = Error.hand_to_other_handler(
                  ^^^^^^^^^^^^^^^^^^^^^^^^^^^^
  File "/home/airflow/.local/lib/python3.12/site-packages/snowflake/connector/errors.py", line 345, in hand_to_other_handler
    cursor.errorhandler(connection, cursor, error_class, error_value)
  File "/home/airflow/.local/lib/python3.12/site-packages/snowflake/connector/errors.py", line 221, in default_errorhandler
    raise error_class(
snowflake.connector.errors.ProgrammingError: 002003 (02000): 01c22c37-3203-b632-0007-209a00032cca: SQL compilation error:
Stage 'STOCKS_MDS.COMMON."%BRONZE_STOCKS_QUOTES_RAW"' does not exist or not authorized.
[2026-02-03T20:39:10.679+0000] {taskinstance.py:1206} INFO - Marking task as UP_FOR_RETRY. dag_id=minio_to_snowflake, task_id=load_snowflake, run_id=scheduled__2026-02-03T20:38:00+00:00, execution_date=20260203T203800, start_date=20260203T203909, end_date=20260203T203910
[2026-02-03T20:39:10.689+0000] {standard_task_runner.py:110} ERROR - Failed to execute job 282 for task load_snowflake (002003 (02000): 01c22c37-3203-b632-0007-209a00032cca: SQL compilation error:
Stage 'STOCKS_MDS.COMMON."%BRONZE_STOCKS_QUOTES_RAW"' does not exist or not authorized.; 4777)
[2026-02-03T20:39:10.718+0000] {local_task_job_runner.py:243} INFO - Task exited with return code 1
[2026-02-03T20:39:10.733+0000] {taskinstance.py:3503} INFO - 0 downstream tasks scheduled from follow-on schedule check
[2026-02-03T20:39:10.735+0000] {local_task_job_runner.py:222} INFO - ::endgroup::
