[2026-02-03T17:38:02.615+0000] {local_task_job_runner.py:120} INFO - ::group::Pre task execution logs
[2026-02-03T17:38:02.639+0000] {taskinstance.py:2076} INFO - Dependencies all met for dep_context=non-requeueable deps ti=<TaskInstance: minio_to_snowflake.download_minio scheduled__2026-02-03T17:37:00+00:00 [queued]>
[2026-02-03T17:38:02.645+0000] {taskinstance.py:2076} INFO - Dependencies all met for dep_context=requeueable deps ti=<TaskInstance: minio_to_snowflake.download_minio scheduled__2026-02-03T17:37:00+00:00 [queued]>
[2026-02-03T17:38:02.645+0000] {taskinstance.py:2306} INFO - Starting attempt 1 of 2
[2026-02-03T17:38:02.656+0000] {taskinstance.py:2330} INFO - Executing <Task(PythonOperator): download_minio> on 2026-02-03 17:37:00+00:00
[2026-02-03T17:38:02.663+0000] {standard_task_runner.py:90} INFO - Running: ['***', 'tasks', 'run', 'minio_to_snowflake', 'download_minio', 'scheduled__2026-02-03T17:37:00+00:00', '--job-id', '81', '--raw', '--subdir', 'DAGS_FOLDER/minio_to_snowflake.py', '--cfg-path', '/tmp/tmpp3vlkglq']
[2026-02-03T17:38:02.665+0000] {logging_mixin.py:188} WARNING - /home/***/.local/lib/python3.12/site-packages/***/task/task_runner/standard_task_runner.py:62 DeprecationWarning: This process (pid=27168) is multi-threaded, use of fork() may lead to deadlocks in the child.
[2026-02-03T17:38:02.666+0000] {standard_task_runner.py:91} INFO - Job 81: Subtask download_minio
[2026-02-03T17:38:02.666+0000] {standard_task_runner.py:64} INFO - Started process 27192 to run task
[2026-02-03T17:38:02.731+0000] {task_command.py:426} INFO - Running <TaskInstance: minio_to_snowflake.download_minio scheduled__2026-02-03T17:37:00+00:00 [running]> on host e6e1c513bfd4
[2026-02-03T17:38:02.802+0000] {taskinstance.py:2648} INFO - Exporting env vars: AIRFLOW_CTX_DAG_OWNER='***' AIRFLOW_CTX_DAG_ID='minio_to_snowflake' AIRFLOW_CTX_TASK_ID='download_minio' AIRFLOW_CTX_EXECUTION_DATE='2026-02-03T17:37:00+00:00' AIRFLOW_CTX_TRY_NUMBER='1' AIRFLOW_CTX_DAG_RUN_ID='scheduled__2026-02-03T17:37:00+00:00'
[2026-02-03T17:38:02.803+0000] {taskinstance.py:430} INFO - ::endgroup::
[2026-02-03T17:38:03.132+0000] {logging_mixin.py:188} INFO - Downloaded AAPL/1769900678.json -> /tmp/minio_downloads/1769900678.json
[2026-02-03T17:38:03.138+0000] {logging_mixin.py:188} INFO - Downloaded AAPL/1769900679.json -> /tmp/minio_downloads/1769900679.json
[2026-02-03T17:38:03.144+0000] {logging_mixin.py:188} INFO - Downloaded AAPL/1769900680.json -> /tmp/minio_downloads/1769900680.json
[2026-02-03T17:38:03.149+0000] {logging_mixin.py:188} INFO - Downloaded AAPL/1769900681.json -> /tmp/minio_downloads/1769900681.json
[2026-02-03T17:38:03.154+0000] {logging_mixin.py:188} INFO - Downloaded AAPL/1769900682.json -> /tmp/minio_downloads/1769900682.json
[2026-02-03T17:38:03.159+0000] {logging_mixin.py:188} INFO - Downloaded AAPL/1769900683.json -> /tmp/minio_downloads/1769900683.json
[2026-02-03T17:38:03.165+0000] {logging_mixin.py:188} INFO - Downloaded AAPL/1769900684.json -> /tmp/minio_downloads/1769900684.json
[2026-02-03T17:38:03.170+0000] {logging_mixin.py:188} INFO - Downloaded AAPL/1769900685.json -> /tmp/minio_downloads/1769900685.json
[2026-02-03T17:38:03.176+0000] {logging_mixin.py:188} INFO - Downloaded AAPL/1769900686.json -> /tmp/minio_downloads/1769900686.json
[2026-02-03T17:38:03.181+0000] {logging_mixin.py:188} INFO - Downloaded AAPL/1769900687.json -> /tmp/minio_downloads/1769900687.json
[2026-02-03T17:38:03.187+0000] {logging_mixin.py:188} INFO - Downloaded AAPL/1769900688.json -> /tmp/minio_downloads/1769900688.json
[2026-02-03T17:38:03.194+0000] {logging_mixin.py:188} INFO - Downloaded AAPL/1769900689.json -> /tmp/minio_downloads/1769900689.json
[2026-02-03T17:38:03.199+0000] {logging_mixin.py:188} INFO - Downloaded AAPL/1769900690.json -> /tmp/minio_downloads/1769900690.json
[2026-02-03T17:38:03.205+0000] {logging_mixin.py:188} INFO - Downloaded AAPL/1769900691.json -> /tmp/minio_downloads/1769900691.json
[2026-02-03T17:38:03.211+0000] {logging_mixin.py:188} INFO - Downloaded AAPL/1769900692.json -> /tmp/minio_downloads/1769900692.json
[2026-02-03T17:38:03.217+0000] {logging_mixin.py:188} INFO - Downloaded AAPL/1769900693.json -> /tmp/minio_downloads/1769900693.json
[2026-02-03T17:38:03.223+0000] {logging_mixin.py:188} INFO - Downloaded AAPL/1769900694.json -> /tmp/minio_downloads/1769900694.json
[2026-02-03T17:38:03.228+0000] {logging_mixin.py:188} INFO - Downloaded AAPL/1769900695.json -> /tmp/minio_downloads/1769900695.json
[2026-02-03T17:38:03.233+0000] {logging_mixin.py:188} INFO - Downloaded AAPL/1769900696.json -> /tmp/minio_downloads/1769900696.json
[2026-02-03T17:38:03.238+0000] {logging_mixin.py:188} INFO - Downloaded AAPL/1769900697.json -> /tmp/minio_downloads/1769900697.json
[2026-02-03T17:38:03.244+0000] {logging_mixin.py:188} INFO - Downloaded AAPL/1769900698.json -> /tmp/minio_downloads/1769900698.json
[2026-02-03T17:38:03.249+0000] {logging_mixin.py:188} INFO - Downloaded AAPL/1769900699.json -> /tmp/minio_downloads/1769900699.json
[2026-02-03T17:38:03.254+0000] {logging_mixin.py:188} INFO - Downloaded AAPL/1769900700.json -> /tmp/minio_downloads/1769900700.json
[2026-02-03T17:38:03.259+0000] {logging_mixin.py:188} INFO - Downloaded AAPL/1769900701.json -> /tmp/minio_downloads/1769900701.json
[2026-02-03T17:38:03.265+0000] {logging_mixin.py:188} INFO - Downloaded AAPL/1769900702.json -> /tmp/minio_downloads/1769900702.json
[2026-02-03T17:38:03.270+0000] {logging_mixin.py:188} INFO - Downloaded AAPL/1769900703.json -> /tmp/minio_downloads/1769900703.json
[2026-02-03T17:38:03.275+0000] {logging_mixin.py:188} INFO - Downloaded AAPL/1769900704.json -> /tmp/minio_downloads/1769900704.json
[2026-02-03T17:38:03.280+0000] {logging_mixin.py:188} INFO - Downloaded AAPL/1769900705.json -> /tmp/minio_downloads/1769900705.json
[2026-02-03T17:38:03.286+0000] {logging_mixin.py:188} INFO - Downloaded AAPL/1769900706.json -> /tmp/minio_downloads/1769900706.json
[2026-02-03T17:38:03.290+0000] {logging_mixin.py:188} INFO - Downloaded AAPL/1769900707.json -> /tmp/minio_downloads/1769900707.json
[2026-02-03T17:38:03.296+0000] {logging_mixin.py:188} INFO - Downloaded AAPL/1769900708.json -> /tmp/minio_downloads/1769900708.json
[2026-02-03T17:38:03.301+0000] {logging_mixin.py:188} INFO - Downloaded AAPL/1769900709.json -> /tmp/minio_downloads/1769900709.json
[2026-02-03T17:38:03.306+0000] {logging_mixin.py:188} INFO - Downloaded AAPL/1769900710.json -> /tmp/minio_downloads/1769900710.json
[2026-02-03T17:38:03.311+0000] {logging_mixin.py:188} INFO - Downloaded AAPL/1769900711.json -> /tmp/minio_downloads/1769900711.json
[2026-02-03T17:38:03.317+0000] {logging_mixin.py:188} INFO - Downloaded AAPL/1769900712.json -> /tmp/minio_downloads/1769900712.json
[2026-02-03T17:38:03.321+0000] {logging_mixin.py:188} INFO - Downloaded AAPL/1769900713.json -> /tmp/minio_downloads/1769900713.json
[2026-02-03T17:38:03.326+0000] {logging_mixin.py:188} INFO - Downloaded AAPL/1769900714.json -> /tmp/minio_downloads/1769900714.json
[2026-02-03T17:38:03.331+0000] {logging_mixin.py:188} INFO - Downloaded AAPL/1769900715.json -> /tmp/minio_downloads/1769900715.json
[2026-02-03T17:38:03.336+0000] {logging_mixin.py:188} INFO - Downloaded AAPL/1769900716.json -> /tmp/minio_downloads/1769900716.json
[2026-02-03T17:38:03.341+0000] {logging_mixin.py:188} INFO - Downloaded AAPL/1769900717.json -> /tmp/minio_downloads/1769900717.json
[2026-02-03T17:38:03.346+0000] {logging_mixin.py:188} INFO - Downloaded AAPL/1769900718.json -> /tmp/minio_downloads/1769900718.json
[2026-02-03T17:38:03.351+0000] {logging_mixin.py:188} INFO - Downloaded AAPL/1769900719.json -> /tmp/minio_downloads/1769900719.json
[2026-02-03T17:38:03.357+0000] {logging_mixin.py:188} INFO - Downloaded AAPL/1769900720.json -> /tmp/minio_downloads/1769900720.json
[2026-02-03T17:38:03.362+0000] {logging_mixin.py:188} INFO - Downloaded AAPL/1769900721.json -> /tmp/minio_downloads/1769900721.json
[2026-02-03T17:38:03.367+0000] {logging_mixin.py:188} INFO - Downloaded AAPL/1769900722.json -> /tmp/minio_downloads/1769900722.json
[2026-02-03T17:38:03.373+0000] {logging_mixin.py:188} INFO - Downloaded AAPL/1769900723.json -> /tmp/minio_downloads/1769900723.json
[2026-02-03T17:38:03.378+0000] {logging_mixin.py:188} INFO - Downloaded AAPL/1769900724.json -> /tmp/minio_downloads/1769900724.json
[2026-02-03T17:38:03.384+0000] {logging_mixin.py:188} INFO - Downloaded AAPL/1769900725.json -> /tmp/minio_downloads/1769900725.json
[2026-02-03T17:38:03.391+0000] {logging_mixin.py:188} INFO - Downloaded AAPL/1769900726.json -> /tmp/minio_downloads/1769900726.json
[2026-02-03T17:38:03.401+0000] {logging_mixin.py:188} INFO - Downloaded AAPL/1769900727.json -> /tmp/minio_downloads/1769900727.json
[2026-02-03T17:38:03.411+0000] {logging_mixin.py:188} INFO - Downloaded AAPL/1769900728.json -> /tmp/minio_downloads/1769900728.json
[2026-02-03T17:38:03.418+0000] {logging_mixin.py:188} INFO - Downloaded AAPL/1769900729.json -> /tmp/minio_downloads/1769900729.json
[2026-02-03T17:38:03.424+0000] {logging_mixin.py:188} INFO - Downloaded AAPL/1769900730.json -> /tmp/minio_downloads/1769900730.json
[2026-02-03T17:38:03.430+0000] {logging_mixin.py:188} INFO - Downloaded AAPL/1769900731.json -> /tmp/minio_downloads/1769900731.json
[2026-02-03T17:38:03.436+0000] {logging_mixin.py:188} INFO - Downloaded AAPL/1769900732.json -> /tmp/minio_downloads/1769900732.json
[2026-02-03T17:38:03.441+0000] {logging_mixin.py:188} INFO - Downloaded AAPL/1769900733.json -> /tmp/minio_downloads/1769900733.json
[2026-02-03T17:38:03.447+0000] {logging_mixin.py:188} INFO - Downloaded AAPL/1769900734.json -> /tmp/minio_downloads/1769900734.json
[2026-02-03T17:38:03.452+0000] {logging_mixin.py:188} INFO - Downloaded AAPL/1769900735.json -> /tmp/minio_downloads/1769900735.json
[2026-02-03T17:38:03.457+0000] {logging_mixin.py:188} INFO - Downloaded AAPL/1769900736.json -> /tmp/minio_downloads/1769900736.json
[2026-02-03T17:38:03.462+0000] {logging_mixin.py:188} INFO - Downloaded AAPL/1769900737.json -> /tmp/minio_downloads/1769900737.json
[2026-02-03T17:38:03.468+0000] {logging_mixin.py:188} INFO - Downloaded AAPL/1769900738.json -> /tmp/minio_downloads/1769900738.json
[2026-02-03T17:38:03.474+0000] {logging_mixin.py:188} INFO - Downloaded AAPL/1769900739.json -> /tmp/minio_downloads/1769900739.json
[2026-02-03T17:38:03.479+0000] {logging_mixin.py:188} INFO - Downloaded AAPL/1769900740.json -> /tmp/minio_downloads/1769900740.json
[2026-02-03T17:38:03.484+0000] {logging_mixin.py:188} INFO - Downloaded AAPL/1769900741.json -> /tmp/minio_downloads/1769900741.json
[2026-02-03T17:38:03.490+0000] {logging_mixin.py:188} INFO - Downloaded AAPL/1769900742.json -> /tmp/minio_downloads/1769900742.json
[2026-02-03T17:38:03.495+0000] {logging_mixin.py:188} INFO - Downloaded AAPL/1769900743.json -> /tmp/minio_downloads/1769900743.json
[2026-02-03T17:38:03.501+0000] {logging_mixin.py:188} INFO - Downloaded AAPL/1769900744.json -> /tmp/minio_downloads/1769900744.json
[2026-02-03T17:38:03.506+0000] {logging_mixin.py:188} INFO - Downloaded AAPL/1769900745.json -> /tmp/minio_downloads/1769900745.json
[2026-02-03T17:38:03.512+0000] {logging_mixin.py:188} INFO - Downloaded AAPL/1769900746.json -> /tmp/minio_downloads/1769900746.json
[2026-02-03T17:38:03.517+0000] {logging_mixin.py:188} INFO - Downloaded AAPL/1769900747.json -> /tmp/minio_downloads/1769900747.json
[2026-02-03T17:38:03.523+0000] {logging_mixin.py:188} INFO - Downloaded AAPL/1769900748.json -> /tmp/minio_downloads/1769900748.json
[2026-02-03T17:38:03.529+0000] {logging_mixin.py:188} INFO - Downloaded AAPL/1769900749.json -> /tmp/minio_downloads/1769900749.json
[2026-02-03T17:38:03.535+0000] {logging_mixin.py:188} INFO - Downloaded AAPL/1769900750.json -> /tmp/minio_downloads/1769900750.json
[2026-02-03T17:38:03.541+0000] {logging_mixin.py:188} INFO - Downloaded AAPL/1769900751.json -> /tmp/minio_downloads/1769900751.json
[2026-02-03T17:38:03.548+0000] {logging_mixin.py:188} INFO - Downloaded AAPL/1769900752.json -> /tmp/minio_downloads/1769900752.json
[2026-02-03T17:38:03.553+0000] {logging_mixin.py:188} INFO - Downloaded AAPL/1769900753.json -> /tmp/minio_downloads/1769900753.json
[2026-02-03T17:38:03.559+0000] {logging_mixin.py:188} INFO - Downloaded AAPL/1769900754.json -> /tmp/minio_downloads/1769900754.json
[2026-02-03T17:38:03.564+0000] {logging_mixin.py:188} INFO - Downloaded AAPL/1769900755.json -> /tmp/minio_downloads/1769900755.json
[2026-02-03T17:38:03.569+0000] {logging_mixin.py:188} INFO - Downloaded AAPL/1769900756.json -> /tmp/minio_downloads/1769900756.json
[2026-02-03T17:38:03.574+0000] {logging_mixin.py:188} INFO - Downloaded AAPL/1769900757.json -> /tmp/minio_downloads/1769900757.json
[2026-02-03T17:38:03.579+0000] {logging_mixin.py:188} INFO - Downloaded AAPL/1769900758.json -> /tmp/minio_downloads/1769900758.json
[2026-02-03T17:38:03.585+0000] {logging_mixin.py:188} INFO - Downloaded AAPL/1769900759.json -> /tmp/minio_downloads/1769900759.json
[2026-02-03T17:38:03.590+0000] {logging_mixin.py:188} INFO - Downloaded AAPL/1769900760.json -> /tmp/minio_downloads/1769900760.json
[2026-02-03T17:38:03.595+0000] {logging_mixin.py:188} INFO - Downloaded AAPL/1769900761.json -> /tmp/minio_downloads/1769900761.json
[2026-02-03T17:38:03.601+0000] {logging_mixin.py:188} INFO - Downloaded AAPL/1769900762.json -> /tmp/minio_downloads/1769900762.json
[2026-02-03T17:38:03.607+0000] {logging_mixin.py:188} INFO - Downloaded AAPL/1769900763.json -> /tmp/minio_downloads/1769900763.json
[2026-02-03T17:38:03.613+0000] {logging_mixin.py:188} INFO - Downloaded AAPL/1769900764.json -> /tmp/minio_downloads/1769900764.json
[2026-02-03T17:38:03.618+0000] {logging_mixin.py:188} INFO - Downloaded AAPL/1769900765.json -> /tmp/minio_downloads/1769900765.json
[2026-02-03T17:38:03.624+0000] {logging_mixin.py:188} INFO - Downloaded AAPL/1769900766.json -> /tmp/minio_downloads/1769900766.json
[2026-02-03T17:38:03.629+0000] {logging_mixin.py:188} INFO - Downloaded AMZN/1769900678.json -> /tmp/minio_downloads/1769900678.json
[2026-02-03T17:38:03.634+0000] {logging_mixin.py:188} INFO - Downloaded AMZN/1769900679.json -> /tmp/minio_downloads/1769900679.json
[2026-02-03T17:38:03.639+0000] {logging_mixin.py:188} INFO - Downloaded AMZN/1769900680.json -> /tmp/minio_downloads/1769900680.json
[2026-02-03T17:38:03.644+0000] {logging_mixin.py:188} INFO - Downloaded AMZN/1769900681.json -> /tmp/minio_downloads/1769900681.json
[2026-02-03T17:38:03.649+0000] {logging_mixin.py:188} INFO - Downloaded AMZN/1769900682.json -> /tmp/minio_downloads/1769900682.json
[2026-02-03T17:38:03.654+0000] {logging_mixin.py:188} INFO - Downloaded AMZN/1769900683.json -> /tmp/minio_downloads/1769900683.json
[2026-02-03T17:38:03.659+0000] {logging_mixin.py:188} INFO - Downloaded AMZN/1769900684.json -> /tmp/minio_downloads/1769900684.json
[2026-02-03T17:38:03.664+0000] {logging_mixin.py:188} INFO - Downloaded AMZN/1769900685.json -> /tmp/minio_downloads/1769900685.json
[2026-02-03T17:38:03.669+0000] {logging_mixin.py:188} INFO - Downloaded AMZN/1769900686.json -> /tmp/minio_downloads/1769900686.json
[2026-02-03T17:38:03.674+0000] {logging_mixin.py:188} INFO - Downloaded AMZN/1769900687.json -> /tmp/minio_downloads/1769900687.json
[2026-02-03T17:38:03.679+0000] {logging_mixin.py:188} INFO - Downloaded AMZN/1769900688.json -> /tmp/minio_downloads/1769900688.json
[2026-02-03T17:38:03.683+0000] {logging_mixin.py:188} INFO - Downloaded AMZN/1769900689.json -> /tmp/minio_downloads/1769900689.json
[2026-02-03T17:38:03.688+0000] {logging_mixin.py:188} INFO - Downloaded AMZN/1769900690.json -> /tmp/minio_downloads/1769900690.json
[2026-02-03T17:38:03.693+0000] {logging_mixin.py:188} INFO - Downloaded AMZN/1769900691.json -> /tmp/minio_downloads/1769900691.json
[2026-02-03T17:38:03.697+0000] {logging_mixin.py:188} INFO - Downloaded AMZN/1769900692.json -> /tmp/minio_downloads/1769900692.json
[2026-02-03T17:38:03.702+0000] {logging_mixin.py:188} INFO - Downloaded AMZN/1769900693.json -> /tmp/minio_downloads/1769900693.json
[2026-02-03T17:38:03.707+0000] {logging_mixin.py:188} INFO - Downloaded AMZN/1769900694.json -> /tmp/minio_downloads/1769900694.json
[2026-02-03T17:38:03.713+0000] {logging_mixin.py:188} INFO - Downloaded AMZN/1769900695.json -> /tmp/minio_downloads/1769900695.json
[2026-02-03T17:38:03.718+0000] {logging_mixin.py:188} INFO - Downloaded AMZN/1769900696.json -> /tmp/minio_downloads/1769900696.json
[2026-02-03T17:38:03.723+0000] {logging_mixin.py:188} INFO - Downloaded AMZN/1769900697.json -> /tmp/minio_downloads/1769900697.json
[2026-02-03T17:38:03.729+0000] {logging_mixin.py:188} INFO - Downloaded AMZN/1769900698.json -> /tmp/minio_downloads/1769900698.json
[2026-02-03T17:38:03.734+0000] {logging_mixin.py:188} INFO - Downloaded AMZN/1769900699.json -> /tmp/minio_downloads/1769900699.json
[2026-02-03T17:38:03.739+0000] {logging_mixin.py:188} INFO - Downloaded AMZN/1769900700.json -> /tmp/minio_downloads/1769900700.json
[2026-02-03T17:38:03.743+0000] {logging_mixin.py:188} INFO - Downloaded AMZN/1769900701.json -> /tmp/minio_downloads/1769900701.json
[2026-02-03T17:38:03.748+0000] {logging_mixin.py:188} INFO - Downloaded AMZN/1769900702.json -> /tmp/minio_downloads/1769900702.json
[2026-02-03T17:38:03.753+0000] {logging_mixin.py:188} INFO - Downloaded AMZN/1769900703.json -> /tmp/minio_downloads/1769900703.json
[2026-02-03T17:38:03.758+0000] {logging_mixin.py:188} INFO - Downloaded AMZN/1769900704.json -> /tmp/minio_downloads/1769900704.json
[2026-02-03T17:38:03.763+0000] {logging_mixin.py:188} INFO - Downloaded AMZN/1769900705.json -> /tmp/minio_downloads/1769900705.json
[2026-02-03T17:38:03.769+0000] {logging_mixin.py:188} INFO - Downloaded AMZN/1769900706.json -> /tmp/minio_downloads/1769900706.json
[2026-02-03T17:38:03.775+0000] {logging_mixin.py:188} INFO - Downloaded AMZN/1769900707.json -> /tmp/minio_downloads/1769900707.json
[2026-02-03T17:38:03.780+0000] {logging_mixin.py:188} INFO - Downloaded AMZN/1769900708.json -> /tmp/minio_downloads/1769900708.json
[2026-02-03T17:38:03.786+0000] {logging_mixin.py:188} INFO - Downloaded AMZN/1769900709.json -> /tmp/minio_downloads/1769900709.json
[2026-02-03T17:38:03.793+0000] {logging_mixin.py:188} INFO - Downloaded AMZN/1769900710.json -> /tmp/minio_downloads/1769900710.json
[2026-02-03T17:38:03.800+0000] {logging_mixin.py:188} INFO - Downloaded AMZN/1769900711.json -> /tmp/minio_downloads/1769900711.json
[2026-02-03T17:38:03.805+0000] {logging_mixin.py:188} INFO - Downloaded AMZN/1769900712.json -> /tmp/minio_downloads/1769900712.json
[2026-02-03T17:38:03.811+0000] {logging_mixin.py:188} INFO - Downloaded AMZN/1769900713.json -> /tmp/minio_downloads/1769900713.json
[2026-02-03T17:38:03.816+0000] {logging_mixin.py:188} INFO - Downloaded AMZN/1769900714.json -> /tmp/minio_downloads/1769900714.json
[2026-02-03T17:38:03.821+0000] {logging_mixin.py:188} INFO - Downloaded AMZN/1769900715.json -> /tmp/minio_downloads/1769900715.json
[2026-02-03T17:38:03.827+0000] {logging_mixin.py:188} INFO - Downloaded AMZN/1769900716.json -> /tmp/minio_downloads/1769900716.json
[2026-02-03T17:38:03.834+0000] {logging_mixin.py:188} INFO - Downloaded AMZN/1769900717.json -> /tmp/minio_downloads/1769900717.json
[2026-02-03T17:38:03.840+0000] {logging_mixin.py:188} INFO - Downloaded AMZN/1769900718.json -> /tmp/minio_downloads/1769900718.json
[2026-02-03T17:38:03.845+0000] {logging_mixin.py:188} INFO - Downloaded AMZN/1769900719.json -> /tmp/minio_downloads/1769900719.json
[2026-02-03T17:38:03.850+0000] {logging_mixin.py:188} INFO - Downloaded AMZN/1769900720.json -> /tmp/minio_downloads/1769900720.json
[2026-02-03T17:38:03.855+0000] {logging_mixin.py:188} INFO - Downloaded AMZN/1769900721.json -> /tmp/minio_downloads/1769900721.json
[2026-02-03T17:38:03.859+0000] {logging_mixin.py:188} INFO - Downloaded AMZN/1769900722.json -> /tmp/minio_downloads/1769900722.json
[2026-02-03T17:38:03.864+0000] {logging_mixin.py:188} INFO - Downloaded AMZN/1769900723.json -> /tmp/minio_downloads/1769900723.json
[2026-02-03T17:38:03.869+0000] {logging_mixin.py:188} INFO - Downloaded AMZN/1769900724.json -> /tmp/minio_downloads/1769900724.json
[2026-02-03T17:38:03.874+0000] {logging_mixin.py:188} INFO - Downloaded AMZN/1769900725.json -> /tmp/minio_downloads/1769900725.json
[2026-02-03T17:38:03.880+0000] {logging_mixin.py:188} INFO - Downloaded AMZN/1769900726.json -> /tmp/minio_downloads/1769900726.json
[2026-02-03T17:38:03.884+0000] {logging_mixin.py:188} INFO - Downloaded AMZN/1769900727.json -> /tmp/minio_downloads/1769900727.json
[2026-02-03T17:38:03.889+0000] {logging_mixin.py:188} INFO - Downloaded AMZN/1769900728.json -> /tmp/minio_downloads/1769900728.json
[2026-02-03T17:38:03.894+0000] {logging_mixin.py:188} INFO - Downloaded AMZN/1769900729.json -> /tmp/minio_downloads/1769900729.json
[2026-02-03T17:38:03.899+0000] {logging_mixin.py:188} INFO - Downloaded AMZN/1769900730.json -> /tmp/minio_downloads/1769900730.json
[2026-02-03T17:38:03.903+0000] {logging_mixin.py:188} INFO - Downloaded AMZN/1769900731.json -> /tmp/minio_downloads/1769900731.json
[2026-02-03T17:38:03.908+0000] {logging_mixin.py:188} INFO - Downloaded AMZN/1769900732.json -> /tmp/minio_downloads/1769900732.json
[2026-02-03T17:38:03.912+0000] {logging_mixin.py:188} INFO - Downloaded AMZN/1769900733.json -> /tmp/minio_downloads/1769900733.json
[2026-02-03T17:38:03.917+0000] {logging_mixin.py:188} INFO - Downloaded AMZN/1769900734.json -> /tmp/minio_downloads/1769900734.json
[2026-02-03T17:38:03.922+0000] {logging_mixin.py:188} INFO - Downloaded AMZN/1769900735.json -> /tmp/minio_downloads/1769900735.json
[2026-02-03T17:38:03.927+0000] {logging_mixin.py:188} INFO - Downloaded AMZN/1769900736.json -> /tmp/minio_downloads/1769900736.json
[2026-02-03T17:38:03.932+0000] {logging_mixin.py:188} INFO - Downloaded AMZN/1769900737.json -> /tmp/minio_downloads/1769900737.json
[2026-02-03T17:38:03.937+0000] {logging_mixin.py:188} INFO - Downloaded AMZN/1769900738.json -> /tmp/minio_downloads/1769900738.json
[2026-02-03T17:38:03.942+0000] {logging_mixin.py:188} INFO - Downloaded AMZN/1769900739.json -> /tmp/minio_downloads/1769900739.json
[2026-02-03T17:38:03.946+0000] {logging_mixin.py:188} INFO - Downloaded AMZN/1769900740.json -> /tmp/minio_downloads/1769900740.json
[2026-02-03T17:38:03.951+0000] {logging_mixin.py:188} INFO - Downloaded AMZN/1769900741.json -> /tmp/minio_downloads/1769900741.json
[2026-02-03T17:38:03.957+0000] {logging_mixin.py:188} INFO - Downloaded AMZN/1769900742.json -> /tmp/minio_downloads/1769900742.json
[2026-02-03T17:38:03.962+0000] {logging_mixin.py:188} INFO - Downloaded AMZN/1769900743.json -> /tmp/minio_downloads/1769900743.json
[2026-02-03T17:38:03.967+0000] {logging_mixin.py:188} INFO - Downloaded AMZN/1769900744.json -> /tmp/minio_downloads/1769900744.json
[2026-02-03T17:38:03.973+0000] {logging_mixin.py:188} INFO - Downloaded AMZN/1769900745.json -> /tmp/minio_downloads/1769900745.json
[2026-02-03T17:38:03.977+0000] {logging_mixin.py:188} INFO - Downloaded AMZN/1769900746.json -> /tmp/minio_downloads/1769900746.json
[2026-02-03T17:38:03.982+0000] {logging_mixin.py:188} INFO - Downloaded AMZN/1769900747.json -> /tmp/minio_downloads/1769900747.json
[2026-02-03T17:38:03.987+0000] {logging_mixin.py:188} INFO - Downloaded AMZN/1769900748.json -> /tmp/minio_downloads/1769900748.json
[2026-02-03T17:38:03.991+0000] {logging_mixin.py:188} INFO - Downloaded AMZN/1769900749.json -> /tmp/minio_downloads/1769900749.json
[2026-02-03T17:38:03.996+0000] {logging_mixin.py:188} INFO - Downloaded AMZN/1769900750.json -> /tmp/minio_downloads/1769900750.json
[2026-02-03T17:38:04.001+0000] {logging_mixin.py:188} INFO - Downloaded AMZN/1769900751.json -> /tmp/minio_downloads/1769900751.json
[2026-02-03T17:38:04.006+0000] {logging_mixin.py:188} INFO - Downloaded AMZN/1769900752.json -> /tmp/minio_downloads/1769900752.json
[2026-02-03T17:38:04.011+0000] {logging_mixin.py:188} INFO - Downloaded AMZN/1769900753.json -> /tmp/minio_downloads/1769900753.json
[2026-02-03T17:38:04.015+0000] {logging_mixin.py:188} INFO - Downloaded AMZN/1769900754.json -> /tmp/minio_downloads/1769900754.json
[2026-02-03T17:38:04.020+0000] {logging_mixin.py:188} INFO - Downloaded AMZN/1769900755.json -> /tmp/minio_downloads/1769900755.json
[2026-02-03T17:38:04.025+0000] {logging_mixin.py:188} INFO - Downloaded AMZN/1769900756.json -> /tmp/minio_downloads/1769900756.json
[2026-02-03T17:38:04.029+0000] {logging_mixin.py:188} INFO - Downloaded AMZN/1769900757.json -> /tmp/minio_downloads/1769900757.json
[2026-02-03T17:38:04.034+0000] {logging_mixin.py:188} INFO - Downloaded AMZN/1769900758.json -> /tmp/minio_downloads/1769900758.json
[2026-02-03T17:38:04.039+0000] {logging_mixin.py:188} INFO - Downloaded AMZN/1769900759.json -> /tmp/minio_downloads/1769900759.json
[2026-02-03T17:38:04.044+0000] {logging_mixin.py:188} INFO - Downloaded AMZN/1769900760.json -> /tmp/minio_downloads/1769900760.json
[2026-02-03T17:38:04.049+0000] {logging_mixin.py:188} INFO - Downloaded AMZN/1769900761.json -> /tmp/minio_downloads/1769900761.json
[2026-02-03T17:38:04.055+0000] {logging_mixin.py:188} INFO - Downloaded AMZN/1769900762.json -> /tmp/minio_downloads/1769900762.json
[2026-02-03T17:38:04.060+0000] {logging_mixin.py:188} INFO - Downloaded AMZN/1769900763.json -> /tmp/minio_downloads/1769900763.json
[2026-02-03T17:38:04.065+0000] {logging_mixin.py:188} INFO - Downloaded AMZN/1769900764.json -> /tmp/minio_downloads/1769900764.json
[2026-02-03T17:38:04.069+0000] {logging_mixin.py:188} INFO - Downloaded AMZN/1769900765.json -> /tmp/minio_downloads/1769900765.json
[2026-02-03T17:38:04.074+0000] {logging_mixin.py:188} INFO - Downloaded AMZN/1769900766.json -> /tmp/minio_downloads/1769900766.json
[2026-02-03T17:38:04.079+0000] {logging_mixin.py:188} INFO - Downloaded GOOGL/1769900678.json -> /tmp/minio_downloads/1769900678.json
[2026-02-03T17:38:04.084+0000] {logging_mixin.py:188} INFO - Downloaded GOOGL/1769900679.json -> /tmp/minio_downloads/1769900679.json
[2026-02-03T17:38:04.088+0000] {logging_mixin.py:188} INFO - Downloaded GOOGL/1769900680.json -> /tmp/minio_downloads/1769900680.json
[2026-02-03T17:38:04.093+0000] {logging_mixin.py:188} INFO - Downloaded GOOGL/1769900681.json -> /tmp/minio_downloads/1769900681.json
[2026-02-03T17:38:04.097+0000] {logging_mixin.py:188} INFO - Downloaded GOOGL/1769900682.json -> /tmp/minio_downloads/1769900682.json
[2026-02-03T17:38:04.101+0000] {logging_mixin.py:188} INFO - Downloaded GOOGL/1769900683.json -> /tmp/minio_downloads/1769900683.json
[2026-02-03T17:38:04.106+0000] {logging_mixin.py:188} INFO - Downloaded GOOGL/1769900684.json -> /tmp/minio_downloads/1769900684.json
[2026-02-03T17:38:04.111+0000] {logging_mixin.py:188} INFO - Downloaded GOOGL/1769900685.json -> /tmp/minio_downloads/1769900685.json
[2026-02-03T17:38:04.115+0000] {logging_mixin.py:188} INFO - Downloaded GOOGL/1769900686.json -> /tmp/minio_downloads/1769900686.json
[2026-02-03T17:38:04.120+0000] {logging_mixin.py:188} INFO - Downloaded GOOGL/1769900687.json -> /tmp/minio_downloads/1769900687.json
[2026-02-03T17:38:04.125+0000] {logging_mixin.py:188} INFO - Downloaded GOOGL/1769900688.json -> /tmp/minio_downloads/1769900688.json
[2026-02-03T17:38:04.129+0000] {logging_mixin.py:188} INFO - Downloaded GOOGL/1769900689.json -> /tmp/minio_downloads/1769900689.json
[2026-02-03T17:38:04.134+0000] {logging_mixin.py:188} INFO - Downloaded GOOGL/1769900690.json -> /tmp/minio_downloads/1769900690.json
[2026-02-03T17:38:04.138+0000] {logging_mixin.py:188} INFO - Downloaded GOOGL/1769900691.json -> /tmp/minio_downloads/1769900691.json
[2026-02-03T17:38:04.143+0000] {logging_mixin.py:188} INFO - Downloaded GOOGL/1769900692.json -> /tmp/minio_downloads/1769900692.json
[2026-02-03T17:38:04.147+0000] {logging_mixin.py:188} INFO - Downloaded GOOGL/1769900693.json -> /tmp/minio_downloads/1769900693.json
[2026-02-03T17:38:04.152+0000] {logging_mixin.py:188} INFO - Downloaded GOOGL/1769900694.json -> /tmp/minio_downloads/1769900694.json
[2026-02-03T17:38:04.156+0000] {logging_mixin.py:188} INFO - Downloaded GOOGL/1769900695.json -> /tmp/minio_downloads/1769900695.json
[2026-02-03T17:38:04.161+0000] {logging_mixin.py:188} INFO - Downloaded GOOGL/1769900696.json -> /tmp/minio_downloads/1769900696.json
[2026-02-03T17:38:04.165+0000] {logging_mixin.py:188} INFO - Downloaded GOOGL/1769900697.json -> /tmp/minio_downloads/1769900697.json
[2026-02-03T17:38:04.170+0000] {logging_mixin.py:188} INFO - Downloaded GOOGL/1769900698.json -> /tmp/minio_downloads/1769900698.json
[2026-02-03T17:38:04.175+0000] {logging_mixin.py:188} INFO - Downloaded GOOGL/1769900699.json -> /tmp/minio_downloads/1769900699.json
[2026-02-03T17:38:04.180+0000] {logging_mixin.py:188} INFO - Downloaded GOOGL/1769900700.json -> /tmp/minio_downloads/1769900700.json
[2026-02-03T17:38:04.185+0000] {logging_mixin.py:188} INFO - Downloaded GOOGL/1769900701.json -> /tmp/minio_downloads/1769900701.json
[2026-02-03T17:38:04.190+0000] {logging_mixin.py:188} INFO - Downloaded GOOGL/1769900702.json -> /tmp/minio_downloads/1769900702.json
[2026-02-03T17:38:04.194+0000] {logging_mixin.py:188} INFO - Downloaded GOOGL/1769900703.json -> /tmp/minio_downloads/1769900703.json
[2026-02-03T17:38:04.199+0000] {logging_mixin.py:188} INFO - Downloaded GOOGL/1769900704.json -> /tmp/minio_downloads/1769900704.json
[2026-02-03T17:38:04.203+0000] {logging_mixin.py:188} INFO - Downloaded GOOGL/1769900705.json -> /tmp/minio_downloads/1769900705.json
[2026-02-03T17:38:04.208+0000] {logging_mixin.py:188} INFO - Downloaded GOOGL/1769900706.json -> /tmp/minio_downloads/1769900706.json
[2026-02-03T17:38:04.212+0000] {logging_mixin.py:188} INFO - Downloaded GOOGL/1769900707.json -> /tmp/minio_downloads/1769900707.json
[2026-02-03T17:38:04.216+0000] {logging_mixin.py:188} INFO - Downloaded GOOGL/1769900708.json -> /tmp/minio_downloads/1769900708.json
[2026-02-03T17:38:04.221+0000] {logging_mixin.py:188} INFO - Downloaded GOOGL/1769900709.json -> /tmp/minio_downloads/1769900709.json
[2026-02-03T17:38:04.226+0000] {logging_mixin.py:188} INFO - Downloaded GOOGL/1769900710.json -> /tmp/minio_downloads/1769900710.json
[2026-02-03T17:38:04.230+0000] {logging_mixin.py:188} INFO - Downloaded GOOGL/1769900711.json -> /tmp/minio_downloads/1769900711.json
[2026-02-03T17:38:04.235+0000] {logging_mixin.py:188} INFO - Downloaded GOOGL/1769900712.json -> /tmp/minio_downloads/1769900712.json
[2026-02-03T17:38:04.240+0000] {logging_mixin.py:188} INFO - Downloaded GOOGL/1769900713.json -> /tmp/minio_downloads/1769900713.json
[2026-02-03T17:38:04.245+0000] {logging_mixin.py:188} INFO - Downloaded GOOGL/1769900714.json -> /tmp/minio_downloads/1769900714.json
[2026-02-03T17:38:04.251+0000] {logging_mixin.py:188} INFO - Downloaded GOOGL/1769900715.json -> /tmp/minio_downloads/1769900715.json
[2026-02-03T17:38:04.256+0000] {logging_mixin.py:188} INFO - Downloaded GOOGL/1769900716.json -> /tmp/minio_downloads/1769900716.json
[2026-02-03T17:38:04.261+0000] {logging_mixin.py:188} INFO - Downloaded GOOGL/1769900717.json -> /tmp/minio_downloads/1769900717.json
[2026-02-03T17:38:04.266+0000] {logging_mixin.py:188} INFO - Downloaded GOOGL/1769900718.json -> /tmp/minio_downloads/1769900718.json
[2026-02-03T17:38:04.271+0000] {logging_mixin.py:188} INFO - Downloaded GOOGL/1769900719.json -> /tmp/minio_downloads/1769900719.json
[2026-02-03T17:38:04.275+0000] {logging_mixin.py:188} INFO - Downloaded GOOGL/1769900720.json -> /tmp/minio_downloads/1769900720.json
[2026-02-03T17:38:04.280+0000] {logging_mixin.py:188} INFO - Downloaded GOOGL/1769900721.json -> /tmp/minio_downloads/1769900721.json
[2026-02-03T17:38:04.286+0000] {logging_mixin.py:188} INFO - Downloaded GOOGL/1769900722.json -> /tmp/minio_downloads/1769900722.json
[2026-02-03T17:38:04.290+0000] {logging_mixin.py:188} INFO - Downloaded GOOGL/1769900723.json -> /tmp/minio_downloads/1769900723.json
[2026-02-03T17:38:04.295+0000] {logging_mixin.py:188} INFO - Downloaded GOOGL/1769900724.json -> /tmp/minio_downloads/1769900724.json
[2026-02-03T17:38:04.300+0000] {logging_mixin.py:188} INFO - Downloaded GOOGL/1769900725.json -> /tmp/minio_downloads/1769900725.json
[2026-02-03T17:38:04.305+0000] {logging_mixin.py:188} INFO - Downloaded GOOGL/1769900726.json -> /tmp/minio_downloads/1769900726.json
[2026-02-03T17:38:04.310+0000] {logging_mixin.py:188} INFO - Downloaded GOOGL/1769900727.json -> /tmp/minio_downloads/1769900727.json
[2026-02-03T17:38:04.314+0000] {logging_mixin.py:188} INFO - Downloaded GOOGL/1769900728.json -> /tmp/minio_downloads/1769900728.json
[2026-02-03T17:38:04.318+0000] {logging_mixin.py:188} INFO - Downloaded GOOGL/1769900729.json -> /tmp/minio_downloads/1769900729.json
[2026-02-03T17:38:04.323+0000] {logging_mixin.py:188} INFO - Downloaded GOOGL/1769900730.json -> /tmp/minio_downloads/1769900730.json
[2026-02-03T17:38:04.328+0000] {logging_mixin.py:188} INFO - Downloaded GOOGL/1769900731.json -> /tmp/minio_downloads/1769900731.json
[2026-02-03T17:38:04.332+0000] {logging_mixin.py:188} INFO - Downloaded GOOGL/1769900732.json -> /tmp/minio_downloads/1769900732.json
[2026-02-03T17:38:04.337+0000] {logging_mixin.py:188} INFO - Downloaded GOOGL/1769900733.json -> /tmp/minio_downloads/1769900733.json
[2026-02-03T17:38:04.342+0000] {logging_mixin.py:188} INFO - Downloaded GOOGL/1769900734.json -> /tmp/minio_downloads/1769900734.json
[2026-02-03T17:38:04.347+0000] {logging_mixin.py:188} INFO - Downloaded GOOGL/1769900735.json -> /tmp/minio_downloads/1769900735.json
[2026-02-03T17:38:04.352+0000] {logging_mixin.py:188} INFO - Downloaded GOOGL/1769900736.json -> /tmp/minio_downloads/1769900736.json
[2026-02-03T17:38:04.357+0000] {logging_mixin.py:188} INFO - Downloaded GOOGL/1769900737.json -> /tmp/minio_downloads/1769900737.json
[2026-02-03T17:38:04.363+0000] {logging_mixin.py:188} INFO - Downloaded GOOGL/1769900738.json -> /tmp/minio_downloads/1769900738.json
[2026-02-03T17:38:04.368+0000] {logging_mixin.py:188} INFO - Downloaded GOOGL/1769900739.json -> /tmp/minio_downloads/1769900739.json
[2026-02-03T17:38:04.372+0000] {logging_mixin.py:188} INFO - Downloaded GOOGL/1769900740.json -> /tmp/minio_downloads/1769900740.json
[2026-02-03T17:38:04.377+0000] {logging_mixin.py:188} INFO - Downloaded GOOGL/1769900741.json -> /tmp/minio_downloads/1769900741.json
[2026-02-03T17:38:04.381+0000] {logging_mixin.py:188} INFO - Downloaded GOOGL/1769900742.json -> /tmp/minio_downloads/1769900742.json
[2026-02-03T17:38:04.386+0000] {logging_mixin.py:188} INFO - Downloaded GOOGL/1769900743.json -> /tmp/minio_downloads/1769900743.json
[2026-02-03T17:38:04.391+0000] {logging_mixin.py:188} INFO - Downloaded GOOGL/1769900744.json -> /tmp/minio_downloads/1769900744.json
[2026-02-03T17:38:04.396+0000] {logging_mixin.py:188} INFO - Downloaded GOOGL/1769900745.json -> /tmp/minio_downloads/1769900745.json
[2026-02-03T17:38:04.402+0000] {logging_mixin.py:188} INFO - Downloaded GOOGL/1769900746.json -> /tmp/minio_downloads/1769900746.json
[2026-02-03T17:38:04.407+0000] {logging_mixin.py:188} INFO - Downloaded GOOGL/1769900747.json -> /tmp/minio_downloads/1769900747.json
[2026-02-03T17:38:04.413+0000] {logging_mixin.py:188} INFO - Downloaded GOOGL/1769900748.json -> /tmp/minio_downloads/1769900748.json
[2026-02-03T17:38:04.418+0000] {logging_mixin.py:188} INFO - Downloaded GOOGL/1769900749.json -> /tmp/minio_downloads/1769900749.json
[2026-02-03T17:38:04.422+0000] {logging_mixin.py:188} INFO - Downloaded GOOGL/1769900750.json -> /tmp/minio_downloads/1769900750.json
[2026-02-03T17:38:04.427+0000] {logging_mixin.py:188} INFO - Downloaded GOOGL/1769900751.json -> /tmp/minio_downloads/1769900751.json
[2026-02-03T17:38:04.431+0000] {logging_mixin.py:188} INFO - Downloaded GOOGL/1769900752.json -> /tmp/minio_downloads/1769900752.json
[2026-02-03T17:38:04.437+0000] {logging_mixin.py:188} INFO - Downloaded GOOGL/1769900753.json -> /tmp/minio_downloads/1769900753.json
[2026-02-03T17:38:04.443+0000] {logging_mixin.py:188} INFO - Downloaded GOOGL/1769900754.json -> /tmp/minio_downloads/1769900754.json
[2026-02-03T17:38:04.449+0000] {logging_mixin.py:188} INFO - Downloaded GOOGL/1769900755.json -> /tmp/minio_downloads/1769900755.json
[2026-02-03T17:38:04.454+0000] {logging_mixin.py:188} INFO - Downloaded GOOGL/1769900756.json -> /tmp/minio_downloads/1769900756.json
[2026-02-03T17:38:04.458+0000] {logging_mixin.py:188} INFO - Downloaded GOOGL/1769900757.json -> /tmp/minio_downloads/1769900757.json
[2026-02-03T17:38:04.464+0000] {logging_mixin.py:188} INFO - Downloaded GOOGL/1769900758.json -> /tmp/minio_downloads/1769900758.json
[2026-02-03T17:38:04.469+0000] {logging_mixin.py:188} INFO - Downloaded GOOGL/1769900759.json -> /tmp/minio_downloads/1769900759.json
[2026-02-03T17:38:04.473+0000] {logging_mixin.py:188} INFO - Downloaded GOOGL/1769900760.json -> /tmp/minio_downloads/1769900760.json
[2026-02-03T17:38:04.478+0000] {logging_mixin.py:188} INFO - Downloaded GOOGL/1769900761.json -> /tmp/minio_downloads/1769900761.json
[2026-02-03T17:38:04.483+0000] {logging_mixin.py:188} INFO - Downloaded GOOGL/1769900762.json -> /tmp/minio_downloads/1769900762.json
[2026-02-03T17:38:04.488+0000] {logging_mixin.py:188} INFO - Downloaded GOOGL/1769900763.json -> /tmp/minio_downloads/1769900763.json
[2026-02-03T17:38:04.493+0000] {logging_mixin.py:188} INFO - Downloaded GOOGL/1769900764.json -> /tmp/minio_downloads/1769900764.json
[2026-02-03T17:38:04.499+0000] {logging_mixin.py:188} INFO - Downloaded GOOGL/1769900765.json -> /tmp/minio_downloads/1769900765.json
[2026-02-03T17:38:04.505+0000] {logging_mixin.py:188} INFO - Downloaded GOOGL/1769900766.json -> /tmp/minio_downloads/1769900766.json
[2026-02-03T17:38:04.510+0000] {logging_mixin.py:188} INFO - Downloaded MSFT/1769900678.json -> /tmp/minio_downloads/1769900678.json
[2026-02-03T17:38:04.515+0000] {logging_mixin.py:188} INFO - Downloaded MSFT/1769900679.json -> /tmp/minio_downloads/1769900679.json
[2026-02-03T17:38:04.520+0000] {logging_mixin.py:188} INFO - Downloaded MSFT/1769900680.json -> /tmp/minio_downloads/1769900680.json
[2026-02-03T17:38:04.525+0000] {logging_mixin.py:188} INFO - Downloaded MSFT/1769900681.json -> /tmp/minio_downloads/1769900681.json
[2026-02-03T17:38:04.530+0000] {logging_mixin.py:188} INFO - Downloaded MSFT/1769900682.json -> /tmp/minio_downloads/1769900682.json
[2026-02-03T17:38:04.535+0000] {logging_mixin.py:188} INFO - Downloaded MSFT/1769900683.json -> /tmp/minio_downloads/1769900683.json
[2026-02-03T17:38:04.541+0000] {logging_mixin.py:188} INFO - Downloaded MSFT/1769900684.json -> /tmp/minio_downloads/1769900684.json
[2026-02-03T17:38:04.547+0000] {logging_mixin.py:188} INFO - Downloaded MSFT/1769900685.json -> /tmp/minio_downloads/1769900685.json
[2026-02-03T17:38:04.552+0000] {logging_mixin.py:188} INFO - Downloaded MSFT/1769900686.json -> /tmp/minio_downloads/1769900686.json
[2026-02-03T17:38:04.557+0000] {logging_mixin.py:188} INFO - Downloaded MSFT/1769900687.json -> /tmp/minio_downloads/1769900687.json
[2026-02-03T17:38:04.563+0000] {logging_mixin.py:188} INFO - Downloaded MSFT/1769900688.json -> /tmp/minio_downloads/1769900688.json
[2026-02-03T17:38:04.568+0000] {logging_mixin.py:188} INFO - Downloaded MSFT/1769900689.json -> /tmp/minio_downloads/1769900689.json
[2026-02-03T17:38:04.573+0000] {logging_mixin.py:188} INFO - Downloaded MSFT/1769900690.json -> /tmp/minio_downloads/1769900690.json
[2026-02-03T17:38:04.579+0000] {logging_mixin.py:188} INFO - Downloaded MSFT/1769900691.json -> /tmp/minio_downloads/1769900691.json
[2026-02-03T17:38:04.584+0000] {logging_mixin.py:188} INFO - Downloaded MSFT/1769900692.json -> /tmp/minio_downloads/1769900692.json
[2026-02-03T17:38:04.588+0000] {logging_mixin.py:188} INFO - Downloaded MSFT/1769900693.json -> /tmp/minio_downloads/1769900693.json
[2026-02-03T17:38:04.593+0000] {logging_mixin.py:188} INFO - Downloaded MSFT/1769900694.json -> /tmp/minio_downloads/1769900694.json
[2026-02-03T17:38:04.599+0000] {logging_mixin.py:188} INFO - Downloaded MSFT/1769900695.json -> /tmp/minio_downloads/1769900695.json
[2026-02-03T17:38:04.605+0000] {logging_mixin.py:188} INFO - Downloaded MSFT/1769900696.json -> /tmp/minio_downloads/1769900696.json
[2026-02-03T17:38:04.611+0000] {logging_mixin.py:188} INFO - Downloaded MSFT/1769900697.json -> /tmp/minio_downloads/1769900697.json
[2026-02-03T17:38:04.616+0000] {logging_mixin.py:188} INFO - Downloaded MSFT/1769900698.json -> /tmp/minio_downloads/1769900698.json
[2026-02-03T17:38:04.622+0000] {logging_mixin.py:188} INFO - Downloaded MSFT/1769900699.json -> /tmp/minio_downloads/1769900699.json
[2026-02-03T17:38:04.627+0000] {logging_mixin.py:188} INFO - Downloaded MSFT/1769900700.json -> /tmp/minio_downloads/1769900700.json
[2026-02-03T17:38:04.633+0000] {logging_mixin.py:188} INFO - Downloaded MSFT/1769900701.json -> /tmp/minio_downloads/1769900701.json
[2026-02-03T17:38:04.637+0000] {logging_mixin.py:188} INFO - Downloaded MSFT/1769900702.json -> /tmp/minio_downloads/1769900702.json
[2026-02-03T17:38:04.642+0000] {logging_mixin.py:188} INFO - Downloaded MSFT/1769900703.json -> /tmp/minio_downloads/1769900703.json
[2026-02-03T17:38:04.647+0000] {logging_mixin.py:188} INFO - Downloaded MSFT/1769900704.json -> /tmp/minio_downloads/1769900704.json
[2026-02-03T17:38:04.652+0000] {logging_mixin.py:188} INFO - Downloaded MSFT/1769900705.json -> /tmp/minio_downloads/1769900705.json
[2026-02-03T17:38:04.657+0000] {logging_mixin.py:188} INFO - Downloaded MSFT/1769900706.json -> /tmp/minio_downloads/1769900706.json
[2026-02-03T17:38:04.662+0000] {logging_mixin.py:188} INFO - Downloaded MSFT/1769900707.json -> /tmp/minio_downloads/1769900707.json
[2026-02-03T17:38:04.669+0000] {logging_mixin.py:188} INFO - Downloaded MSFT/1769900708.json -> /tmp/minio_downloads/1769900708.json
[2026-02-03T17:38:04.674+0000] {logging_mixin.py:188} INFO - Downloaded MSFT/1769900709.json -> /tmp/minio_downloads/1769900709.json
[2026-02-03T17:38:04.679+0000] {logging_mixin.py:188} INFO - Downloaded MSFT/1769900710.json -> /tmp/minio_downloads/1769900710.json
[2026-02-03T17:38:04.685+0000] {logging_mixin.py:188} INFO - Downloaded MSFT/1769900711.json -> /tmp/minio_downloads/1769900711.json
[2026-02-03T17:38:04.690+0000] {logging_mixin.py:188} INFO - Downloaded MSFT/1769900712.json -> /tmp/minio_downloads/1769900712.json
[2026-02-03T17:38:04.695+0000] {logging_mixin.py:188} INFO - Downloaded MSFT/1769900713.json -> /tmp/minio_downloads/1769900713.json
[2026-02-03T17:38:04.700+0000] {logging_mixin.py:188} INFO - Downloaded MSFT/1769900714.json -> /tmp/minio_downloads/1769900714.json
[2026-02-03T17:38:04.705+0000] {logging_mixin.py:188} INFO - Downloaded MSFT/1769900715.json -> /tmp/minio_downloads/1769900715.json
[2026-02-03T17:38:04.711+0000] {logging_mixin.py:188} INFO - Downloaded MSFT/1769900716.json -> /tmp/minio_downloads/1769900716.json
[2026-02-03T17:38:04.716+0000] {logging_mixin.py:188} INFO - Downloaded MSFT/1769900717.json -> /tmp/minio_downloads/1769900717.json
[2026-02-03T17:38:04.721+0000] {logging_mixin.py:188} INFO - Downloaded MSFT/1769900718.json -> /tmp/minio_downloads/1769900718.json
[2026-02-03T17:38:04.726+0000] {logging_mixin.py:188} INFO - Downloaded MSFT/1769900719.json -> /tmp/minio_downloads/1769900719.json
[2026-02-03T17:38:04.731+0000] {logging_mixin.py:188} INFO - Downloaded MSFT/1769900720.json -> /tmp/minio_downloads/1769900720.json
[2026-02-03T17:38:04.736+0000] {logging_mixin.py:188} INFO - Downloaded MSFT/1769900721.json -> /tmp/minio_downloads/1769900721.json
[2026-02-03T17:38:04.742+0000] {logging_mixin.py:188} INFO - Downloaded MSFT/1769900722.json -> /tmp/minio_downloads/1769900722.json
[2026-02-03T17:38:04.747+0000] {logging_mixin.py:188} INFO - Downloaded MSFT/1769900723.json -> /tmp/minio_downloads/1769900723.json
[2026-02-03T17:38:04.754+0000] {logging_mixin.py:188} INFO - Downloaded MSFT/1769900724.json -> /tmp/minio_downloads/1769900724.json
[2026-02-03T17:38:04.760+0000] {logging_mixin.py:188} INFO - Downloaded MSFT/1769900725.json -> /tmp/minio_downloads/1769900725.json
[2026-02-03T17:38:04.765+0000] {logging_mixin.py:188} INFO - Downloaded MSFT/1769900726.json -> /tmp/minio_downloads/1769900726.json
[2026-02-03T17:38:04.770+0000] {logging_mixin.py:188} INFO - Downloaded MSFT/1769900727.json -> /tmp/minio_downloads/1769900727.json
[2026-02-03T17:38:04.775+0000] {logging_mixin.py:188} INFO - Downloaded MSFT/1769900728.json -> /tmp/minio_downloads/1769900728.json
[2026-02-03T17:38:04.780+0000] {logging_mixin.py:188} INFO - Downloaded MSFT/1769900729.json -> /tmp/minio_downloads/1769900729.json
[2026-02-03T17:38:04.785+0000] {logging_mixin.py:188} INFO - Downloaded MSFT/1769900730.json -> /tmp/minio_downloads/1769900730.json
[2026-02-03T17:38:04.791+0000] {logging_mixin.py:188} INFO - Downloaded MSFT/1769900731.json -> /tmp/minio_downloads/1769900731.json
[2026-02-03T17:38:04.796+0000] {logging_mixin.py:188} INFO - Downloaded MSFT/1769900732.json -> /tmp/minio_downloads/1769900732.json
[2026-02-03T17:38:04.801+0000] {logging_mixin.py:188} INFO - Downloaded MSFT/1769900733.json -> /tmp/minio_downloads/1769900733.json
[2026-02-03T17:38:04.806+0000] {logging_mixin.py:188} INFO - Downloaded MSFT/1769900734.json -> /tmp/minio_downloads/1769900734.json
[2026-02-03T17:38:04.812+0000] {logging_mixin.py:188} INFO - Downloaded MSFT/1769900735.json -> /tmp/minio_downloads/1769900735.json
[2026-02-03T17:38:04.818+0000] {logging_mixin.py:188} INFO - Downloaded MSFT/1769900736.json -> /tmp/minio_downloads/1769900736.json
[2026-02-03T17:38:04.826+0000] {logging_mixin.py:188} INFO - Downloaded MSFT/1769900737.json -> /tmp/minio_downloads/1769900737.json
[2026-02-03T17:38:04.831+0000] {logging_mixin.py:188} INFO - Downloaded MSFT/1769900738.json -> /tmp/minio_downloads/1769900738.json
[2026-02-03T17:38:04.835+0000] {logging_mixin.py:188} INFO - Downloaded MSFT/1769900739.json -> /tmp/minio_downloads/1769900739.json
[2026-02-03T17:38:04.841+0000] {logging_mixin.py:188} INFO - Downloaded MSFT/1769900740.json -> /tmp/minio_downloads/1769900740.json
[2026-02-03T17:38:04.846+0000] {logging_mixin.py:188} INFO - Downloaded MSFT/1769900741.json -> /tmp/minio_downloads/1769900741.json
[2026-02-03T17:38:04.851+0000] {logging_mixin.py:188} INFO - Downloaded MSFT/1769900742.json -> /tmp/minio_downloads/1769900742.json
[2026-02-03T17:38:04.857+0000] {logging_mixin.py:188} INFO - Downloaded MSFT/1769900743.json -> /tmp/minio_downloads/1769900743.json
[2026-02-03T17:38:04.862+0000] {logging_mixin.py:188} INFO - Downloaded MSFT/1769900744.json -> /tmp/minio_downloads/1769900744.json
[2026-02-03T17:38:04.868+0000] {logging_mixin.py:188} INFO - Downloaded MSFT/1769900745.json -> /tmp/minio_downloads/1769900745.json
[2026-02-03T17:38:04.873+0000] {logging_mixin.py:188} INFO - Downloaded MSFT/1769900746.json -> /tmp/minio_downloads/1769900746.json
[2026-02-03T17:38:04.878+0000] {logging_mixin.py:188} INFO - Downloaded MSFT/1769900747.json -> /tmp/minio_downloads/1769900747.json
[2026-02-03T17:38:04.883+0000] {logging_mixin.py:188} INFO - Downloaded MSFT/1769900748.json -> /tmp/minio_downloads/1769900748.json
[2026-02-03T17:38:04.888+0000] {logging_mixin.py:188} INFO - Downloaded MSFT/1769900749.json -> /tmp/minio_downloads/1769900749.json
[2026-02-03T17:38:04.894+0000] {logging_mixin.py:188} INFO - Downloaded MSFT/1769900750.json -> /tmp/minio_downloads/1769900750.json
[2026-02-03T17:38:04.899+0000] {logging_mixin.py:188} INFO - Downloaded MSFT/1769900751.json -> /tmp/minio_downloads/1769900751.json
[2026-02-03T17:38:04.904+0000] {logging_mixin.py:188} INFO - Downloaded MSFT/1769900752.json -> /tmp/minio_downloads/1769900752.json
[2026-02-03T17:38:04.909+0000] {logging_mixin.py:188} INFO - Downloaded MSFT/1769900753.json -> /tmp/minio_downloads/1769900753.json
[2026-02-03T17:38:04.915+0000] {logging_mixin.py:188} INFO - Downloaded MSFT/1769900754.json -> /tmp/minio_downloads/1769900754.json
[2026-02-03T17:38:04.920+0000] {logging_mixin.py:188} INFO - Downloaded MSFT/1769900755.json -> /tmp/minio_downloads/1769900755.json
[2026-02-03T17:38:04.925+0000] {logging_mixin.py:188} INFO - Downloaded MSFT/1769900756.json -> /tmp/minio_downloads/1769900756.json
[2026-02-03T17:38:04.930+0000] {logging_mixin.py:188} INFO - Downloaded MSFT/1769900757.json -> /tmp/minio_downloads/1769900757.json
[2026-02-03T17:38:04.935+0000] {logging_mixin.py:188} INFO - Downloaded MSFT/1769900758.json -> /tmp/minio_downloads/1769900758.json
[2026-02-03T17:38:04.941+0000] {logging_mixin.py:188} INFO - Downloaded MSFT/1769900759.json -> /tmp/minio_downloads/1769900759.json
[2026-02-03T17:38:04.946+0000] {logging_mixin.py:188} INFO - Downloaded MSFT/1769900760.json -> /tmp/minio_downloads/1769900760.json
[2026-02-03T17:38:04.951+0000] {logging_mixin.py:188} INFO - Downloaded MSFT/1769900761.json -> /tmp/minio_downloads/1769900761.json
[2026-02-03T17:38:04.956+0000] {logging_mixin.py:188} INFO - Downloaded MSFT/1769900762.json -> /tmp/minio_downloads/1769900762.json
[2026-02-03T17:38:04.962+0000] {logging_mixin.py:188} INFO - Downloaded MSFT/1769900763.json -> /tmp/minio_downloads/1769900763.json
[2026-02-03T17:38:04.966+0000] {logging_mixin.py:188} INFO - Downloaded MSFT/1769900764.json -> /tmp/minio_downloads/1769900764.json
[2026-02-03T17:38:04.971+0000] {logging_mixin.py:188} INFO - Downloaded MSFT/1769900765.json -> /tmp/minio_downloads/1769900765.json
[2026-02-03T17:38:04.976+0000] {logging_mixin.py:188} INFO - Downloaded MSFT/1769900766.json -> /tmp/minio_downloads/1769900766.json
[2026-02-03T17:38:04.981+0000] {logging_mixin.py:188} INFO - Downloaded TSLA/1769900678.json -> /tmp/minio_downloads/1769900678.json
[2026-02-03T17:38:04.986+0000] {logging_mixin.py:188} INFO - Downloaded TSLA/1769900679.json -> /tmp/minio_downloads/1769900679.json
[2026-02-03T17:38:04.990+0000] {logging_mixin.py:188} INFO - Downloaded TSLA/1769900680.json -> /tmp/minio_downloads/1769900680.json
[2026-02-03T17:38:04.995+0000] {logging_mixin.py:188} INFO - Downloaded TSLA/1769900681.json -> /tmp/minio_downloads/1769900681.json
[2026-02-03T17:38:05.000+0000] {logging_mixin.py:188} INFO - Downloaded TSLA/1769900682.json -> /tmp/minio_downloads/1769900682.json
[2026-02-03T17:38:05.006+0000] {logging_mixin.py:188} INFO - Downloaded TSLA/1769900683.json -> /tmp/minio_downloads/1769900683.json
[2026-02-03T17:38:05.011+0000] {logging_mixin.py:188} INFO - Downloaded TSLA/1769900684.json -> /tmp/minio_downloads/1769900684.json
[2026-02-03T17:38:05.016+0000] {logging_mixin.py:188} INFO - Downloaded TSLA/1769900685.json -> /tmp/minio_downloads/1769900685.json
[2026-02-03T17:38:05.021+0000] {logging_mixin.py:188} INFO - Downloaded TSLA/1769900686.json -> /tmp/minio_downloads/1769900686.json
[2026-02-03T17:38:05.026+0000] {logging_mixin.py:188} INFO - Downloaded TSLA/1769900687.json -> /tmp/minio_downloads/1769900687.json
[2026-02-03T17:38:05.031+0000] {logging_mixin.py:188} INFO - Downloaded TSLA/1769900688.json -> /tmp/minio_downloads/1769900688.json
[2026-02-03T17:38:05.035+0000] {logging_mixin.py:188} INFO - Downloaded TSLA/1769900689.json -> /tmp/minio_downloads/1769900689.json
[2026-02-03T17:38:05.040+0000] {logging_mixin.py:188} INFO - Downloaded TSLA/1769900690.json -> /tmp/minio_downloads/1769900690.json
[2026-02-03T17:38:05.045+0000] {logging_mixin.py:188} INFO - Downloaded TSLA/1769900691.json -> /tmp/minio_downloads/1769900691.json
[2026-02-03T17:38:05.051+0000] {logging_mixin.py:188} INFO - Downloaded TSLA/1769900692.json -> /tmp/minio_downloads/1769900692.json
[2026-02-03T17:38:05.056+0000] {logging_mixin.py:188} INFO - Downloaded TSLA/1769900693.json -> /tmp/minio_downloads/1769900693.json
[2026-02-03T17:38:05.061+0000] {logging_mixin.py:188} INFO - Downloaded TSLA/1769900694.json -> /tmp/minio_downloads/1769900694.json
[2026-02-03T17:38:05.067+0000] {logging_mixin.py:188} INFO - Downloaded TSLA/1769900695.json -> /tmp/minio_downloads/1769900695.json
[2026-02-03T17:38:05.072+0000] {logging_mixin.py:188} INFO - Downloaded TSLA/1769900696.json -> /tmp/minio_downloads/1769900696.json
[2026-02-03T17:38:05.078+0000] {logging_mixin.py:188} INFO - Downloaded TSLA/1769900697.json -> /tmp/minio_downloads/1769900697.json
[2026-02-03T17:38:05.083+0000] {logging_mixin.py:188} INFO - Downloaded TSLA/1769900698.json -> /tmp/minio_downloads/1769900698.json
[2026-02-03T17:38:05.088+0000] {logging_mixin.py:188} INFO - Downloaded TSLA/1769900699.json -> /tmp/minio_downloads/1769900699.json
[2026-02-03T17:38:05.093+0000] {logging_mixin.py:188} INFO - Downloaded TSLA/1769900700.json -> /tmp/minio_downloads/1769900700.json
[2026-02-03T17:38:05.099+0000] {logging_mixin.py:188} INFO - Downloaded TSLA/1769900701.json -> /tmp/minio_downloads/1769900701.json
[2026-02-03T17:38:05.104+0000] {logging_mixin.py:188} INFO - Downloaded TSLA/1769900702.json -> /tmp/minio_downloads/1769900702.json
[2026-02-03T17:38:05.109+0000] {logging_mixin.py:188} INFO - Downloaded TSLA/1769900703.json -> /tmp/minio_downloads/1769900703.json
[2026-02-03T17:38:05.114+0000] {logging_mixin.py:188} INFO - Downloaded TSLA/1769900704.json -> /tmp/minio_downloads/1769900704.json
[2026-02-03T17:38:05.119+0000] {logging_mixin.py:188} INFO - Downloaded TSLA/1769900705.json -> /tmp/minio_downloads/1769900705.json
[2026-02-03T17:38:05.125+0000] {logging_mixin.py:188} INFO - Downloaded TSLA/1769900706.json -> /tmp/minio_downloads/1769900706.json
[2026-02-03T17:38:05.129+0000] {logging_mixin.py:188} INFO - Downloaded TSLA/1769900707.json -> /tmp/minio_downloads/1769900707.json
[2026-02-03T17:38:05.135+0000] {logging_mixin.py:188} INFO - Downloaded TSLA/1769900708.json -> /tmp/minio_downloads/1769900708.json
[2026-02-03T17:38:05.139+0000] {logging_mixin.py:188} INFO - Downloaded TSLA/1769900709.json -> /tmp/minio_downloads/1769900709.json
[2026-02-03T17:38:05.144+0000] {logging_mixin.py:188} INFO - Downloaded TSLA/1769900710.json -> /tmp/minio_downloads/1769900710.json
[2026-02-03T17:38:05.149+0000] {logging_mixin.py:188} INFO - Downloaded TSLA/1769900711.json -> /tmp/minio_downloads/1769900711.json
[2026-02-03T17:38:05.154+0000] {logging_mixin.py:188} INFO - Downloaded TSLA/1769900712.json -> /tmp/minio_downloads/1769900712.json
[2026-02-03T17:38:05.159+0000] {logging_mixin.py:188} INFO - Downloaded TSLA/1769900713.json -> /tmp/minio_downloads/1769900713.json
[2026-02-03T17:38:05.163+0000] {logging_mixin.py:188} INFO - Downloaded TSLA/1769900714.json -> /tmp/minio_downloads/1769900714.json
[2026-02-03T17:38:05.168+0000] {logging_mixin.py:188} INFO - Downloaded TSLA/1769900715.json -> /tmp/minio_downloads/1769900715.json
[2026-02-03T17:38:05.173+0000] {logging_mixin.py:188} INFO - Downloaded TSLA/1769900716.json -> /tmp/minio_downloads/1769900716.json
[2026-02-03T17:38:05.178+0000] {logging_mixin.py:188} INFO - Downloaded TSLA/1769900717.json -> /tmp/minio_downloads/1769900717.json
[2026-02-03T17:38:05.183+0000] {logging_mixin.py:188} INFO - Downloaded TSLA/1769900718.json -> /tmp/minio_downloads/1769900718.json
[2026-02-03T17:38:05.188+0000] {logging_mixin.py:188} INFO - Downloaded TSLA/1769900719.json -> /tmp/minio_downloads/1769900719.json
[2026-02-03T17:38:05.193+0000] {logging_mixin.py:188} INFO - Downloaded TSLA/1769900720.json -> /tmp/minio_downloads/1769900720.json
[2026-02-03T17:38:05.198+0000] {logging_mixin.py:188} INFO - Downloaded TSLA/1769900721.json -> /tmp/minio_downloads/1769900721.json
[2026-02-03T17:38:05.202+0000] {logging_mixin.py:188} INFO - Downloaded TSLA/1769900722.json -> /tmp/minio_downloads/1769900722.json
[2026-02-03T17:38:05.207+0000] {logging_mixin.py:188} INFO - Downloaded TSLA/1769900723.json -> /tmp/minio_downloads/1769900723.json
[2026-02-03T17:38:05.212+0000] {logging_mixin.py:188} INFO - Downloaded TSLA/1769900724.json -> /tmp/minio_downloads/1769900724.json
[2026-02-03T17:38:05.217+0000] {logging_mixin.py:188} INFO - Downloaded TSLA/1769900725.json -> /tmp/minio_downloads/1769900725.json
[2026-02-03T17:38:05.222+0000] {logging_mixin.py:188} INFO - Downloaded TSLA/1769900726.json -> /tmp/minio_downloads/1769900726.json
[2026-02-03T17:38:05.227+0000] {logging_mixin.py:188} INFO - Downloaded TSLA/1769900727.json -> /tmp/minio_downloads/1769900727.json
[2026-02-03T17:38:05.232+0000] {logging_mixin.py:188} INFO - Downloaded TSLA/1769900728.json -> /tmp/minio_downloads/1769900728.json
[2026-02-03T17:38:05.238+0000] {logging_mixin.py:188} INFO - Downloaded TSLA/1769900729.json -> /tmp/minio_downloads/1769900729.json
[2026-02-03T17:38:05.244+0000] {logging_mixin.py:188} INFO - Downloaded TSLA/1769900730.json -> /tmp/minio_downloads/1769900730.json
[2026-02-03T17:38:05.250+0000] {logging_mixin.py:188} INFO - Downloaded TSLA/1769900731.json -> /tmp/minio_downloads/1769900731.json
[2026-02-03T17:38:05.256+0000] {logging_mixin.py:188} INFO - Downloaded TSLA/1769900732.json -> /tmp/minio_downloads/1769900732.json
[2026-02-03T17:38:05.261+0000] {logging_mixin.py:188} INFO - Downloaded TSLA/1769900733.json -> /tmp/minio_downloads/1769900733.json
[2026-02-03T17:38:05.266+0000] {logging_mixin.py:188} INFO - Downloaded TSLA/1769900734.json -> /tmp/minio_downloads/1769900734.json
[2026-02-03T17:38:05.271+0000] {logging_mixin.py:188} INFO - Downloaded TSLA/1769900735.json -> /tmp/minio_downloads/1769900735.json
[2026-02-03T17:38:05.277+0000] {logging_mixin.py:188} INFO - Downloaded TSLA/1769900736.json -> /tmp/minio_downloads/1769900736.json
[2026-02-03T17:38:05.283+0000] {logging_mixin.py:188} INFO - Downloaded TSLA/1769900737.json -> /tmp/minio_downloads/1769900737.json
[2026-02-03T17:38:05.289+0000] {logging_mixin.py:188} INFO - Downloaded TSLA/1769900738.json -> /tmp/minio_downloads/1769900738.json
[2026-02-03T17:38:05.295+0000] {logging_mixin.py:188} INFO - Downloaded TSLA/1769900739.json -> /tmp/minio_downloads/1769900739.json
[2026-02-03T17:38:05.300+0000] {logging_mixin.py:188} INFO - Downloaded TSLA/1769900740.json -> /tmp/minio_downloads/1769900740.json
[2026-02-03T17:38:05.305+0000] {logging_mixin.py:188} INFO - Downloaded TSLA/1769900741.json -> /tmp/minio_downloads/1769900741.json
[2026-02-03T17:38:05.311+0000] {logging_mixin.py:188} INFO - Downloaded TSLA/1769900742.json -> /tmp/minio_downloads/1769900742.json
[2026-02-03T17:38:05.317+0000] {logging_mixin.py:188} INFO - Downloaded TSLA/1769900743.json -> /tmp/minio_downloads/1769900743.json
[2026-02-03T17:38:05.322+0000] {logging_mixin.py:188} INFO - Downloaded TSLA/1769900744.json -> /tmp/minio_downloads/1769900744.json
[2026-02-03T17:38:05.327+0000] {logging_mixin.py:188} INFO - Downloaded TSLA/1769900745.json -> /tmp/minio_downloads/1769900745.json
[2026-02-03T17:38:05.332+0000] {logging_mixin.py:188} INFO - Downloaded TSLA/1769900746.json -> /tmp/minio_downloads/1769900746.json
[2026-02-03T17:38:05.337+0000] {logging_mixin.py:188} INFO - Downloaded TSLA/1769900747.json -> /tmp/minio_downloads/1769900747.json
[2026-02-03T17:38:05.343+0000] {logging_mixin.py:188} INFO - Downloaded TSLA/1769900748.json -> /tmp/minio_downloads/1769900748.json
[2026-02-03T17:38:05.348+0000] {logging_mixin.py:188} INFO - Downloaded TSLA/1769900749.json -> /tmp/minio_downloads/1769900749.json
[2026-02-03T17:38:05.353+0000] {logging_mixin.py:188} INFO - Downloaded TSLA/1769900750.json -> /tmp/minio_downloads/1769900750.json
[2026-02-03T17:38:05.358+0000] {logging_mixin.py:188} INFO - Downloaded TSLA/1769900751.json -> /tmp/minio_downloads/1769900751.json
[2026-02-03T17:38:05.364+0000] {logging_mixin.py:188} INFO - Downloaded TSLA/1769900752.json -> /tmp/minio_downloads/1769900752.json
[2026-02-03T17:38:05.369+0000] {logging_mixin.py:188} INFO - Downloaded TSLA/1769900753.json -> /tmp/minio_downloads/1769900753.json
[2026-02-03T17:38:05.374+0000] {logging_mixin.py:188} INFO - Downloaded TSLA/1769900754.json -> /tmp/minio_downloads/1769900754.json
[2026-02-03T17:38:05.380+0000] {logging_mixin.py:188} INFO - Downloaded TSLA/1769900755.json -> /tmp/minio_downloads/1769900755.json
[2026-02-03T17:38:05.385+0000] {logging_mixin.py:188} INFO - Downloaded TSLA/1769900756.json -> /tmp/minio_downloads/1769900756.json
[2026-02-03T17:38:05.391+0000] {logging_mixin.py:188} INFO - Downloaded TSLA/1769900757.json -> /tmp/minio_downloads/1769900757.json
[2026-02-03T17:38:05.396+0000] {logging_mixin.py:188} INFO - Downloaded TSLA/1769900758.json -> /tmp/minio_downloads/1769900758.json
[2026-02-03T17:38:05.401+0000] {logging_mixin.py:188} INFO - Downloaded TSLA/1769900759.json -> /tmp/minio_downloads/1769900759.json
[2026-02-03T17:38:05.407+0000] {logging_mixin.py:188} INFO - Downloaded TSLA/1769900760.json -> /tmp/minio_downloads/1769900760.json
[2026-02-03T17:38:05.414+0000] {logging_mixin.py:188} INFO - Downloaded TSLA/1769900761.json -> /tmp/minio_downloads/1769900761.json
[2026-02-03T17:38:05.419+0000] {logging_mixin.py:188} INFO - Downloaded TSLA/1769900762.json -> /tmp/minio_downloads/1769900762.json
[2026-02-03T17:38:05.425+0000] {logging_mixin.py:188} INFO - Downloaded TSLA/1769900763.json -> /tmp/minio_downloads/1769900763.json
[2026-02-03T17:38:05.431+0000] {logging_mixin.py:188} INFO - Downloaded TSLA/1769900764.json -> /tmp/minio_downloads/1769900764.json
[2026-02-03T17:38:05.437+0000] {logging_mixin.py:188} INFO - Downloaded TSLA/1769900765.json -> /tmp/minio_downloads/1769900765.json
[2026-02-03T17:38:05.442+0000] {logging_mixin.py:188} INFO - Downloaded TSLA/1769900766.json -> /tmp/minio_downloads/1769900766.json
[2026-02-03T17:38:05.443+0000] {python.py:237} INFO - Done. Returned value was: ['/tmp/minio_downloads/1769900678.json', '/tmp/minio_downloads/1769900679.json', '/tmp/minio_downloads/1769900680.json', '/tmp/minio_downloads/1769900681.json', '/tmp/minio_downloads/1769900682.json', '/tmp/minio_downloads/1769900683.json', '/tmp/minio_downloads/1769900684.json', '/tmp/minio_downloads/1769900685.json', '/tmp/minio_downloads/1769900686.json', '/tmp/minio_downloads/1769900687.json', '/tmp/minio_downloads/1769900688.json', '/tmp/minio_downloads/1769900689.json', '/tmp/minio_downloads/1769900690.json', '/tmp/minio_downloads/1769900691.json', '/tmp/minio_downloads/1769900692.json', '/tmp/minio_downloads/1769900693.json', '/tmp/minio_downloads/1769900694.json', '/tmp/minio_downloads/1769900695.json', '/tmp/minio_downloads/1769900696.json', '/tmp/minio_downloads/1769900697.json', '/tmp/minio_downloads/1769900698.json', '/tmp/minio_downloads/1769900699.json', '/tmp/minio_downloads/1769900700.json', '/tmp/minio_downloads/1769900701.json', '/tmp/minio_downloads/1769900702.json', '/tmp/minio_downloads/1769900703.json', '/tmp/minio_downloads/1769900704.json', '/tmp/minio_downloads/1769900705.json', '/tmp/minio_downloads/1769900706.json', '/tmp/minio_downloads/1769900707.json', '/tmp/minio_downloads/1769900708.json', '/tmp/minio_downloads/1769900709.json', '/tmp/minio_downloads/1769900710.json', '/tmp/minio_downloads/1769900711.json', '/tmp/minio_downloads/1769900712.json', '/tmp/minio_downloads/1769900713.json', '/tmp/minio_downloads/1769900714.json', '/tmp/minio_downloads/1769900715.json', '/tmp/minio_downloads/1769900716.json', '/tmp/minio_downloads/1769900717.json', '/tmp/minio_downloads/1769900718.json', '/tmp/minio_downloads/1769900719.json', '/tmp/minio_downloads/1769900720.json', '/tmp/minio_downloads/1769900721.json', '/tmp/minio_downloads/1769900722.json', '/tmp/minio_downloads/1769900723.json', '/tmp/minio_downloads/1769900724.json', '/tmp/minio_downloads/1769900725.json', '/tmp/minio_downloads/1769900726.json', '/tmp/minio_downloads/1769900727.json', '/tmp/minio_downloads/1769900728.json', '/tmp/minio_downloads/1769900729.json', '/tmp/minio_downloads/1769900730.json', '/tmp/minio_downloads/1769900731.json', '/tmp/minio_downloads/1769900732.json', '/tmp/minio_downloads/1769900733.json', '/tmp/minio_downloads/1769900734.json', '/tmp/minio_downloads/1769900735.json', '/tmp/minio_downloads/1769900736.json', '/tmp/minio_downloads/1769900737.json', '/tmp/minio_downloads/1769900738.json', '/tmp/minio_downloads/1769900739.json', '/tmp/minio_downloads/1769900740.json', '/tmp/minio_downloads/1769900741.json', '/tmp/minio_downloads/1769900742.json', '/tmp/minio_downloads/1769900743.json', '/tmp/minio_downloads/1769900744.json', '/tmp/minio_downloads/1769900745.json', '/tmp/minio_downloads/1769900746.json', '/tmp/minio_downloads/1769900747.json', '/tmp/minio_downloads/1769900748.json', '/tmp/minio_downloads/1769900749.json', '/tmp/minio_downloads/1769900750.json', '/tmp/minio_downloads/1769900751.json', '/tmp/minio_downloads/1769900752.json', '/tmp/minio_downloads/1769900753.json', '/tmp/minio_downloads/1769900754.json', '/tmp/minio_downloads/1769900755.json', '/tmp/minio_downloads/1769900756.json', '/tmp/minio_downloads/1769900757.json', '/tmp/minio_downloads/1769900758.json', '/tmp/minio_downloads/1769900759.json', '/tmp/minio_downloads/1769900760.json', '/tmp/minio_downloads/1769900761.json', '/tmp/minio_downloads/1769900762.json', '/tmp/minio_downloads/1769900763.json', '/tmp/minio_downloads/1769900764.json', '/tmp/minio_downloads/1769900765.json', '/tmp/minio_downloads/1769900766.json', '/tmp/minio_downloads/1769900678.json', '/tmp/minio_downloads/1769900679.json', '/tmp/minio_downloads/1769900680.json', '/tmp/minio_downloads/1769900681.json', '/tmp/minio_downloads/1769900682.json', '/tmp/minio_downloads/1769900683.json', '/tmp/minio_downloads/1769900684.json', '/tmp/minio_downloads/1769900685.json', '/tmp/minio_downloads/1769900686.json', '/tmp/minio_downloads/1769900687.json', '/tmp/minio_downloads/1769900688.json', '/tmp/minio_downloads/1769900689.json', '/tmp/minio_downloads/1769900690.json', '/tmp/minio_downloads/1769900691.json', '/tmp/minio_downloads/1769900692.json', '/tmp/minio_downloads/1769900693.json', '/tmp/minio_downloads/1769900694.json', '/tmp/minio_downloads/1769900695.json', '/tmp/minio_downloads/1769900696.json', '/tmp/minio_downloads/1769900697.json', '/tmp/minio_downloads/1769900698.json', '/tmp/minio_downloads/1769900699.json', '/tmp/minio_downloads/1769900700.json', '/tmp/minio_downloads/1769900701.json', '/tmp/minio_downloads/1769900702.json', '/tmp/minio_downloads/1769900703.json', '/tmp/minio_downloads/1769900704.json', '/tmp/minio_downloads/1769900705.json', '/tmp/minio_downloads/1769900706.json', '/tmp/minio_downloads/1769900707.json', '/tmp/minio_downloads/1769900708.json', '/tmp/minio_downloads/1769900709.json', '/tmp/minio_downloads/1769900710.json', '/tmp/minio_downloads/1769900711.json', '/tmp/minio_downloads/1769900712.json', '/tmp/minio_downloads/1769900713.json', '/tmp/minio_downloads/1769900714.json', '/tmp/minio_downloads/1769900715.json', '/tmp/minio_downloads/1769900716.json', '/tmp/minio_downloads/1769900717.json', '/tmp/minio_downloads/1769900718.json', '/tmp/minio_downloads/1769900719.json', '/tmp/minio_downloads/1769900720.json', '/tmp/minio_downloads/1769900721.json', '/tmp/minio_downloads/1769900722.json', '/tmp/minio_downloads/1769900723.json', '/tmp/minio_downloads/1769900724.json', '/tmp/minio_downloads/1769900725.json', '/tmp/minio_downloads/1769900726.json', '/tmp/minio_downloads/1769900727.json', '/tmp/minio_downloads/1769900728.json', '/tmp/minio_downloads/1769900729.json', '/tmp/minio_downloads/1769900730.json', '/tmp/minio_downloads/1769900731.json', '/tmp/minio_downloads/1769900732.json', '/tmp/minio_downloads/1769900733.json', '/tmp/minio_downloads/1769900734.json', '/tmp/minio_downloads/1769900735.json', '/tmp/minio_downloads/1769900736.json', '/tmp/minio_downloads/1769900737.json', '/tmp/minio_downloads/1769900738.json', '/tmp/minio_downloads/1769900739.json', '/tmp/minio_downloads/1769900740.json', '/tmp/minio_downloads/1769900741.json', '/tmp/minio_downloads/1769900742.json', '/tmp/minio_downloads/1769900743.json', '/tmp/minio_downloads/1769900744.json', '/tmp/minio_downloads/1769900745.json', '/tmp/minio_downloads/1769900746.json', '/tmp/minio_downloads/1769900747.json', '/tmp/minio_downloads/1769900748.json', '/tmp/minio_downloads/1769900749.json', '/tmp/minio_downloads/1769900750.json', '/tmp/minio_downloads/1769900751.json', '/tmp/minio_downloads/1769900752.json', '/tmp/minio_downloads/1769900753.json', '/tmp/minio_downloads/1769900754.json', '/tmp/minio_downloads/1769900755.json', '/tmp/minio_downloads/1769900756.json', '/tmp/minio_downloads/1769900757.json', '/tmp/minio_downloads/1769900758.json', '/tmp/minio_downloads/1769900759.json', '/tmp/minio_downloads/1769900760.json', '/tmp/minio_downloads/1769900761.json', '/tmp/minio_downloads/1769900762.json', '/tmp/minio_downloads/1769900763.json', '/tmp/minio_downloads/1769900764.json', '/tmp/minio_downloads/1769900765.json', '/tmp/minio_downloads/1769900766.json', '/tmp/minio_downloads/1769900678.json', '/tmp/minio_downloads/1769900679.json', '/tmp/minio_downloads/1769900680.json', '/tmp/minio_downloads/1769900681.json', '/tmp/minio_downloads/1769900682.json', '/tmp/minio_downloads/1769900683.json', '/tmp/minio_downloads/1769900684.json', '/tmp/minio_downloads/1769900685.json', '/tmp/minio_downloads/1769900686.json', '/tmp/minio_downloads/1769900687.json', '/tmp/minio_downloads/1769900688.json', '/tmp/minio_downloads/1769900689.json', '/tmp/minio_downloads/1769900690.json', '/tmp/minio_downloads/1769900691.json', '/tmp/minio_downloads/1769900692.json', '/tmp/minio_downloads/1769900693.json', '/tmp/minio_downloads/1769900694.json', '/tmp/minio_downloads/1769900695.json', '/tmp/minio_downloads/1769900696.json', '/tmp/minio_downloads/1769900697.json', '/tmp/minio_downloads/1769900698.json', '/tmp/minio_downloads/1769900699.json', '/tmp/minio_downloads/1769900700.json', '/tmp/minio_downloads/1769900701.json', '/tmp/minio_downloads/1769900702.json', '/tmp/minio_downloads/1769900703.json', '/tmp/minio_downloads/1769900704.json', '/tmp/minio_downloads/1769900705.json', '/tmp/minio_downloads/1769900706.json', '/tmp/minio_downloads/1769900707.json', '/tmp/minio_downloads/1769900708.json', '/tmp/minio_downloads/1769900709.json', '/tmp/minio_downloads/1769900710.json', '/tmp/minio_downloads/1769900711.json', '/tmp/minio_downloads/1769900712.json', '/tmp/minio_downloads/1769900713.json', '/tmp/minio_downloads/1769900714.json', '/tmp/minio_downloads/1769900715.json', '/tmp/minio_downloads/1769900716.json', '/tmp/minio_downloads/1769900717.json', '/tmp/minio_downloads/1769900718.json', '/tmp/minio_downloads/1769900719.json', '/tmp/minio_downloads/1769900720.json', '/tmp/minio_downloads/1769900721.json', '/tmp/minio_downloads/1769900722.json', '/tmp/minio_downloads/1769900723.json', '/tmp/minio_downloads/1769900724.json', '/tmp/minio_downloads/1769900725.json', '/tmp/minio_downloads/1769900726.json', '/tmp/minio_downloads/1769900727.json', '/tmp/minio_downloads/1769900728.json', '/tmp/minio_downloads/1769900729.json', '/tmp/minio_downloads/1769900730.json', '/tmp/minio_downloads/1769900731.json', '/tmp/minio_downloads/1769900732.json', '/tmp/minio_downloads/1769900733.json', '/tmp/minio_downloads/1769900734.json', '/tmp/minio_downloads/1769900735.json', '/tmp/minio_downloads/1769900736.json', '/tmp/minio_downloads/1769900737.json', '/tmp/minio_downloads/1769900738.json', '/tmp/minio_downloads/1769900739.json', '/tmp/minio_downloads/1769900740.json', '/tmp/minio_downloads/1769900741.json', '/tmp/minio_downloads/1769900742.json', '/tmp/minio_downloads/1769900743.json', '/tmp/minio_downloads/1769900744.json', '/tmp/minio_downloads/1769900745.json', '/tmp/minio_downloads/1769900746.json', '/tmp/minio_downloads/1769900747.json', '/tmp/minio_downloads/1769900748.json', '/tmp/minio_downloads/1769900749.json', '/tmp/minio_downloads/1769900750.json', '/tmp/minio_downloads/1769900751.json', '/tmp/minio_downloads/1769900752.json', '/tmp/minio_downloads/1769900753.json', '/tmp/minio_downloads/1769900754.json', '/tmp/minio_downloads/1769900755.json', '/tmp/minio_downloads/1769900756.json', '/tmp/minio_downloads/1769900757.json', '/tmp/minio_downloads/1769900758.json', '/tmp/minio_downloads/1769900759.json', '/tmp/minio_downloads/1769900760.json', '/tmp/minio_downloads/1769900761.json', '/tmp/minio_downloads/1769900762.json', '/tmp/minio_downloads/1769900763.json', '/tmp/minio_downloads/1769900764.json', '/tmp/minio_downloads/1769900765.json', '/tmp/minio_downloads/1769900766.json', '/tmp/minio_downloads/1769900678.json', '/tmp/minio_downloads/1769900679.json', '/tmp/minio_downloads/1769900680.json', '/tmp/minio_downloads/1769900681.json', '/tmp/minio_downloads/1769900682.json', '/tmp/minio_downloads/1769900683.json', '/tmp/minio_downloads/1769900684.json', '/tmp/minio_downloads/1769900685.json', '/tmp/minio_downloads/1769900686.json', '/tmp/minio_downloads/1769900687.json', '/tmp/minio_downloads/1769900688.json', '/tmp/minio_downloads/1769900689.json', '/tmp/minio_downloads/1769900690.json', '/tmp/minio_downloads/1769900691.json', '/tmp/minio_downloads/1769900692.json', '/tmp/minio_downloads/1769900693.json', '/tmp/minio_downloads/1769900694.json', '/tmp/minio_downloads/1769900695.json', '/tmp/minio_downloads/1769900696.json', '/tmp/minio_downloads/1769900697.json', '/tmp/minio_downloads/1769900698.json', '/tmp/minio_downloads/1769900699.json', '/tmp/minio_downloads/1769900700.json', '/tmp/minio_downloads/1769900701.json', '/tmp/minio_downloads/1769900702.json', '/tmp/minio_downloads/1769900703.json', '/tmp/minio_downloads/1769900704.json', '/tmp/minio_downloads/1769900705.json', '/tmp/minio_downloads/1769900706.json', '/tmp/minio_downloads/1769900707.json', '/tmp/minio_downloads/1769900708.json', '/tmp/minio_downloads/1769900709.json', '/tmp/minio_downloads/1769900710.json', '/tmp/minio_downloads/1769900711.json', '/tmp/minio_downloads/1769900712.json', '/tmp/minio_downloads/1769900713.json', '/tmp/minio_downloads/1769900714.json', '/tmp/minio_downloads/1769900715.json', '/tmp/minio_downloads/1769900716.json', '/tmp/minio_downloads/1769900717.json', '/tmp/minio_downloads/1769900718.json', '/tmp/minio_downloads/1769900719.json', '/tmp/minio_downloads/1769900720.json', '/tmp/minio_downloads/1769900721.json', '/tmp/minio_downloads/1769900722.json', '/tmp/minio_downloads/1769900723.json', '/tmp/minio_downloads/1769900724.json', '/tmp/minio_downloads/1769900725.json', '/tmp/minio_downloads/1769900726.json', '/tmp/minio_downloads/1769900727.json', '/tmp/minio_downloads/1769900728.json', '/tmp/minio_downloads/1769900729.json', '/tmp/minio_downloads/1769900730.json', '/tmp/minio_downloads/1769900731.json', '/tmp/minio_downloads/1769900732.json', '/tmp/minio_downloads/1769900733.json', '/tmp/minio_downloads/1769900734.json', '/tmp/minio_downloads/1769900735.json', '/tmp/minio_downloads/1769900736.json', '/tmp/minio_downloads/1769900737.json', '/tmp/minio_downloads/1769900738.json', '/tmp/minio_downloads/1769900739.json', '/tmp/minio_downloads/1769900740.json', '/tmp/minio_downloads/1769900741.json', '/tmp/minio_downloads/1769900742.json', '/tmp/minio_downloads/1769900743.json', '/tmp/minio_downloads/1769900744.json', '/tmp/minio_downloads/1769900745.json', '/tmp/minio_downloads/1769900746.json', '/tmp/minio_downloads/1769900747.json', '/tmp/minio_downloads/1769900748.json', '/tmp/minio_downloads/1769900749.json', '/tmp/minio_downloads/1769900750.json', '/tmp/minio_downloads/1769900751.json', '/tmp/minio_downloads/1769900752.json', '/tmp/minio_downloads/1769900753.json', '/tmp/minio_downloads/1769900754.json', '/tmp/minio_downloads/1769900755.json', '/tmp/minio_downloads/1769900756.json', '/tmp/minio_downloads/1769900757.json', '/tmp/minio_downloads/1769900758.json', '/tmp/minio_downloads/1769900759.json', '/tmp/minio_downloads/1769900760.json', '/tmp/minio_downloads/1769900761.json', '/tmp/minio_downloads/1769900762.json', '/tmp/minio_downloads/1769900763.json', '/tmp/minio_downloads/1769900764.json', '/tmp/minio_downloads/1769900765.json', '/tmp/minio_downloads/1769900766.json', '/tmp/minio_downloads/1769900678.json', '/tmp/minio_downloads/1769900679.json', '/tmp/minio_downloads/1769900680.json', '/tmp/minio_downloads/1769900681.json', '/tmp/minio_downloads/1769900682.json', '/tmp/minio_downloads/1769900683.json', '/tmp/minio_downloads/1769900684.json', '/tmp/minio_downloads/1769900685.json', '/tmp/minio_downloads/1769900686.json', '/tmp/minio_downloads/1769900687.json', '/tmp/minio_downloads/1769900688.json', '/tmp/minio_downloads/1769900689.json', '/tmp/minio_downloads/1769900690.json', '/tmp/minio_downloads/1769900691.json', '/tmp/minio_downloads/1769900692.json', '/tmp/minio_downloads/1769900693.json', '/tmp/minio_downloads/1769900694.json', '/tmp/minio_downloads/1769900695.json', '/tmp/minio_downloads/1769900696.json', '/tmp/minio_downloads/1769900697.json', '/tmp/minio_downloads/1769900698.json', '/tmp/minio_downloads/1769900699.json', '/tmp/minio_downloads/1769900700.json', '/tmp/minio_downloads/1769900701.json', '/tmp/minio_downloads/1769900702.json', '/tmp/minio_downloads/1769900703.json', '/tmp/minio_downloads/1769900704.json', '/tmp/minio_downloads/1769900705.json', '/tmp/minio_downloads/1769900706.json', '/tmp/minio_downloads/1769900707.json', '/tmp/minio_downloads/1769900708.json', '/tmp/minio_downloads/1769900709.json', '/tmp/minio_downloads/1769900710.json', '/tmp/minio_downloads/1769900711.json', '/tmp/minio_downloads/1769900712.json', '/tmp/minio_downloads/1769900713.json', '/tmp/minio_downloads/1769900714.json', '/tmp/minio_downloads/1769900715.json', '/tmp/minio_downloads/1769900716.json', '/tmp/minio_downloads/1769900717.json', '/tmp/minio_downloads/1769900718.json', '/tmp/minio_downloads/1769900719.json', '/tmp/minio_downloads/1769900720.json', '/tmp/minio_downloads/1769900721.json', '/tmp/minio_downloads/1769900722.json', '/tmp/minio_downloads/1769900723.json', '/tmp/minio_downloads/1769900724.json', '/tmp/minio_downloads/1769900725.json', '/tmp/minio_downloads/1769900726.json', '/tmp/minio_downloads/1769900727.json', '/tmp/minio_downloads/1769900728.json', '/tmp/minio_downloads/1769900729.json', '/tmp/minio_downloads/1769900730.json', '/tmp/minio_downloads/1769900731.json', '/tmp/minio_downloads/1769900732.json', '/tmp/minio_downloads/1769900733.json', '/tmp/minio_downloads/1769900734.json', '/tmp/minio_downloads/1769900735.json', '/tmp/minio_downloads/1769900736.json', '/tmp/minio_downloads/1769900737.json', '/tmp/minio_downloads/1769900738.json', '/tmp/minio_downloads/1769900739.json', '/tmp/minio_downloads/1769900740.json', '/tmp/minio_downloads/1769900741.json', '/tmp/minio_downloads/1769900742.json', '/tmp/minio_downloads/1769900743.json', '/tmp/minio_downloads/1769900744.json', '/tmp/minio_downloads/1769900745.json', '/tmp/minio_downloads/1769900746.json', '/tmp/minio_downloads/1769900747.json', '/tmp/minio_downloads/1769900748.json', '/tmp/minio_downloads/1769900749.json', '/tmp/minio_downloads/1769900750.json', '/tmp/minio_downloads/1769900751.json', '/tmp/minio_downloads/1769900752.json', '/tmp/minio_downloads/1769900753.json', '/tmp/minio_downloads/1769900754.json', '/tmp/minio_downloads/1769900755.json', '/tmp/minio_downloads/1769900756.json', '/tmp/minio_downloads/1769900757.json', '/tmp/minio_downloads/1769900758.json', '/tmp/minio_downloads/1769900759.json', '/tmp/minio_downloads/1769900760.json', '/tmp/minio_downloads/1769900761.json', '/tmp/minio_downloads/1769900762.json', '/tmp/minio_downloads/1769900763.json', '/tmp/minio_downloads/1769900764.json', '/tmp/minio_downloads/1769900765.json', '/tmp/minio_downloads/1769900766.json']
[2026-02-03T17:38:05.444+0000] {taskinstance.py:441} INFO - ::group::Post task execution logs
[2026-02-03T17:38:05.468+0000] {taskinstance.py:1206} INFO - Marking task as SUCCESS. dag_id=minio_to_snowflake, task_id=download_minio, run_id=scheduled__2026-02-03T17:37:00+00:00, execution_date=20260203T173700, start_date=20260203T173802, end_date=20260203T173805
[2026-02-03T17:38:05.489+0000] {local_task_job_runner.py:243} INFO - Task exited with return code 0
[2026-02-03T17:38:05.507+0000] {taskinstance.py:3503} INFO - 1 downstream tasks scheduled from follow-on schedule check
[2026-02-03T17:38:05.514+0000] {local_task_job_runner.py:222} INFO - ::endgroup::
