[2026-02-03T23:13:19.298+0000] {local_task_job_runner.py:120} INFO - ::group::Pre task execution logs
[2026-02-03T23:13:19.319+0000] {taskinstance.py:2076} INFO - Dependencies all met for dep_context=non-requeueable deps ti=<TaskInstance: minio_to_snowflake.download_minio scheduled__2026-02-03T23:12:00+00:00 [queued]>
[2026-02-03T23:13:19.326+0000] {taskinstance.py:2076} INFO - Dependencies all met for dep_context=requeueable deps ti=<TaskInstance: minio_to_snowflake.download_minio scheduled__2026-02-03T23:12:00+00:00 [queued]>
[2026-02-03T23:13:19.326+0000] {taskinstance.py:2306} INFO - Starting attempt 1 of 2
[2026-02-03T23:13:19.336+0000] {taskinstance.py:2330} INFO - Executing <Task(PythonOperator): download_minio> on 2026-02-03 23:12:00+00:00
[2026-02-03T23:13:19.348+0000] {logging_mixin.py:188} WARNING - /home/***/.local/lib/python3.12/site-packages/***/task/task_runner/standard_task_runner.py:62 DeprecationWarning: This process (pid=1051) is multi-threaded, use of fork() may lead to deadlocks in the child.
[2026-02-03T23:13:19.345+0000] {standard_task_runner.py:90} INFO - Running: ['***', 'tasks', 'run', 'minio_to_snowflake', 'download_minio', 'scheduled__2026-02-03T23:12:00+00:00', '--job-id', '414', '--raw', '--subdir', 'DAGS_FOLDER/minio_to_snowflake.py', '--cfg-path', '/tmp/tmprnv5g1te']
[2026-02-03T23:13:19.349+0000] {standard_task_runner.py:64} INFO - Started process 1075 to run task
[2026-02-03T23:13:19.350+0000] {standard_task_runner.py:91} INFO - Job 414: Subtask download_minio
[2026-02-03T23:13:19.423+0000] {task_command.py:426} INFO - Running <TaskInstance: minio_to_snowflake.download_minio scheduled__2026-02-03T23:12:00+00:00 [running]> on host e6e1c513bfd4
[2026-02-03T23:13:19.487+0000] {taskinstance.py:2648} INFO - Exporting env vars: AIRFLOW_CTX_DAG_OWNER='***' AIRFLOW_CTX_DAG_ID='minio_to_snowflake' AIRFLOW_CTX_TASK_ID='download_minio' AIRFLOW_CTX_EXECUTION_DATE='2026-02-03T23:12:00+00:00' AIRFLOW_CTX_TRY_NUMBER='1' AIRFLOW_CTX_DAG_RUN_ID='scheduled__2026-02-03T23:12:00+00:00'
[2026-02-03T23:13:19.488+0000] {taskinstance.py:430} INFO - ::endgroup::
[2026-02-03T23:13:19.785+0000] {logging_mixin.py:188} INFO - Downloaded AAPL/1769900678.json -> /tmp/minio_downloads/1769900678.json
[2026-02-03T23:13:19.792+0000] {logging_mixin.py:188} INFO - Downloaded AAPL/1769900679.json -> /tmp/minio_downloads/1769900679.json
[2026-02-03T23:13:19.797+0000] {logging_mixin.py:188} INFO - Downloaded AAPL/1769900680.json -> /tmp/minio_downloads/1769900680.json
[2026-02-03T23:13:19.803+0000] {logging_mixin.py:188} INFO - Downloaded AAPL/1769900681.json -> /tmp/minio_downloads/1769900681.json
[2026-02-03T23:13:19.809+0000] {logging_mixin.py:188} INFO - Downloaded AAPL/1769900682.json -> /tmp/minio_downloads/1769900682.json
[2026-02-03T23:13:19.814+0000] {logging_mixin.py:188} INFO - Downloaded AAPL/1769900683.json -> /tmp/minio_downloads/1769900683.json
[2026-02-03T23:13:19.819+0000] {logging_mixin.py:188} INFO - Downloaded AAPL/1769900684.json -> /tmp/minio_downloads/1769900684.json
[2026-02-03T23:13:19.824+0000] {logging_mixin.py:188} INFO - Downloaded AAPL/1769900685.json -> /tmp/minio_downloads/1769900685.json
[2026-02-03T23:13:19.829+0000] {logging_mixin.py:188} INFO - Downloaded AAPL/1769900686.json -> /tmp/minio_downloads/1769900686.json
[2026-02-03T23:13:19.834+0000] {logging_mixin.py:188} INFO - Downloaded AAPL/1769900687.json -> /tmp/minio_downloads/1769900687.json
[2026-02-03T23:13:19.839+0000] {logging_mixin.py:188} INFO - Downloaded AAPL/1769900688.json -> /tmp/minio_downloads/1769900688.json
[2026-02-03T23:13:19.845+0000] {logging_mixin.py:188} INFO - Downloaded AAPL/1769900689.json -> /tmp/minio_downloads/1769900689.json
[2026-02-03T23:13:19.851+0000] {logging_mixin.py:188} INFO - Downloaded AAPL/1769900690.json -> /tmp/minio_downloads/1769900690.json
[2026-02-03T23:13:19.857+0000] {logging_mixin.py:188} INFO - Downloaded AAPL/1769900691.json -> /tmp/minio_downloads/1769900691.json
[2026-02-03T23:13:19.862+0000] {logging_mixin.py:188} INFO - Downloaded AAPL/1769900692.json -> /tmp/minio_downloads/1769900692.json
[2026-02-03T23:13:19.867+0000] {logging_mixin.py:188} INFO - Downloaded AAPL/1769900693.json -> /tmp/minio_downloads/1769900693.json
[2026-02-03T23:13:19.872+0000] {logging_mixin.py:188} INFO - Downloaded AAPL/1769900694.json -> /tmp/minio_downloads/1769900694.json
[2026-02-03T23:13:19.877+0000] {logging_mixin.py:188} INFO - Downloaded AAPL/1769900695.json -> /tmp/minio_downloads/1769900695.json
[2026-02-03T23:13:19.882+0000] {logging_mixin.py:188} INFO - Downloaded AAPL/1769900696.json -> /tmp/minio_downloads/1769900696.json
[2026-02-03T23:13:19.887+0000] {logging_mixin.py:188} INFO - Downloaded AAPL/1769900697.json -> /tmp/minio_downloads/1769900697.json
[2026-02-03T23:13:19.892+0000] {logging_mixin.py:188} INFO - Downloaded AAPL/1769900698.json -> /tmp/minio_downloads/1769900698.json
[2026-02-03T23:13:19.898+0000] {logging_mixin.py:188} INFO - Downloaded AAPL/1769900699.json -> /tmp/minio_downloads/1769900699.json
[2026-02-03T23:13:19.903+0000] {logging_mixin.py:188} INFO - Downloaded AAPL/1769900700.json -> /tmp/minio_downloads/1769900700.json
[2026-02-03T23:13:19.908+0000] {logging_mixin.py:188} INFO - Downloaded AAPL/1769900701.json -> /tmp/minio_downloads/1769900701.json
[2026-02-03T23:13:19.913+0000] {logging_mixin.py:188} INFO - Downloaded AAPL/1769900702.json -> /tmp/minio_downloads/1769900702.json
[2026-02-03T23:13:19.918+0000] {logging_mixin.py:188} INFO - Downloaded AAPL/1769900703.json -> /tmp/minio_downloads/1769900703.json
[2026-02-03T23:13:19.923+0000] {logging_mixin.py:188} INFO - Downloaded AAPL/1769900704.json -> /tmp/minio_downloads/1769900704.json
[2026-02-03T23:13:19.928+0000] {logging_mixin.py:188} INFO - Downloaded AAPL/1769900705.json -> /tmp/minio_downloads/1769900705.json
[2026-02-03T23:13:19.933+0000] {logging_mixin.py:188} INFO - Downloaded AAPL/1769900706.json -> /tmp/minio_downloads/1769900706.json
[2026-02-03T23:13:19.938+0000] {logging_mixin.py:188} INFO - Downloaded AAPL/1769900707.json -> /tmp/minio_downloads/1769900707.json
[2026-02-03T23:13:19.943+0000] {logging_mixin.py:188} INFO - Downloaded AAPL/1769900708.json -> /tmp/minio_downloads/1769900708.json
[2026-02-03T23:13:19.955+0000] {logging_mixin.py:188} INFO - Downloaded AAPL/1769900709.json -> /tmp/minio_downloads/1769900709.json
[2026-02-03T23:13:19.961+0000] {logging_mixin.py:188} INFO - Downloaded AAPL/1769900710.json -> /tmp/minio_downloads/1769900710.json
[2026-02-03T23:13:19.966+0000] {logging_mixin.py:188} INFO - Downloaded AAPL/1769900711.json -> /tmp/minio_downloads/1769900711.json
[2026-02-03T23:13:19.971+0000] {logging_mixin.py:188} INFO - Downloaded AAPL/1769900712.json -> /tmp/minio_downloads/1769900712.json
[2026-02-03T23:13:19.975+0000] {logging_mixin.py:188} INFO - Downloaded AAPL/1769900713.json -> /tmp/minio_downloads/1769900713.json
[2026-02-03T23:13:19.980+0000] {logging_mixin.py:188} INFO - Downloaded AAPL/1769900714.json -> /tmp/minio_downloads/1769900714.json
[2026-02-03T23:13:19.985+0000] {logging_mixin.py:188} INFO - Downloaded AAPL/1769900715.json -> /tmp/minio_downloads/1769900715.json
[2026-02-03T23:13:19.991+0000] {logging_mixin.py:188} INFO - Downloaded AAPL/1769900716.json -> /tmp/minio_downloads/1769900716.json
[2026-02-03T23:13:19.997+0000] {logging_mixin.py:188} INFO - Downloaded AAPL/1769900717.json -> /tmp/minio_downloads/1769900717.json
[2026-02-03T23:13:20.002+0000] {logging_mixin.py:188} INFO - Downloaded AAPL/1769900718.json -> /tmp/minio_downloads/1769900718.json
[2026-02-03T23:13:20.007+0000] {logging_mixin.py:188} INFO - Downloaded AAPL/1769900719.json -> /tmp/minio_downloads/1769900719.json
[2026-02-03T23:13:20.013+0000] {logging_mixin.py:188} INFO - Downloaded AAPL/1769900720.json -> /tmp/minio_downloads/1769900720.json
[2026-02-03T23:13:20.018+0000] {logging_mixin.py:188} INFO - Downloaded AAPL/1769900721.json -> /tmp/minio_downloads/1769900721.json
[2026-02-03T23:13:20.023+0000] {logging_mixin.py:188} INFO - Downloaded AAPL/1769900722.json -> /tmp/minio_downloads/1769900722.json
[2026-02-03T23:13:20.029+0000] {logging_mixin.py:188} INFO - Downloaded AAPL/1769900723.json -> /tmp/minio_downloads/1769900723.json
[2026-02-03T23:13:20.034+0000] {logging_mixin.py:188} INFO - Downloaded AAPL/1769900724.json -> /tmp/minio_downloads/1769900724.json
[2026-02-03T23:13:20.039+0000] {logging_mixin.py:188} INFO - Downloaded AAPL/1769900725.json -> /tmp/minio_downloads/1769900725.json
[2026-02-03T23:13:20.044+0000] {logging_mixin.py:188} INFO - Downloaded AAPL/1769900726.json -> /tmp/minio_downloads/1769900726.json
[2026-02-03T23:13:20.050+0000] {logging_mixin.py:188} INFO - Downloaded AAPL/1769900727.json -> /tmp/minio_downloads/1769900727.json
[2026-02-03T23:13:20.055+0000] {logging_mixin.py:188} INFO - Downloaded AAPL/1769900728.json -> /tmp/minio_downloads/1769900728.json
[2026-02-03T23:13:20.060+0000] {logging_mixin.py:188} INFO - Downloaded AAPL/1769900729.json -> /tmp/minio_downloads/1769900729.json
[2026-02-03T23:13:20.066+0000] {logging_mixin.py:188} INFO - Downloaded AAPL/1769900730.json -> /tmp/minio_downloads/1769900730.json
[2026-02-03T23:13:20.071+0000] {logging_mixin.py:188} INFO - Downloaded AAPL/1769900731.json -> /tmp/minio_downloads/1769900731.json
[2026-02-03T23:13:20.077+0000] {logging_mixin.py:188} INFO - Downloaded AAPL/1769900732.json -> /tmp/minio_downloads/1769900732.json
[2026-02-03T23:13:20.082+0000] {logging_mixin.py:188} INFO - Downloaded AAPL/1769900733.json -> /tmp/minio_downloads/1769900733.json
[2026-02-03T23:13:20.087+0000] {logging_mixin.py:188} INFO - Downloaded AAPL/1769900734.json -> /tmp/minio_downloads/1769900734.json
[2026-02-03T23:13:20.092+0000] {logging_mixin.py:188} INFO - Downloaded AAPL/1769900735.json -> /tmp/minio_downloads/1769900735.json
[2026-02-03T23:13:20.098+0000] {logging_mixin.py:188} INFO - Downloaded AAPL/1769900736.json -> /tmp/minio_downloads/1769900736.json
[2026-02-03T23:13:20.103+0000] {logging_mixin.py:188} INFO - Downloaded AAPL/1769900737.json -> /tmp/minio_downloads/1769900737.json
[2026-02-03T23:13:20.108+0000] {logging_mixin.py:188} INFO - Downloaded AAPL/1769900738.json -> /tmp/minio_downloads/1769900738.json
[2026-02-03T23:13:20.112+0000] {logging_mixin.py:188} INFO - Downloaded AAPL/1769900739.json -> /tmp/minio_downloads/1769900739.json
[2026-02-03T23:13:20.117+0000] {logging_mixin.py:188} INFO - Downloaded AAPL/1769900740.json -> /tmp/minio_downloads/1769900740.json
[2026-02-03T23:13:20.122+0000] {logging_mixin.py:188} INFO - Downloaded AAPL/1769900741.json -> /tmp/minio_downloads/1769900741.json
[2026-02-03T23:13:20.126+0000] {logging_mixin.py:188} INFO - Downloaded AAPL/1769900742.json -> /tmp/minio_downloads/1769900742.json
[2026-02-03T23:13:20.131+0000] {logging_mixin.py:188} INFO - Downloaded AAPL/1769900743.json -> /tmp/minio_downloads/1769900743.json
[2026-02-03T23:13:20.136+0000] {logging_mixin.py:188} INFO - Downloaded AAPL/1769900744.json -> /tmp/minio_downloads/1769900744.json
[2026-02-03T23:13:20.141+0000] {logging_mixin.py:188} INFO - Downloaded AAPL/1769900745.json -> /tmp/minio_downloads/1769900745.json
[2026-02-03T23:13:20.146+0000] {logging_mixin.py:188} INFO - Downloaded AAPL/1769900746.json -> /tmp/minio_downloads/1769900746.json
[2026-02-03T23:13:20.150+0000] {logging_mixin.py:188} INFO - Downloaded AAPL/1769900747.json -> /tmp/minio_downloads/1769900747.json
[2026-02-03T23:13:20.155+0000] {logging_mixin.py:188} INFO - Downloaded AAPL/1769900748.json -> /tmp/minio_downloads/1769900748.json
[2026-02-03T23:13:20.160+0000] {logging_mixin.py:188} INFO - Downloaded AAPL/1769900749.json -> /tmp/minio_downloads/1769900749.json
[2026-02-03T23:13:20.166+0000] {logging_mixin.py:188} INFO - Downloaded AAPL/1769900750.json -> /tmp/minio_downloads/1769900750.json
[2026-02-03T23:13:20.175+0000] {logging_mixin.py:188} INFO - Downloaded AAPL/1769900751.json -> /tmp/minio_downloads/1769900751.json
[2026-02-03T23:13:20.182+0000] {logging_mixin.py:188} INFO - Downloaded AAPL/1769900752.json -> /tmp/minio_downloads/1769900752.json
[2026-02-03T23:13:20.188+0000] {logging_mixin.py:188} INFO - Downloaded AAPL/1769900753.json -> /tmp/minio_downloads/1769900753.json
[2026-02-03T23:13:20.194+0000] {logging_mixin.py:188} INFO - Downloaded AAPL/1769900754.json -> /tmp/minio_downloads/1769900754.json
[2026-02-03T23:13:20.200+0000] {logging_mixin.py:188} INFO - Downloaded AAPL/1769900755.json -> /tmp/minio_downloads/1769900755.json
[2026-02-03T23:13:20.204+0000] {logging_mixin.py:188} INFO - Downloaded AAPL/1769900756.json -> /tmp/minio_downloads/1769900756.json
[2026-02-03T23:13:20.210+0000] {logging_mixin.py:188} INFO - Downloaded AAPL/1769900757.json -> /tmp/minio_downloads/1769900757.json
[2026-02-03T23:13:20.215+0000] {logging_mixin.py:188} INFO - Downloaded AAPL/1769900758.json -> /tmp/minio_downloads/1769900758.json
[2026-02-03T23:13:20.220+0000] {logging_mixin.py:188} INFO - Downloaded AAPL/1769900759.json -> /tmp/minio_downloads/1769900759.json
[2026-02-03T23:13:20.225+0000] {logging_mixin.py:188} INFO - Downloaded AAPL/1769900760.json -> /tmp/minio_downloads/1769900760.json
[2026-02-03T23:13:20.229+0000] {logging_mixin.py:188} INFO - Downloaded AAPL/1769900761.json -> /tmp/minio_downloads/1769900761.json
[2026-02-03T23:13:20.234+0000] {logging_mixin.py:188} INFO - Downloaded AAPL/1769900762.json -> /tmp/minio_downloads/1769900762.json
[2026-02-03T23:13:20.239+0000] {logging_mixin.py:188} INFO - Downloaded AAPL/1769900763.json -> /tmp/minio_downloads/1769900763.json
[2026-02-03T23:13:20.244+0000] {logging_mixin.py:188} INFO - Downloaded AAPL/1769900764.json -> /tmp/minio_downloads/1769900764.json
[2026-02-03T23:13:20.248+0000] {logging_mixin.py:188} INFO - Downloaded AAPL/1769900765.json -> /tmp/minio_downloads/1769900765.json
[2026-02-03T23:13:20.253+0000] {logging_mixin.py:188} INFO - Downloaded AAPL/1769900766.json -> /tmp/minio_downloads/1769900766.json
[2026-02-03T23:13:20.257+0000] {logging_mixin.py:188} INFO - Downloaded AMZN/1769900678.json -> /tmp/minio_downloads/1769900678.json
[2026-02-03T23:13:20.262+0000] {logging_mixin.py:188} INFO - Downloaded AMZN/1769900679.json -> /tmp/minio_downloads/1769900679.json
[2026-02-03T23:13:20.267+0000] {logging_mixin.py:188} INFO - Downloaded AMZN/1769900680.json -> /tmp/minio_downloads/1769900680.json
[2026-02-03T23:13:20.271+0000] {logging_mixin.py:188} INFO - Downloaded AMZN/1769900681.json -> /tmp/minio_downloads/1769900681.json
[2026-02-03T23:13:20.276+0000] {logging_mixin.py:188} INFO - Downloaded AMZN/1769900682.json -> /tmp/minio_downloads/1769900682.json
[2026-02-03T23:13:20.281+0000] {logging_mixin.py:188} INFO - Downloaded AMZN/1769900683.json -> /tmp/minio_downloads/1769900683.json
[2026-02-03T23:13:20.286+0000] {logging_mixin.py:188} INFO - Downloaded AMZN/1769900684.json -> /tmp/minio_downloads/1769900684.json
[2026-02-03T23:13:20.291+0000] {logging_mixin.py:188} INFO - Downloaded AMZN/1769900685.json -> /tmp/minio_downloads/1769900685.json
[2026-02-03T23:13:20.296+0000] {logging_mixin.py:188} INFO - Downloaded AMZN/1769900686.json -> /tmp/minio_downloads/1769900686.json
[2026-02-03T23:13:20.301+0000] {logging_mixin.py:188} INFO - Downloaded AMZN/1769900687.json -> /tmp/minio_downloads/1769900687.json
[2026-02-03T23:13:20.306+0000] {logging_mixin.py:188} INFO - Downloaded AMZN/1769900688.json -> /tmp/minio_downloads/1769900688.json
[2026-02-03T23:13:20.311+0000] {logging_mixin.py:188} INFO - Downloaded AMZN/1769900689.json -> /tmp/minio_downloads/1769900689.json
[2026-02-03T23:13:20.317+0000] {logging_mixin.py:188} INFO - Downloaded AMZN/1769900690.json -> /tmp/minio_downloads/1769900690.json
[2026-02-03T23:13:20.322+0000] {logging_mixin.py:188} INFO - Downloaded AMZN/1769900691.json -> /tmp/minio_downloads/1769900691.json
[2026-02-03T23:13:20.326+0000] {logging_mixin.py:188} INFO - Downloaded AMZN/1769900692.json -> /tmp/minio_downloads/1769900692.json
[2026-02-03T23:13:20.332+0000] {logging_mixin.py:188} INFO - Downloaded AMZN/1769900693.json -> /tmp/minio_downloads/1769900693.json
[2026-02-03T23:13:20.337+0000] {logging_mixin.py:188} INFO - Downloaded AMZN/1769900694.json -> /tmp/minio_downloads/1769900694.json
[2026-02-03T23:13:20.343+0000] {logging_mixin.py:188} INFO - Downloaded AMZN/1769900695.json -> /tmp/minio_downloads/1769900695.json
[2026-02-03T23:13:20.348+0000] {logging_mixin.py:188} INFO - Downloaded AMZN/1769900696.json -> /tmp/minio_downloads/1769900696.json
[2026-02-03T23:13:20.354+0000] {logging_mixin.py:188} INFO - Downloaded AMZN/1769900697.json -> /tmp/minio_downloads/1769900697.json
[2026-02-03T23:13:20.360+0000] {logging_mixin.py:188} INFO - Downloaded AMZN/1769900698.json -> /tmp/minio_downloads/1769900698.json
[2026-02-03T23:13:20.365+0000] {logging_mixin.py:188} INFO - Downloaded AMZN/1769900699.json -> /tmp/minio_downloads/1769900699.json
[2026-02-03T23:13:20.371+0000] {logging_mixin.py:188} INFO - Downloaded AMZN/1769900700.json -> /tmp/minio_downloads/1769900700.json
[2026-02-03T23:13:20.375+0000] {logging_mixin.py:188} INFO - Downloaded AMZN/1769900701.json -> /tmp/minio_downloads/1769900701.json
[2026-02-03T23:13:20.380+0000] {logging_mixin.py:188} INFO - Downloaded AMZN/1769900702.json -> /tmp/minio_downloads/1769900702.json
[2026-02-03T23:13:20.385+0000] {logging_mixin.py:188} INFO - Downloaded AMZN/1769900703.json -> /tmp/minio_downloads/1769900703.json
[2026-02-03T23:13:20.390+0000] {logging_mixin.py:188} INFO - Downloaded AMZN/1769900704.json -> /tmp/minio_downloads/1769900704.json
[2026-02-03T23:13:20.395+0000] {logging_mixin.py:188} INFO - Downloaded AMZN/1769900705.json -> /tmp/minio_downloads/1769900705.json
[2026-02-03T23:13:20.400+0000] {logging_mixin.py:188} INFO - Downloaded AMZN/1769900706.json -> /tmp/minio_downloads/1769900706.json
[2026-02-03T23:13:20.404+0000] {logging_mixin.py:188} INFO - Downloaded AMZN/1769900707.json -> /tmp/minio_downloads/1769900707.json
[2026-02-03T23:13:20.409+0000] {logging_mixin.py:188} INFO - Downloaded AMZN/1769900708.json -> /tmp/minio_downloads/1769900708.json
[2026-02-03T23:13:20.414+0000] {logging_mixin.py:188} INFO - Downloaded AMZN/1769900709.json -> /tmp/minio_downloads/1769900709.json
[2026-02-03T23:13:20.419+0000] {logging_mixin.py:188} INFO - Downloaded AMZN/1769900710.json -> /tmp/minio_downloads/1769900710.json
[2026-02-03T23:13:20.424+0000] {logging_mixin.py:188} INFO - Downloaded AMZN/1769900711.json -> /tmp/minio_downloads/1769900711.json
[2026-02-03T23:13:20.428+0000] {logging_mixin.py:188} INFO - Downloaded AMZN/1769900712.json -> /tmp/minio_downloads/1769900712.json
[2026-02-03T23:13:20.433+0000] {logging_mixin.py:188} INFO - Downloaded AMZN/1769900713.json -> /tmp/minio_downloads/1769900713.json
[2026-02-03T23:13:20.438+0000] {logging_mixin.py:188} INFO - Downloaded AMZN/1769900714.json -> /tmp/minio_downloads/1769900714.json
[2026-02-03T23:13:20.443+0000] {logging_mixin.py:188} INFO - Downloaded AMZN/1769900715.json -> /tmp/minio_downloads/1769900715.json
[2026-02-03T23:13:20.448+0000] {logging_mixin.py:188} INFO - Downloaded AMZN/1769900716.json -> /tmp/minio_downloads/1769900716.json
[2026-02-03T23:13:20.453+0000] {logging_mixin.py:188} INFO - Downloaded AMZN/1769900717.json -> /tmp/minio_downloads/1769900717.json
[2026-02-03T23:13:20.457+0000] {logging_mixin.py:188} INFO - Downloaded AMZN/1769900718.json -> /tmp/minio_downloads/1769900718.json
[2026-02-03T23:13:20.462+0000] {logging_mixin.py:188} INFO - Downloaded AMZN/1769900719.json -> /tmp/minio_downloads/1769900719.json
[2026-02-03T23:13:20.467+0000] {logging_mixin.py:188} INFO - Downloaded AMZN/1769900720.json -> /tmp/minio_downloads/1769900720.json
[2026-02-03T23:13:20.473+0000] {logging_mixin.py:188} INFO - Downloaded AMZN/1769900721.json -> /tmp/minio_downloads/1769900721.json
[2026-02-03T23:13:20.478+0000] {logging_mixin.py:188} INFO - Downloaded AMZN/1769900722.json -> /tmp/minio_downloads/1769900722.json
[2026-02-03T23:13:20.482+0000] {logging_mixin.py:188} INFO - Downloaded AMZN/1769900723.json -> /tmp/minio_downloads/1769900723.json
[2026-02-03T23:13:20.487+0000] {logging_mixin.py:188} INFO - Downloaded AMZN/1769900724.json -> /tmp/minio_downloads/1769900724.json
[2026-02-03T23:13:20.491+0000] {logging_mixin.py:188} INFO - Downloaded AMZN/1769900725.json -> /tmp/minio_downloads/1769900725.json
[2026-02-03T23:13:20.496+0000] {logging_mixin.py:188} INFO - Downloaded AMZN/1769900726.json -> /tmp/minio_downloads/1769900726.json
[2026-02-03T23:13:20.503+0000] {logging_mixin.py:188} INFO - Downloaded AMZN/1769900727.json -> /tmp/minio_downloads/1769900727.json
[2026-02-03T23:13:20.510+0000] {logging_mixin.py:188} INFO - Downloaded AMZN/1769900728.json -> /tmp/minio_downloads/1769900728.json
[2026-02-03T23:13:20.516+0000] {logging_mixin.py:188} INFO - Downloaded AMZN/1769900729.json -> /tmp/minio_downloads/1769900729.json
[2026-02-03T23:13:20.521+0000] {logging_mixin.py:188} INFO - Downloaded AMZN/1769900730.json -> /tmp/minio_downloads/1769900730.json
[2026-02-03T23:13:20.528+0000] {logging_mixin.py:188} INFO - Downloaded AMZN/1769900731.json -> /tmp/minio_downloads/1769900731.json
[2026-02-03T23:13:20.534+0000] {logging_mixin.py:188} INFO - Downloaded AMZN/1769900732.json -> /tmp/minio_downloads/1769900732.json
[2026-02-03T23:13:20.539+0000] {logging_mixin.py:188} INFO - Downloaded AMZN/1769900733.json -> /tmp/minio_downloads/1769900733.json
[2026-02-03T23:13:20.543+0000] {logging_mixin.py:188} INFO - Downloaded AMZN/1769900734.json -> /tmp/minio_downloads/1769900734.json
[2026-02-03T23:13:20.548+0000] {logging_mixin.py:188} INFO - Downloaded AMZN/1769900735.json -> /tmp/minio_downloads/1769900735.json
[2026-02-03T23:13:20.553+0000] {logging_mixin.py:188} INFO - Downloaded AMZN/1769900736.json -> /tmp/minio_downloads/1769900736.json
[2026-02-03T23:13:20.558+0000] {logging_mixin.py:188} INFO - Downloaded AMZN/1769900737.json -> /tmp/minio_downloads/1769900737.json
[2026-02-03T23:13:20.562+0000] {logging_mixin.py:188} INFO - Downloaded AMZN/1769900738.json -> /tmp/minio_downloads/1769900738.json
[2026-02-03T23:13:20.567+0000] {logging_mixin.py:188} INFO - Downloaded AMZN/1769900739.json -> /tmp/minio_downloads/1769900739.json
[2026-02-03T23:13:20.572+0000] {logging_mixin.py:188} INFO - Downloaded AMZN/1769900740.json -> /tmp/minio_downloads/1769900740.json
[2026-02-03T23:13:20.579+0000] {logging_mixin.py:188} INFO - Downloaded AMZN/1769900741.json -> /tmp/minio_downloads/1769900741.json
[2026-02-03T23:13:20.584+0000] {logging_mixin.py:188} INFO - Downloaded AMZN/1769900742.json -> /tmp/minio_downloads/1769900742.json
[2026-02-03T23:13:20.589+0000] {logging_mixin.py:188} INFO - Downloaded AMZN/1769900743.json -> /tmp/minio_downloads/1769900743.json
[2026-02-03T23:13:20.594+0000] {logging_mixin.py:188} INFO - Downloaded AMZN/1769900744.json -> /tmp/minio_downloads/1769900744.json
[2026-02-03T23:13:20.598+0000] {logging_mixin.py:188} INFO - Downloaded AMZN/1769900745.json -> /tmp/minio_downloads/1769900745.json
[2026-02-03T23:13:20.602+0000] {logging_mixin.py:188} INFO - Downloaded AMZN/1769900746.json -> /tmp/minio_downloads/1769900746.json
[2026-02-03T23:13:20.607+0000] {logging_mixin.py:188} INFO - Downloaded AMZN/1769900747.json -> /tmp/minio_downloads/1769900747.json
[2026-02-03T23:13:20.613+0000] {logging_mixin.py:188} INFO - Downloaded AMZN/1769900748.json -> /tmp/minio_downloads/1769900748.json
[2026-02-03T23:13:20.618+0000] {logging_mixin.py:188} INFO - Downloaded AMZN/1769900749.json -> /tmp/minio_downloads/1769900749.json
[2026-02-03T23:13:20.622+0000] {logging_mixin.py:188} INFO - Downloaded AMZN/1769900750.json -> /tmp/minio_downloads/1769900750.json
[2026-02-03T23:13:20.627+0000] {logging_mixin.py:188} INFO - Downloaded AMZN/1769900751.json -> /tmp/minio_downloads/1769900751.json
[2026-02-03T23:13:20.631+0000] {logging_mixin.py:188} INFO - Downloaded AMZN/1769900752.json -> /tmp/minio_downloads/1769900752.json
[2026-02-03T23:13:20.636+0000] {logging_mixin.py:188} INFO - Downloaded AMZN/1769900753.json -> /tmp/minio_downloads/1769900753.json
[2026-02-03T23:13:20.641+0000] {logging_mixin.py:188} INFO - Downloaded AMZN/1769900754.json -> /tmp/minio_downloads/1769900754.json
[2026-02-03T23:13:20.645+0000] {logging_mixin.py:188} INFO - Downloaded AMZN/1769900755.json -> /tmp/minio_downloads/1769900755.json
[2026-02-03T23:13:20.650+0000] {logging_mixin.py:188} INFO - Downloaded AMZN/1769900756.json -> /tmp/minio_downloads/1769900756.json
[2026-02-03T23:13:20.654+0000] {logging_mixin.py:188} INFO - Downloaded AMZN/1769900757.json -> /tmp/minio_downloads/1769900757.json
[2026-02-03T23:13:20.660+0000] {logging_mixin.py:188} INFO - Downloaded AMZN/1769900758.json -> /tmp/minio_downloads/1769900758.json
[2026-02-03T23:13:20.665+0000] {logging_mixin.py:188} INFO - Downloaded AMZN/1769900759.json -> /tmp/minio_downloads/1769900759.json
[2026-02-03T23:13:20.670+0000] {logging_mixin.py:188} INFO - Downloaded AMZN/1769900760.json -> /tmp/minio_downloads/1769900760.json
[2026-02-03T23:13:20.675+0000] {logging_mixin.py:188} INFO - Downloaded AMZN/1769900761.json -> /tmp/minio_downloads/1769900761.json
[2026-02-03T23:13:20.680+0000] {logging_mixin.py:188} INFO - Downloaded AMZN/1769900762.json -> /tmp/minio_downloads/1769900762.json
[2026-02-03T23:13:20.684+0000] {logging_mixin.py:188} INFO - Downloaded AMZN/1769900763.json -> /tmp/minio_downloads/1769900763.json
[2026-02-03T23:13:20.689+0000] {logging_mixin.py:188} INFO - Downloaded AMZN/1769900764.json -> /tmp/minio_downloads/1769900764.json
[2026-02-03T23:13:20.693+0000] {logging_mixin.py:188} INFO - Downloaded AMZN/1769900765.json -> /tmp/minio_downloads/1769900765.json
[2026-02-03T23:13:20.697+0000] {logging_mixin.py:188} INFO - Downloaded AMZN/1769900766.json -> /tmp/minio_downloads/1769900766.json
[2026-02-03T23:13:20.702+0000] {logging_mixin.py:188} INFO - Downloaded GOOGL/1769900678.json -> /tmp/minio_downloads/1769900678.json
[2026-02-03T23:13:20.707+0000] {logging_mixin.py:188} INFO - Downloaded GOOGL/1769900679.json -> /tmp/minio_downloads/1769900679.json
[2026-02-03T23:13:20.711+0000] {logging_mixin.py:188} INFO - Downloaded GOOGL/1769900680.json -> /tmp/minio_downloads/1769900680.json
[2026-02-03T23:13:20.715+0000] {logging_mixin.py:188} INFO - Downloaded GOOGL/1769900681.json -> /tmp/minio_downloads/1769900681.json
[2026-02-03T23:13:20.719+0000] {logging_mixin.py:188} INFO - Downloaded GOOGL/1769900682.json -> /tmp/minio_downloads/1769900682.json
[2026-02-03T23:13:20.723+0000] {logging_mixin.py:188} INFO - Downloaded GOOGL/1769900683.json -> /tmp/minio_downloads/1769900683.json
[2026-02-03T23:13:20.728+0000] {logging_mixin.py:188} INFO - Downloaded GOOGL/1769900684.json -> /tmp/minio_downloads/1769900684.json
[2026-02-03T23:13:20.732+0000] {logging_mixin.py:188} INFO - Downloaded GOOGL/1769900685.json -> /tmp/minio_downloads/1769900685.json
[2026-02-03T23:13:20.737+0000] {logging_mixin.py:188} INFO - Downloaded GOOGL/1769900686.json -> /tmp/minio_downloads/1769900686.json
[2026-02-03T23:13:20.741+0000] {logging_mixin.py:188} INFO - Downloaded GOOGL/1769900687.json -> /tmp/minio_downloads/1769900687.json
[2026-02-03T23:13:20.745+0000] {logging_mixin.py:188} INFO - Downloaded GOOGL/1769900688.json -> /tmp/minio_downloads/1769900688.json
[2026-02-03T23:13:20.750+0000] {logging_mixin.py:188} INFO - Downloaded GOOGL/1769900689.json -> /tmp/minio_downloads/1769900689.json
[2026-02-03T23:13:20.754+0000] {logging_mixin.py:188} INFO - Downloaded GOOGL/1769900690.json -> /tmp/minio_downloads/1769900690.json
[2026-02-03T23:13:20.758+0000] {logging_mixin.py:188} INFO - Downloaded GOOGL/1769900691.json -> /tmp/minio_downloads/1769900691.json
[2026-02-03T23:13:20.763+0000] {logging_mixin.py:188} INFO - Downloaded GOOGL/1769900692.json -> /tmp/minio_downloads/1769900692.json
[2026-02-03T23:13:20.767+0000] {logging_mixin.py:188} INFO - Downloaded GOOGL/1769900693.json -> /tmp/minio_downloads/1769900693.json
[2026-02-03T23:13:20.772+0000] {logging_mixin.py:188} INFO - Downloaded GOOGL/1769900694.json -> /tmp/minio_downloads/1769900694.json
[2026-02-03T23:13:20.776+0000] {logging_mixin.py:188} INFO - Downloaded GOOGL/1769900695.json -> /tmp/minio_downloads/1769900695.json
[2026-02-03T23:13:20.781+0000] {logging_mixin.py:188} INFO - Downloaded GOOGL/1769900696.json -> /tmp/minio_downloads/1769900696.json
[2026-02-03T23:13:20.786+0000] {logging_mixin.py:188} INFO - Downloaded GOOGL/1769900697.json -> /tmp/minio_downloads/1769900697.json
[2026-02-03T23:13:20.790+0000] {logging_mixin.py:188} INFO - Downloaded GOOGL/1769900698.json -> /tmp/minio_downloads/1769900698.json
[2026-02-03T23:13:20.795+0000] {logging_mixin.py:188} INFO - Downloaded GOOGL/1769900699.json -> /tmp/minio_downloads/1769900699.json
[2026-02-03T23:13:20.800+0000] {logging_mixin.py:188} INFO - Downloaded GOOGL/1769900700.json -> /tmp/minio_downloads/1769900700.json
[2026-02-03T23:13:20.804+0000] {logging_mixin.py:188} INFO - Downloaded GOOGL/1769900701.json -> /tmp/minio_downloads/1769900701.json
[2026-02-03T23:13:20.809+0000] {logging_mixin.py:188} INFO - Downloaded GOOGL/1769900702.json -> /tmp/minio_downloads/1769900702.json
[2026-02-03T23:13:20.814+0000] {logging_mixin.py:188} INFO - Downloaded GOOGL/1769900703.json -> /tmp/minio_downloads/1769900703.json
[2026-02-03T23:13:20.818+0000] {logging_mixin.py:188} INFO - Downloaded GOOGL/1769900704.json -> /tmp/minio_downloads/1769900704.json
[2026-02-03T23:13:20.823+0000] {logging_mixin.py:188} INFO - Downloaded GOOGL/1769900705.json -> /tmp/minio_downloads/1769900705.json
[2026-02-03T23:13:20.829+0000] {logging_mixin.py:188} INFO - Downloaded GOOGL/1769900706.json -> /tmp/minio_downloads/1769900706.json
[2026-02-03T23:13:20.834+0000] {logging_mixin.py:188} INFO - Downloaded GOOGL/1769900707.json -> /tmp/minio_downloads/1769900707.json
[2026-02-03T23:13:20.839+0000] {logging_mixin.py:188} INFO - Downloaded GOOGL/1769900708.json -> /tmp/minio_downloads/1769900708.json
[2026-02-03T23:13:20.844+0000] {logging_mixin.py:188} INFO - Downloaded GOOGL/1769900709.json -> /tmp/minio_downloads/1769900709.json
[2026-02-03T23:13:20.848+0000] {logging_mixin.py:188} INFO - Downloaded GOOGL/1769900710.json -> /tmp/minio_downloads/1769900710.json
[2026-02-03T23:13:20.853+0000] {logging_mixin.py:188} INFO - Downloaded GOOGL/1769900711.json -> /tmp/minio_downloads/1769900711.json
[2026-02-03T23:13:20.857+0000] {logging_mixin.py:188} INFO - Downloaded GOOGL/1769900712.json -> /tmp/minio_downloads/1769900712.json
[2026-02-03T23:13:20.862+0000] {logging_mixin.py:188} INFO - Downloaded GOOGL/1769900713.json -> /tmp/minio_downloads/1769900713.json
[2026-02-03T23:13:20.867+0000] {logging_mixin.py:188} INFO - Downloaded GOOGL/1769900714.json -> /tmp/minio_downloads/1769900714.json
[2026-02-03T23:13:20.871+0000] {logging_mixin.py:188} INFO - Downloaded GOOGL/1769900715.json -> /tmp/minio_downloads/1769900715.json
[2026-02-03T23:13:20.876+0000] {logging_mixin.py:188} INFO - Downloaded GOOGL/1769900716.json -> /tmp/minio_downloads/1769900716.json
[2026-02-03T23:13:20.880+0000] {logging_mixin.py:188} INFO - Downloaded GOOGL/1769900717.json -> /tmp/minio_downloads/1769900717.json
[2026-02-03T23:13:20.884+0000] {logging_mixin.py:188} INFO - Downloaded GOOGL/1769900718.json -> /tmp/minio_downloads/1769900718.json
[2026-02-03T23:13:20.889+0000] {logging_mixin.py:188} INFO - Downloaded GOOGL/1769900719.json -> /tmp/minio_downloads/1769900719.json
[2026-02-03T23:13:20.894+0000] {logging_mixin.py:188} INFO - Downloaded GOOGL/1769900720.json -> /tmp/minio_downloads/1769900720.json
[2026-02-03T23:13:20.898+0000] {logging_mixin.py:188} INFO - Downloaded GOOGL/1769900721.json -> /tmp/minio_downloads/1769900721.json
[2026-02-03T23:13:20.903+0000] {logging_mixin.py:188} INFO - Downloaded GOOGL/1769900722.json -> /tmp/minio_downloads/1769900722.json
[2026-02-03T23:13:20.908+0000] {logging_mixin.py:188} INFO - Downloaded GOOGL/1769900723.json -> /tmp/minio_downloads/1769900723.json
[2026-02-03T23:13:20.913+0000] {logging_mixin.py:188} INFO - Downloaded GOOGL/1769900724.json -> /tmp/minio_downloads/1769900724.json
[2026-02-03T23:13:20.918+0000] {logging_mixin.py:188} INFO - Downloaded GOOGL/1769900725.json -> /tmp/minio_downloads/1769900725.json
[2026-02-03T23:13:20.922+0000] {logging_mixin.py:188} INFO - Downloaded GOOGL/1769900726.json -> /tmp/minio_downloads/1769900726.json
[2026-02-03T23:13:20.927+0000] {logging_mixin.py:188} INFO - Downloaded GOOGL/1769900727.json -> /tmp/minio_downloads/1769900727.json
[2026-02-03T23:13:20.931+0000] {logging_mixin.py:188} INFO - Downloaded GOOGL/1769900728.json -> /tmp/minio_downloads/1769900728.json
[2026-02-03T23:13:20.936+0000] {logging_mixin.py:188} INFO - Downloaded GOOGL/1769900729.json -> /tmp/minio_downloads/1769900729.json
[2026-02-03T23:13:20.941+0000] {logging_mixin.py:188} INFO - Downloaded GOOGL/1769900730.json -> /tmp/minio_downloads/1769900730.json
[2026-02-03T23:13:20.946+0000] {logging_mixin.py:188} INFO - Downloaded GOOGL/1769900731.json -> /tmp/minio_downloads/1769900731.json
[2026-02-03T23:13:20.950+0000] {logging_mixin.py:188} INFO - Downloaded GOOGL/1769900732.json -> /tmp/minio_downloads/1769900732.json
[2026-02-03T23:13:20.955+0000] {logging_mixin.py:188} INFO - Downloaded GOOGL/1769900733.json -> /tmp/minio_downloads/1769900733.json
[2026-02-03T23:13:20.959+0000] {logging_mixin.py:188} INFO - Downloaded GOOGL/1769900734.json -> /tmp/minio_downloads/1769900734.json
[2026-02-03T23:13:20.963+0000] {logging_mixin.py:188} INFO - Downloaded GOOGL/1769900735.json -> /tmp/minio_downloads/1769900735.json
[2026-02-03T23:13:20.968+0000] {logging_mixin.py:188} INFO - Downloaded GOOGL/1769900736.json -> /tmp/minio_downloads/1769900736.json
[2026-02-03T23:13:20.973+0000] {logging_mixin.py:188} INFO - Downloaded GOOGL/1769900737.json -> /tmp/minio_downloads/1769900737.json
[2026-02-03T23:13:20.977+0000] {logging_mixin.py:188} INFO - Downloaded GOOGL/1769900738.json -> /tmp/minio_downloads/1769900738.json
[2026-02-03T23:13:20.982+0000] {logging_mixin.py:188} INFO - Downloaded GOOGL/1769900739.json -> /tmp/minio_downloads/1769900739.json
[2026-02-03T23:13:20.986+0000] {logging_mixin.py:188} INFO - Downloaded GOOGL/1769900740.json -> /tmp/minio_downloads/1769900740.json
[2026-02-03T23:13:20.990+0000] {logging_mixin.py:188} INFO - Downloaded GOOGL/1769900741.json -> /tmp/minio_downloads/1769900741.json
[2026-02-03T23:13:20.994+0000] {logging_mixin.py:188} INFO - Downloaded GOOGL/1769900742.json -> /tmp/minio_downloads/1769900742.json
[2026-02-03T23:13:20.999+0000] {logging_mixin.py:188} INFO - Downloaded GOOGL/1769900743.json -> /tmp/minio_downloads/1769900743.json
[2026-02-03T23:13:21.004+0000] {logging_mixin.py:188} INFO - Downloaded GOOGL/1769900744.json -> /tmp/minio_downloads/1769900744.json
[2026-02-03T23:13:21.009+0000] {logging_mixin.py:188} INFO - Downloaded GOOGL/1769900745.json -> /tmp/minio_downloads/1769900745.json
[2026-02-03T23:13:21.014+0000] {logging_mixin.py:188} INFO - Downloaded GOOGL/1769900746.json -> /tmp/minio_downloads/1769900746.json
[2026-02-03T23:13:21.018+0000] {logging_mixin.py:188} INFO - Downloaded GOOGL/1769900747.json -> /tmp/minio_downloads/1769900747.json
[2026-02-03T23:13:21.024+0000] {logging_mixin.py:188} INFO - Downloaded GOOGL/1769900748.json -> /tmp/minio_downloads/1769900748.json
[2026-02-03T23:13:21.029+0000] {logging_mixin.py:188} INFO - Downloaded GOOGL/1769900749.json -> /tmp/minio_downloads/1769900749.json
[2026-02-03T23:13:21.034+0000] {logging_mixin.py:188} INFO - Downloaded GOOGL/1769900750.json -> /tmp/minio_downloads/1769900750.json
[2026-02-03T23:13:21.038+0000] {logging_mixin.py:188} INFO - Downloaded GOOGL/1769900751.json -> /tmp/minio_downloads/1769900751.json
[2026-02-03T23:13:21.042+0000] {logging_mixin.py:188} INFO - Downloaded GOOGL/1769900752.json -> /tmp/minio_downloads/1769900752.json
[2026-02-03T23:13:21.047+0000] {logging_mixin.py:188} INFO - Downloaded GOOGL/1769900753.json -> /tmp/minio_downloads/1769900753.json
[2026-02-03T23:13:21.052+0000] {logging_mixin.py:188} INFO - Downloaded GOOGL/1769900754.json -> /tmp/minio_downloads/1769900754.json
[2026-02-03T23:13:21.056+0000] {logging_mixin.py:188} INFO - Downloaded GOOGL/1769900755.json -> /tmp/minio_downloads/1769900755.json
[2026-02-03T23:13:21.060+0000] {logging_mixin.py:188} INFO - Downloaded GOOGL/1769900756.json -> /tmp/minio_downloads/1769900756.json
[2026-02-03T23:13:21.065+0000] {logging_mixin.py:188} INFO - Downloaded GOOGL/1769900757.json -> /tmp/minio_downloads/1769900757.json
[2026-02-03T23:13:21.069+0000] {logging_mixin.py:188} INFO - Downloaded GOOGL/1769900758.json -> /tmp/minio_downloads/1769900758.json
[2026-02-03T23:13:21.074+0000] {logging_mixin.py:188} INFO - Downloaded GOOGL/1769900759.json -> /tmp/minio_downloads/1769900759.json
[2026-02-03T23:13:21.079+0000] {logging_mixin.py:188} INFO - Downloaded GOOGL/1769900760.json -> /tmp/minio_downloads/1769900760.json
[2026-02-03T23:13:21.083+0000] {logging_mixin.py:188} INFO - Downloaded GOOGL/1769900761.json -> /tmp/minio_downloads/1769900761.json
[2026-02-03T23:13:21.087+0000] {logging_mixin.py:188} INFO - Downloaded GOOGL/1769900762.json -> /tmp/minio_downloads/1769900762.json
[2026-02-03T23:13:21.091+0000] {logging_mixin.py:188} INFO - Downloaded GOOGL/1769900763.json -> /tmp/minio_downloads/1769900763.json
[2026-02-03T23:13:21.096+0000] {logging_mixin.py:188} INFO - Downloaded GOOGL/1769900764.json -> /tmp/minio_downloads/1769900764.json
[2026-02-03T23:13:21.100+0000] {logging_mixin.py:188} INFO - Downloaded GOOGL/1769900765.json -> /tmp/minio_downloads/1769900765.json
[2026-02-03T23:13:21.105+0000] {logging_mixin.py:188} INFO - Downloaded GOOGL/1769900766.json -> /tmp/minio_downloads/1769900766.json
[2026-02-03T23:13:21.109+0000] {logging_mixin.py:188} INFO - Downloaded MSFT/1769900678.json -> /tmp/minio_downloads/1769900678.json
[2026-02-03T23:13:21.113+0000] {logging_mixin.py:188} INFO - Downloaded MSFT/1769900679.json -> /tmp/minio_downloads/1769900679.json
[2026-02-03T23:13:21.117+0000] {logging_mixin.py:188} INFO - Downloaded MSFT/1769900680.json -> /tmp/minio_downloads/1769900680.json
[2026-02-03T23:13:21.122+0000] {logging_mixin.py:188} INFO - Downloaded MSFT/1769900681.json -> /tmp/minio_downloads/1769900681.json
[2026-02-03T23:13:21.127+0000] {logging_mixin.py:188} INFO - Downloaded MSFT/1769900682.json -> /tmp/minio_downloads/1769900682.json
[2026-02-03T23:13:21.131+0000] {logging_mixin.py:188} INFO - Downloaded MSFT/1769900683.json -> /tmp/minio_downloads/1769900683.json
[2026-02-03T23:13:21.135+0000] {logging_mixin.py:188} INFO - Downloaded MSFT/1769900684.json -> /tmp/minio_downloads/1769900684.json
[2026-02-03T23:13:21.140+0000] {logging_mixin.py:188} INFO - Downloaded MSFT/1769900685.json -> /tmp/minio_downloads/1769900685.json
[2026-02-03T23:13:21.144+0000] {logging_mixin.py:188} INFO - Downloaded MSFT/1769900686.json -> /tmp/minio_downloads/1769900686.json
[2026-02-03T23:13:21.149+0000] {logging_mixin.py:188} INFO - Downloaded MSFT/1769900687.json -> /tmp/minio_downloads/1769900687.json
[2026-02-03T23:13:21.153+0000] {logging_mixin.py:188} INFO - Downloaded MSFT/1769900688.json -> /tmp/minio_downloads/1769900688.json
[2026-02-03T23:13:21.158+0000] {logging_mixin.py:188} INFO - Downloaded MSFT/1769900689.json -> /tmp/minio_downloads/1769900689.json
[2026-02-03T23:13:21.162+0000] {logging_mixin.py:188} INFO - Downloaded MSFT/1769900690.json -> /tmp/minio_downloads/1769900690.json
[2026-02-03T23:13:21.167+0000] {logging_mixin.py:188} INFO - Downloaded MSFT/1769900691.json -> /tmp/minio_downloads/1769900691.json
[2026-02-03T23:13:21.171+0000] {logging_mixin.py:188} INFO - Downloaded MSFT/1769900692.json -> /tmp/minio_downloads/1769900692.json
[2026-02-03T23:13:21.176+0000] {logging_mixin.py:188} INFO - Downloaded MSFT/1769900693.json -> /tmp/minio_downloads/1769900693.json
[2026-02-03T23:13:21.180+0000] {logging_mixin.py:188} INFO - Downloaded MSFT/1769900694.json -> /tmp/minio_downloads/1769900694.json
[2026-02-03T23:13:21.185+0000] {logging_mixin.py:188} INFO - Downloaded MSFT/1769900695.json -> /tmp/minio_downloads/1769900695.json
[2026-02-03T23:13:21.189+0000] {logging_mixin.py:188} INFO - Downloaded MSFT/1769900696.json -> /tmp/minio_downloads/1769900696.json
[2026-02-03T23:13:21.194+0000] {logging_mixin.py:188} INFO - Downloaded MSFT/1769900697.json -> /tmp/minio_downloads/1769900697.json
[2026-02-03T23:13:21.198+0000] {logging_mixin.py:188} INFO - Downloaded MSFT/1769900698.json -> /tmp/minio_downloads/1769900698.json
[2026-02-03T23:13:21.203+0000] {logging_mixin.py:188} INFO - Downloaded MSFT/1769900699.json -> /tmp/minio_downloads/1769900699.json
[2026-02-03T23:13:21.207+0000] {logging_mixin.py:188} INFO - Downloaded MSFT/1769900700.json -> /tmp/minio_downloads/1769900700.json
[2026-02-03T23:13:21.212+0000] {logging_mixin.py:188} INFO - Downloaded MSFT/1769900701.json -> /tmp/minio_downloads/1769900701.json
[2026-02-03T23:13:21.216+0000] {logging_mixin.py:188} INFO - Downloaded MSFT/1769900702.json -> /tmp/minio_downloads/1769900702.json
[2026-02-03T23:13:21.221+0000] {logging_mixin.py:188} INFO - Downloaded MSFT/1769900703.json -> /tmp/minio_downloads/1769900703.json
[2026-02-03T23:13:21.225+0000] {logging_mixin.py:188} INFO - Downloaded MSFT/1769900704.json -> /tmp/minio_downloads/1769900704.json
[2026-02-03T23:13:21.230+0000] {logging_mixin.py:188} INFO - Downloaded MSFT/1769900705.json -> /tmp/minio_downloads/1769900705.json
[2026-02-03T23:13:21.235+0000] {logging_mixin.py:188} INFO - Downloaded MSFT/1769900706.json -> /tmp/minio_downloads/1769900706.json
[2026-02-03T23:13:21.240+0000] {logging_mixin.py:188} INFO - Downloaded MSFT/1769900707.json -> /tmp/minio_downloads/1769900707.json
[2026-02-03T23:13:21.245+0000] {logging_mixin.py:188} INFO - Downloaded MSFT/1769900708.json -> /tmp/minio_downloads/1769900708.json
[2026-02-03T23:13:21.249+0000] {logging_mixin.py:188} INFO - Downloaded MSFT/1769900709.json -> /tmp/minio_downloads/1769900709.json
[2026-02-03T23:13:21.254+0000] {logging_mixin.py:188} INFO - Downloaded MSFT/1769900710.json -> /tmp/minio_downloads/1769900710.json
[2026-02-03T23:13:21.259+0000] {logging_mixin.py:188} INFO - Downloaded MSFT/1769900711.json -> /tmp/minio_downloads/1769900711.json
[2026-02-03T23:13:21.264+0000] {logging_mixin.py:188} INFO - Downloaded MSFT/1769900712.json -> /tmp/minio_downloads/1769900712.json
[2026-02-03T23:13:21.268+0000] {logging_mixin.py:188} INFO - Downloaded MSFT/1769900713.json -> /tmp/minio_downloads/1769900713.json
[2026-02-03T23:13:21.273+0000] {logging_mixin.py:188} INFO - Downloaded MSFT/1769900714.json -> /tmp/minio_downloads/1769900714.json
[2026-02-03T23:13:21.277+0000] {logging_mixin.py:188} INFO - Downloaded MSFT/1769900715.json -> /tmp/minio_downloads/1769900715.json
[2026-02-03T23:13:21.282+0000] {logging_mixin.py:188} INFO - Downloaded MSFT/1769900716.json -> /tmp/minio_downloads/1769900716.json
[2026-02-03T23:13:21.286+0000] {logging_mixin.py:188} INFO - Downloaded MSFT/1769900717.json -> /tmp/minio_downloads/1769900717.json
[2026-02-03T23:13:21.291+0000] {logging_mixin.py:188} INFO - Downloaded MSFT/1769900718.json -> /tmp/minio_downloads/1769900718.json
[2026-02-03T23:13:21.295+0000] {logging_mixin.py:188} INFO - Downloaded MSFT/1769900719.json -> /tmp/minio_downloads/1769900719.json
[2026-02-03T23:13:21.300+0000] {logging_mixin.py:188} INFO - Downloaded MSFT/1769900720.json -> /tmp/minio_downloads/1769900720.json
[2026-02-03T23:13:21.305+0000] {logging_mixin.py:188} INFO - Downloaded MSFT/1769900721.json -> /tmp/minio_downloads/1769900721.json
[2026-02-03T23:13:21.309+0000] {logging_mixin.py:188} INFO - Downloaded MSFT/1769900722.json -> /tmp/minio_downloads/1769900722.json
[2026-02-03T23:13:21.314+0000] {logging_mixin.py:188} INFO - Downloaded MSFT/1769900723.json -> /tmp/minio_downloads/1769900723.json
[2026-02-03T23:13:21.318+0000] {logging_mixin.py:188} INFO - Downloaded MSFT/1769900724.json -> /tmp/minio_downloads/1769900724.json
[2026-02-03T23:13:21.323+0000] {logging_mixin.py:188} INFO - Downloaded MSFT/1769900725.json -> /tmp/minio_downloads/1769900725.json
[2026-02-03T23:13:21.327+0000] {logging_mixin.py:188} INFO - Downloaded MSFT/1769900726.json -> /tmp/minio_downloads/1769900726.json
[2026-02-03T23:13:21.331+0000] {logging_mixin.py:188} INFO - Downloaded MSFT/1769900727.json -> /tmp/minio_downloads/1769900727.json
[2026-02-03T23:13:21.336+0000] {logging_mixin.py:188} INFO - Downloaded MSFT/1769900728.json -> /tmp/minio_downloads/1769900728.json
[2026-02-03T23:13:21.340+0000] {logging_mixin.py:188} INFO - Downloaded MSFT/1769900729.json -> /tmp/minio_downloads/1769900729.json
[2026-02-03T23:13:21.344+0000] {logging_mixin.py:188} INFO - Downloaded MSFT/1769900730.json -> /tmp/minio_downloads/1769900730.json
[2026-02-03T23:13:21.349+0000] {logging_mixin.py:188} INFO - Downloaded MSFT/1769900731.json -> /tmp/minio_downloads/1769900731.json
[2026-02-03T23:13:21.353+0000] {logging_mixin.py:188} INFO - Downloaded MSFT/1769900732.json -> /tmp/minio_downloads/1769900732.json
[2026-02-03T23:13:21.358+0000] {logging_mixin.py:188} INFO - Downloaded MSFT/1769900733.json -> /tmp/minio_downloads/1769900733.json
[2026-02-03T23:13:21.363+0000] {logging_mixin.py:188} INFO - Downloaded MSFT/1769900734.json -> /tmp/minio_downloads/1769900734.json
[2026-02-03T23:13:21.367+0000] {logging_mixin.py:188} INFO - Downloaded MSFT/1769900735.json -> /tmp/minio_downloads/1769900735.json
[2026-02-03T23:13:21.371+0000] {logging_mixin.py:188} INFO - Downloaded MSFT/1769900736.json -> /tmp/minio_downloads/1769900736.json
[2026-02-03T23:13:21.376+0000] {logging_mixin.py:188} INFO - Downloaded MSFT/1769900737.json -> /tmp/minio_downloads/1769900737.json
[2026-02-03T23:13:21.381+0000] {logging_mixin.py:188} INFO - Downloaded MSFT/1769900738.json -> /tmp/minio_downloads/1769900738.json
[2026-02-03T23:13:21.385+0000] {logging_mixin.py:188} INFO - Downloaded MSFT/1769900739.json -> /tmp/minio_downloads/1769900739.json
[2026-02-03T23:13:21.390+0000] {logging_mixin.py:188} INFO - Downloaded MSFT/1769900740.json -> /tmp/minio_downloads/1769900740.json
[2026-02-03T23:13:21.394+0000] {logging_mixin.py:188} INFO - Downloaded MSFT/1769900741.json -> /tmp/minio_downloads/1769900741.json
[2026-02-03T23:13:21.399+0000] {logging_mixin.py:188} INFO - Downloaded MSFT/1769900742.json -> /tmp/minio_downloads/1769900742.json
[2026-02-03T23:13:21.404+0000] {logging_mixin.py:188} INFO - Downloaded MSFT/1769900743.json -> /tmp/minio_downloads/1769900743.json
[2026-02-03T23:13:21.408+0000] {logging_mixin.py:188} INFO - Downloaded MSFT/1769900744.json -> /tmp/minio_downloads/1769900744.json
[2026-02-03T23:13:21.412+0000] {logging_mixin.py:188} INFO - Downloaded MSFT/1769900745.json -> /tmp/minio_downloads/1769900745.json
[2026-02-03T23:13:21.417+0000] {logging_mixin.py:188} INFO - Downloaded MSFT/1769900746.json -> /tmp/minio_downloads/1769900746.json
[2026-02-03T23:13:21.422+0000] {logging_mixin.py:188} INFO - Downloaded MSFT/1769900747.json -> /tmp/minio_downloads/1769900747.json
[2026-02-03T23:13:21.426+0000] {logging_mixin.py:188} INFO - Downloaded MSFT/1769900748.json -> /tmp/minio_downloads/1769900748.json
[2026-02-03T23:13:21.430+0000] {logging_mixin.py:188} INFO - Downloaded MSFT/1769900749.json -> /tmp/minio_downloads/1769900749.json
[2026-02-03T23:13:21.435+0000] {logging_mixin.py:188} INFO - Downloaded MSFT/1769900750.json -> /tmp/minio_downloads/1769900750.json
[2026-02-03T23:13:21.439+0000] {logging_mixin.py:188} INFO - Downloaded MSFT/1769900751.json -> /tmp/minio_downloads/1769900751.json
[2026-02-03T23:13:21.444+0000] {logging_mixin.py:188} INFO - Downloaded MSFT/1769900752.json -> /tmp/minio_downloads/1769900752.json
[2026-02-03T23:13:21.448+0000] {logging_mixin.py:188} INFO - Downloaded MSFT/1769900753.json -> /tmp/minio_downloads/1769900753.json
[2026-02-03T23:13:21.453+0000] {logging_mixin.py:188} INFO - Downloaded MSFT/1769900754.json -> /tmp/minio_downloads/1769900754.json
[2026-02-03T23:13:21.457+0000] {logging_mixin.py:188} INFO - Downloaded MSFT/1769900755.json -> /tmp/minio_downloads/1769900755.json
[2026-02-03T23:13:21.463+0000] {logging_mixin.py:188} INFO - Downloaded MSFT/1769900756.json -> /tmp/minio_downloads/1769900756.json
[2026-02-03T23:13:21.468+0000] {logging_mixin.py:188} INFO - Downloaded MSFT/1769900757.json -> /tmp/minio_downloads/1769900757.json
[2026-02-03T23:13:21.472+0000] {logging_mixin.py:188} INFO - Downloaded MSFT/1769900758.json -> /tmp/minio_downloads/1769900758.json
[2026-02-03T23:13:21.476+0000] {logging_mixin.py:188} INFO - Downloaded MSFT/1769900759.json -> /tmp/minio_downloads/1769900759.json
[2026-02-03T23:13:21.481+0000] {logging_mixin.py:188} INFO - Downloaded MSFT/1769900760.json -> /tmp/minio_downloads/1769900760.json
[2026-02-03T23:13:21.485+0000] {logging_mixin.py:188} INFO - Downloaded MSFT/1769900761.json -> /tmp/minio_downloads/1769900761.json
[2026-02-03T23:13:21.490+0000] {logging_mixin.py:188} INFO - Downloaded MSFT/1769900762.json -> /tmp/minio_downloads/1769900762.json
[2026-02-03T23:13:21.495+0000] {logging_mixin.py:188} INFO - Downloaded MSFT/1769900763.json -> /tmp/minio_downloads/1769900763.json
[2026-02-03T23:13:21.501+0000] {logging_mixin.py:188} INFO - Downloaded MSFT/1769900764.json -> /tmp/minio_downloads/1769900764.json
[2026-02-03T23:13:21.507+0000] {logging_mixin.py:188} INFO - Downloaded MSFT/1769900765.json -> /tmp/minio_downloads/1769900765.json
[2026-02-03T23:13:21.511+0000] {logging_mixin.py:188} INFO - Downloaded MSFT/1769900766.json -> /tmp/minio_downloads/1769900766.json
[2026-02-03T23:13:21.516+0000] {logging_mixin.py:188} INFO - Downloaded TSLA/1769900678.json -> /tmp/minio_downloads/1769900678.json
[2026-02-03T23:13:21.521+0000] {logging_mixin.py:188} INFO - Downloaded TSLA/1769900679.json -> /tmp/minio_downloads/1769900679.json
[2026-02-03T23:13:21.525+0000] {logging_mixin.py:188} INFO - Downloaded TSLA/1769900680.json -> /tmp/minio_downloads/1769900680.json
[2026-02-03T23:13:21.530+0000] {logging_mixin.py:188} INFO - Downloaded TSLA/1769900681.json -> /tmp/minio_downloads/1769900681.json
[2026-02-03T23:13:21.536+0000] {logging_mixin.py:188} INFO - Downloaded TSLA/1769900682.json -> /tmp/minio_downloads/1769900682.json
[2026-02-03T23:13:21.541+0000] {logging_mixin.py:188} INFO - Downloaded TSLA/1769900683.json -> /tmp/minio_downloads/1769900683.json
[2026-02-03T23:13:21.546+0000] {logging_mixin.py:188} INFO - Downloaded TSLA/1769900684.json -> /tmp/minio_downloads/1769900684.json
[2026-02-03T23:13:21.552+0000] {logging_mixin.py:188} INFO - Downloaded TSLA/1769900685.json -> /tmp/minio_downloads/1769900685.json
[2026-02-03T23:13:21.557+0000] {logging_mixin.py:188} INFO - Downloaded TSLA/1769900686.json -> /tmp/minio_downloads/1769900686.json
[2026-02-03T23:13:21.562+0000] {logging_mixin.py:188} INFO - Downloaded TSLA/1769900687.json -> /tmp/minio_downloads/1769900687.json
[2026-02-03T23:13:21.568+0000] {logging_mixin.py:188} INFO - Downloaded TSLA/1769900688.json -> /tmp/minio_downloads/1769900688.json
[2026-02-03T23:13:21.573+0000] {logging_mixin.py:188} INFO - Downloaded TSLA/1769900689.json -> /tmp/minio_downloads/1769900689.json
[2026-02-03T23:13:21.579+0000] {logging_mixin.py:188} INFO - Downloaded TSLA/1769900690.json -> /tmp/minio_downloads/1769900690.json
[2026-02-03T23:13:21.589+0000] {logging_mixin.py:188} INFO - Downloaded TSLA/1769900691.json -> /tmp/minio_downloads/1769900691.json
[2026-02-03T23:13:21.594+0000] {logging_mixin.py:188} INFO - Downloaded TSLA/1769900692.json -> /tmp/minio_downloads/1769900692.json
[2026-02-03T23:13:21.599+0000] {logging_mixin.py:188} INFO - Downloaded TSLA/1769900693.json -> /tmp/minio_downloads/1769900693.json
[2026-02-03T23:13:21.604+0000] {logging_mixin.py:188} INFO - Downloaded TSLA/1769900694.json -> /tmp/minio_downloads/1769900694.json
[2026-02-03T23:13:21.609+0000] {logging_mixin.py:188} INFO - Downloaded TSLA/1769900695.json -> /tmp/minio_downloads/1769900695.json
[2026-02-03T23:13:21.614+0000] {logging_mixin.py:188} INFO - Downloaded TSLA/1769900696.json -> /tmp/minio_downloads/1769900696.json
[2026-02-03T23:13:21.619+0000] {logging_mixin.py:188} INFO - Downloaded TSLA/1769900697.json -> /tmp/minio_downloads/1769900697.json
[2026-02-03T23:13:21.624+0000] {logging_mixin.py:188} INFO - Downloaded TSLA/1769900698.json -> /tmp/minio_downloads/1769900698.json
[2026-02-03T23:13:21.630+0000] {logging_mixin.py:188} INFO - Downloaded TSLA/1769900699.json -> /tmp/minio_downloads/1769900699.json
[2026-02-03T23:13:21.635+0000] {logging_mixin.py:188} INFO - Downloaded TSLA/1769900700.json -> /tmp/minio_downloads/1769900700.json
[2026-02-03T23:13:21.642+0000] {logging_mixin.py:188} INFO - Downloaded TSLA/1769900701.json -> /tmp/minio_downloads/1769900701.json
[2026-02-03T23:13:21.647+0000] {logging_mixin.py:188} INFO - Downloaded TSLA/1769900702.json -> /tmp/minio_downloads/1769900702.json
[2026-02-03T23:13:21.652+0000] {logging_mixin.py:188} INFO - Downloaded TSLA/1769900703.json -> /tmp/minio_downloads/1769900703.json
[2026-02-03T23:13:21.657+0000] {logging_mixin.py:188} INFO - Downloaded TSLA/1769900704.json -> /tmp/minio_downloads/1769900704.json
[2026-02-03T23:13:21.662+0000] {logging_mixin.py:188} INFO - Downloaded TSLA/1769900705.json -> /tmp/minio_downloads/1769900705.json
[2026-02-03T23:13:21.668+0000] {logging_mixin.py:188} INFO - Downloaded TSLA/1769900706.json -> /tmp/minio_downloads/1769900706.json
[2026-02-03T23:13:21.673+0000] {logging_mixin.py:188} INFO - Downloaded TSLA/1769900707.json -> /tmp/minio_downloads/1769900707.json
[2026-02-03T23:13:21.678+0000] {logging_mixin.py:188} INFO - Downloaded TSLA/1769900708.json -> /tmp/minio_downloads/1769900708.json
[2026-02-03T23:13:21.683+0000] {logging_mixin.py:188} INFO - Downloaded TSLA/1769900709.json -> /tmp/minio_downloads/1769900709.json
[2026-02-03T23:13:21.688+0000] {logging_mixin.py:188} INFO - Downloaded TSLA/1769900710.json -> /tmp/minio_downloads/1769900710.json
[2026-02-03T23:13:21.693+0000] {logging_mixin.py:188} INFO - Downloaded TSLA/1769900711.json -> /tmp/minio_downloads/1769900711.json
[2026-02-03T23:13:21.698+0000] {logging_mixin.py:188} INFO - Downloaded TSLA/1769900712.json -> /tmp/minio_downloads/1769900712.json
[2026-02-03T23:13:21.704+0000] {logging_mixin.py:188} INFO - Downloaded TSLA/1769900713.json -> /tmp/minio_downloads/1769900713.json
[2026-02-03T23:13:21.709+0000] {logging_mixin.py:188} INFO - Downloaded TSLA/1769900714.json -> /tmp/minio_downloads/1769900714.json
[2026-02-03T23:13:21.714+0000] {logging_mixin.py:188} INFO - Downloaded TSLA/1769900715.json -> /tmp/minio_downloads/1769900715.json
[2026-02-03T23:13:21.719+0000] {logging_mixin.py:188} INFO - Downloaded TSLA/1769900716.json -> /tmp/minio_downloads/1769900716.json
[2026-02-03T23:13:21.723+0000] {logging_mixin.py:188} INFO - Downloaded TSLA/1769900717.json -> /tmp/minio_downloads/1769900717.json
[2026-02-03T23:13:21.728+0000] {logging_mixin.py:188} INFO - Downloaded TSLA/1769900718.json -> /tmp/minio_downloads/1769900718.json
[2026-02-03T23:13:21.733+0000] {logging_mixin.py:188} INFO - Downloaded TSLA/1769900719.json -> /tmp/minio_downloads/1769900719.json
[2026-02-03T23:13:21.737+0000] {logging_mixin.py:188} INFO - Downloaded TSLA/1769900720.json -> /tmp/minio_downloads/1769900720.json
[2026-02-03T23:13:21.742+0000] {logging_mixin.py:188} INFO - Downloaded TSLA/1769900721.json -> /tmp/minio_downloads/1769900721.json
[2026-02-03T23:13:21.748+0000] {logging_mixin.py:188} INFO - Downloaded TSLA/1769900722.json -> /tmp/minio_downloads/1769900722.json
[2026-02-03T23:13:21.752+0000] {logging_mixin.py:188} INFO - Downloaded TSLA/1769900723.json -> /tmp/minio_downloads/1769900723.json
[2026-02-03T23:13:21.757+0000] {logging_mixin.py:188} INFO - Downloaded TSLA/1769900724.json -> /tmp/minio_downloads/1769900724.json
[2026-02-03T23:13:21.762+0000] {logging_mixin.py:188} INFO - Downloaded TSLA/1769900725.json -> /tmp/minio_downloads/1769900725.json
[2026-02-03T23:13:21.767+0000] {logging_mixin.py:188} INFO - Downloaded TSLA/1769900726.json -> /tmp/minio_downloads/1769900726.json
[2026-02-03T23:13:21.772+0000] {logging_mixin.py:188} INFO - Downloaded TSLA/1769900727.json -> /tmp/minio_downloads/1769900727.json
[2026-02-03T23:13:21.777+0000] {logging_mixin.py:188} INFO - Downloaded TSLA/1769900728.json -> /tmp/minio_downloads/1769900728.json
[2026-02-03T23:13:21.782+0000] {logging_mixin.py:188} INFO - Downloaded TSLA/1769900729.json -> /tmp/minio_downloads/1769900729.json
[2026-02-03T23:13:21.786+0000] {logging_mixin.py:188} INFO - Downloaded TSLA/1769900730.json -> /tmp/minio_downloads/1769900730.json
[2026-02-03T23:13:21.791+0000] {logging_mixin.py:188} INFO - Downloaded TSLA/1769900731.json -> /tmp/minio_downloads/1769900731.json
[2026-02-03T23:13:21.796+0000] {logging_mixin.py:188} INFO - Downloaded TSLA/1769900732.json -> /tmp/minio_downloads/1769900732.json
[2026-02-03T23:13:21.800+0000] {logging_mixin.py:188} INFO - Downloaded TSLA/1769900733.json -> /tmp/minio_downloads/1769900733.json
[2026-02-03T23:13:21.805+0000] {logging_mixin.py:188} INFO - Downloaded TSLA/1769900734.json -> /tmp/minio_downloads/1769900734.json
[2026-02-03T23:13:21.811+0000] {logging_mixin.py:188} INFO - Downloaded TSLA/1769900735.json -> /tmp/minio_downloads/1769900735.json
[2026-02-03T23:13:21.816+0000] {logging_mixin.py:188} INFO - Downloaded TSLA/1769900736.json -> /tmp/minio_downloads/1769900736.json
[2026-02-03T23:13:21.821+0000] {logging_mixin.py:188} INFO - Downloaded TSLA/1769900737.json -> /tmp/minio_downloads/1769900737.json
[2026-02-03T23:13:21.826+0000] {logging_mixin.py:188} INFO - Downloaded TSLA/1769900738.json -> /tmp/minio_downloads/1769900738.json
[2026-02-03T23:13:21.832+0000] {logging_mixin.py:188} INFO - Downloaded TSLA/1769900739.json -> /tmp/minio_downloads/1769900739.json
[2026-02-03T23:13:21.837+0000] {logging_mixin.py:188} INFO - Downloaded TSLA/1769900740.json -> /tmp/minio_downloads/1769900740.json
[2026-02-03T23:13:21.842+0000] {logging_mixin.py:188} INFO - Downloaded TSLA/1769900741.json -> /tmp/minio_downloads/1769900741.json
[2026-02-03T23:13:21.847+0000] {logging_mixin.py:188} INFO - Downloaded TSLA/1769900742.json -> /tmp/minio_downloads/1769900742.json
[2026-02-03T23:13:21.852+0000] {logging_mixin.py:188} INFO - Downloaded TSLA/1769900743.json -> /tmp/minio_downloads/1769900743.json
[2026-02-03T23:13:21.857+0000] {logging_mixin.py:188} INFO - Downloaded TSLA/1769900744.json -> /tmp/minio_downloads/1769900744.json
[2026-02-03T23:13:21.861+0000] {logging_mixin.py:188} INFO - Downloaded TSLA/1769900745.json -> /tmp/minio_downloads/1769900745.json
[2026-02-03T23:13:21.865+0000] {logging_mixin.py:188} INFO - Downloaded TSLA/1769900746.json -> /tmp/minio_downloads/1769900746.json
[2026-02-03T23:13:21.870+0000] {logging_mixin.py:188} INFO - Downloaded TSLA/1769900747.json -> /tmp/minio_downloads/1769900747.json
[2026-02-03T23:13:21.875+0000] {logging_mixin.py:188} INFO - Downloaded TSLA/1769900748.json -> /tmp/minio_downloads/1769900748.json
[2026-02-03T23:13:21.880+0000] {logging_mixin.py:188} INFO - Downloaded TSLA/1769900749.json -> /tmp/minio_downloads/1769900749.json
[2026-02-03T23:13:21.885+0000] {logging_mixin.py:188} INFO - Downloaded TSLA/1769900750.json -> /tmp/minio_downloads/1769900750.json
[2026-02-03T23:13:21.889+0000] {logging_mixin.py:188} INFO - Downloaded TSLA/1769900751.json -> /tmp/minio_downloads/1769900751.json
[2026-02-03T23:13:21.894+0000] {logging_mixin.py:188} INFO - Downloaded TSLA/1769900752.json -> /tmp/minio_downloads/1769900752.json
[2026-02-03T23:13:21.899+0000] {logging_mixin.py:188} INFO - Downloaded TSLA/1769900753.json -> /tmp/minio_downloads/1769900753.json
[2026-02-03T23:13:21.904+0000] {logging_mixin.py:188} INFO - Downloaded TSLA/1769900754.json -> /tmp/minio_downloads/1769900754.json
[2026-02-03T23:13:21.909+0000] {logging_mixin.py:188} INFO - Downloaded TSLA/1769900755.json -> /tmp/minio_downloads/1769900755.json
[2026-02-03T23:13:21.913+0000] {logging_mixin.py:188} INFO - Downloaded TSLA/1769900756.json -> /tmp/minio_downloads/1769900756.json
[2026-02-03T23:13:21.918+0000] {logging_mixin.py:188} INFO - Downloaded TSLA/1769900757.json -> /tmp/minio_downloads/1769900757.json
[2026-02-03T23:13:21.923+0000] {logging_mixin.py:188} INFO - Downloaded TSLA/1769900758.json -> /tmp/minio_downloads/1769900758.json
[2026-02-03T23:13:21.927+0000] {logging_mixin.py:188} INFO - Downloaded TSLA/1769900759.json -> /tmp/minio_downloads/1769900759.json
[2026-02-03T23:13:21.932+0000] {logging_mixin.py:188} INFO - Downloaded TSLA/1769900760.json -> /tmp/minio_downloads/1769900760.json
[2026-02-03T23:13:21.937+0000] {logging_mixin.py:188} INFO - Downloaded TSLA/1769900761.json -> /tmp/minio_downloads/1769900761.json
[2026-02-03T23:13:21.943+0000] {logging_mixin.py:188} INFO - Downloaded TSLA/1769900762.json -> /tmp/minio_downloads/1769900762.json
[2026-02-03T23:13:21.948+0000] {logging_mixin.py:188} INFO - Downloaded TSLA/1769900763.json -> /tmp/minio_downloads/1769900763.json
[2026-02-03T23:13:21.952+0000] {logging_mixin.py:188} INFO - Downloaded TSLA/1769900764.json -> /tmp/minio_downloads/1769900764.json
[2026-02-03T23:13:21.957+0000] {logging_mixin.py:188} INFO - Downloaded TSLA/1769900765.json -> /tmp/minio_downloads/1769900765.json
[2026-02-03T23:13:21.962+0000] {logging_mixin.py:188} INFO - Downloaded TSLA/1769900766.json -> /tmp/minio_downloads/1769900766.json
[2026-02-03T23:13:21.963+0000] {python.py:237} INFO - Done. Returned value was: ['/tmp/minio_downloads/1769900678.json', '/tmp/minio_downloads/1769900679.json', '/tmp/minio_downloads/1769900680.json', '/tmp/minio_downloads/1769900681.json', '/tmp/minio_downloads/1769900682.json', '/tmp/minio_downloads/1769900683.json', '/tmp/minio_downloads/1769900684.json', '/tmp/minio_downloads/1769900685.json', '/tmp/minio_downloads/1769900686.json', '/tmp/minio_downloads/1769900687.json', '/tmp/minio_downloads/1769900688.json', '/tmp/minio_downloads/1769900689.json', '/tmp/minio_downloads/1769900690.json', '/tmp/minio_downloads/1769900691.json', '/tmp/minio_downloads/1769900692.json', '/tmp/minio_downloads/1769900693.json', '/tmp/minio_downloads/1769900694.json', '/tmp/minio_downloads/1769900695.json', '/tmp/minio_downloads/1769900696.json', '/tmp/minio_downloads/1769900697.json', '/tmp/minio_downloads/1769900698.json', '/tmp/minio_downloads/1769900699.json', '/tmp/minio_downloads/1769900700.json', '/tmp/minio_downloads/1769900701.json', '/tmp/minio_downloads/1769900702.json', '/tmp/minio_downloads/1769900703.json', '/tmp/minio_downloads/1769900704.json', '/tmp/minio_downloads/1769900705.json', '/tmp/minio_downloads/1769900706.json', '/tmp/minio_downloads/1769900707.json', '/tmp/minio_downloads/1769900708.json', '/tmp/minio_downloads/1769900709.json', '/tmp/minio_downloads/1769900710.json', '/tmp/minio_downloads/1769900711.json', '/tmp/minio_downloads/1769900712.json', '/tmp/minio_downloads/1769900713.json', '/tmp/minio_downloads/1769900714.json', '/tmp/minio_downloads/1769900715.json', '/tmp/minio_downloads/1769900716.json', '/tmp/minio_downloads/1769900717.json', '/tmp/minio_downloads/1769900718.json', '/tmp/minio_downloads/1769900719.json', '/tmp/minio_downloads/1769900720.json', '/tmp/minio_downloads/1769900721.json', '/tmp/minio_downloads/1769900722.json', '/tmp/minio_downloads/1769900723.json', '/tmp/minio_downloads/1769900724.json', '/tmp/minio_downloads/1769900725.json', '/tmp/minio_downloads/1769900726.json', '/tmp/minio_downloads/1769900727.json', '/tmp/minio_downloads/1769900728.json', '/tmp/minio_downloads/1769900729.json', '/tmp/minio_downloads/1769900730.json', '/tmp/minio_downloads/1769900731.json', '/tmp/minio_downloads/1769900732.json', '/tmp/minio_downloads/1769900733.json', '/tmp/minio_downloads/1769900734.json', '/tmp/minio_downloads/1769900735.json', '/tmp/minio_downloads/1769900736.json', '/tmp/minio_downloads/1769900737.json', '/tmp/minio_downloads/1769900738.json', '/tmp/minio_downloads/1769900739.json', '/tmp/minio_downloads/1769900740.json', '/tmp/minio_downloads/1769900741.json', '/tmp/minio_downloads/1769900742.json', '/tmp/minio_downloads/1769900743.json', '/tmp/minio_downloads/1769900744.json', '/tmp/minio_downloads/1769900745.json', '/tmp/minio_downloads/1769900746.json', '/tmp/minio_downloads/1769900747.json', '/tmp/minio_downloads/1769900748.json', '/tmp/minio_downloads/1769900749.json', '/tmp/minio_downloads/1769900750.json', '/tmp/minio_downloads/1769900751.json', '/tmp/minio_downloads/1769900752.json', '/tmp/minio_downloads/1769900753.json', '/tmp/minio_downloads/1769900754.json', '/tmp/minio_downloads/1769900755.json', '/tmp/minio_downloads/1769900756.json', '/tmp/minio_downloads/1769900757.json', '/tmp/minio_downloads/1769900758.json', '/tmp/minio_downloads/1769900759.json', '/tmp/minio_downloads/1769900760.json', '/tmp/minio_downloads/1769900761.json', '/tmp/minio_downloads/1769900762.json', '/tmp/minio_downloads/1769900763.json', '/tmp/minio_downloads/1769900764.json', '/tmp/minio_downloads/1769900765.json', '/tmp/minio_downloads/1769900766.json', '/tmp/minio_downloads/1769900678.json', '/tmp/minio_downloads/1769900679.json', '/tmp/minio_downloads/1769900680.json', '/tmp/minio_downloads/1769900681.json', '/tmp/minio_downloads/1769900682.json', '/tmp/minio_downloads/1769900683.json', '/tmp/minio_downloads/1769900684.json', '/tmp/minio_downloads/1769900685.json', '/tmp/minio_downloads/1769900686.json', '/tmp/minio_downloads/1769900687.json', '/tmp/minio_downloads/1769900688.json', '/tmp/minio_downloads/1769900689.json', '/tmp/minio_downloads/1769900690.json', '/tmp/minio_downloads/1769900691.json', '/tmp/minio_downloads/1769900692.json', '/tmp/minio_downloads/1769900693.json', '/tmp/minio_downloads/1769900694.json', '/tmp/minio_downloads/1769900695.json', '/tmp/minio_downloads/1769900696.json', '/tmp/minio_downloads/1769900697.json', '/tmp/minio_downloads/1769900698.json', '/tmp/minio_downloads/1769900699.json', '/tmp/minio_downloads/1769900700.json', '/tmp/minio_downloads/1769900701.json', '/tmp/minio_downloads/1769900702.json', '/tmp/minio_downloads/1769900703.json', '/tmp/minio_downloads/1769900704.json', '/tmp/minio_downloads/1769900705.json', '/tmp/minio_downloads/1769900706.json', '/tmp/minio_downloads/1769900707.json', '/tmp/minio_downloads/1769900708.json', '/tmp/minio_downloads/1769900709.json', '/tmp/minio_downloads/1769900710.json', '/tmp/minio_downloads/1769900711.json', '/tmp/minio_downloads/1769900712.json', '/tmp/minio_downloads/1769900713.json', '/tmp/minio_downloads/1769900714.json', '/tmp/minio_downloads/1769900715.json', '/tmp/minio_downloads/1769900716.json', '/tmp/minio_downloads/1769900717.json', '/tmp/minio_downloads/1769900718.json', '/tmp/minio_downloads/1769900719.json', '/tmp/minio_downloads/1769900720.json', '/tmp/minio_downloads/1769900721.json', '/tmp/minio_downloads/1769900722.json', '/tmp/minio_downloads/1769900723.json', '/tmp/minio_downloads/1769900724.json', '/tmp/minio_downloads/1769900725.json', '/tmp/minio_downloads/1769900726.json', '/tmp/minio_downloads/1769900727.json', '/tmp/minio_downloads/1769900728.json', '/tmp/minio_downloads/1769900729.json', '/tmp/minio_downloads/1769900730.json', '/tmp/minio_downloads/1769900731.json', '/tmp/minio_downloads/1769900732.json', '/tmp/minio_downloads/1769900733.json', '/tmp/minio_downloads/1769900734.json', '/tmp/minio_downloads/1769900735.json', '/tmp/minio_downloads/1769900736.json', '/tmp/minio_downloads/1769900737.json', '/tmp/minio_downloads/1769900738.json', '/tmp/minio_downloads/1769900739.json', '/tmp/minio_downloads/1769900740.json', '/tmp/minio_downloads/1769900741.json', '/tmp/minio_downloads/1769900742.json', '/tmp/minio_downloads/1769900743.json', '/tmp/minio_downloads/1769900744.json', '/tmp/minio_downloads/1769900745.json', '/tmp/minio_downloads/1769900746.json', '/tmp/minio_downloads/1769900747.json', '/tmp/minio_downloads/1769900748.json', '/tmp/minio_downloads/1769900749.json', '/tmp/minio_downloads/1769900750.json', '/tmp/minio_downloads/1769900751.json', '/tmp/minio_downloads/1769900752.json', '/tmp/minio_downloads/1769900753.json', '/tmp/minio_downloads/1769900754.json', '/tmp/minio_downloads/1769900755.json', '/tmp/minio_downloads/1769900756.json', '/tmp/minio_downloads/1769900757.json', '/tmp/minio_downloads/1769900758.json', '/tmp/minio_downloads/1769900759.json', '/tmp/minio_downloads/1769900760.json', '/tmp/minio_downloads/1769900761.json', '/tmp/minio_downloads/1769900762.json', '/tmp/minio_downloads/1769900763.json', '/tmp/minio_downloads/1769900764.json', '/tmp/minio_downloads/1769900765.json', '/tmp/minio_downloads/1769900766.json', '/tmp/minio_downloads/1769900678.json', '/tmp/minio_downloads/1769900679.json', '/tmp/minio_downloads/1769900680.json', '/tmp/minio_downloads/1769900681.json', '/tmp/minio_downloads/1769900682.json', '/tmp/minio_downloads/1769900683.json', '/tmp/minio_downloads/1769900684.json', '/tmp/minio_downloads/1769900685.json', '/tmp/minio_downloads/1769900686.json', '/tmp/minio_downloads/1769900687.json', '/tmp/minio_downloads/1769900688.json', '/tmp/minio_downloads/1769900689.json', '/tmp/minio_downloads/1769900690.json', '/tmp/minio_downloads/1769900691.json', '/tmp/minio_downloads/1769900692.json', '/tmp/minio_downloads/1769900693.json', '/tmp/minio_downloads/1769900694.json', '/tmp/minio_downloads/1769900695.json', '/tmp/minio_downloads/1769900696.json', '/tmp/minio_downloads/1769900697.json', '/tmp/minio_downloads/1769900698.json', '/tmp/minio_downloads/1769900699.json', '/tmp/minio_downloads/1769900700.json', '/tmp/minio_downloads/1769900701.json', '/tmp/minio_downloads/1769900702.json', '/tmp/minio_downloads/1769900703.json', '/tmp/minio_downloads/1769900704.json', '/tmp/minio_downloads/1769900705.json', '/tmp/minio_downloads/1769900706.json', '/tmp/minio_downloads/1769900707.json', '/tmp/minio_downloads/1769900708.json', '/tmp/minio_downloads/1769900709.json', '/tmp/minio_downloads/1769900710.json', '/tmp/minio_downloads/1769900711.json', '/tmp/minio_downloads/1769900712.json', '/tmp/minio_downloads/1769900713.json', '/tmp/minio_downloads/1769900714.json', '/tmp/minio_downloads/1769900715.json', '/tmp/minio_downloads/1769900716.json', '/tmp/minio_downloads/1769900717.json', '/tmp/minio_downloads/1769900718.json', '/tmp/minio_downloads/1769900719.json', '/tmp/minio_downloads/1769900720.json', '/tmp/minio_downloads/1769900721.json', '/tmp/minio_downloads/1769900722.json', '/tmp/minio_downloads/1769900723.json', '/tmp/minio_downloads/1769900724.json', '/tmp/minio_downloads/1769900725.json', '/tmp/minio_downloads/1769900726.json', '/tmp/minio_downloads/1769900727.json', '/tmp/minio_downloads/1769900728.json', '/tmp/minio_downloads/1769900729.json', '/tmp/minio_downloads/1769900730.json', '/tmp/minio_downloads/1769900731.json', '/tmp/minio_downloads/1769900732.json', '/tmp/minio_downloads/1769900733.json', '/tmp/minio_downloads/1769900734.json', '/tmp/minio_downloads/1769900735.json', '/tmp/minio_downloads/1769900736.json', '/tmp/minio_downloads/1769900737.json', '/tmp/minio_downloads/1769900738.json', '/tmp/minio_downloads/1769900739.json', '/tmp/minio_downloads/1769900740.json', '/tmp/minio_downloads/1769900741.json', '/tmp/minio_downloads/1769900742.json', '/tmp/minio_downloads/1769900743.json', '/tmp/minio_downloads/1769900744.json', '/tmp/minio_downloads/1769900745.json', '/tmp/minio_downloads/1769900746.json', '/tmp/minio_downloads/1769900747.json', '/tmp/minio_downloads/1769900748.json', '/tmp/minio_downloads/1769900749.json', '/tmp/minio_downloads/1769900750.json', '/tmp/minio_downloads/1769900751.json', '/tmp/minio_downloads/1769900752.json', '/tmp/minio_downloads/1769900753.json', '/tmp/minio_downloads/1769900754.json', '/tmp/minio_downloads/1769900755.json', '/tmp/minio_downloads/1769900756.json', '/tmp/minio_downloads/1769900757.json', '/tmp/minio_downloads/1769900758.json', '/tmp/minio_downloads/1769900759.json', '/tmp/minio_downloads/1769900760.json', '/tmp/minio_downloads/1769900761.json', '/tmp/minio_downloads/1769900762.json', '/tmp/minio_downloads/1769900763.json', '/tmp/minio_downloads/1769900764.json', '/tmp/minio_downloads/1769900765.json', '/tmp/minio_downloads/1769900766.json', '/tmp/minio_downloads/1769900678.json', '/tmp/minio_downloads/1769900679.json', '/tmp/minio_downloads/1769900680.json', '/tmp/minio_downloads/1769900681.json', '/tmp/minio_downloads/1769900682.json', '/tmp/minio_downloads/1769900683.json', '/tmp/minio_downloads/1769900684.json', '/tmp/minio_downloads/1769900685.json', '/tmp/minio_downloads/1769900686.json', '/tmp/minio_downloads/1769900687.json', '/tmp/minio_downloads/1769900688.json', '/tmp/minio_downloads/1769900689.json', '/tmp/minio_downloads/1769900690.json', '/tmp/minio_downloads/1769900691.json', '/tmp/minio_downloads/1769900692.json', '/tmp/minio_downloads/1769900693.json', '/tmp/minio_downloads/1769900694.json', '/tmp/minio_downloads/1769900695.json', '/tmp/minio_downloads/1769900696.json', '/tmp/minio_downloads/1769900697.json', '/tmp/minio_downloads/1769900698.json', '/tmp/minio_downloads/1769900699.json', '/tmp/minio_downloads/1769900700.json', '/tmp/minio_downloads/1769900701.json', '/tmp/minio_downloads/1769900702.json', '/tmp/minio_downloads/1769900703.json', '/tmp/minio_downloads/1769900704.json', '/tmp/minio_downloads/1769900705.json', '/tmp/minio_downloads/1769900706.json', '/tmp/minio_downloads/1769900707.json', '/tmp/minio_downloads/1769900708.json', '/tmp/minio_downloads/1769900709.json', '/tmp/minio_downloads/1769900710.json', '/tmp/minio_downloads/1769900711.json', '/tmp/minio_downloads/1769900712.json', '/tmp/minio_downloads/1769900713.json', '/tmp/minio_downloads/1769900714.json', '/tmp/minio_downloads/1769900715.json', '/tmp/minio_downloads/1769900716.json', '/tmp/minio_downloads/1769900717.json', '/tmp/minio_downloads/1769900718.json', '/tmp/minio_downloads/1769900719.json', '/tmp/minio_downloads/1769900720.json', '/tmp/minio_downloads/1769900721.json', '/tmp/minio_downloads/1769900722.json', '/tmp/minio_downloads/1769900723.json', '/tmp/minio_downloads/1769900724.json', '/tmp/minio_downloads/1769900725.json', '/tmp/minio_downloads/1769900726.json', '/tmp/minio_downloads/1769900727.json', '/tmp/minio_downloads/1769900728.json', '/tmp/minio_downloads/1769900729.json', '/tmp/minio_downloads/1769900730.json', '/tmp/minio_downloads/1769900731.json', '/tmp/minio_downloads/1769900732.json', '/tmp/minio_downloads/1769900733.json', '/tmp/minio_downloads/1769900734.json', '/tmp/minio_downloads/1769900735.json', '/tmp/minio_downloads/1769900736.json', '/tmp/minio_downloads/1769900737.json', '/tmp/minio_downloads/1769900738.json', '/tmp/minio_downloads/1769900739.json', '/tmp/minio_downloads/1769900740.json', '/tmp/minio_downloads/1769900741.json', '/tmp/minio_downloads/1769900742.json', '/tmp/minio_downloads/1769900743.json', '/tmp/minio_downloads/1769900744.json', '/tmp/minio_downloads/1769900745.json', '/tmp/minio_downloads/1769900746.json', '/tmp/minio_downloads/1769900747.json', '/tmp/minio_downloads/1769900748.json', '/tmp/minio_downloads/1769900749.json', '/tmp/minio_downloads/1769900750.json', '/tmp/minio_downloads/1769900751.json', '/tmp/minio_downloads/1769900752.json', '/tmp/minio_downloads/1769900753.json', '/tmp/minio_downloads/1769900754.json', '/tmp/minio_downloads/1769900755.json', '/tmp/minio_downloads/1769900756.json', '/tmp/minio_downloads/1769900757.json', '/tmp/minio_downloads/1769900758.json', '/tmp/minio_downloads/1769900759.json', '/tmp/minio_downloads/1769900760.json', '/tmp/minio_downloads/1769900761.json', '/tmp/minio_downloads/1769900762.json', '/tmp/minio_downloads/1769900763.json', '/tmp/minio_downloads/1769900764.json', '/tmp/minio_downloads/1769900765.json', '/tmp/minio_downloads/1769900766.json', '/tmp/minio_downloads/1769900678.json', '/tmp/minio_downloads/1769900679.json', '/tmp/minio_downloads/1769900680.json', '/tmp/minio_downloads/1769900681.json', '/tmp/minio_downloads/1769900682.json', '/tmp/minio_downloads/1769900683.json', '/tmp/minio_downloads/1769900684.json', '/tmp/minio_downloads/1769900685.json', '/tmp/minio_downloads/1769900686.json', '/tmp/minio_downloads/1769900687.json', '/tmp/minio_downloads/1769900688.json', '/tmp/minio_downloads/1769900689.json', '/tmp/minio_downloads/1769900690.json', '/tmp/minio_downloads/1769900691.json', '/tmp/minio_downloads/1769900692.json', '/tmp/minio_downloads/1769900693.json', '/tmp/minio_downloads/1769900694.json', '/tmp/minio_downloads/1769900695.json', '/tmp/minio_downloads/1769900696.json', '/tmp/minio_downloads/1769900697.json', '/tmp/minio_downloads/1769900698.json', '/tmp/minio_downloads/1769900699.json', '/tmp/minio_downloads/1769900700.json', '/tmp/minio_downloads/1769900701.json', '/tmp/minio_downloads/1769900702.json', '/tmp/minio_downloads/1769900703.json', '/tmp/minio_downloads/1769900704.json', '/tmp/minio_downloads/1769900705.json', '/tmp/minio_downloads/1769900706.json', '/tmp/minio_downloads/1769900707.json', '/tmp/minio_downloads/1769900708.json', '/tmp/minio_downloads/1769900709.json', '/tmp/minio_downloads/1769900710.json', '/tmp/minio_downloads/1769900711.json', '/tmp/minio_downloads/1769900712.json', '/tmp/minio_downloads/1769900713.json', '/tmp/minio_downloads/1769900714.json', '/tmp/minio_downloads/1769900715.json', '/tmp/minio_downloads/1769900716.json', '/tmp/minio_downloads/1769900717.json', '/tmp/minio_downloads/1769900718.json', '/tmp/minio_downloads/1769900719.json', '/tmp/minio_downloads/1769900720.json', '/tmp/minio_downloads/1769900721.json', '/tmp/minio_downloads/1769900722.json', '/tmp/minio_downloads/1769900723.json', '/tmp/minio_downloads/1769900724.json', '/tmp/minio_downloads/1769900725.json', '/tmp/minio_downloads/1769900726.json', '/tmp/minio_downloads/1769900727.json', '/tmp/minio_downloads/1769900728.json', '/tmp/minio_downloads/1769900729.json', '/tmp/minio_downloads/1769900730.json', '/tmp/minio_downloads/1769900731.json', '/tmp/minio_downloads/1769900732.json', '/tmp/minio_downloads/1769900733.json', '/tmp/minio_downloads/1769900734.json', '/tmp/minio_downloads/1769900735.json', '/tmp/minio_downloads/1769900736.json', '/tmp/minio_downloads/1769900737.json', '/tmp/minio_downloads/1769900738.json', '/tmp/minio_downloads/1769900739.json', '/tmp/minio_downloads/1769900740.json', '/tmp/minio_downloads/1769900741.json', '/tmp/minio_downloads/1769900742.json', '/tmp/minio_downloads/1769900743.json', '/tmp/minio_downloads/1769900744.json', '/tmp/minio_downloads/1769900745.json', '/tmp/minio_downloads/1769900746.json', '/tmp/minio_downloads/1769900747.json', '/tmp/minio_downloads/1769900748.json', '/tmp/minio_downloads/1769900749.json', '/tmp/minio_downloads/1769900750.json', '/tmp/minio_downloads/1769900751.json', '/tmp/minio_downloads/1769900752.json', '/tmp/minio_downloads/1769900753.json', '/tmp/minio_downloads/1769900754.json', '/tmp/minio_downloads/1769900755.json', '/tmp/minio_downloads/1769900756.json', '/tmp/minio_downloads/1769900757.json', '/tmp/minio_downloads/1769900758.json', '/tmp/minio_downloads/1769900759.json', '/tmp/minio_downloads/1769900760.json', '/tmp/minio_downloads/1769900761.json', '/tmp/minio_downloads/1769900762.json', '/tmp/minio_downloads/1769900763.json', '/tmp/minio_downloads/1769900764.json', '/tmp/minio_downloads/1769900765.json', '/tmp/minio_downloads/1769900766.json']
[2026-02-03T23:13:21.965+0000] {taskinstance.py:441} INFO - ::group::Post task execution logs
[2026-02-03T23:13:21.985+0000] {taskinstance.py:1206} INFO - Marking task as SUCCESS. dag_id=minio_to_snowflake, task_id=download_minio, run_id=scheduled__2026-02-03T23:12:00+00:00, execution_date=20260203T231200, start_date=20260203T231319, end_date=20260203T231321
[2026-02-03T23:13:22.012+0000] {local_task_job_runner.py:243} INFO - Task exited with return code 0
[2026-02-03T23:13:22.027+0000] {taskinstance.py:3503} INFO - 1 downstream tasks scheduled from follow-on schedule check
[2026-02-03T23:13:22.030+0000] {local_task_job_runner.py:222} INFO - ::endgroup::
